[2023-03-08T03:17:53.872+0000] {processor.py:153} INFO - Started process (PID=12217) to work on /home/airflow/.local/lib/python3.7/site-packages/airflow/example_dags/example_sla_dag.py
[2023-03-08T03:17:53.877+0000] {processor.py:743} INFO - Processing file /home/airflow/.local/lib/python3.7/site-packages/airflow/example_dags/example_sla_dag.py for tasks to queue
[2023-03-08T03:17:53.879+0000] {logging_mixin.py:137} INFO - [2023-03-08T03:17:53.879+0000] {dagbag.py:538} INFO - Filling up the DagBag from /home/airflow/.local/lib/python3.7/site-packages/airflow/example_dags/example_sla_dag.py
[2023-03-08T03:17:53.944+0000] {processor.py:753} INFO - DAG(s) dict_keys(['example_sla_dag']) retrieved from /home/airflow/.local/lib/python3.7/site-packages/airflow/example_dags/example_sla_dag.py
[2023-03-08T03:17:54.015+0000] {logging_mixin.py:137} INFO - [2023-03-08T03:17:54.014+0000] {dag.py:2690} INFO - Sync 1 DAGs
[2023-03-08T03:17:54.072+0000] {logging_mixin.py:137} INFO - [2023-03-08T03:17:54.072+0000] {dag.py:3441} INFO - Setting next_dagrun for example_sla_dag to 2023-03-08T03:14:00+00:00, run_after=2023-03-08T03:16:00+00:00
[2023-03-08T03:17:54.125+0000] {processor.py:175} INFO - Processing /home/airflow/.local/lib/python3.7/site-packages/airflow/example_dags/example_sla_dag.py took 0.257 seconds
[2023-03-08T11:56:37.053+0000] {processor.py:153} INFO - Started process (PID=12312) to work on /home/airflow/.local/lib/python3.7/site-packages/airflow/example_dags/example_sla_dag.py
[2023-03-08T11:56:37.144+0000] {processor.py:743} INFO - Processing file /home/airflow/.local/lib/python3.7/site-packages/airflow/example_dags/example_sla_dag.py for tasks to queue
[2023-03-08T11:56:37.286+0000] {logging_mixin.py:137} INFO - [2023-03-08T11:56:37.177+0000] {dagbag.py:538} INFO - Filling up the DagBag from /home/airflow/.local/lib/python3.7/site-packages/airflow/example_dags/example_sla_dag.py
[2023-03-08T11:56:37.979+0000] {processor.py:753} INFO - DAG(s) dict_keys(['example_sla_dag']) retrieved from /home/airflow/.local/lib/python3.7/site-packages/airflow/example_dags/example_sla_dag.py
[2023-03-08T11:56:38.258+0000] {logging_mixin.py:137} INFO - [2023-03-08T11:56:38.257+0000] {dag.py:2690} INFO - Sync 1 DAGs
[2023-03-08T11:56:38.592+0000] {logging_mixin.py:137} INFO - [2023-03-08T11:56:38.586+0000] {dag.py:3441} INFO - Setting next_dagrun for example_sla_dag to 2023-03-08T11:54:00+00:00, run_after=2023-03-08T11:56:00+00:00
[2023-03-08T11:56:38.768+0000] {processor.py:175} INFO - Processing /home/airflow/.local/lib/python3.7/site-packages/airflow/example_dags/example_sla_dag.py took 1.792 seconds
[2023-03-08T11:57:09.031+0000] {processor.py:153} INFO - Started process (PID=12364) to work on /home/airflow/.local/lib/python3.7/site-packages/airflow/example_dags/example_sla_dag.py
[2023-03-08T11:57:09.035+0000] {processor.py:743} INFO - Processing file /home/airflow/.local/lib/python3.7/site-packages/airflow/example_dags/example_sla_dag.py for tasks to queue
[2023-03-08T11:57:09.038+0000] {logging_mixin.py:137} INFO - [2023-03-08T11:57:09.037+0000] {dagbag.py:538} INFO - Filling up the DagBag from /home/airflow/.local/lib/python3.7/site-packages/airflow/example_dags/example_sla_dag.py
[2023-03-08T11:57:09.073+0000] {processor.py:753} INFO - DAG(s) dict_keys(['example_sla_dag']) retrieved from /home/airflow/.local/lib/python3.7/site-packages/airflow/example_dags/example_sla_dag.py
[2023-03-08T11:57:09.114+0000] {logging_mixin.py:137} INFO - [2023-03-08T11:57:09.114+0000] {dag.py:2690} INFO - Sync 1 DAGs
[2023-03-08T11:57:09.149+0000] {logging_mixin.py:137} INFO - [2023-03-08T11:57:09.149+0000] {dag.py:3441} INFO - Setting next_dagrun for example_sla_dag to 2023-03-08T11:54:00+00:00, run_after=2023-03-08T11:56:00+00:00
[2023-03-08T11:57:09.182+0000] {processor.py:175} INFO - Processing /home/airflow/.local/lib/python3.7/site-packages/airflow/example_dags/example_sla_dag.py took 0.156 seconds
[2023-03-08T11:57:39.662+0000] {processor.py:153} INFO - Started process (PID=12423) to work on /home/airflow/.local/lib/python3.7/site-packages/airflow/example_dags/example_sla_dag.py
[2023-03-08T11:57:39.668+0000] {processor.py:743} INFO - Processing file /home/airflow/.local/lib/python3.7/site-packages/airflow/example_dags/example_sla_dag.py for tasks to queue
[2023-03-08T11:57:39.672+0000] {logging_mixin.py:137} INFO - [2023-03-08T11:57:39.671+0000] {dagbag.py:538} INFO - Filling up the DagBag from /home/airflow/.local/lib/python3.7/site-packages/airflow/example_dags/example_sla_dag.py
[2023-03-08T11:57:39.727+0000] {processor.py:753} INFO - DAG(s) dict_keys(['example_sla_dag']) retrieved from /home/airflow/.local/lib/python3.7/site-packages/airflow/example_dags/example_sla_dag.py
[2023-03-08T11:57:39.772+0000] {logging_mixin.py:137} INFO - [2023-03-08T11:57:39.772+0000] {dag.py:2690} INFO - Sync 1 DAGs
[2023-03-08T11:57:39.818+0000] {logging_mixin.py:137} INFO - [2023-03-08T11:57:39.818+0000] {dag.py:3441} INFO - Setting next_dagrun for example_sla_dag to 2023-03-08T11:54:00+00:00, run_after=2023-03-08T11:56:00+00:00
[2023-03-08T11:57:39.853+0000] {processor.py:175} INFO - Processing /home/airflow/.local/lib/python3.7/site-packages/airflow/example_dags/example_sla_dag.py took 0.205 seconds
[2023-03-08T11:58:10.283+0000] {processor.py:153} INFO - Started process (PID=12482) to work on /home/airflow/.local/lib/python3.7/site-packages/airflow/example_dags/example_sla_dag.py
[2023-03-08T11:58:10.286+0000] {processor.py:743} INFO - Processing file /home/airflow/.local/lib/python3.7/site-packages/airflow/example_dags/example_sla_dag.py for tasks to queue
[2023-03-08T11:58:10.289+0000] {logging_mixin.py:137} INFO - [2023-03-08T11:58:10.288+0000] {dagbag.py:538} INFO - Filling up the DagBag from /home/airflow/.local/lib/python3.7/site-packages/airflow/example_dags/example_sla_dag.py
[2023-03-08T11:58:10.330+0000] {processor.py:753} INFO - DAG(s) dict_keys(['example_sla_dag']) retrieved from /home/airflow/.local/lib/python3.7/site-packages/airflow/example_dags/example_sla_dag.py
[2023-03-08T11:58:10.373+0000] {logging_mixin.py:137} INFO - [2023-03-08T11:58:10.372+0000] {dag.py:2690} INFO - Sync 1 DAGs
[2023-03-08T11:58:10.413+0000] {logging_mixin.py:137} INFO - [2023-03-08T11:58:10.413+0000] {dag.py:3441} INFO - Setting next_dagrun for example_sla_dag to 2023-03-08T11:56:00+00:00, run_after=2023-03-08T11:58:00+00:00
[2023-03-08T11:58:10.449+0000] {processor.py:175} INFO - Processing /home/airflow/.local/lib/python3.7/site-packages/airflow/example_dags/example_sla_dag.py took 0.171 seconds
[2023-03-08T11:58:40.711+0000] {processor.py:153} INFO - Started process (PID=12540) to work on /home/airflow/.local/lib/python3.7/site-packages/airflow/example_dags/example_sla_dag.py
[2023-03-08T11:58:40.717+0000] {processor.py:743} INFO - Processing file /home/airflow/.local/lib/python3.7/site-packages/airflow/example_dags/example_sla_dag.py for tasks to queue
[2023-03-08T11:58:40.721+0000] {logging_mixin.py:137} INFO - [2023-03-08T11:58:40.721+0000] {dagbag.py:538} INFO - Filling up the DagBag from /home/airflow/.local/lib/python3.7/site-packages/airflow/example_dags/example_sla_dag.py
[2023-03-08T11:58:40.756+0000] {processor.py:753} INFO - DAG(s) dict_keys(['example_sla_dag']) retrieved from /home/airflow/.local/lib/python3.7/site-packages/airflow/example_dags/example_sla_dag.py
[2023-03-08T11:58:40.794+0000] {logging_mixin.py:137} INFO - [2023-03-08T11:58:40.794+0000] {dag.py:2690} INFO - Sync 1 DAGs
[2023-03-08T11:58:40.829+0000] {logging_mixin.py:137} INFO - [2023-03-08T11:58:40.829+0000] {dag.py:3441} INFO - Setting next_dagrun for example_sla_dag to 2023-03-08T11:56:00+00:00, run_after=2023-03-08T11:58:00+00:00
[2023-03-08T11:58:40.857+0000] {processor.py:175} INFO - Processing /home/airflow/.local/lib/python3.7/site-packages/airflow/example_dags/example_sla_dag.py took 0.153 seconds
[2023-03-08T11:59:11.618+0000] {processor.py:153} INFO - Started process (PID=12607) to work on /home/airflow/.local/lib/python3.7/site-packages/airflow/example_dags/example_sla_dag.py
[2023-03-08T11:59:11.622+0000] {processor.py:743} INFO - Processing file /home/airflow/.local/lib/python3.7/site-packages/airflow/example_dags/example_sla_dag.py for tasks to queue
[2023-03-08T11:59:11.626+0000] {logging_mixin.py:137} INFO - [2023-03-08T11:59:11.626+0000] {dagbag.py:538} INFO - Filling up the DagBag from /home/airflow/.local/lib/python3.7/site-packages/airflow/example_dags/example_sla_dag.py
[2023-03-08T11:59:11.672+0000] {processor.py:753} INFO - DAG(s) dict_keys(['example_sla_dag']) retrieved from /home/airflow/.local/lib/python3.7/site-packages/airflow/example_dags/example_sla_dag.py
[2023-03-08T11:59:11.732+0000] {logging_mixin.py:137} INFO - [2023-03-08T11:59:11.732+0000] {dag.py:2690} INFO - Sync 1 DAGs
[2023-03-08T11:59:11.776+0000] {logging_mixin.py:137} INFO - [2023-03-08T11:59:11.775+0000] {dag.py:3441} INFO - Setting next_dagrun for example_sla_dag to 2023-03-08T11:56:00+00:00, run_after=2023-03-08T11:58:00+00:00
[2023-03-08T11:59:11.809+0000] {processor.py:175} INFO - Processing /home/airflow/.local/lib/python3.7/site-packages/airflow/example_dags/example_sla_dag.py took 0.199 seconds
[2023-03-08T11:59:42.404+0000] {processor.py:153} INFO - Started process (PID=12666) to work on /home/airflow/.local/lib/python3.7/site-packages/airflow/example_dags/example_sla_dag.py
[2023-03-08T11:59:42.406+0000] {processor.py:743} INFO - Processing file /home/airflow/.local/lib/python3.7/site-packages/airflow/example_dags/example_sla_dag.py for tasks to queue
[2023-03-08T11:59:42.409+0000] {logging_mixin.py:137} INFO - [2023-03-08T11:59:42.409+0000] {dagbag.py:538} INFO - Filling up the DagBag from /home/airflow/.local/lib/python3.7/site-packages/airflow/example_dags/example_sla_dag.py
[2023-03-08T11:59:42.446+0000] {processor.py:753} INFO - DAG(s) dict_keys(['example_sla_dag']) retrieved from /home/airflow/.local/lib/python3.7/site-packages/airflow/example_dags/example_sla_dag.py
[2023-03-08T11:59:42.482+0000] {logging_mixin.py:137} INFO - [2023-03-08T11:59:42.482+0000] {dag.py:2690} INFO - Sync 1 DAGs
[2023-03-08T11:59:42.517+0000] {logging_mixin.py:137} INFO - [2023-03-08T11:59:42.517+0000] {dag.py:3441} INFO - Setting next_dagrun for example_sla_dag to 2023-03-08T11:56:00+00:00, run_after=2023-03-08T11:58:00+00:00
[2023-03-08T11:59:42.544+0000] {processor.py:175} INFO - Processing /home/airflow/.local/lib/python3.7/site-packages/airflow/example_dags/example_sla_dag.py took 0.147 seconds
[2023-03-08T12:00:12.747+0000] {processor.py:153} INFO - Started process (PID=12724) to work on /home/airflow/.local/lib/python3.7/site-packages/airflow/example_dags/example_sla_dag.py
[2023-03-08T12:00:12.750+0000] {processor.py:743} INFO - Processing file /home/airflow/.local/lib/python3.7/site-packages/airflow/example_dags/example_sla_dag.py for tasks to queue
[2023-03-08T12:00:12.754+0000] {logging_mixin.py:137} INFO - [2023-03-08T12:00:12.754+0000] {dagbag.py:538} INFO - Filling up the DagBag from /home/airflow/.local/lib/python3.7/site-packages/airflow/example_dags/example_sla_dag.py
[2023-03-08T12:00:12.782+0000] {processor.py:753} INFO - DAG(s) dict_keys(['example_sla_dag']) retrieved from /home/airflow/.local/lib/python3.7/site-packages/airflow/example_dags/example_sla_dag.py
[2023-03-08T12:00:12.814+0000] {logging_mixin.py:137} INFO - [2023-03-08T12:00:12.813+0000] {dag.py:2690} INFO - Sync 1 DAGs
[2023-03-08T12:00:12.844+0000] {logging_mixin.py:137} INFO - [2023-03-08T12:00:12.844+0000] {dag.py:3441} INFO - Setting next_dagrun for example_sla_dag to 2023-03-08T11:58:00+00:00, run_after=2023-03-08T12:00:00+00:00
[2023-03-08T12:00:12.871+0000] {processor.py:175} INFO - Processing /home/airflow/.local/lib/python3.7/site-packages/airflow/example_dags/example_sla_dag.py took 0.130 seconds
[2023-03-08T12:00:43.043+0000] {processor.py:153} INFO - Started process (PID=12781) to work on /home/airflow/.local/lib/python3.7/site-packages/airflow/example_dags/example_sla_dag.py
[2023-03-08T12:00:43.045+0000] {processor.py:743} INFO - Processing file /home/airflow/.local/lib/python3.7/site-packages/airflow/example_dags/example_sla_dag.py for tasks to queue
[2023-03-08T12:00:43.048+0000] {logging_mixin.py:137} INFO - [2023-03-08T12:00:43.048+0000] {dagbag.py:538} INFO - Filling up the DagBag from /home/airflow/.local/lib/python3.7/site-packages/airflow/example_dags/example_sla_dag.py
[2023-03-08T12:00:43.083+0000] {processor.py:753} INFO - DAG(s) dict_keys(['example_sla_dag']) retrieved from /home/airflow/.local/lib/python3.7/site-packages/airflow/example_dags/example_sla_dag.py
[2023-03-08T12:00:43.120+0000] {logging_mixin.py:137} INFO - [2023-03-08T12:00:43.120+0000] {dag.py:2690} INFO - Sync 1 DAGs
[2023-03-08T12:00:43.163+0000] {logging_mixin.py:137} INFO - [2023-03-08T12:00:43.163+0000] {dag.py:3441} INFO - Setting next_dagrun for example_sla_dag to 2023-03-08T11:58:00+00:00, run_after=2023-03-08T12:00:00+00:00
[2023-03-08T12:00:43.211+0000] {processor.py:175} INFO - Processing /home/airflow/.local/lib/python3.7/site-packages/airflow/example_dags/example_sla_dag.py took 0.174 seconds
[2023-03-08T12:01:14.106+0000] {processor.py:153} INFO - Started process (PID=12847) to work on /home/airflow/.local/lib/python3.7/site-packages/airflow/example_dags/example_sla_dag.py
[2023-03-08T12:01:14.111+0000] {processor.py:743} INFO - Processing file /home/airflow/.local/lib/python3.7/site-packages/airflow/example_dags/example_sla_dag.py for tasks to queue
[2023-03-08T12:01:14.114+0000] {logging_mixin.py:137} INFO - [2023-03-08T12:01:14.113+0000] {dagbag.py:538} INFO - Filling up the DagBag from /home/airflow/.local/lib/python3.7/site-packages/airflow/example_dags/example_sla_dag.py
[2023-03-08T12:01:14.184+0000] {processor.py:753} INFO - DAG(s) dict_keys(['example_sla_dag']) retrieved from /home/airflow/.local/lib/python3.7/site-packages/airflow/example_dags/example_sla_dag.py
[2023-03-08T12:01:14.256+0000] {logging_mixin.py:137} INFO - [2023-03-08T12:01:14.255+0000] {dag.py:2690} INFO - Sync 1 DAGs
[2023-03-08T12:01:14.313+0000] {logging_mixin.py:137} INFO - [2023-03-08T12:01:14.313+0000] {dag.py:3441} INFO - Setting next_dagrun for example_sla_dag to 2023-03-08T11:58:00+00:00, run_after=2023-03-08T12:00:00+00:00
[2023-03-08T12:01:14.365+0000] {processor.py:175} INFO - Processing /home/airflow/.local/lib/python3.7/site-packages/airflow/example_dags/example_sla_dag.py took 0.268 seconds
[2023-03-08T12:01:44.734+0000] {processor.py:153} INFO - Started process (PID=12907) to work on /home/airflow/.local/lib/python3.7/site-packages/airflow/example_dags/example_sla_dag.py
[2023-03-08T12:01:44.737+0000] {processor.py:743} INFO - Processing file /home/airflow/.local/lib/python3.7/site-packages/airflow/example_dags/example_sla_dag.py for tasks to queue
[2023-03-08T12:01:44.739+0000] {logging_mixin.py:137} INFO - [2023-03-08T12:01:44.738+0000] {dagbag.py:538} INFO - Filling up the DagBag from /home/airflow/.local/lib/python3.7/site-packages/airflow/example_dags/example_sla_dag.py
[2023-03-08T12:01:44.767+0000] {processor.py:753} INFO - DAG(s) dict_keys(['example_sla_dag']) retrieved from /home/airflow/.local/lib/python3.7/site-packages/airflow/example_dags/example_sla_dag.py
[2023-03-08T12:01:44.801+0000] {logging_mixin.py:137} INFO - [2023-03-08T12:01:44.801+0000] {dag.py:2690} INFO - Sync 1 DAGs
[2023-03-08T12:01:44.832+0000] {logging_mixin.py:137} INFO - [2023-03-08T12:01:44.832+0000] {dag.py:3441} INFO - Setting next_dagrun for example_sla_dag to 2023-03-08T11:58:00+00:00, run_after=2023-03-08T12:00:00+00:00
[2023-03-08T12:01:44.857+0000] {processor.py:175} INFO - Processing /home/airflow/.local/lib/python3.7/site-packages/airflow/example_dags/example_sla_dag.py took 0.129 seconds
[2023-03-08T12:02:14.942+0000] {processor.py:153} INFO - Started process (PID=12964) to work on /home/airflow/.local/lib/python3.7/site-packages/airflow/example_dags/example_sla_dag.py
[2023-03-08T12:02:14.944+0000] {processor.py:743} INFO - Processing file /home/airflow/.local/lib/python3.7/site-packages/airflow/example_dags/example_sla_dag.py for tasks to queue
[2023-03-08T12:02:14.947+0000] {logging_mixin.py:137} INFO - [2023-03-08T12:02:14.947+0000] {dagbag.py:538} INFO - Filling up the DagBag from /home/airflow/.local/lib/python3.7/site-packages/airflow/example_dags/example_sla_dag.py
[2023-03-08T12:02:14.982+0000] {processor.py:753} INFO - DAG(s) dict_keys(['example_sla_dag']) retrieved from /home/airflow/.local/lib/python3.7/site-packages/airflow/example_dags/example_sla_dag.py
[2023-03-08T12:02:15.023+0000] {logging_mixin.py:137} INFO - [2023-03-08T12:02:15.022+0000] {dag.py:2690} INFO - Sync 1 DAGs
[2023-03-08T12:02:15.063+0000] {logging_mixin.py:137} INFO - [2023-03-08T12:02:15.063+0000] {dag.py:3441} INFO - Setting next_dagrun for example_sla_dag to 2023-03-08T12:00:00+00:00, run_after=2023-03-08T12:02:00+00:00
[2023-03-08T12:02:15.095+0000] {processor.py:175} INFO - Processing /home/airflow/.local/lib/python3.7/site-packages/airflow/example_dags/example_sla_dag.py took 0.161 seconds
[2023-03-08T12:02:45.228+0000] {processor.py:153} INFO - Started process (PID=13029) to work on /home/airflow/.local/lib/python3.7/site-packages/airflow/example_dags/example_sla_dag.py
[2023-03-08T12:02:45.237+0000] {processor.py:743} INFO - Processing file /home/airflow/.local/lib/python3.7/site-packages/airflow/example_dags/example_sla_dag.py for tasks to queue
[2023-03-08T12:02:45.240+0000] {logging_mixin.py:137} INFO - [2023-03-08T12:02:45.240+0000] {dagbag.py:538} INFO - Filling up the DagBag from /home/airflow/.local/lib/python3.7/site-packages/airflow/example_dags/example_sla_dag.py
[2023-03-08T12:02:45.301+0000] {processor.py:753} INFO - DAG(s) dict_keys(['example_sla_dag']) retrieved from /home/airflow/.local/lib/python3.7/site-packages/airflow/example_dags/example_sla_dag.py
[2023-03-08T12:02:45.372+0000] {logging_mixin.py:137} INFO - [2023-03-08T12:02:45.372+0000] {dag.py:2690} INFO - Sync 1 DAGs
[2023-03-08T12:02:45.425+0000] {logging_mixin.py:137} INFO - [2023-03-08T12:02:45.425+0000] {dag.py:3441} INFO - Setting next_dagrun for example_sla_dag to 2023-03-08T12:00:00+00:00, run_after=2023-03-08T12:02:00+00:00
[2023-03-08T12:02:45.478+0000] {processor.py:175} INFO - Processing /home/airflow/.local/lib/python3.7/site-packages/airflow/example_dags/example_sla_dag.py took 0.260 seconds
[2023-03-08T12:03:15.546+0000] {processor.py:153} INFO - Started process (PID=13091) to work on /home/airflow/.local/lib/python3.7/site-packages/airflow/example_dags/example_sla_dag.py
[2023-03-08T12:03:15.549+0000] {processor.py:743} INFO - Processing file /home/airflow/.local/lib/python3.7/site-packages/airflow/example_dags/example_sla_dag.py for tasks to queue
[2023-03-08T12:03:15.552+0000] {logging_mixin.py:137} INFO - [2023-03-08T12:03:15.551+0000] {dagbag.py:538} INFO - Filling up the DagBag from /home/airflow/.local/lib/python3.7/site-packages/airflow/example_dags/example_sla_dag.py
[2023-03-08T12:03:15.595+0000] {processor.py:753} INFO - DAG(s) dict_keys(['example_sla_dag']) retrieved from /home/airflow/.local/lib/python3.7/site-packages/airflow/example_dags/example_sla_dag.py
[2023-03-08T12:03:15.645+0000] {logging_mixin.py:137} INFO - [2023-03-08T12:03:15.644+0000] {dag.py:2690} INFO - Sync 1 DAGs
[2023-03-08T12:03:15.745+0000] {logging_mixin.py:137} INFO - [2023-03-08T12:03:15.745+0000] {dag.py:3441} INFO - Setting next_dagrun for example_sla_dag to 2023-03-08T12:00:00+00:00, run_after=2023-03-08T12:02:00+00:00
[2023-03-08T12:03:15.781+0000] {processor.py:175} INFO - Processing /home/airflow/.local/lib/python3.7/site-packages/airflow/example_dags/example_sla_dag.py took 0.240 seconds
[2023-03-08T12:03:46.009+0000] {processor.py:153} INFO - Started process (PID=13150) to work on /home/airflow/.local/lib/python3.7/site-packages/airflow/example_dags/example_sla_dag.py
[2023-03-08T12:03:46.011+0000] {processor.py:743} INFO - Processing file /home/airflow/.local/lib/python3.7/site-packages/airflow/example_dags/example_sla_dag.py for tasks to queue
[2023-03-08T12:03:46.015+0000] {logging_mixin.py:137} INFO - [2023-03-08T12:03:46.014+0000] {dagbag.py:538} INFO - Filling up the DagBag from /home/airflow/.local/lib/python3.7/site-packages/airflow/example_dags/example_sla_dag.py
[2023-03-08T12:03:46.048+0000] {processor.py:753} INFO - DAG(s) dict_keys(['example_sla_dag']) retrieved from /home/airflow/.local/lib/python3.7/site-packages/airflow/example_dags/example_sla_dag.py
[2023-03-08T12:03:46.086+0000] {logging_mixin.py:137} INFO - [2023-03-08T12:03:46.086+0000] {dag.py:2690} INFO - Sync 1 DAGs
[2023-03-08T12:03:46.126+0000] {logging_mixin.py:137} INFO - [2023-03-08T12:03:46.126+0000] {dag.py:3441} INFO - Setting next_dagrun for example_sla_dag to 2023-03-08T12:00:00+00:00, run_after=2023-03-08T12:02:00+00:00
[2023-03-08T12:03:46.157+0000] {processor.py:175} INFO - Processing /home/airflow/.local/lib/python3.7/site-packages/airflow/example_dags/example_sla_dag.py took 0.155 seconds
[2023-03-08T12:04:16.603+0000] {processor.py:153} INFO - Started process (PID=13218) to work on /home/airflow/.local/lib/python3.7/site-packages/airflow/example_dags/example_sla_dag.py
[2023-03-08T12:04:16.606+0000] {processor.py:743} INFO - Processing file /home/airflow/.local/lib/python3.7/site-packages/airflow/example_dags/example_sla_dag.py for tasks to queue
[2023-03-08T12:04:16.610+0000] {logging_mixin.py:137} INFO - [2023-03-08T12:04:16.610+0000] {dagbag.py:538} INFO - Filling up the DagBag from /home/airflow/.local/lib/python3.7/site-packages/airflow/example_dags/example_sla_dag.py
[2023-03-08T12:04:16.677+0000] {processor.py:753} INFO - DAG(s) dict_keys(['example_sla_dag']) retrieved from /home/airflow/.local/lib/python3.7/site-packages/airflow/example_dags/example_sla_dag.py
[2023-03-08T12:04:16.754+0000] {logging_mixin.py:137} INFO - [2023-03-08T12:04:16.753+0000] {dag.py:2690} INFO - Sync 1 DAGs
[2023-03-08T12:04:16.794+0000] {logging_mixin.py:137} INFO - [2023-03-08T12:04:16.793+0000] {dag.py:3441} INFO - Setting next_dagrun for example_sla_dag to 2023-03-08T12:02:00+00:00, run_after=2023-03-08T12:04:00+00:00
[2023-03-08T12:04:16.827+0000] {processor.py:175} INFO - Processing /home/airflow/.local/lib/python3.7/site-packages/airflow/example_dags/example_sla_dag.py took 0.232 seconds
[2023-03-08T12:04:46.910+0000] {processor.py:153} INFO - Started process (PID=13277) to work on /home/airflow/.local/lib/python3.7/site-packages/airflow/example_dags/example_sla_dag.py
[2023-03-08T12:04:46.912+0000] {processor.py:743} INFO - Processing file /home/airflow/.local/lib/python3.7/site-packages/airflow/example_dags/example_sla_dag.py for tasks to queue
[2023-03-08T12:04:46.916+0000] {logging_mixin.py:137} INFO - [2023-03-08T12:04:46.916+0000] {dagbag.py:538} INFO - Filling up the DagBag from /home/airflow/.local/lib/python3.7/site-packages/airflow/example_dags/example_sla_dag.py
[2023-03-08T12:04:46.951+0000] {processor.py:753} INFO - DAG(s) dict_keys(['example_sla_dag']) retrieved from /home/airflow/.local/lib/python3.7/site-packages/airflow/example_dags/example_sla_dag.py
[2023-03-08T12:04:46.987+0000] {logging_mixin.py:137} INFO - [2023-03-08T12:04:46.987+0000] {dag.py:2690} INFO - Sync 1 DAGs
[2023-03-08T12:04:47.019+0000] {logging_mixin.py:137} INFO - [2023-03-08T12:04:47.019+0000] {dag.py:3441} INFO - Setting next_dagrun for example_sla_dag to 2023-03-08T12:02:00+00:00, run_after=2023-03-08T12:04:00+00:00
[2023-03-08T12:04:47.048+0000] {processor.py:175} INFO - Processing /home/airflow/.local/lib/python3.7/site-packages/airflow/example_dags/example_sla_dag.py took 0.142 seconds
[2023-03-08T12:05:17.108+0000] {processor.py:153} INFO - Started process (PID=13334) to work on /home/airflow/.local/lib/python3.7/site-packages/airflow/example_dags/example_sla_dag.py
[2023-03-08T12:05:17.111+0000] {processor.py:743} INFO - Processing file /home/airflow/.local/lib/python3.7/site-packages/airflow/example_dags/example_sla_dag.py for tasks to queue
[2023-03-08T12:05:17.115+0000] {logging_mixin.py:137} INFO - [2023-03-08T12:05:17.114+0000] {dagbag.py:538} INFO - Filling up the DagBag from /home/airflow/.local/lib/python3.7/site-packages/airflow/example_dags/example_sla_dag.py
[2023-03-08T12:05:17.157+0000] {processor.py:753} INFO - DAG(s) dict_keys(['example_sla_dag']) retrieved from /home/airflow/.local/lib/python3.7/site-packages/airflow/example_dags/example_sla_dag.py
[2023-03-08T12:05:17.199+0000] {logging_mixin.py:137} INFO - [2023-03-08T12:05:17.199+0000] {dag.py:2690} INFO - Sync 1 DAGs
[2023-03-08T12:05:17.346+0000] {logging_mixin.py:137} INFO - [2023-03-08T12:05:17.346+0000] {dag.py:3441} INFO - Setting next_dagrun for example_sla_dag to 2023-03-08T12:02:00+00:00, run_after=2023-03-08T12:04:00+00:00
[2023-03-08T12:05:17.398+0000] {processor.py:175} INFO - Processing /home/airflow/.local/lib/python3.7/site-packages/airflow/example_dags/example_sla_dag.py took 0.297 seconds
[2023-03-08T12:05:48.036+0000] {processor.py:153} INFO - Started process (PID=13403) to work on /home/airflow/.local/lib/python3.7/site-packages/airflow/example_dags/example_sla_dag.py
[2023-03-08T12:05:48.039+0000] {processor.py:743} INFO - Processing file /home/airflow/.local/lib/python3.7/site-packages/airflow/example_dags/example_sla_dag.py for tasks to queue
[2023-03-08T12:05:48.043+0000] {logging_mixin.py:137} INFO - [2023-03-08T12:05:48.042+0000] {dagbag.py:538} INFO - Filling up the DagBag from /home/airflow/.local/lib/python3.7/site-packages/airflow/example_dags/example_sla_dag.py
[2023-03-08T12:05:48.101+0000] {processor.py:753} INFO - DAG(s) dict_keys(['example_sla_dag']) retrieved from /home/airflow/.local/lib/python3.7/site-packages/airflow/example_dags/example_sla_dag.py
[2023-03-08T12:05:48.143+0000] {logging_mixin.py:137} INFO - [2023-03-08T12:05:48.142+0000] {dag.py:2690} INFO - Sync 1 DAGs
[2023-03-08T12:05:48.188+0000] {logging_mixin.py:137} INFO - [2023-03-08T12:05:48.188+0000] {dag.py:3441} INFO - Setting next_dagrun for example_sla_dag to 2023-03-08T12:02:00+00:00, run_after=2023-03-08T12:04:00+00:00
[2023-03-08T12:05:48.246+0000] {processor.py:175} INFO - Processing /home/airflow/.local/lib/python3.7/site-packages/airflow/example_dags/example_sla_dag.py took 0.220 seconds
[2023-03-08T12:06:18.822+0000] {processor.py:153} INFO - Started process (PID=13461) to work on /home/airflow/.local/lib/python3.7/site-packages/airflow/example_dags/example_sla_dag.py
[2023-03-08T12:06:18.826+0000] {processor.py:743} INFO - Processing file /home/airflow/.local/lib/python3.7/site-packages/airflow/example_dags/example_sla_dag.py for tasks to queue
[2023-03-08T12:06:18.833+0000] {logging_mixin.py:137} INFO - [2023-03-08T12:06:18.832+0000] {dagbag.py:538} INFO - Filling up the DagBag from /home/airflow/.local/lib/python3.7/site-packages/airflow/example_dags/example_sla_dag.py
[2023-03-08T12:06:18.924+0000] {processor.py:753} INFO - DAG(s) dict_keys(['example_sla_dag']) retrieved from /home/airflow/.local/lib/python3.7/site-packages/airflow/example_dags/example_sla_dag.py
[2023-03-08T12:06:19.004+0000] {logging_mixin.py:137} INFO - [2023-03-08T12:06:19.002+0000] {dag.py:2690} INFO - Sync 1 DAGs
[2023-03-08T12:06:19.087+0000] {logging_mixin.py:137} INFO - [2023-03-08T12:06:19.086+0000] {dag.py:3441} INFO - Setting next_dagrun for example_sla_dag to 2023-03-08T12:04:00+00:00, run_after=2023-03-08T12:06:00+00:00
[2023-03-08T12:06:19.145+0000] {processor.py:175} INFO - Processing /home/airflow/.local/lib/python3.7/site-packages/airflow/example_dags/example_sla_dag.py took 0.357 seconds
[2023-03-08T12:06:50.045+0000] {processor.py:153} INFO - Started process (PID=13518) to work on /home/airflow/.local/lib/python3.7/site-packages/airflow/example_dags/example_sla_dag.py
[2023-03-08T12:06:50.049+0000] {processor.py:743} INFO - Processing file /home/airflow/.local/lib/python3.7/site-packages/airflow/example_dags/example_sla_dag.py for tasks to queue
[2023-03-08T12:06:50.054+0000] {logging_mixin.py:137} INFO - [2023-03-08T12:06:50.053+0000] {dagbag.py:538} INFO - Filling up the DagBag from /home/airflow/.local/lib/python3.7/site-packages/airflow/example_dags/example_sla_dag.py
[2023-03-08T12:06:50.183+0000] {processor.py:753} INFO - DAG(s) dict_keys(['example_sla_dag']) retrieved from /home/airflow/.local/lib/python3.7/site-packages/airflow/example_dags/example_sla_dag.py
[2023-03-08T12:06:50.348+0000] {logging_mixin.py:137} INFO - [2023-03-08T12:06:50.348+0000] {dag.py:2690} INFO - Sync 1 DAGs
[2023-03-08T12:06:50.606+0000] {logging_mixin.py:137} INFO - [2023-03-08T12:06:50.599+0000] {dag.py:3441} INFO - Setting next_dagrun for example_sla_dag to 2023-03-08T12:04:00+00:00, run_after=2023-03-08T12:06:00+00:00
[2023-03-08T12:06:50.687+0000] {processor.py:175} INFO - Processing /home/airflow/.local/lib/python3.7/site-packages/airflow/example_dags/example_sla_dag.py took 0.695 seconds
[2023-03-08T12:07:23.105+0000] {processor.py:153} INFO - Started process (PID=13585) to work on /home/airflow/.local/lib/python3.7/site-packages/airflow/example_dags/example_sla_dag.py
[2023-03-08T12:07:23.116+0000] {processor.py:743} INFO - Processing file /home/airflow/.local/lib/python3.7/site-packages/airflow/example_dags/example_sla_dag.py for tasks to queue
[2023-03-08T12:07:23.122+0000] {logging_mixin.py:137} INFO - [2023-03-08T12:07:23.122+0000] {dagbag.py:538} INFO - Filling up the DagBag from /home/airflow/.local/lib/python3.7/site-packages/airflow/example_dags/example_sla_dag.py
[2023-03-08T12:07:23.295+0000] {processor.py:753} INFO - DAG(s) dict_keys(['example_sla_dag']) retrieved from /home/airflow/.local/lib/python3.7/site-packages/airflow/example_dags/example_sla_dag.py
[2023-03-08T12:07:23.486+0000] {logging_mixin.py:137} INFO - [2023-03-08T12:07:23.486+0000] {dag.py:2690} INFO - Sync 1 DAGs
[2023-03-08T12:07:23.677+0000] {logging_mixin.py:137} INFO - [2023-03-08T12:07:23.677+0000] {dag.py:3441} INFO - Setting next_dagrun for example_sla_dag to 2023-03-08T12:04:00+00:00, run_after=2023-03-08T12:06:00+00:00
[2023-03-08T12:07:23.883+0000] {processor.py:175} INFO - Processing /home/airflow/.local/lib/python3.7/site-packages/airflow/example_dags/example_sla_dag.py took 0.809 seconds
[2023-03-08T12:07:54.838+0000] {processor.py:153} INFO - Started process (PID=13645) to work on /home/airflow/.local/lib/python3.7/site-packages/airflow/example_dags/example_sla_dag.py
[2023-03-08T12:07:54.841+0000] {processor.py:743} INFO - Processing file /home/airflow/.local/lib/python3.7/site-packages/airflow/example_dags/example_sla_dag.py for tasks to queue
[2023-03-08T12:07:54.843+0000] {logging_mixin.py:137} INFO - [2023-03-08T12:07:54.843+0000] {dagbag.py:538} INFO - Filling up the DagBag from /home/airflow/.local/lib/python3.7/site-packages/airflow/example_dags/example_sla_dag.py
[2023-03-08T12:07:54.872+0000] {processor.py:753} INFO - DAG(s) dict_keys(['example_sla_dag']) retrieved from /home/airflow/.local/lib/python3.7/site-packages/airflow/example_dags/example_sla_dag.py
[2023-03-08T12:07:54.907+0000] {logging_mixin.py:137} INFO - [2023-03-08T12:07:54.906+0000] {dag.py:2690} INFO - Sync 1 DAGs
[2023-03-08T12:07:54.939+0000] {logging_mixin.py:137} INFO - [2023-03-08T12:07:54.939+0000] {dag.py:3441} INFO - Setting next_dagrun for example_sla_dag to 2023-03-08T12:04:00+00:00, run_after=2023-03-08T12:06:00+00:00
[2023-03-08T12:07:54.967+0000] {processor.py:175} INFO - Processing /home/airflow/.local/lib/python3.7/site-packages/airflow/example_dags/example_sla_dag.py took 0.135 seconds
[2023-03-08T12:08:25.485+0000] {processor.py:153} INFO - Started process (PID=13702) to work on /home/airflow/.local/lib/python3.7/site-packages/airflow/example_dags/example_sla_dag.py
[2023-03-08T12:08:25.487+0000] {processor.py:743} INFO - Processing file /home/airflow/.local/lib/python3.7/site-packages/airflow/example_dags/example_sla_dag.py for tasks to queue
[2023-03-08T12:08:25.489+0000] {logging_mixin.py:137} INFO - [2023-03-08T12:08:25.489+0000] {dagbag.py:538} INFO - Filling up the DagBag from /home/airflow/.local/lib/python3.7/site-packages/airflow/example_dags/example_sla_dag.py
[2023-03-08T12:08:25.517+0000] {processor.py:753} INFO - DAG(s) dict_keys(['example_sla_dag']) retrieved from /home/airflow/.local/lib/python3.7/site-packages/airflow/example_dags/example_sla_dag.py
[2023-03-08T12:08:25.553+0000] {logging_mixin.py:137} INFO - [2023-03-08T12:08:25.553+0000] {dag.py:2690} INFO - Sync 1 DAGs
[2023-03-08T12:08:25.585+0000] {logging_mixin.py:137} INFO - [2023-03-08T12:08:25.585+0000] {dag.py:3441} INFO - Setting next_dagrun for example_sla_dag to 2023-03-08T12:06:00+00:00, run_after=2023-03-08T12:08:00+00:00
[2023-03-08T12:08:25.615+0000] {processor.py:175} INFO - Processing /home/airflow/.local/lib/python3.7/site-packages/airflow/example_dags/example_sla_dag.py took 0.136 seconds
[2023-03-08T12:08:56.553+0000] {processor.py:153} INFO - Started process (PID=13762) to work on /home/airflow/.local/lib/python3.7/site-packages/airflow/example_dags/example_sla_dag.py
[2023-03-08T12:08:56.555+0000] {processor.py:743} INFO - Processing file /home/airflow/.local/lib/python3.7/site-packages/airflow/example_dags/example_sla_dag.py for tasks to queue
[2023-03-08T12:08:56.557+0000] {logging_mixin.py:137} INFO - [2023-03-08T12:08:56.556+0000] {dagbag.py:538} INFO - Filling up the DagBag from /home/airflow/.local/lib/python3.7/site-packages/airflow/example_dags/example_sla_dag.py
[2023-03-08T12:08:56.598+0000] {processor.py:753} INFO - DAG(s) dict_keys(['example_sla_dag']) retrieved from /home/airflow/.local/lib/python3.7/site-packages/airflow/example_dags/example_sla_dag.py
[2023-03-08T12:08:56.634+0000] {logging_mixin.py:137} INFO - [2023-03-08T12:08:56.634+0000] {dag.py:2690} INFO - Sync 1 DAGs
[2023-03-08T12:08:56.673+0000] {logging_mixin.py:137} INFO - [2023-03-08T12:08:56.673+0000] {dag.py:3441} INFO - Setting next_dagrun for example_sla_dag to 2023-03-08T12:06:00+00:00, run_after=2023-03-08T12:08:00+00:00
[2023-03-08T12:08:56.707+0000] {processor.py:175} INFO - Processing /home/airflow/.local/lib/python3.7/site-packages/airflow/example_dags/example_sla_dag.py took 0.161 seconds
[2023-03-08T12:09:26.999+0000] {processor.py:153} INFO - Started process (PID=13830) to work on /home/airflow/.local/lib/python3.7/site-packages/airflow/example_dags/example_sla_dag.py
[2023-03-08T12:09:27.005+0000] {processor.py:743} INFO - Processing file /home/airflow/.local/lib/python3.7/site-packages/airflow/example_dags/example_sla_dag.py for tasks to queue
[2023-03-08T12:09:27.009+0000] {logging_mixin.py:137} INFO - [2023-03-08T12:09:27.009+0000] {dagbag.py:538} INFO - Filling up the DagBag from /home/airflow/.local/lib/python3.7/site-packages/airflow/example_dags/example_sla_dag.py
[2023-03-08T12:09:27.045+0000] {processor.py:753} INFO - DAG(s) dict_keys(['example_sla_dag']) retrieved from /home/airflow/.local/lib/python3.7/site-packages/airflow/example_dags/example_sla_dag.py
[2023-03-08T12:09:27.088+0000] {logging_mixin.py:137} INFO - [2023-03-08T12:09:27.088+0000] {dag.py:2690} INFO - Sync 1 DAGs
[2023-03-08T12:09:27.133+0000] {logging_mixin.py:137} INFO - [2023-03-08T12:09:27.132+0000] {dag.py:3441} INFO - Setting next_dagrun for example_sla_dag to 2023-03-08T12:06:00+00:00, run_after=2023-03-08T12:08:00+00:00
[2023-03-08T12:09:27.169+0000] {processor.py:175} INFO - Processing /home/airflow/.local/lib/python3.7/site-packages/airflow/example_dags/example_sla_dag.py took 0.178 seconds
[2023-03-08T12:09:57.403+0000] {processor.py:153} INFO - Started process (PID=13889) to work on /home/airflow/.local/lib/python3.7/site-packages/airflow/example_dags/example_sla_dag.py
[2023-03-08T12:09:57.405+0000] {processor.py:743} INFO - Processing file /home/airflow/.local/lib/python3.7/site-packages/airflow/example_dags/example_sla_dag.py for tasks to queue
[2023-03-08T12:09:57.408+0000] {logging_mixin.py:137} INFO - [2023-03-08T12:09:57.407+0000] {dagbag.py:538} INFO - Filling up the DagBag from /home/airflow/.local/lib/python3.7/site-packages/airflow/example_dags/example_sla_dag.py
[2023-03-08T12:09:57.437+0000] {processor.py:753} INFO - DAG(s) dict_keys(['example_sla_dag']) retrieved from /home/airflow/.local/lib/python3.7/site-packages/airflow/example_dags/example_sla_dag.py
[2023-03-08T12:09:57.469+0000] {logging_mixin.py:137} INFO - [2023-03-08T12:09:57.469+0000] {dag.py:2690} INFO - Sync 1 DAGs
[2023-03-08T12:09:57.500+0000] {logging_mixin.py:137} INFO - [2023-03-08T12:09:57.500+0000] {dag.py:3441} INFO - Setting next_dagrun for example_sla_dag to 2023-03-08T12:06:00+00:00, run_after=2023-03-08T12:08:00+00:00
[2023-03-08T12:09:57.525+0000] {processor.py:175} INFO - Processing /home/airflow/.local/lib/python3.7/site-packages/airflow/example_dags/example_sla_dag.py took 0.128 seconds
[2023-03-08T12:10:28.022+0000] {processor.py:153} INFO - Started process (PID=13957) to work on /home/airflow/.local/lib/python3.7/site-packages/airflow/example_dags/example_sla_dag.py
[2023-03-08T12:10:28.025+0000] {processor.py:743} INFO - Processing file /home/airflow/.local/lib/python3.7/site-packages/airflow/example_dags/example_sla_dag.py for tasks to queue
[2023-03-08T12:10:28.028+0000] {logging_mixin.py:137} INFO - [2023-03-08T12:10:28.027+0000] {dagbag.py:538} INFO - Filling up the DagBag from /home/airflow/.local/lib/python3.7/site-packages/airflow/example_dags/example_sla_dag.py
[2023-03-08T12:10:28.070+0000] {processor.py:753} INFO - DAG(s) dict_keys(['example_sla_dag']) retrieved from /home/airflow/.local/lib/python3.7/site-packages/airflow/example_dags/example_sla_dag.py
[2023-03-08T12:10:28.109+0000] {logging_mixin.py:137} INFO - [2023-03-08T12:10:28.109+0000] {dag.py:2690} INFO - Sync 1 DAGs
[2023-03-08T12:10:28.151+0000] {logging_mixin.py:137} INFO - [2023-03-08T12:10:28.151+0000] {dag.py:3441} INFO - Setting next_dagrun for example_sla_dag to 2023-03-08T12:08:00+00:00, run_after=2023-03-08T12:10:00+00:00
[2023-03-08T12:10:28.180+0000] {processor.py:175} INFO - Processing /home/airflow/.local/lib/python3.7/site-packages/airflow/example_dags/example_sla_dag.py took 0.165 seconds
[2023-03-08T12:10:58.751+0000] {processor.py:153} INFO - Started process (PID=14016) to work on /home/airflow/.local/lib/python3.7/site-packages/airflow/example_dags/example_sla_dag.py
[2023-03-08T12:10:58.756+0000] {processor.py:743} INFO - Processing file /home/airflow/.local/lib/python3.7/site-packages/airflow/example_dags/example_sla_dag.py for tasks to queue
[2023-03-08T12:10:58.758+0000] {logging_mixin.py:137} INFO - [2023-03-08T12:10:58.758+0000] {dagbag.py:538} INFO - Filling up the DagBag from /home/airflow/.local/lib/python3.7/site-packages/airflow/example_dags/example_sla_dag.py
[2023-03-08T12:10:58.795+0000] {processor.py:753} INFO - DAG(s) dict_keys(['example_sla_dag']) retrieved from /home/airflow/.local/lib/python3.7/site-packages/airflow/example_dags/example_sla_dag.py
[2023-03-08T12:10:58.830+0000] {logging_mixin.py:137} INFO - [2023-03-08T12:10:58.830+0000] {dag.py:2690} INFO - Sync 1 DAGs
[2023-03-08T12:10:58.861+0000] {logging_mixin.py:137} INFO - [2023-03-08T12:10:58.861+0000] {dag.py:3441} INFO - Setting next_dagrun for example_sla_dag to 2023-03-08T12:08:00+00:00, run_after=2023-03-08T12:10:00+00:00
[2023-03-08T12:10:58.888+0000] {processor.py:175} INFO - Processing /home/airflow/.local/lib/python3.7/site-packages/airflow/example_dags/example_sla_dag.py took 0.142 seconds
[2023-03-08T12:11:29.262+0000] {processor.py:153} INFO - Started process (PID=14075) to work on /home/airflow/.local/lib/python3.7/site-packages/airflow/example_dags/example_sla_dag.py
[2023-03-08T12:11:29.265+0000] {processor.py:743} INFO - Processing file /home/airflow/.local/lib/python3.7/site-packages/airflow/example_dags/example_sla_dag.py for tasks to queue
[2023-03-08T12:11:29.268+0000] {logging_mixin.py:137} INFO - [2023-03-08T12:11:29.268+0000] {dagbag.py:538} INFO - Filling up the DagBag from /home/airflow/.local/lib/python3.7/site-packages/airflow/example_dags/example_sla_dag.py
[2023-03-08T12:11:29.305+0000] {processor.py:753} INFO - DAG(s) dict_keys(['example_sla_dag']) retrieved from /home/airflow/.local/lib/python3.7/site-packages/airflow/example_dags/example_sla_dag.py
[2023-03-08T12:11:29.344+0000] {logging_mixin.py:137} INFO - [2023-03-08T12:11:29.344+0000] {dag.py:2690} INFO - Sync 1 DAGs
[2023-03-08T12:11:29.403+0000] {logging_mixin.py:137} INFO - [2023-03-08T12:11:29.402+0000] {dag.py:3441} INFO - Setting next_dagrun for example_sla_dag to 2023-03-08T12:08:00+00:00, run_after=2023-03-08T12:10:00+00:00
[2023-03-08T12:11:29.462+0000] {processor.py:175} INFO - Processing /home/airflow/.local/lib/python3.7/site-packages/airflow/example_dags/example_sla_dag.py took 0.208 seconds
[2023-03-08T12:12:00.486+0000] {processor.py:153} INFO - Started process (PID=14144) to work on /home/airflow/.local/lib/python3.7/site-packages/airflow/example_dags/example_sla_dag.py
[2023-03-08T12:12:00.491+0000] {processor.py:743} INFO - Processing file /home/airflow/.local/lib/python3.7/site-packages/airflow/example_dags/example_sla_dag.py for tasks to queue
[2023-03-08T12:12:00.496+0000] {logging_mixin.py:137} INFO - [2023-03-08T12:12:00.495+0000] {dagbag.py:538} INFO - Filling up the DagBag from /home/airflow/.local/lib/python3.7/site-packages/airflow/example_dags/example_sla_dag.py
[2023-03-08T12:12:00.602+0000] {processor.py:753} INFO - DAG(s) dict_keys(['example_sla_dag']) retrieved from /home/airflow/.local/lib/python3.7/site-packages/airflow/example_dags/example_sla_dag.py
[2023-03-08T12:12:00.651+0000] {logging_mixin.py:137} INFO - [2023-03-08T12:12:00.651+0000] {dag.py:2690} INFO - Sync 1 DAGs
[2023-03-08T12:12:00.717+0000] {logging_mixin.py:137} INFO - [2023-03-08T12:12:00.717+0000] {dag.py:3441} INFO - Setting next_dagrun for example_sla_dag to 2023-03-08T12:10:00+00:00, run_after=2023-03-08T12:12:00+00:00
[2023-03-08T12:12:00.794+0000] {processor.py:175} INFO - Processing /home/airflow/.local/lib/python3.7/site-packages/airflow/example_dags/example_sla_dag.py took 0.319 seconds
[2023-03-08T12:12:31.429+0000] {processor.py:153} INFO - Started process (PID=14203) to work on /home/airflow/.local/lib/python3.7/site-packages/airflow/example_dags/example_sla_dag.py
[2023-03-08T12:12:31.432+0000] {processor.py:743} INFO - Processing file /home/airflow/.local/lib/python3.7/site-packages/airflow/example_dags/example_sla_dag.py for tasks to queue
[2023-03-08T12:12:31.434+0000] {logging_mixin.py:137} INFO - [2023-03-08T12:12:31.434+0000] {dagbag.py:538} INFO - Filling up the DagBag from /home/airflow/.local/lib/python3.7/site-packages/airflow/example_dags/example_sla_dag.py
[2023-03-08T12:12:31.505+0000] {processor.py:753} INFO - DAG(s) dict_keys(['example_sla_dag']) retrieved from /home/airflow/.local/lib/python3.7/site-packages/airflow/example_dags/example_sla_dag.py
[2023-03-08T12:12:31.568+0000] {logging_mixin.py:137} INFO - [2023-03-08T12:12:31.568+0000] {dag.py:2690} INFO - Sync 1 DAGs
[2023-03-08T12:12:31.640+0000] {logging_mixin.py:137} INFO - [2023-03-08T12:12:31.640+0000] {dag.py:3441} INFO - Setting next_dagrun for example_sla_dag to 2023-03-08T12:10:00+00:00, run_after=2023-03-08T12:12:00+00:00
[2023-03-08T12:12:31.699+0000] {processor.py:175} INFO - Processing /home/airflow/.local/lib/python3.7/site-packages/airflow/example_dags/example_sla_dag.py took 0.288 seconds
[2023-03-08T12:13:02.010+0000] {processor.py:153} INFO - Started process (PID=14261) to work on /home/airflow/.local/lib/python3.7/site-packages/airflow/example_dags/example_sla_dag.py
[2023-03-08T12:13:02.021+0000] {processor.py:743} INFO - Processing file /home/airflow/.local/lib/python3.7/site-packages/airflow/example_dags/example_sla_dag.py for tasks to queue
[2023-03-08T12:13:02.029+0000] {logging_mixin.py:137} INFO - [2023-03-08T12:13:02.027+0000] {dagbag.py:538} INFO - Filling up the DagBag from /home/airflow/.local/lib/python3.7/site-packages/airflow/example_dags/example_sla_dag.py
[2023-03-08T12:13:02.176+0000] {processor.py:753} INFO - DAG(s) dict_keys(['example_sla_dag']) retrieved from /home/airflow/.local/lib/python3.7/site-packages/airflow/example_dags/example_sla_dag.py
[2023-03-08T12:13:02.259+0000] {logging_mixin.py:137} INFO - [2023-03-08T12:13:02.258+0000] {dag.py:2690} INFO - Sync 1 DAGs
[2023-03-08T12:13:02.356+0000] {logging_mixin.py:137} INFO - [2023-03-08T12:13:02.356+0000] {dag.py:3441} INFO - Setting next_dagrun for example_sla_dag to 2023-03-08T12:10:00+00:00, run_after=2023-03-08T12:12:00+00:00
[2023-03-08T12:13:02.429+0000] {processor.py:175} INFO - Processing /home/airflow/.local/lib/python3.7/site-packages/airflow/example_dags/example_sla_dag.py took 0.443 seconds
[2023-03-08T12:13:32.612+0000] {processor.py:153} INFO - Started process (PID=14329) to work on /home/airflow/.local/lib/python3.7/site-packages/airflow/example_dags/example_sla_dag.py
[2023-03-08T12:13:32.615+0000] {processor.py:743} INFO - Processing file /home/airflow/.local/lib/python3.7/site-packages/airflow/example_dags/example_sla_dag.py for tasks to queue
[2023-03-08T12:13:32.619+0000] {logging_mixin.py:137} INFO - [2023-03-08T12:13:32.618+0000] {dagbag.py:538} INFO - Filling up the DagBag from /home/airflow/.local/lib/python3.7/site-packages/airflow/example_dags/example_sla_dag.py
[2023-03-08T12:13:32.706+0000] {processor.py:753} INFO - DAG(s) dict_keys(['example_sla_dag']) retrieved from /home/airflow/.local/lib/python3.7/site-packages/airflow/example_dags/example_sla_dag.py
[2023-03-08T12:13:32.784+0000] {logging_mixin.py:137} INFO - [2023-03-08T12:13:32.784+0000] {dag.py:2690} INFO - Sync 1 DAGs
[2023-03-08T12:13:32.862+0000] {logging_mixin.py:137} INFO - [2023-03-08T12:13:32.861+0000] {dag.py:3441} INFO - Setting next_dagrun for example_sla_dag to 2023-03-08T12:10:00+00:00, run_after=2023-03-08T12:12:00+00:00
[2023-03-08T12:13:32.912+0000] {processor.py:175} INFO - Processing /home/airflow/.local/lib/python3.7/site-packages/airflow/example_dags/example_sla_dag.py took 0.320 seconds
[2023-03-08T12:14:03.528+0000] {processor.py:153} INFO - Started process (PID=14389) to work on /home/airflow/.local/lib/python3.7/site-packages/airflow/example_dags/example_sla_dag.py
[2023-03-08T12:14:03.535+0000] {processor.py:743} INFO - Processing file /home/airflow/.local/lib/python3.7/site-packages/airflow/example_dags/example_sla_dag.py for tasks to queue
[2023-03-08T12:14:03.542+0000] {logging_mixin.py:137} INFO - [2023-03-08T12:14:03.541+0000] {dagbag.py:538} INFO - Filling up the DagBag from /home/airflow/.local/lib/python3.7/site-packages/airflow/example_dags/example_sla_dag.py
[2023-03-08T12:14:03.646+0000] {processor.py:753} INFO - DAG(s) dict_keys(['example_sla_dag']) retrieved from /home/airflow/.local/lib/python3.7/site-packages/airflow/example_dags/example_sla_dag.py
[2023-03-08T12:14:03.746+0000] {logging_mixin.py:137} INFO - [2023-03-08T12:14:03.746+0000] {dag.py:2690} INFO - Sync 1 DAGs
[2023-03-08T12:14:03.846+0000] {logging_mixin.py:137} INFO - [2023-03-08T12:14:03.846+0000] {dag.py:3441} INFO - Setting next_dagrun for example_sla_dag to 2023-03-08T12:12:00+00:00, run_after=2023-03-08T12:14:00+00:00
[2023-03-08T12:14:03.884+0000] {processor.py:175} INFO - Processing /home/airflow/.local/lib/python3.7/site-packages/airflow/example_dags/example_sla_dag.py took 0.395 seconds
[2023-03-08T12:14:34.136+0000] {processor.py:153} INFO - Started process (PID=14447) to work on /home/airflow/.local/lib/python3.7/site-packages/airflow/example_dags/example_sla_dag.py
[2023-03-08T12:14:34.139+0000] {processor.py:743} INFO - Processing file /home/airflow/.local/lib/python3.7/site-packages/airflow/example_dags/example_sla_dag.py for tasks to queue
[2023-03-08T12:14:34.143+0000] {logging_mixin.py:137} INFO - [2023-03-08T12:14:34.142+0000] {dagbag.py:538} INFO - Filling up the DagBag from /home/airflow/.local/lib/python3.7/site-packages/airflow/example_dags/example_sla_dag.py
[2023-03-08T12:14:34.188+0000] {processor.py:753} INFO - DAG(s) dict_keys(['example_sla_dag']) retrieved from /home/airflow/.local/lib/python3.7/site-packages/airflow/example_dags/example_sla_dag.py
[2023-03-08T12:14:34.236+0000] {logging_mixin.py:137} INFO - [2023-03-08T12:14:34.235+0000] {dag.py:2690} INFO - Sync 1 DAGs
[2023-03-08T12:14:34.280+0000] {logging_mixin.py:137} INFO - [2023-03-08T12:14:34.280+0000] {dag.py:3441} INFO - Setting next_dagrun for example_sla_dag to 2023-03-08T12:12:00+00:00, run_after=2023-03-08T12:14:00+00:00
[2023-03-08T12:14:34.307+0000] {processor.py:175} INFO - Processing /home/airflow/.local/lib/python3.7/site-packages/airflow/example_dags/example_sla_dag.py took 0.178 seconds
[2023-03-08T12:15:04.409+0000] {processor.py:153} INFO - Started process (PID=14505) to work on /home/airflow/.local/lib/python3.7/site-packages/airflow/example_dags/example_sla_dag.py
[2023-03-08T12:15:04.415+0000] {processor.py:743} INFO - Processing file /home/airflow/.local/lib/python3.7/site-packages/airflow/example_dags/example_sla_dag.py for tasks to queue
[2023-03-08T12:15:04.427+0000] {logging_mixin.py:137} INFO - [2023-03-08T12:15:04.426+0000] {dagbag.py:538} INFO - Filling up the DagBag from /home/airflow/.local/lib/python3.7/site-packages/airflow/example_dags/example_sla_dag.py
[2023-03-08T12:15:04.548+0000] {processor.py:753} INFO - DAG(s) dict_keys(['example_sla_dag']) retrieved from /home/airflow/.local/lib/python3.7/site-packages/airflow/example_dags/example_sla_dag.py
[2023-03-08T12:15:04.710+0000] {logging_mixin.py:137} INFO - [2023-03-08T12:15:04.710+0000] {dag.py:2690} INFO - Sync 1 DAGs
[2023-03-08T12:15:04.825+0000] {logging_mixin.py:137} INFO - [2023-03-08T12:15:04.825+0000] {dag.py:3441} INFO - Setting next_dagrun for example_sla_dag to 2023-03-08T12:12:00+00:00, run_after=2023-03-08T12:14:00+00:00
[2023-03-08T12:15:04.933+0000] {processor.py:175} INFO - Processing /home/airflow/.local/lib/python3.7/site-packages/airflow/example_dags/example_sla_dag.py took 0.530 seconds
[2023-03-08T12:15:35.779+0000] {processor.py:153} INFO - Started process (PID=14575) to work on /home/airflow/.local/lib/python3.7/site-packages/airflow/example_dags/example_sla_dag.py
[2023-03-08T12:15:35.782+0000] {processor.py:743} INFO - Processing file /home/airflow/.local/lib/python3.7/site-packages/airflow/example_dags/example_sla_dag.py for tasks to queue
[2023-03-08T12:15:35.784+0000] {logging_mixin.py:137} INFO - [2023-03-08T12:15:35.784+0000] {dagbag.py:538} INFO - Filling up the DagBag from /home/airflow/.local/lib/python3.7/site-packages/airflow/example_dags/example_sla_dag.py
[2023-03-08T12:15:35.842+0000] {processor.py:753} INFO - DAG(s) dict_keys(['example_sla_dag']) retrieved from /home/airflow/.local/lib/python3.7/site-packages/airflow/example_dags/example_sla_dag.py
[2023-03-08T12:15:35.911+0000] {logging_mixin.py:137} INFO - [2023-03-08T12:15:35.911+0000] {dag.py:2690} INFO - Sync 1 DAGs
[2023-03-08T12:15:35.990+0000] {logging_mixin.py:137} INFO - [2023-03-08T12:15:35.990+0000] {dag.py:3441} INFO - Setting next_dagrun for example_sla_dag to 2023-03-08T12:12:00+00:00, run_after=2023-03-08T12:14:00+00:00
[2023-03-08T12:15:36.046+0000] {processor.py:175} INFO - Processing /home/airflow/.local/lib/python3.7/site-packages/airflow/example_dags/example_sla_dag.py took 0.278 seconds
[2023-03-08T12:16:07.088+0000] {processor.py:153} INFO - Started process (PID=14634) to work on /home/airflow/.local/lib/python3.7/site-packages/airflow/example_dags/example_sla_dag.py
[2023-03-08T12:16:07.091+0000] {processor.py:743} INFO - Processing file /home/airflow/.local/lib/python3.7/site-packages/airflow/example_dags/example_sla_dag.py for tasks to queue
[2023-03-08T12:16:07.093+0000] {logging_mixin.py:137} INFO - [2023-03-08T12:16:07.093+0000] {dagbag.py:538} INFO - Filling up the DagBag from /home/airflow/.local/lib/python3.7/site-packages/airflow/example_dags/example_sla_dag.py
[2023-03-08T12:16:07.137+0000] {processor.py:753} INFO - DAG(s) dict_keys(['example_sla_dag']) retrieved from /home/airflow/.local/lib/python3.7/site-packages/airflow/example_dags/example_sla_dag.py
[2023-03-08T12:16:07.180+0000] {logging_mixin.py:137} INFO - [2023-03-08T12:16:07.180+0000] {dag.py:2690} INFO - Sync 1 DAGs
[2023-03-08T12:16:07.225+0000] {logging_mixin.py:137} INFO - [2023-03-08T12:16:07.225+0000] {dag.py:3441} INFO - Setting next_dagrun for example_sla_dag to 2023-03-08T12:14:00+00:00, run_after=2023-03-08T12:16:00+00:00
[2023-03-08T12:16:07.268+0000] {processor.py:175} INFO - Processing /home/airflow/.local/lib/python3.7/site-packages/airflow/example_dags/example_sla_dag.py took 0.195 seconds
[2023-03-08T12:16:37.885+0000] {processor.py:153} INFO - Started process (PID=14699) to work on /home/airflow/.local/lib/python3.7/site-packages/airflow/example_dags/example_sla_dag.py
[2023-03-08T12:16:37.888+0000] {processor.py:743} INFO - Processing file /home/airflow/.local/lib/python3.7/site-packages/airflow/example_dags/example_sla_dag.py for tasks to queue
[2023-03-08T12:16:37.895+0000] {logging_mixin.py:137} INFO - [2023-03-08T12:16:37.894+0000] {dagbag.py:538} INFO - Filling up the DagBag from /home/airflow/.local/lib/python3.7/site-packages/airflow/example_dags/example_sla_dag.py
[2023-03-08T12:16:37.994+0000] {processor.py:753} INFO - DAG(s) dict_keys(['example_sla_dag']) retrieved from /home/airflow/.local/lib/python3.7/site-packages/airflow/example_dags/example_sla_dag.py
[2023-03-08T12:16:38.126+0000] {logging_mixin.py:137} INFO - [2023-03-08T12:16:38.126+0000] {dag.py:2690} INFO - Sync 1 DAGs
[2023-03-08T12:16:38.183+0000] {logging_mixin.py:137} INFO - [2023-03-08T12:16:38.182+0000] {dag.py:3441} INFO - Setting next_dagrun for example_sla_dag to 2023-03-08T12:14:00+00:00, run_after=2023-03-08T12:16:00+00:00
[2023-03-08T12:16:38.238+0000] {processor.py:175} INFO - Processing /home/airflow/.local/lib/python3.7/site-packages/airflow/example_dags/example_sla_dag.py took 0.363 seconds
[2023-03-08T12:17:08.433+0000] {processor.py:153} INFO - Started process (PID=14760) to work on /home/airflow/.local/lib/python3.7/site-packages/airflow/example_dags/example_sla_dag.py
[2023-03-08T12:17:08.436+0000] {processor.py:743} INFO - Processing file /home/airflow/.local/lib/python3.7/site-packages/airflow/example_dags/example_sla_dag.py for tasks to queue
[2023-03-08T12:17:08.439+0000] {logging_mixin.py:137} INFO - [2023-03-08T12:17:08.438+0000] {dagbag.py:538} INFO - Filling up the DagBag from /home/airflow/.local/lib/python3.7/site-packages/airflow/example_dags/example_sla_dag.py
[2023-03-08T12:17:08.478+0000] {processor.py:753} INFO - DAG(s) dict_keys(['example_sla_dag']) retrieved from /home/airflow/.local/lib/python3.7/site-packages/airflow/example_dags/example_sla_dag.py
[2023-03-08T12:17:08.524+0000] {logging_mixin.py:137} INFO - [2023-03-08T12:17:08.524+0000] {dag.py:2690} INFO - Sync 1 DAGs
[2023-03-08T12:17:08.559+0000] {logging_mixin.py:137} INFO - [2023-03-08T12:17:08.558+0000] {dag.py:3441} INFO - Setting next_dagrun for example_sla_dag to 2023-03-08T12:14:00+00:00, run_after=2023-03-08T12:16:00+00:00
[2023-03-08T12:17:08.619+0000] {processor.py:175} INFO - Processing /home/airflow/.local/lib/python3.7/site-packages/airflow/example_dags/example_sla_dag.py took 0.200 seconds
[2023-03-08T12:17:38.773+0000] {processor.py:153} INFO - Started process (PID=14819) to work on /home/airflow/.local/lib/python3.7/site-packages/airflow/example_dags/example_sla_dag.py
[2023-03-08T12:17:38.775+0000] {processor.py:743} INFO - Processing file /home/airflow/.local/lib/python3.7/site-packages/airflow/example_dags/example_sla_dag.py for tasks to queue
[2023-03-08T12:17:38.778+0000] {logging_mixin.py:137} INFO - [2023-03-08T12:17:38.777+0000] {dagbag.py:538} INFO - Filling up the DagBag from /home/airflow/.local/lib/python3.7/site-packages/airflow/example_dags/example_sla_dag.py
[2023-03-08T12:17:38.811+0000] {processor.py:753} INFO - DAG(s) dict_keys(['example_sla_dag']) retrieved from /home/airflow/.local/lib/python3.7/site-packages/airflow/example_dags/example_sla_dag.py
[2023-03-08T12:17:38.856+0000] {logging_mixin.py:137} INFO - [2023-03-08T12:17:38.855+0000] {dag.py:2690} INFO - Sync 1 DAGs
[2023-03-08T12:17:38.906+0000] {logging_mixin.py:137} INFO - [2023-03-08T12:17:38.906+0000] {dag.py:3441} INFO - Setting next_dagrun for example_sla_dag to 2023-03-08T12:14:00+00:00, run_after=2023-03-08T12:16:00+00:00
[2023-03-08T12:17:38.953+0000] {processor.py:175} INFO - Processing /home/airflow/.local/lib/python3.7/site-packages/airflow/example_dags/example_sla_dag.py took 0.191 seconds
