[2023-03-08T03:17:53.779+0000] {processor.py:153} INFO - Started process (PID=12216) to work on /home/airflow/.local/lib/python3.7/site-packages/airflow/example_dags/example_local_kubernetes_executor.py
[2023-03-08T03:17:53.784+0000] {processor.py:743} INFO - Processing file /home/airflow/.local/lib/python3.7/site-packages/airflow/example_dags/example_local_kubernetes_executor.py for tasks to queue
[2023-03-08T03:17:53.787+0000] {logging_mixin.py:137} INFO - [2023-03-08T03:17:53.787+0000] {dagbag.py:538} INFO - Filling up the DagBag from /home/airflow/.local/lib/python3.7/site-packages/airflow/example_dags/example_local_kubernetes_executor.py
[2023-03-08T03:17:53.903+0000] {processor.py:753} INFO - DAG(s) dict_keys(['example_local_kubernetes_executor']) retrieved from /home/airflow/.local/lib/python3.7/site-packages/airflow/example_dags/example_local_kubernetes_executor.py
[2023-03-08T03:17:54.012+0000] {logging_mixin.py:137} INFO - [2023-03-08T03:17:54.011+0000] {dag.py:2690} INFO - Sync 1 DAGs
[2023-03-08T03:17:54.056+0000] {logging_mixin.py:137} INFO - [2023-03-08T03:17:54.056+0000] {dag.py:3441} INFO - Setting next_dagrun for example_local_kubernetes_executor to None, run_after=None
[2023-03-08T03:17:54.137+0000] {processor.py:175} INFO - Processing /home/airflow/.local/lib/python3.7/site-packages/airflow/example_dags/example_local_kubernetes_executor.py took 0.367 seconds
[2023-03-08T11:56:36.023+0000] {processor.py:153} INFO - Started process (PID=12305) to work on /home/airflow/.local/lib/python3.7/site-packages/airflow/example_dags/example_local_kubernetes_executor.py
[2023-03-08T11:56:36.032+0000] {processor.py:743} INFO - Processing file /home/airflow/.local/lib/python3.7/site-packages/airflow/example_dags/example_local_kubernetes_executor.py for tasks to queue
[2023-03-08T11:56:36.044+0000] {logging_mixin.py:137} INFO - [2023-03-08T11:56:36.044+0000] {dagbag.py:538} INFO - Filling up the DagBag from /home/airflow/.local/lib/python3.7/site-packages/airflow/example_dags/example_local_kubernetes_executor.py
[2023-03-08T11:56:36.187+0000] {processor.py:753} INFO - DAG(s) dict_keys(['example_local_kubernetes_executor']) retrieved from /home/airflow/.local/lib/python3.7/site-packages/airflow/example_dags/example_local_kubernetes_executor.py
[2023-03-08T11:56:36.508+0000] {logging_mixin.py:137} INFO - [2023-03-08T11:56:36.507+0000] {dag.py:2690} INFO - Sync 1 DAGs
[2023-03-08T11:56:36.869+0000] {logging_mixin.py:137} INFO - [2023-03-08T11:56:36.868+0000] {dag.py:3441} INFO - Setting next_dagrun for example_local_kubernetes_executor to None, run_after=None
[2023-03-08T11:56:37.466+0000] {processor.py:175} INFO - Processing /home/airflow/.local/lib/python3.7/site-packages/airflow/example_dags/example_local_kubernetes_executor.py took 1.455 seconds
[2023-03-08T11:57:07.821+0000] {processor.py:153} INFO - Started process (PID=12363) to work on /home/airflow/.local/lib/python3.7/site-packages/airflow/example_dags/example_local_kubernetes_executor.py
[2023-03-08T11:57:07.824+0000] {processor.py:743} INFO - Processing file /home/airflow/.local/lib/python3.7/site-packages/airflow/example_dags/example_local_kubernetes_executor.py for tasks to queue
[2023-03-08T11:57:07.827+0000] {logging_mixin.py:137} INFO - [2023-03-08T11:57:07.826+0000] {dagbag.py:538} INFO - Filling up the DagBag from /home/airflow/.local/lib/python3.7/site-packages/airflow/example_dags/example_local_kubernetes_executor.py
[2023-03-08T11:57:07.863+0000] {processor.py:753} INFO - DAG(s) dict_keys(['example_local_kubernetes_executor']) retrieved from /home/airflow/.local/lib/python3.7/site-packages/airflow/example_dags/example_local_kubernetes_executor.py
[2023-03-08T11:57:07.904+0000] {logging_mixin.py:137} INFO - [2023-03-08T11:57:07.903+0000] {dag.py:2690} INFO - Sync 1 DAGs
[2023-03-08T11:57:07.938+0000] {logging_mixin.py:137} INFO - [2023-03-08T11:57:07.938+0000] {dag.py:3441} INFO - Setting next_dagrun for example_local_kubernetes_executor to None, run_after=None
[2023-03-08T11:57:07.977+0000] {processor.py:175} INFO - Processing /home/airflow/.local/lib/python3.7/site-packages/airflow/example_dags/example_local_kubernetes_executor.py took 0.164 seconds
[2023-03-08T11:57:38.620+0000] {processor.py:153} INFO - Started process (PID=12422) to work on /home/airflow/.local/lib/python3.7/site-packages/airflow/example_dags/example_local_kubernetes_executor.py
[2023-03-08T11:57:38.622+0000] {processor.py:743} INFO - Processing file /home/airflow/.local/lib/python3.7/site-packages/airflow/example_dags/example_local_kubernetes_executor.py for tasks to queue
[2023-03-08T11:57:38.625+0000] {logging_mixin.py:137} INFO - [2023-03-08T11:57:38.625+0000] {dagbag.py:538} INFO - Filling up the DagBag from /home/airflow/.local/lib/python3.7/site-packages/airflow/example_dags/example_local_kubernetes_executor.py
[2023-03-08T11:57:38.664+0000] {processor.py:753} INFO - DAG(s) dict_keys(['example_local_kubernetes_executor']) retrieved from /home/airflow/.local/lib/python3.7/site-packages/airflow/example_dags/example_local_kubernetes_executor.py
[2023-03-08T11:57:38.705+0000] {logging_mixin.py:137} INFO - [2023-03-08T11:57:38.704+0000] {dag.py:2690} INFO - Sync 1 DAGs
[2023-03-08T11:57:38.735+0000] {logging_mixin.py:137} INFO - [2023-03-08T11:57:38.735+0000] {dag.py:3441} INFO - Setting next_dagrun for example_local_kubernetes_executor to None, run_after=None
[2023-03-08T11:57:38.769+0000] {processor.py:175} INFO - Processing /home/airflow/.local/lib/python3.7/site-packages/airflow/example_dags/example_local_kubernetes_executor.py took 0.156 seconds
[2023-03-08T11:58:09.184+0000] {processor.py:153} INFO - Started process (PID=12481) to work on /home/airflow/.local/lib/python3.7/site-packages/airflow/example_dags/example_local_kubernetes_executor.py
[2023-03-08T11:58:09.187+0000] {processor.py:743} INFO - Processing file /home/airflow/.local/lib/python3.7/site-packages/airflow/example_dags/example_local_kubernetes_executor.py for tasks to queue
[2023-03-08T11:58:09.191+0000] {logging_mixin.py:137} INFO - [2023-03-08T11:58:09.191+0000] {dagbag.py:538} INFO - Filling up the DagBag from /home/airflow/.local/lib/python3.7/site-packages/airflow/example_dags/example_local_kubernetes_executor.py
[2023-03-08T11:58:09.233+0000] {processor.py:753} INFO - DAG(s) dict_keys(['example_local_kubernetes_executor']) retrieved from /home/airflow/.local/lib/python3.7/site-packages/airflow/example_dags/example_local_kubernetes_executor.py
[2023-03-08T11:58:09.281+0000] {logging_mixin.py:137} INFO - [2023-03-08T11:58:09.281+0000] {dag.py:2690} INFO - Sync 1 DAGs
[2023-03-08T11:58:09.315+0000] {logging_mixin.py:137} INFO - [2023-03-08T11:58:09.315+0000] {dag.py:3441} INFO - Setting next_dagrun for example_local_kubernetes_executor to None, run_after=None
[2023-03-08T11:58:09.351+0000] {processor.py:175} INFO - Processing /home/airflow/.local/lib/python3.7/site-packages/airflow/example_dags/example_local_kubernetes_executor.py took 0.172 seconds
[2023-03-08T11:58:39.518+0000] {processor.py:153} INFO - Started process (PID=12539) to work on /home/airflow/.local/lib/python3.7/site-packages/airflow/example_dags/example_local_kubernetes_executor.py
[2023-03-08T11:58:39.520+0000] {processor.py:743} INFO - Processing file /home/airflow/.local/lib/python3.7/site-packages/airflow/example_dags/example_local_kubernetes_executor.py for tasks to queue
[2023-03-08T11:58:39.523+0000] {logging_mixin.py:137} INFO - [2023-03-08T11:58:39.523+0000] {dagbag.py:538} INFO - Filling up the DagBag from /home/airflow/.local/lib/python3.7/site-packages/airflow/example_dags/example_local_kubernetes_executor.py
[2023-03-08T11:58:39.564+0000] {processor.py:753} INFO - DAG(s) dict_keys(['example_local_kubernetes_executor']) retrieved from /home/airflow/.local/lib/python3.7/site-packages/airflow/example_dags/example_local_kubernetes_executor.py
[2023-03-08T11:58:39.607+0000] {logging_mixin.py:137} INFO - [2023-03-08T11:58:39.607+0000] {dag.py:2690} INFO - Sync 1 DAGs
[2023-03-08T11:58:39.639+0000] {logging_mixin.py:137} INFO - [2023-03-08T11:58:39.639+0000] {dag.py:3441} INFO - Setting next_dagrun for example_local_kubernetes_executor to None, run_after=None
[2023-03-08T11:58:39.679+0000] {processor.py:175} INFO - Processing /home/airflow/.local/lib/python3.7/site-packages/airflow/example_dags/example_local_kubernetes_executor.py took 0.170 seconds
[2023-03-08T11:59:10.505+0000] {processor.py:153} INFO - Started process (PID=12606) to work on /home/airflow/.local/lib/python3.7/site-packages/airflow/example_dags/example_local_kubernetes_executor.py
[2023-03-08T11:59:10.510+0000] {processor.py:743} INFO - Processing file /home/airflow/.local/lib/python3.7/site-packages/airflow/example_dags/example_local_kubernetes_executor.py for tasks to queue
[2023-03-08T11:59:10.513+0000] {logging_mixin.py:137} INFO - [2023-03-08T11:59:10.513+0000] {dagbag.py:538} INFO - Filling up the DagBag from /home/airflow/.local/lib/python3.7/site-packages/airflow/example_dags/example_local_kubernetes_executor.py
[2023-03-08T11:59:10.599+0000] {processor.py:753} INFO - DAG(s) dict_keys(['example_local_kubernetes_executor']) retrieved from /home/airflow/.local/lib/python3.7/site-packages/airflow/example_dags/example_local_kubernetes_executor.py
[2023-03-08T11:59:10.679+0000] {logging_mixin.py:137} INFO - [2023-03-08T11:59:10.678+0000] {dag.py:2690} INFO - Sync 1 DAGs
[2023-03-08T11:59:10.767+0000] {logging_mixin.py:137} INFO - [2023-03-08T11:59:10.767+0000] {dag.py:3441} INFO - Setting next_dagrun for example_local_kubernetes_executor to None, run_after=None
[2023-03-08T11:59:10.800+0000] {processor.py:175} INFO - Processing /home/airflow/.local/lib/python3.7/site-packages/airflow/example_dags/example_local_kubernetes_executor.py took 0.312 seconds
[2023-03-08T11:59:41.005+0000] {processor.py:153} INFO - Started process (PID=12664) to work on /home/airflow/.local/lib/python3.7/site-packages/airflow/example_dags/example_local_kubernetes_executor.py
[2023-03-08T11:59:41.012+0000] {processor.py:743} INFO - Processing file /home/airflow/.local/lib/python3.7/site-packages/airflow/example_dags/example_local_kubernetes_executor.py for tasks to queue
[2023-03-08T11:59:41.020+0000] {logging_mixin.py:137} INFO - [2023-03-08T11:59:41.017+0000] {dagbag.py:538} INFO - Filling up the DagBag from /home/airflow/.local/lib/python3.7/site-packages/airflow/example_dags/example_local_kubernetes_executor.py
[2023-03-08T11:59:41.095+0000] {processor.py:753} INFO - DAG(s) dict_keys(['example_local_kubernetes_executor']) retrieved from /home/airflow/.local/lib/python3.7/site-packages/airflow/example_dags/example_local_kubernetes_executor.py
[2023-03-08T11:59:41.206+0000] {logging_mixin.py:137} INFO - [2023-03-08T11:59:41.206+0000] {dag.py:2690} INFO - Sync 1 DAGs
[2023-03-08T11:59:41.283+0000] {logging_mixin.py:137} INFO - [2023-03-08T11:59:41.283+0000] {dag.py:3441} INFO - Setting next_dagrun for example_local_kubernetes_executor to None, run_after=None
[2023-03-08T11:59:41.340+0000] {processor.py:175} INFO - Processing /home/airflow/.local/lib/python3.7/site-packages/airflow/example_dags/example_local_kubernetes_executor.py took 0.349 seconds
[2023-03-08T12:00:11.572+0000] {processor.py:153} INFO - Started process (PID=12723) to work on /home/airflow/.local/lib/python3.7/site-packages/airflow/example_dags/example_local_kubernetes_executor.py
[2023-03-08T12:00:11.575+0000] {processor.py:743} INFO - Processing file /home/airflow/.local/lib/python3.7/site-packages/airflow/example_dags/example_local_kubernetes_executor.py for tasks to queue
[2023-03-08T12:00:11.577+0000] {logging_mixin.py:137} INFO - [2023-03-08T12:00:11.577+0000] {dagbag.py:538} INFO - Filling up the DagBag from /home/airflow/.local/lib/python3.7/site-packages/airflow/example_dags/example_local_kubernetes_executor.py
[2023-03-08T12:00:11.606+0000] {processor.py:753} INFO - DAG(s) dict_keys(['example_local_kubernetes_executor']) retrieved from /home/airflow/.local/lib/python3.7/site-packages/airflow/example_dags/example_local_kubernetes_executor.py
[2023-03-08T12:00:11.643+0000] {logging_mixin.py:137} INFO - [2023-03-08T12:00:11.643+0000] {dag.py:2690} INFO - Sync 1 DAGs
[2023-03-08T12:00:11.670+0000] {logging_mixin.py:137} INFO - [2023-03-08T12:00:11.670+0000] {dag.py:3441} INFO - Setting next_dagrun for example_local_kubernetes_executor to None, run_after=None
[2023-03-08T12:00:11.698+0000] {processor.py:175} INFO - Processing /home/airflow/.local/lib/python3.7/site-packages/airflow/example_dags/example_local_kubernetes_executor.py took 0.131 seconds
[2023-03-08T12:00:41.999+0000] {processor.py:153} INFO - Started process (PID=12780) to work on /home/airflow/.local/lib/python3.7/site-packages/airflow/example_dags/example_local_kubernetes_executor.py
[2023-03-08T12:00:42.004+0000] {processor.py:743} INFO - Processing file /home/airflow/.local/lib/python3.7/site-packages/airflow/example_dags/example_local_kubernetes_executor.py for tasks to queue
[2023-03-08T12:00:42.006+0000] {logging_mixin.py:137} INFO - [2023-03-08T12:00:42.006+0000] {dagbag.py:538} INFO - Filling up the DagBag from /home/airflow/.local/lib/python3.7/site-packages/airflow/example_dags/example_local_kubernetes_executor.py
[2023-03-08T12:00:42.046+0000] {processor.py:753} INFO - DAG(s) dict_keys(['example_local_kubernetes_executor']) retrieved from /home/airflow/.local/lib/python3.7/site-packages/airflow/example_dags/example_local_kubernetes_executor.py
[2023-03-08T12:00:42.094+0000] {logging_mixin.py:137} INFO - [2023-03-08T12:00:42.094+0000] {dag.py:2690} INFO - Sync 1 DAGs
[2023-03-08T12:00:42.126+0000] {logging_mixin.py:137} INFO - [2023-03-08T12:00:42.126+0000] {dag.py:3441} INFO - Setting next_dagrun for example_local_kubernetes_executor to None, run_after=None
[2023-03-08T12:00:42.159+0000] {processor.py:175} INFO - Processing /home/airflow/.local/lib/python3.7/site-packages/airflow/example_dags/example_local_kubernetes_executor.py took 0.165 seconds
[2023-03-08T12:01:12.802+0000] {processor.py:153} INFO - Started process (PID=12837) to work on /home/airflow/.local/lib/python3.7/site-packages/airflow/example_dags/example_local_kubernetes_executor.py
[2023-03-08T12:01:12.809+0000] {processor.py:743} INFO - Processing file /home/airflow/.local/lib/python3.7/site-packages/airflow/example_dags/example_local_kubernetes_executor.py for tasks to queue
[2023-03-08T12:01:12.811+0000] {logging_mixin.py:137} INFO - [2023-03-08T12:01:12.811+0000] {dagbag.py:538} INFO - Filling up the DagBag from /home/airflow/.local/lib/python3.7/site-packages/airflow/example_dags/example_local_kubernetes_executor.py
[2023-03-08T12:01:12.886+0000] {processor.py:753} INFO - DAG(s) dict_keys(['example_local_kubernetes_executor']) retrieved from /home/airflow/.local/lib/python3.7/site-packages/airflow/example_dags/example_local_kubernetes_executor.py
[2023-03-08T12:01:12.967+0000] {logging_mixin.py:137} INFO - [2023-03-08T12:01:12.967+0000] {dag.py:2690} INFO - Sync 1 DAGs
[2023-03-08T12:01:13.027+0000] {logging_mixin.py:137} INFO - [2023-03-08T12:01:13.027+0000] {dag.py:3441} INFO - Setting next_dagrun for example_local_kubernetes_executor to None, run_after=None
[2023-03-08T12:01:13.096+0000] {processor.py:175} INFO - Processing /home/airflow/.local/lib/python3.7/site-packages/airflow/example_dags/example_local_kubernetes_executor.py took 0.299 seconds
[2023-03-08T12:01:43.679+0000] {processor.py:153} INFO - Started process (PID=12906) to work on /home/airflow/.local/lib/python3.7/site-packages/airflow/example_dags/example_local_kubernetes_executor.py
[2023-03-08T12:01:43.682+0000] {processor.py:743} INFO - Processing file /home/airflow/.local/lib/python3.7/site-packages/airflow/example_dags/example_local_kubernetes_executor.py for tasks to queue
[2023-03-08T12:01:43.685+0000] {logging_mixin.py:137} INFO - [2023-03-08T12:01:43.685+0000] {dagbag.py:538} INFO - Filling up the DagBag from /home/airflow/.local/lib/python3.7/site-packages/airflow/example_dags/example_local_kubernetes_executor.py
[2023-03-08T12:01:43.713+0000] {processor.py:753} INFO - DAG(s) dict_keys(['example_local_kubernetes_executor']) retrieved from /home/airflow/.local/lib/python3.7/site-packages/airflow/example_dags/example_local_kubernetes_executor.py
[2023-03-08T12:01:43.748+0000] {logging_mixin.py:137} INFO - [2023-03-08T12:01:43.748+0000] {dag.py:2690} INFO - Sync 1 DAGs
[2023-03-08T12:01:43.778+0000] {logging_mixin.py:137} INFO - [2023-03-08T12:01:43.778+0000] {dag.py:3441} INFO - Setting next_dagrun for example_local_kubernetes_executor to None, run_after=None
[2023-03-08T12:01:43.803+0000] {processor.py:175} INFO - Processing /home/airflow/.local/lib/python3.7/site-packages/airflow/example_dags/example_local_kubernetes_executor.py took 0.129 seconds
[2023-03-08T12:02:14.744+0000] {processor.py:153} INFO - Started process (PID=12963) to work on /home/airflow/.local/lib/python3.7/site-packages/airflow/example_dags/example_local_kubernetes_executor.py
[2023-03-08T12:02:14.749+0000] {processor.py:743} INFO - Processing file /home/airflow/.local/lib/python3.7/site-packages/airflow/example_dags/example_local_kubernetes_executor.py for tasks to queue
[2023-03-08T12:02:14.750+0000] {logging_mixin.py:137} INFO - [2023-03-08T12:02:14.750+0000] {dagbag.py:538} INFO - Filling up the DagBag from /home/airflow/.local/lib/python3.7/site-packages/airflow/example_dags/example_local_kubernetes_executor.py
[2023-03-08T12:02:14.784+0000] {processor.py:753} INFO - DAG(s) dict_keys(['example_local_kubernetes_executor']) retrieved from /home/airflow/.local/lib/python3.7/site-packages/airflow/example_dags/example_local_kubernetes_executor.py
[2023-03-08T12:02:14.828+0000] {logging_mixin.py:137} INFO - [2023-03-08T12:02:14.828+0000] {dag.py:2690} INFO - Sync 1 DAGs
[2023-03-08T12:02:14.861+0000] {logging_mixin.py:137} INFO - [2023-03-08T12:02:14.861+0000] {dag.py:3441} INFO - Setting next_dagrun for example_local_kubernetes_executor to None, run_after=None
[2023-03-08T12:02:14.890+0000] {processor.py:175} INFO - Processing /home/airflow/.local/lib/python3.7/site-packages/airflow/example_dags/example_local_kubernetes_executor.py took 0.150 seconds
[2023-03-08T12:02:45.229+0000] {processor.py:153} INFO - Started process (PID=13028) to work on /home/airflow/.local/lib/python3.7/site-packages/airflow/example_dags/example_local_kubernetes_executor.py
[2023-03-08T12:02:45.241+0000] {processor.py:743} INFO - Processing file /home/airflow/.local/lib/python3.7/site-packages/airflow/example_dags/example_local_kubernetes_executor.py for tasks to queue
[2023-03-08T12:02:45.249+0000] {logging_mixin.py:137} INFO - [2023-03-08T12:02:45.249+0000] {dagbag.py:538} INFO - Filling up the DagBag from /home/airflow/.local/lib/python3.7/site-packages/airflow/example_dags/example_local_kubernetes_executor.py
[2023-03-08T12:02:45.307+0000] {processor.py:753} INFO - DAG(s) dict_keys(['example_local_kubernetes_executor']) retrieved from /home/airflow/.local/lib/python3.7/site-packages/airflow/example_dags/example_local_kubernetes_executor.py
[2023-03-08T12:02:45.381+0000] {logging_mixin.py:137} INFO - [2023-03-08T12:02:45.381+0000] {dag.py:2690} INFO - Sync 1 DAGs
[2023-03-08T12:02:45.434+0000] {logging_mixin.py:137} INFO - [2023-03-08T12:02:45.434+0000] {dag.py:3441} INFO - Setting next_dagrun for example_local_kubernetes_executor to None, run_after=None
[2023-03-08T12:02:45.490+0000] {processor.py:175} INFO - Processing /home/airflow/.local/lib/python3.7/site-packages/airflow/example_dags/example_local_kubernetes_executor.py took 0.288 seconds
[2023-03-08T12:03:15.578+0000] {processor.py:153} INFO - Started process (PID=13092) to work on /home/airflow/.local/lib/python3.7/site-packages/airflow/example_dags/example_local_kubernetes_executor.py
[2023-03-08T12:03:15.581+0000] {processor.py:743} INFO - Processing file /home/airflow/.local/lib/python3.7/site-packages/airflow/example_dags/example_local_kubernetes_executor.py for tasks to queue
[2023-03-08T12:03:15.584+0000] {logging_mixin.py:137} INFO - [2023-03-08T12:03:15.584+0000] {dagbag.py:538} INFO - Filling up the DagBag from /home/airflow/.local/lib/python3.7/site-packages/airflow/example_dags/example_local_kubernetes_executor.py
[2023-03-08T12:03:15.654+0000] {processor.py:753} INFO - DAG(s) dict_keys(['example_local_kubernetes_executor']) retrieved from /home/airflow/.local/lib/python3.7/site-packages/airflow/example_dags/example_local_kubernetes_executor.py
[2023-03-08T12:03:15.746+0000] {logging_mixin.py:137} INFO - [2023-03-08T12:03:15.746+0000] {dag.py:2690} INFO - Sync 1 DAGs
[2023-03-08T12:03:15.792+0000] {logging_mixin.py:137} INFO - [2023-03-08T12:03:15.792+0000] {dag.py:3441} INFO - Setting next_dagrun for example_local_kubernetes_executor to None, run_after=None
[2023-03-08T12:03:15.829+0000] {processor.py:175} INFO - Processing /home/airflow/.local/lib/python3.7/site-packages/airflow/example_dags/example_local_kubernetes_executor.py took 0.256 seconds
[2023-03-08T12:03:45.980+0000] {processor.py:153} INFO - Started process (PID=13149) to work on /home/airflow/.local/lib/python3.7/site-packages/airflow/example_dags/example_local_kubernetes_executor.py
[2023-03-08T12:03:45.983+0000] {processor.py:743} INFO - Processing file /home/airflow/.local/lib/python3.7/site-packages/airflow/example_dags/example_local_kubernetes_executor.py for tasks to queue
[2023-03-08T12:03:45.985+0000] {logging_mixin.py:137} INFO - [2023-03-08T12:03:45.985+0000] {dagbag.py:538} INFO - Filling up the DagBag from /home/airflow/.local/lib/python3.7/site-packages/airflow/example_dags/example_local_kubernetes_executor.py
[2023-03-08T12:03:46.103+0000] {processor.py:753} INFO - DAG(s) dict_keys(['example_local_kubernetes_executor']) retrieved from /home/airflow/.local/lib/python3.7/site-packages/airflow/example_dags/example_local_kubernetes_executor.py
[2023-03-08T12:03:46.255+0000] {logging_mixin.py:137} INFO - [2023-03-08T12:03:46.254+0000] {dag.py:2690} INFO - Sync 1 DAGs
[2023-03-08T12:03:46.288+0000] {logging_mixin.py:137} INFO - [2023-03-08T12:03:46.288+0000] {dag.py:3441} INFO - Setting next_dagrun for example_local_kubernetes_executor to None, run_after=None
[2023-03-08T12:03:46.321+0000] {processor.py:175} INFO - Processing /home/airflow/.local/lib/python3.7/site-packages/airflow/example_dags/example_local_kubernetes_executor.py took 0.346 seconds
[2023-03-08T12:04:16.585+0000] {processor.py:153} INFO - Started process (PID=13217) to work on /home/airflow/.local/lib/python3.7/site-packages/airflow/example_dags/example_local_kubernetes_executor.py
[2023-03-08T12:04:16.588+0000] {processor.py:743} INFO - Processing file /home/airflow/.local/lib/python3.7/site-packages/airflow/example_dags/example_local_kubernetes_executor.py for tasks to queue
[2023-03-08T12:04:16.591+0000] {logging_mixin.py:137} INFO - [2023-03-08T12:04:16.590+0000] {dagbag.py:538} INFO - Filling up the DagBag from /home/airflow/.local/lib/python3.7/site-packages/airflow/example_dags/example_local_kubernetes_executor.py
[2023-03-08T12:04:16.625+0000] {processor.py:753} INFO - DAG(s) dict_keys(['example_local_kubernetes_executor']) retrieved from /home/airflow/.local/lib/python3.7/site-packages/airflow/example_dags/example_local_kubernetes_executor.py
[2023-03-08T12:04:16.679+0000] {logging_mixin.py:137} INFO - [2023-03-08T12:04:16.679+0000] {dag.py:2690} INFO - Sync 1 DAGs
[2023-03-08T12:04:16.720+0000] {logging_mixin.py:137} INFO - [2023-03-08T12:04:16.720+0000] {dag.py:3441} INFO - Setting next_dagrun for example_local_kubernetes_executor to None, run_after=None
[2023-03-08T12:04:16.765+0000] {processor.py:175} INFO - Processing /home/airflow/.local/lib/python3.7/site-packages/airflow/example_dags/example_local_kubernetes_executor.py took 0.191 seconds
[2023-03-08T12:04:46.901+0000] {processor.py:153} INFO - Started process (PID=13276) to work on /home/airflow/.local/lib/python3.7/site-packages/airflow/example_dags/example_local_kubernetes_executor.py
[2023-03-08T12:04:46.911+0000] {processor.py:743} INFO - Processing file /home/airflow/.local/lib/python3.7/site-packages/airflow/example_dags/example_local_kubernetes_executor.py for tasks to queue
[2023-03-08T12:04:46.913+0000] {logging_mixin.py:137} INFO - [2023-03-08T12:04:46.913+0000] {dagbag.py:538} INFO - Filling up the DagBag from /home/airflow/.local/lib/python3.7/site-packages/airflow/example_dags/example_local_kubernetes_executor.py
[2023-03-08T12:04:46.951+0000] {processor.py:753} INFO - DAG(s) dict_keys(['example_local_kubernetes_executor']) retrieved from /home/airflow/.local/lib/python3.7/site-packages/airflow/example_dags/example_local_kubernetes_executor.py
[2023-03-08T12:04:46.990+0000] {logging_mixin.py:137} INFO - [2023-03-08T12:04:46.990+0000] {dag.py:2690} INFO - Sync 1 DAGs
[2023-03-08T12:04:47.022+0000] {logging_mixin.py:137} INFO - [2023-03-08T12:04:47.021+0000] {dag.py:3441} INFO - Setting next_dagrun for example_local_kubernetes_executor to None, run_after=None
[2023-03-08T12:04:47.048+0000] {processor.py:175} INFO - Processing /home/airflow/.local/lib/python3.7/site-packages/airflow/example_dags/example_local_kubernetes_executor.py took 0.153 seconds
[2023-03-08T12:05:17.319+0000] {processor.py:153} INFO - Started process (PID=13335) to work on /home/airflow/.local/lib/python3.7/site-packages/airflow/example_dags/example_local_kubernetes_executor.py
[2023-03-08T12:05:17.324+0000] {processor.py:743} INFO - Processing file /home/airflow/.local/lib/python3.7/site-packages/airflow/example_dags/example_local_kubernetes_executor.py for tasks to queue
[2023-03-08T12:05:17.329+0000] {logging_mixin.py:137} INFO - [2023-03-08T12:05:17.328+0000] {dagbag.py:538} INFO - Filling up the DagBag from /home/airflow/.local/lib/python3.7/site-packages/airflow/example_dags/example_local_kubernetes_executor.py
[2023-03-08T12:05:17.392+0000] {processor.py:753} INFO - DAG(s) dict_keys(['example_local_kubernetes_executor']) retrieved from /home/airflow/.local/lib/python3.7/site-packages/airflow/example_dags/example_local_kubernetes_executor.py
[2023-03-08T12:05:17.460+0000] {logging_mixin.py:137} INFO - [2023-03-08T12:05:17.460+0000] {dag.py:2690} INFO - Sync 1 DAGs
[2023-03-08T12:05:17.494+0000] {logging_mixin.py:137} INFO - [2023-03-08T12:05:17.494+0000] {dag.py:3441} INFO - Setting next_dagrun for example_local_kubernetes_executor to None, run_after=None
[2023-03-08T12:05:17.524+0000] {processor.py:175} INFO - Processing /home/airflow/.local/lib/python3.7/site-packages/airflow/example_dags/example_local_kubernetes_executor.py took 0.212 seconds
[2023-03-08T12:05:48.027+0000] {processor.py:153} INFO - Started process (PID=13402) to work on /home/airflow/.local/lib/python3.7/site-packages/airflow/example_dags/example_local_kubernetes_executor.py
[2023-03-08T12:05:48.030+0000] {processor.py:743} INFO - Processing file /home/airflow/.local/lib/python3.7/site-packages/airflow/example_dags/example_local_kubernetes_executor.py for tasks to queue
[2023-03-08T12:05:48.033+0000] {logging_mixin.py:137} INFO - [2023-03-08T12:05:48.033+0000] {dagbag.py:538} INFO - Filling up the DagBag from /home/airflow/.local/lib/python3.7/site-packages/airflow/example_dags/example_local_kubernetes_executor.py
[2023-03-08T12:05:48.073+0000] {processor.py:753} INFO - DAG(s) dict_keys(['example_local_kubernetes_executor']) retrieved from /home/airflow/.local/lib/python3.7/site-packages/airflow/example_dags/example_local_kubernetes_executor.py
[2023-03-08T12:05:48.129+0000] {logging_mixin.py:137} INFO - [2023-03-08T12:05:48.129+0000] {dag.py:2690} INFO - Sync 1 DAGs
[2023-03-08T12:05:48.167+0000] {logging_mixin.py:137} INFO - [2023-03-08T12:05:48.167+0000] {dag.py:3441} INFO - Setting next_dagrun for example_local_kubernetes_executor to None, run_after=None
[2023-03-08T12:05:48.212+0000] {processor.py:175} INFO - Processing /home/airflow/.local/lib/python3.7/site-packages/airflow/example_dags/example_local_kubernetes_executor.py took 0.200 seconds
[2023-03-08T12:06:18.824+0000] {processor.py:153} INFO - Started process (PID=13460) to work on /home/airflow/.local/lib/python3.7/site-packages/airflow/example_dags/example_local_kubernetes_executor.py
[2023-03-08T12:06:18.828+0000] {processor.py:743} INFO - Processing file /home/airflow/.local/lib/python3.7/site-packages/airflow/example_dags/example_local_kubernetes_executor.py for tasks to queue
[2023-03-08T12:06:18.833+0000] {logging_mixin.py:137} INFO - [2023-03-08T12:06:18.832+0000] {dagbag.py:538} INFO - Filling up the DagBag from /home/airflow/.local/lib/python3.7/site-packages/airflow/example_dags/example_local_kubernetes_executor.py
[2023-03-08T12:06:18.909+0000] {processor.py:753} INFO - DAG(s) dict_keys(['example_local_kubernetes_executor']) retrieved from /home/airflow/.local/lib/python3.7/site-packages/airflow/example_dags/example_local_kubernetes_executor.py
[2023-03-08T12:06:19.014+0000] {logging_mixin.py:137} INFO - [2023-03-08T12:06:19.014+0000] {dag.py:2690} INFO - Sync 1 DAGs
[2023-03-08T12:06:19.076+0000] {logging_mixin.py:137} INFO - [2023-03-08T12:06:19.076+0000] {dag.py:3441} INFO - Setting next_dagrun for example_local_kubernetes_executor to None, run_after=None
[2023-03-08T12:06:19.134+0000] {processor.py:175} INFO - Processing /home/airflow/.local/lib/python3.7/site-packages/airflow/example_dags/example_local_kubernetes_executor.py took 0.341 seconds
[2023-03-08T12:06:49.969+0000] {processor.py:153} INFO - Started process (PID=13517) to work on /home/airflow/.local/lib/python3.7/site-packages/airflow/example_dags/example_local_kubernetes_executor.py
[2023-03-08T12:06:49.981+0000] {processor.py:743} INFO - Processing file /home/airflow/.local/lib/python3.7/site-packages/airflow/example_dags/example_local_kubernetes_executor.py for tasks to queue
[2023-03-08T12:06:49.999+0000] {logging_mixin.py:137} INFO - [2023-03-08T12:06:49.995+0000] {dagbag.py:538} INFO - Filling up the DagBag from /home/airflow/.local/lib/python3.7/site-packages/airflow/example_dags/example_local_kubernetes_executor.py
[2023-03-08T12:06:50.174+0000] {processor.py:753} INFO - DAG(s) dict_keys(['example_local_kubernetes_executor']) retrieved from /home/airflow/.local/lib/python3.7/site-packages/airflow/example_dags/example_local_kubernetes_executor.py
[2023-03-08T12:06:50.361+0000] {logging_mixin.py:137} INFO - [2023-03-08T12:06:50.358+0000] {dag.py:2690} INFO - Sync 1 DAGs
[2023-03-08T12:06:50.712+0000] {logging_mixin.py:137} INFO - [2023-03-08T12:06:50.712+0000] {dag.py:3441} INFO - Setting next_dagrun for example_local_kubernetes_executor to None, run_after=None
[2023-03-08T12:06:50.851+0000] {processor.py:175} INFO - Processing /home/airflow/.local/lib/python3.7/site-packages/airflow/example_dags/example_local_kubernetes_executor.py took 0.909 seconds
[2023-03-08T12:07:22.501+0000] {processor.py:153} INFO - Started process (PID=13582) to work on /home/airflow/.local/lib/python3.7/site-packages/airflow/example_dags/example_local_kubernetes_executor.py
[2023-03-08T12:07:22.516+0000] {processor.py:743} INFO - Processing file /home/airflow/.local/lib/python3.7/site-packages/airflow/example_dags/example_local_kubernetes_executor.py for tasks to queue
[2023-03-08T12:07:22.525+0000] {logging_mixin.py:137} INFO - [2023-03-08T12:07:22.525+0000] {dagbag.py:538} INFO - Filling up the DagBag from /home/airflow/.local/lib/python3.7/site-packages/airflow/example_dags/example_local_kubernetes_executor.py
[2023-03-08T12:07:22.742+0000] {processor.py:753} INFO - DAG(s) dict_keys(['example_local_kubernetes_executor']) retrieved from /home/airflow/.local/lib/python3.7/site-packages/airflow/example_dags/example_local_kubernetes_executor.py
[2023-03-08T12:07:22.997+0000] {logging_mixin.py:137} INFO - [2023-03-08T12:07:22.996+0000] {dag.py:2690} INFO - Sync 1 DAGs
[2023-03-08T12:07:23.181+0000] {logging_mixin.py:137} INFO - [2023-03-08T12:07:23.181+0000] {dag.py:3441} INFO - Setting next_dagrun for example_local_kubernetes_executor to None, run_after=None
[2023-03-08T12:07:23.324+0000] {processor.py:175} INFO - Processing /home/airflow/.local/lib/python3.7/site-packages/airflow/example_dags/example_local_kubernetes_executor.py took 0.884 seconds
[2023-03-08T12:07:53.572+0000] {processor.py:153} INFO - Started process (PID=13644) to work on /home/airflow/.local/lib/python3.7/site-packages/airflow/example_dags/example_local_kubernetes_executor.py
[2023-03-08T12:07:53.575+0000] {processor.py:743} INFO - Processing file /home/airflow/.local/lib/python3.7/site-packages/airflow/example_dags/example_local_kubernetes_executor.py for tasks to queue
[2023-03-08T12:07:53.578+0000] {logging_mixin.py:137} INFO - [2023-03-08T12:07:53.577+0000] {dagbag.py:538} INFO - Filling up the DagBag from /home/airflow/.local/lib/python3.7/site-packages/airflow/example_dags/example_local_kubernetes_executor.py
[2023-03-08T12:07:53.641+0000] {processor.py:753} INFO - DAG(s) dict_keys(['example_local_kubernetes_executor']) retrieved from /home/airflow/.local/lib/python3.7/site-packages/airflow/example_dags/example_local_kubernetes_executor.py
[2023-03-08T12:07:53.696+0000] {logging_mixin.py:137} INFO - [2023-03-08T12:07:53.696+0000] {dag.py:2690} INFO - Sync 1 DAGs
[2023-03-08T12:07:53.735+0000] {logging_mixin.py:137} INFO - [2023-03-08T12:07:53.735+0000] {dag.py:3441} INFO - Setting next_dagrun for example_local_kubernetes_executor to None, run_after=None
[2023-03-08T12:07:53.768+0000] {processor.py:175} INFO - Processing /home/airflow/.local/lib/python3.7/site-packages/airflow/example_dags/example_local_kubernetes_executor.py took 0.210 seconds
[2023-03-08T12:08:24.236+0000] {processor.py:153} INFO - Started process (PID=13701) to work on /home/airflow/.local/lib/python3.7/site-packages/airflow/example_dags/example_local_kubernetes_executor.py
[2023-03-08T12:08:24.238+0000] {processor.py:743} INFO - Processing file /home/airflow/.local/lib/python3.7/site-packages/airflow/example_dags/example_local_kubernetes_executor.py for tasks to queue
[2023-03-08T12:08:24.241+0000] {logging_mixin.py:137} INFO - [2023-03-08T12:08:24.241+0000] {dagbag.py:538} INFO - Filling up the DagBag from /home/airflow/.local/lib/python3.7/site-packages/airflow/example_dags/example_local_kubernetes_executor.py
[2023-03-08T12:08:24.280+0000] {processor.py:753} INFO - DAG(s) dict_keys(['example_local_kubernetes_executor']) retrieved from /home/airflow/.local/lib/python3.7/site-packages/airflow/example_dags/example_local_kubernetes_executor.py
[2023-03-08T12:08:24.326+0000] {logging_mixin.py:137} INFO - [2023-03-08T12:08:24.326+0000] {dag.py:2690} INFO - Sync 1 DAGs
[2023-03-08T12:08:24.364+0000] {logging_mixin.py:137} INFO - [2023-03-08T12:08:24.364+0000] {dag.py:3441} INFO - Setting next_dagrun for example_local_kubernetes_executor to None, run_after=None
[2023-03-08T12:08:24.442+0000] {processor.py:175} INFO - Processing /home/airflow/.local/lib/python3.7/site-packages/airflow/example_dags/example_local_kubernetes_executor.py took 0.211 seconds
[2023-03-08T12:08:55.367+0000] {processor.py:153} INFO - Started process (PID=13761) to work on /home/airflow/.local/lib/python3.7/site-packages/airflow/example_dags/example_local_kubernetes_executor.py
[2023-03-08T12:08:55.369+0000] {processor.py:743} INFO - Processing file /home/airflow/.local/lib/python3.7/site-packages/airflow/example_dags/example_local_kubernetes_executor.py for tasks to queue
[2023-03-08T12:08:55.372+0000] {logging_mixin.py:137} INFO - [2023-03-08T12:08:55.371+0000] {dagbag.py:538} INFO - Filling up the DagBag from /home/airflow/.local/lib/python3.7/site-packages/airflow/example_dags/example_local_kubernetes_executor.py
[2023-03-08T12:08:55.407+0000] {processor.py:753} INFO - DAG(s) dict_keys(['example_local_kubernetes_executor']) retrieved from /home/airflow/.local/lib/python3.7/site-packages/airflow/example_dags/example_local_kubernetes_executor.py
[2023-03-08T12:08:55.459+0000] {logging_mixin.py:137} INFO - [2023-03-08T12:08:55.458+0000] {dag.py:2690} INFO - Sync 1 DAGs
[2023-03-08T12:08:55.492+0000] {logging_mixin.py:137} INFO - [2023-03-08T12:08:55.492+0000] {dag.py:3441} INFO - Setting next_dagrun for example_local_kubernetes_executor to None, run_after=None
[2023-03-08T12:08:55.530+0000] {processor.py:175} INFO - Processing /home/airflow/.local/lib/python3.7/site-packages/airflow/example_dags/example_local_kubernetes_executor.py took 0.170 seconds
[2023-03-08T12:09:25.685+0000] {processor.py:153} INFO - Started process (PID=13829) to work on /home/airflow/.local/lib/python3.7/site-packages/airflow/example_dags/example_local_kubernetes_executor.py
[2023-03-08T12:09:25.689+0000] {processor.py:743} INFO - Processing file /home/airflow/.local/lib/python3.7/site-packages/airflow/example_dags/example_local_kubernetes_executor.py for tasks to queue
[2023-03-08T12:09:25.693+0000] {logging_mixin.py:137} INFO - [2023-03-08T12:09:25.692+0000] {dagbag.py:538} INFO - Filling up the DagBag from /home/airflow/.local/lib/python3.7/site-packages/airflow/example_dags/example_local_kubernetes_executor.py
[2023-03-08T12:09:25.774+0000] {processor.py:753} INFO - DAG(s) dict_keys(['example_local_kubernetes_executor']) retrieved from /home/airflow/.local/lib/python3.7/site-packages/airflow/example_dags/example_local_kubernetes_executor.py
[2023-03-08T12:09:25.862+0000] {logging_mixin.py:137} INFO - [2023-03-08T12:09:25.862+0000] {dag.py:2690} INFO - Sync 1 DAGs
[2023-03-08T12:09:25.949+0000] {logging_mixin.py:137} INFO - [2023-03-08T12:09:25.949+0000] {dag.py:3441} INFO - Setting next_dagrun for example_local_kubernetes_executor to None, run_after=None
[2023-03-08T12:09:25.983+0000] {processor.py:175} INFO - Processing /home/airflow/.local/lib/python3.7/site-packages/airflow/example_dags/example_local_kubernetes_executor.py took 0.315 seconds
[2023-03-08T12:09:56.221+0000] {processor.py:153} INFO - Started process (PID=13888) to work on /home/airflow/.local/lib/python3.7/site-packages/airflow/example_dags/example_local_kubernetes_executor.py
[2023-03-08T12:09:56.223+0000] {processor.py:743} INFO - Processing file /home/airflow/.local/lib/python3.7/site-packages/airflow/example_dags/example_local_kubernetes_executor.py for tasks to queue
[2023-03-08T12:09:56.225+0000] {logging_mixin.py:137} INFO - [2023-03-08T12:09:56.224+0000] {dagbag.py:538} INFO - Filling up the DagBag from /home/airflow/.local/lib/python3.7/site-packages/airflow/example_dags/example_local_kubernetes_executor.py
[2023-03-08T12:09:56.268+0000] {processor.py:753} INFO - DAG(s) dict_keys(['example_local_kubernetes_executor']) retrieved from /home/airflow/.local/lib/python3.7/site-packages/airflow/example_dags/example_local_kubernetes_executor.py
[2023-03-08T12:09:56.324+0000] {logging_mixin.py:137} INFO - [2023-03-08T12:09:56.323+0000] {dag.py:2690} INFO - Sync 1 DAGs
[2023-03-08T12:09:56.366+0000] {logging_mixin.py:137} INFO - [2023-03-08T12:09:56.365+0000] {dag.py:3441} INFO - Setting next_dagrun for example_local_kubernetes_executor to None, run_after=None
[2023-03-08T12:09:56.398+0000] {processor.py:175} INFO - Processing /home/airflow/.local/lib/python3.7/site-packages/airflow/example_dags/example_local_kubernetes_executor.py took 0.185 seconds
[2023-03-08T12:10:26.852+0000] {processor.py:153} INFO - Started process (PID=13947) to work on /home/airflow/.local/lib/python3.7/site-packages/airflow/example_dags/example_local_kubernetes_executor.py
[2023-03-08T12:10:26.855+0000] {processor.py:743} INFO - Processing file /home/airflow/.local/lib/python3.7/site-packages/airflow/example_dags/example_local_kubernetes_executor.py for tasks to queue
[2023-03-08T12:10:26.857+0000] {logging_mixin.py:137} INFO - [2023-03-08T12:10:26.857+0000] {dagbag.py:538} INFO - Filling up the DagBag from /home/airflow/.local/lib/python3.7/site-packages/airflow/example_dags/example_local_kubernetes_executor.py
[2023-03-08T12:10:26.899+0000] {processor.py:753} INFO - DAG(s) dict_keys(['example_local_kubernetes_executor']) retrieved from /home/airflow/.local/lib/python3.7/site-packages/airflow/example_dags/example_local_kubernetes_executor.py
[2023-03-08T12:10:26.945+0000] {logging_mixin.py:137} INFO - [2023-03-08T12:10:26.945+0000] {dag.py:2690} INFO - Sync 1 DAGs
[2023-03-08T12:10:26.977+0000] {logging_mixin.py:137} INFO - [2023-03-08T12:10:26.976+0000] {dag.py:3441} INFO - Setting next_dagrun for example_local_kubernetes_executor to None, run_after=None
[2023-03-08T12:10:27.013+0000] {processor.py:175} INFO - Processing /home/airflow/.local/lib/python3.7/site-packages/airflow/example_dags/example_local_kubernetes_executor.py took 0.167 seconds
[2023-03-08T12:10:57.401+0000] {processor.py:153} INFO - Started process (PID=14015) to work on /home/airflow/.local/lib/python3.7/site-packages/airflow/example_dags/example_local_kubernetes_executor.py
[2023-03-08T12:10:57.403+0000] {processor.py:743} INFO - Processing file /home/airflow/.local/lib/python3.7/site-packages/airflow/example_dags/example_local_kubernetes_executor.py for tasks to queue
[2023-03-08T12:10:57.407+0000] {logging_mixin.py:137} INFO - [2023-03-08T12:10:57.406+0000] {dagbag.py:538} INFO - Filling up the DagBag from /home/airflow/.local/lib/python3.7/site-packages/airflow/example_dags/example_local_kubernetes_executor.py
[2023-03-08T12:10:57.494+0000] {processor.py:753} INFO - DAG(s) dict_keys(['example_local_kubernetes_executor']) retrieved from /home/airflow/.local/lib/python3.7/site-packages/airflow/example_dags/example_local_kubernetes_executor.py
[2023-03-08T12:10:57.594+0000] {logging_mixin.py:137} INFO - [2023-03-08T12:10:57.594+0000] {dag.py:2690} INFO - Sync 1 DAGs
[2023-03-08T12:10:57.660+0000] {logging_mixin.py:137} INFO - [2023-03-08T12:10:57.660+0000] {dag.py:3441} INFO - Setting next_dagrun for example_local_kubernetes_executor to None, run_after=None
[2023-03-08T12:10:57.725+0000] {processor.py:175} INFO - Processing /home/airflow/.local/lib/python3.7/site-packages/airflow/example_dags/example_local_kubernetes_executor.py took 0.338 seconds
[2023-03-08T12:11:27.935+0000] {processor.py:153} INFO - Started process (PID=14074) to work on /home/airflow/.local/lib/python3.7/site-packages/airflow/example_dags/example_local_kubernetes_executor.py
[2023-03-08T12:11:27.940+0000] {processor.py:743} INFO - Processing file /home/airflow/.local/lib/python3.7/site-packages/airflow/example_dags/example_local_kubernetes_executor.py for tasks to queue
[2023-03-08T12:11:27.944+0000] {logging_mixin.py:137} INFO - [2023-03-08T12:11:27.943+0000] {dagbag.py:538} INFO - Filling up the DagBag from /home/airflow/.local/lib/python3.7/site-packages/airflow/example_dags/example_local_kubernetes_executor.py
[2023-03-08T12:11:28.010+0000] {processor.py:753} INFO - DAG(s) dict_keys(['example_local_kubernetes_executor']) retrieved from /home/airflow/.local/lib/python3.7/site-packages/airflow/example_dags/example_local_kubernetes_executor.py
[2023-03-08T12:11:28.050+0000] {logging_mixin.py:137} INFO - [2023-03-08T12:11:28.050+0000] {dag.py:2690} INFO - Sync 1 DAGs
[2023-03-08T12:11:28.117+0000] {logging_mixin.py:137} INFO - [2023-03-08T12:11:28.116+0000] {dag.py:3441} INFO - Setting next_dagrun for example_local_kubernetes_executor to None, run_after=None
[2023-03-08T12:11:28.176+0000] {processor.py:175} INFO - Processing /home/airflow/.local/lib/python3.7/site-packages/airflow/example_dags/example_local_kubernetes_executor.py took 0.263 seconds
[2023-03-08T12:11:58.279+0000] {processor.py:153} INFO - Started process (PID=14133) to work on /home/airflow/.local/lib/python3.7/site-packages/airflow/example_dags/example_local_kubernetes_executor.py
[2023-03-08T12:11:58.280+0000] {processor.py:743} INFO - Processing file /home/airflow/.local/lib/python3.7/site-packages/airflow/example_dags/example_local_kubernetes_executor.py for tasks to queue
[2023-03-08T12:11:58.283+0000] {logging_mixin.py:137} INFO - [2023-03-08T12:11:58.282+0000] {dagbag.py:538} INFO - Filling up the DagBag from /home/airflow/.local/lib/python3.7/site-packages/airflow/example_dags/example_local_kubernetes_executor.py
[2023-03-08T12:11:58.321+0000] {processor.py:753} INFO - DAG(s) dict_keys(['example_local_kubernetes_executor']) retrieved from /home/airflow/.local/lib/python3.7/site-packages/airflow/example_dags/example_local_kubernetes_executor.py
[2023-03-08T12:11:58.365+0000] {logging_mixin.py:137} INFO - [2023-03-08T12:11:58.365+0000] {dag.py:2690} INFO - Sync 1 DAGs
[2023-03-08T12:11:58.398+0000] {logging_mixin.py:137} INFO - [2023-03-08T12:11:58.398+0000] {dag.py:3441} INFO - Setting next_dagrun for example_local_kubernetes_executor to None, run_after=None
[2023-03-08T12:11:58.438+0000] {processor.py:175} INFO - Processing /home/airflow/.local/lib/python3.7/site-packages/airflow/example_dags/example_local_kubernetes_executor.py took 0.162 seconds
[2023-03-08T12:12:29.231+0000] {processor.py:153} INFO - Started process (PID=14202) to work on /home/airflow/.local/lib/python3.7/site-packages/airflow/example_dags/example_local_kubernetes_executor.py
[2023-03-08T12:12:29.233+0000] {processor.py:743} INFO - Processing file /home/airflow/.local/lib/python3.7/site-packages/airflow/example_dags/example_local_kubernetes_executor.py for tasks to queue
[2023-03-08T12:12:29.237+0000] {logging_mixin.py:137} INFO - [2023-03-08T12:12:29.236+0000] {dagbag.py:538} INFO - Filling up the DagBag from /home/airflow/.local/lib/python3.7/site-packages/airflow/example_dags/example_local_kubernetes_executor.py
[2023-03-08T12:12:29.280+0000] {processor.py:753} INFO - DAG(s) dict_keys(['example_local_kubernetes_executor']) retrieved from /home/airflow/.local/lib/python3.7/site-packages/airflow/example_dags/example_local_kubernetes_executor.py
[2023-03-08T12:12:29.327+0000] {logging_mixin.py:137} INFO - [2023-03-08T12:12:29.327+0000] {dag.py:2690} INFO - Sync 1 DAGs
[2023-03-08T12:12:29.362+0000] {logging_mixin.py:137} INFO - [2023-03-08T12:12:29.362+0000] {dag.py:3441} INFO - Setting next_dagrun for example_local_kubernetes_executor to None, run_after=None
[2023-03-08T12:12:29.394+0000] {processor.py:175} INFO - Processing /home/airflow/.local/lib/python3.7/site-packages/airflow/example_dags/example_local_kubernetes_executor.py took 0.175 seconds
[2023-03-08T12:12:59.800+0000] {processor.py:153} INFO - Started process (PID=14260) to work on /home/airflow/.local/lib/python3.7/site-packages/airflow/example_dags/example_local_kubernetes_executor.py
[2023-03-08T12:12:59.803+0000] {processor.py:743} INFO - Processing file /home/airflow/.local/lib/python3.7/site-packages/airflow/example_dags/example_local_kubernetes_executor.py for tasks to queue
[2023-03-08T12:12:59.805+0000] {logging_mixin.py:137} INFO - [2023-03-08T12:12:59.805+0000] {dagbag.py:538} INFO - Filling up the DagBag from /home/airflow/.local/lib/python3.7/site-packages/airflow/example_dags/example_local_kubernetes_executor.py
[2023-03-08T12:12:59.851+0000] {processor.py:753} INFO - DAG(s) dict_keys(['example_local_kubernetes_executor']) retrieved from /home/airflow/.local/lib/python3.7/site-packages/airflow/example_dags/example_local_kubernetes_executor.py
[2023-03-08T12:12:59.895+0000] {logging_mixin.py:137} INFO - [2023-03-08T12:12:59.895+0000] {dag.py:2690} INFO - Sync 1 DAGs
[2023-03-08T12:12:59.927+0000] {logging_mixin.py:137} INFO - [2023-03-08T12:12:59.927+0000] {dag.py:3441} INFO - Setting next_dagrun for example_local_kubernetes_executor to None, run_after=None
[2023-03-08T12:12:59.956+0000] {processor.py:175} INFO - Processing /home/airflow/.local/lib/python3.7/site-packages/airflow/example_dags/example_local_kubernetes_executor.py took 0.168 seconds
[2023-03-08T12:13:30.393+0000] {processor.py:153} INFO - Started process (PID=14319) to work on /home/airflow/.local/lib/python3.7/site-packages/airflow/example_dags/example_local_kubernetes_executor.py
[2023-03-08T12:13:30.395+0000] {processor.py:743} INFO - Processing file /home/airflow/.local/lib/python3.7/site-packages/airflow/example_dags/example_local_kubernetes_executor.py for tasks to queue
[2023-03-08T12:13:30.399+0000] {logging_mixin.py:137} INFO - [2023-03-08T12:13:30.398+0000] {dagbag.py:538} INFO - Filling up the DagBag from /home/airflow/.local/lib/python3.7/site-packages/airflow/example_dags/example_local_kubernetes_executor.py
[2023-03-08T12:13:30.455+0000] {processor.py:753} INFO - DAG(s) dict_keys(['example_local_kubernetes_executor']) retrieved from /home/airflow/.local/lib/python3.7/site-packages/airflow/example_dags/example_local_kubernetes_executor.py
[2023-03-08T12:13:30.506+0000] {logging_mixin.py:137} INFO - [2023-03-08T12:13:30.505+0000] {dag.py:2690} INFO - Sync 1 DAGs
[2023-03-08T12:13:30.546+0000] {logging_mixin.py:137} INFO - [2023-03-08T12:13:30.546+0000] {dag.py:3441} INFO - Setting next_dagrun for example_local_kubernetes_executor to None, run_after=None
[2023-03-08T12:13:30.578+0000] {processor.py:175} INFO - Processing /home/airflow/.local/lib/python3.7/site-packages/airflow/example_dags/example_local_kubernetes_executor.py took 0.193 seconds
[2023-03-08T12:14:01.157+0000] {processor.py:153} INFO - Started process (PID=14388) to work on /home/airflow/.local/lib/python3.7/site-packages/airflow/example_dags/example_local_kubernetes_executor.py
[2023-03-08T12:14:01.176+0000] {processor.py:743} INFO - Processing file /home/airflow/.local/lib/python3.7/site-packages/airflow/example_dags/example_local_kubernetes_executor.py for tasks to queue
[2023-03-08T12:14:01.179+0000] {logging_mixin.py:137} INFO - [2023-03-08T12:14:01.178+0000] {dagbag.py:538} INFO - Filling up the DagBag from /home/airflow/.local/lib/python3.7/site-packages/airflow/example_dags/example_local_kubernetes_executor.py
[2023-03-08T12:14:01.227+0000] {processor.py:753} INFO - DAG(s) dict_keys(['example_local_kubernetes_executor']) retrieved from /home/airflow/.local/lib/python3.7/site-packages/airflow/example_dags/example_local_kubernetes_executor.py
[2023-03-08T12:14:01.293+0000] {logging_mixin.py:137} INFO - [2023-03-08T12:14:01.293+0000] {dag.py:2690} INFO - Sync 1 DAGs
[2023-03-08T12:14:01.333+0000] {logging_mixin.py:137} INFO - [2023-03-08T12:14:01.333+0000] {dag.py:3441} INFO - Setting next_dagrun for example_local_kubernetes_executor to None, run_after=None
[2023-03-08T12:14:01.389+0000] {processor.py:175} INFO - Processing /home/airflow/.local/lib/python3.7/site-packages/airflow/example_dags/example_local_kubernetes_executor.py took 0.236 seconds
[2023-03-08T12:14:31.839+0000] {processor.py:153} INFO - Started process (PID=14446) to work on /home/airflow/.local/lib/python3.7/site-packages/airflow/example_dags/example_local_kubernetes_executor.py
[2023-03-08T12:14:31.842+0000] {processor.py:743} INFO - Processing file /home/airflow/.local/lib/python3.7/site-packages/airflow/example_dags/example_local_kubernetes_executor.py for tasks to queue
[2023-03-08T12:14:31.844+0000] {logging_mixin.py:137} INFO - [2023-03-08T12:14:31.844+0000] {dagbag.py:538} INFO - Filling up the DagBag from /home/airflow/.local/lib/python3.7/site-packages/airflow/example_dags/example_local_kubernetes_executor.py
[2023-03-08T12:14:31.912+0000] {processor.py:753} INFO - DAG(s) dict_keys(['example_local_kubernetes_executor']) retrieved from /home/airflow/.local/lib/python3.7/site-packages/airflow/example_dags/example_local_kubernetes_executor.py
[2023-03-08T12:14:32.003+0000] {logging_mixin.py:137} INFO - [2023-03-08T12:14:32.002+0000] {dag.py:2690} INFO - Sync 1 DAGs
[2023-03-08T12:14:32.050+0000] {logging_mixin.py:137} INFO - [2023-03-08T12:14:32.050+0000] {dag.py:3441} INFO - Setting next_dagrun for example_local_kubernetes_executor to None, run_after=None
[2023-03-08T12:14:32.107+0000] {processor.py:175} INFO - Processing /home/airflow/.local/lib/python3.7/site-packages/airflow/example_dags/example_local_kubernetes_executor.py took 0.290 seconds
[2023-03-08T12:15:02.681+0000] {processor.py:153} INFO - Started process (PID=14504) to work on /home/airflow/.local/lib/python3.7/site-packages/airflow/example_dags/example_local_kubernetes_executor.py
[2023-03-08T12:15:02.710+0000] {processor.py:743} INFO - Processing file /home/airflow/.local/lib/python3.7/site-packages/airflow/example_dags/example_local_kubernetes_executor.py for tasks to queue
[2023-03-08T12:15:02.719+0000] {logging_mixin.py:137} INFO - [2023-03-08T12:15:02.718+0000] {dagbag.py:538} INFO - Filling up the DagBag from /home/airflow/.local/lib/python3.7/site-packages/airflow/example_dags/example_local_kubernetes_executor.py
[2023-03-08T12:15:02.899+0000] {processor.py:753} INFO - DAG(s) dict_keys(['example_local_kubernetes_executor']) retrieved from /home/airflow/.local/lib/python3.7/site-packages/airflow/example_dags/example_local_kubernetes_executor.py
[2023-03-08T12:15:03.077+0000] {logging_mixin.py:137} INFO - [2023-03-08T12:15:03.077+0000] {dag.py:2690} INFO - Sync 1 DAGs
[2023-03-08T12:15:03.245+0000] {logging_mixin.py:137} INFO - [2023-03-08T12:15:03.244+0000] {dag.py:3441} INFO - Setting next_dagrun for example_local_kubernetes_executor to None, run_after=None
[2023-03-08T12:15:03.339+0000] {processor.py:175} INFO - Processing /home/airflow/.local/lib/python3.7/site-packages/airflow/example_dags/example_local_kubernetes_executor.py took 0.677 seconds
[2023-03-08T12:15:33.564+0000] {processor.py:153} INFO - Started process (PID=14564) to work on /home/airflow/.local/lib/python3.7/site-packages/airflow/example_dags/example_local_kubernetes_executor.py
[2023-03-08T12:15:33.567+0000] {processor.py:743} INFO - Processing file /home/airflow/.local/lib/python3.7/site-packages/airflow/example_dags/example_local_kubernetes_executor.py for tasks to queue
[2023-03-08T12:15:33.570+0000] {logging_mixin.py:137} INFO - [2023-03-08T12:15:33.570+0000] {dagbag.py:538} INFO - Filling up the DagBag from /home/airflow/.local/lib/python3.7/site-packages/airflow/example_dags/example_local_kubernetes_executor.py
[2023-03-08T12:15:33.610+0000] {processor.py:753} INFO - DAG(s) dict_keys(['example_local_kubernetes_executor']) retrieved from /home/airflow/.local/lib/python3.7/site-packages/airflow/example_dags/example_local_kubernetes_executor.py
[2023-03-08T12:15:33.662+0000] {logging_mixin.py:137} INFO - [2023-03-08T12:15:33.662+0000] {dag.py:2690} INFO - Sync 1 DAGs
[2023-03-08T12:15:33.703+0000] {logging_mixin.py:137} INFO - [2023-03-08T12:15:33.703+0000] {dag.py:3441} INFO - Setting next_dagrun for example_local_kubernetes_executor to None, run_after=None
[2023-03-08T12:15:33.746+0000] {processor.py:175} INFO - Processing /home/airflow/.local/lib/python3.7/site-packages/airflow/example_dags/example_local_kubernetes_executor.py took 0.191 seconds
[2023-03-08T12:16:03.854+0000] {processor.py:153} INFO - Started process (PID=14633) to work on /home/airflow/.local/lib/python3.7/site-packages/airflow/example_dags/example_local_kubernetes_executor.py
[2023-03-08T12:16:03.856+0000] {processor.py:743} INFO - Processing file /home/airflow/.local/lib/python3.7/site-packages/airflow/example_dags/example_local_kubernetes_executor.py for tasks to queue
[2023-03-08T12:16:03.859+0000] {logging_mixin.py:137} INFO - [2023-03-08T12:16:03.858+0000] {dagbag.py:538} INFO - Filling up the DagBag from /home/airflow/.local/lib/python3.7/site-packages/airflow/example_dags/example_local_kubernetes_executor.py
[2023-03-08T12:16:03.902+0000] {processor.py:753} INFO - DAG(s) dict_keys(['example_local_kubernetes_executor']) retrieved from /home/airflow/.local/lib/python3.7/site-packages/airflow/example_dags/example_local_kubernetes_executor.py
[2023-03-08T12:16:03.942+0000] {logging_mixin.py:137} INFO - [2023-03-08T12:16:03.942+0000] {dag.py:2690} INFO - Sync 1 DAGs
[2023-03-08T12:16:03.978+0000] {logging_mixin.py:137} INFO - [2023-03-08T12:16:03.977+0000] {dag.py:3441} INFO - Setting next_dagrun for example_local_kubernetes_executor to None, run_after=None
[2023-03-08T12:16:04.016+0000] {processor.py:175} INFO - Processing /home/airflow/.local/lib/python3.7/site-packages/airflow/example_dags/example_local_kubernetes_executor.py took 0.166 seconds
[2023-03-08T12:16:34.555+0000] {processor.py:153} INFO - Started process (PID=14692) to work on /home/airflow/.local/lib/python3.7/site-packages/airflow/example_dags/example_local_kubernetes_executor.py
[2023-03-08T12:16:34.557+0000] {processor.py:743} INFO - Processing file /home/airflow/.local/lib/python3.7/site-packages/airflow/example_dags/example_local_kubernetes_executor.py for tasks to queue
[2023-03-08T12:16:34.560+0000] {logging_mixin.py:137} INFO - [2023-03-08T12:16:34.560+0000] {dagbag.py:538} INFO - Filling up the DagBag from /home/airflow/.local/lib/python3.7/site-packages/airflow/example_dags/example_local_kubernetes_executor.py
[2023-03-08T12:16:34.629+0000] {processor.py:753} INFO - DAG(s) dict_keys(['example_local_kubernetes_executor']) retrieved from /home/airflow/.local/lib/python3.7/site-packages/airflow/example_dags/example_local_kubernetes_executor.py
[2023-03-08T12:16:34.702+0000] {logging_mixin.py:137} INFO - [2023-03-08T12:16:34.702+0000] {dag.py:2690} INFO - Sync 1 DAGs
[2023-03-08T12:16:34.768+0000] {logging_mixin.py:137} INFO - [2023-03-08T12:16:34.767+0000] {dag.py:3441} INFO - Setting next_dagrun for example_local_kubernetes_executor to None, run_after=None
[2023-03-08T12:16:34.839+0000] {processor.py:175} INFO - Processing /home/airflow/.local/lib/python3.7/site-packages/airflow/example_dags/example_local_kubernetes_executor.py took 0.303 seconds
[2023-03-08T12:17:05.132+0000] {processor.py:153} INFO - Started process (PID=14759) to work on /home/airflow/.local/lib/python3.7/site-packages/airflow/example_dags/example_local_kubernetes_executor.py
[2023-03-08T12:17:05.135+0000] {processor.py:743} INFO - Processing file /home/airflow/.local/lib/python3.7/site-packages/airflow/example_dags/example_local_kubernetes_executor.py for tasks to queue
[2023-03-08T12:17:05.137+0000] {logging_mixin.py:137} INFO - [2023-03-08T12:17:05.136+0000] {dagbag.py:538} INFO - Filling up the DagBag from /home/airflow/.local/lib/python3.7/site-packages/airflow/example_dags/example_local_kubernetes_executor.py
[2023-03-08T12:17:05.222+0000] {processor.py:753} INFO - DAG(s) dict_keys(['example_local_kubernetes_executor']) retrieved from /home/airflow/.local/lib/python3.7/site-packages/airflow/example_dags/example_local_kubernetes_executor.py
[2023-03-08T12:17:05.276+0000] {logging_mixin.py:137} INFO - [2023-03-08T12:17:05.276+0000] {dag.py:2690} INFO - Sync 1 DAGs
[2023-03-08T12:17:05.338+0000] {logging_mixin.py:137} INFO - [2023-03-08T12:17:05.338+0000] {dag.py:3441} INFO - Setting next_dagrun for example_local_kubernetes_executor to None, run_after=None
[2023-03-08T12:17:05.382+0000] {processor.py:175} INFO - Processing /home/airflow/.local/lib/python3.7/site-packages/airflow/example_dags/example_local_kubernetes_executor.py took 0.262 seconds
[2023-03-08T12:17:35.569+0000] {processor.py:153} INFO - Started process (PID=14818) to work on /home/airflow/.local/lib/python3.7/site-packages/airflow/example_dags/example_local_kubernetes_executor.py
[2023-03-08T12:17:35.572+0000] {processor.py:743} INFO - Processing file /home/airflow/.local/lib/python3.7/site-packages/airflow/example_dags/example_local_kubernetes_executor.py for tasks to queue
[2023-03-08T12:17:35.575+0000] {logging_mixin.py:137} INFO - [2023-03-08T12:17:35.575+0000] {dagbag.py:538} INFO - Filling up the DagBag from /home/airflow/.local/lib/python3.7/site-packages/airflow/example_dags/example_local_kubernetes_executor.py
[2023-03-08T12:17:35.612+0000] {processor.py:753} INFO - DAG(s) dict_keys(['example_local_kubernetes_executor']) retrieved from /home/airflow/.local/lib/python3.7/site-packages/airflow/example_dags/example_local_kubernetes_executor.py
[2023-03-08T12:17:35.653+0000] {logging_mixin.py:137} INFO - [2023-03-08T12:17:35.652+0000] {dag.py:2690} INFO - Sync 1 DAGs
[2023-03-08T12:17:35.680+0000] {logging_mixin.py:137} INFO - [2023-03-08T12:17:35.679+0000] {dag.py:3441} INFO - Setting next_dagrun for example_local_kubernetes_executor to None, run_after=None
[2023-03-08T12:17:35.705+0000] {processor.py:175} INFO - Processing /home/airflow/.local/lib/python3.7/site-packages/airflow/example_dags/example_local_kubernetes_executor.py took 0.141 seconds
