[2023-03-08T03:17:54.446+0000] {processor.py:153} INFO - Started process (PID=12219) to work on /home/airflow/.local/lib/python3.7/site-packages/airflow/example_dags/example_kubernetes_executor.py
[2023-03-08T03:17:54.451+0000] {processor.py:743} INFO - Processing file /home/airflow/.local/lib/python3.7/site-packages/airflow/example_dags/example_kubernetes_executor.py for tasks to queue
[2023-03-08T03:17:54.454+0000] {logging_mixin.py:137} INFO - [2023-03-08T03:17:54.454+0000] {dagbag.py:538} INFO - Filling up the DagBag from /home/airflow/.local/lib/python3.7/site-packages/airflow/example_dags/example_kubernetes_executor.py
[2023-03-08T03:17:54.569+0000] {processor.py:753} INFO - DAG(s) dict_keys(['example_kubernetes_executor']) retrieved from /home/airflow/.local/lib/python3.7/site-packages/airflow/example_dags/example_kubernetes_executor.py
[2023-03-08T03:17:54.663+0000] {logging_mixin.py:137} INFO - [2023-03-08T03:17:54.663+0000] {dag.py:2690} INFO - Sync 1 DAGs
[2023-03-08T03:17:54.717+0000] {logging_mixin.py:137} INFO - [2023-03-08T03:17:54.717+0000] {dag.py:3441} INFO - Setting next_dagrun for example_kubernetes_executor to None, run_after=None
[2023-03-08T03:17:54.787+0000] {processor.py:175} INFO - Processing /home/airflow/.local/lib/python3.7/site-packages/airflow/example_dags/example_kubernetes_executor.py took 0.350 seconds
[2023-03-08T11:56:39.043+0000] {processor.py:153} INFO - Started process (PID=12314) to work on /home/airflow/.local/lib/python3.7/site-packages/airflow/example_dags/example_kubernetes_executor.py
[2023-03-08T11:56:39.057+0000] {processor.py:743} INFO - Processing file /home/airflow/.local/lib/python3.7/site-packages/airflow/example_dags/example_kubernetes_executor.py for tasks to queue
[2023-03-08T11:56:39.076+0000] {logging_mixin.py:137} INFO - [2023-03-08T11:56:39.075+0000] {dagbag.py:538} INFO - Filling up the DagBag from /home/airflow/.local/lib/python3.7/site-packages/airflow/example_dags/example_kubernetes_executor.py
[2023-03-08T11:56:39.465+0000] {processor.py:753} INFO - DAG(s) dict_keys(['example_kubernetes_executor']) retrieved from /home/airflow/.local/lib/python3.7/site-packages/airflow/example_dags/example_kubernetes_executor.py
[2023-03-08T11:56:39.751+0000] {logging_mixin.py:137} INFO - [2023-03-08T11:56:39.751+0000] {dag.py:2690} INFO - Sync 1 DAGs
[2023-03-08T11:56:39.984+0000] {logging_mixin.py:137} INFO - [2023-03-08T11:56:39.970+0000] {dag.py:3441} INFO - Setting next_dagrun for example_kubernetes_executor to None, run_after=None
[2023-03-08T11:56:40.177+0000] {processor.py:175} INFO - Processing /home/airflow/.local/lib/python3.7/site-packages/airflow/example_dags/example_kubernetes_executor.py took 1.159 seconds
[2023-03-08T11:57:11.251+0000] {processor.py:153} INFO - Started process (PID=12366) to work on /home/airflow/.local/lib/python3.7/site-packages/airflow/example_dags/example_kubernetes_executor.py
[2023-03-08T11:57:11.255+0000] {processor.py:743} INFO - Processing file /home/airflow/.local/lib/python3.7/site-packages/airflow/example_dags/example_kubernetes_executor.py for tasks to queue
[2023-03-08T11:57:11.261+0000] {logging_mixin.py:137} INFO - [2023-03-08T11:57:11.260+0000] {dagbag.py:538} INFO - Filling up the DagBag from /home/airflow/.local/lib/python3.7/site-packages/airflow/example_dags/example_kubernetes_executor.py
[2023-03-08T11:57:11.352+0000] {processor.py:753} INFO - DAG(s) dict_keys(['example_kubernetes_executor']) retrieved from /home/airflow/.local/lib/python3.7/site-packages/airflow/example_dags/example_kubernetes_executor.py
[2023-03-08T11:57:11.417+0000] {logging_mixin.py:137} INFO - [2023-03-08T11:57:11.417+0000] {dag.py:2690} INFO - Sync 1 DAGs
[2023-03-08T11:57:11.468+0000] {logging_mixin.py:137} INFO - [2023-03-08T11:57:11.467+0000] {dag.py:3441} INFO - Setting next_dagrun for example_kubernetes_executor to None, run_after=None
[2023-03-08T11:57:11.539+0000] {processor.py:175} INFO - Processing /home/airflow/.local/lib/python3.7/site-packages/airflow/example_dags/example_kubernetes_executor.py took 0.299 seconds
[2023-03-08T11:57:41.959+0000] {processor.py:153} INFO - Started process (PID=12425) to work on /home/airflow/.local/lib/python3.7/site-packages/airflow/example_dags/example_kubernetes_executor.py
[2023-03-08T11:57:41.964+0000] {processor.py:743} INFO - Processing file /home/airflow/.local/lib/python3.7/site-packages/airflow/example_dags/example_kubernetes_executor.py for tasks to queue
[2023-03-08T11:57:41.968+0000] {logging_mixin.py:137} INFO - [2023-03-08T11:57:41.968+0000] {dagbag.py:538} INFO - Filling up the DagBag from /home/airflow/.local/lib/python3.7/site-packages/airflow/example_dags/example_kubernetes_executor.py
[2023-03-08T11:57:42.051+0000] {processor.py:753} INFO - DAG(s) dict_keys(['example_kubernetes_executor']) retrieved from /home/airflow/.local/lib/python3.7/site-packages/airflow/example_dags/example_kubernetes_executor.py
[2023-03-08T11:57:42.108+0000] {logging_mixin.py:137} INFO - [2023-03-08T11:57:42.108+0000] {dag.py:2690} INFO - Sync 1 DAGs
[2023-03-08T11:57:42.176+0000] {logging_mixin.py:137} INFO - [2023-03-08T11:57:42.176+0000] {dag.py:3441} INFO - Setting next_dagrun for example_kubernetes_executor to None, run_after=None
[2023-03-08T11:57:42.267+0000] {processor.py:175} INFO - Processing /home/airflow/.local/lib/python3.7/site-packages/airflow/example_dags/example_kubernetes_executor.py took 0.330 seconds
[2023-03-08T11:58:12.542+0000] {processor.py:153} INFO - Started process (PID=12484) to work on /home/airflow/.local/lib/python3.7/site-packages/airflow/example_dags/example_kubernetes_executor.py
[2023-03-08T11:58:12.550+0000] {processor.py:743} INFO - Processing file /home/airflow/.local/lib/python3.7/site-packages/airflow/example_dags/example_kubernetes_executor.py for tasks to queue
[2023-03-08T11:58:12.553+0000] {logging_mixin.py:137} INFO - [2023-03-08T11:58:12.553+0000] {dagbag.py:538} INFO - Filling up the DagBag from /home/airflow/.local/lib/python3.7/site-packages/airflow/example_dags/example_kubernetes_executor.py
[2023-03-08T11:58:12.689+0000] {processor.py:753} INFO - DAG(s) dict_keys(['example_kubernetes_executor']) retrieved from /home/airflow/.local/lib/python3.7/site-packages/airflow/example_dags/example_kubernetes_executor.py
[2023-03-08T11:58:12.765+0000] {logging_mixin.py:137} INFO - [2023-03-08T11:58:12.765+0000] {dag.py:2690} INFO - Sync 1 DAGs
[2023-03-08T11:58:12.801+0000] {logging_mixin.py:137} INFO - [2023-03-08T11:58:12.801+0000] {dag.py:3441} INFO - Setting next_dagrun for example_kubernetes_executor to None, run_after=None
[2023-03-08T11:58:12.857+0000] {processor.py:175} INFO - Processing /home/airflow/.local/lib/python3.7/site-packages/airflow/example_dags/example_kubernetes_executor.py took 0.334 seconds
[2023-03-08T11:58:42.948+0000] {processor.py:153} INFO - Started process (PID=12552) to work on /home/airflow/.local/lib/python3.7/site-packages/airflow/example_dags/example_kubernetes_executor.py
[2023-03-08T11:58:42.952+0000] {processor.py:743} INFO - Processing file /home/airflow/.local/lib/python3.7/site-packages/airflow/example_dags/example_kubernetes_executor.py for tasks to queue
[2023-03-08T11:58:42.955+0000] {logging_mixin.py:137} INFO - [2023-03-08T11:58:42.955+0000] {dagbag.py:538} INFO - Filling up the DagBag from /home/airflow/.local/lib/python3.7/site-packages/airflow/example_dags/example_kubernetes_executor.py
[2023-03-08T11:58:43.038+0000] {processor.py:753} INFO - DAG(s) dict_keys(['example_kubernetes_executor']) retrieved from /home/airflow/.local/lib/python3.7/site-packages/airflow/example_dags/example_kubernetes_executor.py
[2023-03-08T11:58:43.135+0000] {logging_mixin.py:137} INFO - [2023-03-08T11:58:43.135+0000] {dag.py:2690} INFO - Sync 1 DAGs
[2023-03-08T11:58:43.202+0000] {logging_mixin.py:137} INFO - [2023-03-08T11:58:43.201+0000] {dag.py:3441} INFO - Setting next_dagrun for example_kubernetes_executor to None, run_after=None
[2023-03-08T11:58:43.262+0000] {processor.py:175} INFO - Processing /home/airflow/.local/lib/python3.7/site-packages/airflow/example_dags/example_kubernetes_executor.py took 0.323 seconds
[2023-03-08T11:59:13.672+0000] {processor.py:153} INFO - Started process (PID=12609) to work on /home/airflow/.local/lib/python3.7/site-packages/airflow/example_dags/example_kubernetes_executor.py
[2023-03-08T11:59:13.679+0000] {processor.py:743} INFO - Processing file /home/airflow/.local/lib/python3.7/site-packages/airflow/example_dags/example_kubernetes_executor.py for tasks to queue
[2023-03-08T11:59:13.686+0000] {logging_mixin.py:137} INFO - [2023-03-08T11:59:13.686+0000] {dagbag.py:538} INFO - Filling up the DagBag from /home/airflow/.local/lib/python3.7/site-packages/airflow/example_dags/example_kubernetes_executor.py
[2023-03-08T11:59:13.845+0000] {processor.py:753} INFO - DAG(s) dict_keys(['example_kubernetes_executor']) retrieved from /home/airflow/.local/lib/python3.7/site-packages/airflow/example_dags/example_kubernetes_executor.py
[2023-03-08T11:59:13.913+0000] {logging_mixin.py:137} INFO - [2023-03-08T11:59:13.912+0000] {dag.py:2690} INFO - Sync 1 DAGs
[2023-03-08T11:59:13.970+0000] {logging_mixin.py:137} INFO - [2023-03-08T11:59:13.969+0000] {dag.py:3441} INFO - Setting next_dagrun for example_kubernetes_executor to None, run_after=None
[2023-03-08T11:59:14.027+0000] {processor.py:175} INFO - Processing /home/airflow/.local/lib/python3.7/site-packages/airflow/example_dags/example_kubernetes_executor.py took 0.367 seconds
[2023-03-08T11:59:44.449+0000] {processor.py:153} INFO - Started process (PID=12668) to work on /home/airflow/.local/lib/python3.7/site-packages/airflow/example_dags/example_kubernetes_executor.py
[2023-03-08T11:59:44.452+0000] {processor.py:743} INFO - Processing file /home/airflow/.local/lib/python3.7/site-packages/airflow/example_dags/example_kubernetes_executor.py for tasks to queue
[2023-03-08T11:59:44.454+0000] {logging_mixin.py:137} INFO - [2023-03-08T11:59:44.454+0000] {dagbag.py:538} INFO - Filling up the DagBag from /home/airflow/.local/lib/python3.7/site-packages/airflow/example_dags/example_kubernetes_executor.py
[2023-03-08T11:59:44.503+0000] {processor.py:753} INFO - DAG(s) dict_keys(['example_kubernetes_executor']) retrieved from /home/airflow/.local/lib/python3.7/site-packages/airflow/example_dags/example_kubernetes_executor.py
[2023-03-08T11:59:44.549+0000] {logging_mixin.py:137} INFO - [2023-03-08T11:59:44.549+0000] {dag.py:2690} INFO - Sync 1 DAGs
[2023-03-08T11:59:44.625+0000] {logging_mixin.py:137} INFO - [2023-03-08T11:59:44.624+0000] {dag.py:3441} INFO - Setting next_dagrun for example_kubernetes_executor to None, run_after=None
[2023-03-08T11:59:44.673+0000] {processor.py:175} INFO - Processing /home/airflow/.local/lib/python3.7/site-packages/airflow/example_dags/example_kubernetes_executor.py took 0.233 seconds
[2023-03-08T12:00:14.949+0000] {processor.py:153} INFO - Started process (PID=12726) to work on /home/airflow/.local/lib/python3.7/site-packages/airflow/example_dags/example_kubernetes_executor.py
[2023-03-08T12:00:14.958+0000] {processor.py:743} INFO - Processing file /home/airflow/.local/lib/python3.7/site-packages/airflow/example_dags/example_kubernetes_executor.py for tasks to queue
[2023-03-08T12:00:14.963+0000] {logging_mixin.py:137} INFO - [2023-03-08T12:00:14.963+0000] {dagbag.py:538} INFO - Filling up the DagBag from /home/airflow/.local/lib/python3.7/site-packages/airflow/example_dags/example_kubernetes_executor.py
[2023-03-08T12:00:15.018+0000] {processor.py:753} INFO - DAG(s) dict_keys(['example_kubernetes_executor']) retrieved from /home/airflow/.local/lib/python3.7/site-packages/airflow/example_dags/example_kubernetes_executor.py
[2023-03-08T12:00:15.106+0000] {logging_mixin.py:137} INFO - [2023-03-08T12:00:15.106+0000] {dag.py:2690} INFO - Sync 1 DAGs
[2023-03-08T12:00:15.136+0000] {logging_mixin.py:137} INFO - [2023-03-08T12:00:15.135+0000] {dag.py:3441} INFO - Setting next_dagrun for example_kubernetes_executor to None, run_after=None
[2023-03-08T12:00:15.171+0000] {processor.py:175} INFO - Processing /home/airflow/.local/lib/python3.7/site-packages/airflow/example_dags/example_kubernetes_executor.py took 0.237 seconds
[2023-03-08T12:00:45.268+0000] {processor.py:153} INFO - Started process (PID=12783) to work on /home/airflow/.local/lib/python3.7/site-packages/airflow/example_dags/example_kubernetes_executor.py
[2023-03-08T12:00:45.275+0000] {processor.py:743} INFO - Processing file /home/airflow/.local/lib/python3.7/site-packages/airflow/example_dags/example_kubernetes_executor.py for tasks to queue
[2023-03-08T12:00:45.286+0000] {logging_mixin.py:137} INFO - [2023-03-08T12:00:45.279+0000] {dagbag.py:538} INFO - Filling up the DagBag from /home/airflow/.local/lib/python3.7/site-packages/airflow/example_dags/example_kubernetes_executor.py
[2023-03-08T12:00:45.545+0000] {processor.py:753} INFO - DAG(s) dict_keys(['example_kubernetes_executor']) retrieved from /home/airflow/.local/lib/python3.7/site-packages/airflow/example_dags/example_kubernetes_executor.py
[2023-03-08T12:00:45.717+0000] {logging_mixin.py:137} INFO - [2023-03-08T12:00:45.717+0000] {dag.py:2690} INFO - Sync 1 DAGs
[2023-03-08T12:00:45.795+0000] {logging_mixin.py:137} INFO - [2023-03-08T12:00:45.795+0000] {dag.py:3441} INFO - Setting next_dagrun for example_kubernetes_executor to None, run_after=None
[2023-03-08T12:00:45.898+0000] {processor.py:175} INFO - Processing /home/airflow/.local/lib/python3.7/site-packages/airflow/example_dags/example_kubernetes_executor.py took 0.640 seconds
[2023-03-08T12:01:16.225+0000] {processor.py:153} INFO - Started process (PID=12850) to work on /home/airflow/.local/lib/python3.7/site-packages/airflow/example_dags/example_kubernetes_executor.py
[2023-03-08T12:01:16.239+0000] {processor.py:743} INFO - Processing file /home/airflow/.local/lib/python3.7/site-packages/airflow/example_dags/example_kubernetes_executor.py for tasks to queue
[2023-03-08T12:01:16.251+0000] {logging_mixin.py:137} INFO - [2023-03-08T12:01:16.247+0000] {dagbag.py:538} INFO - Filling up the DagBag from /home/airflow/.local/lib/python3.7/site-packages/airflow/example_dags/example_kubernetes_executor.py
[2023-03-08T12:01:16.437+0000] {processor.py:753} INFO - DAG(s) dict_keys(['example_kubernetes_executor']) retrieved from /home/airflow/.local/lib/python3.7/site-packages/airflow/example_dags/example_kubernetes_executor.py
[2023-03-08T12:01:16.504+0000] {logging_mixin.py:137} INFO - [2023-03-08T12:01:16.504+0000] {dag.py:2690} INFO - Sync 1 DAGs
[2023-03-08T12:01:16.598+0000] {logging_mixin.py:137} INFO - [2023-03-08T12:01:16.598+0000] {dag.py:3441} INFO - Setting next_dagrun for example_kubernetes_executor to None, run_after=None
[2023-03-08T12:01:16.708+0000] {processor.py:175} INFO - Processing /home/airflow/.local/lib/python3.7/site-packages/airflow/example_dags/example_kubernetes_executor.py took 0.499 seconds
[2023-03-08T12:01:46.914+0000] {processor.py:153} INFO - Started process (PID=12909) to work on /home/airflow/.local/lib/python3.7/site-packages/airflow/example_dags/example_kubernetes_executor.py
[2023-03-08T12:01:46.917+0000] {processor.py:743} INFO - Processing file /home/airflow/.local/lib/python3.7/site-packages/airflow/example_dags/example_kubernetes_executor.py for tasks to queue
[2023-03-08T12:01:46.919+0000] {logging_mixin.py:137} INFO - [2023-03-08T12:01:46.919+0000] {dagbag.py:538} INFO - Filling up the DagBag from /home/airflow/.local/lib/python3.7/site-packages/airflow/example_dags/example_kubernetes_executor.py
[2023-03-08T12:01:46.963+0000] {processor.py:753} INFO - DAG(s) dict_keys(['example_kubernetes_executor']) retrieved from /home/airflow/.local/lib/python3.7/site-packages/airflow/example_dags/example_kubernetes_executor.py
[2023-03-08T12:01:47.024+0000] {logging_mixin.py:137} INFO - [2023-03-08T12:01:47.024+0000] {dag.py:2690} INFO - Sync 1 DAGs
[2023-03-08T12:01:47.065+0000] {logging_mixin.py:137} INFO - [2023-03-08T12:01:47.064+0000] {dag.py:3441} INFO - Setting next_dagrun for example_kubernetes_executor to None, run_after=None
[2023-03-08T12:01:47.098+0000] {processor.py:175} INFO - Processing /home/airflow/.local/lib/python3.7/site-packages/airflow/example_dags/example_kubernetes_executor.py took 0.192 seconds
[2023-03-08T12:02:17.162+0000] {processor.py:153} INFO - Started process (PID=12966) to work on /home/airflow/.local/lib/python3.7/site-packages/airflow/example_dags/example_kubernetes_executor.py
[2023-03-08T12:02:17.166+0000] {processor.py:743} INFO - Processing file /home/airflow/.local/lib/python3.7/site-packages/airflow/example_dags/example_kubernetes_executor.py for tasks to queue
[2023-03-08T12:02:17.169+0000] {logging_mixin.py:137} INFO - [2023-03-08T12:02:17.169+0000] {dagbag.py:538} INFO - Filling up the DagBag from /home/airflow/.local/lib/python3.7/site-packages/airflow/example_dags/example_kubernetes_executor.py
[2023-03-08T12:02:17.256+0000] {processor.py:753} INFO - DAG(s) dict_keys(['example_kubernetes_executor']) retrieved from /home/airflow/.local/lib/python3.7/site-packages/airflow/example_dags/example_kubernetes_executor.py
[2023-03-08T12:02:17.308+0000] {logging_mixin.py:137} INFO - [2023-03-08T12:02:17.308+0000] {dag.py:2690} INFO - Sync 1 DAGs
[2023-03-08T12:02:17.403+0000] {logging_mixin.py:137} INFO - [2023-03-08T12:02:17.403+0000] {dag.py:3441} INFO - Setting next_dagrun for example_kubernetes_executor to None, run_after=None
[2023-03-08T12:02:17.460+0000] {processor.py:175} INFO - Processing /home/airflow/.local/lib/python3.7/site-packages/airflow/example_dags/example_kubernetes_executor.py took 0.305 seconds
[2023-03-08T12:02:47.562+0000] {processor.py:153} INFO - Started process (PID=13034) to work on /home/airflow/.local/lib/python3.7/site-packages/airflow/example_dags/example_kubernetes_executor.py
[2023-03-08T12:02:47.566+0000] {processor.py:743} INFO - Processing file /home/airflow/.local/lib/python3.7/site-packages/airflow/example_dags/example_kubernetes_executor.py for tasks to queue
[2023-03-08T12:02:47.574+0000] {logging_mixin.py:137} INFO - [2023-03-08T12:02:47.568+0000] {dagbag.py:538} INFO - Filling up the DagBag from /home/airflow/.local/lib/python3.7/site-packages/airflow/example_dags/example_kubernetes_executor.py
[2023-03-08T12:02:47.657+0000] {processor.py:753} INFO - DAG(s) dict_keys(['example_kubernetes_executor']) retrieved from /home/airflow/.local/lib/python3.7/site-packages/airflow/example_dags/example_kubernetes_executor.py
[2023-03-08T12:02:47.749+0000] {logging_mixin.py:137} INFO - [2023-03-08T12:02:47.749+0000] {dag.py:2690} INFO - Sync 1 DAGs
[2023-03-08T12:02:47.784+0000] {logging_mixin.py:137} INFO - [2023-03-08T12:02:47.784+0000] {dag.py:3441} INFO - Setting next_dagrun for example_kubernetes_executor to None, run_after=None
[2023-03-08T12:02:47.819+0000] {processor.py:175} INFO - Processing /home/airflow/.local/lib/python3.7/site-packages/airflow/example_dags/example_kubernetes_executor.py took 0.262 seconds
[2023-03-08T12:03:17.906+0000] {processor.py:153} INFO - Started process (PID=13094) to work on /home/airflow/.local/lib/python3.7/site-packages/airflow/example_dags/example_kubernetes_executor.py
[2023-03-08T12:03:17.916+0000] {processor.py:743} INFO - Processing file /home/airflow/.local/lib/python3.7/site-packages/airflow/example_dags/example_kubernetes_executor.py for tasks to queue
[2023-03-08T12:03:17.920+0000] {logging_mixin.py:137} INFO - [2023-03-08T12:03:17.920+0000] {dagbag.py:538} INFO - Filling up the DagBag from /home/airflow/.local/lib/python3.7/site-packages/airflow/example_dags/example_kubernetes_executor.py
[2023-03-08T12:03:18.015+0000] {processor.py:753} INFO - DAG(s) dict_keys(['example_kubernetes_executor']) retrieved from /home/airflow/.local/lib/python3.7/site-packages/airflow/example_dags/example_kubernetes_executor.py
[2023-03-08T12:03:18.098+0000] {logging_mixin.py:137} INFO - [2023-03-08T12:03:18.098+0000] {dag.py:2690} INFO - Sync 1 DAGs
[2023-03-08T12:03:18.144+0000] {logging_mixin.py:137} INFO - [2023-03-08T12:03:18.143+0000] {dag.py:3441} INFO - Setting next_dagrun for example_kubernetes_executor to None, run_after=None
[2023-03-08T12:03:18.213+0000] {processor.py:175} INFO - Processing /home/airflow/.local/lib/python3.7/site-packages/airflow/example_dags/example_kubernetes_executor.py took 0.317 seconds
[2023-03-08T12:03:48.402+0000] {processor.py:153} INFO - Started process (PID=13152) to work on /home/airflow/.local/lib/python3.7/site-packages/airflow/example_dags/example_kubernetes_executor.py
[2023-03-08T12:03:48.405+0000] {processor.py:743} INFO - Processing file /home/airflow/.local/lib/python3.7/site-packages/airflow/example_dags/example_kubernetes_executor.py for tasks to queue
[2023-03-08T12:03:48.407+0000] {logging_mixin.py:137} INFO - [2023-03-08T12:03:48.407+0000] {dagbag.py:538} INFO - Filling up the DagBag from /home/airflow/.local/lib/python3.7/site-packages/airflow/example_dags/example_kubernetes_executor.py
[2023-03-08T12:03:48.459+0000] {processor.py:753} INFO - DAG(s) dict_keys(['example_kubernetes_executor']) retrieved from /home/airflow/.local/lib/python3.7/site-packages/airflow/example_dags/example_kubernetes_executor.py
[2023-03-08T12:03:48.513+0000] {logging_mixin.py:137} INFO - [2023-03-08T12:03:48.513+0000] {dag.py:2690} INFO - Sync 1 DAGs
[2023-03-08T12:03:48.553+0000] {logging_mixin.py:137} INFO - [2023-03-08T12:03:48.553+0000] {dag.py:3441} INFO - Setting next_dagrun for example_kubernetes_executor to None, run_after=None
[2023-03-08T12:03:48.590+0000] {processor.py:175} INFO - Processing /home/airflow/.local/lib/python3.7/site-packages/airflow/example_dags/example_kubernetes_executor.py took 0.193 seconds
[2023-03-08T12:04:18.898+0000] {processor.py:153} INFO - Started process (PID=13220) to work on /home/airflow/.local/lib/python3.7/site-packages/airflow/example_dags/example_kubernetes_executor.py
[2023-03-08T12:04:18.900+0000] {processor.py:743} INFO - Processing file /home/airflow/.local/lib/python3.7/site-packages/airflow/example_dags/example_kubernetes_executor.py for tasks to queue
[2023-03-08T12:04:18.906+0000] {logging_mixin.py:137} INFO - [2023-03-08T12:04:18.906+0000] {dagbag.py:538} INFO - Filling up the DagBag from /home/airflow/.local/lib/python3.7/site-packages/airflow/example_dags/example_kubernetes_executor.py
[2023-03-08T12:04:18.990+0000] {processor.py:753} INFO - DAG(s) dict_keys(['example_kubernetes_executor']) retrieved from /home/airflow/.local/lib/python3.7/site-packages/airflow/example_dags/example_kubernetes_executor.py
[2023-03-08T12:04:19.061+0000] {logging_mixin.py:137} INFO - [2023-03-08T12:04:19.061+0000] {dag.py:2690} INFO - Sync 1 DAGs
[2023-03-08T12:04:19.118+0000] {logging_mixin.py:137} INFO - [2023-03-08T12:04:19.118+0000] {dag.py:3441} INFO - Setting next_dagrun for example_kubernetes_executor to None, run_after=None
[2023-03-08T12:04:19.178+0000] {processor.py:175} INFO - Processing /home/airflow/.local/lib/python3.7/site-packages/airflow/example_dags/example_kubernetes_executor.py took 0.293 seconds
[2023-03-08T12:04:49.314+0000] {processor.py:153} INFO - Started process (PID=13279) to work on /home/airflow/.local/lib/python3.7/site-packages/airflow/example_dags/example_kubernetes_executor.py
[2023-03-08T12:04:49.319+0000] {processor.py:743} INFO - Processing file /home/airflow/.local/lib/python3.7/site-packages/airflow/example_dags/example_kubernetes_executor.py for tasks to queue
[2023-03-08T12:04:49.324+0000] {logging_mixin.py:137} INFO - [2023-03-08T12:04:49.323+0000] {dagbag.py:538} INFO - Filling up the DagBag from /home/airflow/.local/lib/python3.7/site-packages/airflow/example_dags/example_kubernetes_executor.py
[2023-03-08T12:04:49.445+0000] {processor.py:753} INFO - DAG(s) dict_keys(['example_kubernetes_executor']) retrieved from /home/airflow/.local/lib/python3.7/site-packages/airflow/example_dags/example_kubernetes_executor.py
[2023-03-08T12:04:49.546+0000] {logging_mixin.py:137} INFO - [2023-03-08T12:04:49.546+0000] {dag.py:2690} INFO - Sync 1 DAGs
[2023-03-08T12:04:49.624+0000] {logging_mixin.py:137} INFO - [2023-03-08T12:04:49.624+0000] {dag.py:3441} INFO - Setting next_dagrun for example_kubernetes_executor to None, run_after=None
[2023-03-08T12:04:49.712+0000] {processor.py:175} INFO - Processing /home/airflow/.local/lib/python3.7/site-packages/airflow/example_dags/example_kubernetes_executor.py took 0.409 seconds
[2023-03-08T12:05:19.989+0000] {processor.py:153} INFO - Started process (PID=13348) to work on /home/airflow/.local/lib/python3.7/site-packages/airflow/example_dags/example_kubernetes_executor.py
[2023-03-08T12:05:19.995+0000] {processor.py:743} INFO - Processing file /home/airflow/.local/lib/python3.7/site-packages/airflow/example_dags/example_kubernetes_executor.py for tasks to queue
[2023-03-08T12:05:20.000+0000] {logging_mixin.py:137} INFO - [2023-03-08T12:05:19.999+0000] {dagbag.py:538} INFO - Filling up the DagBag from /home/airflow/.local/lib/python3.7/site-packages/airflow/example_dags/example_kubernetes_executor.py
[2023-03-08T12:05:20.092+0000] {processor.py:753} INFO - DAG(s) dict_keys(['example_kubernetes_executor']) retrieved from /home/airflow/.local/lib/python3.7/site-packages/airflow/example_dags/example_kubernetes_executor.py
[2023-03-08T12:05:20.142+0000] {logging_mixin.py:137} INFO - [2023-03-08T12:05:20.142+0000] {dag.py:2690} INFO - Sync 1 DAGs
[2023-03-08T12:05:20.181+0000] {logging_mixin.py:137} INFO - [2023-03-08T12:05:20.181+0000] {dag.py:3441} INFO - Setting next_dagrun for example_kubernetes_executor to None, run_after=None
[2023-03-08T12:05:20.242+0000] {processor.py:175} INFO - Processing /home/airflow/.local/lib/python3.7/site-packages/airflow/example_dags/example_kubernetes_executor.py took 0.269 seconds
[2023-03-08T12:05:50.339+0000] {processor.py:153} INFO - Started process (PID=13405) to work on /home/airflow/.local/lib/python3.7/site-packages/airflow/example_dags/example_kubernetes_executor.py
[2023-03-08T12:05:50.343+0000] {processor.py:743} INFO - Processing file /home/airflow/.local/lib/python3.7/site-packages/airflow/example_dags/example_kubernetes_executor.py for tasks to queue
[2023-03-08T12:05:50.345+0000] {logging_mixin.py:137} INFO - [2023-03-08T12:05:50.345+0000] {dagbag.py:538} INFO - Filling up the DagBag from /home/airflow/.local/lib/python3.7/site-packages/airflow/example_dags/example_kubernetes_executor.py
[2023-03-08T12:05:50.390+0000] {processor.py:753} INFO - DAG(s) dict_keys(['example_kubernetes_executor']) retrieved from /home/airflow/.local/lib/python3.7/site-packages/airflow/example_dags/example_kubernetes_executor.py
[2023-03-08T12:05:50.439+0000] {logging_mixin.py:137} INFO - [2023-03-08T12:05:50.439+0000] {dag.py:2690} INFO - Sync 1 DAGs
[2023-03-08T12:05:50.474+0000] {logging_mixin.py:137} INFO - [2023-03-08T12:05:50.474+0000] {dag.py:3441} INFO - Setting next_dagrun for example_kubernetes_executor to None, run_after=None
[2023-03-08T12:05:50.520+0000] {processor.py:175} INFO - Processing /home/airflow/.local/lib/python3.7/site-packages/airflow/example_dags/example_kubernetes_executor.py took 0.190 seconds
[2023-03-08T12:06:21.349+0000] {processor.py:153} INFO - Started process (PID=13463) to work on /home/airflow/.local/lib/python3.7/site-packages/airflow/example_dags/example_kubernetes_executor.py
[2023-03-08T12:06:21.354+0000] {processor.py:743} INFO - Processing file /home/airflow/.local/lib/python3.7/site-packages/airflow/example_dags/example_kubernetes_executor.py for tasks to queue
[2023-03-08T12:06:21.359+0000] {logging_mixin.py:137} INFO - [2023-03-08T12:06:21.358+0000] {dagbag.py:538} INFO - Filling up the DagBag from /home/airflow/.local/lib/python3.7/site-packages/airflow/example_dags/example_kubernetes_executor.py
[2023-03-08T12:06:21.434+0000] {processor.py:753} INFO - DAG(s) dict_keys(['example_kubernetes_executor']) retrieved from /home/airflow/.local/lib/python3.7/site-packages/airflow/example_dags/example_kubernetes_executor.py
[2023-03-08T12:06:21.481+0000] {logging_mixin.py:137} INFO - [2023-03-08T12:06:21.481+0000] {dag.py:2690} INFO - Sync 1 DAGs
[2023-03-08T12:06:21.523+0000] {logging_mixin.py:137} INFO - [2023-03-08T12:06:21.523+0000] {dag.py:3441} INFO - Setting next_dagrun for example_kubernetes_executor to None, run_after=None
[2023-03-08T12:06:21.554+0000] {processor.py:175} INFO - Processing /home/airflow/.local/lib/python3.7/site-packages/airflow/example_dags/example_kubernetes_executor.py took 0.212 seconds
[2023-03-08T12:06:52.016+0000] {processor.py:153} INFO - Started process (PID=13520) to work on /home/airflow/.local/lib/python3.7/site-packages/airflow/example_dags/example_kubernetes_executor.py
[2023-03-08T12:06:52.021+0000] {processor.py:743} INFO - Processing file /home/airflow/.local/lib/python3.7/site-packages/airflow/example_dags/example_kubernetes_executor.py for tasks to queue
[2023-03-08T12:06:52.029+0000] {logging_mixin.py:137} INFO - [2023-03-08T12:06:52.027+0000] {dagbag.py:538} INFO - Filling up the DagBag from /home/airflow/.local/lib/python3.7/site-packages/airflow/example_dags/example_kubernetes_executor.py
[2023-03-08T12:06:52.218+0000] {processor.py:753} INFO - DAG(s) dict_keys(['example_kubernetes_executor']) retrieved from /home/airflow/.local/lib/python3.7/site-packages/airflow/example_dags/example_kubernetes_executor.py
[2023-03-08T12:06:52.404+0000] {logging_mixin.py:137} INFO - [2023-03-08T12:06:52.404+0000] {dag.py:2690} INFO - Sync 1 DAGs
[2023-03-08T12:06:52.529+0000] {logging_mixin.py:137} INFO - [2023-03-08T12:06:52.529+0000] {dag.py:3441} INFO - Setting next_dagrun for example_kubernetes_executor to None, run_after=None
[2023-03-08T12:06:52.630+0000] {processor.py:175} INFO - Processing /home/airflow/.local/lib/python3.7/site-packages/airflow/example_dags/example_kubernetes_executor.py took 0.638 seconds
[2023-03-08T12:07:24.280+0000] {processor.py:153} INFO - Started process (PID=13587) to work on /home/airflow/.local/lib/python3.7/site-packages/airflow/example_dags/example_kubernetes_executor.py
[2023-03-08T12:07:24.290+0000] {processor.py:743} INFO - Processing file /home/airflow/.local/lib/python3.7/site-packages/airflow/example_dags/example_kubernetes_executor.py for tasks to queue
[2023-03-08T12:07:24.309+0000] {logging_mixin.py:137} INFO - [2023-03-08T12:07:24.305+0000] {dagbag.py:538} INFO - Filling up the DagBag from /home/airflow/.local/lib/python3.7/site-packages/airflow/example_dags/example_kubernetes_executor.py
[2023-03-08T12:07:24.902+0000] {processor.py:753} INFO - DAG(s) dict_keys(['example_kubernetes_executor']) retrieved from /home/airflow/.local/lib/python3.7/site-packages/airflow/example_dags/example_kubernetes_executor.py
[2023-03-08T12:07:25.367+0000] {logging_mixin.py:137} INFO - [2023-03-08T12:07:25.367+0000] {dag.py:2690} INFO - Sync 1 DAGs
[2023-03-08T12:07:25.501+0000] {logging_mixin.py:137} INFO - [2023-03-08T12:07:25.500+0000] {dag.py:3441} INFO - Setting next_dagrun for example_kubernetes_executor to None, run_after=None
[2023-03-08T12:07:25.570+0000] {processor.py:175} INFO - Processing /home/airflow/.local/lib/python3.7/site-packages/airflow/example_dags/example_kubernetes_executor.py took 1.379 seconds
[2023-03-08T12:07:55.911+0000] {processor.py:153} INFO - Started process (PID=13647) to work on /home/airflow/.local/lib/python3.7/site-packages/airflow/example_dags/example_kubernetes_executor.py
[2023-03-08T12:07:55.918+0000] {processor.py:743} INFO - Processing file /home/airflow/.local/lib/python3.7/site-packages/airflow/example_dags/example_kubernetes_executor.py for tasks to queue
[2023-03-08T12:07:55.920+0000] {logging_mixin.py:137} INFO - [2023-03-08T12:07:55.920+0000] {dagbag.py:538} INFO - Filling up the DagBag from /home/airflow/.local/lib/python3.7/site-packages/airflow/example_dags/example_kubernetes_executor.py
[2023-03-08T12:07:55.984+0000] {processor.py:753} INFO - DAG(s) dict_keys(['example_kubernetes_executor']) retrieved from /home/airflow/.local/lib/python3.7/site-packages/airflow/example_dags/example_kubernetes_executor.py
[2023-03-08T12:07:56.038+0000] {logging_mixin.py:137} INFO - [2023-03-08T12:07:56.038+0000] {dag.py:2690} INFO - Sync 1 DAGs
[2023-03-08T12:07:56.075+0000] {logging_mixin.py:137} INFO - [2023-03-08T12:07:56.075+0000] {dag.py:3441} INFO - Setting next_dagrun for example_kubernetes_executor to None, run_after=None
[2023-03-08T12:07:56.124+0000] {processor.py:175} INFO - Processing /home/airflow/.local/lib/python3.7/site-packages/airflow/example_dags/example_kubernetes_executor.py took 0.222 seconds
[2023-03-08T12:08:26.546+0000] {processor.py:153} INFO - Started process (PID=13704) to work on /home/airflow/.local/lib/python3.7/site-packages/airflow/example_dags/example_kubernetes_executor.py
[2023-03-08T12:08:26.550+0000] {processor.py:743} INFO - Processing file /home/airflow/.local/lib/python3.7/site-packages/airflow/example_dags/example_kubernetes_executor.py for tasks to queue
[2023-03-08T12:08:26.553+0000] {logging_mixin.py:137} INFO - [2023-03-08T12:08:26.553+0000] {dagbag.py:538} INFO - Filling up the DagBag from /home/airflow/.local/lib/python3.7/site-packages/airflow/example_dags/example_kubernetes_executor.py
[2023-03-08T12:08:26.599+0000] {processor.py:753} INFO - DAG(s) dict_keys(['example_kubernetes_executor']) retrieved from /home/airflow/.local/lib/python3.7/site-packages/airflow/example_dags/example_kubernetes_executor.py
[2023-03-08T12:08:26.772+0000] {logging_mixin.py:137} INFO - [2023-03-08T12:08:26.772+0000] {dag.py:2690} INFO - Sync 1 DAGs
[2023-03-08T12:08:26.898+0000] {logging_mixin.py:137} INFO - [2023-03-08T12:08:26.898+0000] {dag.py:3441} INFO - Setting next_dagrun for example_kubernetes_executor to None, run_after=None
[2023-03-08T12:08:26.964+0000] {processor.py:175} INFO - Processing /home/airflow/.local/lib/python3.7/site-packages/airflow/example_dags/example_kubernetes_executor.py took 0.427 seconds
[2023-03-08T12:08:57.660+0000] {processor.py:153} INFO - Started process (PID=13770) to work on /home/airflow/.local/lib/python3.7/site-packages/airflow/example_dags/example_kubernetes_executor.py
[2023-03-08T12:08:57.663+0000] {processor.py:743} INFO - Processing file /home/airflow/.local/lib/python3.7/site-packages/airflow/example_dags/example_kubernetes_executor.py for tasks to queue
[2023-03-08T12:08:57.672+0000] {logging_mixin.py:137} INFO - [2023-03-08T12:08:57.670+0000] {dagbag.py:538} INFO - Filling up the DagBag from /home/airflow/.local/lib/python3.7/site-packages/airflow/example_dags/example_kubernetes_executor.py
[2023-03-08T12:08:57.854+0000] {processor.py:753} INFO - DAG(s) dict_keys(['example_kubernetes_executor']) retrieved from /home/airflow/.local/lib/python3.7/site-packages/airflow/example_dags/example_kubernetes_executor.py
[2023-03-08T12:08:57.956+0000] {logging_mixin.py:137} INFO - [2023-03-08T12:08:57.956+0000] {dag.py:2690} INFO - Sync 1 DAGs
[2023-03-08T12:08:58.040+0000] {logging_mixin.py:137} INFO - [2023-03-08T12:08:58.039+0000] {dag.py:3441} INFO - Setting next_dagrun for example_kubernetes_executor to None, run_after=None
[2023-03-08T12:08:58.106+0000] {processor.py:175} INFO - Processing /home/airflow/.local/lib/python3.7/site-packages/airflow/example_dags/example_kubernetes_executor.py took 0.472 seconds
[2023-03-08T12:09:28.230+0000] {processor.py:153} INFO - Started process (PID=13832) to work on /home/airflow/.local/lib/python3.7/site-packages/airflow/example_dags/example_kubernetes_executor.py
[2023-03-08T12:09:28.233+0000] {processor.py:743} INFO - Processing file /home/airflow/.local/lib/python3.7/site-packages/airflow/example_dags/example_kubernetes_executor.py for tasks to queue
[2023-03-08T12:09:28.235+0000] {logging_mixin.py:137} INFO - [2023-03-08T12:09:28.235+0000] {dagbag.py:538} INFO - Filling up the DagBag from /home/airflow/.local/lib/python3.7/site-packages/airflow/example_dags/example_kubernetes_executor.py
[2023-03-08T12:09:28.271+0000] {processor.py:753} INFO - DAG(s) dict_keys(['example_kubernetes_executor']) retrieved from /home/airflow/.local/lib/python3.7/site-packages/airflow/example_dags/example_kubernetes_executor.py
[2023-03-08T12:09:28.310+0000] {logging_mixin.py:137} INFO - [2023-03-08T12:09:28.310+0000] {dag.py:2690} INFO - Sync 1 DAGs
[2023-03-08T12:09:28.337+0000] {logging_mixin.py:137} INFO - [2023-03-08T12:09:28.337+0000] {dag.py:3441} INFO - Setting next_dagrun for example_kubernetes_executor to None, run_after=None
[2023-03-08T12:09:28.363+0000] {processor.py:175} INFO - Processing /home/airflow/.local/lib/python3.7/site-packages/airflow/example_dags/example_kubernetes_executor.py took 0.137 seconds
[2023-03-08T12:09:58.481+0000] {processor.py:153} INFO - Started process (PID=13891) to work on /home/airflow/.local/lib/python3.7/site-packages/airflow/example_dags/example_kubernetes_executor.py
[2023-03-08T12:09:58.486+0000] {processor.py:743} INFO - Processing file /home/airflow/.local/lib/python3.7/site-packages/airflow/example_dags/example_kubernetes_executor.py for tasks to queue
[2023-03-08T12:09:58.490+0000] {logging_mixin.py:137} INFO - [2023-03-08T12:09:58.490+0000] {dagbag.py:538} INFO - Filling up the DagBag from /home/airflow/.local/lib/python3.7/site-packages/airflow/example_dags/example_kubernetes_executor.py
[2023-03-08T12:09:58.541+0000] {processor.py:753} INFO - DAG(s) dict_keys(['example_kubernetes_executor']) retrieved from /home/airflow/.local/lib/python3.7/site-packages/airflow/example_dags/example_kubernetes_executor.py
[2023-03-08T12:09:58.596+0000] {logging_mixin.py:137} INFO - [2023-03-08T12:09:58.596+0000] {dag.py:2690} INFO - Sync 1 DAGs
[2023-03-08T12:09:58.672+0000] {logging_mixin.py:137} INFO - [2023-03-08T12:09:58.672+0000] {dag.py:3441} INFO - Setting next_dagrun for example_kubernetes_executor to None, run_after=None
[2023-03-08T12:09:58.763+0000] {processor.py:175} INFO - Processing /home/airflow/.local/lib/python3.7/site-packages/airflow/example_dags/example_kubernetes_executor.py took 0.287 seconds
[2023-03-08T12:10:29.101+0000] {processor.py:153} INFO - Started process (PID=13960) to work on /home/airflow/.local/lib/python3.7/site-packages/airflow/example_dags/example_kubernetes_executor.py
[2023-03-08T12:10:29.111+0000] {processor.py:743} INFO - Processing file /home/airflow/.local/lib/python3.7/site-packages/airflow/example_dags/example_kubernetes_executor.py for tasks to queue
[2023-03-08T12:10:29.114+0000] {logging_mixin.py:137} INFO - [2023-03-08T12:10:29.114+0000] {dagbag.py:538} INFO - Filling up the DagBag from /home/airflow/.local/lib/python3.7/site-packages/airflow/example_dags/example_kubernetes_executor.py
[2023-03-08T12:10:29.163+0000] {processor.py:753} INFO - DAG(s) dict_keys(['example_kubernetes_executor']) retrieved from /home/airflow/.local/lib/python3.7/site-packages/airflow/example_dags/example_kubernetes_executor.py
[2023-03-08T12:10:29.219+0000] {logging_mixin.py:137} INFO - [2023-03-08T12:10:29.218+0000] {dag.py:2690} INFO - Sync 1 DAGs
[2023-03-08T12:10:29.254+0000] {logging_mixin.py:137} INFO - [2023-03-08T12:10:29.253+0000] {dag.py:3441} INFO - Setting next_dagrun for example_kubernetes_executor to None, run_after=None
[2023-03-08T12:10:29.290+0000] {processor.py:175} INFO - Processing /home/airflow/.local/lib/python3.7/site-packages/airflow/example_dags/example_kubernetes_executor.py took 0.202 seconds
[2023-03-08T12:10:59.828+0000] {processor.py:153} INFO - Started process (PID=14018) to work on /home/airflow/.local/lib/python3.7/site-packages/airflow/example_dags/example_kubernetes_executor.py
[2023-03-08T12:10:59.831+0000] {processor.py:743} INFO - Processing file /home/airflow/.local/lib/python3.7/site-packages/airflow/example_dags/example_kubernetes_executor.py for tasks to queue
[2023-03-08T12:10:59.833+0000] {logging_mixin.py:137} INFO - [2023-03-08T12:10:59.833+0000] {dagbag.py:538} INFO - Filling up the DagBag from /home/airflow/.local/lib/python3.7/site-packages/airflow/example_dags/example_kubernetes_executor.py
[2023-03-08T12:10:59.875+0000] {processor.py:753} INFO - DAG(s) dict_keys(['example_kubernetes_executor']) retrieved from /home/airflow/.local/lib/python3.7/site-packages/airflow/example_dags/example_kubernetes_executor.py
[2023-03-08T12:10:59.940+0000] {logging_mixin.py:137} INFO - [2023-03-08T12:10:59.939+0000] {dag.py:2690} INFO - Sync 1 DAGs
[2023-03-08T12:10:59.975+0000] {logging_mixin.py:137} INFO - [2023-03-08T12:10:59.974+0000] {dag.py:3441} INFO - Setting next_dagrun for example_kubernetes_executor to None, run_after=None
[2023-03-08T12:11:00.024+0000] {processor.py:175} INFO - Processing /home/airflow/.local/lib/python3.7/site-packages/airflow/example_dags/example_kubernetes_executor.py took 0.204 seconds
[2023-03-08T12:11:30.315+0000] {processor.py:153} INFO - Started process (PID=14077) to work on /home/airflow/.local/lib/python3.7/site-packages/airflow/example_dags/example_kubernetes_executor.py
[2023-03-08T12:11:30.317+0000] {processor.py:743} INFO - Processing file /home/airflow/.local/lib/python3.7/site-packages/airflow/example_dags/example_kubernetes_executor.py for tasks to queue
[2023-03-08T12:11:30.320+0000] {logging_mixin.py:137} INFO - [2023-03-08T12:11:30.320+0000] {dagbag.py:538} INFO - Filling up the DagBag from /home/airflow/.local/lib/python3.7/site-packages/airflow/example_dags/example_kubernetes_executor.py
[2023-03-08T12:11:30.366+0000] {processor.py:753} INFO - DAG(s) dict_keys(['example_kubernetes_executor']) retrieved from /home/airflow/.local/lib/python3.7/site-packages/airflow/example_dags/example_kubernetes_executor.py
[2023-03-08T12:11:30.406+0000] {logging_mixin.py:137} INFO - [2023-03-08T12:11:30.406+0000] {dag.py:2690} INFO - Sync 1 DAGs
[2023-03-08T12:11:30.445+0000] {logging_mixin.py:137} INFO - [2023-03-08T12:11:30.444+0000] {dag.py:3441} INFO - Setting next_dagrun for example_kubernetes_executor to None, run_after=None
[2023-03-08T12:11:30.490+0000] {processor.py:175} INFO - Processing /home/airflow/.local/lib/python3.7/site-packages/airflow/example_dags/example_kubernetes_executor.py took 0.184 seconds
[2023-03-08T12:12:00.882+0000] {processor.py:153} INFO - Started process (PID=14146) to work on /home/airflow/.local/lib/python3.7/site-packages/airflow/example_dags/example_kubernetes_executor.py
[2023-03-08T12:12:00.888+0000] {processor.py:743} INFO - Processing file /home/airflow/.local/lib/python3.7/site-packages/airflow/example_dags/example_kubernetes_executor.py for tasks to queue
[2023-03-08T12:12:00.890+0000] {logging_mixin.py:137} INFO - [2023-03-08T12:12:00.890+0000] {dagbag.py:538} INFO - Filling up the DagBag from /home/airflow/.local/lib/python3.7/site-packages/airflow/example_dags/example_kubernetes_executor.py
[2023-03-08T12:12:01.089+0000] {processor.py:753} INFO - DAG(s) dict_keys(['example_kubernetes_executor']) retrieved from /home/airflow/.local/lib/python3.7/site-packages/airflow/example_dags/example_kubernetes_executor.py
[2023-03-08T12:12:01.245+0000] {logging_mixin.py:137} INFO - [2023-03-08T12:12:01.245+0000] {dag.py:2690} INFO - Sync 1 DAGs
[2023-03-08T12:12:01.310+0000] {logging_mixin.py:137} INFO - [2023-03-08T12:12:01.310+0000] {dag.py:3441} INFO - Setting next_dagrun for example_kubernetes_executor to None, run_after=None
[2023-03-08T12:12:01.368+0000] {processor.py:175} INFO - Processing /home/airflow/.local/lib/python3.7/site-packages/airflow/example_dags/example_kubernetes_executor.py took 0.492 seconds
[2023-03-08T12:12:31.759+0000] {processor.py:153} INFO - Started process (PID=14205) to work on /home/airflow/.local/lib/python3.7/site-packages/airflow/example_dags/example_kubernetes_executor.py
[2023-03-08T12:12:31.761+0000] {processor.py:743} INFO - Processing file /home/airflow/.local/lib/python3.7/site-packages/airflow/example_dags/example_kubernetes_executor.py for tasks to queue
[2023-03-08T12:12:31.766+0000] {logging_mixin.py:137} INFO - [2023-03-08T12:12:31.765+0000] {dagbag.py:538} INFO - Filling up the DagBag from /home/airflow/.local/lib/python3.7/site-packages/airflow/example_dags/example_kubernetes_executor.py
[2023-03-08T12:12:31.890+0000] {processor.py:753} INFO - DAG(s) dict_keys(['example_kubernetes_executor']) retrieved from /home/airflow/.local/lib/python3.7/site-packages/airflow/example_dags/example_kubernetes_executor.py
[2023-03-08T12:12:32.004+0000] {logging_mixin.py:137} INFO - [2023-03-08T12:12:32.003+0000] {dag.py:2690} INFO - Sync 1 DAGs
[2023-03-08T12:12:32.070+0000] {logging_mixin.py:137} INFO - [2023-03-08T12:12:32.070+0000] {dag.py:3441} INFO - Setting next_dagrun for example_kubernetes_executor to None, run_after=None
[2023-03-08T12:12:32.128+0000] {processor.py:175} INFO - Processing /home/airflow/.local/lib/python3.7/site-packages/airflow/example_dags/example_kubernetes_executor.py took 0.381 seconds
[2023-03-08T12:13:02.412+0000] {processor.py:153} INFO - Started process (PID=14263) to work on /home/airflow/.local/lib/python3.7/site-packages/airflow/example_dags/example_kubernetes_executor.py
[2023-03-08T12:13:02.416+0000] {processor.py:743} INFO - Processing file /home/airflow/.local/lib/python3.7/site-packages/airflow/example_dags/example_kubernetes_executor.py for tasks to queue
[2023-03-08T12:13:02.423+0000] {logging_mixin.py:137} INFO - [2023-03-08T12:13:02.423+0000] {dagbag.py:538} INFO - Filling up the DagBag from /home/airflow/.local/lib/python3.7/site-packages/airflow/example_dags/example_kubernetes_executor.py
[2023-03-08T12:13:02.520+0000] {processor.py:753} INFO - DAG(s) dict_keys(['example_kubernetes_executor']) retrieved from /home/airflow/.local/lib/python3.7/site-packages/airflow/example_dags/example_kubernetes_executor.py
[2023-03-08T12:13:02.604+0000] {logging_mixin.py:137} INFO - [2023-03-08T12:13:02.603+0000] {dag.py:2690} INFO - Sync 1 DAGs
[2023-03-08T12:13:02.648+0000] {logging_mixin.py:137} INFO - [2023-03-08T12:13:02.648+0000] {dag.py:3441} INFO - Setting next_dagrun for example_kubernetes_executor to None, run_after=None
[2023-03-08T12:13:02.709+0000] {processor.py:175} INFO - Processing /home/airflow/.local/lib/python3.7/site-packages/airflow/example_dags/example_kubernetes_executor.py took 0.312 seconds
[2023-03-08T12:13:32.972+0000] {processor.py:153} INFO - Started process (PID=14332) to work on /home/airflow/.local/lib/python3.7/site-packages/airflow/example_dags/example_kubernetes_executor.py
[2023-03-08T12:13:32.976+0000] {processor.py:743} INFO - Processing file /home/airflow/.local/lib/python3.7/site-packages/airflow/example_dags/example_kubernetes_executor.py for tasks to queue
[2023-03-08T12:13:32.980+0000] {logging_mixin.py:137} INFO - [2023-03-08T12:13:32.980+0000] {dagbag.py:538} INFO - Filling up the DagBag from /home/airflow/.local/lib/python3.7/site-packages/airflow/example_dags/example_kubernetes_executor.py
[2023-03-08T12:13:33.039+0000] {processor.py:753} INFO - DAG(s) dict_keys(['example_kubernetes_executor']) retrieved from /home/airflow/.local/lib/python3.7/site-packages/airflow/example_dags/example_kubernetes_executor.py
[2023-03-08T12:13:33.115+0000] {logging_mixin.py:137} INFO - [2023-03-08T12:13:33.114+0000] {dag.py:2690} INFO - Sync 1 DAGs
[2023-03-08T12:13:33.167+0000] {logging_mixin.py:137} INFO - [2023-03-08T12:13:33.167+0000] {dag.py:3441} INFO - Setting next_dagrun for example_kubernetes_executor to None, run_after=None
[2023-03-08T12:13:33.221+0000] {processor.py:175} INFO - Processing /home/airflow/.local/lib/python3.7/site-packages/airflow/example_dags/example_kubernetes_executor.py took 0.260 seconds
[2023-03-08T12:14:03.975+0000] {processor.py:153} INFO - Started process (PID=14391) to work on /home/airflow/.local/lib/python3.7/site-packages/airflow/example_dags/example_kubernetes_executor.py
[2023-03-08T12:14:03.987+0000] {processor.py:743} INFO - Processing file /home/airflow/.local/lib/python3.7/site-packages/airflow/example_dags/example_kubernetes_executor.py for tasks to queue
[2023-03-08T12:14:03.991+0000] {logging_mixin.py:137} INFO - [2023-03-08T12:14:03.990+0000] {dagbag.py:538} INFO - Filling up the DagBag from /home/airflow/.local/lib/python3.7/site-packages/airflow/example_dags/example_kubernetes_executor.py
[2023-03-08T12:14:04.130+0000] {processor.py:753} INFO - DAG(s) dict_keys(['example_kubernetes_executor']) retrieved from /home/airflow/.local/lib/python3.7/site-packages/airflow/example_dags/example_kubernetes_executor.py
[2023-03-08T12:14:04.227+0000] {logging_mixin.py:137} INFO - [2023-03-08T12:14:04.227+0000] {dag.py:2690} INFO - Sync 1 DAGs
[2023-03-08T12:14:04.315+0000] {logging_mixin.py:137} INFO - [2023-03-08T12:14:04.315+0000] {dag.py:3441} INFO - Setting next_dagrun for example_kubernetes_executor to None, run_after=None
[2023-03-08T12:14:04.371+0000] {processor.py:175} INFO - Processing /home/airflow/.local/lib/python3.7/site-packages/airflow/example_dags/example_kubernetes_executor.py took 0.404 seconds
[2023-03-08T12:14:35.205+0000] {processor.py:153} INFO - Started process (PID=14449) to work on /home/airflow/.local/lib/python3.7/site-packages/airflow/example_dags/example_kubernetes_executor.py
[2023-03-08T12:14:35.210+0000] {processor.py:743} INFO - Processing file /home/airflow/.local/lib/python3.7/site-packages/airflow/example_dags/example_kubernetes_executor.py for tasks to queue
[2023-03-08T12:14:35.216+0000] {logging_mixin.py:137} INFO - [2023-03-08T12:14:35.215+0000] {dagbag.py:538} INFO - Filling up the DagBag from /home/airflow/.local/lib/python3.7/site-packages/airflow/example_dags/example_kubernetes_executor.py
[2023-03-08T12:14:35.372+0000] {processor.py:753} INFO - DAG(s) dict_keys(['example_kubernetes_executor']) retrieved from /home/airflow/.local/lib/python3.7/site-packages/airflow/example_dags/example_kubernetes_executor.py
[2023-03-08T12:14:35.470+0000] {logging_mixin.py:137} INFO - [2023-03-08T12:14:35.470+0000] {dag.py:2690} INFO - Sync 1 DAGs
[2023-03-08T12:14:35.534+0000] {logging_mixin.py:137} INFO - [2023-03-08T12:14:35.534+0000] {dag.py:3441} INFO - Setting next_dagrun for example_kubernetes_executor to None, run_after=None
[2023-03-08T12:14:35.599+0000] {processor.py:175} INFO - Processing /home/airflow/.local/lib/python3.7/site-packages/airflow/example_dags/example_kubernetes_executor.py took 0.414 seconds
[2023-03-08T12:15:06.032+0000] {processor.py:153} INFO - Started process (PID=14507) to work on /home/airflow/.local/lib/python3.7/site-packages/airflow/example_dags/example_kubernetes_executor.py
[2023-03-08T12:15:06.035+0000] {processor.py:743} INFO - Processing file /home/airflow/.local/lib/python3.7/site-packages/airflow/example_dags/example_kubernetes_executor.py for tasks to queue
[2023-03-08T12:15:06.037+0000] {logging_mixin.py:137} INFO - [2023-03-08T12:15:06.037+0000] {dagbag.py:538} INFO - Filling up the DagBag from /home/airflow/.local/lib/python3.7/site-packages/airflow/example_dags/example_kubernetes_executor.py
[2023-03-08T12:15:06.092+0000] {processor.py:753} INFO - DAG(s) dict_keys(['example_kubernetes_executor']) retrieved from /home/airflow/.local/lib/python3.7/site-packages/airflow/example_dags/example_kubernetes_executor.py
[2023-03-08T12:15:06.141+0000] {logging_mixin.py:137} INFO - [2023-03-08T12:15:06.141+0000] {dag.py:2690} INFO - Sync 1 DAGs
[2023-03-08T12:15:06.185+0000] {logging_mixin.py:137} INFO - [2023-03-08T12:15:06.184+0000] {dag.py:3441} INFO - Setting next_dagrun for example_kubernetes_executor to None, run_after=None
[2023-03-08T12:15:06.224+0000] {processor.py:175} INFO - Processing /home/airflow/.local/lib/python3.7/site-packages/airflow/example_dags/example_kubernetes_executor.py took 0.203 seconds
[2023-03-08T12:15:37.137+0000] {processor.py:153} INFO - Started process (PID=14577) to work on /home/airflow/.local/lib/python3.7/site-packages/airflow/example_dags/example_kubernetes_executor.py
[2023-03-08T12:15:37.140+0000] {processor.py:743} INFO - Processing file /home/airflow/.local/lib/python3.7/site-packages/airflow/example_dags/example_kubernetes_executor.py for tasks to queue
[2023-03-08T12:15:37.148+0000] {logging_mixin.py:137} INFO - [2023-03-08T12:15:37.146+0000] {dagbag.py:538} INFO - Filling up the DagBag from /home/airflow/.local/lib/python3.7/site-packages/airflow/example_dags/example_kubernetes_executor.py
[2023-03-08T12:15:37.213+0000] {processor.py:753} INFO - DAG(s) dict_keys(['example_kubernetes_executor']) retrieved from /home/airflow/.local/lib/python3.7/site-packages/airflow/example_dags/example_kubernetes_executor.py
[2023-03-08T12:15:37.257+0000] {logging_mixin.py:137} INFO - [2023-03-08T12:15:37.257+0000] {dag.py:2690} INFO - Sync 1 DAGs
[2023-03-08T12:15:37.294+0000] {logging_mixin.py:137} INFO - [2023-03-08T12:15:37.293+0000] {dag.py:3441} INFO - Setting next_dagrun for example_kubernetes_executor to None, run_after=None
[2023-03-08T12:15:37.327+0000] {processor.py:175} INFO - Processing /home/airflow/.local/lib/python3.7/site-packages/airflow/example_dags/example_kubernetes_executor.py took 0.201 seconds
[2023-03-08T12:16:08.343+0000] {processor.py:153} INFO - Started process (PID=14637) to work on /home/airflow/.local/lib/python3.7/site-packages/airflow/example_dags/example_kubernetes_executor.py
[2023-03-08T12:16:08.345+0000] {processor.py:743} INFO - Processing file /home/airflow/.local/lib/python3.7/site-packages/airflow/example_dags/example_kubernetes_executor.py for tasks to queue
[2023-03-08T12:16:08.349+0000] {logging_mixin.py:137} INFO - [2023-03-08T12:16:08.349+0000] {dagbag.py:538} INFO - Filling up the DagBag from /home/airflow/.local/lib/python3.7/site-packages/airflow/example_dags/example_kubernetes_executor.py
[2023-03-08T12:16:08.437+0000] {processor.py:753} INFO - DAG(s) dict_keys(['example_kubernetes_executor']) retrieved from /home/airflow/.local/lib/python3.7/site-packages/airflow/example_dags/example_kubernetes_executor.py
[2023-03-08T12:16:08.491+0000] {logging_mixin.py:137} INFO - [2023-03-08T12:16:08.491+0000] {dag.py:2690} INFO - Sync 1 DAGs
[2023-03-08T12:16:08.591+0000] {logging_mixin.py:137} INFO - [2023-03-08T12:16:08.591+0000] {dag.py:3441} INFO - Setting next_dagrun for example_kubernetes_executor to None, run_after=None
[2023-03-08T12:16:08.655+0000] {processor.py:175} INFO - Processing /home/airflow/.local/lib/python3.7/site-packages/airflow/example_dags/example_kubernetes_executor.py took 0.325 seconds
[2023-03-08T12:16:39.342+0000] {processor.py:153} INFO - Started process (PID=14705) to work on /home/airflow/.local/lib/python3.7/site-packages/airflow/example_dags/example_kubernetes_executor.py
[2023-03-08T12:16:39.345+0000] {processor.py:743} INFO - Processing file /home/airflow/.local/lib/python3.7/site-packages/airflow/example_dags/example_kubernetes_executor.py for tasks to queue
[2023-03-08T12:16:39.348+0000] {logging_mixin.py:137} INFO - [2023-03-08T12:16:39.347+0000] {dagbag.py:538} INFO - Filling up the DagBag from /home/airflow/.local/lib/python3.7/site-packages/airflow/example_dags/example_kubernetes_executor.py
[2023-03-08T12:16:39.446+0000] {processor.py:753} INFO - DAG(s) dict_keys(['example_kubernetes_executor']) retrieved from /home/airflow/.local/lib/python3.7/site-packages/airflow/example_dags/example_kubernetes_executor.py
[2023-03-08T12:16:39.532+0000] {logging_mixin.py:137} INFO - [2023-03-08T12:16:39.532+0000] {dag.py:2690} INFO - Sync 1 DAGs
[2023-03-08T12:16:39.594+0000] {logging_mixin.py:137} INFO - [2023-03-08T12:16:39.593+0000] {dag.py:3441} INFO - Setting next_dagrun for example_kubernetes_executor to None, run_after=None
[2023-03-08T12:16:39.637+0000] {processor.py:175} INFO - Processing /home/airflow/.local/lib/python3.7/site-packages/airflow/example_dags/example_kubernetes_executor.py took 0.315 seconds
[2023-03-08T12:17:09.727+0000] {processor.py:153} INFO - Started process (PID=14763) to work on /home/airflow/.local/lib/python3.7/site-packages/airflow/example_dags/example_kubernetes_executor.py
[2023-03-08T12:17:09.729+0000] {processor.py:743} INFO - Processing file /home/airflow/.local/lib/python3.7/site-packages/airflow/example_dags/example_kubernetes_executor.py for tasks to queue
[2023-03-08T12:17:09.730+0000] {logging_mixin.py:137} INFO - [2023-03-08T12:17:09.730+0000] {dagbag.py:538} INFO - Filling up the DagBag from /home/airflow/.local/lib/python3.7/site-packages/airflow/example_dags/example_kubernetes_executor.py
[2023-03-08T12:17:09.776+0000] {processor.py:753} INFO - DAG(s) dict_keys(['example_kubernetes_executor']) retrieved from /home/airflow/.local/lib/python3.7/site-packages/airflow/example_dags/example_kubernetes_executor.py
[2023-03-08T12:17:09.819+0000] {logging_mixin.py:137} INFO - [2023-03-08T12:17:09.819+0000] {dag.py:2690} INFO - Sync 1 DAGs
[2023-03-08T12:17:09.854+0000] {logging_mixin.py:137} INFO - [2023-03-08T12:17:09.853+0000] {dag.py:3441} INFO - Setting next_dagrun for example_kubernetes_executor to None, run_after=None
[2023-03-08T12:17:09.885+0000] {processor.py:175} INFO - Processing /home/airflow/.local/lib/python3.7/site-packages/airflow/example_dags/example_kubernetes_executor.py took 0.165 seconds
[2023-03-08T12:17:40.051+0000] {processor.py:153} INFO - Started process (PID=14822) to work on /home/airflow/.local/lib/python3.7/site-packages/airflow/example_dags/example_kubernetes_executor.py
[2023-03-08T12:17:40.063+0000] {processor.py:743} INFO - Processing file /home/airflow/.local/lib/python3.7/site-packages/airflow/example_dags/example_kubernetes_executor.py for tasks to queue
[2023-03-08T12:17:40.070+0000] {logging_mixin.py:137} INFO - [2023-03-08T12:17:40.070+0000] {dagbag.py:538} INFO - Filling up the DagBag from /home/airflow/.local/lib/python3.7/site-packages/airflow/example_dags/example_kubernetes_executor.py
[2023-03-08T12:17:40.191+0000] {processor.py:753} INFO - DAG(s) dict_keys(['example_kubernetes_executor']) retrieved from /home/airflow/.local/lib/python3.7/site-packages/airflow/example_dags/example_kubernetes_executor.py
[2023-03-08T12:17:40.289+0000] {logging_mixin.py:137} INFO - [2023-03-08T12:17:40.288+0000] {dag.py:2690} INFO - Sync 1 DAGs
[2023-03-08T12:17:40.345+0000] {logging_mixin.py:137} INFO - [2023-03-08T12:17:40.345+0000] {dag.py:3441} INFO - Setting next_dagrun for example_kubernetes_executor to None, run_after=None
[2023-03-08T12:17:40.386+0000] {processor.py:175} INFO - Processing /home/airflow/.local/lib/python3.7/site-packages/airflow/example_dags/example_kubernetes_executor.py took 0.350 seconds
