[2023-02-21T11:46:28.932+0000] {processor.py:153} INFO - Started process (PID=102) to work on /home/airflow/.local/lib/python3.7/site-packages/airflow/example_dags/example_skip_dag.py
[2023-02-21T11:46:29.025+0000] {processor.py:743} INFO - Processing file /home/airflow/.local/lib/python3.7/site-packages/airflow/example_dags/example_skip_dag.py for tasks to queue
[2023-02-21T11:46:29.057+0000] {logging_mixin.py:137} INFO - [2023-02-21T11:46:29.057+0000] {dagbag.py:538} INFO - Filling up the DagBag from /home/airflow/.local/lib/python3.7/site-packages/airflow/example_dags/example_skip_dag.py
[2023-02-21T11:46:30.286+0000] {processor.py:753} INFO - DAG(s) dict_keys(['example_skip_dag']) retrieved from /home/airflow/.local/lib/python3.7/site-packages/airflow/example_dags/example_skip_dag.py
[2023-02-21T11:46:34.846+0000] {logging_mixin.py:137} INFO - [2023-02-21T11:46:34.845+0000] {manager.py:504} INFO - Created Permission View: can read on DAG:example_skip_dag
[2023-02-21T11:46:35.087+0000] {logging_mixin.py:137} INFO - [2023-02-21T11:46:35.087+0000] {manager.py:504} INFO - Created Permission View: can delete on DAG:example_skip_dag
[2023-02-21T11:46:35.433+0000] {logging_mixin.py:137} INFO - [2023-02-21T11:46:35.433+0000] {manager.py:504} INFO - Created Permission View: can edit on DAG:example_skip_dag
[2023-02-21T11:46:35.471+0000] {logging_mixin.py:137} INFO - [2023-02-21T11:46:35.471+0000] {dag.py:2690} INFO - Sync 1 DAGs
[2023-02-21T11:46:36.104+0000] {logging_mixin.py:137} INFO - [2023-02-21T11:46:36.104+0000] {dag.py:2711} INFO - Creating ORM DAG for example_skip_dag
[2023-02-21T11:46:36.301+0000] {logging_mixin.py:137} INFO - [2023-02-21T11:46:36.300+0000] {dag.py:3441} INFO - Setting next_dagrun for example_skip_dag to 2023-02-20T11:46:36.300452+00:00, run_after=2023-02-21T11:46:36.300452+00:00
[2023-02-21T11:46:36.658+0000] {processor.py:175} INFO - Processing /home/airflow/.local/lib/python3.7/site-packages/airflow/example_dags/example_skip_dag.py took 7.811 seconds
[2023-02-21T11:47:18.758+0000] {processor.py:153} INFO - Started process (PID=160) to work on /home/airflow/.local/lib/python3.7/site-packages/airflow/example_dags/example_skip_dag.py
[2023-02-21T11:47:18.777+0000] {processor.py:743} INFO - Processing file /home/airflow/.local/lib/python3.7/site-packages/airflow/example_dags/example_skip_dag.py for tasks to queue
[2023-02-21T11:47:18.779+0000] {logging_mixin.py:137} INFO - [2023-02-21T11:47:18.779+0000] {dagbag.py:538} INFO - Filling up the DagBag from /home/airflow/.local/lib/python3.7/site-packages/airflow/example_dags/example_skip_dag.py
[2023-02-21T11:47:19.357+0000] {processor.py:753} INFO - DAG(s) dict_keys(['example_skip_dag']) retrieved from /home/airflow/.local/lib/python3.7/site-packages/airflow/example_dags/example_skip_dag.py
[2023-02-21T11:47:20.145+0000] {logging_mixin.py:137} INFO - [2023-02-21T11:47:20.136+0000] {dag.py:2690} INFO - Sync 1 DAGs
[2023-02-21T11:47:21.022+0000] {logging_mixin.py:137} INFO - [2023-02-21T11:47:21.015+0000] {dag.py:3441} INFO - Setting next_dagrun for example_skip_dag to 2023-02-20T11:47:21.011941+00:00, run_after=2023-02-21T11:47:21.011941+00:00
[2023-02-21T11:47:21.283+0000] {processor.py:175} INFO - Processing /home/airflow/.local/lib/python3.7/site-packages/airflow/example_dags/example_skip_dag.py took 2.584 seconds
[2023-02-21T11:48:02.329+0000] {processor.py:153} INFO - Started process (PID=210) to work on /home/airflow/.local/lib/python3.7/site-packages/airflow/example_dags/example_skip_dag.py
[2023-02-21T11:48:02.331+0000] {processor.py:743} INFO - Processing file /home/airflow/.local/lib/python3.7/site-packages/airflow/example_dags/example_skip_dag.py for tasks to queue
[2023-02-21T11:48:02.334+0000] {logging_mixin.py:137} INFO - [2023-02-21T11:48:02.333+0000] {dagbag.py:538} INFO - Filling up the DagBag from /home/airflow/.local/lib/python3.7/site-packages/airflow/example_dags/example_skip_dag.py
[2023-02-21T11:48:02.364+0000] {processor.py:753} INFO - DAG(s) dict_keys(['example_skip_dag']) retrieved from /home/airflow/.local/lib/python3.7/site-packages/airflow/example_dags/example_skip_dag.py
[2023-02-21T11:48:02.426+0000] {logging_mixin.py:137} INFO - [2023-02-21T11:48:02.426+0000] {dag.py:2690} INFO - Sync 1 DAGs
[2023-02-21T11:48:02.482+0000] {logging_mixin.py:137} INFO - [2023-02-21T11:48:02.482+0000] {dag.py:3441} INFO - Setting next_dagrun for example_skip_dag to 2023-02-20T11:48:02.482355+00:00, run_after=2023-02-21T11:48:02.482355+00:00
[2023-02-21T11:48:02.539+0000] {processor.py:175} INFO - Processing /home/airflow/.local/lib/python3.7/site-packages/airflow/example_dags/example_skip_dag.py took 0.216 seconds
[2023-02-21T11:48:37.372+0000] {processor.py:153} INFO - Started process (PID=263) to work on /home/airflow/.local/lib/python3.7/site-packages/airflow/example_dags/example_skip_dag.py
[2023-02-21T11:48:37.418+0000] {processor.py:743} INFO - Processing file /home/airflow/.local/lib/python3.7/site-packages/airflow/example_dags/example_skip_dag.py for tasks to queue
[2023-02-21T11:48:37.442+0000] {logging_mixin.py:137} INFO - [2023-02-21T11:48:37.442+0000] {dagbag.py:538} INFO - Filling up the DagBag from /home/airflow/.local/lib/python3.7/site-packages/airflow/example_dags/example_skip_dag.py
[2023-02-21T11:48:37.673+0000] {processor.py:753} INFO - DAG(s) dict_keys(['example_skip_dag']) retrieved from /home/airflow/.local/lib/python3.7/site-packages/airflow/example_dags/example_skip_dag.py
[2023-02-21T11:48:38.021+0000] {logging_mixin.py:137} INFO - [2023-02-21T11:48:38.019+0000] {dag.py:2690} INFO - Sync 1 DAGs
[2023-02-21T11:48:38.380+0000] {logging_mixin.py:137} INFO - [2023-02-21T11:48:38.375+0000] {dag.py:3441} INFO - Setting next_dagrun for example_skip_dag to 2023-02-20T11:48:38.364982+00:00, run_after=2023-02-21T11:48:38.364982+00:00
[2023-02-21T11:48:38.757+0000] {processor.py:175} INFO - Processing /home/airflow/.local/lib/python3.7/site-packages/airflow/example_dags/example_skip_dag.py took 1.443 seconds
[2023-02-21T11:49:20.448+0000] {processor.py:153} INFO - Started process (PID=317) to work on /home/airflow/.local/lib/python3.7/site-packages/airflow/example_dags/example_skip_dag.py
[2023-02-21T11:49:20.465+0000] {processor.py:743} INFO - Processing file /home/airflow/.local/lib/python3.7/site-packages/airflow/example_dags/example_skip_dag.py for tasks to queue
[2023-02-21T11:49:20.481+0000] {logging_mixin.py:137} INFO - [2023-02-21T11:49:20.475+0000] {dagbag.py:538} INFO - Filling up the DagBag from /home/airflow/.local/lib/python3.7/site-packages/airflow/example_dags/example_skip_dag.py
[2023-02-21T11:49:20.866+0000] {processor.py:753} INFO - DAG(s) dict_keys(['example_skip_dag']) retrieved from /home/airflow/.local/lib/python3.7/site-packages/airflow/example_dags/example_skip_dag.py
[2023-02-21T11:49:22.144+0000] {logging_mixin.py:137} INFO - [2023-02-21T11:49:22.144+0000] {dag.py:2690} INFO - Sync 1 DAGs
[2023-02-21T11:49:22.537+0000] {logging_mixin.py:137} INFO - [2023-02-21T11:49:22.537+0000] {dag.py:3441} INFO - Setting next_dagrun for example_skip_dag to 2023-02-20T11:49:22.536920+00:00, run_after=2023-02-21T11:49:22.536920+00:00
[2023-02-21T11:49:22.869+0000] {processor.py:175} INFO - Processing /home/airflow/.local/lib/python3.7/site-packages/airflow/example_dags/example_skip_dag.py took 2.680 seconds
[2023-02-21T11:50:06.133+0000] {processor.py:153} INFO - Started process (PID=371) to work on /home/airflow/.local/lib/python3.7/site-packages/airflow/example_dags/example_skip_dag.py
[2023-02-21T11:50:06.168+0000] {processor.py:743} INFO - Processing file /home/airflow/.local/lib/python3.7/site-packages/airflow/example_dags/example_skip_dag.py for tasks to queue
[2023-02-21T11:50:06.172+0000] {logging_mixin.py:137} INFO - [2023-02-21T11:50:06.171+0000] {dagbag.py:538} INFO - Filling up the DagBag from /home/airflow/.local/lib/python3.7/site-packages/airflow/example_dags/example_skip_dag.py
[2023-02-21T11:50:06.449+0000] {processor.py:753} INFO - DAG(s) dict_keys(['example_skip_dag']) retrieved from /home/airflow/.local/lib/python3.7/site-packages/airflow/example_dags/example_skip_dag.py
[2023-02-21T11:50:07.108+0000] {logging_mixin.py:137} INFO - [2023-02-21T11:50:07.040+0000] {dag.py:2690} INFO - Sync 1 DAGs
[2023-02-21T11:50:07.850+0000] {logging_mixin.py:137} INFO - [2023-02-21T11:50:07.833+0000] {dag.py:3441} INFO - Setting next_dagrun for example_skip_dag to 2023-02-20T11:50:07.833089+00:00, run_after=2023-02-21T11:50:07.833089+00:00
[2023-02-21T11:50:08.452+0000] {processor.py:175} INFO - Processing /home/airflow/.local/lib/python3.7/site-packages/airflow/example_dags/example_skip_dag.py took 2.370 seconds
[2023-02-21T11:50:43.376+0000] {processor.py:153} INFO - Started process (PID=414) to work on /home/airflow/.local/lib/python3.7/site-packages/airflow/example_dags/example_skip_dag.py
[2023-02-21T11:50:43.380+0000] {processor.py:743} INFO - Processing file /home/airflow/.local/lib/python3.7/site-packages/airflow/example_dags/example_skip_dag.py for tasks to queue
[2023-02-21T11:50:43.393+0000] {logging_mixin.py:137} INFO - [2023-02-21T11:50:43.391+0000] {dagbag.py:538} INFO - Filling up the DagBag from /home/airflow/.local/lib/python3.7/site-packages/airflow/example_dags/example_skip_dag.py
[2023-02-21T11:50:43.590+0000] {processor.py:753} INFO - DAG(s) dict_keys(['example_skip_dag']) retrieved from /home/airflow/.local/lib/python3.7/site-packages/airflow/example_dags/example_skip_dag.py
[2023-02-21T11:50:44.124+0000] {logging_mixin.py:137} INFO - [2023-02-21T11:50:44.124+0000] {dag.py:2690} INFO - Sync 1 DAGs
[2023-02-21T11:50:44.463+0000] {logging_mixin.py:137} INFO - [2023-02-21T11:50:44.455+0000] {dag.py:3441} INFO - Setting next_dagrun for example_skip_dag to 2023-02-20T11:50:44.452017+00:00, run_after=2023-02-21T11:50:44.452017+00:00
[2023-02-21T11:50:44.808+0000] {processor.py:175} INFO - Processing /home/airflow/.local/lib/python3.7/site-packages/airflow/example_dags/example_skip_dag.py took 1.461 seconds
[2023-02-21T11:51:15.076+0000] {processor.py:153} INFO - Started process (PID=470) to work on /home/airflow/.local/lib/python3.7/site-packages/airflow/example_dags/example_skip_dag.py
[2023-02-21T11:51:15.082+0000] {processor.py:743} INFO - Processing file /home/airflow/.local/lib/python3.7/site-packages/airflow/example_dags/example_skip_dag.py for tasks to queue
[2023-02-21T11:51:15.086+0000] {logging_mixin.py:137} INFO - [2023-02-21T11:51:15.085+0000] {dagbag.py:538} INFO - Filling up the DagBag from /home/airflow/.local/lib/python3.7/site-packages/airflow/example_dags/example_skip_dag.py
[2023-02-21T11:51:15.216+0000] {processor.py:753} INFO - DAG(s) dict_keys(['example_skip_dag']) retrieved from /home/airflow/.local/lib/python3.7/site-packages/airflow/example_dags/example_skip_dag.py
[2023-02-21T11:51:15.418+0000] {logging_mixin.py:137} INFO - [2023-02-21T11:51:15.418+0000] {dag.py:2690} INFO - Sync 1 DAGs
[2023-02-21T11:51:15.516+0000] {logging_mixin.py:137} INFO - [2023-02-21T11:51:15.515+0000] {dag.py:3441} INFO - Setting next_dagrun for example_skip_dag to 2023-02-20T11:51:15.515461+00:00, run_after=2023-02-21T11:51:15.515461+00:00
[2023-02-21T11:51:15.637+0000] {processor.py:175} INFO - Processing /home/airflow/.local/lib/python3.7/site-packages/airflow/example_dags/example_skip_dag.py took 0.567 seconds
[2023-02-21T11:51:47.620+0000] {processor.py:153} INFO - Started process (PID=526) to work on /home/airflow/.local/lib/python3.7/site-packages/airflow/example_dags/example_skip_dag.py
[2023-02-21T11:51:47.643+0000] {processor.py:743} INFO - Processing file /home/airflow/.local/lib/python3.7/site-packages/airflow/example_dags/example_skip_dag.py for tasks to queue
[2023-02-21T11:51:47.662+0000] {logging_mixin.py:137} INFO - [2023-02-21T11:51:47.659+0000] {dagbag.py:538} INFO - Filling up the DagBag from /home/airflow/.local/lib/python3.7/site-packages/airflow/example_dags/example_skip_dag.py
[2023-02-21T11:51:47.871+0000] {processor.py:753} INFO - DAG(s) dict_keys(['example_skip_dag']) retrieved from /home/airflow/.local/lib/python3.7/site-packages/airflow/example_dags/example_skip_dag.py
[2023-02-21T11:51:48.060+0000] {logging_mixin.py:137} INFO - [2023-02-21T11:51:48.059+0000] {dag.py:2690} INFO - Sync 1 DAGs
[2023-02-21T11:51:48.228+0000] {logging_mixin.py:137} INFO - [2023-02-21T11:51:48.227+0000] {dag.py:3441} INFO - Setting next_dagrun for example_skip_dag to 2023-02-20T11:51:48.224792+00:00, run_after=2023-02-21T11:51:48.224792+00:00
[2023-02-21T11:51:48.370+0000] {processor.py:175} INFO - Processing /home/airflow/.local/lib/python3.7/site-packages/airflow/example_dags/example_skip_dag.py took 0.811 seconds
[2023-02-21T11:52:20.035+0000] {processor.py:153} INFO - Started process (PID=575) to work on /home/airflow/.local/lib/python3.7/site-packages/airflow/example_dags/example_skip_dag.py
[2023-02-21T11:52:20.045+0000] {processor.py:743} INFO - Processing file /home/airflow/.local/lib/python3.7/site-packages/airflow/example_dags/example_skip_dag.py for tasks to queue
[2023-02-21T11:52:20.053+0000] {logging_mixin.py:137} INFO - [2023-02-21T11:52:20.051+0000] {dagbag.py:538} INFO - Filling up the DagBag from /home/airflow/.local/lib/python3.7/site-packages/airflow/example_dags/example_skip_dag.py
[2023-02-21T11:52:20.259+0000] {processor.py:753} INFO - DAG(s) dict_keys(['example_skip_dag']) retrieved from /home/airflow/.local/lib/python3.7/site-packages/airflow/example_dags/example_skip_dag.py
[2023-02-21T11:52:20.556+0000] {logging_mixin.py:137} INFO - [2023-02-21T11:52:20.556+0000] {dag.py:2690} INFO - Sync 1 DAGs
[2023-02-21T11:52:20.815+0000] {logging_mixin.py:137} INFO - [2023-02-21T11:52:20.813+0000] {dag.py:3441} INFO - Setting next_dagrun for example_skip_dag to 2023-02-20T11:52:20.812106+00:00, run_after=2023-02-21T11:52:20.812106+00:00
[2023-02-21T11:52:21.276+0000] {processor.py:175} INFO - Processing /home/airflow/.local/lib/python3.7/site-packages/airflow/example_dags/example_skip_dag.py took 1.284 seconds
[2023-02-21T11:52:52.951+0000] {processor.py:153} INFO - Started process (PID=630) to work on /home/airflow/.local/lib/python3.7/site-packages/airflow/example_dags/example_skip_dag.py
[2023-02-21T11:52:52.957+0000] {processor.py:743} INFO - Processing file /home/airflow/.local/lib/python3.7/site-packages/airflow/example_dags/example_skip_dag.py for tasks to queue
[2023-02-21T11:52:52.964+0000] {logging_mixin.py:137} INFO - [2023-02-21T11:52:52.961+0000] {dagbag.py:538} INFO - Filling up the DagBag from /home/airflow/.local/lib/python3.7/site-packages/airflow/example_dags/example_skip_dag.py
[2023-02-21T11:52:53.098+0000] {processor.py:753} INFO - DAG(s) dict_keys(['example_skip_dag']) retrieved from /home/airflow/.local/lib/python3.7/site-packages/airflow/example_dags/example_skip_dag.py
[2023-02-21T11:52:53.340+0000] {logging_mixin.py:137} INFO - [2023-02-21T11:52:53.340+0000] {dag.py:2690} INFO - Sync 1 DAGs
[2023-02-21T11:52:53.556+0000] {logging_mixin.py:137} INFO - [2023-02-21T11:52:53.554+0000] {dag.py:3441} INFO - Setting next_dagrun for example_skip_dag to 2023-02-20T11:52:53.551436+00:00, run_after=2023-02-21T11:52:53.551436+00:00
[2023-02-21T11:52:53.762+0000] {processor.py:175} INFO - Processing /home/airflow/.local/lib/python3.7/site-packages/airflow/example_dags/example_skip_dag.py took 0.864 seconds
[2023-02-21T11:53:24.744+0000] {processor.py:153} INFO - Started process (PID=691) to work on /home/airflow/.local/lib/python3.7/site-packages/airflow/example_dags/example_skip_dag.py
[2023-02-21T11:53:24.747+0000] {processor.py:743} INFO - Processing file /home/airflow/.local/lib/python3.7/site-packages/airflow/example_dags/example_skip_dag.py for tasks to queue
[2023-02-21T11:53:24.749+0000] {logging_mixin.py:137} INFO - [2023-02-21T11:53:24.749+0000] {dagbag.py:538} INFO - Filling up the DagBag from /home/airflow/.local/lib/python3.7/site-packages/airflow/example_dags/example_skip_dag.py
[2023-02-21T11:53:25.042+0000] {processor.py:753} INFO - DAG(s) dict_keys(['example_skip_dag']) retrieved from /home/airflow/.local/lib/python3.7/site-packages/airflow/example_dags/example_skip_dag.py
[2023-02-21T11:53:25.252+0000] {logging_mixin.py:137} INFO - [2023-02-21T11:53:25.250+0000] {dag.py:2690} INFO - Sync 1 DAGs
[2023-02-21T11:53:25.604+0000] {logging_mixin.py:137} INFO - [2023-02-21T11:53:25.604+0000] {dag.py:3441} INFO - Setting next_dagrun for example_skip_dag to 2023-02-20T11:53:25.603901+00:00, run_after=2023-02-21T11:53:25.603901+00:00
[2023-02-21T11:53:25.814+0000] {processor.py:175} INFO - Processing /home/airflow/.local/lib/python3.7/site-packages/airflow/example_dags/example_skip_dag.py took 1.151 seconds
[2023-02-21T11:53:56.260+0000] {processor.py:153} INFO - Started process (PID=750) to work on /home/airflow/.local/lib/python3.7/site-packages/airflow/example_dags/example_skip_dag.py
[2023-02-21T11:53:56.304+0000] {processor.py:743} INFO - Processing file /home/airflow/.local/lib/python3.7/site-packages/airflow/example_dags/example_skip_dag.py for tasks to queue
[2023-02-21T11:53:56.339+0000] {logging_mixin.py:137} INFO - [2023-02-21T11:53:56.339+0000] {dagbag.py:538} INFO - Filling up the DagBag from /home/airflow/.local/lib/python3.7/site-packages/airflow/example_dags/example_skip_dag.py
[2023-02-21T11:53:56.645+0000] {processor.py:753} INFO - DAG(s) dict_keys(['example_skip_dag']) retrieved from /home/airflow/.local/lib/python3.7/site-packages/airflow/example_dags/example_skip_dag.py
[2023-02-21T11:53:56.698+0000] {logging_mixin.py:137} INFO - [2023-02-21T11:53:56.698+0000] {dag.py:2690} INFO - Sync 1 DAGs
[2023-02-21T11:53:56.762+0000] {logging_mixin.py:137} INFO - [2023-02-21T11:53:56.762+0000] {dag.py:3441} INFO - Setting next_dagrun for example_skip_dag to 2023-02-20T11:53:56.761405+00:00, run_after=2023-02-21T11:53:56.761405+00:00
[2023-02-21T11:53:57.466+0000] {processor.py:175} INFO - Processing /home/airflow/.local/lib/python3.7/site-packages/airflow/example_dags/example_skip_dag.py took 1.256 seconds
[2023-02-21T11:54:27.847+0000] {processor.py:153} INFO - Started process (PID=806) to work on /home/airflow/.local/lib/python3.7/site-packages/airflow/example_dags/example_skip_dag.py
[2023-02-21T11:54:27.851+0000] {processor.py:743} INFO - Processing file /home/airflow/.local/lib/python3.7/site-packages/airflow/example_dags/example_skip_dag.py for tasks to queue
[2023-02-21T11:54:27.854+0000] {logging_mixin.py:137} INFO - [2023-02-21T11:54:27.854+0000] {dagbag.py:538} INFO - Filling up the DagBag from /home/airflow/.local/lib/python3.7/site-packages/airflow/example_dags/example_skip_dag.py
[2023-02-21T11:54:27.883+0000] {processor.py:753} INFO - DAG(s) dict_keys(['example_skip_dag']) retrieved from /home/airflow/.local/lib/python3.7/site-packages/airflow/example_dags/example_skip_dag.py
[2023-02-21T11:54:27.948+0000] {logging_mixin.py:137} INFO - [2023-02-21T11:54:27.947+0000] {dag.py:2690} INFO - Sync 1 DAGs
[2023-02-21T11:54:28.003+0000] {logging_mixin.py:137} INFO - [2023-02-21T11:54:28.003+0000] {dag.py:3441} INFO - Setting next_dagrun for example_skip_dag to 2023-02-20T11:54:28.002971+00:00, run_after=2023-02-21T11:54:28.002971+00:00
[2023-02-21T11:54:28.050+0000] {processor.py:175} INFO - Processing /home/airflow/.local/lib/python3.7/site-packages/airflow/example_dags/example_skip_dag.py took 0.226 seconds
[2023-02-21T11:55:03.451+0000] {processor.py:153} INFO - Started process (PID=860) to work on /home/airflow/.local/lib/python3.7/site-packages/airflow/example_dags/example_skip_dag.py
[2023-02-21T11:55:03.460+0000] {processor.py:743} INFO - Processing file /home/airflow/.local/lib/python3.7/site-packages/airflow/example_dags/example_skip_dag.py for tasks to queue
[2023-02-21T11:55:03.482+0000] {logging_mixin.py:137} INFO - [2023-02-21T11:55:03.477+0000] {dagbag.py:538} INFO - Filling up the DagBag from /home/airflow/.local/lib/python3.7/site-packages/airflow/example_dags/example_skip_dag.py
[2023-02-21T11:55:03.722+0000] {processor.py:753} INFO - DAG(s) dict_keys(['example_skip_dag']) retrieved from /home/airflow/.local/lib/python3.7/site-packages/airflow/example_dags/example_skip_dag.py
[2023-02-21T11:55:04.000+0000] {logging_mixin.py:137} INFO - [2023-02-21T11:55:04.000+0000] {dag.py:2690} INFO - Sync 1 DAGs
[2023-02-21T11:55:04.146+0000] {logging_mixin.py:137} INFO - [2023-02-21T11:55:04.146+0000] {dag.py:3441} INFO - Setting next_dagrun for example_skip_dag to 2023-02-20T11:55:04.145661+00:00, run_after=2023-02-21T11:55:04.145661+00:00
[2023-02-21T11:55:04.354+0000] {processor.py:175} INFO - Processing /home/airflow/.local/lib/python3.7/site-packages/airflow/example_dags/example_skip_dag.py took 0.952 seconds
[2023-02-21T11:55:36.743+0000] {processor.py:153} INFO - Started process (PID=900) to work on /home/airflow/.local/lib/python3.7/site-packages/airflow/example_dags/example_skip_dag.py
[2023-02-21T11:55:36.751+0000] {processor.py:743} INFO - Processing file /home/airflow/.local/lib/python3.7/site-packages/airflow/example_dags/example_skip_dag.py for tasks to queue
[2023-02-21T11:55:36.755+0000] {logging_mixin.py:137} INFO - [2023-02-21T11:55:36.754+0000] {dagbag.py:538} INFO - Filling up the DagBag from /home/airflow/.local/lib/python3.7/site-packages/airflow/example_dags/example_skip_dag.py
[2023-02-21T11:55:36.806+0000] {processor.py:753} INFO - DAG(s) dict_keys(['example_skip_dag']) retrieved from /home/airflow/.local/lib/python3.7/site-packages/airflow/example_dags/example_skip_dag.py
[2023-02-21T11:55:36.902+0000] {logging_mixin.py:137} INFO - [2023-02-21T11:55:36.902+0000] {dag.py:2690} INFO - Sync 1 DAGs
[2023-02-21T11:55:37.018+0000] {logging_mixin.py:137} INFO - [2023-02-21T11:55:37.018+0000] {dag.py:3441} INFO - Setting next_dagrun for example_skip_dag to 2023-02-20T11:55:37.018174+00:00, run_after=2023-02-21T11:55:37.018174+00:00
[2023-02-21T11:55:37.107+0000] {processor.py:175} INFO - Processing /home/airflow/.local/lib/python3.7/site-packages/airflow/example_dags/example_skip_dag.py took 0.379 seconds
[2023-02-21T11:56:07.243+0000] {processor.py:153} INFO - Started process (PID=957) to work on /home/airflow/.local/lib/python3.7/site-packages/airflow/example_dags/example_skip_dag.py
[2023-02-21T11:56:07.245+0000] {processor.py:743} INFO - Processing file /home/airflow/.local/lib/python3.7/site-packages/airflow/example_dags/example_skip_dag.py for tasks to queue
[2023-02-21T11:56:07.249+0000] {logging_mixin.py:137} INFO - [2023-02-21T11:56:07.248+0000] {dagbag.py:538} INFO - Filling up the DagBag from /home/airflow/.local/lib/python3.7/site-packages/airflow/example_dags/example_skip_dag.py
[2023-02-21T11:56:07.303+0000] {processor.py:753} INFO - DAG(s) dict_keys(['example_skip_dag']) retrieved from /home/airflow/.local/lib/python3.7/site-packages/airflow/example_dags/example_skip_dag.py
[2023-02-21T11:56:07.386+0000] {logging_mixin.py:137} INFO - [2023-02-21T11:56:07.386+0000] {dag.py:2690} INFO - Sync 1 DAGs
[2023-02-21T11:56:07.438+0000] {logging_mixin.py:137} INFO - [2023-02-21T11:56:07.438+0000] {dag.py:3441} INFO - Setting next_dagrun for example_skip_dag to 2023-02-20T11:56:07.438081+00:00, run_after=2023-02-21T11:56:07.438081+00:00
[2023-02-21T11:56:07.494+0000] {processor.py:175} INFO - Processing /home/airflow/.local/lib/python3.7/site-packages/airflow/example_dags/example_skip_dag.py took 0.256 seconds
[2023-02-21T11:56:37.959+0000] {processor.py:153} INFO - Started process (PID=1023) to work on /home/airflow/.local/lib/python3.7/site-packages/airflow/example_dags/example_skip_dag.py
[2023-02-21T11:56:37.966+0000] {processor.py:743} INFO - Processing file /home/airflow/.local/lib/python3.7/site-packages/airflow/example_dags/example_skip_dag.py for tasks to queue
[2023-02-21T11:56:37.977+0000] {logging_mixin.py:137} INFO - [2023-02-21T11:56:37.976+0000] {dagbag.py:538} INFO - Filling up the DagBag from /home/airflow/.local/lib/python3.7/site-packages/airflow/example_dags/example_skip_dag.py
[2023-02-21T11:56:38.038+0000] {processor.py:753} INFO - DAG(s) dict_keys(['example_skip_dag']) retrieved from /home/airflow/.local/lib/python3.7/site-packages/airflow/example_dags/example_skip_dag.py
[2023-02-21T11:56:38.135+0000] {logging_mixin.py:137} INFO - [2023-02-21T11:56:38.134+0000] {dag.py:2690} INFO - Sync 1 DAGs
[2023-02-21T11:56:38.234+0000] {logging_mixin.py:137} INFO - [2023-02-21T11:56:38.233+0000] {dag.py:3441} INFO - Setting next_dagrun for example_skip_dag to 2023-02-20T11:56:38.230343+00:00, run_after=2023-02-21T11:56:38.230343+00:00
[2023-02-21T11:56:38.315+0000] {processor.py:175} INFO - Processing /home/airflow/.local/lib/python3.7/site-packages/airflow/example_dags/example_skip_dag.py took 0.386 seconds
[2023-02-21T11:57:08.550+0000] {processor.py:153} INFO - Started process (PID=1074) to work on /home/airflow/.local/lib/python3.7/site-packages/airflow/example_dags/example_skip_dag.py
[2023-02-21T11:57:08.575+0000] {processor.py:743} INFO - Processing file /home/airflow/.local/lib/python3.7/site-packages/airflow/example_dags/example_skip_dag.py for tasks to queue
[2023-02-21T11:57:08.581+0000] {logging_mixin.py:137} INFO - [2023-02-21T11:57:08.579+0000] {dagbag.py:538} INFO - Filling up the DagBag from /home/airflow/.local/lib/python3.7/site-packages/airflow/example_dags/example_skip_dag.py
[2023-02-21T11:57:08.654+0000] {processor.py:753} INFO - DAG(s) dict_keys(['example_skip_dag']) retrieved from /home/airflow/.local/lib/python3.7/site-packages/airflow/example_dags/example_skip_dag.py
[2023-02-21T11:57:08.751+0000] {logging_mixin.py:137} INFO - [2023-02-21T11:57:08.751+0000] {dag.py:2690} INFO - Sync 1 DAGs
[2023-02-21T11:57:08.831+0000] {logging_mixin.py:137} INFO - [2023-02-21T11:57:08.830+0000] {dag.py:3441} INFO - Setting next_dagrun for example_skip_dag to 2023-02-20T11:57:08.830415+00:00, run_after=2023-02-21T11:57:08.830415+00:00
[2023-02-21T11:57:08.909+0000] {processor.py:175} INFO - Processing /home/airflow/.local/lib/python3.7/site-packages/airflow/example_dags/example_skip_dag.py took 0.369 seconds
[2023-02-21T11:57:39.558+0000] {processor.py:153} INFO - Started process (PID=1132) to work on /home/airflow/.local/lib/python3.7/site-packages/airflow/example_dags/example_skip_dag.py
[2023-02-21T11:57:39.569+0000] {processor.py:743} INFO - Processing file /home/airflow/.local/lib/python3.7/site-packages/airflow/example_dags/example_skip_dag.py for tasks to queue
[2023-02-21T11:57:39.574+0000] {logging_mixin.py:137} INFO - [2023-02-21T11:57:39.573+0000] {dagbag.py:538} INFO - Filling up the DagBag from /home/airflow/.local/lib/python3.7/site-packages/airflow/example_dags/example_skip_dag.py
[2023-02-21T11:57:39.640+0000] {processor.py:753} INFO - DAG(s) dict_keys(['example_skip_dag']) retrieved from /home/airflow/.local/lib/python3.7/site-packages/airflow/example_dags/example_skip_dag.py
[2023-02-21T11:57:40.064+0000] {logging_mixin.py:137} INFO - [2023-02-21T11:57:40.064+0000] {dag.py:2690} INFO - Sync 1 DAGs
[2023-02-21T11:57:40.207+0000] {logging_mixin.py:137} INFO - [2023-02-21T11:57:40.207+0000] {dag.py:3441} INFO - Setting next_dagrun for example_skip_dag to 2023-02-20T11:57:40.206709+00:00, run_after=2023-02-21T11:57:40.206709+00:00
[2023-02-21T11:57:40.396+0000] {processor.py:175} INFO - Processing /home/airflow/.local/lib/python3.7/site-packages/airflow/example_dags/example_skip_dag.py took 0.852 seconds
[2023-02-21T11:58:10.638+0000] {processor.py:153} INFO - Started process (PID=1189) to work on /home/airflow/.local/lib/python3.7/site-packages/airflow/example_dags/example_skip_dag.py
[2023-02-21T11:58:10.642+0000] {processor.py:743} INFO - Processing file /home/airflow/.local/lib/python3.7/site-packages/airflow/example_dags/example_skip_dag.py for tasks to queue
[2023-02-21T11:58:10.680+0000] {logging_mixin.py:137} INFO - [2023-02-21T11:58:10.680+0000] {dagbag.py:538} INFO - Filling up the DagBag from /home/airflow/.local/lib/python3.7/site-packages/airflow/example_dags/example_skip_dag.py
[2023-02-21T11:58:10.797+0000] {processor.py:753} INFO - DAG(s) dict_keys(['example_skip_dag']) retrieved from /home/airflow/.local/lib/python3.7/site-packages/airflow/example_dags/example_skip_dag.py
[2023-02-21T11:58:11.030+0000] {logging_mixin.py:137} INFO - [2023-02-21T11:58:11.030+0000] {dag.py:2690} INFO - Sync 1 DAGs
[2023-02-21T11:58:11.178+0000] {logging_mixin.py:137} INFO - [2023-02-21T11:58:11.177+0000] {dag.py:3441} INFO - Setting next_dagrun for example_skip_dag to 2023-02-20T11:58:11.177429+00:00, run_after=2023-02-21T11:58:11.177429+00:00
[2023-02-21T11:58:11.297+0000] {processor.py:175} INFO - Processing /home/airflow/.local/lib/python3.7/site-packages/airflow/example_dags/example_skip_dag.py took 0.667 seconds
[2023-02-21T11:58:42.386+0000] {processor.py:153} INFO - Started process (PID=1238) to work on /home/airflow/.local/lib/python3.7/site-packages/airflow/example_dags/example_skip_dag.py
[2023-02-21T11:58:42.414+0000] {processor.py:743} INFO - Processing file /home/airflow/.local/lib/python3.7/site-packages/airflow/example_dags/example_skip_dag.py for tasks to queue
[2023-02-21T11:58:42.420+0000] {logging_mixin.py:137} INFO - [2023-02-21T11:58:42.420+0000] {dagbag.py:538} INFO - Filling up the DagBag from /home/airflow/.local/lib/python3.7/site-packages/airflow/example_dags/example_skip_dag.py
[2023-02-21T11:58:42.489+0000] {processor.py:753} INFO - DAG(s) dict_keys(['example_skip_dag']) retrieved from /home/airflow/.local/lib/python3.7/site-packages/airflow/example_dags/example_skip_dag.py
[2023-02-21T11:58:42.643+0000] {logging_mixin.py:137} INFO - [2023-02-21T11:58:42.643+0000] {dag.py:2690} INFO - Sync 1 DAGs
[2023-02-21T11:58:42.836+0000] {logging_mixin.py:137} INFO - [2023-02-21T11:58:42.836+0000] {dag.py:3441} INFO - Setting next_dagrun for example_skip_dag to 2023-02-20T11:58:42.835672+00:00, run_after=2023-02-21T11:58:42.835672+00:00
[2023-02-21T11:58:42.964+0000] {processor.py:175} INFO - Processing /home/airflow/.local/lib/python3.7/site-packages/airflow/example_dags/example_skip_dag.py took 0.603 seconds
[2023-02-21T11:59:13.132+0000] {processor.py:153} INFO - Started process (PID=1297) to work on /home/airflow/.local/lib/python3.7/site-packages/airflow/example_dags/example_skip_dag.py
[2023-02-21T11:59:13.134+0000] {processor.py:743} INFO - Processing file /home/airflow/.local/lib/python3.7/site-packages/airflow/example_dags/example_skip_dag.py for tasks to queue
[2023-02-21T11:59:13.139+0000] {logging_mixin.py:137} INFO - [2023-02-21T11:59:13.138+0000] {dagbag.py:538} INFO - Filling up the DagBag from /home/airflow/.local/lib/python3.7/site-packages/airflow/example_dags/example_skip_dag.py
[2023-02-21T11:59:13.170+0000] {processor.py:753} INFO - DAG(s) dict_keys(['example_skip_dag']) retrieved from /home/airflow/.local/lib/python3.7/site-packages/airflow/example_dags/example_skip_dag.py
[2023-02-21T11:59:13.226+0000] {logging_mixin.py:137} INFO - [2023-02-21T11:59:13.226+0000] {dag.py:2690} INFO - Sync 1 DAGs
[2023-02-21T11:59:13.286+0000] {logging_mixin.py:137} INFO - [2023-02-21T11:59:13.286+0000] {dag.py:3441} INFO - Setting next_dagrun for example_skip_dag to 2023-02-20T11:59:13.285741+00:00, run_after=2023-02-21T11:59:13.285741+00:00
[2023-02-21T11:59:13.323+0000] {processor.py:175} INFO - Processing /home/airflow/.local/lib/python3.7/site-packages/airflow/example_dags/example_skip_dag.py took 0.196 seconds
[2023-02-21T11:59:44.247+0000] {processor.py:153} INFO - Started process (PID=1355) to work on /home/airflow/.local/lib/python3.7/site-packages/airflow/example_dags/example_skip_dag.py
[2023-02-21T11:59:44.251+0000] {processor.py:743} INFO - Processing file /home/airflow/.local/lib/python3.7/site-packages/airflow/example_dags/example_skip_dag.py for tasks to queue
[2023-02-21T11:59:44.261+0000] {logging_mixin.py:137} INFO - [2023-02-21T11:59:44.261+0000] {dagbag.py:538} INFO - Filling up the DagBag from /home/airflow/.local/lib/python3.7/site-packages/airflow/example_dags/example_skip_dag.py
[2023-02-21T11:59:44.286+0000] {processor.py:753} INFO - DAG(s) dict_keys(['example_skip_dag']) retrieved from /home/airflow/.local/lib/python3.7/site-packages/airflow/example_dags/example_skip_dag.py
[2023-02-21T11:59:44.368+0000] {logging_mixin.py:137} INFO - [2023-02-21T11:59:44.366+0000] {dag.py:2690} INFO - Sync 1 DAGs
[2023-02-21T11:59:44.474+0000] {logging_mixin.py:137} INFO - [2023-02-21T11:59:44.474+0000] {dag.py:3441} INFO - Setting next_dagrun for example_skip_dag to 2023-02-20T11:59:44.474062+00:00, run_after=2023-02-21T11:59:44.474062+00:00
[2023-02-21T11:59:44.565+0000] {processor.py:175} INFO - Processing /home/airflow/.local/lib/python3.7/site-packages/airflow/example_dags/example_skip_dag.py took 0.339 seconds
[2023-02-21T12:00:16.073+0000] {processor.py:153} INFO - Started process (PID=1408) to work on /home/airflow/.local/lib/python3.7/site-packages/airflow/example_dags/example_skip_dag.py
[2023-02-21T12:00:16.094+0000] {processor.py:743} INFO - Processing file /home/airflow/.local/lib/python3.7/site-packages/airflow/example_dags/example_skip_dag.py for tasks to queue
[2023-02-21T12:00:16.109+0000] {logging_mixin.py:137} INFO - [2023-02-21T12:00:16.108+0000] {dagbag.py:538} INFO - Filling up the DagBag from /home/airflow/.local/lib/python3.7/site-packages/airflow/example_dags/example_skip_dag.py
[2023-02-21T12:00:16.377+0000] {processor.py:753} INFO - DAG(s) dict_keys(['example_skip_dag']) retrieved from /home/airflow/.local/lib/python3.7/site-packages/airflow/example_dags/example_skip_dag.py
[2023-02-21T12:00:16.608+0000] {logging_mixin.py:137} INFO - [2023-02-21T12:00:16.608+0000] {dag.py:2690} INFO - Sync 1 DAGs
[2023-02-21T12:00:16.879+0000] {logging_mixin.py:137} INFO - [2023-02-21T12:00:16.879+0000] {dag.py:3441} INFO - Setting next_dagrun for example_skip_dag to 2023-02-20T12:00:16.878573+00:00, run_after=2023-02-21T12:00:16.878573+00:00
[2023-02-21T12:00:16.972+0000] {processor.py:175} INFO - Processing /home/airflow/.local/lib/python3.7/site-packages/airflow/example_dags/example_skip_dag.py took 0.950 seconds
[2023-02-21T12:00:47.354+0000] {processor.py:153} INFO - Started process (PID=1459) to work on /home/airflow/.local/lib/python3.7/site-packages/airflow/example_dags/example_skip_dag.py
[2023-02-21T12:00:47.362+0000] {processor.py:743} INFO - Processing file /home/airflow/.local/lib/python3.7/site-packages/airflow/example_dags/example_skip_dag.py for tasks to queue
[2023-02-21T12:00:47.366+0000] {logging_mixin.py:137} INFO - [2023-02-21T12:00:47.365+0000] {dagbag.py:538} INFO - Filling up the DagBag from /home/airflow/.local/lib/python3.7/site-packages/airflow/example_dags/example_skip_dag.py
[2023-02-21T12:00:47.523+0000] {processor.py:753} INFO - DAG(s) dict_keys(['example_skip_dag']) retrieved from /home/airflow/.local/lib/python3.7/site-packages/airflow/example_dags/example_skip_dag.py
[2023-02-21T12:00:47.720+0000] {logging_mixin.py:137} INFO - [2023-02-21T12:00:47.719+0000] {dag.py:2690} INFO - Sync 1 DAGs
[2023-02-21T12:00:47.938+0000] {logging_mixin.py:137} INFO - [2023-02-21T12:00:47.938+0000] {dag.py:3441} INFO - Setting next_dagrun for example_skip_dag to 2023-02-20T12:00:47.938369+00:00, run_after=2023-02-21T12:00:47.938369+00:00
[2023-02-21T12:00:48.116+0000] {processor.py:175} INFO - Processing /home/airflow/.local/lib/python3.7/site-packages/airflow/example_dags/example_skip_dag.py took 0.789 seconds
[2023-02-21T12:01:18.226+0000] {processor.py:153} INFO - Started process (PID=1518) to work on /home/airflow/.local/lib/python3.7/site-packages/airflow/example_dags/example_skip_dag.py
[2023-02-21T12:01:18.233+0000] {processor.py:743} INFO - Processing file /home/airflow/.local/lib/python3.7/site-packages/airflow/example_dags/example_skip_dag.py for tasks to queue
[2023-02-21T12:01:18.236+0000] {logging_mixin.py:137} INFO - [2023-02-21T12:01:18.235+0000] {dagbag.py:538} INFO - Filling up the DagBag from /home/airflow/.local/lib/python3.7/site-packages/airflow/example_dags/example_skip_dag.py
[2023-02-21T12:01:18.291+0000] {processor.py:753} INFO - DAG(s) dict_keys(['example_skip_dag']) retrieved from /home/airflow/.local/lib/python3.7/site-packages/airflow/example_dags/example_skip_dag.py
[2023-02-21T12:01:18.443+0000] {logging_mixin.py:137} INFO - [2023-02-21T12:01:18.443+0000] {dag.py:2690} INFO - Sync 1 DAGs
[2023-02-21T12:01:18.683+0000] {logging_mixin.py:137} INFO - [2023-02-21T12:01:18.683+0000] {dag.py:3441} INFO - Setting next_dagrun for example_skip_dag to 2023-02-20T12:01:18.681905+00:00, run_after=2023-02-21T12:01:18.681905+00:00
[2023-02-21T12:01:18.874+0000] {processor.py:175} INFO - Processing /home/airflow/.local/lib/python3.7/site-packages/airflow/example_dags/example_skip_dag.py took 0.654 seconds
[2023-02-21T12:01:49.130+0000] {processor.py:153} INFO - Started process (PID=1579) to work on /home/airflow/.local/lib/python3.7/site-packages/airflow/example_dags/example_skip_dag.py
[2023-02-21T12:01:49.136+0000] {processor.py:743} INFO - Processing file /home/airflow/.local/lib/python3.7/site-packages/airflow/example_dags/example_skip_dag.py for tasks to queue
[2023-02-21T12:01:49.139+0000] {logging_mixin.py:137} INFO - [2023-02-21T12:01:49.138+0000] {dagbag.py:538} INFO - Filling up the DagBag from /home/airflow/.local/lib/python3.7/site-packages/airflow/example_dags/example_skip_dag.py
[2023-02-21T12:01:49.172+0000] {processor.py:753} INFO - DAG(s) dict_keys(['example_skip_dag']) retrieved from /home/airflow/.local/lib/python3.7/site-packages/airflow/example_dags/example_skip_dag.py
[2023-02-21T12:01:49.224+0000] {logging_mixin.py:137} INFO - [2023-02-21T12:01:49.224+0000] {dag.py:2690} INFO - Sync 1 DAGs
[2023-02-21T12:01:49.280+0000] {logging_mixin.py:137} INFO - [2023-02-21T12:01:49.279+0000] {dag.py:3441} INFO - Setting next_dagrun for example_skip_dag to 2023-02-20T12:01:49.279270+00:00, run_after=2023-02-21T12:01:49.279270+00:00
[2023-02-21T12:01:49.328+0000] {processor.py:175} INFO - Processing /home/airflow/.local/lib/python3.7/site-packages/airflow/example_dags/example_skip_dag.py took 0.206 seconds
[2023-02-21T12:02:19.719+0000] {processor.py:153} INFO - Started process (PID=1638) to work on /home/airflow/.local/lib/python3.7/site-packages/airflow/example_dags/example_skip_dag.py
[2023-02-21T12:02:19.723+0000] {processor.py:743} INFO - Processing file /home/airflow/.local/lib/python3.7/site-packages/airflow/example_dags/example_skip_dag.py for tasks to queue
[2023-02-21T12:02:19.729+0000] {logging_mixin.py:137} INFO - [2023-02-21T12:02:19.729+0000] {dagbag.py:538} INFO - Filling up the DagBag from /home/airflow/.local/lib/python3.7/site-packages/airflow/example_dags/example_skip_dag.py
[2023-02-21T12:02:19.761+0000] {processor.py:753} INFO - DAG(s) dict_keys(['example_skip_dag']) retrieved from /home/airflow/.local/lib/python3.7/site-packages/airflow/example_dags/example_skip_dag.py
[2023-02-21T12:02:19.816+0000] {logging_mixin.py:137} INFO - [2023-02-21T12:02:19.816+0000] {dag.py:2690} INFO - Sync 1 DAGs
[2023-02-21T12:02:19.869+0000] {logging_mixin.py:137} INFO - [2023-02-21T12:02:19.868+0000] {dag.py:3441} INFO - Setting next_dagrun for example_skip_dag to 2023-02-20T12:02:19.867943+00:00, run_after=2023-02-21T12:02:19.867943+00:00
[2023-02-21T12:02:19.923+0000] {processor.py:175} INFO - Processing /home/airflow/.local/lib/python3.7/site-packages/airflow/example_dags/example_skip_dag.py took 0.208 seconds
[2023-02-21T12:02:50.713+0000] {processor.py:153} INFO - Started process (PID=1698) to work on /home/airflow/.local/lib/python3.7/site-packages/airflow/example_dags/example_skip_dag.py
[2023-02-21T12:02:50.729+0000] {processor.py:743} INFO - Processing file /home/airflow/.local/lib/python3.7/site-packages/airflow/example_dags/example_skip_dag.py for tasks to queue
[2023-02-21T12:02:50.737+0000] {logging_mixin.py:137} INFO - [2023-02-21T12:02:50.735+0000] {dagbag.py:538} INFO - Filling up the DagBag from /home/airflow/.local/lib/python3.7/site-packages/airflow/example_dags/example_skip_dag.py
[2023-02-21T12:02:50.778+0000] {processor.py:753} INFO - DAG(s) dict_keys(['example_skip_dag']) retrieved from /home/airflow/.local/lib/python3.7/site-packages/airflow/example_dags/example_skip_dag.py
[2023-02-21T12:02:50.858+0000] {logging_mixin.py:137} INFO - [2023-02-21T12:02:50.858+0000] {dag.py:2690} INFO - Sync 1 DAGs
[2023-02-21T12:02:50.923+0000] {logging_mixin.py:137} INFO - [2023-02-21T12:02:50.923+0000] {dag.py:3441} INFO - Setting next_dagrun for example_skip_dag to 2023-02-20T12:02:50.922892+00:00, run_after=2023-02-21T12:02:50.922892+00:00
[2023-02-21T12:02:50.980+0000] {processor.py:175} INFO - Processing /home/airflow/.local/lib/python3.7/site-packages/airflow/example_dags/example_skip_dag.py took 0.313 seconds
[2023-02-21T12:03:21.291+0000] {processor.py:153} INFO - Started process (PID=1754) to work on /home/airflow/.local/lib/python3.7/site-packages/airflow/example_dags/example_skip_dag.py
[2023-02-21T12:03:21.295+0000] {processor.py:743} INFO - Processing file /home/airflow/.local/lib/python3.7/site-packages/airflow/example_dags/example_skip_dag.py for tasks to queue
[2023-02-21T12:03:21.309+0000] {logging_mixin.py:137} INFO - [2023-02-21T12:03:21.309+0000] {dagbag.py:538} INFO - Filling up the DagBag from /home/airflow/.local/lib/python3.7/site-packages/airflow/example_dags/example_skip_dag.py
[2023-02-21T12:03:21.461+0000] {processor.py:753} INFO - DAG(s) dict_keys(['example_skip_dag']) retrieved from /home/airflow/.local/lib/python3.7/site-packages/airflow/example_dags/example_skip_dag.py
[2023-02-21T12:03:21.691+0000] {logging_mixin.py:137} INFO - [2023-02-21T12:03:21.691+0000] {dag.py:2690} INFO - Sync 1 DAGs
[2023-02-21T12:03:21.937+0000] {logging_mixin.py:137} INFO - [2023-02-21T12:03:21.936+0000] {dag.py:3441} INFO - Setting next_dagrun for example_skip_dag to 2023-02-20T12:03:21.936312+00:00, run_after=2023-02-21T12:03:21.936312+00:00
[2023-02-21T12:03:22.161+0000] {processor.py:175} INFO - Processing /home/airflow/.local/lib/python3.7/site-packages/airflow/example_dags/example_skip_dag.py took 0.891 seconds
[2023-02-21T12:03:52.921+0000] {processor.py:153} INFO - Started process (PID=1814) to work on /home/airflow/.local/lib/python3.7/site-packages/airflow/example_dags/example_skip_dag.py
[2023-02-21T12:03:52.924+0000] {processor.py:743} INFO - Processing file /home/airflow/.local/lib/python3.7/site-packages/airflow/example_dags/example_skip_dag.py for tasks to queue
[2023-02-21T12:03:52.927+0000] {logging_mixin.py:137} INFO - [2023-02-21T12:03:52.926+0000] {dagbag.py:538} INFO - Filling up the DagBag from /home/airflow/.local/lib/python3.7/site-packages/airflow/example_dags/example_skip_dag.py
[2023-02-21T12:03:52.953+0000] {processor.py:753} INFO - DAG(s) dict_keys(['example_skip_dag']) retrieved from /home/airflow/.local/lib/python3.7/site-packages/airflow/example_dags/example_skip_dag.py
[2023-02-21T12:03:53.003+0000] {logging_mixin.py:137} INFO - [2023-02-21T12:03:53.003+0000] {dag.py:2690} INFO - Sync 1 DAGs
[2023-02-21T12:03:53.043+0000] {logging_mixin.py:137} INFO - [2023-02-21T12:03:53.043+0000] {dag.py:3441} INFO - Setting next_dagrun for example_skip_dag to 2023-02-20T12:03:53.043163+00:00, run_after=2023-02-21T12:03:53.043163+00:00
[2023-02-21T12:03:53.092+0000] {processor.py:175} INFO - Processing /home/airflow/.local/lib/python3.7/site-packages/airflow/example_dags/example_skip_dag.py took 0.180 seconds
[2023-02-21T12:04:23.211+0000] {processor.py:153} INFO - Started process (PID=1873) to work on /home/airflow/.local/lib/python3.7/site-packages/airflow/example_dags/example_skip_dag.py
[2023-02-21T12:04:23.214+0000] {processor.py:743} INFO - Processing file /home/airflow/.local/lib/python3.7/site-packages/airflow/example_dags/example_skip_dag.py for tasks to queue
[2023-02-21T12:04:23.221+0000] {logging_mixin.py:137} INFO - [2023-02-21T12:04:23.221+0000] {dagbag.py:538} INFO - Filling up the DagBag from /home/airflow/.local/lib/python3.7/site-packages/airflow/example_dags/example_skip_dag.py
[2023-02-21T12:04:23.265+0000] {processor.py:753} INFO - DAG(s) dict_keys(['example_skip_dag']) retrieved from /home/airflow/.local/lib/python3.7/site-packages/airflow/example_dags/example_skip_dag.py
[2023-02-21T12:04:23.328+0000] {logging_mixin.py:137} INFO - [2023-02-21T12:04:23.327+0000] {dag.py:2690} INFO - Sync 1 DAGs
[2023-02-21T12:04:23.382+0000] {logging_mixin.py:137} INFO - [2023-02-21T12:04:23.382+0000] {dag.py:3441} INFO - Setting next_dagrun for example_skip_dag to 2023-02-20T12:04:23.381740+00:00, run_after=2023-02-21T12:04:23.381740+00:00
[2023-02-21T12:04:23.434+0000] {processor.py:175} INFO - Processing /home/airflow/.local/lib/python3.7/site-packages/airflow/example_dags/example_skip_dag.py took 0.233 seconds
[2023-02-21T12:04:53.900+0000] {processor.py:153} INFO - Started process (PID=1930) to work on /home/airflow/.local/lib/python3.7/site-packages/airflow/example_dags/example_skip_dag.py
[2023-02-21T12:04:53.906+0000] {processor.py:743} INFO - Processing file /home/airflow/.local/lib/python3.7/site-packages/airflow/example_dags/example_skip_dag.py for tasks to queue
[2023-02-21T12:04:53.913+0000] {logging_mixin.py:137} INFO - [2023-02-21T12:04:53.912+0000] {dagbag.py:538} INFO - Filling up the DagBag from /home/airflow/.local/lib/python3.7/site-packages/airflow/example_dags/example_skip_dag.py
[2023-02-21T12:04:53.964+0000] {processor.py:753} INFO - DAG(s) dict_keys(['example_skip_dag']) retrieved from /home/airflow/.local/lib/python3.7/site-packages/airflow/example_dags/example_skip_dag.py
[2023-02-21T12:04:54.022+0000] {logging_mixin.py:137} INFO - [2023-02-21T12:04:54.022+0000] {dag.py:2690} INFO - Sync 1 DAGs
[2023-02-21T12:04:54.073+0000] {logging_mixin.py:137} INFO - [2023-02-21T12:04:54.073+0000] {dag.py:3441} INFO - Setting next_dagrun for example_skip_dag to 2023-02-20T12:04:54.073173+00:00, run_after=2023-02-21T12:04:54.073173+00:00
[2023-02-21T12:04:54.121+0000] {processor.py:175} INFO - Processing /home/airflow/.local/lib/python3.7/site-packages/airflow/example_dags/example_skip_dag.py took 0.233 seconds
[2023-02-21T12:05:24.431+0000] {processor.py:153} INFO - Started process (PID=1987) to work on /home/airflow/.local/lib/python3.7/site-packages/airflow/example_dags/example_skip_dag.py
[2023-02-21T12:05:24.440+0000] {processor.py:743} INFO - Processing file /home/airflow/.local/lib/python3.7/site-packages/airflow/example_dags/example_skip_dag.py for tasks to queue
[2023-02-21T12:05:24.448+0000] {logging_mixin.py:137} INFO - [2023-02-21T12:05:24.446+0000] {dagbag.py:538} INFO - Filling up the DagBag from /home/airflow/.local/lib/python3.7/site-packages/airflow/example_dags/example_skip_dag.py
[2023-02-21T12:05:24.487+0000] {processor.py:753} INFO - DAG(s) dict_keys(['example_skip_dag']) retrieved from /home/airflow/.local/lib/python3.7/site-packages/airflow/example_dags/example_skip_dag.py
[2023-02-21T12:05:24.590+0000] {logging_mixin.py:137} INFO - [2023-02-21T12:05:24.590+0000] {dag.py:2690} INFO - Sync 1 DAGs
[2023-02-21T12:05:24.687+0000] {logging_mixin.py:137} INFO - [2023-02-21T12:05:24.686+0000] {dag.py:3441} INFO - Setting next_dagrun for example_skip_dag to 2023-02-20T12:05:24.686462+00:00, run_after=2023-02-21T12:05:24.686462+00:00
[2023-02-21T12:05:24.739+0000] {processor.py:175} INFO - Processing /home/airflow/.local/lib/python3.7/site-packages/airflow/example_dags/example_skip_dag.py took 0.332 seconds
[2023-02-21T12:05:54.964+0000] {processor.py:153} INFO - Started process (PID=2036) to work on /home/airflow/.local/lib/python3.7/site-packages/airflow/example_dags/example_skip_dag.py
[2023-02-21T12:05:54.988+0000] {processor.py:743} INFO - Processing file /home/airflow/.local/lib/python3.7/site-packages/airflow/example_dags/example_skip_dag.py for tasks to queue
[2023-02-21T12:05:55.002+0000] {logging_mixin.py:137} INFO - [2023-02-21T12:05:55.001+0000] {dagbag.py:538} INFO - Filling up the DagBag from /home/airflow/.local/lib/python3.7/site-packages/airflow/example_dags/example_skip_dag.py
[2023-02-21T12:05:55.104+0000] {processor.py:753} INFO - DAG(s) dict_keys(['example_skip_dag']) retrieved from /home/airflow/.local/lib/python3.7/site-packages/airflow/example_dags/example_skip_dag.py
[2023-02-21T12:05:55.224+0000] {logging_mixin.py:137} INFO - [2023-02-21T12:05:55.223+0000] {dag.py:2690} INFO - Sync 1 DAGs
[2023-02-21T12:05:55.410+0000] {logging_mixin.py:137} INFO - [2023-02-21T12:05:55.410+0000] {dag.py:3441} INFO - Setting next_dagrun for example_skip_dag to 2023-02-20T12:05:55.410345+00:00, run_after=2023-02-21T12:05:55.410345+00:00
[2023-02-21T12:05:55.525+0000] {processor.py:175} INFO - Processing /home/airflow/.local/lib/python3.7/site-packages/airflow/example_dags/example_skip_dag.py took 0.614 seconds
[2023-02-21T12:06:26.274+0000] {processor.py:153} INFO - Started process (PID=2095) to work on /home/airflow/.local/lib/python3.7/site-packages/airflow/example_dags/example_skip_dag.py
[2023-02-21T12:06:26.290+0000] {processor.py:743} INFO - Processing file /home/airflow/.local/lib/python3.7/site-packages/airflow/example_dags/example_skip_dag.py for tasks to queue
[2023-02-21T12:06:26.313+0000] {logging_mixin.py:137} INFO - [2023-02-21T12:06:26.312+0000] {dagbag.py:538} INFO - Filling up the DagBag from /home/airflow/.local/lib/python3.7/site-packages/airflow/example_dags/example_skip_dag.py
[2023-02-21T12:06:26.375+0000] {processor.py:753} INFO - DAG(s) dict_keys(['example_skip_dag']) retrieved from /home/airflow/.local/lib/python3.7/site-packages/airflow/example_dags/example_skip_dag.py
[2023-02-21T12:06:26.511+0000] {logging_mixin.py:137} INFO - [2023-02-21T12:06:26.511+0000] {dag.py:2690} INFO - Sync 1 DAGs
[2023-02-21T12:06:26.615+0000] {logging_mixin.py:137} INFO - [2023-02-21T12:06:26.615+0000] {dag.py:3441} INFO - Setting next_dagrun for example_skip_dag to 2023-02-20T12:06:26.614559+00:00, run_after=2023-02-21T12:06:26.614559+00:00
[2023-02-21T12:06:26.718+0000] {processor.py:175} INFO - Processing /home/airflow/.local/lib/python3.7/site-packages/airflow/example_dags/example_skip_dag.py took 0.455 seconds
[2023-02-21T12:06:57.569+0000] {processor.py:153} INFO - Started process (PID=2153) to work on /home/airflow/.local/lib/python3.7/site-packages/airflow/example_dags/example_skip_dag.py
[2023-02-21T12:06:57.572+0000] {processor.py:743} INFO - Processing file /home/airflow/.local/lib/python3.7/site-packages/airflow/example_dags/example_skip_dag.py for tasks to queue
[2023-02-21T12:06:57.574+0000] {logging_mixin.py:137} INFO - [2023-02-21T12:06:57.574+0000] {dagbag.py:538} INFO - Filling up the DagBag from /home/airflow/.local/lib/python3.7/site-packages/airflow/example_dags/example_skip_dag.py
[2023-02-21T12:06:57.607+0000] {processor.py:753} INFO - DAG(s) dict_keys(['example_skip_dag']) retrieved from /home/airflow/.local/lib/python3.7/site-packages/airflow/example_dags/example_skip_dag.py
[2023-02-21T12:06:57.669+0000] {logging_mixin.py:137} INFO - [2023-02-21T12:06:57.669+0000] {dag.py:2690} INFO - Sync 1 DAGs
[2023-02-21T12:06:57.714+0000] {logging_mixin.py:137} INFO - [2023-02-21T12:06:57.714+0000] {dag.py:3441} INFO - Setting next_dagrun for example_skip_dag to 2023-02-20T12:06:57.713658+00:00, run_after=2023-02-21T12:06:57.713658+00:00
[2023-02-21T12:06:57.750+0000] {processor.py:175} INFO - Processing /home/airflow/.local/lib/python3.7/site-packages/airflow/example_dags/example_skip_dag.py took 0.189 seconds
[2023-02-21T12:07:28.240+0000] {processor.py:153} INFO - Started process (PID=2211) to work on /home/airflow/.local/lib/python3.7/site-packages/airflow/example_dags/example_skip_dag.py
[2023-02-21T12:07:28.246+0000] {processor.py:743} INFO - Processing file /home/airflow/.local/lib/python3.7/site-packages/airflow/example_dags/example_skip_dag.py for tasks to queue
[2023-02-21T12:07:28.249+0000] {logging_mixin.py:137} INFO - [2023-02-21T12:07:28.249+0000] {dagbag.py:538} INFO - Filling up the DagBag from /home/airflow/.local/lib/python3.7/site-packages/airflow/example_dags/example_skip_dag.py
[2023-02-21T12:07:28.291+0000] {processor.py:753} INFO - DAG(s) dict_keys(['example_skip_dag']) retrieved from /home/airflow/.local/lib/python3.7/site-packages/airflow/example_dags/example_skip_dag.py
[2023-02-21T12:07:28.338+0000] {logging_mixin.py:137} INFO - [2023-02-21T12:07:28.338+0000] {dag.py:2690} INFO - Sync 1 DAGs
[2023-02-21T12:07:28.382+0000] {logging_mixin.py:137} INFO - [2023-02-21T12:07:28.382+0000] {dag.py:3441} INFO - Setting next_dagrun for example_skip_dag to 2023-02-20T12:07:28.381375+00:00, run_after=2023-02-21T12:07:28.381375+00:00
[2023-02-21T12:07:28.420+0000] {processor.py:175} INFO - Processing /home/airflow/.local/lib/python3.7/site-packages/airflow/example_dags/example_skip_dag.py took 0.193 seconds
[2023-02-21T12:07:59.376+0000] {processor.py:153} INFO - Started process (PID=2271) to work on /home/airflow/.local/lib/python3.7/site-packages/airflow/example_dags/example_skip_dag.py
[2023-02-21T12:07:59.397+0000] {processor.py:743} INFO - Processing file /home/airflow/.local/lib/python3.7/site-packages/airflow/example_dags/example_skip_dag.py for tasks to queue
[2023-02-21T12:07:59.401+0000] {logging_mixin.py:137} INFO - [2023-02-21T12:07:59.400+0000] {dagbag.py:538} INFO - Filling up the DagBag from /home/airflow/.local/lib/python3.7/site-packages/airflow/example_dags/example_skip_dag.py
[2023-02-21T12:07:59.509+0000] {processor.py:753} INFO - DAG(s) dict_keys(['example_skip_dag']) retrieved from /home/airflow/.local/lib/python3.7/site-packages/airflow/example_dags/example_skip_dag.py
[2023-02-21T12:07:59.717+0000] {logging_mixin.py:137} INFO - [2023-02-21T12:07:59.717+0000] {dag.py:2690} INFO - Sync 1 DAGs
[2023-02-21T12:07:59.970+0000] {logging_mixin.py:137} INFO - [2023-02-21T12:07:59.970+0000] {dag.py:3441} INFO - Setting next_dagrun for example_skip_dag to 2023-02-20T12:07:59.969967+00:00, run_after=2023-02-21T12:07:59.969967+00:00
[2023-02-21T12:08:00.130+0000] {processor.py:175} INFO - Processing /home/airflow/.local/lib/python3.7/site-packages/airflow/example_dags/example_skip_dag.py took 0.790 seconds
[2023-02-21T12:08:30.834+0000] {processor.py:153} INFO - Started process (PID=2330) to work on /home/airflow/.local/lib/python3.7/site-packages/airflow/example_dags/example_skip_dag.py
[2023-02-21T12:08:30.845+0000] {processor.py:743} INFO - Processing file /home/airflow/.local/lib/python3.7/site-packages/airflow/example_dags/example_skip_dag.py for tasks to queue
[2023-02-21T12:08:30.849+0000] {logging_mixin.py:137} INFO - [2023-02-21T12:08:30.849+0000] {dagbag.py:538} INFO - Filling up the DagBag from /home/airflow/.local/lib/python3.7/site-packages/airflow/example_dags/example_skip_dag.py
[2023-02-21T12:08:30.880+0000] {processor.py:753} INFO - DAG(s) dict_keys(['example_skip_dag']) retrieved from /home/airflow/.local/lib/python3.7/site-packages/airflow/example_dags/example_skip_dag.py
[2023-02-21T12:08:30.952+0000] {logging_mixin.py:137} INFO - [2023-02-21T12:08:30.952+0000] {dag.py:2690} INFO - Sync 1 DAGs
[2023-02-21T12:08:31.005+0000] {logging_mixin.py:137} INFO - [2023-02-21T12:08:31.005+0000] {dag.py:3441} INFO - Setting next_dagrun for example_skip_dag to 2023-02-20T12:08:31.004872+00:00, run_after=2023-02-21T12:08:31.004872+00:00
[2023-02-21T12:08:31.058+0000] {processor.py:175} INFO - Processing /home/airflow/.local/lib/python3.7/site-packages/airflow/example_dags/example_skip_dag.py took 0.251 seconds
[2023-02-21T12:09:01.913+0000] {processor.py:153} INFO - Started process (PID=2388) to work on /home/airflow/.local/lib/python3.7/site-packages/airflow/example_dags/example_skip_dag.py
[2023-02-21T12:09:01.946+0000] {processor.py:743} INFO - Processing file /home/airflow/.local/lib/python3.7/site-packages/airflow/example_dags/example_skip_dag.py for tasks to queue
[2023-02-21T12:09:01.952+0000] {logging_mixin.py:137} INFO - [2023-02-21T12:09:01.951+0000] {dagbag.py:538} INFO - Filling up the DagBag from /home/airflow/.local/lib/python3.7/site-packages/airflow/example_dags/example_skip_dag.py
[2023-02-21T12:09:02.012+0000] {processor.py:753} INFO - DAG(s) dict_keys(['example_skip_dag']) retrieved from /home/airflow/.local/lib/python3.7/site-packages/airflow/example_dags/example_skip_dag.py
[2023-02-21T12:09:02.110+0000] {logging_mixin.py:137} INFO - [2023-02-21T12:09:02.110+0000] {dag.py:2690} INFO - Sync 1 DAGs
[2023-02-21T12:09:02.162+0000] {logging_mixin.py:137} INFO - [2023-02-21T12:09:02.161+0000] {dag.py:3441} INFO - Setting next_dagrun for example_skip_dag to 2023-02-20T12:09:02.161424+00:00, run_after=2023-02-21T12:09:02.161424+00:00
[2023-02-21T12:09:02.209+0000] {processor.py:175} INFO - Processing /home/airflow/.local/lib/python3.7/site-packages/airflow/example_dags/example_skip_dag.py took 0.307 seconds
[2023-02-21T12:09:32.862+0000] {processor.py:153} INFO - Started process (PID=2446) to work on /home/airflow/.local/lib/python3.7/site-packages/airflow/example_dags/example_skip_dag.py
[2023-02-21T12:09:32.868+0000] {processor.py:743} INFO - Processing file /home/airflow/.local/lib/python3.7/site-packages/airflow/example_dags/example_skip_dag.py for tasks to queue
[2023-02-21T12:09:32.903+0000] {logging_mixin.py:137} INFO - [2023-02-21T12:09:32.903+0000] {dagbag.py:538} INFO - Filling up the DagBag from /home/airflow/.local/lib/python3.7/site-packages/airflow/example_dags/example_skip_dag.py
[2023-02-21T12:09:33.061+0000] {processor.py:753} INFO - DAG(s) dict_keys(['example_skip_dag']) retrieved from /home/airflow/.local/lib/python3.7/site-packages/airflow/example_dags/example_skip_dag.py
[2023-02-21T12:09:33.259+0000] {logging_mixin.py:137} INFO - [2023-02-21T12:09:33.259+0000] {dag.py:2690} INFO - Sync 1 DAGs
[2023-02-21T12:09:33.475+0000] {logging_mixin.py:137} INFO - [2023-02-21T12:09:33.475+0000] {dag.py:3441} INFO - Setting next_dagrun for example_skip_dag to 2023-02-20T12:09:33.459280+00:00, run_after=2023-02-21T12:09:33.459280+00:00
[2023-02-21T12:09:33.600+0000] {processor.py:175} INFO - Processing /home/airflow/.local/lib/python3.7/site-packages/airflow/example_dags/example_skip_dag.py took 0.752 seconds
[2023-02-21T12:10:04.041+0000] {processor.py:153} INFO - Started process (PID=2505) to work on /home/airflow/.local/lib/python3.7/site-packages/airflow/example_dags/example_skip_dag.py
[2023-02-21T12:10:04.047+0000] {processor.py:743} INFO - Processing file /home/airflow/.local/lib/python3.7/site-packages/airflow/example_dags/example_skip_dag.py for tasks to queue
[2023-02-21T12:10:04.051+0000] {logging_mixin.py:137} INFO - [2023-02-21T12:10:04.049+0000] {dagbag.py:538} INFO - Filling up the DagBag from /home/airflow/.local/lib/python3.7/site-packages/airflow/example_dags/example_skip_dag.py
[2023-02-21T12:10:04.109+0000] {processor.py:753} INFO - DAG(s) dict_keys(['example_skip_dag']) retrieved from /home/airflow/.local/lib/python3.7/site-packages/airflow/example_dags/example_skip_dag.py
[2023-02-21T12:10:04.201+0000] {logging_mixin.py:137} INFO - [2023-02-21T12:10:04.201+0000] {dag.py:2690} INFO - Sync 1 DAGs
[2023-02-21T12:10:04.283+0000] {logging_mixin.py:137} INFO - [2023-02-21T12:10:04.283+0000] {dag.py:3441} INFO - Setting next_dagrun for example_skip_dag to 2023-02-20T12:10:04.282733+00:00, run_after=2023-02-21T12:10:04.282733+00:00
[2023-02-21T12:10:04.359+0000] {processor.py:175} INFO - Processing /home/airflow/.local/lib/python3.7/site-packages/airflow/example_dags/example_skip_dag.py took 0.341 seconds
[2023-02-21T12:10:34.872+0000] {processor.py:153} INFO - Started process (PID=2573) to work on /home/airflow/.local/lib/python3.7/site-packages/airflow/example_dags/example_skip_dag.py
[2023-02-21T12:10:34.880+0000] {processor.py:743} INFO - Processing file /home/airflow/.local/lib/python3.7/site-packages/airflow/example_dags/example_skip_dag.py for tasks to queue
[2023-02-21T12:10:34.890+0000] {logging_mixin.py:137} INFO - [2023-02-21T12:10:34.888+0000] {dagbag.py:538} INFO - Filling up the DagBag from /home/airflow/.local/lib/python3.7/site-packages/airflow/example_dags/example_skip_dag.py
[2023-02-21T12:10:34.970+0000] {processor.py:753} INFO - DAG(s) dict_keys(['example_skip_dag']) retrieved from /home/airflow/.local/lib/python3.7/site-packages/airflow/example_dags/example_skip_dag.py
[2023-02-21T12:10:35.247+0000] {logging_mixin.py:137} INFO - [2023-02-21T12:10:35.246+0000] {dag.py:2690} INFO - Sync 1 DAGs
[2023-02-21T12:10:35.452+0000] {logging_mixin.py:137} INFO - [2023-02-21T12:10:35.452+0000] {dag.py:3441} INFO - Setting next_dagrun for example_skip_dag to 2023-02-20T12:10:35.451979+00:00, run_after=2023-02-21T12:10:35.451979+00:00
[2023-02-21T12:10:35.545+0000] {processor.py:175} INFO - Processing /home/airflow/.local/lib/python3.7/site-packages/airflow/example_dags/example_skip_dag.py took 0.734 seconds
[2023-02-21T12:11:05.818+0000] {processor.py:153} INFO - Started process (PID=2631) to work on /home/airflow/.local/lib/python3.7/site-packages/airflow/example_dags/example_skip_dag.py
[2023-02-21T12:11:05.828+0000] {processor.py:743} INFO - Processing file /home/airflow/.local/lib/python3.7/site-packages/airflow/example_dags/example_skip_dag.py for tasks to queue
[2023-02-21T12:11:05.840+0000] {logging_mixin.py:137} INFO - [2023-02-21T12:11:05.839+0000] {dagbag.py:538} INFO - Filling up the DagBag from /home/airflow/.local/lib/python3.7/site-packages/airflow/example_dags/example_skip_dag.py
[2023-02-21T12:11:05.958+0000] {processor.py:753} INFO - DAG(s) dict_keys(['example_skip_dag']) retrieved from /home/airflow/.local/lib/python3.7/site-packages/airflow/example_dags/example_skip_dag.py
[2023-02-21T12:11:06.163+0000] {logging_mixin.py:137} INFO - [2023-02-21T12:11:06.163+0000] {dag.py:2690} INFO - Sync 1 DAGs
[2023-02-21T12:11:06.311+0000] {logging_mixin.py:137} INFO - [2023-02-21T12:11:06.311+0000] {dag.py:3441} INFO - Setting next_dagrun for example_skip_dag to 2023-02-20T12:11:06.310049+00:00, run_after=2023-02-21T12:11:06.310049+00:00
[2023-02-21T12:11:06.443+0000] {processor.py:175} INFO - Processing /home/airflow/.local/lib/python3.7/site-packages/airflow/example_dags/example_skip_dag.py took 0.636 seconds
[2023-02-21T12:11:37.096+0000] {processor.py:153} INFO - Started process (PID=2681) to work on /home/airflow/.local/lib/python3.7/site-packages/airflow/example_dags/example_skip_dag.py
[2023-02-21T12:11:37.099+0000] {processor.py:743} INFO - Processing file /home/airflow/.local/lib/python3.7/site-packages/airflow/example_dags/example_skip_dag.py for tasks to queue
[2023-02-21T12:11:37.101+0000] {logging_mixin.py:137} INFO - [2023-02-21T12:11:37.101+0000] {dagbag.py:538} INFO - Filling up the DagBag from /home/airflow/.local/lib/python3.7/site-packages/airflow/example_dags/example_skip_dag.py
[2023-02-21T12:11:37.152+0000] {processor.py:753} INFO - DAG(s) dict_keys(['example_skip_dag']) retrieved from /home/airflow/.local/lib/python3.7/site-packages/airflow/example_dags/example_skip_dag.py
[2023-02-21T12:11:37.228+0000] {logging_mixin.py:137} INFO - [2023-02-21T12:11:37.228+0000] {dag.py:2690} INFO - Sync 1 DAGs
[2023-02-21T12:11:37.401+0000] {logging_mixin.py:137} INFO - [2023-02-21T12:11:37.401+0000] {dag.py:3441} INFO - Setting next_dagrun for example_skip_dag to 2023-02-20T12:11:37.400846+00:00, run_after=2023-02-21T12:11:37.400846+00:00
[2023-02-21T12:11:37.516+0000] {processor.py:175} INFO - Processing /home/airflow/.local/lib/python3.7/site-packages/airflow/example_dags/example_skip_dag.py took 0.425 seconds
[2023-02-21T12:12:07.949+0000] {processor.py:153} INFO - Started process (PID=2740) to work on /home/airflow/.local/lib/python3.7/site-packages/airflow/example_dags/example_skip_dag.py
[2023-02-21T12:12:07.952+0000] {processor.py:743} INFO - Processing file /home/airflow/.local/lib/python3.7/site-packages/airflow/example_dags/example_skip_dag.py for tasks to queue
[2023-02-21T12:12:07.956+0000] {logging_mixin.py:137} INFO - [2023-02-21T12:12:07.955+0000] {dagbag.py:538} INFO - Filling up the DagBag from /home/airflow/.local/lib/python3.7/site-packages/airflow/example_dags/example_skip_dag.py
[2023-02-21T12:12:08.005+0000] {processor.py:753} INFO - DAG(s) dict_keys(['example_skip_dag']) retrieved from /home/airflow/.local/lib/python3.7/site-packages/airflow/example_dags/example_skip_dag.py
[2023-02-21T12:12:08.043+0000] {logging_mixin.py:137} INFO - [2023-02-21T12:12:08.043+0000] {dag.py:2690} INFO - Sync 1 DAGs
[2023-02-21T12:12:08.096+0000] {logging_mixin.py:137} INFO - [2023-02-21T12:12:08.095+0000] {dag.py:3441} INFO - Setting next_dagrun for example_skip_dag to 2023-02-20T12:12:08.095030+00:00, run_after=2023-02-21T12:12:08.095030+00:00
[2023-02-21T12:12:08.135+0000] {processor.py:175} INFO - Processing /home/airflow/.local/lib/python3.7/site-packages/airflow/example_dags/example_skip_dag.py took 0.193 seconds
[2023-02-21T12:12:38.194+0000] {processor.py:153} INFO - Started process (PID=2809) to work on /home/airflow/.local/lib/python3.7/site-packages/airflow/example_dags/example_skip_dag.py
[2023-02-21T12:12:38.197+0000] {processor.py:743} INFO - Processing file /home/airflow/.local/lib/python3.7/site-packages/airflow/example_dags/example_skip_dag.py for tasks to queue
[2023-02-21T12:12:38.200+0000] {logging_mixin.py:137} INFO - [2023-02-21T12:12:38.199+0000] {dagbag.py:538} INFO - Filling up the DagBag from /home/airflow/.local/lib/python3.7/site-packages/airflow/example_dags/example_skip_dag.py
[2023-02-21T12:12:38.226+0000] {processor.py:753} INFO - DAG(s) dict_keys(['example_skip_dag']) retrieved from /home/airflow/.local/lib/python3.7/site-packages/airflow/example_dags/example_skip_dag.py
[2023-02-21T12:12:38.271+0000] {logging_mixin.py:137} INFO - [2023-02-21T12:12:38.268+0000] {dag.py:2690} INFO - Sync 1 DAGs
[2023-02-21T12:12:38.331+0000] {logging_mixin.py:137} INFO - [2023-02-21T12:12:38.331+0000] {dag.py:3441} INFO - Setting next_dagrun for example_skip_dag to 2023-02-20T12:12:38.330555+00:00, run_after=2023-02-21T12:12:38.330555+00:00
[2023-02-21T12:12:38.364+0000] {processor.py:175} INFO - Processing /home/airflow/.local/lib/python3.7/site-packages/airflow/example_dags/example_skip_dag.py took 0.177 seconds
[2023-02-21T12:13:08.645+0000] {processor.py:153} INFO - Started process (PID=2869) to work on /home/airflow/.local/lib/python3.7/site-packages/airflow/example_dags/example_skip_dag.py
[2023-02-21T12:13:08.658+0000] {processor.py:743} INFO - Processing file /home/airflow/.local/lib/python3.7/site-packages/airflow/example_dags/example_skip_dag.py for tasks to queue
[2023-02-21T12:13:08.663+0000] {logging_mixin.py:137} INFO - [2023-02-21T12:13:08.662+0000] {dagbag.py:538} INFO - Filling up the DagBag from /home/airflow/.local/lib/python3.7/site-packages/airflow/example_dags/example_skip_dag.py
[2023-02-21T12:13:08.734+0000] {processor.py:753} INFO - DAG(s) dict_keys(['example_skip_dag']) retrieved from /home/airflow/.local/lib/python3.7/site-packages/airflow/example_dags/example_skip_dag.py
[2023-02-21T12:13:08.791+0000] {logging_mixin.py:137} INFO - [2023-02-21T12:13:08.791+0000] {dag.py:2690} INFO - Sync 1 DAGs
[2023-02-21T12:13:08.892+0000] {logging_mixin.py:137} INFO - [2023-02-21T12:13:08.891+0000] {dag.py:3441} INFO - Setting next_dagrun for example_skip_dag to 2023-02-20T12:13:08.891156+00:00, run_after=2023-02-21T12:13:08.891156+00:00
[2023-02-21T12:13:09.163+0000] {processor.py:175} INFO - Processing /home/airflow/.local/lib/python3.7/site-packages/airflow/example_dags/example_skip_dag.py took 0.526 seconds
[2023-02-21T12:13:39.444+0000] {processor.py:153} INFO - Started process (PID=2928) to work on /home/airflow/.local/lib/python3.7/site-packages/airflow/example_dags/example_skip_dag.py
[2023-02-21T12:13:39.447+0000] {processor.py:743} INFO - Processing file /home/airflow/.local/lib/python3.7/site-packages/airflow/example_dags/example_skip_dag.py for tasks to queue
[2023-02-21T12:13:39.450+0000] {logging_mixin.py:137} INFO - [2023-02-21T12:13:39.450+0000] {dagbag.py:538} INFO - Filling up the DagBag from /home/airflow/.local/lib/python3.7/site-packages/airflow/example_dags/example_skip_dag.py
[2023-02-21T12:13:39.479+0000] {processor.py:753} INFO - DAG(s) dict_keys(['example_skip_dag']) retrieved from /home/airflow/.local/lib/python3.7/site-packages/airflow/example_dags/example_skip_dag.py
[2023-02-21T12:13:39.530+0000] {logging_mixin.py:137} INFO - [2023-02-21T12:13:39.530+0000] {dag.py:2690} INFO - Sync 1 DAGs
[2023-02-21T12:13:39.573+0000] {logging_mixin.py:137} INFO - [2023-02-21T12:13:39.573+0000] {dag.py:3441} INFO - Setting next_dagrun for example_skip_dag to 2023-02-20T12:13:39.572116+00:00, run_after=2023-02-21T12:13:39.572116+00:00
[2023-02-21T12:13:39.634+0000] {processor.py:175} INFO - Processing /home/airflow/.local/lib/python3.7/site-packages/airflow/example_dags/example_skip_dag.py took 0.200 seconds
[2023-02-21T12:14:10.306+0000] {processor.py:153} INFO - Started process (PID=2997) to work on /home/airflow/.local/lib/python3.7/site-packages/airflow/example_dags/example_skip_dag.py
[2023-02-21T12:14:10.310+0000] {processor.py:743} INFO - Processing file /home/airflow/.local/lib/python3.7/site-packages/airflow/example_dags/example_skip_dag.py for tasks to queue
[2023-02-21T12:14:10.321+0000] {logging_mixin.py:137} INFO - [2023-02-21T12:14:10.315+0000] {dagbag.py:538} INFO - Filling up the DagBag from /home/airflow/.local/lib/python3.7/site-packages/airflow/example_dags/example_skip_dag.py
[2023-02-21T12:14:10.403+0000] {processor.py:753} INFO - DAG(s) dict_keys(['example_skip_dag']) retrieved from /home/airflow/.local/lib/python3.7/site-packages/airflow/example_dags/example_skip_dag.py
[2023-02-21T12:14:10.694+0000] {logging_mixin.py:137} INFO - [2023-02-21T12:14:10.694+0000] {dag.py:2690} INFO - Sync 1 DAGs
[2023-02-21T12:14:10.824+0000] {logging_mixin.py:137} INFO - [2023-02-21T12:14:10.820+0000] {dag.py:3441} INFO - Setting next_dagrun for example_skip_dag to 2023-02-20T12:14:10.820222+00:00, run_after=2023-02-21T12:14:10.820222+00:00
[2023-02-21T12:14:10.935+0000] {processor.py:175} INFO - Processing /home/airflow/.local/lib/python3.7/site-packages/airflow/example_dags/example_skip_dag.py took 0.639 seconds
[2023-02-21T12:14:41.193+0000] {processor.py:153} INFO - Started process (PID=3057) to work on /home/airflow/.local/lib/python3.7/site-packages/airflow/example_dags/example_skip_dag.py
[2023-02-21T12:14:41.200+0000] {processor.py:743} INFO - Processing file /home/airflow/.local/lib/python3.7/site-packages/airflow/example_dags/example_skip_dag.py for tasks to queue
[2023-02-21T12:14:41.204+0000] {logging_mixin.py:137} INFO - [2023-02-21T12:14:41.203+0000] {dagbag.py:538} INFO - Filling up the DagBag from /home/airflow/.local/lib/python3.7/site-packages/airflow/example_dags/example_skip_dag.py
[2023-02-21T12:14:41.274+0000] {processor.py:753} INFO - DAG(s) dict_keys(['example_skip_dag']) retrieved from /home/airflow/.local/lib/python3.7/site-packages/airflow/example_dags/example_skip_dag.py
[2023-02-21T12:14:41.323+0000] {logging_mixin.py:137} INFO - [2023-02-21T12:14:41.323+0000] {dag.py:2690} INFO - Sync 1 DAGs
[2023-02-21T12:14:41.362+0000] {logging_mixin.py:137} INFO - [2023-02-21T12:14:41.362+0000] {dag.py:3441} INFO - Setting next_dagrun for example_skip_dag to 2023-02-20T12:14:41.361954+00:00, run_after=2023-02-21T12:14:41.361954+00:00
[2023-02-21T12:14:41.400+0000] {processor.py:175} INFO - Processing /home/airflow/.local/lib/python3.7/site-packages/airflow/example_dags/example_skip_dag.py took 0.216 seconds
[2023-02-21T12:15:11.478+0000] {processor.py:153} INFO - Started process (PID=3117) to work on /home/airflow/.local/lib/python3.7/site-packages/airflow/example_dags/example_skip_dag.py
[2023-02-21T12:15:11.483+0000] {processor.py:743} INFO - Processing file /home/airflow/.local/lib/python3.7/site-packages/airflow/example_dags/example_skip_dag.py for tasks to queue
[2023-02-21T12:15:11.485+0000] {logging_mixin.py:137} INFO - [2023-02-21T12:15:11.485+0000] {dagbag.py:538} INFO - Filling up the DagBag from /home/airflow/.local/lib/python3.7/site-packages/airflow/example_dags/example_skip_dag.py
[2023-02-21T12:15:11.517+0000] {processor.py:753} INFO - DAG(s) dict_keys(['example_skip_dag']) retrieved from /home/airflow/.local/lib/python3.7/site-packages/airflow/example_dags/example_skip_dag.py
[2023-02-21T12:15:11.565+0000] {logging_mixin.py:137} INFO - [2023-02-21T12:15:11.564+0000] {dag.py:2690} INFO - Sync 1 DAGs
[2023-02-21T12:15:11.616+0000] {logging_mixin.py:137} INFO - [2023-02-21T12:15:11.616+0000] {dag.py:3441} INFO - Setting next_dagrun for example_skip_dag to 2023-02-20T12:15:11.616018+00:00, run_after=2023-02-21T12:15:11.616018+00:00
[2023-02-21T12:15:11.655+0000] {processor.py:175} INFO - Processing /home/airflow/.local/lib/python3.7/site-packages/airflow/example_dags/example_skip_dag.py took 0.183 seconds
[2023-02-21T12:15:42.411+0000] {processor.py:153} INFO - Started process (PID=3187) to work on /home/airflow/.local/lib/python3.7/site-packages/airflow/example_dags/example_skip_dag.py
[2023-02-21T12:15:42.415+0000] {processor.py:743} INFO - Processing file /home/airflow/.local/lib/python3.7/site-packages/airflow/example_dags/example_skip_dag.py for tasks to queue
[2023-02-21T12:15:42.421+0000] {logging_mixin.py:137} INFO - [2023-02-21T12:15:42.420+0000] {dagbag.py:538} INFO - Filling up the DagBag from /home/airflow/.local/lib/python3.7/site-packages/airflow/example_dags/example_skip_dag.py
[2023-02-21T12:15:42.453+0000] {processor.py:753} INFO - DAG(s) dict_keys(['example_skip_dag']) retrieved from /home/airflow/.local/lib/python3.7/site-packages/airflow/example_dags/example_skip_dag.py
[2023-02-21T12:15:42.505+0000] {logging_mixin.py:137} INFO - [2023-02-21T12:15:42.505+0000] {dag.py:2690} INFO - Sync 1 DAGs
[2023-02-21T12:15:42.549+0000] {logging_mixin.py:137} INFO - [2023-02-21T12:15:42.549+0000] {dag.py:3441} INFO - Setting next_dagrun for example_skip_dag to 2023-02-20T12:15:42.549064+00:00, run_after=2023-02-21T12:15:42.549064+00:00
[2023-02-21T12:15:42.590+0000] {processor.py:175} INFO - Processing /home/airflow/.local/lib/python3.7/site-packages/airflow/example_dags/example_skip_dag.py took 0.198 seconds
[2023-02-21T12:16:12.815+0000] {processor.py:153} INFO - Started process (PID=3244) to work on /home/airflow/.local/lib/python3.7/site-packages/airflow/example_dags/example_skip_dag.py
[2023-02-21T12:16:12.821+0000] {processor.py:743} INFO - Processing file /home/airflow/.local/lib/python3.7/site-packages/airflow/example_dags/example_skip_dag.py for tasks to queue
[2023-02-21T12:16:12.824+0000] {logging_mixin.py:137} INFO - [2023-02-21T12:16:12.824+0000] {dagbag.py:538} INFO - Filling up the DagBag from /home/airflow/.local/lib/python3.7/site-packages/airflow/example_dags/example_skip_dag.py
[2023-02-21T12:16:12.879+0000] {processor.py:753} INFO - DAG(s) dict_keys(['example_skip_dag']) retrieved from /home/airflow/.local/lib/python3.7/site-packages/airflow/example_dags/example_skip_dag.py
[2023-02-21T12:16:12.957+0000] {logging_mixin.py:137} INFO - [2023-02-21T12:16:12.956+0000] {dag.py:2690} INFO - Sync 1 DAGs
[2023-02-21T12:16:13.022+0000] {logging_mixin.py:137} INFO - [2023-02-21T12:16:13.022+0000] {dag.py:3441} INFO - Setting next_dagrun for example_skip_dag to 2023-02-20T12:16:13.021933+00:00, run_after=2023-02-21T12:16:13.021933+00:00
[2023-02-21T12:16:13.077+0000] {processor.py:175} INFO - Processing /home/airflow/.local/lib/python3.7/site-packages/airflow/example_dags/example_skip_dag.py took 0.280 seconds
[2023-02-21T12:16:43.863+0000] {processor.py:153} INFO - Started process (PID=3306) to work on /home/airflow/.local/lib/python3.7/site-packages/airflow/example_dags/example_skip_dag.py
[2023-02-21T12:16:43.867+0000] {processor.py:743} INFO - Processing file /home/airflow/.local/lib/python3.7/site-packages/airflow/example_dags/example_skip_dag.py for tasks to queue
[2023-02-21T12:16:43.870+0000] {logging_mixin.py:137} INFO - [2023-02-21T12:16:43.870+0000] {dagbag.py:538} INFO - Filling up the DagBag from /home/airflow/.local/lib/python3.7/site-packages/airflow/example_dags/example_skip_dag.py
[2023-02-21T12:16:43.912+0000] {processor.py:753} INFO - DAG(s) dict_keys(['example_skip_dag']) retrieved from /home/airflow/.local/lib/python3.7/site-packages/airflow/example_dags/example_skip_dag.py
[2023-02-21T12:16:43.961+0000] {logging_mixin.py:137} INFO - [2023-02-21T12:16:43.960+0000] {dag.py:2690} INFO - Sync 1 DAGs
[2023-02-21T12:16:44.003+0000] {logging_mixin.py:137} INFO - [2023-02-21T12:16:44.003+0000] {dag.py:3441} INFO - Setting next_dagrun for example_skip_dag to 2023-02-20T12:16:44.002558+00:00, run_after=2023-02-21T12:16:44.002558+00:00
[2023-02-21T12:16:44.034+0000] {processor.py:175} INFO - Processing /home/airflow/.local/lib/python3.7/site-packages/airflow/example_dags/example_skip_dag.py took 0.182 seconds
[2023-02-21T12:17:14.216+0000] {processor.py:153} INFO - Started process (PID=3365) to work on /home/airflow/.local/lib/python3.7/site-packages/airflow/example_dags/example_skip_dag.py
[2023-02-21T12:17:14.231+0000] {processor.py:743} INFO - Processing file /home/airflow/.local/lib/python3.7/site-packages/airflow/example_dags/example_skip_dag.py for tasks to queue
[2023-02-21T12:17:14.247+0000] {logging_mixin.py:137} INFO - [2023-02-21T12:17:14.238+0000] {dagbag.py:538} INFO - Filling up the DagBag from /home/airflow/.local/lib/python3.7/site-packages/airflow/example_dags/example_skip_dag.py
[2023-02-21T12:17:14.433+0000] {processor.py:753} INFO - DAG(s) dict_keys(['example_skip_dag']) retrieved from /home/airflow/.local/lib/python3.7/site-packages/airflow/example_dags/example_skip_dag.py
[2023-02-21T12:17:14.584+0000] {logging_mixin.py:137} INFO - [2023-02-21T12:17:14.584+0000] {dag.py:2690} INFO - Sync 1 DAGs
[2023-02-21T12:17:14.837+0000] {logging_mixin.py:137} INFO - [2023-02-21T12:17:14.837+0000] {dag.py:3441} INFO - Setting next_dagrun for example_skip_dag to 2023-02-20T12:17:14.836723+00:00, run_after=2023-02-21T12:17:14.836723+00:00
[2023-02-21T12:17:14.982+0000] {processor.py:175} INFO - Processing /home/airflow/.local/lib/python3.7/site-packages/airflow/example_dags/example_skip_dag.py took 0.806 seconds
[2023-02-21T12:17:45.634+0000] {processor.py:153} INFO - Started process (PID=3414) to work on /home/airflow/.local/lib/python3.7/site-packages/airflow/example_dags/example_skip_dag.py
[2023-02-21T12:17:45.637+0000] {processor.py:743} INFO - Processing file /home/airflow/.local/lib/python3.7/site-packages/airflow/example_dags/example_skip_dag.py for tasks to queue
[2023-02-21T12:17:45.639+0000] {logging_mixin.py:137} INFO - [2023-02-21T12:17:45.639+0000] {dagbag.py:538} INFO - Filling up the DagBag from /home/airflow/.local/lib/python3.7/site-packages/airflow/example_dags/example_skip_dag.py
[2023-02-21T12:17:45.677+0000] {processor.py:753} INFO - DAG(s) dict_keys(['example_skip_dag']) retrieved from /home/airflow/.local/lib/python3.7/site-packages/airflow/example_dags/example_skip_dag.py
[2023-02-21T12:17:45.730+0000] {logging_mixin.py:137} INFO - [2023-02-21T12:17:45.730+0000] {dag.py:2690} INFO - Sync 1 DAGs
[2023-02-21T12:17:45.791+0000] {logging_mixin.py:137} INFO - [2023-02-21T12:17:45.791+0000] {dag.py:3441} INFO - Setting next_dagrun for example_skip_dag to 2023-02-20T12:17:45.790813+00:00, run_after=2023-02-21T12:17:45.790813+00:00
[2023-02-21T12:17:45.841+0000] {processor.py:175} INFO - Processing /home/airflow/.local/lib/python3.7/site-packages/airflow/example_dags/example_skip_dag.py took 0.211 seconds
[2023-02-21T12:18:16.294+0000] {processor.py:153} INFO - Started process (PID=3472) to work on /home/airflow/.local/lib/python3.7/site-packages/airflow/example_dags/example_skip_dag.py
[2023-02-21T12:18:16.309+0000] {processor.py:743} INFO - Processing file /home/airflow/.local/lib/python3.7/site-packages/airflow/example_dags/example_skip_dag.py for tasks to queue
[2023-02-21T12:18:16.313+0000] {logging_mixin.py:137} INFO - [2023-02-21T12:18:16.312+0000] {dagbag.py:538} INFO - Filling up the DagBag from /home/airflow/.local/lib/python3.7/site-packages/airflow/example_dags/example_skip_dag.py
[2023-02-21T12:18:16.348+0000] {processor.py:753} INFO - DAG(s) dict_keys(['example_skip_dag']) retrieved from /home/airflow/.local/lib/python3.7/site-packages/airflow/example_dags/example_skip_dag.py
[2023-02-21T12:18:16.441+0000] {logging_mixin.py:137} INFO - [2023-02-21T12:18:16.440+0000] {dag.py:2690} INFO - Sync 1 DAGs
[2023-02-21T12:18:16.531+0000] {logging_mixin.py:137} INFO - [2023-02-21T12:18:16.531+0000] {dag.py:3441} INFO - Setting next_dagrun for example_skip_dag to 2023-02-20T12:18:16.530996+00:00, run_after=2023-02-21T12:18:16.530996+00:00
[2023-02-21T12:18:16.585+0000] {processor.py:175} INFO - Processing /home/airflow/.local/lib/python3.7/site-packages/airflow/example_dags/example_skip_dag.py took 0.302 seconds
[2023-02-21T12:18:46.734+0000] {processor.py:153} INFO - Started process (PID=3531) to work on /home/airflow/.local/lib/python3.7/site-packages/airflow/example_dags/example_skip_dag.py
[2023-02-21T12:18:46.737+0000] {processor.py:743} INFO - Processing file /home/airflow/.local/lib/python3.7/site-packages/airflow/example_dags/example_skip_dag.py for tasks to queue
[2023-02-21T12:18:46.739+0000] {logging_mixin.py:137} INFO - [2023-02-21T12:18:46.739+0000] {dagbag.py:538} INFO - Filling up the DagBag from /home/airflow/.local/lib/python3.7/site-packages/airflow/example_dags/example_skip_dag.py
[2023-02-21T12:18:46.773+0000] {processor.py:753} INFO - DAG(s) dict_keys(['example_skip_dag']) retrieved from /home/airflow/.local/lib/python3.7/site-packages/airflow/example_dags/example_skip_dag.py
[2023-02-21T12:18:46.820+0000] {logging_mixin.py:137} INFO - [2023-02-21T12:18:46.820+0000] {dag.py:2690} INFO - Sync 1 DAGs
[2023-02-21T12:18:46.888+0000] {logging_mixin.py:137} INFO - [2023-02-21T12:18:46.888+0000] {dag.py:3441} INFO - Setting next_dagrun for example_skip_dag to 2023-02-20T12:18:46.887714+00:00, run_after=2023-02-21T12:18:46.887714+00:00
[2023-02-21T12:18:46.974+0000] {processor.py:175} INFO - Processing /home/airflow/.local/lib/python3.7/site-packages/airflow/example_dags/example_skip_dag.py took 0.246 seconds
[2023-02-21T12:19:17.151+0000] {processor.py:153} INFO - Started process (PID=3589) to work on /home/airflow/.local/lib/python3.7/site-packages/airflow/example_dags/example_skip_dag.py
[2023-02-21T12:19:17.169+0000] {processor.py:743} INFO - Processing file /home/airflow/.local/lib/python3.7/site-packages/airflow/example_dags/example_skip_dag.py for tasks to queue
[2023-02-21T12:19:17.173+0000] {logging_mixin.py:137} INFO - [2023-02-21T12:19:17.172+0000] {dagbag.py:538} INFO - Filling up the DagBag from /home/airflow/.local/lib/python3.7/site-packages/airflow/example_dags/example_skip_dag.py
[2023-02-21T12:19:17.192+0000] {processor.py:753} INFO - DAG(s) dict_keys(['example_skip_dag']) retrieved from /home/airflow/.local/lib/python3.7/site-packages/airflow/example_dags/example_skip_dag.py
[2023-02-21T12:19:17.256+0000] {logging_mixin.py:137} INFO - [2023-02-21T12:19:17.256+0000] {dag.py:2690} INFO - Sync 1 DAGs
[2023-02-21T12:19:17.306+0000] {logging_mixin.py:137} INFO - [2023-02-21T12:19:17.305+0000] {dag.py:3441} INFO - Setting next_dagrun for example_skip_dag to 2023-02-20T12:19:17.305350+00:00, run_after=2023-02-21T12:19:17.305350+00:00
[2023-02-21T12:19:17.353+0000] {processor.py:175} INFO - Processing /home/airflow/.local/lib/python3.7/site-packages/airflow/example_dags/example_skip_dag.py took 0.212 seconds
[2023-02-21T12:19:47.579+0000] {processor.py:153} INFO - Started process (PID=3645) to work on /home/airflow/.local/lib/python3.7/site-packages/airflow/example_dags/example_skip_dag.py
[2023-02-21T12:19:47.582+0000] {processor.py:743} INFO - Processing file /home/airflow/.local/lib/python3.7/site-packages/airflow/example_dags/example_skip_dag.py for tasks to queue
[2023-02-21T12:19:47.584+0000] {logging_mixin.py:137} INFO - [2023-02-21T12:19:47.584+0000] {dagbag.py:538} INFO - Filling up the DagBag from /home/airflow/.local/lib/python3.7/site-packages/airflow/example_dags/example_skip_dag.py
[2023-02-21T12:19:47.630+0000] {processor.py:753} INFO - DAG(s) dict_keys(['example_skip_dag']) retrieved from /home/airflow/.local/lib/python3.7/site-packages/airflow/example_dags/example_skip_dag.py
[2023-02-21T12:19:47.718+0000] {logging_mixin.py:137} INFO - [2023-02-21T12:19:47.717+0000] {dag.py:2690} INFO - Sync 1 DAGs
[2023-02-21T12:19:47.772+0000] {logging_mixin.py:137} INFO - [2023-02-21T12:19:47.772+0000] {dag.py:3441} INFO - Setting next_dagrun for example_skip_dag to 2023-02-20T12:19:47.771907+00:00, run_after=2023-02-21T12:19:47.771907+00:00
[2023-02-21T12:19:47.841+0000] {processor.py:175} INFO - Processing /home/airflow/.local/lib/python3.7/site-packages/airflow/example_dags/example_skip_dag.py took 0.273 seconds
[2023-02-21T12:20:18.084+0000] {processor.py:153} INFO - Started process (PID=3703) to work on /home/airflow/.local/lib/python3.7/site-packages/airflow/example_dags/example_skip_dag.py
[2023-02-21T12:20:18.093+0000] {processor.py:743} INFO - Processing file /home/airflow/.local/lib/python3.7/site-packages/airflow/example_dags/example_skip_dag.py for tasks to queue
[2023-02-21T12:20:18.120+0000] {logging_mixin.py:137} INFO - [2023-02-21T12:20:18.117+0000] {dagbag.py:538} INFO - Filling up the DagBag from /home/airflow/.local/lib/python3.7/site-packages/airflow/example_dags/example_skip_dag.py
[2023-02-21T12:20:18.217+0000] {processor.py:753} INFO - DAG(s) dict_keys(['example_skip_dag']) retrieved from /home/airflow/.local/lib/python3.7/site-packages/airflow/example_dags/example_skip_dag.py
[2023-02-21T12:20:18.339+0000] {logging_mixin.py:137} INFO - [2023-02-21T12:20:18.339+0000] {dag.py:2690} INFO - Sync 1 DAGs
[2023-02-21T12:20:18.474+0000] {logging_mixin.py:137} INFO - [2023-02-21T12:20:18.474+0000] {dag.py:3441} INFO - Setting next_dagrun for example_skip_dag to 2023-02-20T12:20:18.474324+00:00, run_after=2023-02-21T12:20:18.474324+00:00
[2023-02-21T12:20:18.627+0000] {processor.py:175} INFO - Processing /home/airflow/.local/lib/python3.7/site-packages/airflow/example_dags/example_skip_dag.py took 0.554 seconds
[2023-02-21T12:20:48.955+0000] {processor.py:153} INFO - Started process (PID=3762) to work on /home/airflow/.local/lib/python3.7/site-packages/airflow/example_dags/example_skip_dag.py
[2023-02-21T12:20:48.966+0000] {processor.py:743} INFO - Processing file /home/airflow/.local/lib/python3.7/site-packages/airflow/example_dags/example_skip_dag.py for tasks to queue
[2023-02-21T12:20:48.973+0000] {logging_mixin.py:137} INFO - [2023-02-21T12:20:48.971+0000] {dagbag.py:538} INFO - Filling up the DagBag from /home/airflow/.local/lib/python3.7/site-packages/airflow/example_dags/example_skip_dag.py
[2023-02-21T12:20:49.012+0000] {processor.py:753} INFO - DAG(s) dict_keys(['example_skip_dag']) retrieved from /home/airflow/.local/lib/python3.7/site-packages/airflow/example_dags/example_skip_dag.py
[2023-02-21T12:20:49.101+0000] {logging_mixin.py:137} INFO - [2023-02-21T12:20:49.101+0000] {dag.py:2690} INFO - Sync 1 DAGs
[2023-02-21T12:20:49.158+0000] {logging_mixin.py:137} INFO - [2023-02-21T12:20:49.158+0000] {dag.py:3441} INFO - Setting next_dagrun for example_skip_dag to 2023-02-20T12:20:49.157604+00:00, run_after=2023-02-21T12:20:49.157604+00:00
[2023-02-21T12:20:49.207+0000] {processor.py:175} INFO - Processing /home/airflow/.local/lib/python3.7/site-packages/airflow/example_dags/example_skip_dag.py took 0.281 seconds
[2023-02-21T12:21:19.503+0000] {processor.py:153} INFO - Started process (PID=3822) to work on /home/airflow/.local/lib/python3.7/site-packages/airflow/example_dags/example_skip_dag.py
[2023-02-21T12:21:19.517+0000] {processor.py:743} INFO - Processing file /home/airflow/.local/lib/python3.7/site-packages/airflow/example_dags/example_skip_dag.py for tasks to queue
[2023-02-21T12:21:19.521+0000] {logging_mixin.py:137} INFO - [2023-02-21T12:21:19.520+0000] {dagbag.py:538} INFO - Filling up the DagBag from /home/airflow/.local/lib/python3.7/site-packages/airflow/example_dags/example_skip_dag.py
[2023-02-21T12:21:19.655+0000] {processor.py:753} INFO - DAG(s) dict_keys(['example_skip_dag']) retrieved from /home/airflow/.local/lib/python3.7/site-packages/airflow/example_dags/example_skip_dag.py
[2023-02-21T12:21:19.786+0000] {logging_mixin.py:137} INFO - [2023-02-21T12:21:19.786+0000] {dag.py:2690} INFO - Sync 1 DAGs
[2023-02-21T12:21:19.901+0000] {logging_mixin.py:137} INFO - [2023-02-21T12:21:19.901+0000] {dag.py:3441} INFO - Setting next_dagrun for example_skip_dag to 2023-02-20T12:21:19.900701+00:00, run_after=2023-02-21T12:21:19.900701+00:00
[2023-02-21T12:21:20.023+0000] {processor.py:175} INFO - Processing /home/airflow/.local/lib/python3.7/site-packages/airflow/example_dags/example_skip_dag.py took 0.535 seconds
[2023-02-21T12:21:50.673+0000] {processor.py:153} INFO - Started process (PID=3890) to work on /home/airflow/.local/lib/python3.7/site-packages/airflow/example_dags/example_skip_dag.py
[2023-02-21T12:21:50.680+0000] {processor.py:743} INFO - Processing file /home/airflow/.local/lib/python3.7/site-packages/airflow/example_dags/example_skip_dag.py for tasks to queue
[2023-02-21T12:21:50.683+0000] {logging_mixin.py:137} INFO - [2023-02-21T12:21:50.682+0000] {dagbag.py:538} INFO - Filling up the DagBag from /home/airflow/.local/lib/python3.7/site-packages/airflow/example_dags/example_skip_dag.py
[2023-02-21T12:21:50.736+0000] {processor.py:753} INFO - DAG(s) dict_keys(['example_skip_dag']) retrieved from /home/airflow/.local/lib/python3.7/site-packages/airflow/example_dags/example_skip_dag.py
[2023-02-21T12:21:50.811+0000] {logging_mixin.py:137} INFO - [2023-02-21T12:21:50.811+0000] {dag.py:2690} INFO - Sync 1 DAGs
[2023-02-21T12:21:50.883+0000] {logging_mixin.py:137} INFO - [2023-02-21T12:21:50.883+0000] {dag.py:3441} INFO - Setting next_dagrun for example_skip_dag to 2023-02-20T12:21:50.883019+00:00, run_after=2023-02-21T12:21:50.883019+00:00
[2023-02-21T12:21:50.950+0000] {processor.py:175} INFO - Processing /home/airflow/.local/lib/python3.7/site-packages/airflow/example_dags/example_skip_dag.py took 0.297 seconds
[2023-02-21T12:22:21.526+0000] {processor.py:153} INFO - Started process (PID=3950) to work on /home/airflow/.local/lib/python3.7/site-packages/airflow/example_dags/example_skip_dag.py
[2023-02-21T12:22:21.528+0000] {processor.py:743} INFO - Processing file /home/airflow/.local/lib/python3.7/site-packages/airflow/example_dags/example_skip_dag.py for tasks to queue
[2023-02-21T12:22:21.531+0000] {logging_mixin.py:137} INFO - [2023-02-21T12:22:21.531+0000] {dagbag.py:538} INFO - Filling up the DagBag from /home/airflow/.local/lib/python3.7/site-packages/airflow/example_dags/example_skip_dag.py
[2023-02-21T12:22:21.606+0000] {processor.py:753} INFO - DAG(s) dict_keys(['example_skip_dag']) retrieved from /home/airflow/.local/lib/python3.7/site-packages/airflow/example_dags/example_skip_dag.py
[2023-02-21T12:22:21.671+0000] {logging_mixin.py:137} INFO - [2023-02-21T12:22:21.671+0000] {dag.py:2690} INFO - Sync 1 DAGs
[2023-02-21T12:22:21.768+0000] {logging_mixin.py:137} INFO - [2023-02-21T12:22:21.768+0000] {dag.py:3441} INFO - Setting next_dagrun for example_skip_dag to 2023-02-20T12:22:21.768139+00:00, run_after=2023-02-21T12:22:21.768139+00:00
[2023-02-21T12:22:21.874+0000] {processor.py:175} INFO - Processing /home/airflow/.local/lib/python3.7/site-packages/airflow/example_dags/example_skip_dag.py took 0.351 seconds
[2023-02-21T12:22:52.068+0000] {processor.py:153} INFO - Started process (PID=4009) to work on /home/airflow/.local/lib/python3.7/site-packages/airflow/example_dags/example_skip_dag.py
[2023-02-21T12:22:52.071+0000] {processor.py:743} INFO - Processing file /home/airflow/.local/lib/python3.7/site-packages/airflow/example_dags/example_skip_dag.py for tasks to queue
[2023-02-21T12:22:52.076+0000] {logging_mixin.py:137} INFO - [2023-02-21T12:22:52.076+0000] {dagbag.py:538} INFO - Filling up the DagBag from /home/airflow/.local/lib/python3.7/site-packages/airflow/example_dags/example_skip_dag.py
[2023-02-21T12:22:52.112+0000] {processor.py:753} INFO - DAG(s) dict_keys(['example_skip_dag']) retrieved from /home/airflow/.local/lib/python3.7/site-packages/airflow/example_dags/example_skip_dag.py
[2023-02-21T12:22:52.168+0000] {logging_mixin.py:137} INFO - [2023-02-21T12:22:52.168+0000] {dag.py:2690} INFO - Sync 1 DAGs
[2023-02-21T12:22:52.215+0000] {logging_mixin.py:137} INFO - [2023-02-21T12:22:52.214+0000] {dag.py:3441} INFO - Setting next_dagrun for example_skip_dag to 2023-02-20T12:22:52.214636+00:00, run_after=2023-02-21T12:22:52.214636+00:00
[2023-02-21T12:22:52.259+0000] {processor.py:175} INFO - Processing /home/airflow/.local/lib/python3.7/site-packages/airflow/example_dags/example_skip_dag.py took 0.197 seconds
[2023-02-21T12:23:22.557+0000] {processor.py:153} INFO - Started process (PID=4069) to work on /home/airflow/.local/lib/python3.7/site-packages/airflow/example_dags/example_skip_dag.py
[2023-02-21T12:23:22.561+0000] {processor.py:743} INFO - Processing file /home/airflow/.local/lib/python3.7/site-packages/airflow/example_dags/example_skip_dag.py for tasks to queue
[2023-02-21T12:23:22.565+0000] {logging_mixin.py:137} INFO - [2023-02-21T12:23:22.564+0000] {dagbag.py:538} INFO - Filling up the DagBag from /home/airflow/.local/lib/python3.7/site-packages/airflow/example_dags/example_skip_dag.py
[2023-02-21T12:23:22.588+0000] {processor.py:753} INFO - DAG(s) dict_keys(['example_skip_dag']) retrieved from /home/airflow/.local/lib/python3.7/site-packages/airflow/example_dags/example_skip_dag.py
[2023-02-21T12:23:22.634+0000] {logging_mixin.py:137} INFO - [2023-02-21T12:23:22.634+0000] {dag.py:2690} INFO - Sync 1 DAGs
[2023-02-21T12:23:22.674+0000] {logging_mixin.py:137} INFO - [2023-02-21T12:23:22.674+0000] {dag.py:3441} INFO - Setting next_dagrun for example_skip_dag to 2023-02-20T12:23:22.674009+00:00, run_after=2023-02-21T12:23:22.674009+00:00
[2023-02-21T12:23:22.744+0000] {processor.py:175} INFO - Processing /home/airflow/.local/lib/python3.7/site-packages/airflow/example_dags/example_skip_dag.py took 0.197 seconds
[2023-02-21T12:23:53.183+0000] {processor.py:153} INFO - Started process (PID=4127) to work on /home/airflow/.local/lib/python3.7/site-packages/airflow/example_dags/example_skip_dag.py
[2023-02-21T12:23:53.229+0000] {processor.py:743} INFO - Processing file /home/airflow/.local/lib/python3.7/site-packages/airflow/example_dags/example_skip_dag.py for tasks to queue
[2023-02-21T12:23:53.247+0000] {logging_mixin.py:137} INFO - [2023-02-21T12:23:53.247+0000] {dagbag.py:538} INFO - Filling up the DagBag from /home/airflow/.local/lib/python3.7/site-packages/airflow/example_dags/example_skip_dag.py
[2023-02-21T12:23:53.371+0000] {processor.py:753} INFO - DAG(s) dict_keys(['example_skip_dag']) retrieved from /home/airflow/.local/lib/python3.7/site-packages/airflow/example_dags/example_skip_dag.py
[2023-02-21T12:23:53.434+0000] {logging_mixin.py:137} INFO - [2023-02-21T12:23:53.433+0000] {dag.py:2690} INFO - Sync 1 DAGs
[2023-02-21T12:23:53.494+0000] {logging_mixin.py:137} INFO - [2023-02-21T12:23:53.494+0000] {dag.py:3441} INFO - Setting next_dagrun for example_skip_dag to 2023-02-20T12:23:53.492590+00:00, run_after=2023-02-21T12:23:53.492590+00:00
[2023-02-21T12:23:53.559+0000] {processor.py:175} INFO - Processing /home/airflow/.local/lib/python3.7/site-packages/airflow/example_dags/example_skip_dag.py took 0.392 seconds
