[2023-02-21T11:47:10.995+0000] {processor.py:153} INFO - Started process (PID=151) to work on /home/airflow/.local/lib/python3.7/site-packages/airflow/example_dags/example_kubernetes_executor.py
[2023-02-21T11:47:11.148+0000] {processor.py:743} INFO - Processing file /home/airflow/.local/lib/python3.7/site-packages/airflow/example_dags/example_kubernetes_executor.py for tasks to queue
[2023-02-21T11:47:11.172+0000] {logging_mixin.py:137} INFO - [2023-02-21T11:47:11.168+0000] {dagbag.py:538} INFO - Filling up the DagBag from /home/airflow/.local/lib/python3.7/site-packages/airflow/example_dags/example_kubernetes_executor.py
[2023-02-21T11:47:12.219+0000] {processor.py:753} INFO - DAG(s) dict_keys(['example_kubernetes_executor']) retrieved from /home/airflow/.local/lib/python3.7/site-packages/airflow/example_dags/example_kubernetes_executor.py
[2023-02-21T11:47:12.501+0000] {logging_mixin.py:137} INFO - [2023-02-21T11:47:12.495+0000] {dag.py:2690} INFO - Sync 1 DAGs
[2023-02-21T11:47:13.038+0000] {logging_mixin.py:137} INFO - [2023-02-21T11:47:13.037+0000] {dag.py:3441} INFO - Setting next_dagrun for example_kubernetes_executor to None, run_after=None
[2023-02-21T11:47:13.607+0000] {processor.py:175} INFO - Processing /home/airflow/.local/lib/python3.7/site-packages/airflow/example_dags/example_kubernetes_executor.py took 2.672 seconds
[2023-02-21T11:48:05.076+0000] {processor.py:153} INFO - Started process (PID=220) to work on /home/airflow/.local/lib/python3.7/site-packages/airflow/example_dags/example_kubernetes_executor.py
[2023-02-21T11:48:05.079+0000] {processor.py:743} INFO - Processing file /home/airflow/.local/lib/python3.7/site-packages/airflow/example_dags/example_kubernetes_executor.py for tasks to queue
[2023-02-21T11:48:05.082+0000] {logging_mixin.py:137} INFO - [2023-02-21T11:48:05.081+0000] {dagbag.py:538} INFO - Filling up the DagBag from /home/airflow/.local/lib/python3.7/site-packages/airflow/example_dags/example_kubernetes_executor.py
[2023-02-21T11:48:05.139+0000] {processor.py:753} INFO - DAG(s) dict_keys(['example_kubernetes_executor']) retrieved from /home/airflow/.local/lib/python3.7/site-packages/airflow/example_dags/example_kubernetes_executor.py
[2023-02-21T11:48:05.281+0000] {logging_mixin.py:137} INFO - [2023-02-21T11:48:05.281+0000] {dag.py:2690} INFO - Sync 1 DAGs
[2023-02-21T11:48:05.342+0000] {logging_mixin.py:137} INFO - [2023-02-21T11:48:05.342+0000] {dag.py:3441} INFO - Setting next_dagrun for example_kubernetes_executor to None, run_after=None
[2023-02-21T11:48:05.526+0000] {processor.py:175} INFO - Processing /home/airflow/.local/lib/python3.7/site-packages/airflow/example_dags/example_kubernetes_executor.py took 0.460 seconds
[2023-02-21T11:48:47.184+0000] {processor.py:153} INFO - Started process (PID=285) to work on /home/airflow/.local/lib/python3.7/site-packages/airflow/example_dags/example_kubernetes_executor.py
[2023-02-21T11:48:47.194+0000] {processor.py:743} INFO - Processing file /home/airflow/.local/lib/python3.7/site-packages/airflow/example_dags/example_kubernetes_executor.py for tasks to queue
[2023-02-21T11:48:47.212+0000] {logging_mixin.py:137} INFO - [2023-02-21T11:48:47.211+0000] {dagbag.py:538} INFO - Filling up the DagBag from /home/airflow/.local/lib/python3.7/site-packages/airflow/example_dags/example_kubernetes_executor.py
[2023-02-21T11:48:47.738+0000] {processor.py:753} INFO - DAG(s) dict_keys(['example_kubernetes_executor']) retrieved from /home/airflow/.local/lib/python3.7/site-packages/airflow/example_dags/example_kubernetes_executor.py
[2023-02-21T11:48:48.093+0000] {logging_mixin.py:137} INFO - [2023-02-21T11:48:48.092+0000] {dag.py:2690} INFO - Sync 1 DAGs
[2023-02-21T11:48:48.566+0000] {logging_mixin.py:137} INFO - [2023-02-21T11:48:48.565+0000] {dag.py:3441} INFO - Setting next_dagrun for example_kubernetes_executor to None, run_after=None
[2023-02-21T11:48:48.942+0000] {processor.py:175} INFO - Processing /home/airflow/.local/lib/python3.7/site-packages/airflow/example_dags/example_kubernetes_executor.py took 1.807 seconds
[2023-02-21T11:50:00.381+0000] {processor.py:153} INFO - Started process (PID=364) to work on /home/airflow/.local/lib/python3.7/site-packages/airflow/example_dags/example_kubernetes_executor.py
[2023-02-21T11:50:00.417+0000] {processor.py:743} INFO - Processing file /home/airflow/.local/lib/python3.7/site-packages/airflow/example_dags/example_kubernetes_executor.py for tasks to queue
[2023-02-21T11:50:00.423+0000] {logging_mixin.py:137} INFO - [2023-02-21T11:50:00.420+0000] {dagbag.py:538} INFO - Filling up the DagBag from /home/airflow/.local/lib/python3.7/site-packages/airflow/example_dags/example_kubernetes_executor.py
[2023-02-21T11:50:00.500+0000] {processor.py:753} INFO - DAG(s) dict_keys(['example_kubernetes_executor']) retrieved from /home/airflow/.local/lib/python3.7/site-packages/airflow/example_dags/example_kubernetes_executor.py
[2023-02-21T11:50:00.586+0000] {logging_mixin.py:137} INFO - [2023-02-21T11:50:00.586+0000] {dag.py:2690} INFO - Sync 1 DAGs
[2023-02-21T11:50:01.115+0000] {logging_mixin.py:137} INFO - [2023-02-21T11:50:01.114+0000] {dag.py:3441} INFO - Setting next_dagrun for example_kubernetes_executor to None, run_after=None
[2023-02-21T11:50:01.513+0000] {processor.py:175} INFO - Processing /home/airflow/.local/lib/python3.7/site-packages/airflow/example_dags/example_kubernetes_executor.py took 1.161 seconds
[2023-02-21T11:50:51.313+0000] {processor.py:153} INFO - Started process (PID=432) to work on /home/airflow/.local/lib/python3.7/site-packages/airflow/example_dags/example_kubernetes_executor.py
[2023-02-21T11:50:51.327+0000] {processor.py:743} INFO - Processing file /home/airflow/.local/lib/python3.7/site-packages/airflow/example_dags/example_kubernetes_executor.py for tasks to queue
[2023-02-21T11:50:51.334+0000] {logging_mixin.py:137} INFO - [2023-02-21T11:50:51.332+0000] {dagbag.py:538} INFO - Filling up the DagBag from /home/airflow/.local/lib/python3.7/site-packages/airflow/example_dags/example_kubernetes_executor.py
[2023-02-21T11:50:51.688+0000] {processor.py:753} INFO - DAG(s) dict_keys(['example_kubernetes_executor']) retrieved from /home/airflow/.local/lib/python3.7/site-packages/airflow/example_dags/example_kubernetes_executor.py
[2023-02-21T11:50:52.415+0000] {logging_mixin.py:137} INFO - [2023-02-21T11:50:52.412+0000] {dag.py:2690} INFO - Sync 1 DAGs
[2023-02-21T11:50:53.117+0000] {logging_mixin.py:137} INFO - [2023-02-21T11:50:53.111+0000] {dag.py:3441} INFO - Setting next_dagrun for example_kubernetes_executor to None, run_after=None
[2023-02-21T11:50:53.587+0000] {processor.py:175} INFO - Processing /home/airflow/.local/lib/python3.7/site-packages/airflow/example_dags/example_kubernetes_executor.py took 2.299 seconds
[2023-02-21T11:51:23.829+0000] {processor.py:153} INFO - Started process (PID=482) to work on /home/airflow/.local/lib/python3.7/site-packages/airflow/example_dags/example_kubernetes_executor.py
[2023-02-21T11:51:23.832+0000] {processor.py:743} INFO - Processing file /home/airflow/.local/lib/python3.7/site-packages/airflow/example_dags/example_kubernetes_executor.py for tasks to queue
[2023-02-21T11:51:23.835+0000] {logging_mixin.py:137} INFO - [2023-02-21T11:51:23.834+0000] {dagbag.py:538} INFO - Filling up the DagBag from /home/airflow/.local/lib/python3.7/site-packages/airflow/example_dags/example_kubernetes_executor.py
[2023-02-21T11:51:23.911+0000] {processor.py:753} INFO - DAG(s) dict_keys(['example_kubernetes_executor']) retrieved from /home/airflow/.local/lib/python3.7/site-packages/airflow/example_dags/example_kubernetes_executor.py
[2023-02-21T11:51:24.042+0000] {logging_mixin.py:137} INFO - [2023-02-21T11:51:24.034+0000] {dag.py:2690} INFO - Sync 1 DAGs
[2023-02-21T11:51:24.217+0000] {logging_mixin.py:137} INFO - [2023-02-21T11:51:24.217+0000] {dag.py:3441} INFO - Setting next_dagrun for example_kubernetes_executor to None, run_after=None
[2023-02-21T11:51:24.266+0000] {processor.py:175} INFO - Processing /home/airflow/.local/lib/python3.7/site-packages/airflow/example_dags/example_kubernetes_executor.py took 0.443 seconds
[2023-02-21T11:52:00.298+0000] {processor.py:153} INFO - Started process (PID=542) to work on /home/airflow/.local/lib/python3.7/site-packages/airflow/example_dags/example_kubernetes_executor.py
[2023-02-21T11:52:00.307+0000] {processor.py:743} INFO - Processing file /home/airflow/.local/lib/python3.7/site-packages/airflow/example_dags/example_kubernetes_executor.py for tasks to queue
[2023-02-21T11:52:00.314+0000] {logging_mixin.py:137} INFO - [2023-02-21T11:52:00.314+0000] {dagbag.py:538} INFO - Filling up the DagBag from /home/airflow/.local/lib/python3.7/site-packages/airflow/example_dags/example_kubernetes_executor.py
[2023-02-21T11:52:00.696+0000] {processor.py:753} INFO - DAG(s) dict_keys(['example_kubernetes_executor']) retrieved from /home/airflow/.local/lib/python3.7/site-packages/airflow/example_dags/example_kubernetes_executor.py
[2023-02-21T11:52:01.117+0000] {logging_mixin.py:137} INFO - [2023-02-21T11:52:01.116+0000] {dag.py:2690} INFO - Sync 1 DAGs
[2023-02-21T11:52:01.485+0000] {logging_mixin.py:137} INFO - [2023-02-21T11:52:01.477+0000] {dag.py:3441} INFO - Setting next_dagrun for example_kubernetes_executor to None, run_after=None
[2023-02-21T11:52:01.806+0000] {processor.py:175} INFO - Processing /home/airflow/.local/lib/python3.7/site-packages/airflow/example_dags/example_kubernetes_executor.py took 1.551 seconds
[2023-02-21T11:52:38.515+0000] {processor.py:153} INFO - Started process (PID=603) to work on /home/airflow/.local/lib/python3.7/site-packages/airflow/example_dags/example_kubernetes_executor.py
[2023-02-21T11:52:38.527+0000] {processor.py:743} INFO - Processing file /home/airflow/.local/lib/python3.7/site-packages/airflow/example_dags/example_kubernetes_executor.py for tasks to queue
[2023-02-21T11:52:38.549+0000] {logging_mixin.py:137} INFO - [2023-02-21T11:52:38.543+0000] {dagbag.py:538} INFO - Filling up the DagBag from /home/airflow/.local/lib/python3.7/site-packages/airflow/example_dags/example_kubernetes_executor.py
[2023-02-21T11:52:39.107+0000] {processor.py:753} INFO - DAG(s) dict_keys(['example_kubernetes_executor']) retrieved from /home/airflow/.local/lib/python3.7/site-packages/airflow/example_dags/example_kubernetes_executor.py
[2023-02-21T11:52:39.395+0000] {logging_mixin.py:137} INFO - [2023-02-21T11:52:39.395+0000] {dag.py:2690} INFO - Sync 1 DAGs
[2023-02-21T11:52:39.754+0000] {logging_mixin.py:137} INFO - [2023-02-21T11:52:39.753+0000] {dag.py:3441} INFO - Setting next_dagrun for example_kubernetes_executor to None, run_after=None
[2023-02-21T11:52:39.959+0000] {processor.py:175} INFO - Processing /home/airflow/.local/lib/python3.7/site-packages/airflow/example_dags/example_kubernetes_executor.py took 1.494 seconds
[2023-02-21T11:53:10.554+0000] {processor.py:153} INFO - Started process (PID=662) to work on /home/airflow/.local/lib/python3.7/site-packages/airflow/example_dags/example_kubernetes_executor.py
[2023-02-21T11:53:10.558+0000] {processor.py:743} INFO - Processing file /home/airflow/.local/lib/python3.7/site-packages/airflow/example_dags/example_kubernetes_executor.py for tasks to queue
[2023-02-21T11:53:10.576+0000] {logging_mixin.py:137} INFO - [2023-02-21T11:53:10.574+0000] {dagbag.py:538} INFO - Filling up the DagBag from /home/airflow/.local/lib/python3.7/site-packages/airflow/example_dags/example_kubernetes_executor.py
[2023-02-21T11:53:10.753+0000] {processor.py:753} INFO - DAG(s) dict_keys(['example_kubernetes_executor']) retrieved from /home/airflow/.local/lib/python3.7/site-packages/airflow/example_dags/example_kubernetes_executor.py
[2023-02-21T11:53:10.815+0000] {logging_mixin.py:137} INFO - [2023-02-21T11:53:10.814+0000] {dag.py:2690} INFO - Sync 1 DAGs
[2023-02-21T11:53:10.912+0000] {logging_mixin.py:137} INFO - [2023-02-21T11:53:10.912+0000] {dag.py:3441} INFO - Setting next_dagrun for example_kubernetes_executor to None, run_after=None
[2023-02-21T11:53:10.975+0000] {processor.py:175} INFO - Processing /home/airflow/.local/lib/python3.7/site-packages/airflow/example_dags/example_kubernetes_executor.py took 0.429 seconds
[2023-02-21T11:53:43.016+0000] {processor.py:153} INFO - Started process (PID=722) to work on /home/airflow/.local/lib/python3.7/site-packages/airflow/example_dags/example_kubernetes_executor.py
[2023-02-21T11:53:43.050+0000] {processor.py:743} INFO - Processing file /home/airflow/.local/lib/python3.7/site-packages/airflow/example_dags/example_kubernetes_executor.py for tasks to queue
[2023-02-21T11:53:43.066+0000] {logging_mixin.py:137} INFO - [2023-02-21T11:53:43.064+0000] {dagbag.py:538} INFO - Filling up the DagBag from /home/airflow/.local/lib/python3.7/site-packages/airflow/example_dags/example_kubernetes_executor.py
[2023-02-21T11:53:43.683+0000] {processor.py:753} INFO - DAG(s) dict_keys(['example_kubernetes_executor']) retrieved from /home/airflow/.local/lib/python3.7/site-packages/airflow/example_dags/example_kubernetes_executor.py
[2023-02-21T11:53:44.098+0000] {logging_mixin.py:137} INFO - [2023-02-21T11:53:44.097+0000] {dag.py:2690} INFO - Sync 1 DAGs
[2023-02-21T11:53:44.349+0000] {logging_mixin.py:137} INFO - [2023-02-21T11:53:44.348+0000] {dag.py:3441} INFO - Setting next_dagrun for example_kubernetes_executor to None, run_after=None
[2023-02-21T11:53:44.917+0000] {processor.py:175} INFO - Processing /home/airflow/.local/lib/python3.7/site-packages/airflow/example_dags/example_kubernetes_executor.py took 1.922 seconds
[2023-02-21T11:54:15.264+0000] {processor.py:153} INFO - Started process (PID=781) to work on /home/airflow/.local/lib/python3.7/site-packages/airflow/example_dags/example_kubernetes_executor.py
[2023-02-21T11:54:15.271+0000] {processor.py:743} INFO - Processing file /home/airflow/.local/lib/python3.7/site-packages/airflow/example_dags/example_kubernetes_executor.py for tasks to queue
[2023-02-21T11:54:15.273+0000] {logging_mixin.py:137} INFO - [2023-02-21T11:54:15.273+0000] {dagbag.py:538} INFO - Filling up the DagBag from /home/airflow/.local/lib/python3.7/site-packages/airflow/example_dags/example_kubernetes_executor.py
[2023-02-21T11:54:15.478+0000] {processor.py:753} INFO - DAG(s) dict_keys(['example_kubernetes_executor']) retrieved from /home/airflow/.local/lib/python3.7/site-packages/airflow/example_dags/example_kubernetes_executor.py
[2023-02-21T11:54:15.654+0000] {logging_mixin.py:137} INFO - [2023-02-21T11:54:15.653+0000] {dag.py:2690} INFO - Sync 1 DAGs
[2023-02-21T11:54:15.748+0000] {logging_mixin.py:137} INFO - [2023-02-21T11:54:15.748+0000] {dag.py:3441} INFO - Setting next_dagrun for example_kubernetes_executor to None, run_after=None
[2023-02-21T11:54:15.861+0000] {processor.py:175} INFO - Processing /home/airflow/.local/lib/python3.7/site-packages/airflow/example_dags/example_kubernetes_executor.py took 0.602 seconds
[2023-02-21T11:54:46.456+0000] {processor.py:153} INFO - Started process (PID=839) to work on /home/airflow/.local/lib/python3.7/site-packages/airflow/example_dags/example_kubernetes_executor.py
[2023-02-21T11:54:46.467+0000] {processor.py:743} INFO - Processing file /home/airflow/.local/lib/python3.7/site-packages/airflow/example_dags/example_kubernetes_executor.py for tasks to queue
[2023-02-21T11:54:46.487+0000] {logging_mixin.py:137} INFO - [2023-02-21T11:54:46.487+0000] {dagbag.py:538} INFO - Filling up the DagBag from /home/airflow/.local/lib/python3.7/site-packages/airflow/example_dags/example_kubernetes_executor.py
[2023-02-21T11:54:46.657+0000] {processor.py:753} INFO - DAG(s) dict_keys(['example_kubernetes_executor']) retrieved from /home/airflow/.local/lib/python3.7/site-packages/airflow/example_dags/example_kubernetes_executor.py
[2023-02-21T11:54:46.866+0000] {logging_mixin.py:137} INFO - [2023-02-21T11:54:46.865+0000] {dag.py:2690} INFO - Sync 1 DAGs
[2023-02-21T11:54:47.026+0000] {logging_mixin.py:137} INFO - [2023-02-21T11:54:47.024+0000] {dag.py:3441} INFO - Setting next_dagrun for example_kubernetes_executor to None, run_after=None
[2023-02-21T11:54:47.211+0000] {processor.py:175} INFO - Processing /home/airflow/.local/lib/python3.7/site-packages/airflow/example_dags/example_kubernetes_executor.py took 0.797 seconds
[2023-02-21T11:55:35.319+0000] {processor.py:153} INFO - Started process (PID=897) to work on /home/airflow/.local/lib/python3.7/site-packages/airflow/example_dags/example_kubernetes_executor.py
[2023-02-21T11:55:35.341+0000] {processor.py:743} INFO - Processing file /home/airflow/.local/lib/python3.7/site-packages/airflow/example_dags/example_kubernetes_executor.py for tasks to queue
[2023-02-21T11:55:35.346+0000] {logging_mixin.py:137} INFO - [2023-02-21T11:55:35.346+0000] {dagbag.py:538} INFO - Filling up the DagBag from /home/airflow/.local/lib/python3.7/site-packages/airflow/example_dags/example_kubernetes_executor.py
[2023-02-21T11:55:35.753+0000] {processor.py:753} INFO - DAG(s) dict_keys(['example_kubernetes_executor']) retrieved from /home/airflow/.local/lib/python3.7/site-packages/airflow/example_dags/example_kubernetes_executor.py
[2023-02-21T11:55:36.097+0000] {logging_mixin.py:137} INFO - [2023-02-21T11:55:36.096+0000] {dag.py:2690} INFO - Sync 1 DAGs
[2023-02-21T11:55:36.283+0000] {logging_mixin.py:137} INFO - [2023-02-21T11:55:36.282+0000] {dag.py:3441} INFO - Setting next_dagrun for example_kubernetes_executor to None, run_after=None
[2023-02-21T11:55:36.469+0000] {processor.py:175} INFO - Processing /home/airflow/.local/lib/python3.7/site-packages/airflow/example_dags/example_kubernetes_executor.py took 1.170 seconds
[2023-02-21T11:56:06.734+0000] {processor.py:153} INFO - Started process (PID=955) to work on /home/airflow/.local/lib/python3.7/site-packages/airflow/example_dags/example_kubernetes_executor.py
[2023-02-21T11:56:06.744+0000] {processor.py:743} INFO - Processing file /home/airflow/.local/lib/python3.7/site-packages/airflow/example_dags/example_kubernetes_executor.py for tasks to queue
[2023-02-21T11:56:06.750+0000] {logging_mixin.py:137} INFO - [2023-02-21T11:56:06.749+0000] {dagbag.py:538} INFO - Filling up the DagBag from /home/airflow/.local/lib/python3.7/site-packages/airflow/example_dags/example_kubernetes_executor.py
[2023-02-21T11:56:06.857+0000] {processor.py:753} INFO - DAG(s) dict_keys(['example_kubernetes_executor']) retrieved from /home/airflow/.local/lib/python3.7/site-packages/airflow/example_dags/example_kubernetes_executor.py
[2023-02-21T11:56:06.937+0000] {logging_mixin.py:137} INFO - [2023-02-21T11:56:06.937+0000] {dag.py:2690} INFO - Sync 1 DAGs
[2023-02-21T11:56:07.002+0000] {logging_mixin.py:137} INFO - [2023-02-21T11:56:07.002+0000] {dag.py:3441} INFO - Setting next_dagrun for example_kubernetes_executor to None, run_after=None
[2023-02-21T11:56:07.078+0000] {processor.py:175} INFO - Processing /home/airflow/.local/lib/python3.7/site-packages/airflow/example_dags/example_kubernetes_executor.py took 0.373 seconds
[2023-02-21T11:56:37.325+0000] {processor.py:153} INFO - Started process (PID=1014) to work on /home/airflow/.local/lib/python3.7/site-packages/airflow/example_dags/example_kubernetes_executor.py
[2023-02-21T11:56:37.329+0000] {processor.py:743} INFO - Processing file /home/airflow/.local/lib/python3.7/site-packages/airflow/example_dags/example_kubernetes_executor.py for tasks to queue
[2023-02-21T11:56:37.332+0000] {logging_mixin.py:137} INFO - [2023-02-21T11:56:37.332+0000] {dagbag.py:538} INFO - Filling up the DagBag from /home/airflow/.local/lib/python3.7/site-packages/airflow/example_dags/example_kubernetes_executor.py
[2023-02-21T11:56:37.457+0000] {processor.py:753} INFO - DAG(s) dict_keys(['example_kubernetes_executor']) retrieved from /home/airflow/.local/lib/python3.7/site-packages/airflow/example_dags/example_kubernetes_executor.py
[2023-02-21T11:56:37.551+0000] {logging_mixin.py:137} INFO - [2023-02-21T11:56:37.551+0000] {dag.py:2690} INFO - Sync 1 DAGs
[2023-02-21T11:56:37.704+0000] {logging_mixin.py:137} INFO - [2023-02-21T11:56:37.703+0000] {dag.py:3441} INFO - Setting next_dagrun for example_kubernetes_executor to None, run_after=None
[2023-02-21T11:56:37.787+0000] {processor.py:175} INFO - Processing /home/airflow/.local/lib/python3.7/site-packages/airflow/example_dags/example_kubernetes_executor.py took 0.481 seconds
[2023-02-21T11:57:08.103+0000] {processor.py:153} INFO - Started process (PID=1073) to work on /home/airflow/.local/lib/python3.7/site-packages/airflow/example_dags/example_kubernetes_executor.py
[2023-02-21T11:57:08.127+0000] {processor.py:743} INFO - Processing file /home/airflow/.local/lib/python3.7/site-packages/airflow/example_dags/example_kubernetes_executor.py for tasks to queue
[2023-02-21T11:57:08.130+0000] {logging_mixin.py:137} INFO - [2023-02-21T11:57:08.130+0000] {dagbag.py:538} INFO - Filling up the DagBag from /home/airflow/.local/lib/python3.7/site-packages/airflow/example_dags/example_kubernetes_executor.py
[2023-02-21T11:57:08.194+0000] {processor.py:753} INFO - DAG(s) dict_keys(['example_kubernetes_executor']) retrieved from /home/airflow/.local/lib/python3.7/site-packages/airflow/example_dags/example_kubernetes_executor.py
[2023-02-21T11:57:08.289+0000] {logging_mixin.py:137} INFO - [2023-02-21T11:57:08.289+0000] {dag.py:2690} INFO - Sync 1 DAGs
[2023-02-21T11:57:08.371+0000] {logging_mixin.py:137} INFO - [2023-02-21T11:57:08.371+0000] {dag.py:3441} INFO - Setting next_dagrun for example_kubernetes_executor to None, run_after=None
[2023-02-21T11:57:08.432+0000] {processor.py:175} INFO - Processing /home/airflow/.local/lib/python3.7/site-packages/airflow/example_dags/example_kubernetes_executor.py took 0.348 seconds
[2023-02-21T11:57:39.454+0000] {processor.py:153} INFO - Started process (PID=1131) to work on /home/airflow/.local/lib/python3.7/site-packages/airflow/example_dags/example_kubernetes_executor.py
[2023-02-21T11:57:39.458+0000] {processor.py:743} INFO - Processing file /home/airflow/.local/lib/python3.7/site-packages/airflow/example_dags/example_kubernetes_executor.py for tasks to queue
[2023-02-21T11:57:39.465+0000] {logging_mixin.py:137} INFO - [2023-02-21T11:57:39.463+0000] {dagbag.py:538} INFO - Filling up the DagBag from /home/airflow/.local/lib/python3.7/site-packages/airflow/example_dags/example_kubernetes_executor.py
[2023-02-21T11:57:39.619+0000] {processor.py:753} INFO - DAG(s) dict_keys(['example_kubernetes_executor']) retrieved from /home/airflow/.local/lib/python3.7/site-packages/airflow/example_dags/example_kubernetes_executor.py
[2023-02-21T11:57:39.983+0000] {logging_mixin.py:137} INFO - [2023-02-21T11:57:39.983+0000] {dag.py:2690} INFO - Sync 1 DAGs
[2023-02-21T11:57:40.104+0000] {logging_mixin.py:137} INFO - [2023-02-21T11:57:40.103+0000] {dag.py:3441} INFO - Setting next_dagrun for example_kubernetes_executor to None, run_after=None
[2023-02-21T11:57:40.210+0000] {processor.py:175} INFO - Processing /home/airflow/.local/lib/python3.7/site-packages/airflow/example_dags/example_kubernetes_executor.py took 0.783 seconds
[2023-02-21T11:58:10.423+0000] {processor.py:153} INFO - Started process (PID=1188) to work on /home/airflow/.local/lib/python3.7/site-packages/airflow/example_dags/example_kubernetes_executor.py
[2023-02-21T11:58:10.432+0000] {processor.py:743} INFO - Processing file /home/airflow/.local/lib/python3.7/site-packages/airflow/example_dags/example_kubernetes_executor.py for tasks to queue
[2023-02-21T11:58:10.440+0000] {logging_mixin.py:137} INFO - [2023-02-21T11:58:10.436+0000] {dagbag.py:538} INFO - Filling up the DagBag from /home/airflow/.local/lib/python3.7/site-packages/airflow/example_dags/example_kubernetes_executor.py
[2023-02-21T11:58:10.944+0000] {processor.py:753} INFO - DAG(s) dict_keys(['example_kubernetes_executor']) retrieved from /home/airflow/.local/lib/python3.7/site-packages/airflow/example_dags/example_kubernetes_executor.py
[2023-02-21T11:58:11.253+0000] {logging_mixin.py:137} INFO - [2023-02-21T11:58:11.253+0000] {dag.py:2690} INFO - Sync 1 DAGs
[2023-02-21T11:58:11.428+0000] {logging_mixin.py:137} INFO - [2023-02-21T11:58:11.428+0000] {dag.py:3441} INFO - Setting next_dagrun for example_kubernetes_executor to None, run_after=None
[2023-02-21T11:58:11.551+0000] {processor.py:175} INFO - Processing /home/airflow/.local/lib/python3.7/site-packages/airflow/example_dags/example_kubernetes_executor.py took 1.169 seconds
[2023-02-21T11:58:43.087+0000] {processor.py:153} INFO - Started process (PID=1247) to work on /home/airflow/.local/lib/python3.7/site-packages/airflow/example_dags/example_kubernetes_executor.py
[2023-02-21T11:58:43.115+0000] {processor.py:743} INFO - Processing file /home/airflow/.local/lib/python3.7/site-packages/airflow/example_dags/example_kubernetes_executor.py for tasks to queue
[2023-02-21T11:58:43.121+0000] {logging_mixin.py:137} INFO - [2023-02-21T11:58:43.121+0000] {dagbag.py:538} INFO - Filling up the DagBag from /home/airflow/.local/lib/python3.7/site-packages/airflow/example_dags/example_kubernetes_executor.py
[2023-02-21T11:58:43.249+0000] {processor.py:753} INFO - DAG(s) dict_keys(['example_kubernetes_executor']) retrieved from /home/airflow/.local/lib/python3.7/site-packages/airflow/example_dags/example_kubernetes_executor.py
[2023-02-21T11:58:43.422+0000] {logging_mixin.py:137} INFO - [2023-02-21T11:58:43.422+0000] {dag.py:2690} INFO - Sync 1 DAGs
[2023-02-21T11:58:43.636+0000] {logging_mixin.py:137} INFO - [2023-02-21T11:58:43.636+0000] {dag.py:3441} INFO - Setting next_dagrun for example_kubernetes_executor to None, run_after=None
[2023-02-21T11:58:43.780+0000] {processor.py:175} INFO - Processing /home/airflow/.local/lib/python3.7/site-packages/airflow/example_dags/example_kubernetes_executor.py took 0.702 seconds
[2023-02-21T11:59:14.414+0000] {processor.py:153} INFO - Started process (PID=1299) to work on /home/airflow/.local/lib/python3.7/site-packages/airflow/example_dags/example_kubernetes_executor.py
[2023-02-21T11:59:14.419+0000] {processor.py:743} INFO - Processing file /home/airflow/.local/lib/python3.7/site-packages/airflow/example_dags/example_kubernetes_executor.py for tasks to queue
[2023-02-21T11:59:14.421+0000] {logging_mixin.py:137} INFO - [2023-02-21T11:59:14.421+0000] {dagbag.py:538} INFO - Filling up the DagBag from /home/airflow/.local/lib/python3.7/site-packages/airflow/example_dags/example_kubernetes_executor.py
[2023-02-21T11:59:14.478+0000] {processor.py:753} INFO - DAG(s) dict_keys(['example_kubernetes_executor']) retrieved from /home/airflow/.local/lib/python3.7/site-packages/airflow/example_dags/example_kubernetes_executor.py
[2023-02-21T11:59:14.535+0000] {logging_mixin.py:137} INFO - [2023-02-21T11:59:14.534+0000] {dag.py:2690} INFO - Sync 1 DAGs
[2023-02-21T11:59:14.581+0000] {logging_mixin.py:137} INFO - [2023-02-21T11:59:14.581+0000] {dag.py:3441} INFO - Setting next_dagrun for example_kubernetes_executor to None, run_after=None
[2023-02-21T11:59:14.626+0000] {processor.py:175} INFO - Processing /home/airflow/.local/lib/python3.7/site-packages/airflow/example_dags/example_kubernetes_executor.py took 0.227 seconds
[2023-02-21T11:59:44.721+0000] {processor.py:153} INFO - Started process (PID=1357) to work on /home/airflow/.local/lib/python3.7/site-packages/airflow/example_dags/example_kubernetes_executor.py
[2023-02-21T11:59:44.730+0000] {processor.py:743} INFO - Processing file /home/airflow/.local/lib/python3.7/site-packages/airflow/example_dags/example_kubernetes_executor.py for tasks to queue
[2023-02-21T11:59:44.735+0000] {logging_mixin.py:137} INFO - [2023-02-21T11:59:44.735+0000] {dagbag.py:538} INFO - Filling up the DagBag from /home/airflow/.local/lib/python3.7/site-packages/airflow/example_dags/example_kubernetes_executor.py
[2023-02-21T11:59:44.874+0000] {processor.py:753} INFO - DAG(s) dict_keys(['example_kubernetes_executor']) retrieved from /home/airflow/.local/lib/python3.7/site-packages/airflow/example_dags/example_kubernetes_executor.py
[2023-02-21T11:59:45.017+0000] {logging_mixin.py:137} INFO - [2023-02-21T11:59:45.017+0000] {dag.py:2690} INFO - Sync 1 DAGs
[2023-02-21T11:59:45.160+0000] {logging_mixin.py:137} INFO - [2023-02-21T11:59:45.160+0000] {dag.py:3441} INFO - Setting next_dagrun for example_kubernetes_executor to None, run_after=None
[2023-02-21T11:59:45.259+0000] {processor.py:175} INFO - Processing /home/airflow/.local/lib/python3.7/site-packages/airflow/example_dags/example_kubernetes_executor.py took 0.546 seconds
[2023-02-21T12:00:17.887+0000] {processor.py:153} INFO - Started process (PID=1413) to work on /home/airflow/.local/lib/python3.7/site-packages/airflow/example_dags/example_kubernetes_executor.py
[2023-02-21T12:00:17.899+0000] {processor.py:743} INFO - Processing file /home/airflow/.local/lib/python3.7/site-packages/airflow/example_dags/example_kubernetes_executor.py for tasks to queue
[2023-02-21T12:00:17.915+0000] {logging_mixin.py:137} INFO - [2023-02-21T12:00:17.907+0000] {dagbag.py:538} INFO - Filling up the DagBag from /home/airflow/.local/lib/python3.7/site-packages/airflow/example_dags/example_kubernetes_executor.py
[2023-02-21T12:00:18.176+0000] {processor.py:753} INFO - DAG(s) dict_keys(['example_kubernetes_executor']) retrieved from /home/airflow/.local/lib/python3.7/site-packages/airflow/example_dags/example_kubernetes_executor.py
[2023-02-21T12:00:18.346+0000] {logging_mixin.py:137} INFO - [2023-02-21T12:00:18.346+0000] {dag.py:2690} INFO - Sync 1 DAGs
[2023-02-21T12:00:18.432+0000] {logging_mixin.py:137} INFO - [2023-02-21T12:00:18.431+0000] {dag.py:3441} INFO - Setting next_dagrun for example_kubernetes_executor to None, run_after=None
[2023-02-21T12:00:18.549+0000] {processor.py:175} INFO - Processing /home/airflow/.local/lib/python3.7/site-packages/airflow/example_dags/example_kubernetes_executor.py took 0.677 seconds
[2023-02-21T12:00:49.575+0000] {processor.py:153} INFO - Started process (PID=1463) to work on /home/airflow/.local/lib/python3.7/site-packages/airflow/example_dags/example_kubernetes_executor.py
[2023-02-21T12:00:49.589+0000] {processor.py:743} INFO - Processing file /home/airflow/.local/lib/python3.7/site-packages/airflow/example_dags/example_kubernetes_executor.py for tasks to queue
[2023-02-21T12:00:49.629+0000] {logging_mixin.py:137} INFO - [2023-02-21T12:00:49.629+0000] {dagbag.py:538} INFO - Filling up the DagBag from /home/airflow/.local/lib/python3.7/site-packages/airflow/example_dags/example_kubernetes_executor.py
[2023-02-21T12:00:50.081+0000] {processor.py:753} INFO - DAG(s) dict_keys(['example_kubernetes_executor']) retrieved from /home/airflow/.local/lib/python3.7/site-packages/airflow/example_dags/example_kubernetes_executor.py
[2023-02-21T12:00:50.576+0000] {logging_mixin.py:137} INFO - [2023-02-21T12:00:50.576+0000] {dag.py:2690} INFO - Sync 1 DAGs
[2023-02-21T12:00:50.771+0000] {logging_mixin.py:137} INFO - [2023-02-21T12:00:50.771+0000] {dag.py:3441} INFO - Setting next_dagrun for example_kubernetes_executor to None, run_after=None
[2023-02-21T12:00:51.005+0000] {processor.py:175} INFO - Processing /home/airflow/.local/lib/python3.7/site-packages/airflow/example_dags/example_kubernetes_executor.py took 1.473 seconds
[2023-02-21T12:01:21.887+0000] {processor.py:153} INFO - Started process (PID=1523) to work on /home/airflow/.local/lib/python3.7/site-packages/airflow/example_dags/example_kubernetes_executor.py
[2023-02-21T12:01:21.894+0000] {processor.py:743} INFO - Processing file /home/airflow/.local/lib/python3.7/site-packages/airflow/example_dags/example_kubernetes_executor.py for tasks to queue
[2023-02-21T12:01:21.900+0000] {logging_mixin.py:137} INFO - [2023-02-21T12:01:21.900+0000] {dagbag.py:538} INFO - Filling up the DagBag from /home/airflow/.local/lib/python3.7/site-packages/airflow/example_dags/example_kubernetes_executor.py
[2023-02-21T12:01:22.135+0000] {processor.py:753} INFO - DAG(s) dict_keys(['example_kubernetes_executor']) retrieved from /home/airflow/.local/lib/python3.7/site-packages/airflow/example_dags/example_kubernetes_executor.py
[2023-02-21T12:01:22.268+0000] {logging_mixin.py:137} INFO - [2023-02-21T12:01:22.268+0000] {dag.py:2690} INFO - Sync 1 DAGs
[2023-02-21T12:01:22.413+0000] {logging_mixin.py:137} INFO - [2023-02-21T12:01:22.413+0000] {dag.py:3441} INFO - Setting next_dagrun for example_kubernetes_executor to None, run_after=None
[2023-02-21T12:01:22.458+0000] {processor.py:175} INFO - Processing /home/airflow/.local/lib/python3.7/site-packages/airflow/example_dags/example_kubernetes_executor.py took 0.714 seconds
[2023-02-21T12:01:53.077+0000] {processor.py:153} INFO - Started process (PID=1584) to work on /home/airflow/.local/lib/python3.7/site-packages/airflow/example_dags/example_kubernetes_executor.py
[2023-02-21T12:01:53.082+0000] {processor.py:743} INFO - Processing file /home/airflow/.local/lib/python3.7/site-packages/airflow/example_dags/example_kubernetes_executor.py for tasks to queue
[2023-02-21T12:01:53.086+0000] {logging_mixin.py:137} INFO - [2023-02-21T12:01:53.086+0000] {dagbag.py:538} INFO - Filling up the DagBag from /home/airflow/.local/lib/python3.7/site-packages/airflow/example_dags/example_kubernetes_executor.py
[2023-02-21T12:01:53.184+0000] {processor.py:753} INFO - DAG(s) dict_keys(['example_kubernetes_executor']) retrieved from /home/airflow/.local/lib/python3.7/site-packages/airflow/example_dags/example_kubernetes_executor.py
[2023-02-21T12:01:53.238+0000] {logging_mixin.py:137} INFO - [2023-02-21T12:01:53.238+0000] {dag.py:2690} INFO - Sync 1 DAGs
[2023-02-21T12:01:53.291+0000] {logging_mixin.py:137} INFO - [2023-02-21T12:01:53.291+0000] {dag.py:3441} INFO - Setting next_dagrun for example_kubernetes_executor to None, run_after=None
[2023-02-21T12:01:53.323+0000] {processor.py:175} INFO - Processing /home/airflow/.local/lib/python3.7/site-packages/airflow/example_dags/example_kubernetes_executor.py took 0.255 seconds
[2023-02-21T12:02:23.470+0000] {processor.py:153} INFO - Started process (PID=1643) to work on /home/airflow/.local/lib/python3.7/site-packages/airflow/example_dags/example_kubernetes_executor.py
[2023-02-21T12:02:23.473+0000] {processor.py:743} INFO - Processing file /home/airflow/.local/lib/python3.7/site-packages/airflow/example_dags/example_kubernetes_executor.py for tasks to queue
[2023-02-21T12:02:23.477+0000] {logging_mixin.py:137} INFO - [2023-02-21T12:02:23.476+0000] {dagbag.py:538} INFO - Filling up the DagBag from /home/airflow/.local/lib/python3.7/site-packages/airflow/example_dags/example_kubernetes_executor.py
[2023-02-21T12:02:23.603+0000] {processor.py:753} INFO - DAG(s) dict_keys(['example_kubernetes_executor']) retrieved from /home/airflow/.local/lib/python3.7/site-packages/airflow/example_dags/example_kubernetes_executor.py
[2023-02-21T12:02:23.716+0000] {logging_mixin.py:137} INFO - [2023-02-21T12:02:23.716+0000] {dag.py:2690} INFO - Sync 1 DAGs
[2023-02-21T12:02:23.771+0000] {logging_mixin.py:137} INFO - [2023-02-21T12:02:23.771+0000] {dag.py:3441} INFO - Setting next_dagrun for example_kubernetes_executor to None, run_after=None
[2023-02-21T12:02:23.817+0000] {processor.py:175} INFO - Processing /home/airflow/.local/lib/python3.7/site-packages/airflow/example_dags/example_kubernetes_executor.py took 0.352 seconds
[2023-02-21T12:02:54.405+0000] {processor.py:153} INFO - Started process (PID=1709) to work on /home/airflow/.local/lib/python3.7/site-packages/airflow/example_dags/example_kubernetes_executor.py
[2023-02-21T12:02:54.411+0000] {processor.py:743} INFO - Processing file /home/airflow/.local/lib/python3.7/site-packages/airflow/example_dags/example_kubernetes_executor.py for tasks to queue
[2023-02-21T12:02:54.416+0000] {logging_mixin.py:137} INFO - [2023-02-21T12:02:54.416+0000] {dagbag.py:538} INFO - Filling up the DagBag from /home/airflow/.local/lib/python3.7/site-packages/airflow/example_dags/example_kubernetes_executor.py
[2023-02-21T12:02:54.865+0000] {processor.py:753} INFO - DAG(s) dict_keys(['example_kubernetes_executor']) retrieved from /home/airflow/.local/lib/python3.7/site-packages/airflow/example_dags/example_kubernetes_executor.py
[2023-02-21T12:02:55.212+0000] {logging_mixin.py:137} INFO - [2023-02-21T12:02:55.212+0000] {dag.py:2690} INFO - Sync 1 DAGs
[2023-02-21T12:02:55.483+0000] {logging_mixin.py:137} INFO - [2023-02-21T12:02:55.483+0000] {dag.py:3441} INFO - Setting next_dagrun for example_kubernetes_executor to None, run_after=None
[2023-02-21T12:02:55.589+0000] {processor.py:175} INFO - Processing /home/airflow/.local/lib/python3.7/site-packages/airflow/example_dags/example_kubernetes_executor.py took 1.369 seconds
[2023-02-21T12:03:25.830+0000] {processor.py:153} INFO - Started process (PID=1760) to work on /home/airflow/.local/lib/python3.7/site-packages/airflow/example_dags/example_kubernetes_executor.py
[2023-02-21T12:03:25.849+0000] {processor.py:743} INFO - Processing file /home/airflow/.local/lib/python3.7/site-packages/airflow/example_dags/example_kubernetes_executor.py for tasks to queue
[2023-02-21T12:03:25.857+0000] {logging_mixin.py:137} INFO - [2023-02-21T12:03:25.856+0000] {dagbag.py:538} INFO - Filling up the DagBag from /home/airflow/.local/lib/python3.7/site-packages/airflow/example_dags/example_kubernetes_executor.py
[2023-02-21T12:03:25.962+0000] {processor.py:753} INFO - DAG(s) dict_keys(['example_kubernetes_executor']) retrieved from /home/airflow/.local/lib/python3.7/site-packages/airflow/example_dags/example_kubernetes_executor.py
[2023-02-21T12:03:26.069+0000] {logging_mixin.py:137} INFO - [2023-02-21T12:03:26.069+0000] {dag.py:2690} INFO - Sync 1 DAGs
[2023-02-21T12:03:26.145+0000] {logging_mixin.py:137} INFO - [2023-02-21T12:03:26.145+0000] {dag.py:3441} INFO - Setting next_dagrun for example_kubernetes_executor to None, run_after=None
[2023-02-21T12:03:26.187+0000] {processor.py:175} INFO - Processing /home/airflow/.local/lib/python3.7/site-packages/airflow/example_dags/example_kubernetes_executor.py took 0.371 seconds
[2023-02-21T12:03:56.457+0000] {processor.py:153} INFO - Started process (PID=1819) to work on /home/airflow/.local/lib/python3.7/site-packages/airflow/example_dags/example_kubernetes_executor.py
[2023-02-21T12:03:56.462+0000] {processor.py:743} INFO - Processing file /home/airflow/.local/lib/python3.7/site-packages/airflow/example_dags/example_kubernetes_executor.py for tasks to queue
[2023-02-21T12:03:56.465+0000] {logging_mixin.py:137} INFO - [2023-02-21T12:03:56.465+0000] {dagbag.py:538} INFO - Filling up the DagBag from /home/airflow/.local/lib/python3.7/site-packages/airflow/example_dags/example_kubernetes_executor.py
[2023-02-21T12:03:56.590+0000] {processor.py:753} INFO - DAG(s) dict_keys(['example_kubernetes_executor']) retrieved from /home/airflow/.local/lib/python3.7/site-packages/airflow/example_dags/example_kubernetes_executor.py
[2023-02-21T12:03:56.674+0000] {logging_mixin.py:137} INFO - [2023-02-21T12:03:56.673+0000] {dag.py:2690} INFO - Sync 1 DAGs
[2023-02-21T12:03:56.753+0000] {logging_mixin.py:137} INFO - [2023-02-21T12:03:56.753+0000] {dag.py:3441} INFO - Setting next_dagrun for example_kubernetes_executor to None, run_after=None
[2023-02-21T12:03:56.788+0000] {processor.py:175} INFO - Processing /home/airflow/.local/lib/python3.7/site-packages/airflow/example_dags/example_kubernetes_executor.py took 0.342 seconds
[2023-02-21T12:04:27.353+0000] {processor.py:153} INFO - Started process (PID=1886) to work on /home/airflow/.local/lib/python3.7/site-packages/airflow/example_dags/example_kubernetes_executor.py
[2023-02-21T12:04:27.357+0000] {processor.py:743} INFO - Processing file /home/airflow/.local/lib/python3.7/site-packages/airflow/example_dags/example_kubernetes_executor.py for tasks to queue
[2023-02-21T12:04:27.360+0000] {logging_mixin.py:137} INFO - [2023-02-21T12:04:27.360+0000] {dagbag.py:538} INFO - Filling up the DagBag from /home/airflow/.local/lib/python3.7/site-packages/airflow/example_dags/example_kubernetes_executor.py
[2023-02-21T12:04:27.578+0000] {processor.py:753} INFO - DAG(s) dict_keys(['example_kubernetes_executor']) retrieved from /home/airflow/.local/lib/python3.7/site-packages/airflow/example_dags/example_kubernetes_executor.py
[2023-02-21T12:04:27.772+0000] {logging_mixin.py:137} INFO - [2023-02-21T12:04:27.772+0000] {dag.py:2690} INFO - Sync 1 DAGs
[2023-02-21T12:04:27.960+0000] {logging_mixin.py:137} INFO - [2023-02-21T12:04:27.959+0000] {dag.py:3441} INFO - Setting next_dagrun for example_kubernetes_executor to None, run_after=None
[2023-02-21T12:04:28.128+0000] {processor.py:175} INFO - Processing /home/airflow/.local/lib/python3.7/site-packages/airflow/example_dags/example_kubernetes_executor.py took 0.814 seconds
[2023-02-21T12:04:58.416+0000] {processor.py:153} INFO - Started process (PID=1935) to work on /home/airflow/.local/lib/python3.7/site-packages/airflow/example_dags/example_kubernetes_executor.py
[2023-02-21T12:04:58.430+0000] {processor.py:743} INFO - Processing file /home/airflow/.local/lib/python3.7/site-packages/airflow/example_dags/example_kubernetes_executor.py for tasks to queue
[2023-02-21T12:04:58.446+0000] {logging_mixin.py:137} INFO - [2023-02-21T12:04:58.434+0000] {dagbag.py:538} INFO - Filling up the DagBag from /home/airflow/.local/lib/python3.7/site-packages/airflow/example_dags/example_kubernetes_executor.py
[2023-02-21T12:04:58.650+0000] {processor.py:753} INFO - DAG(s) dict_keys(['example_kubernetes_executor']) retrieved from /home/airflow/.local/lib/python3.7/site-packages/airflow/example_dags/example_kubernetes_executor.py
[2023-02-21T12:04:58.879+0000] {logging_mixin.py:137} INFO - [2023-02-21T12:04:58.879+0000] {dag.py:2690} INFO - Sync 1 DAGs
[2023-02-21T12:04:58.997+0000] {logging_mixin.py:137} INFO - [2023-02-21T12:04:58.997+0000] {dag.py:3441} INFO - Setting next_dagrun for example_kubernetes_executor to None, run_after=None
[2023-02-21T12:04:59.091+0000] {processor.py:175} INFO - Processing /home/airflow/.local/lib/python3.7/site-packages/airflow/example_dags/example_kubernetes_executor.py took 0.682 seconds
[2023-02-21T12:05:29.210+0000] {processor.py:153} INFO - Started process (PID=1994) to work on /home/airflow/.local/lib/python3.7/site-packages/airflow/example_dags/example_kubernetes_executor.py
[2023-02-21T12:05:29.213+0000] {processor.py:743} INFO - Processing file /home/airflow/.local/lib/python3.7/site-packages/airflow/example_dags/example_kubernetes_executor.py for tasks to queue
[2023-02-21T12:05:29.216+0000] {logging_mixin.py:137} INFO - [2023-02-21T12:05:29.216+0000] {dagbag.py:538} INFO - Filling up the DagBag from /home/airflow/.local/lib/python3.7/site-packages/airflow/example_dags/example_kubernetes_executor.py
[2023-02-21T12:05:29.274+0000] {processor.py:753} INFO - DAG(s) dict_keys(['example_kubernetes_executor']) retrieved from /home/airflow/.local/lib/python3.7/site-packages/airflow/example_dags/example_kubernetes_executor.py
[2023-02-21T12:05:29.346+0000] {logging_mixin.py:137} INFO - [2023-02-21T12:05:29.345+0000] {dag.py:2690} INFO - Sync 1 DAGs
[2023-02-21T12:05:29.415+0000] {logging_mixin.py:137} INFO - [2023-02-21T12:05:29.415+0000] {dag.py:3441} INFO - Setting next_dagrun for example_kubernetes_executor to None, run_after=None
[2023-02-21T12:05:29.458+0000] {processor.py:175} INFO - Processing /home/airflow/.local/lib/python3.7/site-packages/airflow/example_dags/example_kubernetes_executor.py took 0.256 seconds
[2023-02-21T12:05:59.912+0000] {processor.py:153} INFO - Started process (PID=2053) to work on /home/airflow/.local/lib/python3.7/site-packages/airflow/example_dags/example_kubernetes_executor.py
[2023-02-21T12:05:59.915+0000] {processor.py:743} INFO - Processing file /home/airflow/.local/lib/python3.7/site-packages/airflow/example_dags/example_kubernetes_executor.py for tasks to queue
[2023-02-21T12:05:59.921+0000] {logging_mixin.py:137} INFO - [2023-02-21T12:05:59.917+0000] {dagbag.py:538} INFO - Filling up the DagBag from /home/airflow/.local/lib/python3.7/site-packages/airflow/example_dags/example_kubernetes_executor.py
[2023-02-21T12:06:00.030+0000] {processor.py:753} INFO - DAG(s) dict_keys(['example_kubernetes_executor']) retrieved from /home/airflow/.local/lib/python3.7/site-packages/airflow/example_dags/example_kubernetes_executor.py
[2023-02-21T12:06:00.108+0000] {logging_mixin.py:137} INFO - [2023-02-21T12:06:00.108+0000] {dag.py:2690} INFO - Sync 1 DAGs
[2023-02-21T12:06:00.163+0000] {logging_mixin.py:137} INFO - [2023-02-21T12:06:00.163+0000] {dag.py:3441} INFO - Setting next_dagrun for example_kubernetes_executor to None, run_after=None
[2023-02-21T12:06:00.210+0000] {processor.py:175} INFO - Processing /home/airflow/.local/lib/python3.7/site-packages/airflow/example_dags/example_kubernetes_executor.py took 0.305 seconds
[2023-02-21T12:06:30.588+0000] {processor.py:153} INFO - Started process (PID=2109) to work on /home/airflow/.local/lib/python3.7/site-packages/airflow/example_dags/example_kubernetes_executor.py
[2023-02-21T12:06:30.603+0000] {processor.py:743} INFO - Processing file /home/airflow/.local/lib/python3.7/site-packages/airflow/example_dags/example_kubernetes_executor.py for tasks to queue
[2023-02-21T12:06:30.609+0000] {logging_mixin.py:137} INFO - [2023-02-21T12:06:30.608+0000] {dagbag.py:538} INFO - Filling up the DagBag from /home/airflow/.local/lib/python3.7/site-packages/airflow/example_dags/example_kubernetes_executor.py
[2023-02-21T12:06:30.807+0000] {processor.py:753} INFO - DAG(s) dict_keys(['example_kubernetes_executor']) retrieved from /home/airflow/.local/lib/python3.7/site-packages/airflow/example_dags/example_kubernetes_executor.py
[2023-02-21T12:06:31.166+0000] {logging_mixin.py:137} INFO - [2023-02-21T12:06:31.165+0000] {dag.py:2690} INFO - Sync 1 DAGs
[2023-02-21T12:06:31.366+0000] {logging_mixin.py:137} INFO - [2023-02-21T12:06:31.365+0000] {dag.py:3441} INFO - Setting next_dagrun for example_kubernetes_executor to None, run_after=None
[2023-02-21T12:06:31.445+0000] {processor.py:175} INFO - Processing /home/airflow/.local/lib/python3.7/site-packages/airflow/example_dags/example_kubernetes_executor.py took 0.881 seconds
[2023-02-21T12:07:01.531+0000] {processor.py:153} INFO - Started process (PID=2160) to work on /home/airflow/.local/lib/python3.7/site-packages/airflow/example_dags/example_kubernetes_executor.py
[2023-02-21T12:07:01.534+0000] {processor.py:743} INFO - Processing file /home/airflow/.local/lib/python3.7/site-packages/airflow/example_dags/example_kubernetes_executor.py for tasks to queue
[2023-02-21T12:07:01.536+0000] {logging_mixin.py:137} INFO - [2023-02-21T12:07:01.536+0000] {dagbag.py:538} INFO - Filling up the DagBag from /home/airflow/.local/lib/python3.7/site-packages/airflow/example_dags/example_kubernetes_executor.py
[2023-02-21T12:07:01.571+0000] {processor.py:753} INFO - DAG(s) dict_keys(['example_kubernetes_executor']) retrieved from /home/airflow/.local/lib/python3.7/site-packages/airflow/example_dags/example_kubernetes_executor.py
[2023-02-21T12:07:01.613+0000] {logging_mixin.py:137} INFO - [2023-02-21T12:07:01.613+0000] {dag.py:2690} INFO - Sync 1 DAGs
[2023-02-21T12:07:01.650+0000] {logging_mixin.py:137} INFO - [2023-02-21T12:07:01.650+0000] {dag.py:3441} INFO - Setting next_dagrun for example_kubernetes_executor to None, run_after=None
[2023-02-21T12:07:01.678+0000] {processor.py:175} INFO - Processing /home/airflow/.local/lib/python3.7/site-packages/airflow/example_dags/example_kubernetes_executor.py took 0.152 seconds
[2023-02-21T12:07:31.879+0000] {processor.py:153} INFO - Started process (PID=2218) to work on /home/airflow/.local/lib/python3.7/site-packages/airflow/example_dags/example_kubernetes_executor.py
[2023-02-21T12:07:31.884+0000] {processor.py:743} INFO - Processing file /home/airflow/.local/lib/python3.7/site-packages/airflow/example_dags/example_kubernetes_executor.py for tasks to queue
[2023-02-21T12:07:31.893+0000] {logging_mixin.py:137} INFO - [2023-02-21T12:07:31.891+0000] {dagbag.py:538} INFO - Filling up the DagBag from /home/airflow/.local/lib/python3.7/site-packages/airflow/example_dags/example_kubernetes_executor.py
[2023-02-21T12:07:31.946+0000] {processor.py:753} INFO - DAG(s) dict_keys(['example_kubernetes_executor']) retrieved from /home/airflow/.local/lib/python3.7/site-packages/airflow/example_dags/example_kubernetes_executor.py
[2023-02-21T12:07:32.047+0000] {logging_mixin.py:137} INFO - [2023-02-21T12:07:32.047+0000] {dag.py:2690} INFO - Sync 1 DAGs
[2023-02-21T12:07:32.126+0000] {logging_mixin.py:137} INFO - [2023-02-21T12:07:32.126+0000] {dag.py:3441} INFO - Setting next_dagrun for example_kubernetes_executor to None, run_after=None
[2023-02-21T12:07:32.209+0000] {processor.py:175} INFO - Processing /home/airflow/.local/lib/python3.7/site-packages/airflow/example_dags/example_kubernetes_executor.py took 0.352 seconds
[2023-02-21T12:08:02.356+0000] {processor.py:153} INFO - Started process (PID=2278) to work on /home/airflow/.local/lib/python3.7/site-packages/airflow/example_dags/example_kubernetes_executor.py
[2023-02-21T12:08:02.363+0000] {processor.py:743} INFO - Processing file /home/airflow/.local/lib/python3.7/site-packages/airflow/example_dags/example_kubernetes_executor.py for tasks to queue
[2023-02-21T12:08:02.370+0000] {logging_mixin.py:137} INFO - [2023-02-21T12:08:02.368+0000] {dagbag.py:538} INFO - Filling up the DagBag from /home/airflow/.local/lib/python3.7/site-packages/airflow/example_dags/example_kubernetes_executor.py
[2023-02-21T12:08:02.607+0000] {processor.py:753} INFO - DAG(s) dict_keys(['example_kubernetes_executor']) retrieved from /home/airflow/.local/lib/python3.7/site-packages/airflow/example_dags/example_kubernetes_executor.py
[2023-02-21T12:08:02.800+0000] {logging_mixin.py:137} INFO - [2023-02-21T12:08:02.799+0000] {dag.py:2690} INFO - Sync 1 DAGs
[2023-02-21T12:08:02.992+0000] {logging_mixin.py:137} INFO - [2023-02-21T12:08:02.991+0000] {dag.py:3441} INFO - Setting next_dagrun for example_kubernetes_executor to None, run_after=None
[2023-02-21T12:08:03.187+0000] {processor.py:175} INFO - Processing /home/airflow/.local/lib/python3.7/site-packages/airflow/example_dags/example_kubernetes_executor.py took 0.865 seconds
[2023-02-21T12:08:33.638+0000] {processor.py:153} INFO - Started process (PID=2337) to work on /home/airflow/.local/lib/python3.7/site-packages/airflow/example_dags/example_kubernetes_executor.py
[2023-02-21T12:08:33.647+0000] {processor.py:743} INFO - Processing file /home/airflow/.local/lib/python3.7/site-packages/airflow/example_dags/example_kubernetes_executor.py for tasks to queue
[2023-02-21T12:08:33.653+0000] {logging_mixin.py:137} INFO - [2023-02-21T12:08:33.652+0000] {dagbag.py:538} INFO - Filling up the DagBag from /home/airflow/.local/lib/python3.7/site-packages/airflow/example_dags/example_kubernetes_executor.py
[2023-02-21T12:08:33.903+0000] {processor.py:753} INFO - DAG(s) dict_keys(['example_kubernetes_executor']) retrieved from /home/airflow/.local/lib/python3.7/site-packages/airflow/example_dags/example_kubernetes_executor.py
[2023-02-21T12:08:34.084+0000] {logging_mixin.py:137} INFO - [2023-02-21T12:08:34.084+0000] {dag.py:2690} INFO - Sync 1 DAGs
[2023-02-21T12:08:34.214+0000] {logging_mixin.py:137} INFO - [2023-02-21T12:08:34.213+0000] {dag.py:3441} INFO - Setting next_dagrun for example_kubernetes_executor to None, run_after=None
[2023-02-21T12:08:34.317+0000] {processor.py:175} INFO - Processing /home/airflow/.local/lib/python3.7/site-packages/airflow/example_dags/example_kubernetes_executor.py took 0.698 seconds
[2023-02-21T12:09:04.595+0000] {processor.py:153} INFO - Started process (PID=2395) to work on /home/airflow/.local/lib/python3.7/site-packages/airflow/example_dags/example_kubernetes_executor.py
[2023-02-21T12:09:04.602+0000] {processor.py:743} INFO - Processing file /home/airflow/.local/lib/python3.7/site-packages/airflow/example_dags/example_kubernetes_executor.py for tasks to queue
[2023-02-21T12:09:04.607+0000] {logging_mixin.py:137} INFO - [2023-02-21T12:09:04.607+0000] {dagbag.py:538} INFO - Filling up the DagBag from /home/airflow/.local/lib/python3.7/site-packages/airflow/example_dags/example_kubernetes_executor.py
[2023-02-21T12:09:04.834+0000] {processor.py:753} INFO - DAG(s) dict_keys(['example_kubernetes_executor']) retrieved from /home/airflow/.local/lib/python3.7/site-packages/airflow/example_dags/example_kubernetes_executor.py
[2023-02-21T12:09:05.016+0000] {logging_mixin.py:137} INFO - [2023-02-21T12:09:05.016+0000] {dag.py:2690} INFO - Sync 1 DAGs
[2023-02-21T12:09:05.130+0000] {logging_mixin.py:137} INFO - [2023-02-21T12:09:05.129+0000] {dag.py:3441} INFO - Setting next_dagrun for example_kubernetes_executor to None, run_after=None
[2023-02-21T12:09:05.260+0000] {processor.py:175} INFO - Processing /home/airflow/.local/lib/python3.7/site-packages/airflow/example_dags/example_kubernetes_executor.py took 0.701 seconds
[2023-02-21T12:09:35.524+0000] {processor.py:153} INFO - Started process (PID=2453) to work on /home/airflow/.local/lib/python3.7/site-packages/airflow/example_dags/example_kubernetes_executor.py
[2023-02-21T12:09:35.535+0000] {processor.py:743} INFO - Processing file /home/airflow/.local/lib/python3.7/site-packages/airflow/example_dags/example_kubernetes_executor.py for tasks to queue
[2023-02-21T12:09:35.549+0000] {logging_mixin.py:137} INFO - [2023-02-21T12:09:35.547+0000] {dagbag.py:538} INFO - Filling up the DagBag from /home/airflow/.local/lib/python3.7/site-packages/airflow/example_dags/example_kubernetes_executor.py
[2023-02-21T12:09:35.733+0000] {processor.py:753} INFO - DAG(s) dict_keys(['example_kubernetes_executor']) retrieved from /home/airflow/.local/lib/python3.7/site-packages/airflow/example_dags/example_kubernetes_executor.py
[2023-02-21T12:09:35.834+0000] {logging_mixin.py:137} INFO - [2023-02-21T12:09:35.833+0000] {dag.py:2690} INFO - Sync 1 DAGs
[2023-02-21T12:09:35.992+0000] {logging_mixin.py:137} INFO - [2023-02-21T12:09:35.992+0000] {dag.py:3441} INFO - Setting next_dagrun for example_kubernetes_executor to None, run_after=None
[2023-02-21T12:09:36.093+0000] {processor.py:175} INFO - Processing /home/airflow/.local/lib/python3.7/site-packages/airflow/example_dags/example_kubernetes_executor.py took 0.589 seconds
[2023-02-21T12:10:06.465+0000] {processor.py:153} INFO - Started process (PID=2521) to work on /home/airflow/.local/lib/python3.7/site-packages/airflow/example_dags/example_kubernetes_executor.py
[2023-02-21T12:10:06.473+0000] {processor.py:743} INFO - Processing file /home/airflow/.local/lib/python3.7/site-packages/airflow/example_dags/example_kubernetes_executor.py for tasks to queue
[2023-02-21T12:10:06.475+0000] {logging_mixin.py:137} INFO - [2023-02-21T12:10:06.475+0000] {dagbag.py:538} INFO - Filling up the DagBag from /home/airflow/.local/lib/python3.7/site-packages/airflow/example_dags/example_kubernetes_executor.py
[2023-02-21T12:10:06.564+0000] {processor.py:753} INFO - DAG(s) dict_keys(['example_kubernetes_executor']) retrieved from /home/airflow/.local/lib/python3.7/site-packages/airflow/example_dags/example_kubernetes_executor.py
[2023-02-21T12:10:06.637+0000] {logging_mixin.py:137} INFO - [2023-02-21T12:10:06.637+0000] {dag.py:2690} INFO - Sync 1 DAGs
[2023-02-21T12:10:06.697+0000] {logging_mixin.py:137} INFO - [2023-02-21T12:10:06.697+0000] {dag.py:3441} INFO - Setting next_dagrun for example_kubernetes_executor to None, run_after=None
[2023-02-21T12:10:06.759+0000] {processor.py:175} INFO - Processing /home/airflow/.local/lib/python3.7/site-packages/airflow/example_dags/example_kubernetes_executor.py took 0.301 seconds
[2023-02-21T12:10:37.004+0000] {processor.py:153} INFO - Started process (PID=2581) to work on /home/airflow/.local/lib/python3.7/site-packages/airflow/example_dags/example_kubernetes_executor.py
[2023-02-21T12:10:37.008+0000] {processor.py:743} INFO - Processing file /home/airflow/.local/lib/python3.7/site-packages/airflow/example_dags/example_kubernetes_executor.py for tasks to queue
[2023-02-21T12:10:37.034+0000] {logging_mixin.py:137} INFO - [2023-02-21T12:10:37.034+0000] {dagbag.py:538} INFO - Filling up the DagBag from /home/airflow/.local/lib/python3.7/site-packages/airflow/example_dags/example_kubernetes_executor.py
[2023-02-21T12:10:37.169+0000] {processor.py:753} INFO - DAG(s) dict_keys(['example_kubernetes_executor']) retrieved from /home/airflow/.local/lib/python3.7/site-packages/airflow/example_dags/example_kubernetes_executor.py
[2023-02-21T12:10:37.351+0000] {logging_mixin.py:137} INFO - [2023-02-21T12:10:37.351+0000] {dag.py:2690} INFO - Sync 1 DAGs
[2023-02-21T12:10:37.419+0000] {logging_mixin.py:137} INFO - [2023-02-21T12:10:37.419+0000] {dag.py:3441} INFO - Setting next_dagrun for example_kubernetes_executor to None, run_after=None
[2023-02-21T12:10:37.460+0000] {processor.py:175} INFO - Processing /home/airflow/.local/lib/python3.7/site-packages/airflow/example_dags/example_kubernetes_executor.py took 0.463 seconds
[2023-02-21T12:11:08.724+0000] {processor.py:153} INFO - Started process (PID=2639) to work on /home/airflow/.local/lib/python3.7/site-packages/airflow/example_dags/example_kubernetes_executor.py
[2023-02-21T12:11:08.730+0000] {processor.py:743} INFO - Processing file /home/airflow/.local/lib/python3.7/site-packages/airflow/example_dags/example_kubernetes_executor.py for tasks to queue
[2023-02-21T12:11:08.745+0000] {logging_mixin.py:137} INFO - [2023-02-21T12:11:08.744+0000] {dagbag.py:538} INFO - Filling up the DagBag from /home/airflow/.local/lib/python3.7/site-packages/airflow/example_dags/example_kubernetes_executor.py
[2023-02-21T12:11:08.897+0000] {processor.py:753} INFO - DAG(s) dict_keys(['example_kubernetes_executor']) retrieved from /home/airflow/.local/lib/python3.7/site-packages/airflow/example_dags/example_kubernetes_executor.py
[2023-02-21T12:11:08.971+0000] {logging_mixin.py:137} INFO - [2023-02-21T12:11:08.971+0000] {dag.py:2690} INFO - Sync 1 DAGs
[2023-02-21T12:11:09.087+0000] {logging_mixin.py:137} INFO - [2023-02-21T12:11:09.087+0000] {dag.py:3441} INFO - Setting next_dagrun for example_kubernetes_executor to None, run_after=None
[2023-02-21T12:11:09.201+0000] {processor.py:175} INFO - Processing /home/airflow/.local/lib/python3.7/site-packages/airflow/example_dags/example_kubernetes_executor.py took 0.489 seconds
[2023-02-21T12:11:40.130+0000] {processor.py:153} INFO - Started process (PID=2698) to work on /home/airflow/.local/lib/python3.7/site-packages/airflow/example_dags/example_kubernetes_executor.py
[2023-02-21T12:11:40.170+0000] {processor.py:743} INFO - Processing file /home/airflow/.local/lib/python3.7/site-packages/airflow/example_dags/example_kubernetes_executor.py for tasks to queue
[2023-02-21T12:11:40.191+0000] {logging_mixin.py:137} INFO - [2023-02-21T12:11:40.190+0000] {dagbag.py:538} INFO - Filling up the DagBag from /home/airflow/.local/lib/python3.7/site-packages/airflow/example_dags/example_kubernetes_executor.py
[2023-02-21T12:11:40.441+0000] {processor.py:753} INFO - DAG(s) dict_keys(['example_kubernetes_executor']) retrieved from /home/airflow/.local/lib/python3.7/site-packages/airflow/example_dags/example_kubernetes_executor.py
[2023-02-21T12:11:40.686+0000] {logging_mixin.py:137} INFO - [2023-02-21T12:11:40.685+0000] {dag.py:2690} INFO - Sync 1 DAGs
[2023-02-21T12:11:40.781+0000] {logging_mixin.py:137} INFO - [2023-02-21T12:11:40.781+0000] {dag.py:3441} INFO - Setting next_dagrun for example_kubernetes_executor to None, run_after=None
[2023-02-21T12:11:40.888+0000] {processor.py:175} INFO - Processing /home/airflow/.local/lib/python3.7/site-packages/airflow/example_dags/example_kubernetes_executor.py took 0.797 seconds
[2023-02-21T12:12:11.359+0000] {processor.py:153} INFO - Started process (PID=2756) to work on /home/airflow/.local/lib/python3.7/site-packages/airflow/example_dags/example_kubernetes_executor.py
[2023-02-21T12:12:11.369+0000] {processor.py:743} INFO - Processing file /home/airflow/.local/lib/python3.7/site-packages/airflow/example_dags/example_kubernetes_executor.py for tasks to queue
[2023-02-21T12:12:11.373+0000] {logging_mixin.py:137} INFO - [2023-02-21T12:12:11.373+0000] {dagbag.py:538} INFO - Filling up the DagBag from /home/airflow/.local/lib/python3.7/site-packages/airflow/example_dags/example_kubernetes_executor.py
[2023-02-21T12:12:11.459+0000] {processor.py:753} INFO - DAG(s) dict_keys(['example_kubernetes_executor']) retrieved from /home/airflow/.local/lib/python3.7/site-packages/airflow/example_dags/example_kubernetes_executor.py
[2023-02-21T12:12:11.525+0000] {logging_mixin.py:137} INFO - [2023-02-21T12:12:11.524+0000] {dag.py:2690} INFO - Sync 1 DAGs
[2023-02-21T12:12:11.581+0000] {logging_mixin.py:137} INFO - [2023-02-21T12:12:11.581+0000] {dag.py:3441} INFO - Setting next_dagrun for example_kubernetes_executor to None, run_after=None
[2023-02-21T12:12:11.643+0000] {processor.py:175} INFO - Processing /home/airflow/.local/lib/python3.7/site-packages/airflow/example_dags/example_kubernetes_executor.py took 0.288 seconds
[2023-02-21T12:12:42.350+0000] {processor.py:153} INFO - Started process (PID=2816) to work on /home/airflow/.local/lib/python3.7/site-packages/airflow/example_dags/example_kubernetes_executor.py
[2023-02-21T12:12:42.355+0000] {processor.py:743} INFO - Processing file /home/airflow/.local/lib/python3.7/site-packages/airflow/example_dags/example_kubernetes_executor.py for tasks to queue
[2023-02-21T12:12:42.360+0000] {logging_mixin.py:137} INFO - [2023-02-21T12:12:42.359+0000] {dagbag.py:538} INFO - Filling up the DagBag from /home/airflow/.local/lib/python3.7/site-packages/airflow/example_dags/example_kubernetes_executor.py
[2023-02-21T12:12:42.459+0000] {processor.py:753} INFO - DAG(s) dict_keys(['example_kubernetes_executor']) retrieved from /home/airflow/.local/lib/python3.7/site-packages/airflow/example_dags/example_kubernetes_executor.py
[2023-02-21T12:12:42.567+0000] {logging_mixin.py:137} INFO - [2023-02-21T12:12:42.566+0000] {dag.py:2690} INFO - Sync 1 DAGs
[2023-02-21T12:12:42.666+0000] {logging_mixin.py:137} INFO - [2023-02-21T12:12:42.666+0000] {dag.py:3441} INFO - Setting next_dagrun for example_kubernetes_executor to None, run_after=None
[2023-02-21T12:12:42.704+0000] {processor.py:175} INFO - Processing /home/airflow/.local/lib/python3.7/site-packages/airflow/example_dags/example_kubernetes_executor.py took 0.370 seconds
[2023-02-21T12:13:13.059+0000] {processor.py:153} INFO - Started process (PID=2876) to work on /home/airflow/.local/lib/python3.7/site-packages/airflow/example_dags/example_kubernetes_executor.py
[2023-02-21T12:13:13.074+0000] {processor.py:743} INFO - Processing file /home/airflow/.local/lib/python3.7/site-packages/airflow/example_dags/example_kubernetes_executor.py for tasks to queue
[2023-02-21T12:13:13.079+0000] {logging_mixin.py:137} INFO - [2023-02-21T12:13:13.078+0000] {dagbag.py:538} INFO - Filling up the DagBag from /home/airflow/.local/lib/python3.7/site-packages/airflow/example_dags/example_kubernetes_executor.py
[2023-02-21T12:13:13.156+0000] {processor.py:753} INFO - DAG(s) dict_keys(['example_kubernetes_executor']) retrieved from /home/airflow/.local/lib/python3.7/site-packages/airflow/example_dags/example_kubernetes_executor.py
[2023-02-21T12:13:13.205+0000] {logging_mixin.py:137} INFO - [2023-02-21T12:13:13.205+0000] {dag.py:2690} INFO - Sync 1 DAGs
[2023-02-21T12:13:13.251+0000] {logging_mixin.py:137} INFO - [2023-02-21T12:13:13.251+0000] {dag.py:3441} INFO - Setting next_dagrun for example_kubernetes_executor to None, run_after=None
[2023-02-21T12:13:13.294+0000] {processor.py:175} INFO - Processing /home/airflow/.local/lib/python3.7/site-packages/airflow/example_dags/example_kubernetes_executor.py took 0.252 seconds
[2023-02-21T12:13:43.539+0000] {processor.py:153} INFO - Started process (PID=2945) to work on /home/airflow/.local/lib/python3.7/site-packages/airflow/example_dags/example_kubernetes_executor.py
[2023-02-21T12:13:43.542+0000] {processor.py:743} INFO - Processing file /home/airflow/.local/lib/python3.7/site-packages/airflow/example_dags/example_kubernetes_executor.py for tasks to queue
[2023-02-21T12:13:43.545+0000] {logging_mixin.py:137} INFO - [2023-02-21T12:13:43.544+0000] {dagbag.py:538} INFO - Filling up the DagBag from /home/airflow/.local/lib/python3.7/site-packages/airflow/example_dags/example_kubernetes_executor.py
[2023-02-21T12:13:43.595+0000] {processor.py:753} INFO - DAG(s) dict_keys(['example_kubernetes_executor']) retrieved from /home/airflow/.local/lib/python3.7/site-packages/airflow/example_dags/example_kubernetes_executor.py
[2023-02-21T12:13:43.640+0000] {logging_mixin.py:137} INFO - [2023-02-21T12:13:43.640+0000] {dag.py:2690} INFO - Sync 1 DAGs
[2023-02-21T12:13:43.678+0000] {logging_mixin.py:137} INFO - [2023-02-21T12:13:43.677+0000] {dag.py:3441} INFO - Setting next_dagrun for example_kubernetes_executor to None, run_after=None
[2023-02-21T12:13:43.713+0000] {processor.py:175} INFO - Processing /home/airflow/.local/lib/python3.7/site-packages/airflow/example_dags/example_kubernetes_executor.py took 0.185 seconds
[2023-02-21T12:14:15.046+0000] {processor.py:153} INFO - Started process (PID=3004) to work on /home/airflow/.local/lib/python3.7/site-packages/airflow/example_dags/example_kubernetes_executor.py
[2023-02-21T12:14:15.082+0000] {processor.py:743} INFO - Processing file /home/airflow/.local/lib/python3.7/site-packages/airflow/example_dags/example_kubernetes_executor.py for tasks to queue
[2023-02-21T12:14:15.085+0000] {logging_mixin.py:137} INFO - [2023-02-21T12:14:15.085+0000] {dagbag.py:538} INFO - Filling up the DagBag from /home/airflow/.local/lib/python3.7/site-packages/airflow/example_dags/example_kubernetes_executor.py
[2023-02-21T12:14:15.340+0000] {processor.py:753} INFO - DAG(s) dict_keys(['example_kubernetes_executor']) retrieved from /home/airflow/.local/lib/python3.7/site-packages/airflow/example_dags/example_kubernetes_executor.py
[2023-02-21T12:14:15.480+0000] {logging_mixin.py:137} INFO - [2023-02-21T12:14:15.479+0000] {dag.py:2690} INFO - Sync 1 DAGs
[2023-02-21T12:14:15.617+0000] {logging_mixin.py:137} INFO - [2023-02-21T12:14:15.617+0000] {dag.py:3441} INFO - Setting next_dagrun for example_kubernetes_executor to None, run_after=None
[2023-02-21T12:14:15.737+0000] {processor.py:175} INFO - Processing /home/airflow/.local/lib/python3.7/site-packages/airflow/example_dags/example_kubernetes_executor.py took 0.748 seconds
[2023-02-21T12:14:46.315+0000] {processor.py:153} INFO - Started process (PID=3064) to work on /home/airflow/.local/lib/python3.7/site-packages/airflow/example_dags/example_kubernetes_executor.py
[2023-02-21T12:14:46.323+0000] {processor.py:743} INFO - Processing file /home/airflow/.local/lib/python3.7/site-packages/airflow/example_dags/example_kubernetes_executor.py for tasks to queue
[2023-02-21T12:14:46.328+0000] {logging_mixin.py:137} INFO - [2023-02-21T12:14:46.328+0000] {dagbag.py:538} INFO - Filling up the DagBag from /home/airflow/.local/lib/python3.7/site-packages/airflow/example_dags/example_kubernetes_executor.py
[2023-02-21T12:14:46.396+0000] {processor.py:753} INFO - DAG(s) dict_keys(['example_kubernetes_executor']) retrieved from /home/airflow/.local/lib/python3.7/site-packages/airflow/example_dags/example_kubernetes_executor.py
[2023-02-21T12:14:46.444+0000] {logging_mixin.py:137} INFO - [2023-02-21T12:14:46.444+0000] {dag.py:2690} INFO - Sync 1 DAGs
[2023-02-21T12:14:46.478+0000] {logging_mixin.py:137} INFO - [2023-02-21T12:14:46.478+0000] {dag.py:3441} INFO - Setting next_dagrun for example_kubernetes_executor to None, run_after=None
[2023-02-21T12:14:46.510+0000] {processor.py:175} INFO - Processing /home/airflow/.local/lib/python3.7/site-packages/airflow/example_dags/example_kubernetes_executor.py took 0.202 seconds
[2023-02-21T12:15:16.628+0000] {processor.py:153} INFO - Started process (PID=3135) to work on /home/airflow/.local/lib/python3.7/site-packages/airflow/example_dags/example_kubernetes_executor.py
[2023-02-21T12:15:16.631+0000] {processor.py:743} INFO - Processing file /home/airflow/.local/lib/python3.7/site-packages/airflow/example_dags/example_kubernetes_executor.py for tasks to queue
[2023-02-21T12:15:16.633+0000] {logging_mixin.py:137} INFO - [2023-02-21T12:15:16.633+0000] {dagbag.py:538} INFO - Filling up the DagBag from /home/airflow/.local/lib/python3.7/site-packages/airflow/example_dags/example_kubernetes_executor.py
[2023-02-21T12:15:16.668+0000] {processor.py:753} INFO - DAG(s) dict_keys(['example_kubernetes_executor']) retrieved from /home/airflow/.local/lib/python3.7/site-packages/airflow/example_dags/example_kubernetes_executor.py
[2023-02-21T12:15:16.712+0000] {logging_mixin.py:137} INFO - [2023-02-21T12:15:16.711+0000] {dag.py:2690} INFO - Sync 1 DAGs
[2023-02-21T12:15:16.742+0000] {logging_mixin.py:137} INFO - [2023-02-21T12:15:16.742+0000] {dag.py:3441} INFO - Setting next_dagrun for example_kubernetes_executor to None, run_after=None
[2023-02-21T12:15:16.772+0000] {processor.py:175} INFO - Processing /home/airflow/.local/lib/python3.7/site-packages/airflow/example_dags/example_kubernetes_executor.py took 0.148 seconds
[2023-02-21T12:15:48.963+0000] {processor.py:153} INFO - Started process (PID=3194) to work on /home/airflow/.local/lib/python3.7/site-packages/airflow/example_dags/example_kubernetes_executor.py
[2023-02-21T12:15:48.967+0000] {processor.py:743} INFO - Processing file /home/airflow/.local/lib/python3.7/site-packages/airflow/example_dags/example_kubernetes_executor.py for tasks to queue
[2023-02-21T12:15:48.975+0000] {logging_mixin.py:137} INFO - [2023-02-21T12:15:48.973+0000] {dagbag.py:538} INFO - Filling up the DagBag from /home/airflow/.local/lib/python3.7/site-packages/airflow/example_dags/example_kubernetes_executor.py
[2023-02-21T12:15:49.180+0000] {processor.py:753} INFO - DAG(s) dict_keys(['example_kubernetes_executor']) retrieved from /home/airflow/.local/lib/python3.7/site-packages/airflow/example_dags/example_kubernetes_executor.py
[2023-02-21T12:15:49.430+0000] {logging_mixin.py:137} INFO - [2023-02-21T12:15:49.429+0000] {dag.py:2690} INFO - Sync 1 DAGs
[2023-02-21T12:15:49.675+0000] {logging_mixin.py:137} INFO - [2023-02-21T12:15:49.675+0000] {dag.py:3441} INFO - Setting next_dagrun for example_kubernetes_executor to None, run_after=None
[2023-02-21T12:15:49.978+0000] {processor.py:175} INFO - Processing /home/airflow/.local/lib/python3.7/site-packages/airflow/example_dags/example_kubernetes_executor.py took 1.021 seconds
[2023-02-21T12:16:20.194+0000] {processor.py:153} INFO - Started process (PID=3252) to work on /home/airflow/.local/lib/python3.7/site-packages/airflow/example_dags/example_kubernetes_executor.py
[2023-02-21T12:16:20.198+0000] {processor.py:743} INFO - Processing file /home/airflow/.local/lib/python3.7/site-packages/airflow/example_dags/example_kubernetes_executor.py for tasks to queue
[2023-02-21T12:16:20.202+0000] {logging_mixin.py:137} INFO - [2023-02-21T12:16:20.201+0000] {dagbag.py:538} INFO - Filling up the DagBag from /home/airflow/.local/lib/python3.7/site-packages/airflow/example_dags/example_kubernetes_executor.py
[2023-02-21T12:16:20.272+0000] {processor.py:753} INFO - DAG(s) dict_keys(['example_kubernetes_executor']) retrieved from /home/airflow/.local/lib/python3.7/site-packages/airflow/example_dags/example_kubernetes_executor.py
[2023-02-21T12:16:20.340+0000] {logging_mixin.py:137} INFO - [2023-02-21T12:16:20.340+0000] {dag.py:2690} INFO - Sync 1 DAGs
[2023-02-21T12:16:20.386+0000] {logging_mixin.py:137} INFO - [2023-02-21T12:16:20.386+0000] {dag.py:3441} INFO - Setting next_dagrun for example_kubernetes_executor to None, run_after=None
[2023-02-21T12:16:20.422+0000] {processor.py:175} INFO - Processing /home/airflow/.local/lib/python3.7/site-packages/airflow/example_dags/example_kubernetes_executor.py took 0.237 seconds
[2023-02-21T12:16:51.336+0000] {processor.py:153} INFO - Started process (PID=3313) to work on /home/airflow/.local/lib/python3.7/site-packages/airflow/example_dags/example_kubernetes_executor.py
[2023-02-21T12:16:51.339+0000] {processor.py:743} INFO - Processing file /home/airflow/.local/lib/python3.7/site-packages/airflow/example_dags/example_kubernetes_executor.py for tasks to queue
[2023-02-21T12:16:51.362+0000] {logging_mixin.py:137} INFO - [2023-02-21T12:16:51.361+0000] {dagbag.py:538} INFO - Filling up the DagBag from /home/airflow/.local/lib/python3.7/site-packages/airflow/example_dags/example_kubernetes_executor.py
[2023-02-21T12:16:51.467+0000] {processor.py:753} INFO - DAG(s) dict_keys(['example_kubernetes_executor']) retrieved from /home/airflow/.local/lib/python3.7/site-packages/airflow/example_dags/example_kubernetes_executor.py
[2023-02-21T12:16:51.577+0000] {logging_mixin.py:137} INFO - [2023-02-21T12:16:51.576+0000] {dag.py:2690} INFO - Sync 1 DAGs
[2023-02-21T12:16:51.642+0000] {logging_mixin.py:137} INFO - [2023-02-21T12:16:51.642+0000] {dag.py:3441} INFO - Setting next_dagrun for example_kubernetes_executor to None, run_after=None
[2023-02-21T12:16:51.688+0000] {processor.py:175} INFO - Processing /home/airflow/.local/lib/python3.7/site-packages/airflow/example_dags/example_kubernetes_executor.py took 0.359 seconds
[2023-02-21T12:17:22.627+0000] {processor.py:153} INFO - Started process (PID=3372) to work on /home/airflow/.local/lib/python3.7/site-packages/airflow/example_dags/example_kubernetes_executor.py
[2023-02-21T12:17:22.631+0000] {processor.py:743} INFO - Processing file /home/airflow/.local/lib/python3.7/site-packages/airflow/example_dags/example_kubernetes_executor.py for tasks to queue
[2023-02-21T12:17:22.636+0000] {logging_mixin.py:137} INFO - [2023-02-21T12:17:22.636+0000] {dagbag.py:538} INFO - Filling up the DagBag from /home/airflow/.local/lib/python3.7/site-packages/airflow/example_dags/example_kubernetes_executor.py
[2023-02-21T12:17:22.819+0000] {processor.py:753} INFO - DAG(s) dict_keys(['example_kubernetes_executor']) retrieved from /home/airflow/.local/lib/python3.7/site-packages/airflow/example_dags/example_kubernetes_executor.py
[2023-02-21T12:17:22.976+0000] {logging_mixin.py:137} INFO - [2023-02-21T12:17:22.976+0000] {dag.py:2690} INFO - Sync 1 DAGs
[2023-02-21T12:17:23.083+0000] {logging_mixin.py:137} INFO - [2023-02-21T12:17:23.083+0000] {dag.py:3441} INFO - Setting next_dagrun for example_kubernetes_executor to None, run_after=None
[2023-02-21T12:17:23.139+0000] {processor.py:175} INFO - Processing /home/airflow/.local/lib/python3.7/site-packages/airflow/example_dags/example_kubernetes_executor.py took 0.524 seconds
[2023-02-21T12:17:53.660+0000] {processor.py:153} INFO - Started process (PID=3430) to work on /home/airflow/.local/lib/python3.7/site-packages/airflow/example_dags/example_kubernetes_executor.py
[2023-02-21T12:17:53.668+0000] {processor.py:743} INFO - Processing file /home/airflow/.local/lib/python3.7/site-packages/airflow/example_dags/example_kubernetes_executor.py for tasks to queue
[2023-02-21T12:17:53.672+0000] {logging_mixin.py:137} INFO - [2023-02-21T12:17:53.671+0000] {dagbag.py:538} INFO - Filling up the DagBag from /home/airflow/.local/lib/python3.7/site-packages/airflow/example_dags/example_kubernetes_executor.py
[2023-02-21T12:17:53.734+0000] {processor.py:753} INFO - DAG(s) dict_keys(['example_kubernetes_executor']) retrieved from /home/airflow/.local/lib/python3.7/site-packages/airflow/example_dags/example_kubernetes_executor.py
[2023-02-21T12:17:53.827+0000] {logging_mixin.py:137} INFO - [2023-02-21T12:17:53.826+0000] {dag.py:2690} INFO - Sync 1 DAGs
[2023-02-21T12:17:53.874+0000] {logging_mixin.py:137} INFO - [2023-02-21T12:17:53.873+0000] {dag.py:3441} INFO - Setting next_dagrun for example_kubernetes_executor to None, run_after=None
[2023-02-21T12:17:53.926+0000] {processor.py:175} INFO - Processing /home/airflow/.local/lib/python3.7/site-packages/airflow/example_dags/example_kubernetes_executor.py took 0.284 seconds
[2023-02-21T12:18:24.587+0000] {processor.py:153} INFO - Started process (PID=3489) to work on /home/airflow/.local/lib/python3.7/site-packages/airflow/example_dags/example_kubernetes_executor.py
[2023-02-21T12:18:24.591+0000] {processor.py:743} INFO - Processing file /home/airflow/.local/lib/python3.7/site-packages/airflow/example_dags/example_kubernetes_executor.py for tasks to queue
[2023-02-21T12:18:24.594+0000] {logging_mixin.py:137} INFO - [2023-02-21T12:18:24.594+0000] {dagbag.py:538} INFO - Filling up the DagBag from /home/airflow/.local/lib/python3.7/site-packages/airflow/example_dags/example_kubernetes_executor.py
[2023-02-21T12:18:24.676+0000] {processor.py:753} INFO - DAG(s) dict_keys(['example_kubernetes_executor']) retrieved from /home/airflow/.local/lib/python3.7/site-packages/airflow/example_dags/example_kubernetes_executor.py
[2023-02-21T12:18:24.743+0000] {logging_mixin.py:137} INFO - [2023-02-21T12:18:24.743+0000] {dag.py:2690} INFO - Sync 1 DAGs
[2023-02-21T12:18:24.824+0000] {logging_mixin.py:137} INFO - [2023-02-21T12:18:24.824+0000] {dag.py:3441} INFO - Setting next_dagrun for example_kubernetes_executor to None, run_after=None
[2023-02-21T12:18:24.876+0000] {processor.py:175} INFO - Processing /home/airflow/.local/lib/python3.7/site-packages/airflow/example_dags/example_kubernetes_executor.py took 0.296 seconds
[2023-02-21T12:18:55.589+0000] {processor.py:153} INFO - Started process (PID=3548) to work on /home/airflow/.local/lib/python3.7/site-packages/airflow/example_dags/example_kubernetes_executor.py
[2023-02-21T12:18:55.592+0000] {processor.py:743} INFO - Processing file /home/airflow/.local/lib/python3.7/site-packages/airflow/example_dags/example_kubernetes_executor.py for tasks to queue
[2023-02-21T12:18:55.599+0000] {logging_mixin.py:137} INFO - [2023-02-21T12:18:55.597+0000] {dagbag.py:538} INFO - Filling up the DagBag from /home/airflow/.local/lib/python3.7/site-packages/airflow/example_dags/example_kubernetes_executor.py
[2023-02-21T12:18:55.807+0000] {processor.py:753} INFO - DAG(s) dict_keys(['example_kubernetes_executor']) retrieved from /home/airflow/.local/lib/python3.7/site-packages/airflow/example_dags/example_kubernetes_executor.py
[2023-02-21T12:18:55.953+0000] {logging_mixin.py:137} INFO - [2023-02-21T12:18:55.953+0000] {dag.py:2690} INFO - Sync 1 DAGs
[2023-02-21T12:18:56.014+0000] {logging_mixin.py:137} INFO - [2023-02-21T12:18:56.014+0000] {dag.py:3441} INFO - Setting next_dagrun for example_kubernetes_executor to None, run_after=None
[2023-02-21T12:18:56.115+0000] {processor.py:175} INFO - Processing /home/airflow/.local/lib/python3.7/site-packages/airflow/example_dags/example_kubernetes_executor.py took 0.538 seconds
[2023-02-21T12:19:27.362+0000] {processor.py:153} INFO - Started process (PID=3607) to work on /home/airflow/.local/lib/python3.7/site-packages/airflow/example_dags/example_kubernetes_executor.py
[2023-02-21T12:19:27.371+0000] {processor.py:743} INFO - Processing file /home/airflow/.local/lib/python3.7/site-packages/airflow/example_dags/example_kubernetes_executor.py for tasks to queue
[2023-02-21T12:19:27.376+0000] {logging_mixin.py:137} INFO - [2023-02-21T12:19:27.375+0000] {dagbag.py:538} INFO - Filling up the DagBag from /home/airflow/.local/lib/python3.7/site-packages/airflow/example_dags/example_kubernetes_executor.py
[2023-02-21T12:19:27.525+0000] {processor.py:753} INFO - DAG(s) dict_keys(['example_kubernetes_executor']) retrieved from /home/airflow/.local/lib/python3.7/site-packages/airflow/example_dags/example_kubernetes_executor.py
[2023-02-21T12:19:27.733+0000] {logging_mixin.py:137} INFO - [2023-02-21T12:19:27.733+0000] {dag.py:2690} INFO - Sync 1 DAGs
[2023-02-21T12:19:27.854+0000] {logging_mixin.py:137} INFO - [2023-02-21T12:19:27.854+0000] {dag.py:3441} INFO - Setting next_dagrun for example_kubernetes_executor to None, run_after=None
[2023-02-21T12:19:27.979+0000] {processor.py:175} INFO - Processing /home/airflow/.local/lib/python3.7/site-packages/airflow/example_dags/example_kubernetes_executor.py took 0.639 seconds
[2023-02-21T12:19:58.821+0000] {processor.py:153} INFO - Started process (PID=3665) to work on /home/airflow/.local/lib/python3.7/site-packages/airflow/example_dags/example_kubernetes_executor.py
[2023-02-21T12:19:58.832+0000] {processor.py:743} INFO - Processing file /home/airflow/.local/lib/python3.7/site-packages/airflow/example_dags/example_kubernetes_executor.py for tasks to queue
[2023-02-21T12:19:58.855+0000] {logging_mixin.py:137} INFO - [2023-02-21T12:19:58.837+0000] {dagbag.py:538} INFO - Filling up the DagBag from /home/airflow/.local/lib/python3.7/site-packages/airflow/example_dags/example_kubernetes_executor.py
[2023-02-21T12:19:59.069+0000] {processor.py:753} INFO - DAG(s) dict_keys(['example_kubernetes_executor']) retrieved from /home/airflow/.local/lib/python3.7/site-packages/airflow/example_dags/example_kubernetes_executor.py
[2023-02-21T12:19:59.193+0000] {logging_mixin.py:137} INFO - [2023-02-21T12:19:59.193+0000] {dag.py:2690} INFO - Sync 1 DAGs
[2023-02-21T12:19:59.307+0000] {logging_mixin.py:137} INFO - [2023-02-21T12:19:59.307+0000] {dag.py:3441} INFO - Setting next_dagrun for example_kubernetes_executor to None, run_after=None
[2023-02-21T12:19:59.347+0000] {processor.py:175} INFO - Processing /home/airflow/.local/lib/python3.7/site-packages/airflow/example_dags/example_kubernetes_executor.py took 0.536 seconds
[2023-02-21T12:20:29.538+0000] {processor.py:153} INFO - Started process (PID=3725) to work on /home/airflow/.local/lib/python3.7/site-packages/airflow/example_dags/example_kubernetes_executor.py
[2023-02-21T12:20:29.540+0000] {processor.py:743} INFO - Processing file /home/airflow/.local/lib/python3.7/site-packages/airflow/example_dags/example_kubernetes_executor.py for tasks to queue
[2023-02-21T12:20:29.545+0000] {logging_mixin.py:137} INFO - [2023-02-21T12:20:29.545+0000] {dagbag.py:538} INFO - Filling up the DagBag from /home/airflow/.local/lib/python3.7/site-packages/airflow/example_dags/example_kubernetes_executor.py
[2023-02-21T12:20:29.602+0000] {processor.py:753} INFO - DAG(s) dict_keys(['example_kubernetes_executor']) retrieved from /home/airflow/.local/lib/python3.7/site-packages/airflow/example_dags/example_kubernetes_executor.py
[2023-02-21T12:20:29.671+0000] {logging_mixin.py:137} INFO - [2023-02-21T12:20:29.670+0000] {dag.py:2690} INFO - Sync 1 DAGs
[2023-02-21T12:20:29.741+0000] {logging_mixin.py:137} INFO - [2023-02-21T12:20:29.740+0000] {dag.py:3441} INFO - Setting next_dagrun for example_kubernetes_executor to None, run_after=None
[2023-02-21T12:20:29.785+0000] {processor.py:175} INFO - Processing /home/airflow/.local/lib/python3.7/site-packages/airflow/example_dags/example_kubernetes_executor.py took 0.261 seconds
[2023-02-21T12:21:00.445+0000] {processor.py:153} INFO - Started process (PID=3784) to work on /home/airflow/.local/lib/python3.7/site-packages/airflow/example_dags/example_kubernetes_executor.py
[2023-02-21T12:21:00.466+0000] {processor.py:743} INFO - Processing file /home/airflow/.local/lib/python3.7/site-packages/airflow/example_dags/example_kubernetes_executor.py for tasks to queue
[2023-02-21T12:21:00.469+0000] {logging_mixin.py:137} INFO - [2023-02-21T12:21:00.468+0000] {dagbag.py:538} INFO - Filling up the DagBag from /home/airflow/.local/lib/python3.7/site-packages/airflow/example_dags/example_kubernetes_executor.py
[2023-02-21T12:21:00.643+0000] {processor.py:753} INFO - DAG(s) dict_keys(['example_kubernetes_executor']) retrieved from /home/airflow/.local/lib/python3.7/site-packages/airflow/example_dags/example_kubernetes_executor.py
[2023-02-21T12:21:00.821+0000] {logging_mixin.py:137} INFO - [2023-02-21T12:21:00.821+0000] {dag.py:2690} INFO - Sync 1 DAGs
[2023-02-21T12:21:00.885+0000] {logging_mixin.py:137} INFO - [2023-02-21T12:21:00.885+0000] {dag.py:3441} INFO - Setting next_dagrun for example_kubernetes_executor to None, run_after=None
[2023-02-21T12:21:00.939+0000] {processor.py:175} INFO - Processing /home/airflow/.local/lib/python3.7/site-packages/airflow/example_dags/example_kubernetes_executor.py took 0.504 seconds
[2023-02-21T12:21:31.363+0000] {processor.py:153} INFO - Started process (PID=3844) to work on /home/airflow/.local/lib/python3.7/site-packages/airflow/example_dags/example_kubernetes_executor.py
[2023-02-21T12:21:31.367+0000] {processor.py:743} INFO - Processing file /home/airflow/.local/lib/python3.7/site-packages/airflow/example_dags/example_kubernetes_executor.py for tasks to queue
[2023-02-21T12:21:31.369+0000] {logging_mixin.py:137} INFO - [2023-02-21T12:21:31.369+0000] {dagbag.py:538} INFO - Filling up the DagBag from /home/airflow/.local/lib/python3.7/site-packages/airflow/example_dags/example_kubernetes_executor.py
[2023-02-21T12:21:31.518+0000] {processor.py:753} INFO - DAG(s) dict_keys(['example_kubernetes_executor']) retrieved from /home/airflow/.local/lib/python3.7/site-packages/airflow/example_dags/example_kubernetes_executor.py
[2023-02-21T12:21:31.581+0000] {logging_mixin.py:137} INFO - [2023-02-21T12:21:31.581+0000] {dag.py:2690} INFO - Sync 1 DAGs
[2023-02-21T12:21:31.616+0000] {logging_mixin.py:137} INFO - [2023-02-21T12:21:31.616+0000] {dag.py:3441} INFO - Setting next_dagrun for example_kubernetes_executor to None, run_after=None
[2023-02-21T12:21:31.650+0000] {processor.py:175} INFO - Processing /home/airflow/.local/lib/python3.7/site-packages/airflow/example_dags/example_kubernetes_executor.py took 0.303 seconds
[2023-02-21T12:22:01.858+0000] {processor.py:153} INFO - Started process (PID=3903) to work on /home/airflow/.local/lib/python3.7/site-packages/airflow/example_dags/example_kubernetes_executor.py
[2023-02-21T12:22:01.861+0000] {processor.py:743} INFO - Processing file /home/airflow/.local/lib/python3.7/site-packages/airflow/example_dags/example_kubernetes_executor.py for tasks to queue
[2023-02-21T12:22:01.864+0000] {logging_mixin.py:137} INFO - [2023-02-21T12:22:01.864+0000] {dagbag.py:538} INFO - Filling up the DagBag from /home/airflow/.local/lib/python3.7/site-packages/airflow/example_dags/example_kubernetes_executor.py
[2023-02-21T12:22:01.901+0000] {processor.py:753} INFO - DAG(s) dict_keys(['example_kubernetes_executor']) retrieved from /home/airflow/.local/lib/python3.7/site-packages/airflow/example_dags/example_kubernetes_executor.py
[2023-02-21T12:22:01.945+0000] {logging_mixin.py:137} INFO - [2023-02-21T12:22:01.945+0000] {dag.py:2690} INFO - Sync 1 DAGs
[2023-02-21T12:22:01.978+0000] {logging_mixin.py:137} INFO - [2023-02-21T12:22:01.978+0000] {dag.py:3441} INFO - Setting next_dagrun for example_kubernetes_executor to None, run_after=None
[2023-02-21T12:22:02.014+0000] {processor.py:175} INFO - Processing /home/airflow/.local/lib/python3.7/site-packages/airflow/example_dags/example_kubernetes_executor.py took 0.161 seconds
[2023-02-21T12:22:32.551+0000] {processor.py:153} INFO - Started process (PID=3971) to work on /home/airflow/.local/lib/python3.7/site-packages/airflow/example_dags/example_kubernetes_executor.py
[2023-02-21T12:22:32.560+0000] {processor.py:743} INFO - Processing file /home/airflow/.local/lib/python3.7/site-packages/airflow/example_dags/example_kubernetes_executor.py for tasks to queue
[2023-02-21T12:22:32.563+0000] {logging_mixin.py:137} INFO - [2023-02-21T12:22:32.563+0000] {dagbag.py:538} INFO - Filling up the DagBag from /home/airflow/.local/lib/python3.7/site-packages/airflow/example_dags/example_kubernetes_executor.py
[2023-02-21T12:22:32.790+0000] {processor.py:753} INFO - DAG(s) dict_keys(['example_kubernetes_executor']) retrieved from /home/airflow/.local/lib/python3.7/site-packages/airflow/example_dags/example_kubernetes_executor.py
[2023-02-21T12:22:32.878+0000] {logging_mixin.py:137} INFO - [2023-02-21T12:22:32.878+0000] {dag.py:2690} INFO - Sync 1 DAGs
[2023-02-21T12:22:32.952+0000] {logging_mixin.py:137} INFO - [2023-02-21T12:22:32.952+0000] {dag.py:3441} INFO - Setting next_dagrun for example_kubernetes_executor to None, run_after=None
[2023-02-21T12:22:33.022+0000] {processor.py:175} INFO - Processing /home/airflow/.local/lib/python3.7/site-packages/airflow/example_dags/example_kubernetes_executor.py took 0.495 seconds
[2023-02-21T12:23:03.790+0000] {processor.py:153} INFO - Started process (PID=4031) to work on /home/airflow/.local/lib/python3.7/site-packages/airflow/example_dags/example_kubernetes_executor.py
[2023-02-21T12:23:03.793+0000] {processor.py:743} INFO - Processing file /home/airflow/.local/lib/python3.7/site-packages/airflow/example_dags/example_kubernetes_executor.py for tasks to queue
[2023-02-21T12:23:03.796+0000] {logging_mixin.py:137} INFO - [2023-02-21T12:23:03.796+0000] {dagbag.py:538} INFO - Filling up the DagBag from /home/airflow/.local/lib/python3.7/site-packages/airflow/example_dags/example_kubernetes_executor.py
[2023-02-21T12:23:03.834+0000] {processor.py:753} INFO - DAG(s) dict_keys(['example_kubernetes_executor']) retrieved from /home/airflow/.local/lib/python3.7/site-packages/airflow/example_dags/example_kubernetes_executor.py
[2023-02-21T12:23:03.878+0000] {logging_mixin.py:137} INFO - [2023-02-21T12:23:03.878+0000] {dag.py:2690} INFO - Sync 1 DAGs
[2023-02-21T12:23:03.916+0000] {logging_mixin.py:137} INFO - [2023-02-21T12:23:03.916+0000] {dag.py:3441} INFO - Setting next_dagrun for example_kubernetes_executor to None, run_after=None
[2023-02-21T12:23:03.950+0000] {processor.py:175} INFO - Processing /home/airflow/.local/lib/python3.7/site-packages/airflow/example_dags/example_kubernetes_executor.py took 0.165 seconds
[2023-02-21T12:23:34.164+0000] {processor.py:153} INFO - Started process (PID=4091) to work on /home/airflow/.local/lib/python3.7/site-packages/airflow/example_dags/example_kubernetes_executor.py
[2023-02-21T12:23:34.175+0000] {processor.py:743} INFO - Processing file /home/airflow/.local/lib/python3.7/site-packages/airflow/example_dags/example_kubernetes_executor.py for tasks to queue
[2023-02-21T12:23:34.178+0000] {logging_mixin.py:137} INFO - [2023-02-21T12:23:34.177+0000] {dagbag.py:538} INFO - Filling up the DagBag from /home/airflow/.local/lib/python3.7/site-packages/airflow/example_dags/example_kubernetes_executor.py
[2023-02-21T12:23:34.220+0000] {processor.py:753} INFO - DAG(s) dict_keys(['example_kubernetes_executor']) retrieved from /home/airflow/.local/lib/python3.7/site-packages/airflow/example_dags/example_kubernetes_executor.py
[2023-02-21T12:23:34.276+0000] {logging_mixin.py:137} INFO - [2023-02-21T12:23:34.276+0000] {dag.py:2690} INFO - Sync 1 DAGs
[2023-02-21T12:23:34.314+0000] {logging_mixin.py:137} INFO - [2023-02-21T12:23:34.314+0000] {dag.py:3441} INFO - Setting next_dagrun for example_kubernetes_executor to None, run_after=None
[2023-02-21T12:23:34.349+0000] {processor.py:175} INFO - Processing /home/airflow/.local/lib/python3.7/site-packages/airflow/example_dags/example_kubernetes_executor.py took 0.192 seconds
[2023-02-21T12:24:05.335+0000] {processor.py:153} INFO - Started process (PID=4148) to work on /home/airflow/.local/lib/python3.7/site-packages/airflow/example_dags/example_kubernetes_executor.py
[2023-02-21T12:24:05.359+0000] {processor.py:743} INFO - Processing file /home/airflow/.local/lib/python3.7/site-packages/airflow/example_dags/example_kubernetes_executor.py for tasks to queue
[2023-02-21T12:24:05.364+0000] {logging_mixin.py:137} INFO - [2023-02-21T12:24:05.364+0000] {dagbag.py:538} INFO - Filling up the DagBag from /home/airflow/.local/lib/python3.7/site-packages/airflow/example_dags/example_kubernetes_executor.py
[2023-02-21T12:24:05.557+0000] {processor.py:753} INFO - DAG(s) dict_keys(['example_kubernetes_executor']) retrieved from /home/airflow/.local/lib/python3.7/site-packages/airflow/example_dags/example_kubernetes_executor.py
[2023-02-21T12:24:05.779+0000] {logging_mixin.py:137} INFO - [2023-02-21T12:24:05.779+0000] {dag.py:2690} INFO - Sync 1 DAGs
[2023-02-21T12:24:05.914+0000] {logging_mixin.py:137} INFO - [2023-02-21T12:24:05.914+0000] {dag.py:3441} INFO - Setting next_dagrun for example_kubernetes_executor to None, run_after=None
[2023-02-21T12:24:05.965+0000] {processor.py:175} INFO - Processing /home/airflow/.local/lib/python3.7/site-packages/airflow/example_dags/example_kubernetes_executor.py took 0.650 seconds
