[2023-02-21T11:47:03.899+0000] {processor.py:153} INFO - Started process (PID=138) to work on /home/airflow/.local/lib/python3.7/site-packages/airflow/example_dags/example_sensors.py
[2023-02-21T11:47:03.920+0000] {processor.py:743} INFO - Processing file /home/airflow/.local/lib/python3.7/site-packages/airflow/example_dags/example_sensors.py for tasks to queue
[2023-02-21T11:47:03.932+0000] {logging_mixin.py:137} INFO - [2023-02-21T11:47:03.929+0000] {dagbag.py:538} INFO - Filling up the DagBag from /home/airflow/.local/lib/python3.7/site-packages/airflow/example_dags/example_sensors.py
[2023-02-21T11:47:04.202+0000] {processor.py:753} INFO - DAG(s) dict_keys(['example_sensors']) retrieved from /home/airflow/.local/lib/python3.7/site-packages/airflow/example_dags/example_sensors.py
[2023-02-21T11:47:04.270+0000] {logging_mixin.py:137} INFO - [2023-02-21T11:47:04.270+0000] {dag.py:2690} INFO - Sync 1 DAGs
[2023-02-21T11:47:04.489+0000] {logging_mixin.py:137} INFO - [2023-02-21T11:47:04.488+0000] {dag.py:3441} INFO - Setting next_dagrun for example_sensors to None, run_after=None
[2023-02-21T11:47:04.675+0000] {processor.py:175} INFO - Processing /home/airflow/.local/lib/python3.7/site-packages/airflow/example_dags/example_sensors.py took 0.883 seconds
[2023-02-21T11:47:59.006+0000] {processor.py:153} INFO - Started process (PID=203) to work on /home/airflow/.local/lib/python3.7/site-packages/airflow/example_dags/example_sensors.py
[2023-02-21T11:47:59.018+0000] {processor.py:743} INFO - Processing file /home/airflow/.local/lib/python3.7/site-packages/airflow/example_dags/example_sensors.py for tasks to queue
[2023-02-21T11:47:59.030+0000] {logging_mixin.py:137} INFO - [2023-02-21T11:47:59.028+0000] {dagbag.py:538} INFO - Filling up the DagBag from /home/airflow/.local/lib/python3.7/site-packages/airflow/example_dags/example_sensors.py
[2023-02-21T11:47:59.336+0000] {processor.py:753} INFO - DAG(s) dict_keys(['example_sensors']) retrieved from /home/airflow/.local/lib/python3.7/site-packages/airflow/example_dags/example_sensors.py
[2023-02-21T11:47:59.629+0000] {logging_mixin.py:137} INFO - [2023-02-21T11:47:59.629+0000] {dag.py:2690} INFO - Sync 1 DAGs
[2023-02-21T11:48:00.002+0000] {logging_mixin.py:137} INFO - [2023-02-21T11:48:00.002+0000] {dag.py:3441} INFO - Setting next_dagrun for example_sensors to None, run_after=None
[2023-02-21T11:48:00.374+0000] {processor.py:175} INFO - Processing /home/airflow/.local/lib/python3.7/site-packages/airflow/example_dags/example_sensors.py took 1.393 seconds
[2023-02-21T11:48:35.441+0000] {processor.py:153} INFO - Started process (PID=261) to work on /home/airflow/.local/lib/python3.7/site-packages/airflow/example_dags/example_sensors.py
[2023-02-21T11:48:35.466+0000] {processor.py:743} INFO - Processing file /home/airflow/.local/lib/python3.7/site-packages/airflow/example_dags/example_sensors.py for tasks to queue
[2023-02-21T11:48:35.481+0000] {logging_mixin.py:137} INFO - [2023-02-21T11:48:35.481+0000] {dagbag.py:538} INFO - Filling up the DagBag from /home/airflow/.local/lib/python3.7/site-packages/airflow/example_dags/example_sensors.py
[2023-02-21T11:48:35.876+0000] {processor.py:753} INFO - DAG(s) dict_keys(['example_sensors']) retrieved from /home/airflow/.local/lib/python3.7/site-packages/airflow/example_dags/example_sensors.py
[2023-02-21T11:48:36.478+0000] {logging_mixin.py:137} INFO - [2023-02-21T11:48:36.478+0000] {dag.py:2690} INFO - Sync 1 DAGs
[2023-02-21T11:48:36.850+0000] {logging_mixin.py:137} INFO - [2023-02-21T11:48:36.850+0000] {dag.py:3441} INFO - Setting next_dagrun for example_sensors to None, run_after=None
[2023-02-21T11:48:37.089+0000] {processor.py:175} INFO - Processing /home/airflow/.local/lib/python3.7/site-packages/airflow/example_dags/example_sensors.py took 1.763 seconds
[2023-02-21T11:49:38.312+0000] {processor.py:153} INFO - Started process (PID=338) to work on /home/airflow/.local/lib/python3.7/site-packages/airflow/example_dags/example_sensors.py
[2023-02-21T11:49:38.339+0000] {processor.py:743} INFO - Processing file /home/airflow/.local/lib/python3.7/site-packages/airflow/example_dags/example_sensors.py for tasks to queue
[2023-02-21T11:49:38.363+0000] {logging_mixin.py:137} INFO - [2023-02-21T11:49:38.363+0000] {dagbag.py:538} INFO - Filling up the DagBag from /home/airflow/.local/lib/python3.7/site-packages/airflow/example_dags/example_sensors.py
[2023-02-21T11:49:39.161+0000] {processor.py:753} INFO - DAG(s) dict_keys(['example_sensors']) retrieved from /home/airflow/.local/lib/python3.7/site-packages/airflow/example_dags/example_sensors.py
[2023-02-21T11:49:39.868+0000] {logging_mixin.py:137} INFO - [2023-02-21T11:49:39.649+0000] {dag.py:2690} INFO - Sync 1 DAGs
[2023-02-21T11:49:40.429+0000] {logging_mixin.py:137} INFO - [2023-02-21T11:49:40.428+0000] {dag.py:3441} INFO - Setting next_dagrun for example_sensors to None, run_after=None
[2023-02-21T11:49:41.131+0000] {processor.py:175} INFO - Processing /home/airflow/.local/lib/python3.7/site-packages/airflow/example_dags/example_sensors.py took 2.943 seconds
[2023-02-21T11:50:36.619+0000] {processor.py:153} INFO - Started process (PID=408) to work on /home/airflow/.local/lib/python3.7/site-packages/airflow/example_dags/example_sensors.py
[2023-02-21T11:50:36.644+0000] {processor.py:743} INFO - Processing file /home/airflow/.local/lib/python3.7/site-packages/airflow/example_dags/example_sensors.py for tasks to queue
[2023-02-21T11:50:36.774+0000] {logging_mixin.py:137} INFO - [2023-02-21T11:50:36.770+0000] {dagbag.py:538} INFO - Filling up the DagBag from /home/airflow/.local/lib/python3.7/site-packages/airflow/example_dags/example_sensors.py
[2023-02-21T11:50:37.431+0000] {processor.py:753} INFO - DAG(s) dict_keys(['example_sensors']) retrieved from /home/airflow/.local/lib/python3.7/site-packages/airflow/example_dags/example_sensors.py
[2023-02-21T11:50:37.889+0000] {logging_mixin.py:137} INFO - [2023-02-21T11:50:37.887+0000] {dag.py:2690} INFO - Sync 1 DAGs
[2023-02-21T11:50:38.453+0000] {logging_mixin.py:137} INFO - [2023-02-21T11:50:38.453+0000] {dag.py:3441} INFO - Setting next_dagrun for example_sensors to None, run_after=None
[2023-02-21T11:50:39.092+0000] {processor.py:175} INFO - Processing /home/airflow/.local/lib/python3.7/site-packages/airflow/example_dags/example_sensors.py took 2.497 seconds
[2023-02-21T11:51:13.347+0000] {processor.py:153} INFO - Started process (PID=466) to work on /home/airflow/.local/lib/python3.7/site-packages/airflow/example_dags/example_sensors.py
[2023-02-21T11:51:13.354+0000] {processor.py:743} INFO - Processing file /home/airflow/.local/lib/python3.7/site-packages/airflow/example_dags/example_sensors.py for tasks to queue
[2023-02-21T11:51:13.356+0000] {logging_mixin.py:137} INFO - [2023-02-21T11:51:13.356+0000] {dagbag.py:538} INFO - Filling up the DagBag from /home/airflow/.local/lib/python3.7/site-packages/airflow/example_dags/example_sensors.py
[2023-02-21T11:51:13.423+0000] {processor.py:753} INFO - DAG(s) dict_keys(['example_sensors']) retrieved from /home/airflow/.local/lib/python3.7/site-packages/airflow/example_dags/example_sensors.py
[2023-02-21T11:51:13.511+0000] {logging_mixin.py:137} INFO - [2023-02-21T11:51:13.511+0000] {dag.py:2690} INFO - Sync 1 DAGs
[2023-02-21T11:51:13.605+0000] {logging_mixin.py:137} INFO - [2023-02-21T11:51:13.605+0000] {dag.py:3441} INFO - Setting next_dagrun for example_sensors to None, run_after=None
[2023-02-21T11:51:13.734+0000] {processor.py:175} INFO - Processing /home/airflow/.local/lib/python3.7/site-packages/airflow/example_dags/example_sensors.py took 0.399 seconds
[2023-02-21T11:51:50.016+0000] {processor.py:153} INFO - Started process (PID=530) to work on /home/airflow/.local/lib/python3.7/site-packages/airflow/example_dags/example_sensors.py
[2023-02-21T11:51:50.023+0000] {processor.py:743} INFO - Processing file /home/airflow/.local/lib/python3.7/site-packages/airflow/example_dags/example_sensors.py for tasks to queue
[2023-02-21T11:51:50.052+0000] {logging_mixin.py:137} INFO - [2023-02-21T11:51:50.052+0000] {dagbag.py:538} INFO - Filling up the DagBag from /home/airflow/.local/lib/python3.7/site-packages/airflow/example_dags/example_sensors.py
[2023-02-21T11:51:50.258+0000] {processor.py:753} INFO - DAG(s) dict_keys(['example_sensors']) retrieved from /home/airflow/.local/lib/python3.7/site-packages/airflow/example_dags/example_sensors.py
[2023-02-21T11:51:50.593+0000] {logging_mixin.py:137} INFO - [2023-02-21T11:51:50.591+0000] {dag.py:2690} INFO - Sync 1 DAGs
[2023-02-21T11:51:51.007+0000] {logging_mixin.py:137} INFO - [2023-02-21T11:51:51.005+0000] {dag.py:3441} INFO - Setting next_dagrun for example_sensors to None, run_after=None
[2023-02-21T11:51:51.501+0000] {processor.py:175} INFO - Processing /home/airflow/.local/lib/python3.7/site-packages/airflow/example_dags/example_sensors.py took 1.520 seconds
[2023-02-21T11:52:23.604+0000] {processor.py:153} INFO - Started process (PID=588) to work on /home/airflow/.local/lib/python3.7/site-packages/airflow/example_dags/example_sensors.py
[2023-02-21T11:52:23.618+0000] {processor.py:743} INFO - Processing file /home/airflow/.local/lib/python3.7/site-packages/airflow/example_dags/example_sensors.py for tasks to queue
[2023-02-21T11:52:23.642+0000] {logging_mixin.py:137} INFO - [2023-02-21T11:52:23.642+0000] {dagbag.py:538} INFO - Filling up the DagBag from /home/airflow/.local/lib/python3.7/site-packages/airflow/example_dags/example_sensors.py
[2023-02-21T11:52:23.925+0000] {processor.py:753} INFO - DAG(s) dict_keys(['example_sensors']) retrieved from /home/airflow/.local/lib/python3.7/site-packages/airflow/example_dags/example_sensors.py
[2023-02-21T11:52:24.978+0000] {logging_mixin.py:137} INFO - [2023-02-21T11:52:24.976+0000] {dag.py:2690} INFO - Sync 1 DAGs
[2023-02-21T11:52:25.171+0000] {logging_mixin.py:137} INFO - [2023-02-21T11:52:25.171+0000] {dag.py:3441} INFO - Setting next_dagrun for example_sensors to None, run_after=None
[2023-02-21T11:52:25.608+0000] {processor.py:175} INFO - Processing /home/airflow/.local/lib/python3.7/site-packages/airflow/example_dags/example_sensors.py took 2.035 seconds
[2023-02-21T11:52:55.919+0000] {processor.py:153} INFO - Started process (PID=638) to work on /home/airflow/.local/lib/python3.7/site-packages/airflow/example_dags/example_sensors.py
[2023-02-21T11:52:55.928+0000] {processor.py:743} INFO - Processing file /home/airflow/.local/lib/python3.7/site-packages/airflow/example_dags/example_sensors.py for tasks to queue
[2023-02-21T11:52:55.936+0000] {logging_mixin.py:137} INFO - [2023-02-21T11:52:55.935+0000] {dagbag.py:538} INFO - Filling up the DagBag from /home/airflow/.local/lib/python3.7/site-packages/airflow/example_dags/example_sensors.py
[2023-02-21T11:52:56.152+0000] {processor.py:753} INFO - DAG(s) dict_keys(['example_sensors']) retrieved from /home/airflow/.local/lib/python3.7/site-packages/airflow/example_dags/example_sensors.py
[2023-02-21T11:52:56.385+0000] {logging_mixin.py:137} INFO - [2023-02-21T11:52:56.384+0000] {dag.py:2690} INFO - Sync 1 DAGs
[2023-02-21T11:52:56.515+0000] {logging_mixin.py:137} INFO - [2023-02-21T11:52:56.515+0000] {dag.py:3441} INFO - Setting next_dagrun for example_sensors to None, run_after=None
[2023-02-21T11:52:56.566+0000] {processor.py:175} INFO - Processing /home/airflow/.local/lib/python3.7/site-packages/airflow/example_dags/example_sensors.py took 0.681 seconds
[2023-02-21T11:53:28.178+0000] {processor.py:153} INFO - Started process (PID=698) to work on /home/airflow/.local/lib/python3.7/site-packages/airflow/example_dags/example_sensors.py
[2023-02-21T11:53:28.183+0000] {processor.py:743} INFO - Processing file /home/airflow/.local/lib/python3.7/site-packages/airflow/example_dags/example_sensors.py for tasks to queue
[2023-02-21T11:53:28.188+0000] {logging_mixin.py:137} INFO - [2023-02-21T11:53:28.187+0000] {dagbag.py:538} INFO - Filling up the DagBag from /home/airflow/.local/lib/python3.7/site-packages/airflow/example_dags/example_sensors.py
[2023-02-21T11:53:28.252+0000] {processor.py:753} INFO - DAG(s) dict_keys(['example_sensors']) retrieved from /home/airflow/.local/lib/python3.7/site-packages/airflow/example_dags/example_sensors.py
[2023-02-21T11:53:28.334+0000] {logging_mixin.py:137} INFO - [2023-02-21T11:53:28.334+0000] {dag.py:2690} INFO - Sync 1 DAGs
[2023-02-21T11:53:28.526+0000] {logging_mixin.py:137} INFO - [2023-02-21T11:53:28.515+0000] {dag.py:3441} INFO - Setting next_dagrun for example_sensors to None, run_after=None
[2023-02-21T11:53:28.570+0000] {processor.py:175} INFO - Processing /home/airflow/.local/lib/python3.7/site-packages/airflow/example_dags/example_sensors.py took 0.403 seconds
[2023-02-21T11:54:06.051+0000] {processor.py:153} INFO - Started process (PID=758) to work on /home/airflow/.local/lib/python3.7/site-packages/airflow/example_dags/example_sensors.py
[2023-02-21T11:54:06.062+0000] {processor.py:743} INFO - Processing file /home/airflow/.local/lib/python3.7/site-packages/airflow/example_dags/example_sensors.py for tasks to queue
[2023-02-21T11:54:06.078+0000] {logging_mixin.py:137} INFO - [2023-02-21T11:54:06.078+0000] {dagbag.py:538} INFO - Filling up the DagBag from /home/airflow/.local/lib/python3.7/site-packages/airflow/example_dags/example_sensors.py
[2023-02-21T11:54:06.252+0000] {processor.py:753} INFO - DAG(s) dict_keys(['example_sensors']) retrieved from /home/airflow/.local/lib/python3.7/site-packages/airflow/example_dags/example_sensors.py
[2023-02-21T11:54:06.504+0000] {logging_mixin.py:137} INFO - [2023-02-21T11:54:06.501+0000] {dag.py:2690} INFO - Sync 1 DAGs
[2023-02-21T11:54:06.799+0000] {logging_mixin.py:137} INFO - [2023-02-21T11:54:06.799+0000] {dag.py:3441} INFO - Setting next_dagrun for example_sensors to None, run_after=None
[2023-02-21T11:54:06.965+0000] {processor.py:175} INFO - Processing /home/airflow/.local/lib/python3.7/site-packages/airflow/example_dags/example_sensors.py took 0.941 seconds
[2023-02-21T11:54:37.529+0000] {processor.py:153} INFO - Started process (PID=816) to work on /home/airflow/.local/lib/python3.7/site-packages/airflow/example_dags/example_sensors.py
[2023-02-21T11:54:37.556+0000] {processor.py:743} INFO - Processing file /home/airflow/.local/lib/python3.7/site-packages/airflow/example_dags/example_sensors.py for tasks to queue
[2023-02-21T11:54:37.562+0000] {logging_mixin.py:137} INFO - [2023-02-21T11:54:37.559+0000] {dagbag.py:538} INFO - Filling up the DagBag from /home/airflow/.local/lib/python3.7/site-packages/airflow/example_dags/example_sensors.py
[2023-02-21T11:54:37.767+0000] {processor.py:753} INFO - DAG(s) dict_keys(['example_sensors']) retrieved from /home/airflow/.local/lib/python3.7/site-packages/airflow/example_dags/example_sensors.py
[2023-02-21T11:54:37.943+0000] {logging_mixin.py:137} INFO - [2023-02-21T11:54:37.943+0000] {dag.py:2690} INFO - Sync 1 DAGs
[2023-02-21T11:54:38.104+0000] {logging_mixin.py:137} INFO - [2023-02-21T11:54:38.104+0000] {dag.py:3441} INFO - Setting next_dagrun for example_sensors to None, run_after=None
[2023-02-21T11:54:38.245+0000] {processor.py:175} INFO - Processing /home/airflow/.local/lib/python3.7/site-packages/airflow/example_dags/example_sensors.py took 0.747 seconds
[2023-02-21T11:55:14.765+0000] {processor.py:153} INFO - Started process (PID=874) to work on /home/airflow/.local/lib/python3.7/site-packages/airflow/example_dags/example_sensors.py
[2023-02-21T11:55:14.806+0000] {processor.py:743} INFO - Processing file /home/airflow/.local/lib/python3.7/site-packages/airflow/example_dags/example_sensors.py for tasks to queue
[2023-02-21T11:55:14.839+0000] {logging_mixin.py:137} INFO - [2023-02-21T11:55:14.838+0000] {dagbag.py:538} INFO - Filling up the DagBag from /home/airflow/.local/lib/python3.7/site-packages/airflow/example_dags/example_sensors.py
[2023-02-21T11:55:15.293+0000] {processor.py:753} INFO - DAG(s) dict_keys(['example_sensors']) retrieved from /home/airflow/.local/lib/python3.7/site-packages/airflow/example_dags/example_sensors.py
[2023-02-21T11:55:16.753+0000] {logging_mixin.py:137} INFO - [2023-02-21T11:55:16.746+0000] {dag.py:2690} INFO - Sync 1 DAGs
[2023-02-21T11:55:17.605+0000] {logging_mixin.py:137} INFO - [2023-02-21T11:55:17.605+0000] {dag.py:3441} INFO - Setting next_dagrun for example_sensors to None, run_after=None
[2023-02-21T11:55:17.955+0000] {processor.py:175} INFO - Processing /home/airflow/.local/lib/python3.7/site-packages/airflow/example_dags/example_sensors.py took 3.302 seconds
[2023-02-21T11:55:48.621+0000] {processor.py:153} INFO - Started process (PID=932) to work on /home/airflow/.local/lib/python3.7/site-packages/airflow/example_dags/example_sensors.py
[2023-02-21T11:55:48.625+0000] {processor.py:743} INFO - Processing file /home/airflow/.local/lib/python3.7/site-packages/airflow/example_dags/example_sensors.py for tasks to queue
[2023-02-21T11:55:48.628+0000] {logging_mixin.py:137} INFO - [2023-02-21T11:55:48.628+0000] {dagbag.py:538} INFO - Filling up the DagBag from /home/airflow/.local/lib/python3.7/site-packages/airflow/example_dags/example_sensors.py
[2023-02-21T11:55:48.721+0000] {processor.py:753} INFO - DAG(s) dict_keys(['example_sensors']) retrieved from /home/airflow/.local/lib/python3.7/site-packages/airflow/example_dags/example_sensors.py
[2023-02-21T11:55:48.789+0000] {logging_mixin.py:137} INFO - [2023-02-21T11:55:48.788+0000] {dag.py:2690} INFO - Sync 1 DAGs
[2023-02-21T11:55:48.845+0000] {logging_mixin.py:137} INFO - [2023-02-21T11:55:48.845+0000] {dag.py:3441} INFO - Setting next_dagrun for example_sensors to None, run_after=None
[2023-02-21T11:55:48.908+0000] {processor.py:175} INFO - Processing /home/airflow/.local/lib/python3.7/site-packages/airflow/example_dags/example_sensors.py took 0.320 seconds
[2023-02-21T11:56:19.828+0000] {processor.py:153} INFO - Started process (PID=990) to work on /home/airflow/.local/lib/python3.7/site-packages/airflow/example_dags/example_sensors.py
[2023-02-21T11:56:19.831+0000] {processor.py:743} INFO - Processing file /home/airflow/.local/lib/python3.7/site-packages/airflow/example_dags/example_sensors.py for tasks to queue
[2023-02-21T11:56:19.836+0000] {logging_mixin.py:137} INFO - [2023-02-21T11:56:19.835+0000] {dagbag.py:538} INFO - Filling up the DagBag from /home/airflow/.local/lib/python3.7/site-packages/airflow/example_dags/example_sensors.py
[2023-02-21T11:56:19.988+0000] {processor.py:753} INFO - DAG(s) dict_keys(['example_sensors']) retrieved from /home/airflow/.local/lib/python3.7/site-packages/airflow/example_dags/example_sensors.py
[2023-02-21T11:56:20.128+0000] {logging_mixin.py:137} INFO - [2023-02-21T11:56:20.128+0000] {dag.py:2690} INFO - Sync 1 DAGs
[2023-02-21T11:56:20.245+0000] {logging_mixin.py:137} INFO - [2023-02-21T11:56:20.245+0000] {dag.py:3441} INFO - Setting next_dagrun for example_sensors to None, run_after=None
[2023-02-21T11:56:20.376+0000] {processor.py:175} INFO - Processing /home/airflow/.local/lib/python3.7/site-packages/airflow/example_dags/example_sensors.py took 0.578 seconds
[2023-02-21T11:56:51.057+0000] {processor.py:153} INFO - Started process (PID=1049) to work on /home/airflow/.local/lib/python3.7/site-packages/airflow/example_dags/example_sensors.py
[2023-02-21T11:56:51.078+0000] {processor.py:743} INFO - Processing file /home/airflow/.local/lib/python3.7/site-packages/airflow/example_dags/example_sensors.py for tasks to queue
[2023-02-21T11:56:51.091+0000] {logging_mixin.py:137} INFO - [2023-02-21T11:56:51.091+0000] {dagbag.py:538} INFO - Filling up the DagBag from /home/airflow/.local/lib/python3.7/site-packages/airflow/example_dags/example_sensors.py
[2023-02-21T11:56:51.230+0000] {processor.py:753} INFO - DAG(s) dict_keys(['example_sensors']) retrieved from /home/airflow/.local/lib/python3.7/site-packages/airflow/example_dags/example_sensors.py
[2023-02-21T11:56:51.386+0000] {logging_mixin.py:137} INFO - [2023-02-21T11:56:51.386+0000] {dag.py:2690} INFO - Sync 1 DAGs
[2023-02-21T11:56:51.545+0000] {logging_mixin.py:137} INFO - [2023-02-21T11:56:51.545+0000] {dag.py:3441} INFO - Setting next_dagrun for example_sensors to None, run_after=None
[2023-02-21T11:56:51.680+0000] {processor.py:175} INFO - Processing /home/airflow/.local/lib/python3.7/site-packages/airflow/example_dags/example_sensors.py took 0.652 seconds
[2023-02-21T11:57:22.182+0000] {processor.py:153} INFO - Started process (PID=1107) to work on /home/airflow/.local/lib/python3.7/site-packages/airflow/example_dags/example_sensors.py
[2023-02-21T11:57:22.191+0000] {processor.py:743} INFO - Processing file /home/airflow/.local/lib/python3.7/site-packages/airflow/example_dags/example_sensors.py for tasks to queue
[2023-02-21T11:57:22.210+0000] {logging_mixin.py:137} INFO - [2023-02-21T11:57:22.210+0000] {dagbag.py:538} INFO - Filling up the DagBag from /home/airflow/.local/lib/python3.7/site-packages/airflow/example_dags/example_sensors.py
[2023-02-21T11:57:22.290+0000] {processor.py:753} INFO - DAG(s) dict_keys(['example_sensors']) retrieved from /home/airflow/.local/lib/python3.7/site-packages/airflow/example_dags/example_sensors.py
[2023-02-21T11:57:22.424+0000] {logging_mixin.py:137} INFO - [2023-02-21T11:57:22.424+0000] {dag.py:2690} INFO - Sync 1 DAGs
[2023-02-21T11:57:22.539+0000] {logging_mixin.py:137} INFO - [2023-02-21T11:57:22.539+0000] {dag.py:3441} INFO - Setting next_dagrun for example_sensors to None, run_after=None
[2023-02-21T11:57:22.623+0000] {processor.py:175} INFO - Processing /home/airflow/.local/lib/python3.7/site-packages/airflow/example_dags/example_sensors.py took 0.461 seconds
[2023-02-21T11:57:52.799+0000] {processor.py:153} INFO - Started process (PID=1163) to work on /home/airflow/.local/lib/python3.7/site-packages/airflow/example_dags/example_sensors.py
[2023-02-21T11:57:52.822+0000] {processor.py:743} INFO - Processing file /home/airflow/.local/lib/python3.7/site-packages/airflow/example_dags/example_sensors.py for tasks to queue
[2023-02-21T11:57:52.832+0000] {logging_mixin.py:137} INFO - [2023-02-21T11:57:52.831+0000] {dagbag.py:538} INFO - Filling up the DagBag from /home/airflow/.local/lib/python3.7/site-packages/airflow/example_dags/example_sensors.py
[2023-02-21T11:57:53.090+0000] {processor.py:753} INFO - DAG(s) dict_keys(['example_sensors']) retrieved from /home/airflow/.local/lib/python3.7/site-packages/airflow/example_dags/example_sensors.py
[2023-02-21T11:57:53.256+0000] {logging_mixin.py:137} INFO - [2023-02-21T11:57:53.256+0000] {dag.py:2690} INFO - Sync 1 DAGs
[2023-02-21T11:57:53.435+0000] {logging_mixin.py:137} INFO - [2023-02-21T11:57:53.435+0000] {dag.py:3441} INFO - Setting next_dagrun for example_sensors to None, run_after=None
[2023-02-21T11:57:53.588+0000] {processor.py:175} INFO - Processing /home/airflow/.local/lib/python3.7/site-packages/airflow/example_dags/example_sensors.py took 0.805 seconds
[2023-02-21T11:58:24.196+0000] {processor.py:153} INFO - Started process (PID=1213) to work on /home/airflow/.local/lib/python3.7/site-packages/airflow/example_dags/example_sensors.py
[2023-02-21T11:58:24.220+0000] {processor.py:743} INFO - Processing file /home/airflow/.local/lib/python3.7/site-packages/airflow/example_dags/example_sensors.py for tasks to queue
[2023-02-21T11:58:24.224+0000] {logging_mixin.py:137} INFO - [2023-02-21T11:58:24.224+0000] {dagbag.py:538} INFO - Filling up the DagBag from /home/airflow/.local/lib/python3.7/site-packages/airflow/example_dags/example_sensors.py
[2023-02-21T11:58:24.274+0000] {processor.py:753} INFO - DAG(s) dict_keys(['example_sensors']) retrieved from /home/airflow/.local/lib/python3.7/site-packages/airflow/example_dags/example_sensors.py
[2023-02-21T11:58:24.335+0000] {logging_mixin.py:137} INFO - [2023-02-21T11:58:24.335+0000] {dag.py:2690} INFO - Sync 1 DAGs
[2023-02-21T11:58:24.390+0000] {logging_mixin.py:137} INFO - [2023-02-21T11:58:24.390+0000] {dag.py:3441} INFO - Setting next_dagrun for example_sensors to None, run_after=None
[2023-02-21T11:58:24.446+0000] {processor.py:175} INFO - Processing /home/airflow/.local/lib/python3.7/site-packages/airflow/example_dags/example_sensors.py took 0.256 seconds
[2023-02-21T11:58:54.584+0000] {processor.py:153} INFO - Started process (PID=1272) to work on /home/airflow/.local/lib/python3.7/site-packages/airflow/example_dags/example_sensors.py
[2023-02-21T11:58:54.590+0000] {processor.py:743} INFO - Processing file /home/airflow/.local/lib/python3.7/site-packages/airflow/example_dags/example_sensors.py for tasks to queue
[2023-02-21T11:58:54.610+0000] {logging_mixin.py:137} INFO - [2023-02-21T11:58:54.610+0000] {dagbag.py:538} INFO - Filling up the DagBag from /home/airflow/.local/lib/python3.7/site-packages/airflow/example_dags/example_sensors.py
[2023-02-21T11:58:54.668+0000] {processor.py:753} INFO - DAG(s) dict_keys(['example_sensors']) retrieved from /home/airflow/.local/lib/python3.7/site-packages/airflow/example_dags/example_sensors.py
[2023-02-21T11:58:54.732+0000] {logging_mixin.py:137} INFO - [2023-02-21T11:58:54.732+0000] {dag.py:2690} INFO - Sync 1 DAGs
[2023-02-21T11:58:54.808+0000] {logging_mixin.py:137} INFO - [2023-02-21T11:58:54.807+0000] {dag.py:3441} INFO - Setting next_dagrun for example_sensors to None, run_after=None
[2023-02-21T11:58:54.880+0000] {processor.py:175} INFO - Processing /home/airflow/.local/lib/python3.7/site-packages/airflow/example_dags/example_sensors.py took 0.303 seconds
[2023-02-21T11:59:26.320+0000] {processor.py:153} INFO - Started process (PID=1331) to work on /home/airflow/.local/lib/python3.7/site-packages/airflow/example_dags/example_sensors.py
[2023-02-21T11:59:26.330+0000] {processor.py:743} INFO - Processing file /home/airflow/.local/lib/python3.7/site-packages/airflow/example_dags/example_sensors.py for tasks to queue
[2023-02-21T11:59:26.333+0000] {logging_mixin.py:137} INFO - [2023-02-21T11:59:26.333+0000] {dagbag.py:538} INFO - Filling up the DagBag from /home/airflow/.local/lib/python3.7/site-packages/airflow/example_dags/example_sensors.py
[2023-02-21T11:59:26.488+0000] {processor.py:753} INFO - DAG(s) dict_keys(['example_sensors']) retrieved from /home/airflow/.local/lib/python3.7/site-packages/airflow/example_dags/example_sensors.py
[2023-02-21T11:59:26.573+0000] {logging_mixin.py:137} INFO - [2023-02-21T11:59:26.573+0000] {dag.py:2690} INFO - Sync 1 DAGs
[2023-02-21T11:59:26.733+0000] {logging_mixin.py:137} INFO - [2023-02-21T11:59:26.733+0000] {dag.py:3441} INFO - Setting next_dagrun for example_sensors to None, run_after=None
[2023-02-21T11:59:26.879+0000] {processor.py:175} INFO - Processing /home/airflow/.local/lib/python3.7/site-packages/airflow/example_dags/example_sensors.py took 0.596 seconds
[2023-02-21T11:59:58.691+0000] {processor.py:153} INFO - Started process (PID=1387) to work on /home/airflow/.local/lib/python3.7/site-packages/airflow/example_dags/example_sensors.py
[2023-02-21T11:59:58.715+0000] {processor.py:743} INFO - Processing file /home/airflow/.local/lib/python3.7/site-packages/airflow/example_dags/example_sensors.py for tasks to queue
[2023-02-21T11:59:58.719+0000] {logging_mixin.py:137} INFO - [2023-02-21T11:59:58.719+0000] {dagbag.py:538} INFO - Filling up the DagBag from /home/airflow/.local/lib/python3.7/site-packages/airflow/example_dags/example_sensors.py
[2023-02-21T11:59:59.237+0000] {processor.py:753} INFO - DAG(s) dict_keys(['example_sensors']) retrieved from /home/airflow/.local/lib/python3.7/site-packages/airflow/example_dags/example_sensors.py
[2023-02-21T11:59:59.553+0000] {logging_mixin.py:137} INFO - [2023-02-21T11:59:59.553+0000] {dag.py:2690} INFO - Sync 1 DAGs
[2023-02-21T11:59:59.881+0000] {logging_mixin.py:137} INFO - [2023-02-21T11:59:59.881+0000] {dag.py:3441} INFO - Setting next_dagrun for example_sensors to None, run_after=None
[2023-02-21T12:00:00.232+0000] {processor.py:175} INFO - Processing /home/airflow/.local/lib/python3.7/site-packages/airflow/example_dags/example_sensors.py took 1.605 seconds
[2023-02-21T12:00:30.524+0000] {processor.py:153} INFO - Started process (PID=1436) to work on /home/airflow/.local/lib/python3.7/site-packages/airflow/example_dags/example_sensors.py
[2023-02-21T12:00:30.528+0000] {processor.py:743} INFO - Processing file /home/airflow/.local/lib/python3.7/site-packages/airflow/example_dags/example_sensors.py for tasks to queue
[2023-02-21T12:00:30.532+0000] {logging_mixin.py:137} INFO - [2023-02-21T12:00:30.531+0000] {dagbag.py:538} INFO - Filling up the DagBag from /home/airflow/.local/lib/python3.7/site-packages/airflow/example_dags/example_sensors.py
[2023-02-21T12:00:31.307+0000] {processor.py:753} INFO - DAG(s) dict_keys(['example_sensors']) retrieved from /home/airflow/.local/lib/python3.7/site-packages/airflow/example_dags/example_sensors.py
[2023-02-21T12:00:32.295+0000] {logging_mixin.py:137} INFO - [2023-02-21T12:00:32.295+0000] {dag.py:2690} INFO - Sync 1 DAGs
[2023-02-21T12:00:32.866+0000] {logging_mixin.py:137} INFO - [2023-02-21T12:00:32.865+0000] {dag.py:3441} INFO - Setting next_dagrun for example_sensors to None, run_after=None
[2023-02-21T12:00:33.311+0000] {processor.py:175} INFO - Processing /home/airflow/.local/lib/python3.7/site-packages/airflow/example_dags/example_sensors.py took 2.825 seconds
[2023-02-21T12:01:04.570+0000] {processor.py:153} INFO - Started process (PID=1495) to work on /home/airflow/.local/lib/python3.7/site-packages/airflow/example_dags/example_sensors.py
[2023-02-21T12:01:04.584+0000] {processor.py:743} INFO - Processing file /home/airflow/.local/lib/python3.7/site-packages/airflow/example_dags/example_sensors.py for tasks to queue
[2023-02-21T12:01:04.587+0000] {logging_mixin.py:137} INFO - [2023-02-21T12:01:04.586+0000] {dagbag.py:538} INFO - Filling up the DagBag from /home/airflow/.local/lib/python3.7/site-packages/airflow/example_dags/example_sensors.py
[2023-02-21T12:01:04.721+0000] {processor.py:753} INFO - DAG(s) dict_keys(['example_sensors']) retrieved from /home/airflow/.local/lib/python3.7/site-packages/airflow/example_dags/example_sensors.py
[2023-02-21T12:01:04.838+0000] {logging_mixin.py:137} INFO - [2023-02-21T12:01:04.838+0000] {dag.py:2690} INFO - Sync 1 DAGs
[2023-02-21T12:01:05.162+0000] {logging_mixin.py:137} INFO - [2023-02-21T12:01:05.161+0000] {dag.py:3441} INFO - Setting next_dagrun for example_sensors to None, run_after=None
[2023-02-21T12:01:05.321+0000] {processor.py:175} INFO - Processing /home/airflow/.local/lib/python3.7/site-packages/airflow/example_dags/example_sensors.py took 0.854 seconds
[2023-02-21T12:01:35.695+0000] {processor.py:153} INFO - Started process (PID=1554) to work on /home/airflow/.local/lib/python3.7/site-packages/airflow/example_dags/example_sensors.py
[2023-02-21T12:01:35.703+0000] {processor.py:743} INFO - Processing file /home/airflow/.local/lib/python3.7/site-packages/airflow/example_dags/example_sensors.py for tasks to queue
[2023-02-21T12:01:35.714+0000] {logging_mixin.py:137} INFO - [2023-02-21T12:01:35.713+0000] {dagbag.py:538} INFO - Filling up the DagBag from /home/airflow/.local/lib/python3.7/site-packages/airflow/example_dags/example_sensors.py
[2023-02-21T12:01:35.761+0000] {processor.py:753} INFO - DAG(s) dict_keys(['example_sensors']) retrieved from /home/airflow/.local/lib/python3.7/site-packages/airflow/example_dags/example_sensors.py
[2023-02-21T12:01:35.826+0000] {logging_mixin.py:137} INFO - [2023-02-21T12:01:35.826+0000] {dag.py:2690} INFO - Sync 1 DAGs
[2023-02-21T12:01:35.894+0000] {logging_mixin.py:137} INFO - [2023-02-21T12:01:35.893+0000] {dag.py:3441} INFO - Setting next_dagrun for example_sensors to None, run_after=None
[2023-02-21T12:01:35.975+0000] {processor.py:175} INFO - Processing /home/airflow/.local/lib/python3.7/site-packages/airflow/example_dags/example_sensors.py took 0.298 seconds
[2023-02-21T12:02:06.830+0000] {processor.py:153} INFO - Started process (PID=1615) to work on /home/airflow/.local/lib/python3.7/site-packages/airflow/example_dags/example_sensors.py
[2023-02-21T12:02:06.833+0000] {processor.py:743} INFO - Processing file /home/airflow/.local/lib/python3.7/site-packages/airflow/example_dags/example_sensors.py for tasks to queue
[2023-02-21T12:02:06.835+0000] {logging_mixin.py:137} INFO - [2023-02-21T12:02:06.835+0000] {dagbag.py:538} INFO - Filling up the DagBag from /home/airflow/.local/lib/python3.7/site-packages/airflow/example_dags/example_sensors.py
[2023-02-21T12:02:06.889+0000] {processor.py:753} INFO - DAG(s) dict_keys(['example_sensors']) retrieved from /home/airflow/.local/lib/python3.7/site-packages/airflow/example_dags/example_sensors.py
[2023-02-21T12:02:07.041+0000] {logging_mixin.py:137} INFO - [2023-02-21T12:02:07.041+0000] {dag.py:2690} INFO - Sync 1 DAGs
[2023-02-21T12:02:07.190+0000] {logging_mixin.py:137} INFO - [2023-02-21T12:02:07.189+0000] {dag.py:3441} INFO - Setting next_dagrun for example_sensors to None, run_after=None
[2023-02-21T12:02:07.278+0000] {processor.py:175} INFO - Processing /home/airflow/.local/lib/python3.7/site-packages/airflow/example_dags/example_sensors.py took 0.458 seconds
[2023-02-21T12:02:37.694+0000] {processor.py:153} INFO - Started process (PID=1675) to work on /home/airflow/.local/lib/python3.7/site-packages/airflow/example_dags/example_sensors.py
[2023-02-21T12:02:37.704+0000] {processor.py:743} INFO - Processing file /home/airflow/.local/lib/python3.7/site-packages/airflow/example_dags/example_sensors.py for tasks to queue
[2023-02-21T12:02:37.710+0000] {logging_mixin.py:137} INFO - [2023-02-21T12:02:37.710+0000] {dagbag.py:538} INFO - Filling up the DagBag from /home/airflow/.local/lib/python3.7/site-packages/airflow/example_dags/example_sensors.py
[2023-02-21T12:02:37.766+0000] {processor.py:753} INFO - DAG(s) dict_keys(['example_sensors']) retrieved from /home/airflow/.local/lib/python3.7/site-packages/airflow/example_dags/example_sensors.py
[2023-02-21T12:02:37.835+0000] {logging_mixin.py:137} INFO - [2023-02-21T12:02:37.835+0000] {dag.py:2690} INFO - Sync 1 DAGs
[2023-02-21T12:02:37.905+0000] {logging_mixin.py:137} INFO - [2023-02-21T12:02:37.904+0000] {dag.py:3441} INFO - Setting next_dagrun for example_sensors to None, run_after=None
[2023-02-21T12:02:37.960+0000] {processor.py:175} INFO - Processing /home/airflow/.local/lib/python3.7/site-packages/airflow/example_dags/example_sensors.py took 0.283 seconds
[2023-02-21T12:03:08.507+0000] {processor.py:153} INFO - Started process (PID=1733) to work on /home/airflow/.local/lib/python3.7/site-packages/airflow/example_dags/example_sensors.py
[2023-02-21T12:03:08.515+0000] {processor.py:743} INFO - Processing file /home/airflow/.local/lib/python3.7/site-packages/airflow/example_dags/example_sensors.py for tasks to queue
[2023-02-21T12:03:08.519+0000] {logging_mixin.py:137} INFO - [2023-02-21T12:03:08.519+0000] {dagbag.py:538} INFO - Filling up the DagBag from /home/airflow/.local/lib/python3.7/site-packages/airflow/example_dags/example_sensors.py
[2023-02-21T12:03:08.599+0000] {processor.py:753} INFO - DAG(s) dict_keys(['example_sensors']) retrieved from /home/airflow/.local/lib/python3.7/site-packages/airflow/example_dags/example_sensors.py
[2023-02-21T12:03:08.747+0000] {logging_mixin.py:137} INFO - [2023-02-21T12:03:08.746+0000] {dag.py:2690} INFO - Sync 1 DAGs
[2023-02-21T12:03:08.875+0000] {logging_mixin.py:137} INFO - [2023-02-21T12:03:08.874+0000] {dag.py:3441} INFO - Setting next_dagrun for example_sensors to None, run_after=None
[2023-02-21T12:03:09.017+0000] {processor.py:175} INFO - Processing /home/airflow/.local/lib/python3.7/site-packages/airflow/example_dags/example_sensors.py took 0.557 seconds
[2023-02-21T12:03:39.831+0000] {processor.py:153} INFO - Started process (PID=1791) to work on /home/airflow/.local/lib/python3.7/site-packages/airflow/example_dags/example_sensors.py
[2023-02-21T12:03:39.834+0000] {processor.py:743} INFO - Processing file /home/airflow/.local/lib/python3.7/site-packages/airflow/example_dags/example_sensors.py for tasks to queue
[2023-02-21T12:03:39.839+0000] {logging_mixin.py:137} INFO - [2023-02-21T12:03:39.838+0000] {dagbag.py:538} INFO - Filling up the DagBag from /home/airflow/.local/lib/python3.7/site-packages/airflow/example_dags/example_sensors.py
[2023-02-21T12:03:39.875+0000] {processor.py:753} INFO - DAG(s) dict_keys(['example_sensors']) retrieved from /home/airflow/.local/lib/python3.7/site-packages/airflow/example_dags/example_sensors.py
[2023-02-21T12:03:39.932+0000] {logging_mixin.py:137} INFO - [2023-02-21T12:03:39.930+0000] {dag.py:2690} INFO - Sync 1 DAGs
[2023-02-21T12:03:39.979+0000] {logging_mixin.py:137} INFO - [2023-02-21T12:03:39.979+0000] {dag.py:3441} INFO - Setting next_dagrun for example_sensors to None, run_after=None
[2023-02-21T12:03:40.024+0000] {processor.py:175} INFO - Processing /home/airflow/.local/lib/python3.7/site-packages/airflow/example_dags/example_sensors.py took 0.203 seconds
[2023-02-21T12:04:10.240+0000] {processor.py:153} INFO - Started process (PID=1850) to work on /home/airflow/.local/lib/python3.7/site-packages/airflow/example_dags/example_sensors.py
[2023-02-21T12:04:10.243+0000] {processor.py:743} INFO - Processing file /home/airflow/.local/lib/python3.7/site-packages/airflow/example_dags/example_sensors.py for tasks to queue
[2023-02-21T12:04:10.246+0000] {logging_mixin.py:137} INFO - [2023-02-21T12:04:10.246+0000] {dagbag.py:538} INFO - Filling up the DagBag from /home/airflow/.local/lib/python3.7/site-packages/airflow/example_dags/example_sensors.py
[2023-02-21T12:04:10.294+0000] {processor.py:753} INFO - DAG(s) dict_keys(['example_sensors']) retrieved from /home/airflow/.local/lib/python3.7/site-packages/airflow/example_dags/example_sensors.py
[2023-02-21T12:04:10.342+0000] {logging_mixin.py:137} INFO - [2023-02-21T12:04:10.341+0000] {dag.py:2690} INFO - Sync 1 DAGs
[2023-02-21T12:04:10.386+0000] {logging_mixin.py:137} INFO - [2023-02-21T12:04:10.386+0000] {dag.py:3441} INFO - Setting next_dagrun for example_sensors to None, run_after=None
[2023-02-21T12:04:10.419+0000] {processor.py:175} INFO - Processing /home/airflow/.local/lib/python3.7/site-packages/airflow/example_dags/example_sensors.py took 0.186 seconds
[2023-02-21T12:04:40.620+0000] {processor.py:153} INFO - Started process (PID=1908) to work on /home/airflow/.local/lib/python3.7/site-packages/airflow/example_dags/example_sensors.py
[2023-02-21T12:04:40.632+0000] {processor.py:743} INFO - Processing file /home/airflow/.local/lib/python3.7/site-packages/airflow/example_dags/example_sensors.py for tasks to queue
[2023-02-21T12:04:40.657+0000] {logging_mixin.py:137} INFO - [2023-02-21T12:04:40.656+0000] {dagbag.py:538} INFO - Filling up the DagBag from /home/airflow/.local/lib/python3.7/site-packages/airflow/example_dags/example_sensors.py
[2023-02-21T12:04:40.701+0000] {processor.py:753} INFO - DAG(s) dict_keys(['example_sensors']) retrieved from /home/airflow/.local/lib/python3.7/site-packages/airflow/example_dags/example_sensors.py
[2023-02-21T12:04:40.804+0000] {logging_mixin.py:137} INFO - [2023-02-21T12:04:40.804+0000] {dag.py:2690} INFO - Sync 1 DAGs
[2023-02-21T12:04:40.870+0000] {logging_mixin.py:137} INFO - [2023-02-21T12:04:40.870+0000] {dag.py:3441} INFO - Setting next_dagrun for example_sensors to None, run_after=None
[2023-02-21T12:04:40.919+0000] {processor.py:175} INFO - Processing /home/airflow/.local/lib/python3.7/site-packages/airflow/example_dags/example_sensors.py took 0.325 seconds
[2023-02-21T12:05:11.487+0000] {processor.py:153} INFO - Started process (PID=1965) to work on /home/airflow/.local/lib/python3.7/site-packages/airflow/example_dags/example_sensors.py
[2023-02-21T12:05:11.494+0000] {processor.py:743} INFO - Processing file /home/airflow/.local/lib/python3.7/site-packages/airflow/example_dags/example_sensors.py for tasks to queue
[2023-02-21T12:05:11.510+0000] {logging_mixin.py:137} INFO - [2023-02-21T12:05:11.507+0000] {dagbag.py:538} INFO - Filling up the DagBag from /home/airflow/.local/lib/python3.7/site-packages/airflow/example_dags/example_sensors.py
[2023-02-21T12:05:11.712+0000] {processor.py:753} INFO - DAG(s) dict_keys(['example_sensors']) retrieved from /home/airflow/.local/lib/python3.7/site-packages/airflow/example_dags/example_sensors.py
[2023-02-21T12:05:12.129+0000] {logging_mixin.py:137} INFO - [2023-02-21T12:05:12.128+0000] {dag.py:2690} INFO - Sync 1 DAGs
[2023-02-21T12:05:12.371+0000] {logging_mixin.py:137} INFO - [2023-02-21T12:05:12.370+0000] {dag.py:3441} INFO - Setting next_dagrun for example_sensors to None, run_after=None
[2023-02-21T12:05:12.612+0000] {processor.py:175} INFO - Processing /home/airflow/.local/lib/python3.7/site-packages/airflow/example_dags/example_sensors.py took 1.152 seconds
[2023-02-21T12:05:43.154+0000] {processor.py:153} INFO - Started process (PID=2024) to work on /home/airflow/.local/lib/python3.7/site-packages/airflow/example_dags/example_sensors.py
[2023-02-21T12:05:43.157+0000] {processor.py:743} INFO - Processing file /home/airflow/.local/lib/python3.7/site-packages/airflow/example_dags/example_sensors.py for tasks to queue
[2023-02-21T12:05:43.162+0000] {logging_mixin.py:137} INFO - [2023-02-21T12:05:43.161+0000] {dagbag.py:538} INFO - Filling up the DagBag from /home/airflow/.local/lib/python3.7/site-packages/airflow/example_dags/example_sensors.py
[2023-02-21T12:05:43.252+0000] {processor.py:753} INFO - DAG(s) dict_keys(['example_sensors']) retrieved from /home/airflow/.local/lib/python3.7/site-packages/airflow/example_dags/example_sensors.py
[2023-02-21T12:05:43.503+0000] {logging_mixin.py:137} INFO - [2023-02-21T12:05:43.503+0000] {dag.py:2690} INFO - Sync 1 DAGs
[2023-02-21T12:05:43.623+0000] {logging_mixin.py:137} INFO - [2023-02-21T12:05:43.622+0000] {dag.py:3441} INFO - Setting next_dagrun for example_sensors to None, run_after=None
[2023-02-21T12:05:43.764+0000] {processor.py:175} INFO - Processing /home/airflow/.local/lib/python3.7/site-packages/airflow/example_dags/example_sensors.py took 0.643 seconds
[2023-02-21T12:06:14.488+0000] {processor.py:153} INFO - Started process (PID=2083) to work on /home/airflow/.local/lib/python3.7/site-packages/airflow/example_dags/example_sensors.py
[2023-02-21T12:06:14.498+0000] {processor.py:743} INFO - Processing file /home/airflow/.local/lib/python3.7/site-packages/airflow/example_dags/example_sensors.py for tasks to queue
[2023-02-21T12:06:14.500+0000] {logging_mixin.py:137} INFO - [2023-02-21T12:06:14.500+0000] {dagbag.py:538} INFO - Filling up the DagBag from /home/airflow/.local/lib/python3.7/site-packages/airflow/example_dags/example_sensors.py
[2023-02-21T12:06:14.590+0000] {processor.py:753} INFO - DAG(s) dict_keys(['example_sensors']) retrieved from /home/airflow/.local/lib/python3.7/site-packages/airflow/example_dags/example_sensors.py
[2023-02-21T12:06:14.670+0000] {logging_mixin.py:137} INFO - [2023-02-21T12:06:14.670+0000] {dag.py:2690} INFO - Sync 1 DAGs
[2023-02-21T12:06:14.767+0000] {logging_mixin.py:137} INFO - [2023-02-21T12:06:14.766+0000] {dag.py:3441} INFO - Setting next_dagrun for example_sensors to None, run_after=None
[2023-02-21T12:06:14.816+0000] {processor.py:175} INFO - Processing /home/airflow/.local/lib/python3.7/site-packages/airflow/example_dags/example_sensors.py took 0.349 seconds
[2023-02-21T12:06:45.538+0000] {processor.py:153} INFO - Started process (PID=2133) to work on /home/airflow/.local/lib/python3.7/site-packages/airflow/example_dags/example_sensors.py
[2023-02-21T12:06:45.554+0000] {processor.py:743} INFO - Processing file /home/airflow/.local/lib/python3.7/site-packages/airflow/example_dags/example_sensors.py for tasks to queue
[2023-02-21T12:06:45.556+0000] {logging_mixin.py:137} INFO - [2023-02-21T12:06:45.556+0000] {dagbag.py:538} INFO - Filling up the DagBag from /home/airflow/.local/lib/python3.7/site-packages/airflow/example_dags/example_sensors.py
[2023-02-21T12:06:45.593+0000] {processor.py:753} INFO - DAG(s) dict_keys(['example_sensors']) retrieved from /home/airflow/.local/lib/python3.7/site-packages/airflow/example_dags/example_sensors.py
[2023-02-21T12:06:45.647+0000] {logging_mixin.py:137} INFO - [2023-02-21T12:06:45.647+0000] {dag.py:2690} INFO - Sync 1 DAGs
[2023-02-21T12:06:45.707+0000] {logging_mixin.py:137} INFO - [2023-02-21T12:06:45.706+0000] {dag.py:3441} INFO - Setting next_dagrun for example_sensors to None, run_after=None
[2023-02-21T12:06:45.754+0000] {processor.py:175} INFO - Processing /home/airflow/.local/lib/python3.7/site-packages/airflow/example_dags/example_sensors.py took 0.223 seconds
[2023-02-21T12:07:15.958+0000] {processor.py:153} INFO - Started process (PID=2191) to work on /home/airflow/.local/lib/python3.7/site-packages/airflow/example_dags/example_sensors.py
[2023-02-21T12:07:15.962+0000] {processor.py:743} INFO - Processing file /home/airflow/.local/lib/python3.7/site-packages/airflow/example_dags/example_sensors.py for tasks to queue
[2023-02-21T12:07:15.964+0000] {logging_mixin.py:137} INFO - [2023-02-21T12:07:15.964+0000] {dagbag.py:538} INFO - Filling up the DagBag from /home/airflow/.local/lib/python3.7/site-packages/airflow/example_dags/example_sensors.py
[2023-02-21T12:07:16.006+0000] {processor.py:753} INFO - DAG(s) dict_keys(['example_sensors']) retrieved from /home/airflow/.local/lib/python3.7/site-packages/airflow/example_dags/example_sensors.py
[2023-02-21T12:07:16.050+0000] {logging_mixin.py:137} INFO - [2023-02-21T12:07:16.050+0000] {dag.py:2690} INFO - Sync 1 DAGs
[2023-02-21T12:07:16.085+0000] {logging_mixin.py:137} INFO - [2023-02-21T12:07:16.084+0000] {dag.py:3441} INFO - Setting next_dagrun for example_sensors to None, run_after=None
[2023-02-21T12:07:16.115+0000] {processor.py:175} INFO - Processing /home/airflow/.local/lib/python3.7/site-packages/airflow/example_dags/example_sensors.py took 0.162 seconds
[2023-02-21T12:07:46.323+0000] {processor.py:153} INFO - Started process (PID=2250) to work on /home/airflow/.local/lib/python3.7/site-packages/airflow/example_dags/example_sensors.py
[2023-02-21T12:07:46.339+0000] {processor.py:743} INFO - Processing file /home/airflow/.local/lib/python3.7/site-packages/airflow/example_dags/example_sensors.py for tasks to queue
[2023-02-21T12:07:46.343+0000] {logging_mixin.py:137} INFO - [2023-02-21T12:07:46.343+0000] {dagbag.py:538} INFO - Filling up the DagBag from /home/airflow/.local/lib/python3.7/site-packages/airflow/example_dags/example_sensors.py
[2023-02-21T12:07:46.385+0000] {processor.py:753} INFO - DAG(s) dict_keys(['example_sensors']) retrieved from /home/airflow/.local/lib/python3.7/site-packages/airflow/example_dags/example_sensors.py
[2023-02-21T12:07:46.452+0000] {logging_mixin.py:137} INFO - [2023-02-21T12:07:46.451+0000] {dag.py:2690} INFO - Sync 1 DAGs
[2023-02-21T12:07:46.521+0000] {logging_mixin.py:137} INFO - [2023-02-21T12:07:46.520+0000] {dag.py:3441} INFO - Setting next_dagrun for example_sensors to None, run_after=None
[2023-02-21T12:07:46.573+0000] {processor.py:175} INFO - Processing /home/airflow/.local/lib/python3.7/site-packages/airflow/example_dags/example_sensors.py took 0.259 seconds
[2023-02-21T12:08:18.920+0000] {processor.py:153} INFO - Started process (PID=2308) to work on /home/airflow/.local/lib/python3.7/site-packages/airflow/example_dags/example_sensors.py
[2023-02-21T12:08:18.947+0000] {processor.py:743} INFO - Processing file /home/airflow/.local/lib/python3.7/site-packages/airflow/example_dags/example_sensors.py for tasks to queue
[2023-02-21T12:08:18.952+0000] {logging_mixin.py:137} INFO - [2023-02-21T12:08:18.951+0000] {dagbag.py:538} INFO - Filling up the DagBag from /home/airflow/.local/lib/python3.7/site-packages/airflow/example_dags/example_sensors.py
[2023-02-21T12:08:19.157+0000] {processor.py:753} INFO - DAG(s) dict_keys(['example_sensors']) retrieved from /home/airflow/.local/lib/python3.7/site-packages/airflow/example_dags/example_sensors.py
[2023-02-21T12:08:19.518+0000] {logging_mixin.py:137} INFO - [2023-02-21T12:08:19.518+0000] {dag.py:2690} INFO - Sync 1 DAGs
[2023-02-21T12:08:19.732+0000] {logging_mixin.py:137} INFO - [2023-02-21T12:08:19.732+0000] {dag.py:3441} INFO - Setting next_dagrun for example_sensors to None, run_after=None
[2023-02-21T12:08:19.901+0000] {processor.py:175} INFO - Processing /home/airflow/.local/lib/python3.7/site-packages/airflow/example_dags/example_sensors.py took 1.082 seconds
[2023-02-21T12:08:50.762+0000] {processor.py:153} INFO - Started process (PID=2367) to work on /home/airflow/.local/lib/python3.7/site-packages/airflow/example_dags/example_sensors.py
[2023-02-21T12:08:50.766+0000] {processor.py:743} INFO - Processing file /home/airflow/.local/lib/python3.7/site-packages/airflow/example_dags/example_sensors.py for tasks to queue
[2023-02-21T12:08:50.768+0000] {logging_mixin.py:137} INFO - [2023-02-21T12:08:50.768+0000] {dagbag.py:538} INFO - Filling up the DagBag from /home/airflow/.local/lib/python3.7/site-packages/airflow/example_dags/example_sensors.py
[2023-02-21T12:08:50.856+0000] {processor.py:753} INFO - DAG(s) dict_keys(['example_sensors']) retrieved from /home/airflow/.local/lib/python3.7/site-packages/airflow/example_dags/example_sensors.py
[2023-02-21T12:08:50.964+0000] {logging_mixin.py:137} INFO - [2023-02-21T12:08:50.964+0000] {dag.py:2690} INFO - Sync 1 DAGs
[2023-02-21T12:08:51.051+0000] {logging_mixin.py:137} INFO - [2023-02-21T12:08:51.051+0000] {dag.py:3441} INFO - Setting next_dagrun for example_sensors to None, run_after=None
[2023-02-21T12:08:51.110+0000] {processor.py:175} INFO - Processing /home/airflow/.local/lib/python3.7/site-packages/airflow/example_dags/example_sensors.py took 0.354 seconds
[2023-02-21T12:09:22.407+0000] {processor.py:153} INFO - Started process (PID=2431) to work on /home/airflow/.local/lib/python3.7/site-packages/airflow/example_dags/example_sensors.py
[2023-02-21T12:09:22.413+0000] {processor.py:743} INFO - Processing file /home/airflow/.local/lib/python3.7/site-packages/airflow/example_dags/example_sensors.py for tasks to queue
[2023-02-21T12:09:22.435+0000] {logging_mixin.py:137} INFO - [2023-02-21T12:09:22.435+0000] {dagbag.py:538} INFO - Filling up the DagBag from /home/airflow/.local/lib/python3.7/site-packages/airflow/example_dags/example_sensors.py
[2023-02-21T12:09:22.575+0000] {processor.py:753} INFO - DAG(s) dict_keys(['example_sensors']) retrieved from /home/airflow/.local/lib/python3.7/site-packages/airflow/example_dags/example_sensors.py
[2023-02-21T12:09:22.737+0000] {logging_mixin.py:137} INFO - [2023-02-21T12:09:22.727+0000] {dag.py:2690} INFO - Sync 1 DAGs
[2023-02-21T12:09:22.936+0000] {logging_mixin.py:137} INFO - [2023-02-21T12:09:22.936+0000] {dag.py:3441} INFO - Setting next_dagrun for example_sensors to None, run_after=None
[2023-02-21T12:09:23.241+0000] {processor.py:175} INFO - Processing /home/airflow/.local/lib/python3.7/site-packages/airflow/example_dags/example_sensors.py took 0.874 seconds
[2023-02-21T12:09:54.108+0000] {processor.py:153} INFO - Started process (PID=2493) to work on /home/airflow/.local/lib/python3.7/site-packages/airflow/example_dags/example_sensors.py
[2023-02-21T12:09:54.119+0000] {processor.py:743} INFO - Processing file /home/airflow/.local/lib/python3.7/site-packages/airflow/example_dags/example_sensors.py for tasks to queue
[2023-02-21T12:09:54.129+0000] {logging_mixin.py:137} INFO - [2023-02-21T12:09:54.129+0000] {dagbag.py:538} INFO - Filling up the DagBag from /home/airflow/.local/lib/python3.7/site-packages/airflow/example_dags/example_sensors.py
[2023-02-21T12:09:54.202+0000] {processor.py:753} INFO - DAG(s) dict_keys(['example_sensors']) retrieved from /home/airflow/.local/lib/python3.7/site-packages/airflow/example_dags/example_sensors.py
[2023-02-21T12:09:54.269+0000] {logging_mixin.py:137} INFO - [2023-02-21T12:09:54.269+0000] {dag.py:2690} INFO - Sync 1 DAGs
[2023-02-21T12:09:54.323+0000] {logging_mixin.py:137} INFO - [2023-02-21T12:09:54.323+0000] {dag.py:3441} INFO - Setting next_dagrun for example_sensors to None, run_after=None
[2023-02-21T12:09:54.393+0000] {processor.py:175} INFO - Processing /home/airflow/.local/lib/python3.7/site-packages/airflow/example_dags/example_sensors.py took 0.297 seconds
[2023-02-21T12:10:24.544+0000] {processor.py:153} INFO - Started process (PID=2552) to work on /home/airflow/.local/lib/python3.7/site-packages/airflow/example_dags/example_sensors.py
[2023-02-21T12:10:24.548+0000] {processor.py:743} INFO - Processing file /home/airflow/.local/lib/python3.7/site-packages/airflow/example_dags/example_sensors.py for tasks to queue
[2023-02-21T12:10:24.551+0000] {logging_mixin.py:137} INFO - [2023-02-21T12:10:24.550+0000] {dagbag.py:538} INFO - Filling up the DagBag from /home/airflow/.local/lib/python3.7/site-packages/airflow/example_dags/example_sensors.py
[2023-02-21T12:10:24.597+0000] {processor.py:753} INFO - DAG(s) dict_keys(['example_sensors']) retrieved from /home/airflow/.local/lib/python3.7/site-packages/airflow/example_dags/example_sensors.py
[2023-02-21T12:10:24.655+0000] {logging_mixin.py:137} INFO - [2023-02-21T12:10:24.654+0000] {dag.py:2690} INFO - Sync 1 DAGs
[2023-02-21T12:10:24.713+0000] {logging_mixin.py:137} INFO - [2023-02-21T12:10:24.712+0000] {dag.py:3441} INFO - Setting next_dagrun for example_sensors to None, run_after=None
[2023-02-21T12:10:24.770+0000] {processor.py:175} INFO - Processing /home/airflow/.local/lib/python3.7/site-packages/airflow/example_dags/example_sensors.py took 0.233 seconds
[2023-02-21T12:10:54.978+0000] {processor.py:153} INFO - Started process (PID=2611) to work on /home/airflow/.local/lib/python3.7/site-packages/airflow/example_dags/example_sensors.py
[2023-02-21T12:10:54.982+0000] {processor.py:743} INFO - Processing file /home/airflow/.local/lib/python3.7/site-packages/airflow/example_dags/example_sensors.py for tasks to queue
[2023-02-21T12:10:54.989+0000] {logging_mixin.py:137} INFO - [2023-02-21T12:10:54.986+0000] {dagbag.py:538} INFO - Filling up the DagBag from /home/airflow/.local/lib/python3.7/site-packages/airflow/example_dags/example_sensors.py
[2023-02-21T12:10:55.039+0000] {processor.py:753} INFO - DAG(s) dict_keys(['example_sensors']) retrieved from /home/airflow/.local/lib/python3.7/site-packages/airflow/example_dags/example_sensors.py
[2023-02-21T12:10:55.098+0000] {logging_mixin.py:137} INFO - [2023-02-21T12:10:55.098+0000] {dag.py:2690} INFO - Sync 1 DAGs
[2023-02-21T12:10:55.150+0000] {logging_mixin.py:137} INFO - [2023-02-21T12:10:55.149+0000] {dag.py:3441} INFO - Setting next_dagrun for example_sensors to None, run_after=None
[2023-02-21T12:10:55.204+0000] {processor.py:175} INFO - Processing /home/airflow/.local/lib/python3.7/site-packages/airflow/example_dags/example_sensors.py took 0.246 seconds
[2023-02-21T12:11:26.062+0000] {processor.py:153} INFO - Started process (PID=2669) to work on /home/airflow/.local/lib/python3.7/site-packages/airflow/example_dags/example_sensors.py
[2023-02-21T12:11:26.092+0000] {processor.py:743} INFO - Processing file /home/airflow/.local/lib/python3.7/site-packages/airflow/example_dags/example_sensors.py for tasks to queue
[2023-02-21T12:11:26.097+0000] {logging_mixin.py:137} INFO - [2023-02-21T12:11:26.096+0000] {dagbag.py:538} INFO - Filling up the DagBag from /home/airflow/.local/lib/python3.7/site-packages/airflow/example_dags/example_sensors.py
[2023-02-21T12:11:26.231+0000] {processor.py:753} INFO - DAG(s) dict_keys(['example_sensors']) retrieved from /home/airflow/.local/lib/python3.7/site-packages/airflow/example_dags/example_sensors.py
[2023-02-21T12:11:26.396+0000] {logging_mixin.py:137} INFO - [2023-02-21T12:11:26.396+0000] {dag.py:2690} INFO - Sync 1 DAGs
[2023-02-21T12:11:26.544+0000] {logging_mixin.py:137} INFO - [2023-02-21T12:11:26.543+0000] {dag.py:3441} INFO - Setting next_dagrun for example_sensors to None, run_after=None
[2023-02-21T12:11:26.664+0000] {processor.py:175} INFO - Processing /home/airflow/.local/lib/python3.7/site-packages/airflow/example_dags/example_sensors.py took 0.611 seconds
[2023-02-21T12:11:57.001+0000] {processor.py:153} INFO - Started process (PID=2727) to work on /home/airflow/.local/lib/python3.7/site-packages/airflow/example_dags/example_sensors.py
[2023-02-21T12:11:57.003+0000] {processor.py:743} INFO - Processing file /home/airflow/.local/lib/python3.7/site-packages/airflow/example_dags/example_sensors.py for tasks to queue
[2023-02-21T12:11:57.006+0000] {logging_mixin.py:137} INFO - [2023-02-21T12:11:57.006+0000] {dagbag.py:538} INFO - Filling up the DagBag from /home/airflow/.local/lib/python3.7/site-packages/airflow/example_dags/example_sensors.py
[2023-02-21T12:11:57.088+0000] {processor.py:753} INFO - DAG(s) dict_keys(['example_sensors']) retrieved from /home/airflow/.local/lib/python3.7/site-packages/airflow/example_dags/example_sensors.py
[2023-02-21T12:11:57.154+0000] {logging_mixin.py:137} INFO - [2023-02-21T12:11:57.153+0000] {dag.py:2690} INFO - Sync 1 DAGs
[2023-02-21T12:11:57.249+0000] {logging_mixin.py:137} INFO - [2023-02-21T12:11:57.249+0000] {dag.py:3441} INFO - Setting next_dagrun for example_sensors to None, run_after=None
[2023-02-21T12:11:57.378+0000] {processor.py:175} INFO - Processing /home/airflow/.local/lib/python3.7/site-packages/airflow/example_dags/example_sensors.py took 0.382 seconds
[2023-02-21T12:12:27.714+0000] {processor.py:153} INFO - Started process (PID=2787) to work on /home/airflow/.local/lib/python3.7/site-packages/airflow/example_dags/example_sensors.py
[2023-02-21T12:12:27.718+0000] {processor.py:743} INFO - Processing file /home/airflow/.local/lib/python3.7/site-packages/airflow/example_dags/example_sensors.py for tasks to queue
[2023-02-21T12:12:27.722+0000] {logging_mixin.py:137} INFO - [2023-02-21T12:12:27.721+0000] {dagbag.py:538} INFO - Filling up the DagBag from /home/airflow/.local/lib/python3.7/site-packages/airflow/example_dags/example_sensors.py
[2023-02-21T12:12:27.750+0000] {processor.py:753} INFO - DAG(s) dict_keys(['example_sensors']) retrieved from /home/airflow/.local/lib/python3.7/site-packages/airflow/example_dags/example_sensors.py
[2023-02-21T12:12:27.793+0000] {logging_mixin.py:137} INFO - [2023-02-21T12:12:27.793+0000] {dag.py:2690} INFO - Sync 1 DAGs
[2023-02-21T12:12:27.824+0000] {logging_mixin.py:137} INFO - [2023-02-21T12:12:27.823+0000] {dag.py:3441} INFO - Setting next_dagrun for example_sensors to None, run_after=None
[2023-02-21T12:12:27.850+0000] {processor.py:175} INFO - Processing /home/airflow/.local/lib/python3.7/site-packages/airflow/example_dags/example_sensors.py took 0.142 seconds
[2023-02-21T12:12:58.448+0000] {processor.py:153} INFO - Started process (PID=2847) to work on /home/airflow/.local/lib/python3.7/site-packages/airflow/example_dags/example_sensors.py
[2023-02-21T12:12:58.455+0000] {processor.py:743} INFO - Processing file /home/airflow/.local/lib/python3.7/site-packages/airflow/example_dags/example_sensors.py for tasks to queue
[2023-02-21T12:12:58.460+0000] {logging_mixin.py:137} INFO - [2023-02-21T12:12:58.458+0000] {dagbag.py:538} INFO - Filling up the DagBag from /home/airflow/.local/lib/python3.7/site-packages/airflow/example_dags/example_sensors.py
[2023-02-21T12:12:58.517+0000] {processor.py:753} INFO - DAG(s) dict_keys(['example_sensors']) retrieved from /home/airflow/.local/lib/python3.7/site-packages/airflow/example_dags/example_sensors.py
[2023-02-21T12:12:58.641+0000] {logging_mixin.py:137} INFO - [2023-02-21T12:12:58.641+0000] {dag.py:2690} INFO - Sync 1 DAGs
[2023-02-21T12:12:58.764+0000] {logging_mixin.py:137} INFO - [2023-02-21T12:12:58.764+0000] {dag.py:3441} INFO - Setting next_dagrun for example_sensors to None, run_after=None
[2023-02-21T12:12:58.821+0000] {processor.py:175} INFO - Processing /home/airflow/.local/lib/python3.7/site-packages/airflow/example_dags/example_sensors.py took 0.385 seconds
[2023-02-21T12:13:29.215+0000] {processor.py:153} INFO - Started process (PID=2916) to work on /home/airflow/.local/lib/python3.7/site-packages/airflow/example_dags/example_sensors.py
[2023-02-21T12:13:29.218+0000] {processor.py:743} INFO - Processing file /home/airflow/.local/lib/python3.7/site-packages/airflow/example_dags/example_sensors.py for tasks to queue
[2023-02-21T12:13:29.221+0000] {logging_mixin.py:137} INFO - [2023-02-21T12:13:29.220+0000] {dagbag.py:538} INFO - Filling up the DagBag from /home/airflow/.local/lib/python3.7/site-packages/airflow/example_dags/example_sensors.py
[2023-02-21T12:13:29.303+0000] {processor.py:753} INFO - DAG(s) dict_keys(['example_sensors']) retrieved from /home/airflow/.local/lib/python3.7/site-packages/airflow/example_dags/example_sensors.py
[2023-02-21T12:13:29.351+0000] {logging_mixin.py:137} INFO - [2023-02-21T12:13:29.350+0000] {dag.py:2690} INFO - Sync 1 DAGs
[2023-02-21T12:13:29.393+0000] {logging_mixin.py:137} INFO - [2023-02-21T12:13:29.393+0000] {dag.py:3441} INFO - Setting next_dagrun for example_sensors to None, run_after=None
[2023-02-21T12:13:29.437+0000] {processor.py:175} INFO - Processing /home/airflow/.local/lib/python3.7/site-packages/airflow/example_dags/example_sensors.py took 0.227 seconds
[2023-02-21T12:13:59.788+0000] {processor.py:153} INFO - Started process (PID=2975) to work on /home/airflow/.local/lib/python3.7/site-packages/airflow/example_dags/example_sensors.py
[2023-02-21T12:13:59.792+0000] {processor.py:743} INFO - Processing file /home/airflow/.local/lib/python3.7/site-packages/airflow/example_dags/example_sensors.py for tasks to queue
[2023-02-21T12:13:59.795+0000] {logging_mixin.py:137} INFO - [2023-02-21T12:13:59.795+0000] {dagbag.py:538} INFO - Filling up the DagBag from /home/airflow/.local/lib/python3.7/site-packages/airflow/example_dags/example_sensors.py
[2023-02-21T12:13:59.905+0000] {processor.py:753} INFO - DAG(s) dict_keys(['example_sensors']) retrieved from /home/airflow/.local/lib/python3.7/site-packages/airflow/example_dags/example_sensors.py
[2023-02-21T12:14:00.015+0000] {logging_mixin.py:137} INFO - [2023-02-21T12:14:00.015+0000] {dag.py:2690} INFO - Sync 1 DAGs
[2023-02-21T12:14:00.055+0000] {logging_mixin.py:137} INFO - [2023-02-21T12:14:00.054+0000] {dag.py:3441} INFO - Setting next_dagrun for example_sensors to None, run_after=None
[2023-02-21T12:14:00.088+0000] {processor.py:175} INFO - Processing /home/airflow/.local/lib/python3.7/site-packages/airflow/example_dags/example_sensors.py took 0.328 seconds
[2023-02-21T12:14:30.754+0000] {processor.py:153} INFO - Started process (PID=3035) to work on /home/airflow/.local/lib/python3.7/site-packages/airflow/example_dags/example_sensors.py
[2023-02-21T12:14:30.760+0000] {processor.py:743} INFO - Processing file /home/airflow/.local/lib/python3.7/site-packages/airflow/example_dags/example_sensors.py for tasks to queue
[2023-02-21T12:14:30.768+0000] {logging_mixin.py:137} INFO - [2023-02-21T12:14:30.767+0000] {dagbag.py:538} INFO - Filling up the DagBag from /home/airflow/.local/lib/python3.7/site-packages/airflow/example_dags/example_sensors.py
[2023-02-21T12:14:30.918+0000] {processor.py:753} INFO - DAG(s) dict_keys(['example_sensors']) retrieved from /home/airflow/.local/lib/python3.7/site-packages/airflow/example_dags/example_sensors.py
[2023-02-21T12:14:31.110+0000] {logging_mixin.py:137} INFO - [2023-02-21T12:14:31.110+0000] {dag.py:2690} INFO - Sync 1 DAGs
[2023-02-21T12:14:31.198+0000] {logging_mixin.py:137} INFO - [2023-02-21T12:14:31.198+0000] {dag.py:3441} INFO - Setting next_dagrun for example_sensors to None, run_after=None
[2023-02-21T12:14:31.251+0000] {processor.py:175} INFO - Processing /home/airflow/.local/lib/python3.7/site-packages/airflow/example_dags/example_sensors.py took 0.517 seconds
[2023-02-21T12:15:01.745+0000] {processor.py:153} INFO - Started process (PID=3104) to work on /home/airflow/.local/lib/python3.7/site-packages/airflow/example_dags/example_sensors.py
[2023-02-21T12:15:01.755+0000] {processor.py:743} INFO - Processing file /home/airflow/.local/lib/python3.7/site-packages/airflow/example_dags/example_sensors.py for tasks to queue
[2023-02-21T12:15:01.758+0000] {logging_mixin.py:137} INFO - [2023-02-21T12:15:01.757+0000] {dagbag.py:538} INFO - Filling up the DagBag from /home/airflow/.local/lib/python3.7/site-packages/airflow/example_dags/example_sensors.py
[2023-02-21T12:15:01.814+0000] {processor.py:753} INFO - DAG(s) dict_keys(['example_sensors']) retrieved from /home/airflow/.local/lib/python3.7/site-packages/airflow/example_dags/example_sensors.py
[2023-02-21T12:15:01.896+0000] {logging_mixin.py:137} INFO - [2023-02-21T12:15:01.896+0000] {dag.py:2690} INFO - Sync 1 DAGs
[2023-02-21T12:15:01.952+0000] {logging_mixin.py:137} INFO - [2023-02-21T12:15:01.952+0000] {dag.py:3441} INFO - Setting next_dagrun for example_sensors to None, run_after=None
[2023-02-21T12:15:02.002+0000] {processor.py:175} INFO - Processing /home/airflow/.local/lib/python3.7/site-packages/airflow/example_dags/example_sensors.py took 0.268 seconds
[2023-02-21T12:15:32.677+0000] {processor.py:153} INFO - Started process (PID=3165) to work on /home/airflow/.local/lib/python3.7/site-packages/airflow/example_dags/example_sensors.py
[2023-02-21T12:15:32.680+0000] {processor.py:743} INFO - Processing file /home/airflow/.local/lib/python3.7/site-packages/airflow/example_dags/example_sensors.py for tasks to queue
[2023-02-21T12:15:32.682+0000] {logging_mixin.py:137} INFO - [2023-02-21T12:15:32.682+0000] {dagbag.py:538} INFO - Filling up the DagBag from /home/airflow/.local/lib/python3.7/site-packages/airflow/example_dags/example_sensors.py
[2023-02-21T12:15:32.711+0000] {processor.py:753} INFO - DAG(s) dict_keys(['example_sensors']) retrieved from /home/airflow/.local/lib/python3.7/site-packages/airflow/example_dags/example_sensors.py
[2023-02-21T12:15:32.754+0000] {logging_mixin.py:137} INFO - [2023-02-21T12:15:32.753+0000] {dag.py:2690} INFO - Sync 1 DAGs
[2023-02-21T12:15:32.785+0000] {logging_mixin.py:137} INFO - [2023-02-21T12:15:32.785+0000] {dag.py:3441} INFO - Setting next_dagrun for example_sensors to None, run_after=None
[2023-02-21T12:15:32.818+0000] {processor.py:175} INFO - Processing /home/airflow/.local/lib/python3.7/site-packages/airflow/example_dags/example_sensors.py took 0.147 seconds
[2023-02-21T12:16:03.754+0000] {processor.py:153} INFO - Started process (PID=3223) to work on /home/airflow/.local/lib/python3.7/site-packages/airflow/example_dags/example_sensors.py
[2023-02-21T12:16:03.762+0000] {processor.py:743} INFO - Processing file /home/airflow/.local/lib/python3.7/site-packages/airflow/example_dags/example_sensors.py for tasks to queue
[2023-02-21T12:16:03.774+0000] {logging_mixin.py:137} INFO - [2023-02-21T12:16:03.770+0000] {dagbag.py:538} INFO - Filling up the DagBag from /home/airflow/.local/lib/python3.7/site-packages/airflow/example_dags/example_sensors.py
[2023-02-21T12:16:03.893+0000] {processor.py:753} INFO - DAG(s) dict_keys(['example_sensors']) retrieved from /home/airflow/.local/lib/python3.7/site-packages/airflow/example_dags/example_sensors.py
[2023-02-21T12:16:03.993+0000] {logging_mixin.py:137} INFO - [2023-02-21T12:16:03.993+0000] {dag.py:2690} INFO - Sync 1 DAGs
[2023-02-21T12:16:04.058+0000] {logging_mixin.py:137} INFO - [2023-02-21T12:16:04.057+0000] {dag.py:3441} INFO - Setting next_dagrun for example_sensors to None, run_after=None
[2023-02-21T12:16:04.099+0000] {processor.py:175} INFO - Processing /home/airflow/.local/lib/python3.7/site-packages/airflow/example_dags/example_sensors.py took 0.366 seconds
[2023-02-21T12:16:35.212+0000] {processor.py:153} INFO - Started process (PID=3284) to work on /home/airflow/.local/lib/python3.7/site-packages/airflow/example_dags/example_sensors.py
[2023-02-21T12:16:35.231+0000] {processor.py:743} INFO - Processing file /home/airflow/.local/lib/python3.7/site-packages/airflow/example_dags/example_sensors.py for tasks to queue
[2023-02-21T12:16:35.237+0000] {logging_mixin.py:137} INFO - [2023-02-21T12:16:35.236+0000] {dagbag.py:538} INFO - Filling up the DagBag from /home/airflow/.local/lib/python3.7/site-packages/airflow/example_dags/example_sensors.py
[2023-02-21T12:16:35.322+0000] {processor.py:753} INFO - DAG(s) dict_keys(['example_sensors']) retrieved from /home/airflow/.local/lib/python3.7/site-packages/airflow/example_dags/example_sensors.py
[2023-02-21T12:16:35.448+0000] {logging_mixin.py:137} INFO - [2023-02-21T12:16:35.448+0000] {dag.py:2690} INFO - Sync 1 DAGs
[2023-02-21T12:16:35.587+0000] {logging_mixin.py:137} INFO - [2023-02-21T12:16:35.586+0000] {dag.py:3441} INFO - Setting next_dagrun for example_sensors to None, run_after=None
[2023-02-21T12:16:35.697+0000] {processor.py:175} INFO - Processing /home/airflow/.local/lib/python3.7/site-packages/airflow/example_dags/example_sensors.py took 0.514 seconds
[2023-02-21T12:17:05.990+0000] {processor.py:153} INFO - Started process (PID=3344) to work on /home/airflow/.local/lib/python3.7/site-packages/airflow/example_dags/example_sensors.py
[2023-02-21T12:17:05.997+0000] {processor.py:743} INFO - Processing file /home/airflow/.local/lib/python3.7/site-packages/airflow/example_dags/example_sensors.py for tasks to queue
[2023-02-21T12:17:06.005+0000] {logging_mixin.py:137} INFO - [2023-02-21T12:17:06.005+0000] {dagbag.py:538} INFO - Filling up the DagBag from /home/airflow/.local/lib/python3.7/site-packages/airflow/example_dags/example_sensors.py
[2023-02-21T12:17:06.078+0000] {processor.py:753} INFO - DAG(s) dict_keys(['example_sensors']) retrieved from /home/airflow/.local/lib/python3.7/site-packages/airflow/example_dags/example_sensors.py
[2023-02-21T12:17:06.178+0000] {logging_mixin.py:137} INFO - [2023-02-21T12:17:06.177+0000] {dag.py:2690} INFO - Sync 1 DAGs
[2023-02-21T12:17:06.320+0000] {logging_mixin.py:137} INFO - [2023-02-21T12:17:06.320+0000] {dag.py:3441} INFO - Setting next_dagrun for example_sensors to None, run_after=None
[2023-02-21T12:17:06.428+0000] {processor.py:175} INFO - Processing /home/airflow/.local/lib/python3.7/site-packages/airflow/example_dags/example_sensors.py took 0.450 seconds
[2023-02-21T12:17:37.101+0000] {processor.py:153} INFO - Started process (PID=3403) to work on /home/airflow/.local/lib/python3.7/site-packages/airflow/example_dags/example_sensors.py
[2023-02-21T12:17:37.118+0000] {processor.py:743} INFO - Processing file /home/airflow/.local/lib/python3.7/site-packages/airflow/example_dags/example_sensors.py for tasks to queue
[2023-02-21T12:17:37.142+0000] {logging_mixin.py:137} INFO - [2023-02-21T12:17:37.141+0000] {dagbag.py:538} INFO - Filling up the DagBag from /home/airflow/.local/lib/python3.7/site-packages/airflow/example_dags/example_sensors.py
[2023-02-21T12:17:37.236+0000] {processor.py:753} INFO - DAG(s) dict_keys(['example_sensors']) retrieved from /home/airflow/.local/lib/python3.7/site-packages/airflow/example_dags/example_sensors.py
[2023-02-21T12:17:37.423+0000] {logging_mixin.py:137} INFO - [2023-02-21T12:17:37.423+0000] {dag.py:2690} INFO - Sync 1 DAGs
[2023-02-21T12:17:37.541+0000] {logging_mixin.py:137} INFO - [2023-02-21T12:17:37.541+0000] {dag.py:3441} INFO - Setting next_dagrun for example_sensors to None, run_after=None
[2023-02-21T12:17:37.688+0000] {processor.py:175} INFO - Processing /home/airflow/.local/lib/python3.7/site-packages/airflow/example_dags/example_sensors.py took 0.597 seconds
[2023-02-21T12:18:07.986+0000] {processor.py:153} INFO - Started process (PID=3461) to work on /home/airflow/.local/lib/python3.7/site-packages/airflow/example_dags/example_sensors.py
[2023-02-21T12:18:07.991+0000] {processor.py:743} INFO - Processing file /home/airflow/.local/lib/python3.7/site-packages/airflow/example_dags/example_sensors.py for tasks to queue
[2023-02-21T12:18:08.011+0000] {logging_mixin.py:137} INFO - [2023-02-21T12:18:07.995+0000] {dagbag.py:538} INFO - Filling up the DagBag from /home/airflow/.local/lib/python3.7/site-packages/airflow/example_dags/example_sensors.py
[2023-02-21T12:18:08.089+0000] {processor.py:753} INFO - DAG(s) dict_keys(['example_sensors']) retrieved from /home/airflow/.local/lib/python3.7/site-packages/airflow/example_dags/example_sensors.py
[2023-02-21T12:18:08.181+0000] {logging_mixin.py:137} INFO - [2023-02-21T12:18:08.181+0000] {dag.py:2690} INFO - Sync 1 DAGs
[2023-02-21T12:18:08.275+0000] {logging_mixin.py:137} INFO - [2023-02-21T12:18:08.274+0000] {dag.py:3441} INFO - Setting next_dagrun for example_sensors to None, run_after=None
[2023-02-21T12:18:08.342+0000] {processor.py:175} INFO - Processing /home/airflow/.local/lib/python3.7/site-packages/airflow/example_dags/example_sensors.py took 0.367 seconds
[2023-02-21T12:18:40.284+0000] {processor.py:153} INFO - Started process (PID=3522) to work on /home/airflow/.local/lib/python3.7/site-packages/airflow/example_dags/example_sensors.py
[2023-02-21T12:18:40.294+0000] {processor.py:743} INFO - Processing file /home/airflow/.local/lib/python3.7/site-packages/airflow/example_dags/example_sensors.py for tasks to queue
[2023-02-21T12:18:40.306+0000] {logging_mixin.py:137} INFO - [2023-02-21T12:18:40.301+0000] {dagbag.py:538} INFO - Filling up the DagBag from /home/airflow/.local/lib/python3.7/site-packages/airflow/example_dags/example_sensors.py
[2023-02-21T12:18:40.414+0000] {processor.py:753} INFO - DAG(s) dict_keys(['example_sensors']) retrieved from /home/airflow/.local/lib/python3.7/site-packages/airflow/example_dags/example_sensors.py
[2023-02-21T12:18:40.492+0000] {logging_mixin.py:137} INFO - [2023-02-21T12:18:40.492+0000] {dag.py:2690} INFO - Sync 1 DAGs
[2023-02-21T12:18:40.553+0000] {logging_mixin.py:137} INFO - [2023-02-21T12:18:40.553+0000] {dag.py:3441} INFO - Setting next_dagrun for example_sensors to None, run_after=None
[2023-02-21T12:18:40.630+0000] {processor.py:175} INFO - Processing /home/airflow/.local/lib/python3.7/site-packages/airflow/example_dags/example_sensors.py took 0.355 seconds
[2023-02-21T12:19:11.922+0000] {processor.py:153} INFO - Started process (PID=3581) to work on /home/airflow/.local/lib/python3.7/site-packages/airflow/example_dags/example_sensors.py
[2023-02-21T12:19:11.928+0000] {processor.py:743} INFO - Processing file /home/airflow/.local/lib/python3.7/site-packages/airflow/example_dags/example_sensors.py for tasks to queue
[2023-02-21T12:19:11.936+0000] {logging_mixin.py:137} INFO - [2023-02-21T12:19:11.935+0000] {dagbag.py:538} INFO - Filling up the DagBag from /home/airflow/.local/lib/python3.7/site-packages/airflow/example_dags/example_sensors.py
[2023-02-21T12:19:12.042+0000] {processor.py:753} INFO - DAG(s) dict_keys(['example_sensors']) retrieved from /home/airflow/.local/lib/python3.7/site-packages/airflow/example_dags/example_sensors.py
[2023-02-21T12:19:12.244+0000] {logging_mixin.py:137} INFO - [2023-02-21T12:19:12.243+0000] {dag.py:2690} INFO - Sync 1 DAGs
[2023-02-21T12:19:12.375+0000] {logging_mixin.py:137} INFO - [2023-02-21T12:19:12.375+0000] {dag.py:3441} INFO - Setting next_dagrun for example_sensors to None, run_after=None
[2023-02-21T12:19:12.538+0000] {processor.py:175} INFO - Processing /home/airflow/.local/lib/python3.7/site-packages/airflow/example_dags/example_sensors.py took 0.647 seconds
[2023-02-21T12:19:43.229+0000] {processor.py:153} INFO - Started process (PID=3638) to work on /home/airflow/.local/lib/python3.7/site-packages/airflow/example_dags/example_sensors.py
[2023-02-21T12:19:43.244+0000] {processor.py:743} INFO - Processing file /home/airflow/.local/lib/python3.7/site-packages/airflow/example_dags/example_sensors.py for tasks to queue
[2023-02-21T12:19:43.256+0000] {logging_mixin.py:137} INFO - [2023-02-21T12:19:43.255+0000] {dagbag.py:538} INFO - Filling up the DagBag from /home/airflow/.local/lib/python3.7/site-packages/airflow/example_dags/example_sensors.py
[2023-02-21T12:19:43.574+0000] {processor.py:753} INFO - DAG(s) dict_keys(['example_sensors']) retrieved from /home/airflow/.local/lib/python3.7/site-packages/airflow/example_dags/example_sensors.py
[2023-02-21T12:19:43.701+0000] {logging_mixin.py:137} INFO - [2023-02-21T12:19:43.701+0000] {dag.py:2690} INFO - Sync 1 DAGs
[2023-02-21T12:19:43.870+0000] {logging_mixin.py:137} INFO - [2023-02-21T12:19:43.870+0000] {dag.py:3441} INFO - Setting next_dagrun for example_sensors to None, run_after=None
[2023-02-21T12:19:43.970+0000] {processor.py:175} INFO - Processing /home/airflow/.local/lib/python3.7/site-packages/airflow/example_dags/example_sensors.py took 0.752 seconds
[2023-02-21T12:20:14.603+0000] {processor.py:153} INFO - Started process (PID=3697) to work on /home/airflow/.local/lib/python3.7/site-packages/airflow/example_dags/example_sensors.py
[2023-02-21T12:20:14.617+0000] {processor.py:743} INFO - Processing file /home/airflow/.local/lib/python3.7/site-packages/airflow/example_dags/example_sensors.py for tasks to queue
[2023-02-21T12:20:14.621+0000] {logging_mixin.py:137} INFO - [2023-02-21T12:20:14.620+0000] {dagbag.py:538} INFO - Filling up the DagBag from /home/airflow/.local/lib/python3.7/site-packages/airflow/example_dags/example_sensors.py
[2023-02-21T12:20:14.739+0000] {processor.py:753} INFO - DAG(s) dict_keys(['example_sensors']) retrieved from /home/airflow/.local/lib/python3.7/site-packages/airflow/example_dags/example_sensors.py
[2023-02-21T12:20:14.986+0000] {logging_mixin.py:137} INFO - [2023-02-21T12:20:14.986+0000] {dag.py:2690} INFO - Sync 1 DAGs
[2023-02-21T12:20:15.135+0000] {logging_mixin.py:137} INFO - [2023-02-21T12:20:15.135+0000] {dag.py:3441} INFO - Setting next_dagrun for example_sensors to None, run_after=None
[2023-02-21T12:20:15.274+0000] {processor.py:175} INFO - Processing /home/airflow/.local/lib/python3.7/site-packages/airflow/example_dags/example_sensors.py took 0.687 seconds
[2023-02-21T12:20:45.613+0000] {processor.py:153} INFO - Started process (PID=3757) to work on /home/airflow/.local/lib/python3.7/site-packages/airflow/example_dags/example_sensors.py
[2023-02-21T12:20:45.626+0000] {processor.py:743} INFO - Processing file /home/airflow/.local/lib/python3.7/site-packages/airflow/example_dags/example_sensors.py for tasks to queue
[2023-02-21T12:20:45.631+0000] {logging_mixin.py:137} INFO - [2023-02-21T12:20:45.631+0000] {dagbag.py:538} INFO - Filling up the DagBag from /home/airflow/.local/lib/python3.7/site-packages/airflow/example_dags/example_sensors.py
[2023-02-21T12:20:45.727+0000] {processor.py:753} INFO - DAG(s) dict_keys(['example_sensors']) retrieved from /home/airflow/.local/lib/python3.7/site-packages/airflow/example_dags/example_sensors.py
[2023-02-21T12:20:45.851+0000] {logging_mixin.py:137} INFO - [2023-02-21T12:20:45.850+0000] {dag.py:2690} INFO - Sync 1 DAGs
[2023-02-21T12:20:45.923+0000] {logging_mixin.py:137} INFO - [2023-02-21T12:20:45.922+0000] {dag.py:3441} INFO - Setting next_dagrun for example_sensors to None, run_after=None
[2023-02-21T12:20:45.974+0000] {processor.py:175} INFO - Processing /home/airflow/.local/lib/python3.7/site-packages/airflow/example_dags/example_sensors.py took 0.386 seconds
[2023-02-21T12:21:16.174+0000] {processor.py:153} INFO - Started process (PID=3818) to work on /home/airflow/.local/lib/python3.7/site-packages/airflow/example_dags/example_sensors.py
[2023-02-21T12:21:16.181+0000] {processor.py:743} INFO - Processing file /home/airflow/.local/lib/python3.7/site-packages/airflow/example_dags/example_sensors.py for tasks to queue
[2023-02-21T12:21:16.188+0000] {logging_mixin.py:137} INFO - [2023-02-21T12:21:16.186+0000] {dagbag.py:538} INFO - Filling up the DagBag from /home/airflow/.local/lib/python3.7/site-packages/airflow/example_dags/example_sensors.py
[2023-02-21T12:21:16.346+0000] {processor.py:753} INFO - DAG(s) dict_keys(['example_sensors']) retrieved from /home/airflow/.local/lib/python3.7/site-packages/airflow/example_dags/example_sensors.py
[2023-02-21T12:21:16.526+0000] {logging_mixin.py:137} INFO - [2023-02-21T12:21:16.526+0000] {dag.py:2690} INFO - Sync 1 DAGs
[2023-02-21T12:21:16.627+0000] {logging_mixin.py:137} INFO - [2023-02-21T12:21:16.627+0000] {dag.py:3441} INFO - Setting next_dagrun for example_sensors to None, run_after=None
[2023-02-21T12:21:16.721+0000] {processor.py:175} INFO - Processing /home/airflow/.local/lib/python3.7/site-packages/airflow/example_dags/example_sensors.py took 0.576 seconds
[2023-02-21T12:21:47.178+0000] {processor.py:153} INFO - Started process (PID=3877) to work on /home/airflow/.local/lib/python3.7/site-packages/airflow/example_dags/example_sensors.py
[2023-02-21T12:21:47.181+0000] {processor.py:743} INFO - Processing file /home/airflow/.local/lib/python3.7/site-packages/airflow/example_dags/example_sensors.py for tasks to queue
[2023-02-21T12:21:47.184+0000] {logging_mixin.py:137} INFO - [2023-02-21T12:21:47.184+0000] {dagbag.py:538} INFO - Filling up the DagBag from /home/airflow/.local/lib/python3.7/site-packages/airflow/example_dags/example_sensors.py
[2023-02-21T12:21:47.221+0000] {processor.py:753} INFO - DAG(s) dict_keys(['example_sensors']) retrieved from /home/airflow/.local/lib/python3.7/site-packages/airflow/example_dags/example_sensors.py
[2023-02-21T12:21:47.282+0000] {logging_mixin.py:137} INFO - [2023-02-21T12:21:47.282+0000] {dag.py:2690} INFO - Sync 1 DAGs
[2023-02-21T12:21:47.328+0000] {logging_mixin.py:137} INFO - [2023-02-21T12:21:47.327+0000] {dag.py:3441} INFO - Setting next_dagrun for example_sensors to None, run_after=None
[2023-02-21T12:21:47.356+0000] {processor.py:175} INFO - Processing /home/airflow/.local/lib/python3.7/site-packages/airflow/example_dags/example_sensors.py took 0.184 seconds
[2023-02-21T12:22:18.330+0000] {processor.py:153} INFO - Started process (PID=3946) to work on /home/airflow/.local/lib/python3.7/site-packages/airflow/example_dags/example_sensors.py
[2023-02-21T12:22:18.337+0000] {processor.py:743} INFO - Processing file /home/airflow/.local/lib/python3.7/site-packages/airflow/example_dags/example_sensors.py for tasks to queue
[2023-02-21T12:22:18.358+0000] {logging_mixin.py:137} INFO - [2023-02-21T12:22:18.357+0000] {dagbag.py:538} INFO - Filling up the DagBag from /home/airflow/.local/lib/python3.7/site-packages/airflow/example_dags/example_sensors.py
[2023-02-21T12:22:18.498+0000] {processor.py:753} INFO - DAG(s) dict_keys(['example_sensors']) retrieved from /home/airflow/.local/lib/python3.7/site-packages/airflow/example_dags/example_sensors.py
[2023-02-21T12:22:18.644+0000] {logging_mixin.py:137} INFO - [2023-02-21T12:22:18.643+0000] {dag.py:2690} INFO - Sync 1 DAGs
[2023-02-21T12:22:18.706+0000] {logging_mixin.py:137} INFO - [2023-02-21T12:22:18.706+0000] {dag.py:3441} INFO - Setting next_dagrun for example_sensors to None, run_after=None
[2023-02-21T12:22:18.808+0000] {processor.py:175} INFO - Processing /home/airflow/.local/lib/python3.7/site-packages/airflow/example_dags/example_sensors.py took 0.489 seconds
[2023-02-21T12:22:49.069+0000] {processor.py:153} INFO - Started process (PID=4005) to work on /home/airflow/.local/lib/python3.7/site-packages/airflow/example_dags/example_sensors.py
[2023-02-21T12:22:49.072+0000] {processor.py:743} INFO - Processing file /home/airflow/.local/lib/python3.7/site-packages/airflow/example_dags/example_sensors.py for tasks to queue
[2023-02-21T12:22:49.080+0000] {logging_mixin.py:137} INFO - [2023-02-21T12:22:49.080+0000] {dagbag.py:538} INFO - Filling up the DagBag from /home/airflow/.local/lib/python3.7/site-packages/airflow/example_dags/example_sensors.py
[2023-02-21T12:22:49.182+0000] {processor.py:753} INFO - DAG(s) dict_keys(['example_sensors']) retrieved from /home/airflow/.local/lib/python3.7/site-packages/airflow/example_dags/example_sensors.py
[2023-02-21T12:22:49.267+0000] {logging_mixin.py:137} INFO - [2023-02-21T12:22:49.266+0000] {dag.py:2690} INFO - Sync 1 DAGs
[2023-02-21T12:22:49.386+0000] {logging_mixin.py:137} INFO - [2023-02-21T12:22:49.386+0000] {dag.py:3441} INFO - Setting next_dagrun for example_sensors to None, run_after=None
[2023-02-21T12:22:49.516+0000] {processor.py:175} INFO - Processing /home/airflow/.local/lib/python3.7/site-packages/airflow/example_dags/example_sensors.py took 0.453 seconds
[2023-02-21T12:23:19.976+0000] {processor.py:153} INFO - Started process (PID=4065) to work on /home/airflow/.local/lib/python3.7/site-packages/airflow/example_dags/example_sensors.py
[2023-02-21T12:23:19.978+0000] {processor.py:743} INFO - Processing file /home/airflow/.local/lib/python3.7/site-packages/airflow/example_dags/example_sensors.py for tasks to queue
[2023-02-21T12:23:19.981+0000] {logging_mixin.py:137} INFO - [2023-02-21T12:23:19.981+0000] {dagbag.py:538} INFO - Filling up the DagBag from /home/airflow/.local/lib/python3.7/site-packages/airflow/example_dags/example_sensors.py
[2023-02-21T12:23:20.052+0000] {processor.py:753} INFO - DAG(s) dict_keys(['example_sensors']) retrieved from /home/airflow/.local/lib/python3.7/site-packages/airflow/example_dags/example_sensors.py
[2023-02-21T12:23:20.150+0000] {logging_mixin.py:137} INFO - [2023-02-21T12:23:20.150+0000] {dag.py:2690} INFO - Sync 1 DAGs
[2023-02-21T12:23:20.197+0000] {logging_mixin.py:137} INFO - [2023-02-21T12:23:20.197+0000] {dag.py:3441} INFO - Setting next_dagrun for example_sensors to None, run_after=None
[2023-02-21T12:23:20.239+0000] {processor.py:175} INFO - Processing /home/airflow/.local/lib/python3.7/site-packages/airflow/example_dags/example_sensors.py took 0.272 seconds
[2023-02-21T12:23:51.407+0000] {processor.py:153} INFO - Started process (PID=4123) to work on /home/airflow/.local/lib/python3.7/site-packages/airflow/example_dags/example_sensors.py
[2023-02-21T12:23:51.416+0000] {processor.py:743} INFO - Processing file /home/airflow/.local/lib/python3.7/site-packages/airflow/example_dags/example_sensors.py for tasks to queue
[2023-02-21T12:23:51.419+0000] {logging_mixin.py:137} INFO - [2023-02-21T12:23:51.419+0000] {dagbag.py:538} INFO - Filling up the DagBag from /home/airflow/.local/lib/python3.7/site-packages/airflow/example_dags/example_sensors.py
[2023-02-21T12:23:51.603+0000] {processor.py:753} INFO - DAG(s) dict_keys(['example_sensors']) retrieved from /home/airflow/.local/lib/python3.7/site-packages/airflow/example_dags/example_sensors.py
[2023-02-21T12:23:51.770+0000] {logging_mixin.py:137} INFO - [2023-02-21T12:23:51.770+0000] {dag.py:2690} INFO - Sync 1 DAGs
[2023-02-21T12:23:52.029+0000] {logging_mixin.py:137} INFO - [2023-02-21T12:23:52.028+0000] {dag.py:3441} INFO - Setting next_dagrun for example_sensors to None, run_after=None
[2023-02-21T12:23:52.207+0000] {processor.py:175} INFO - Processing /home/airflow/.local/lib/python3.7/site-packages/airflow/example_dags/example_sensors.py took 0.817 seconds
