[2023-02-21T11:47:12.065+0000] {processor.py:153} INFO - Started process (PID=154) to work on /home/airflow/.local/lib/python3.7/site-packages/airflow/example_dags/example_latest_only.py
[2023-02-21T11:47:12.093+0000] {processor.py:743} INFO - Processing file /home/airflow/.local/lib/python3.7/site-packages/airflow/example_dags/example_latest_only.py for tasks to queue
[2023-02-21T11:47:12.130+0000] {logging_mixin.py:137} INFO - [2023-02-21T11:47:12.126+0000] {dagbag.py:538} INFO - Filling up the DagBag from /home/airflow/.local/lib/python3.7/site-packages/airflow/example_dags/example_latest_only.py
[2023-02-21T11:47:12.483+0000] {processor.py:753} INFO - DAG(s) dict_keys(['latest_only']) retrieved from /home/airflow/.local/lib/python3.7/site-packages/airflow/example_dags/example_latest_only.py
[2023-02-21T11:47:12.780+0000] {logging_mixin.py:137} INFO - [2023-02-21T11:47:12.780+0000] {dag.py:2690} INFO - Sync 1 DAGs
[2023-02-21T11:47:13.250+0000] {logging_mixin.py:137} INFO - [2023-02-21T11:47:13.243+0000] {dag.py:3441} INFO - Setting next_dagrun for latest_only to 2023-02-21T07:47:13.235581+00:00, run_after=2023-02-21T11:47:13.235581+00:00
[2023-02-21T11:47:13.803+0000] {processor.py:175} INFO - Processing /home/airflow/.local/lib/python3.7/site-packages/airflow/example_dags/example_latest_only.py took 1.869 seconds
[2023-02-21T11:48:05.553+0000] {processor.py:153} INFO - Started process (PID=221) to work on /home/airflow/.local/lib/python3.7/site-packages/airflow/example_dags/example_latest_only.py
[2023-02-21T11:48:05.570+0000] {processor.py:743} INFO - Processing file /home/airflow/.local/lib/python3.7/site-packages/airflow/example_dags/example_latest_only.py for tasks to queue
[2023-02-21T11:48:05.572+0000] {logging_mixin.py:137} INFO - [2023-02-21T11:48:05.572+0000] {dagbag.py:538} INFO - Filling up the DagBag from /home/airflow/.local/lib/python3.7/site-packages/airflow/example_dags/example_latest_only.py
[2023-02-21T11:48:05.614+0000] {processor.py:753} INFO - DAG(s) dict_keys(['latest_only']) retrieved from /home/airflow/.local/lib/python3.7/site-packages/airflow/example_dags/example_latest_only.py
[2023-02-21T11:48:05.742+0000] {logging_mixin.py:137} INFO - [2023-02-21T11:48:05.742+0000] {dag.py:2690} INFO - Sync 1 DAGs
[2023-02-21T11:48:05.953+0000] {logging_mixin.py:137} INFO - [2023-02-21T11:48:05.934+0000] {dag.py:3441} INFO - Setting next_dagrun for latest_only to 2023-02-21T07:48:05.934298+00:00, run_after=2023-02-21T11:48:05.934298+00:00
[2023-02-21T11:48:06.091+0000] {processor.py:175} INFO - Processing /home/airflow/.local/lib/python3.7/site-packages/airflow/example_dags/example_latest_only.py took 0.552 seconds
[2023-02-21T11:48:48.709+0000] {processor.py:153} INFO - Started process (PID=286) to work on /home/airflow/.local/lib/python3.7/site-packages/airflow/example_dags/example_latest_only.py
[2023-02-21T11:48:48.787+0000] {processor.py:743} INFO - Processing file /home/airflow/.local/lib/python3.7/site-packages/airflow/example_dags/example_latest_only.py for tasks to queue
[2023-02-21T11:48:48.907+0000] {logging_mixin.py:137} INFO - [2023-02-21T11:48:48.907+0000] {dagbag.py:538} INFO - Filling up the DagBag from /home/airflow/.local/lib/python3.7/site-packages/airflow/example_dags/example_latest_only.py
[2023-02-21T11:48:49.341+0000] {processor.py:753} INFO - DAG(s) dict_keys(['latest_only']) retrieved from /home/airflow/.local/lib/python3.7/site-packages/airflow/example_dags/example_latest_only.py
[2023-02-21T11:48:50.027+0000] {logging_mixin.py:137} INFO - [2023-02-21T11:48:50.027+0000] {dag.py:2690} INFO - Sync 1 DAGs
[2023-02-21T11:48:50.729+0000] {logging_mixin.py:137} INFO - [2023-02-21T11:48:50.712+0000] {dag.py:3441} INFO - Setting next_dagrun for latest_only to 2023-02-21T07:48:50.712132+00:00, run_after=2023-02-21T11:48:50.712132+00:00
[2023-02-21T11:48:51.179+0000] {processor.py:175} INFO - Processing /home/airflow/.local/lib/python3.7/site-packages/airflow/example_dags/example_latest_only.py took 2.516 seconds
[2023-02-21T11:50:01.172+0000] {processor.py:153} INFO - Started process (PID=365) to work on /home/airflow/.local/lib/python3.7/site-packages/airflow/example_dags/example_latest_only.py
[2023-02-21T11:50:01.214+0000] {processor.py:743} INFO - Processing file /home/airflow/.local/lib/python3.7/site-packages/airflow/example_dags/example_latest_only.py for tasks to queue
[2023-02-21T11:50:01.224+0000] {logging_mixin.py:137} INFO - [2023-02-21T11:50:01.222+0000] {dagbag.py:538} INFO - Filling up the DagBag from /home/airflow/.local/lib/python3.7/site-packages/airflow/example_dags/example_latest_only.py
[2023-02-21T11:50:01.416+0000] {processor.py:753} INFO - DAG(s) dict_keys(['latest_only']) retrieved from /home/airflow/.local/lib/python3.7/site-packages/airflow/example_dags/example_latest_only.py
[2023-02-21T11:50:01.576+0000] {logging_mixin.py:137} INFO - [2023-02-21T11:50:01.575+0000] {dag.py:2690} INFO - Sync 1 DAGs
[2023-02-21T11:50:01.978+0000] {logging_mixin.py:137} INFO - [2023-02-21T11:50:01.976+0000] {dag.py:3441} INFO - Setting next_dagrun for latest_only to 2023-02-21T07:50:01.974537+00:00, run_after=2023-02-21T11:50:01.974537+00:00
[2023-02-21T11:50:02.404+0000] {processor.py:175} INFO - Processing /home/airflow/.local/lib/python3.7/site-packages/airflow/example_dags/example_latest_only.py took 1.319 seconds
[2023-02-21T11:50:53.030+0000] {processor.py:153} INFO - Started process (PID=433) to work on /home/airflow/.local/lib/python3.7/site-packages/airflow/example_dags/example_latest_only.py
[2023-02-21T11:50:53.325+0000] {processor.py:743} INFO - Processing file /home/airflow/.local/lib/python3.7/site-packages/airflow/example_dags/example_latest_only.py for tasks to queue
[2023-02-21T11:50:53.384+0000] {logging_mixin.py:137} INFO - [2023-02-21T11:50:53.342+0000] {dagbag.py:538} INFO - Filling up the DagBag from /home/airflow/.local/lib/python3.7/site-packages/airflow/example_dags/example_latest_only.py
[2023-02-21T11:50:53.584+0000] {processor.py:753} INFO - DAG(s) dict_keys(['latest_only']) retrieved from /home/airflow/.local/lib/python3.7/site-packages/airflow/example_dags/example_latest_only.py
[2023-02-21T11:50:53.776+0000] {logging_mixin.py:137} INFO - [2023-02-21T11:50:53.776+0000] {dag.py:2690} INFO - Sync 1 DAGs
[2023-02-21T11:50:53.953+0000] {logging_mixin.py:137} INFO - [2023-02-21T11:50:53.953+0000] {dag.py:3441} INFO - Setting next_dagrun for latest_only to 2023-02-21T07:50:53.952494+00:00, run_after=2023-02-21T11:50:53.952494+00:00
[2023-02-21T11:50:54.038+0000] {processor.py:175} INFO - Processing /home/airflow/.local/lib/python3.7/site-packages/airflow/example_dags/example_latest_only.py took 1.117 seconds
[2023-02-21T11:51:24.364+0000] {processor.py:153} INFO - Started process (PID=483) to work on /home/airflow/.local/lib/python3.7/site-packages/airflow/example_dags/example_latest_only.py
[2023-02-21T11:51:24.426+0000] {processor.py:743} INFO - Processing file /home/airflow/.local/lib/python3.7/site-packages/airflow/example_dags/example_latest_only.py for tasks to queue
[2023-02-21T11:51:24.430+0000] {logging_mixin.py:137} INFO - [2023-02-21T11:51:24.430+0000] {dagbag.py:538} INFO - Filling up the DagBag from /home/airflow/.local/lib/python3.7/site-packages/airflow/example_dags/example_latest_only.py
[2023-02-21T11:51:24.517+0000] {processor.py:753} INFO - DAG(s) dict_keys(['latest_only']) retrieved from /home/airflow/.local/lib/python3.7/site-packages/airflow/example_dags/example_latest_only.py
[2023-02-21T11:51:24.594+0000] {logging_mixin.py:137} INFO - [2023-02-21T11:51:24.593+0000] {dag.py:2690} INFO - Sync 1 DAGs
[2023-02-21T11:51:24.680+0000] {logging_mixin.py:137} INFO - [2023-02-21T11:51:24.679+0000] {dag.py:3441} INFO - Setting next_dagrun for latest_only to 2023-02-21T07:51:24.676795+00:00, run_after=2023-02-21T11:51:24.676795+00:00
[2023-02-21T11:51:24.778+0000] {processor.py:175} INFO - Processing /home/airflow/.local/lib/python3.7/site-packages/airflow/example_dags/example_latest_only.py took 0.419 seconds
[2023-02-21T11:52:02.740+0000] {processor.py:153} INFO - Started process (PID=552) to work on /home/airflow/.local/lib/python3.7/site-packages/airflow/example_dags/example_latest_only.py
[2023-02-21T11:52:02.753+0000] {processor.py:743} INFO - Processing file /home/airflow/.local/lib/python3.7/site-packages/airflow/example_dags/example_latest_only.py for tasks to queue
[2023-02-21T11:52:02.757+0000] {logging_mixin.py:137} INFO - [2023-02-21T11:52:02.756+0000] {dagbag.py:538} INFO - Filling up the DagBag from /home/airflow/.local/lib/python3.7/site-packages/airflow/example_dags/example_latest_only.py
[2023-02-21T11:52:02.860+0000] {processor.py:753} INFO - DAG(s) dict_keys(['latest_only']) retrieved from /home/airflow/.local/lib/python3.7/site-packages/airflow/example_dags/example_latest_only.py
[2023-02-21T11:52:03.052+0000] {logging_mixin.py:137} INFO - [2023-02-21T11:52:03.052+0000] {dag.py:2690} INFO - Sync 1 DAGs
[2023-02-21T11:52:03.436+0000] {logging_mixin.py:137} INFO - [2023-02-21T11:52:03.436+0000] {dag.py:3441} INFO - Setting next_dagrun for latest_only to 2023-02-21T07:52:03.435394+00:00, run_after=2023-02-21T11:52:03.435394+00:00
[2023-02-21T11:52:03.571+0000] {processor.py:175} INFO - Processing /home/airflow/.local/lib/python3.7/site-packages/airflow/example_dags/example_latest_only.py took 0.839 seconds
[2023-02-21T11:52:39.410+0000] {processor.py:153} INFO - Started process (PID=604) to work on /home/airflow/.local/lib/python3.7/site-packages/airflow/example_dags/example_latest_only.py
[2023-02-21T11:52:39.420+0000] {processor.py:743} INFO - Processing file /home/airflow/.local/lib/python3.7/site-packages/airflow/example_dags/example_latest_only.py for tasks to queue
[2023-02-21T11:52:39.425+0000] {logging_mixin.py:137} INFO - [2023-02-21T11:52:39.425+0000] {dagbag.py:538} INFO - Filling up the DagBag from /home/airflow/.local/lib/python3.7/site-packages/airflow/example_dags/example_latest_only.py
[2023-02-21T11:52:39.621+0000] {processor.py:753} INFO - DAG(s) dict_keys(['latest_only']) retrieved from /home/airflow/.local/lib/python3.7/site-packages/airflow/example_dags/example_latest_only.py
[2023-02-21T11:52:39.880+0000] {logging_mixin.py:137} INFO - [2023-02-21T11:52:39.880+0000] {dag.py:2690} INFO - Sync 1 DAGs
[2023-02-21T11:52:40.248+0000] {logging_mixin.py:137} INFO - [2023-02-21T11:52:40.248+0000] {dag.py:3441} INFO - Setting next_dagrun for latest_only to 2023-02-21T07:52:40.236497+00:00, run_after=2023-02-21T11:52:40.236497+00:00
[2023-02-21T11:52:40.339+0000] {processor.py:175} INFO - Processing /home/airflow/.local/lib/python3.7/site-packages/airflow/example_dags/example_latest_only.py took 1.014 seconds
[2023-02-21T11:53:10.559+0000] {processor.py:153} INFO - Started process (PID=663) to work on /home/airflow/.local/lib/python3.7/site-packages/airflow/example_dags/example_latest_only.py
[2023-02-21T11:53:10.562+0000] {processor.py:743} INFO - Processing file /home/airflow/.local/lib/python3.7/site-packages/airflow/example_dags/example_latest_only.py for tasks to queue
[2023-02-21T11:53:10.565+0000] {logging_mixin.py:137} INFO - [2023-02-21T11:53:10.565+0000] {dagbag.py:538} INFO - Filling up the DagBag from /home/airflow/.local/lib/python3.7/site-packages/airflow/example_dags/example_latest_only.py
[2023-02-21T11:53:10.613+0000] {processor.py:753} INFO - DAG(s) dict_keys(['latest_only']) retrieved from /home/airflow/.local/lib/python3.7/site-packages/airflow/example_dags/example_latest_only.py
[2023-02-21T11:53:10.705+0000] {logging_mixin.py:137} INFO - [2023-02-21T11:53:10.705+0000] {dag.py:2690} INFO - Sync 1 DAGs
[2023-02-21T11:53:10.868+0000] {logging_mixin.py:137} INFO - [2023-02-21T11:53:10.868+0000] {dag.py:3441} INFO - Setting next_dagrun for latest_only to 2023-02-21T07:53:10.867705+00:00, run_after=2023-02-21T11:53:10.867705+00:00
[2023-02-21T11:53:10.981+0000] {processor.py:175} INFO - Processing /home/airflow/.local/lib/python3.7/site-packages/airflow/example_dags/example_latest_only.py took 0.436 seconds
[2023-02-21T11:53:43.129+0000] {processor.py:153} INFO - Started process (PID=723) to work on /home/airflow/.local/lib/python3.7/site-packages/airflow/example_dags/example_latest_only.py
[2023-02-21T11:53:43.136+0000] {processor.py:743} INFO - Processing file /home/airflow/.local/lib/python3.7/site-packages/airflow/example_dags/example_latest_only.py for tasks to queue
[2023-02-21T11:53:43.153+0000] {logging_mixin.py:137} INFO - [2023-02-21T11:53:43.152+0000] {dagbag.py:538} INFO - Filling up the DagBag from /home/airflow/.local/lib/python3.7/site-packages/airflow/example_dags/example_latest_only.py
[2023-02-21T11:53:43.473+0000] {processor.py:753} INFO - DAG(s) dict_keys(['latest_only']) retrieved from /home/airflow/.local/lib/python3.7/site-packages/airflow/example_dags/example_latest_only.py
[2023-02-21T11:53:43.703+0000] {logging_mixin.py:137} INFO - [2023-02-21T11:53:43.702+0000] {dag.py:2690} INFO - Sync 1 DAGs
[2023-02-21T11:53:44.195+0000] {logging_mixin.py:137} INFO - [2023-02-21T11:53:44.195+0000] {dag.py:3441} INFO - Setting next_dagrun for latest_only to 2023-02-21T07:53:44.194623+00:00, run_after=2023-02-21T11:53:44.194623+00:00
[2023-02-21T11:53:44.405+0000] {processor.py:175} INFO - Processing /home/airflow/.local/lib/python3.7/site-packages/airflow/example_dags/example_latest_only.py took 1.322 seconds
[2023-02-21T11:54:14.728+0000] {processor.py:153} INFO - Started process (PID=780) to work on /home/airflow/.local/lib/python3.7/site-packages/airflow/example_dags/example_latest_only.py
[2023-02-21T11:54:14.746+0000] {processor.py:743} INFO - Processing file /home/airflow/.local/lib/python3.7/site-packages/airflow/example_dags/example_latest_only.py for tasks to queue
[2023-02-21T11:54:14.749+0000] {logging_mixin.py:137} INFO - [2023-02-21T11:54:14.748+0000] {dagbag.py:538} INFO - Filling up the DagBag from /home/airflow/.local/lib/python3.7/site-packages/airflow/example_dags/example_latest_only.py
[2023-02-21T11:54:14.830+0000] {processor.py:753} INFO - DAG(s) dict_keys(['latest_only']) retrieved from /home/airflow/.local/lib/python3.7/site-packages/airflow/example_dags/example_latest_only.py
[2023-02-21T11:54:14.975+0000] {logging_mixin.py:137} INFO - [2023-02-21T11:54:14.974+0000] {dag.py:2690} INFO - Sync 1 DAGs
[2023-02-21T11:54:15.128+0000] {logging_mixin.py:137} INFO - [2023-02-21T11:54:15.125+0000] {dag.py:3441} INFO - Setting next_dagrun for latest_only to 2023-02-21T07:54:15.124282+00:00, run_after=2023-02-21T11:54:15.124282+00:00
[2023-02-21T11:54:15.378+0000] {processor.py:175} INFO - Processing /home/airflow/.local/lib/python3.7/site-packages/airflow/example_dags/example_latest_only.py took 0.665 seconds
[2023-02-21T11:54:45.753+0000] {processor.py:153} INFO - Started process (PID=838) to work on /home/airflow/.local/lib/python3.7/site-packages/airflow/example_dags/example_latest_only.py
[2023-02-21T11:54:45.757+0000] {processor.py:743} INFO - Processing file /home/airflow/.local/lib/python3.7/site-packages/airflow/example_dags/example_latest_only.py for tasks to queue
[2023-02-21T11:54:45.761+0000] {logging_mixin.py:137} INFO - [2023-02-21T11:54:45.760+0000] {dagbag.py:538} INFO - Filling up the DagBag from /home/airflow/.local/lib/python3.7/site-packages/airflow/example_dags/example_latest_only.py
[2023-02-21T11:54:45.813+0000] {processor.py:753} INFO - DAG(s) dict_keys(['latest_only']) retrieved from /home/airflow/.local/lib/python3.7/site-packages/airflow/example_dags/example_latest_only.py
[2023-02-21T11:54:45.929+0000] {logging_mixin.py:137} INFO - [2023-02-21T11:54:45.929+0000] {dag.py:2690} INFO - Sync 1 DAGs
[2023-02-21T11:54:46.195+0000] {logging_mixin.py:137} INFO - [2023-02-21T11:54:46.190+0000] {dag.py:3441} INFO - Setting next_dagrun for latest_only to 2023-02-21T07:54:46.174668+00:00, run_after=2023-02-21T11:54:46.174668+00:00
[2023-02-21T11:54:46.392+0000] {processor.py:175} INFO - Processing /home/airflow/.local/lib/python3.7/site-packages/airflow/example_dags/example_latest_only.py took 0.671 seconds
[2023-02-21T11:55:35.927+0000] {processor.py:153} INFO - Started process (PID=898) to work on /home/airflow/.local/lib/python3.7/site-packages/airflow/example_dags/example_latest_only.py
[2023-02-21T11:55:35.940+0000] {processor.py:743} INFO - Processing file /home/airflow/.local/lib/python3.7/site-packages/airflow/example_dags/example_latest_only.py for tasks to queue
[2023-02-21T11:55:35.955+0000] {logging_mixin.py:137} INFO - [2023-02-21T11:55:35.955+0000] {dagbag.py:538} INFO - Filling up the DagBag from /home/airflow/.local/lib/python3.7/site-packages/airflow/example_dags/example_latest_only.py
[2023-02-21T11:55:36.133+0000] {processor.py:753} INFO - DAG(s) dict_keys(['latest_only']) retrieved from /home/airflow/.local/lib/python3.7/site-packages/airflow/example_dags/example_latest_only.py
[2023-02-21T11:55:36.287+0000] {logging_mixin.py:137} INFO - [2023-02-21T11:55:36.285+0000] {dag.py:2690} INFO - Sync 1 DAGs
[2023-02-21T11:55:36.440+0000] {logging_mixin.py:137} INFO - [2023-02-21T11:55:36.440+0000] {dag.py:3441} INFO - Setting next_dagrun for latest_only to 2023-02-21T07:55:36.440093+00:00, run_after=2023-02-21T11:55:36.440093+00:00
[2023-02-21T11:55:36.612+0000] {processor.py:175} INFO - Processing /home/airflow/.local/lib/python3.7/site-packages/airflow/example_dags/example_latest_only.py took 0.720 seconds
[2023-02-21T11:56:06.940+0000] {processor.py:153} INFO - Started process (PID=956) to work on /home/airflow/.local/lib/python3.7/site-packages/airflow/example_dags/example_latest_only.py
[2023-02-21T11:56:06.942+0000] {processor.py:743} INFO - Processing file /home/airflow/.local/lib/python3.7/site-packages/airflow/example_dags/example_latest_only.py for tasks to queue
[2023-02-21T11:56:06.945+0000] {logging_mixin.py:137} INFO - [2023-02-21T11:56:06.945+0000] {dagbag.py:538} INFO - Filling up the DagBag from /home/airflow/.local/lib/python3.7/site-packages/airflow/example_dags/example_latest_only.py
[2023-02-21T11:56:06.996+0000] {processor.py:753} INFO - DAG(s) dict_keys(['latest_only']) retrieved from /home/airflow/.local/lib/python3.7/site-packages/airflow/example_dags/example_latest_only.py
[2023-02-21T11:56:07.068+0000] {logging_mixin.py:137} INFO - [2023-02-21T11:56:07.068+0000] {dag.py:2690} INFO - Sync 1 DAGs
[2023-02-21T11:56:07.121+0000] {logging_mixin.py:137} INFO - [2023-02-21T11:56:07.120+0000] {dag.py:3441} INFO - Setting next_dagrun for latest_only to 2023-02-21T07:56:07.120001+00:00, run_after=2023-02-21T11:56:07.120001+00:00
[2023-02-21T11:56:07.154+0000] {processor.py:175} INFO - Processing /home/airflow/.local/lib/python3.7/site-packages/airflow/example_dags/example_latest_only.py took 0.222 seconds
[2023-02-21T11:56:37.683+0000] {processor.py:153} INFO - Started process (PID=1022) to work on /home/airflow/.local/lib/python3.7/site-packages/airflow/example_dags/example_latest_only.py
[2023-02-21T11:56:37.707+0000] {processor.py:743} INFO - Processing file /home/airflow/.local/lib/python3.7/site-packages/airflow/example_dags/example_latest_only.py for tasks to queue
[2023-02-21T11:56:37.713+0000] {logging_mixin.py:137} INFO - [2023-02-21T11:56:37.712+0000] {dagbag.py:538} INFO - Filling up the DagBag from /home/airflow/.local/lib/python3.7/site-packages/airflow/example_dags/example_latest_only.py
[2023-02-21T11:56:37.782+0000] {processor.py:753} INFO - DAG(s) dict_keys(['latest_only']) retrieved from /home/airflow/.local/lib/python3.7/site-packages/airflow/example_dags/example_latest_only.py
[2023-02-21T11:56:37.931+0000] {logging_mixin.py:137} INFO - [2023-02-21T11:56:37.931+0000] {dag.py:2690} INFO - Sync 1 DAGs
[2023-02-21T11:56:38.076+0000] {logging_mixin.py:137} INFO - [2023-02-21T11:56:38.076+0000] {dag.py:3441} INFO - Setting next_dagrun for latest_only to 2023-02-21T07:56:38.075347+00:00, run_after=2023-02-21T11:56:38.075347+00:00
[2023-02-21T11:56:38.186+0000] {processor.py:175} INFO - Processing /home/airflow/.local/lib/python3.7/site-packages/airflow/example_dags/example_latest_only.py took 0.509 seconds
[2023-02-21T11:57:08.589+0000] {processor.py:153} INFO - Started process (PID=1075) to work on /home/airflow/.local/lib/python3.7/site-packages/airflow/example_dags/example_latest_only.py
[2023-02-21T11:57:08.622+0000] {processor.py:743} INFO - Processing file /home/airflow/.local/lib/python3.7/site-packages/airflow/example_dags/example_latest_only.py for tasks to queue
[2023-02-21T11:57:08.631+0000] {logging_mixin.py:137} INFO - [2023-02-21T11:57:08.630+0000] {dagbag.py:538} INFO - Filling up the DagBag from /home/airflow/.local/lib/python3.7/site-packages/airflow/example_dags/example_latest_only.py
[2023-02-21T11:57:08.675+0000] {processor.py:753} INFO - DAG(s) dict_keys(['latest_only']) retrieved from /home/airflow/.local/lib/python3.7/site-packages/airflow/example_dags/example_latest_only.py
[2023-02-21T11:57:08.736+0000] {logging_mixin.py:137} INFO - [2023-02-21T11:57:08.735+0000] {dag.py:2690} INFO - Sync 1 DAGs
[2023-02-21T11:57:08.807+0000] {logging_mixin.py:137} INFO - [2023-02-21T11:57:08.803+0000] {dag.py:3441} INFO - Setting next_dagrun for latest_only to 2023-02-21T07:57:08.803271+00:00, run_after=2023-02-21T11:57:08.803271+00:00
[2023-02-21T11:57:08.865+0000] {processor.py:175} INFO - Processing /home/airflow/.local/lib/python3.7/site-packages/airflow/example_dags/example_latest_only.py took 0.282 seconds
[2023-02-21T11:57:40.379+0000] {processor.py:153} INFO - Started process (PID=1133) to work on /home/airflow/.local/lib/python3.7/site-packages/airflow/example_dags/example_latest_only.py
[2023-02-21T11:57:40.454+0000] {processor.py:743} INFO - Processing file /home/airflow/.local/lib/python3.7/site-packages/airflow/example_dags/example_latest_only.py for tasks to queue
[2023-02-21T11:57:40.459+0000] {logging_mixin.py:137} INFO - [2023-02-21T11:57:40.458+0000] {dagbag.py:538} INFO - Filling up the DagBag from /home/airflow/.local/lib/python3.7/site-packages/airflow/example_dags/example_latest_only.py
[2023-02-21T11:57:40.511+0000] {processor.py:753} INFO - DAG(s) dict_keys(['latest_only']) retrieved from /home/airflow/.local/lib/python3.7/site-packages/airflow/example_dags/example_latest_only.py
[2023-02-21T11:57:40.674+0000] {logging_mixin.py:137} INFO - [2023-02-21T11:57:40.674+0000] {dag.py:2690} INFO - Sync 1 DAGs
[2023-02-21T11:57:40.789+0000] {logging_mixin.py:137} INFO - [2023-02-21T11:57:40.789+0000] {dag.py:3441} INFO - Setting next_dagrun for latest_only to 2023-02-21T07:57:40.789087+00:00, run_after=2023-02-21T11:57:40.789087+00:00
[2023-02-21T11:57:40.851+0000] {processor.py:175} INFO - Processing /home/airflow/.local/lib/python3.7/site-packages/airflow/example_dags/example_latest_only.py took 0.514 seconds
[2023-02-21T11:58:12.371+0000] {processor.py:153} INFO - Started process (PID=1192) to work on /home/airflow/.local/lib/python3.7/site-packages/airflow/example_dags/example_latest_only.py
[2023-02-21T11:58:12.381+0000] {processor.py:743} INFO - Processing file /home/airflow/.local/lib/python3.7/site-packages/airflow/example_dags/example_latest_only.py for tasks to queue
[2023-02-21T11:58:12.385+0000] {logging_mixin.py:137} INFO - [2023-02-21T11:58:12.384+0000] {dagbag.py:538} INFO - Filling up the DagBag from /home/airflow/.local/lib/python3.7/site-packages/airflow/example_dags/example_latest_only.py
[2023-02-21T11:58:12.505+0000] {processor.py:753} INFO - DAG(s) dict_keys(['latest_only']) retrieved from /home/airflow/.local/lib/python3.7/site-packages/airflow/example_dags/example_latest_only.py
[2023-02-21T11:58:12.737+0000] {logging_mixin.py:137} INFO - [2023-02-21T11:58:12.736+0000] {dag.py:2690} INFO - Sync 1 DAGs
[2023-02-21T11:58:12.903+0000] {logging_mixin.py:137} INFO - [2023-02-21T11:58:12.902+0000] {dag.py:3441} INFO - Setting next_dagrun for latest_only to 2023-02-21T07:58:12.901036+00:00, run_after=2023-02-21T11:58:12.901036+00:00
[2023-02-21T11:58:13.044+0000] {processor.py:175} INFO - Processing /home/airflow/.local/lib/python3.7/site-packages/airflow/example_dags/example_latest_only.py took 0.706 seconds
[2023-02-21T11:58:43.499+0000] {processor.py:153} INFO - Started process (PID=1248) to work on /home/airflow/.local/lib/python3.7/site-packages/airflow/example_dags/example_latest_only.py
[2023-02-21T11:58:43.511+0000] {processor.py:743} INFO - Processing file /home/airflow/.local/lib/python3.7/site-packages/airflow/example_dags/example_latest_only.py for tasks to queue
[2023-02-21T11:58:43.521+0000] {logging_mixin.py:137} INFO - [2023-02-21T11:58:43.520+0000] {dagbag.py:538} INFO - Filling up the DagBag from /home/airflow/.local/lib/python3.7/site-packages/airflow/example_dags/example_latest_only.py
[2023-02-21T11:58:43.646+0000] {processor.py:753} INFO - DAG(s) dict_keys(['latest_only']) retrieved from /home/airflow/.local/lib/python3.7/site-packages/airflow/example_dags/example_latest_only.py
[2023-02-21T11:58:43.750+0000] {logging_mixin.py:137} INFO - [2023-02-21T11:58:43.750+0000] {dag.py:2690} INFO - Sync 1 DAGs
[2023-02-21T11:58:43.867+0000] {logging_mixin.py:137} INFO - [2023-02-21T11:58:43.866+0000] {dag.py:3441} INFO - Setting next_dagrun for latest_only to 2023-02-21T07:58:43.866286+00:00, run_after=2023-02-21T11:58:43.866286+00:00
[2023-02-21T11:58:43.982+0000] {processor.py:175} INFO - Processing /home/airflow/.local/lib/python3.7/site-packages/airflow/example_dags/example_latest_only.py took 0.505 seconds
[2023-02-21T11:59:14.429+0000] {processor.py:153} INFO - Started process (PID=1300) to work on /home/airflow/.local/lib/python3.7/site-packages/airflow/example_dags/example_latest_only.py
[2023-02-21T11:59:14.432+0000] {processor.py:743} INFO - Processing file /home/airflow/.local/lib/python3.7/site-packages/airflow/example_dags/example_latest_only.py for tasks to queue
[2023-02-21T11:59:14.435+0000] {logging_mixin.py:137} INFO - [2023-02-21T11:59:14.434+0000] {dagbag.py:538} INFO - Filling up the DagBag from /home/airflow/.local/lib/python3.7/site-packages/airflow/example_dags/example_latest_only.py
[2023-02-21T11:59:14.480+0000] {processor.py:753} INFO - DAG(s) dict_keys(['latest_only']) retrieved from /home/airflow/.local/lib/python3.7/site-packages/airflow/example_dags/example_latest_only.py
[2023-02-21T11:59:14.548+0000] {logging_mixin.py:137} INFO - [2023-02-21T11:59:14.547+0000] {dag.py:2690} INFO - Sync 1 DAGs
[2023-02-21T11:59:14.612+0000] {logging_mixin.py:137} INFO - [2023-02-21T11:59:14.612+0000] {dag.py:3441} INFO - Setting next_dagrun for latest_only to 2023-02-21T07:59:14.611595+00:00, run_after=2023-02-21T11:59:14.611595+00:00
[2023-02-21T11:59:14.657+0000] {processor.py:175} INFO - Processing /home/airflow/.local/lib/python3.7/site-packages/airflow/example_dags/example_latest_only.py took 0.235 seconds
[2023-02-21T11:59:45.215+0000] {processor.py:153} INFO - Started process (PID=1358) to work on /home/airflow/.local/lib/python3.7/site-packages/airflow/example_dags/example_latest_only.py
[2023-02-21T11:59:45.218+0000] {processor.py:743} INFO - Processing file /home/airflow/.local/lib/python3.7/site-packages/airflow/example_dags/example_latest_only.py for tasks to queue
[2023-02-21T11:59:45.221+0000] {logging_mixin.py:137} INFO - [2023-02-21T11:59:45.221+0000] {dagbag.py:538} INFO - Filling up the DagBag from /home/airflow/.local/lib/python3.7/site-packages/airflow/example_dags/example_latest_only.py
[2023-02-21T11:59:45.267+0000] {processor.py:753} INFO - DAG(s) dict_keys(['latest_only']) retrieved from /home/airflow/.local/lib/python3.7/site-packages/airflow/example_dags/example_latest_only.py
[2023-02-21T11:59:45.349+0000] {logging_mixin.py:137} INFO - [2023-02-21T11:59:45.349+0000] {dag.py:2690} INFO - Sync 1 DAGs
[2023-02-21T11:59:45.423+0000] {logging_mixin.py:137} INFO - [2023-02-21T11:59:45.423+0000] {dag.py:3441} INFO - Setting next_dagrun for latest_only to 2023-02-21T07:59:45.422951+00:00, run_after=2023-02-21T11:59:45.422951+00:00
[2023-02-21T11:59:45.471+0000] {processor.py:175} INFO - Processing /home/airflow/.local/lib/python3.7/site-packages/airflow/example_dags/example_latest_only.py took 0.262 seconds
[2023-02-21T12:00:18.529+0000] {processor.py:153} INFO - Started process (PID=1414) to work on /home/airflow/.local/lib/python3.7/site-packages/airflow/example_dags/example_latest_only.py
[2023-02-21T12:00:18.551+0000] {processor.py:743} INFO - Processing file /home/airflow/.local/lib/python3.7/site-packages/airflow/example_dags/example_latest_only.py for tasks to queue
[2023-02-21T12:00:18.569+0000] {logging_mixin.py:137} INFO - [2023-02-21T12:00:18.568+0000] {dagbag.py:538} INFO - Filling up the DagBag from /home/airflow/.local/lib/python3.7/site-packages/airflow/example_dags/example_latest_only.py
[2023-02-21T12:00:18.634+0000] {processor.py:753} INFO - DAG(s) dict_keys(['latest_only']) retrieved from /home/airflow/.local/lib/python3.7/site-packages/airflow/example_dags/example_latest_only.py
[2023-02-21T12:00:18.729+0000] {logging_mixin.py:137} INFO - [2023-02-21T12:00:18.729+0000] {dag.py:2690} INFO - Sync 1 DAGs
[2023-02-21T12:00:18.865+0000] {logging_mixin.py:137} INFO - [2023-02-21T12:00:18.865+0000] {dag.py:3441} INFO - Setting next_dagrun for latest_only to 2023-02-21T08:00:18.864575+00:00, run_after=2023-02-21T12:00:18.864575+00:00
[2023-02-21T12:00:18.944+0000] {processor.py:175} INFO - Processing /home/airflow/.local/lib/python3.7/site-packages/airflow/example_dags/example_latest_only.py took 0.428 seconds
[2023-02-21T12:00:53.735+0000] {processor.py:153} INFO - Started process (PID=1475) to work on /home/airflow/.local/lib/python3.7/site-packages/airflow/example_dags/example_latest_only.py
[2023-02-21T12:00:53.738+0000] {processor.py:743} INFO - Processing file /home/airflow/.local/lib/python3.7/site-packages/airflow/example_dags/example_latest_only.py for tasks to queue
[2023-02-21T12:00:53.864+0000] {logging_mixin.py:137} INFO - [2023-02-21T12:00:53.864+0000] {dagbag.py:538} INFO - Filling up the DagBag from /home/airflow/.local/lib/python3.7/site-packages/airflow/example_dags/example_latest_only.py
[2023-02-21T12:00:54.153+0000] {processor.py:753} INFO - DAG(s) dict_keys(['latest_only']) retrieved from /home/airflow/.local/lib/python3.7/site-packages/airflow/example_dags/example_latest_only.py
[2023-02-21T12:00:54.283+0000] {logging_mixin.py:137} INFO - [2023-02-21T12:00:54.283+0000] {dag.py:2690} INFO - Sync 1 DAGs
[2023-02-21T12:00:54.522+0000] {logging_mixin.py:137} INFO - [2023-02-21T12:00:54.516+0000] {dag.py:3441} INFO - Setting next_dagrun for latest_only to 2023-02-21T08:00:54.516414+00:00, run_after=2023-02-21T12:00:54.516414+00:00
[2023-02-21T12:00:54.669+0000] {processor.py:175} INFO - Processing /home/airflow/.local/lib/python3.7/site-packages/airflow/example_dags/example_latest_only.py took 1.039 seconds
[2023-02-21T12:01:25.159+0000] {processor.py:153} INFO - Started process (PID=1527) to work on /home/airflow/.local/lib/python3.7/site-packages/airflow/example_dags/example_latest_only.py
[2023-02-21T12:01:25.165+0000] {processor.py:743} INFO - Processing file /home/airflow/.local/lib/python3.7/site-packages/airflow/example_dags/example_latest_only.py for tasks to queue
[2023-02-21T12:01:25.170+0000] {logging_mixin.py:137} INFO - [2023-02-21T12:01:25.170+0000] {dagbag.py:538} INFO - Filling up the DagBag from /home/airflow/.local/lib/python3.7/site-packages/airflow/example_dags/example_latest_only.py
[2023-02-21T12:01:25.204+0000] {processor.py:753} INFO - DAG(s) dict_keys(['latest_only']) retrieved from /home/airflow/.local/lib/python3.7/site-packages/airflow/example_dags/example_latest_only.py
[2023-02-21T12:01:25.265+0000] {logging_mixin.py:137} INFO - [2023-02-21T12:01:25.265+0000] {dag.py:2690} INFO - Sync 1 DAGs
[2023-02-21T12:01:25.347+0000] {logging_mixin.py:137} INFO - [2023-02-21T12:01:25.347+0000] {dag.py:3441} INFO - Setting next_dagrun for latest_only to 2023-02-21T08:01:25.346827+00:00, run_after=2023-02-21T12:01:25.346827+00:00
[2023-02-21T12:01:25.478+0000] {processor.py:175} INFO - Processing /home/airflow/.local/lib/python3.7/site-packages/airflow/example_dags/example_latest_only.py took 0.333 seconds
[2023-02-21T12:01:55.672+0000] {processor.py:153} INFO - Started process (PID=1588) to work on /home/airflow/.local/lib/python3.7/site-packages/airflow/example_dags/example_latest_only.py
[2023-02-21T12:01:55.675+0000] {processor.py:743} INFO - Processing file /home/airflow/.local/lib/python3.7/site-packages/airflow/example_dags/example_latest_only.py for tasks to queue
[2023-02-21T12:01:55.677+0000] {logging_mixin.py:137} INFO - [2023-02-21T12:01:55.677+0000] {dagbag.py:538} INFO - Filling up the DagBag from /home/airflow/.local/lib/python3.7/site-packages/airflow/example_dags/example_latest_only.py
[2023-02-21T12:01:55.697+0000] {processor.py:753} INFO - DAG(s) dict_keys(['latest_only']) retrieved from /home/airflow/.local/lib/python3.7/site-packages/airflow/example_dags/example_latest_only.py
[2023-02-21T12:01:55.740+0000] {logging_mixin.py:137} INFO - [2023-02-21T12:01:55.740+0000] {dag.py:2690} INFO - Sync 1 DAGs
[2023-02-21T12:01:55.780+0000] {logging_mixin.py:137} INFO - [2023-02-21T12:01:55.780+0000] {dag.py:3441} INFO - Setting next_dagrun for latest_only to 2023-02-21T08:01:55.779882+00:00, run_after=2023-02-21T12:01:55.779882+00:00
[2023-02-21T12:01:55.817+0000] {processor.py:175} INFO - Processing /home/airflow/.local/lib/python3.7/site-packages/airflow/example_dags/example_latest_only.py took 0.150 seconds
[2023-02-21T12:02:26.449+0000] {processor.py:153} INFO - Started process (PID=1659) to work on /home/airflow/.local/lib/python3.7/site-packages/airflow/example_dags/example_latest_only.py
[2023-02-21T12:02:26.453+0000] {processor.py:743} INFO - Processing file /home/airflow/.local/lib/python3.7/site-packages/airflow/example_dags/example_latest_only.py for tasks to queue
[2023-02-21T12:02:26.461+0000] {logging_mixin.py:137} INFO - [2023-02-21T12:02:26.460+0000] {dagbag.py:538} INFO - Filling up the DagBag from /home/airflow/.local/lib/python3.7/site-packages/airflow/example_dags/example_latest_only.py
[2023-02-21T12:02:26.518+0000] {processor.py:753} INFO - DAG(s) dict_keys(['latest_only']) retrieved from /home/airflow/.local/lib/python3.7/site-packages/airflow/example_dags/example_latest_only.py
[2023-02-21T12:02:26.580+0000] {logging_mixin.py:137} INFO - [2023-02-21T12:02:26.580+0000] {dag.py:2690} INFO - Sync 1 DAGs
[2023-02-21T12:02:26.700+0000] {logging_mixin.py:137} INFO - [2023-02-21T12:02:26.700+0000] {dag.py:3441} INFO - Setting next_dagrun for latest_only to 2023-02-21T08:02:26.700088+00:00, run_after=2023-02-21T12:02:26.700088+00:00
[2023-02-21T12:02:26.788+0000] {processor.py:175} INFO - Processing /home/airflow/.local/lib/python3.7/site-packages/airflow/example_dags/example_latest_only.py took 0.355 seconds
[2023-02-21T12:02:57.091+0000] {processor.py:153} INFO - Started process (PID=1716) to work on /home/airflow/.local/lib/python3.7/site-packages/airflow/example_dags/example_latest_only.py
[2023-02-21T12:02:57.100+0000] {processor.py:743} INFO - Processing file /home/airflow/.local/lib/python3.7/site-packages/airflow/example_dags/example_latest_only.py for tasks to queue
[2023-02-21T12:02:57.110+0000] {logging_mixin.py:137} INFO - [2023-02-21T12:02:57.109+0000] {dagbag.py:538} INFO - Filling up the DagBag from /home/airflow/.local/lib/python3.7/site-packages/airflow/example_dags/example_latest_only.py
[2023-02-21T12:02:57.163+0000] {processor.py:753} INFO - DAG(s) dict_keys(['latest_only']) retrieved from /home/airflow/.local/lib/python3.7/site-packages/airflow/example_dags/example_latest_only.py
[2023-02-21T12:02:57.296+0000] {logging_mixin.py:137} INFO - [2023-02-21T12:02:57.295+0000] {dag.py:2690} INFO - Sync 1 DAGs
[2023-02-21T12:02:57.440+0000] {logging_mixin.py:137} INFO - [2023-02-21T12:02:57.440+0000] {dag.py:3441} INFO - Setting next_dagrun for latest_only to 2023-02-21T08:02:57.439862+00:00, run_after=2023-02-21T12:02:57.439862+00:00
[2023-02-21T12:02:57.566+0000] {processor.py:175} INFO - Processing /home/airflow/.local/lib/python3.7/site-packages/airflow/example_dags/example_latest_only.py took 0.490 seconds
[2023-02-21T12:03:27.719+0000] {processor.py:153} INFO - Started process (PID=1764) to work on /home/airflow/.local/lib/python3.7/site-packages/airflow/example_dags/example_latest_only.py
[2023-02-21T12:03:27.722+0000] {processor.py:743} INFO - Processing file /home/airflow/.local/lib/python3.7/site-packages/airflow/example_dags/example_latest_only.py for tasks to queue
[2023-02-21T12:03:27.725+0000] {logging_mixin.py:137} INFO - [2023-02-21T12:03:27.725+0000] {dagbag.py:538} INFO - Filling up the DagBag from /home/airflow/.local/lib/python3.7/site-packages/airflow/example_dags/example_latest_only.py
[2023-02-21T12:03:27.823+0000] {processor.py:753} INFO - DAG(s) dict_keys(['latest_only']) retrieved from /home/airflow/.local/lib/python3.7/site-packages/airflow/example_dags/example_latest_only.py
[2023-02-21T12:03:27.902+0000] {logging_mixin.py:137} INFO - [2023-02-21T12:03:27.902+0000] {dag.py:2690} INFO - Sync 1 DAGs
[2023-02-21T12:03:27.969+0000] {logging_mixin.py:137} INFO - [2023-02-21T12:03:27.969+0000] {dag.py:3441} INFO - Setting next_dagrun for latest_only to 2023-02-21T08:03:27.968865+00:00, run_after=2023-02-21T12:03:27.968865+00:00
[2023-02-21T12:03:28.021+0000] {processor.py:175} INFO - Processing /home/airflow/.local/lib/python3.7/site-packages/airflow/example_dags/example_latest_only.py took 0.306 seconds
[2023-02-21T12:03:59.161+0000] {processor.py:153} INFO - Started process (PID=1834) to work on /home/airflow/.local/lib/python3.7/site-packages/airflow/example_dags/example_latest_only.py
[2023-02-21T12:03:59.167+0000] {processor.py:743} INFO - Processing file /home/airflow/.local/lib/python3.7/site-packages/airflow/example_dags/example_latest_only.py for tasks to queue
[2023-02-21T12:03:59.172+0000] {logging_mixin.py:137} INFO - [2023-02-21T12:03:59.170+0000] {dagbag.py:538} INFO - Filling up the DagBag from /home/airflow/.local/lib/python3.7/site-packages/airflow/example_dags/example_latest_only.py
[2023-02-21T12:03:59.249+0000] {processor.py:753} INFO - DAG(s) dict_keys(['latest_only']) retrieved from /home/airflow/.local/lib/python3.7/site-packages/airflow/example_dags/example_latest_only.py
[2023-02-21T12:03:59.372+0000] {logging_mixin.py:137} INFO - [2023-02-21T12:03:59.372+0000] {dag.py:2690} INFO - Sync 1 DAGs
[2023-02-21T12:03:59.466+0000] {logging_mixin.py:137} INFO - [2023-02-21T12:03:59.466+0000] {dag.py:3441} INFO - Setting next_dagrun for latest_only to 2023-02-21T08:03:59.465724+00:00, run_after=2023-02-21T12:03:59.465724+00:00
[2023-02-21T12:03:59.542+0000] {processor.py:175} INFO - Processing /home/airflow/.local/lib/python3.7/site-packages/airflow/example_dags/example_latest_only.py took 0.397 seconds
[2023-02-21T12:04:33.000+0000] {processor.py:153} INFO - Started process (PID=1894) to work on /home/airflow/.local/lib/python3.7/site-packages/airflow/example_dags/example_latest_only.py
[2023-02-21T12:04:33.006+0000] {processor.py:743} INFO - Processing file /home/airflow/.local/lib/python3.7/site-packages/airflow/example_dags/example_latest_only.py for tasks to queue
[2023-02-21T12:04:33.010+0000] {logging_mixin.py:137} INFO - [2023-02-21T12:04:33.010+0000] {dagbag.py:538} INFO - Filling up the DagBag from /home/airflow/.local/lib/python3.7/site-packages/airflow/example_dags/example_latest_only.py
[2023-02-21T12:04:33.057+0000] {processor.py:753} INFO - DAG(s) dict_keys(['latest_only']) retrieved from /home/airflow/.local/lib/python3.7/site-packages/airflow/example_dags/example_latest_only.py
[2023-02-21T12:04:33.229+0000] {logging_mixin.py:137} INFO - [2023-02-21T12:04:33.228+0000] {dag.py:2690} INFO - Sync 1 DAGs
[2023-02-21T12:04:33.369+0000] {logging_mixin.py:137} INFO - [2023-02-21T12:04:33.368+0000] {dag.py:3441} INFO - Setting next_dagrun for latest_only to 2023-02-21T08:04:33.368277+00:00, run_after=2023-02-21T12:04:33.368277+00:00
[2023-02-21T12:04:33.506+0000] {processor.py:175} INFO - Processing /home/airflow/.local/lib/python3.7/site-packages/airflow/example_dags/example_latest_only.py took 0.547 seconds
[2023-02-21T12:05:04.510+0000] {processor.py:153} INFO - Started process (PID=1951) to work on /home/airflow/.local/lib/python3.7/site-packages/airflow/example_dags/example_latest_only.py
[2023-02-21T12:05:04.517+0000] {processor.py:743} INFO - Processing file /home/airflow/.local/lib/python3.7/site-packages/airflow/example_dags/example_latest_only.py for tasks to queue
[2023-02-21T12:05:04.531+0000] {logging_mixin.py:137} INFO - [2023-02-21T12:05:04.530+0000] {dagbag.py:538} INFO - Filling up the DagBag from /home/airflow/.local/lib/python3.7/site-packages/airflow/example_dags/example_latest_only.py
[2023-02-21T12:05:04.682+0000] {processor.py:753} INFO - DAG(s) dict_keys(['latest_only']) retrieved from /home/airflow/.local/lib/python3.7/site-packages/airflow/example_dags/example_latest_only.py
[2023-02-21T12:05:04.880+0000] {logging_mixin.py:137} INFO - [2023-02-21T12:05:04.880+0000] {dag.py:2690} INFO - Sync 1 DAGs
[2023-02-21T12:05:05.113+0000] {logging_mixin.py:137} INFO - [2023-02-21T12:05:05.113+0000] {dag.py:3441} INFO - Setting next_dagrun for latest_only to 2023-02-21T08:05:05.107319+00:00, run_after=2023-02-21T12:05:05.107319+00:00
[2023-02-21T12:05:05.259+0000] {processor.py:175} INFO - Processing /home/airflow/.local/lib/python3.7/site-packages/airflow/example_dags/example_latest_only.py took 0.793 seconds
[2023-02-21T12:05:35.711+0000] {processor.py:153} INFO - Started process (PID=2001) to work on /home/airflow/.local/lib/python3.7/site-packages/airflow/example_dags/example_latest_only.py
[2023-02-21T12:05:35.715+0000] {processor.py:743} INFO - Processing file /home/airflow/.local/lib/python3.7/site-packages/airflow/example_dags/example_latest_only.py for tasks to queue
[2023-02-21T12:05:35.718+0000] {logging_mixin.py:137} INFO - [2023-02-21T12:05:35.717+0000] {dagbag.py:538} INFO - Filling up the DagBag from /home/airflow/.local/lib/python3.7/site-packages/airflow/example_dags/example_latest_only.py
[2023-02-21T12:05:35.749+0000] {processor.py:753} INFO - DAG(s) dict_keys(['latest_only']) retrieved from /home/airflow/.local/lib/python3.7/site-packages/airflow/example_dags/example_latest_only.py
[2023-02-21T12:05:35.791+0000] {logging_mixin.py:137} INFO - [2023-02-21T12:05:35.791+0000] {dag.py:2690} INFO - Sync 1 DAGs
[2023-02-21T12:05:35.836+0000] {logging_mixin.py:137} INFO - [2023-02-21T12:05:35.836+0000] {dag.py:3441} INFO - Setting next_dagrun for latest_only to 2023-02-21T08:05:35.835855+00:00, run_after=2023-02-21T12:05:35.835855+00:00
[2023-02-21T12:05:35.866+0000] {processor.py:175} INFO - Processing /home/airflow/.local/lib/python3.7/site-packages/airflow/example_dags/example_latest_only.py took 0.161 seconds
[2023-02-21T12:06:06.991+0000] {processor.py:153} INFO - Started process (PID=2060) to work on /home/airflow/.local/lib/python3.7/site-packages/airflow/example_dags/example_latest_only.py
[2023-02-21T12:06:07.004+0000] {processor.py:743} INFO - Processing file /home/airflow/.local/lib/python3.7/site-packages/airflow/example_dags/example_latest_only.py for tasks to queue
[2023-02-21T12:06:07.008+0000] {logging_mixin.py:137} INFO - [2023-02-21T12:06:07.007+0000] {dagbag.py:538} INFO - Filling up the DagBag from /home/airflow/.local/lib/python3.7/site-packages/airflow/example_dags/example_latest_only.py
[2023-02-21T12:06:07.040+0000] {processor.py:753} INFO - DAG(s) dict_keys(['latest_only']) retrieved from /home/airflow/.local/lib/python3.7/site-packages/airflow/example_dags/example_latest_only.py
[2023-02-21T12:06:07.140+0000] {logging_mixin.py:137} INFO - [2023-02-21T12:06:07.139+0000] {dag.py:2690} INFO - Sync 1 DAGs
[2023-02-21T12:06:07.210+0000] {logging_mixin.py:137} INFO - [2023-02-21T12:06:07.210+0000] {dag.py:3441} INFO - Setting next_dagrun for latest_only to 2023-02-21T08:06:07.210069+00:00, run_after=2023-02-21T12:06:07.210069+00:00
[2023-02-21T12:06:07.263+0000] {processor.py:175} INFO - Processing /home/airflow/.local/lib/python3.7/site-packages/airflow/example_dags/example_latest_only.py took 0.292 seconds
[2023-02-21T12:06:38.656+0000] {processor.py:153} INFO - Started process (PID=2119) to work on /home/airflow/.local/lib/python3.7/site-packages/airflow/example_dags/example_latest_only.py
[2023-02-21T12:06:38.662+0000] {processor.py:743} INFO - Processing file /home/airflow/.local/lib/python3.7/site-packages/airflow/example_dags/example_latest_only.py for tasks to queue
[2023-02-21T12:06:38.669+0000] {logging_mixin.py:137} INFO - [2023-02-21T12:06:38.668+0000] {dagbag.py:538} INFO - Filling up the DagBag from /home/airflow/.local/lib/python3.7/site-packages/airflow/example_dags/example_latest_only.py
[2023-02-21T12:06:38.897+0000] {processor.py:753} INFO - DAG(s) dict_keys(['latest_only']) retrieved from /home/airflow/.local/lib/python3.7/site-packages/airflow/example_dags/example_latest_only.py
[2023-02-21T12:06:39.013+0000] {logging_mixin.py:137} INFO - [2023-02-21T12:06:39.013+0000] {dag.py:2690} INFO - Sync 1 DAGs
[2023-02-21T12:06:39.182+0000] {logging_mixin.py:137} INFO - [2023-02-21T12:06:39.181+0000] {dag.py:3441} INFO - Setting next_dagrun for latest_only to 2023-02-21T08:06:39.181298+00:00, run_after=2023-02-21T12:06:39.181298+00:00
[2023-02-21T12:06:39.366+0000] {processor.py:175} INFO - Processing /home/airflow/.local/lib/python3.7/site-packages/airflow/example_dags/example_latest_only.py took 0.744 seconds
[2023-02-21T12:07:09.619+0000] {processor.py:153} INFO - Started process (PID=2177) to work on /home/airflow/.local/lib/python3.7/site-packages/airflow/example_dags/example_latest_only.py
[2023-02-21T12:07:09.623+0000] {processor.py:743} INFO - Processing file /home/airflow/.local/lib/python3.7/site-packages/airflow/example_dags/example_latest_only.py for tasks to queue
[2023-02-21T12:07:09.634+0000] {logging_mixin.py:137} INFO - [2023-02-21T12:07:09.634+0000] {dagbag.py:538} INFO - Filling up the DagBag from /home/airflow/.local/lib/python3.7/site-packages/airflow/example_dags/example_latest_only.py
[2023-02-21T12:07:09.662+0000] {processor.py:753} INFO - DAG(s) dict_keys(['latest_only']) retrieved from /home/airflow/.local/lib/python3.7/site-packages/airflow/example_dags/example_latest_only.py
[2023-02-21T12:07:09.712+0000] {logging_mixin.py:137} INFO - [2023-02-21T12:07:09.711+0000] {dag.py:2690} INFO - Sync 1 DAGs
[2023-02-21T12:07:09.797+0000] {logging_mixin.py:137} INFO - [2023-02-21T12:07:09.796+0000] {dag.py:3441} INFO - Setting next_dagrun for latest_only to 2023-02-21T08:07:09.796377+00:00, run_after=2023-02-21T12:07:09.796377+00:00
[2023-02-21T12:07:09.862+0000] {processor.py:175} INFO - Processing /home/airflow/.local/lib/python3.7/site-packages/airflow/example_dags/example_latest_only.py took 0.248 seconds
[2023-02-21T12:07:40.465+0000] {processor.py:153} INFO - Started process (PID=2236) to work on /home/airflow/.local/lib/python3.7/site-packages/airflow/example_dags/example_latest_only.py
[2023-02-21T12:07:40.469+0000] {processor.py:743} INFO - Processing file /home/airflow/.local/lib/python3.7/site-packages/airflow/example_dags/example_latest_only.py for tasks to queue
[2023-02-21T12:07:40.475+0000] {logging_mixin.py:137} INFO - [2023-02-21T12:07:40.475+0000] {dagbag.py:538} INFO - Filling up the DagBag from /home/airflow/.local/lib/python3.7/site-packages/airflow/example_dags/example_latest_only.py
[2023-02-21T12:07:40.508+0000] {processor.py:753} INFO - DAG(s) dict_keys(['latest_only']) retrieved from /home/airflow/.local/lib/python3.7/site-packages/airflow/example_dags/example_latest_only.py
[2023-02-21T12:07:40.581+0000] {logging_mixin.py:137} INFO - [2023-02-21T12:07:40.581+0000] {dag.py:2690} INFO - Sync 1 DAGs
[2023-02-21T12:07:40.680+0000] {logging_mixin.py:137} INFO - [2023-02-21T12:07:40.680+0000] {dag.py:3441} INFO - Setting next_dagrun for latest_only to 2023-02-21T08:07:40.679589+00:00, run_after=2023-02-21T12:07:40.679589+00:00
[2023-02-21T12:07:40.829+0000] {processor.py:175} INFO - Processing /home/airflow/.local/lib/python3.7/site-packages/airflow/example_dags/example_latest_only.py took 0.373 seconds
[2023-02-21T12:08:11.353+0000] {processor.py:153} INFO - Started process (PID=2295) to work on /home/airflow/.local/lib/python3.7/site-packages/airflow/example_dags/example_latest_only.py
[2023-02-21T12:08:11.360+0000] {processor.py:743} INFO - Processing file /home/airflow/.local/lib/python3.7/site-packages/airflow/example_dags/example_latest_only.py for tasks to queue
[2023-02-21T12:08:11.373+0000] {logging_mixin.py:137} INFO - [2023-02-21T12:08:11.372+0000] {dagbag.py:538} INFO - Filling up the DagBag from /home/airflow/.local/lib/python3.7/site-packages/airflow/example_dags/example_latest_only.py
[2023-02-21T12:08:11.469+0000] {processor.py:753} INFO - DAG(s) dict_keys(['latest_only']) retrieved from /home/airflow/.local/lib/python3.7/site-packages/airflow/example_dags/example_latest_only.py
[2023-02-21T12:08:11.611+0000] {logging_mixin.py:137} INFO - [2023-02-21T12:08:11.611+0000] {dag.py:2690} INFO - Sync 1 DAGs
[2023-02-21T12:08:11.742+0000] {logging_mixin.py:137} INFO - [2023-02-21T12:08:11.741+0000] {dag.py:3441} INFO - Setting next_dagrun for latest_only to 2023-02-21T08:08:11.737746+00:00, run_after=2023-02-21T12:08:11.737746+00:00
[2023-02-21T12:08:11.852+0000] {processor.py:175} INFO - Processing /home/airflow/.local/lib/python3.7/site-packages/airflow/example_dags/example_latest_only.py took 0.523 seconds
[2023-02-21T12:08:42.151+0000] {processor.py:153} INFO - Started process (PID=2354) to work on /home/airflow/.local/lib/python3.7/site-packages/airflow/example_dags/example_latest_only.py
[2023-02-21T12:08:42.153+0000] {processor.py:743} INFO - Processing file /home/airflow/.local/lib/python3.7/site-packages/airflow/example_dags/example_latest_only.py for tasks to queue
[2023-02-21T12:08:42.156+0000] {logging_mixin.py:137} INFO - [2023-02-21T12:08:42.156+0000] {dagbag.py:538} INFO - Filling up the DagBag from /home/airflow/.local/lib/python3.7/site-packages/airflow/example_dags/example_latest_only.py
[2023-02-21T12:08:42.194+0000] {processor.py:753} INFO - DAG(s) dict_keys(['latest_only']) retrieved from /home/airflow/.local/lib/python3.7/site-packages/airflow/example_dags/example_latest_only.py
[2023-02-21T12:08:42.260+0000] {logging_mixin.py:137} INFO - [2023-02-21T12:08:42.260+0000] {dag.py:2690} INFO - Sync 1 DAGs
[2023-02-21T12:08:42.326+0000] {logging_mixin.py:137} INFO - [2023-02-21T12:08:42.326+0000] {dag.py:3441} INFO - Setting next_dagrun for latest_only to 2023-02-21T08:08:42.325634+00:00, run_after=2023-02-21T12:08:42.325634+00:00
[2023-02-21T12:08:42.376+0000] {processor.py:175} INFO - Processing /home/airflow/.local/lib/python3.7/site-packages/airflow/example_dags/example_latest_only.py took 0.234 seconds
[2023-02-21T12:09:13.568+0000] {processor.py:153} INFO - Started process (PID=2412) to work on /home/airflow/.local/lib/python3.7/site-packages/airflow/example_dags/example_latest_only.py
[2023-02-21T12:09:13.576+0000] {processor.py:743} INFO - Processing file /home/airflow/.local/lib/python3.7/site-packages/airflow/example_dags/example_latest_only.py for tasks to queue
[2023-02-21T12:09:13.588+0000] {logging_mixin.py:137} INFO - [2023-02-21T12:09:13.588+0000] {dagbag.py:538} INFO - Filling up the DagBag from /home/airflow/.local/lib/python3.7/site-packages/airflow/example_dags/example_latest_only.py
[2023-02-21T12:09:13.628+0000] {processor.py:753} INFO - DAG(s) dict_keys(['latest_only']) retrieved from /home/airflow/.local/lib/python3.7/site-packages/airflow/example_dags/example_latest_only.py
[2023-02-21T12:09:13.715+0000] {logging_mixin.py:137} INFO - [2023-02-21T12:09:13.715+0000] {dag.py:2690} INFO - Sync 1 DAGs
[2023-02-21T12:09:13.797+0000] {logging_mixin.py:137} INFO - [2023-02-21T12:09:13.797+0000] {dag.py:3441} INFO - Setting next_dagrun for latest_only to 2023-02-21T08:09:13.797042+00:00, run_after=2023-02-21T12:09:13.797042+00:00
[2023-02-21T12:09:13.849+0000] {processor.py:175} INFO - Processing /home/airflow/.local/lib/python3.7/site-packages/airflow/example_dags/example_latest_only.py took 0.288 seconds
[2023-02-21T12:09:44.463+0000] {processor.py:153} INFO - Started process (PID=2470) to work on /home/airflow/.local/lib/python3.7/site-packages/airflow/example_dags/example_latest_only.py
[2023-02-21T12:09:44.468+0000] {processor.py:743} INFO - Processing file /home/airflow/.local/lib/python3.7/site-packages/airflow/example_dags/example_latest_only.py for tasks to queue
[2023-02-21T12:09:44.472+0000] {logging_mixin.py:137} INFO - [2023-02-21T12:09:44.471+0000] {dagbag.py:538} INFO - Filling up the DagBag from /home/airflow/.local/lib/python3.7/site-packages/airflow/example_dags/example_latest_only.py
[2023-02-21T12:09:44.513+0000] {processor.py:753} INFO - DAG(s) dict_keys(['latest_only']) retrieved from /home/airflow/.local/lib/python3.7/site-packages/airflow/example_dags/example_latest_only.py
[2023-02-21T12:09:44.576+0000] {logging_mixin.py:137} INFO - [2023-02-21T12:09:44.576+0000] {dag.py:2690} INFO - Sync 1 DAGs
[2023-02-21T12:09:44.643+0000] {logging_mixin.py:137} INFO - [2023-02-21T12:09:44.643+0000] {dag.py:3441} INFO - Setting next_dagrun for latest_only to 2023-02-21T08:09:44.643118+00:00, run_after=2023-02-21T12:09:44.643118+00:00
[2023-02-21T12:09:44.687+0000] {processor.py:175} INFO - Processing /home/airflow/.local/lib/python3.7/site-packages/airflow/example_dags/example_latest_only.py took 0.234 seconds
[2023-02-21T12:10:15.091+0000] {processor.py:153} INFO - Started process (PID=2530) to work on /home/airflow/.local/lib/python3.7/site-packages/airflow/example_dags/example_latest_only.py
[2023-02-21T12:10:15.094+0000] {processor.py:743} INFO - Processing file /home/airflow/.local/lib/python3.7/site-packages/airflow/example_dags/example_latest_only.py for tasks to queue
[2023-02-21T12:10:15.098+0000] {logging_mixin.py:137} INFO - [2023-02-21T12:10:15.098+0000] {dagbag.py:538} INFO - Filling up the DagBag from /home/airflow/.local/lib/python3.7/site-packages/airflow/example_dags/example_latest_only.py
[2023-02-21T12:10:15.180+0000] {processor.py:753} INFO - DAG(s) dict_keys(['latest_only']) retrieved from /home/airflow/.local/lib/python3.7/site-packages/airflow/example_dags/example_latest_only.py
[2023-02-21T12:10:15.348+0000] {logging_mixin.py:137} INFO - [2023-02-21T12:10:15.348+0000] {dag.py:2690} INFO - Sync 1 DAGs
[2023-02-21T12:10:15.397+0000] {logging_mixin.py:137} INFO - [2023-02-21T12:10:15.397+0000] {dag.py:3441} INFO - Setting next_dagrun for latest_only to 2023-02-21T08:10:15.397412+00:00, run_after=2023-02-21T12:10:15.397412+00:00
[2023-02-21T12:10:15.457+0000] {processor.py:175} INFO - Processing /home/airflow/.local/lib/python3.7/site-packages/airflow/example_dags/example_latest_only.py took 0.395 seconds
[2023-02-21T12:10:46.262+0000] {processor.py:153} INFO - Started process (PID=2590) to work on /home/airflow/.local/lib/python3.7/site-packages/airflow/example_dags/example_latest_only.py
[2023-02-21T12:10:46.294+0000] {processor.py:743} INFO - Processing file /home/airflow/.local/lib/python3.7/site-packages/airflow/example_dags/example_latest_only.py for tasks to queue
[2023-02-21T12:10:46.299+0000] {logging_mixin.py:137} INFO - [2023-02-21T12:10:46.298+0000] {dagbag.py:538} INFO - Filling up the DagBag from /home/airflow/.local/lib/python3.7/site-packages/airflow/example_dags/example_latest_only.py
[2023-02-21T12:10:46.339+0000] {processor.py:753} INFO - DAG(s) dict_keys(['latest_only']) retrieved from /home/airflow/.local/lib/python3.7/site-packages/airflow/example_dags/example_latest_only.py
[2023-02-21T12:10:46.480+0000] {logging_mixin.py:137} INFO - [2023-02-21T12:10:46.479+0000] {dag.py:2690} INFO - Sync 1 DAGs
[2023-02-21T12:10:46.650+0000] {logging_mixin.py:137} INFO - [2023-02-21T12:10:46.650+0000] {dag.py:3441} INFO - Setting next_dagrun for latest_only to 2023-02-21T08:10:46.650001+00:00, run_after=2023-02-21T12:10:46.650001+00:00
[2023-02-21T12:10:46.767+0000] {processor.py:175} INFO - Processing /home/airflow/.local/lib/python3.7/site-packages/airflow/example_dags/example_latest_only.py took 0.517 seconds
[2023-02-21T12:11:17.797+0000] {processor.py:153} INFO - Started process (PID=2648) to work on /home/airflow/.local/lib/python3.7/site-packages/airflow/example_dags/example_latest_only.py
[2023-02-21T12:11:17.821+0000] {processor.py:743} INFO - Processing file /home/airflow/.local/lib/python3.7/site-packages/airflow/example_dags/example_latest_only.py for tasks to queue
[2023-02-21T12:11:17.825+0000] {logging_mixin.py:137} INFO - [2023-02-21T12:11:17.825+0000] {dagbag.py:538} INFO - Filling up the DagBag from /home/airflow/.local/lib/python3.7/site-packages/airflow/example_dags/example_latest_only.py
[2023-02-21T12:11:17.909+0000] {processor.py:753} INFO - DAG(s) dict_keys(['latest_only']) retrieved from /home/airflow/.local/lib/python3.7/site-packages/airflow/example_dags/example_latest_only.py
[2023-02-21T12:11:18.043+0000] {logging_mixin.py:137} INFO - [2023-02-21T12:11:18.043+0000] {dag.py:2690} INFO - Sync 1 DAGs
[2023-02-21T12:11:18.204+0000] {logging_mixin.py:137} INFO - [2023-02-21T12:11:18.204+0000] {dag.py:3441} INFO - Setting next_dagrun for latest_only to 2023-02-21T08:11:18.204252+00:00, run_after=2023-02-21T12:11:18.204252+00:00
[2023-02-21T12:11:18.420+0000] {processor.py:175} INFO - Processing /home/airflow/.local/lib/python3.7/site-packages/airflow/example_dags/example_latest_only.py took 0.665 seconds
[2023-02-21T12:11:48.954+0000] {processor.py:153} INFO - Started process (PID=2709) to work on /home/airflow/.local/lib/python3.7/site-packages/airflow/example_dags/example_latest_only.py
[2023-02-21T12:11:48.959+0000] {processor.py:743} INFO - Processing file /home/airflow/.local/lib/python3.7/site-packages/airflow/example_dags/example_latest_only.py for tasks to queue
[2023-02-21T12:11:48.970+0000] {logging_mixin.py:137} INFO - [2023-02-21T12:11:48.970+0000] {dagbag.py:538} INFO - Filling up the DagBag from /home/airflow/.local/lib/python3.7/site-packages/airflow/example_dags/example_latest_only.py
[2023-02-21T12:11:49.049+0000] {processor.py:753} INFO - DAG(s) dict_keys(['latest_only']) retrieved from /home/airflow/.local/lib/python3.7/site-packages/airflow/example_dags/example_latest_only.py
[2023-02-21T12:11:49.211+0000] {logging_mixin.py:137} INFO - [2023-02-21T12:11:49.211+0000] {dag.py:2690} INFO - Sync 1 DAGs
[2023-02-21T12:11:49.361+0000] {logging_mixin.py:137} INFO - [2023-02-21T12:11:49.361+0000] {dag.py:3441} INFO - Setting next_dagrun for latest_only to 2023-02-21T08:11:49.360568+00:00, run_after=2023-02-21T12:11:49.360568+00:00
[2023-02-21T12:11:49.455+0000] {processor.py:175} INFO - Processing /home/airflow/.local/lib/python3.7/site-packages/airflow/example_dags/example_latest_only.py took 0.513 seconds
[2023-02-21T12:12:20.017+0000] {processor.py:153} INFO - Started process (PID=2767) to work on /home/airflow/.local/lib/python3.7/site-packages/airflow/example_dags/example_latest_only.py
[2023-02-21T12:12:20.021+0000] {processor.py:743} INFO - Processing file /home/airflow/.local/lib/python3.7/site-packages/airflow/example_dags/example_latest_only.py for tasks to queue
[2023-02-21T12:12:20.025+0000] {logging_mixin.py:137} INFO - [2023-02-21T12:12:20.025+0000] {dagbag.py:538} INFO - Filling up the DagBag from /home/airflow/.local/lib/python3.7/site-packages/airflow/example_dags/example_latest_only.py
[2023-02-21T12:12:20.082+0000] {processor.py:753} INFO - DAG(s) dict_keys(['latest_only']) retrieved from /home/airflow/.local/lib/python3.7/site-packages/airflow/example_dags/example_latest_only.py
[2023-02-21T12:12:20.208+0000] {logging_mixin.py:137} INFO - [2023-02-21T12:12:20.208+0000] {dag.py:2690} INFO - Sync 1 DAGs
[2023-02-21T12:12:20.285+0000] {logging_mixin.py:137} INFO - [2023-02-21T12:12:20.285+0000] {dag.py:3441} INFO - Setting next_dagrun for latest_only to 2023-02-21T08:12:20.284014+00:00, run_after=2023-02-21T12:12:20.284014+00:00
[2023-02-21T12:12:20.362+0000] {processor.py:175} INFO - Processing /home/airflow/.local/lib/python3.7/site-packages/airflow/example_dags/example_latest_only.py took 0.360 seconds
[2023-02-21T12:12:51.212+0000] {processor.py:153} INFO - Started process (PID=2838) to work on /home/airflow/.local/lib/python3.7/site-packages/airflow/example_dags/example_latest_only.py
[2023-02-21T12:12:51.221+0000] {processor.py:743} INFO - Processing file /home/airflow/.local/lib/python3.7/site-packages/airflow/example_dags/example_latest_only.py for tasks to queue
[2023-02-21T12:12:51.226+0000] {logging_mixin.py:137} INFO - [2023-02-21T12:12:51.225+0000] {dagbag.py:538} INFO - Filling up the DagBag from /home/airflow/.local/lib/python3.7/site-packages/airflow/example_dags/example_latest_only.py
[2023-02-21T12:12:51.279+0000] {processor.py:753} INFO - DAG(s) dict_keys(['latest_only']) retrieved from /home/airflow/.local/lib/python3.7/site-packages/airflow/example_dags/example_latest_only.py
[2023-02-21T12:12:51.321+0000] {logging_mixin.py:137} INFO - [2023-02-21T12:12:51.321+0000] {dag.py:2690} INFO - Sync 1 DAGs
[2023-02-21T12:12:51.359+0000] {logging_mixin.py:137} INFO - [2023-02-21T12:12:51.359+0000] {dag.py:3441} INFO - Setting next_dagrun for latest_only to 2023-02-21T08:12:51.358934+00:00, run_after=2023-02-21T12:12:51.358934+00:00
[2023-02-21T12:12:51.391+0000] {processor.py:175} INFO - Processing /home/airflow/.local/lib/python3.7/site-packages/airflow/example_dags/example_latest_only.py took 0.191 seconds
[2023-02-21T12:13:21.897+0000] {processor.py:153} INFO - Started process (PID=2897) to work on /home/airflow/.local/lib/python3.7/site-packages/airflow/example_dags/example_latest_only.py
[2023-02-21T12:13:21.900+0000] {processor.py:743} INFO - Processing file /home/airflow/.local/lib/python3.7/site-packages/airflow/example_dags/example_latest_only.py for tasks to queue
[2023-02-21T12:13:21.904+0000] {logging_mixin.py:137} INFO - [2023-02-21T12:13:21.903+0000] {dagbag.py:538} INFO - Filling up the DagBag from /home/airflow/.local/lib/python3.7/site-packages/airflow/example_dags/example_latest_only.py
[2023-02-21T12:13:21.937+0000] {processor.py:753} INFO - DAG(s) dict_keys(['latest_only']) retrieved from /home/airflow/.local/lib/python3.7/site-packages/airflow/example_dags/example_latest_only.py
[2023-02-21T12:13:21.991+0000] {logging_mixin.py:137} INFO - [2023-02-21T12:13:21.991+0000] {dag.py:2690} INFO - Sync 1 DAGs
[2023-02-21T12:13:22.038+0000] {logging_mixin.py:137} INFO - [2023-02-21T12:13:22.038+0000] {dag.py:3441} INFO - Setting next_dagrun for latest_only to 2023-02-21T08:13:22.038051+00:00, run_after=2023-02-21T12:13:22.038051+00:00
[2023-02-21T12:13:22.082+0000] {processor.py:175} INFO - Processing /home/airflow/.local/lib/python3.7/site-packages/airflow/example_dags/example_latest_only.py took 0.194 seconds
[2023-02-21T12:13:52.219+0000] {processor.py:153} INFO - Started process (PID=2956) to work on /home/airflow/.local/lib/python3.7/site-packages/airflow/example_dags/example_latest_only.py
[2023-02-21T12:13:52.224+0000] {processor.py:743} INFO - Processing file /home/airflow/.local/lib/python3.7/site-packages/airflow/example_dags/example_latest_only.py for tasks to queue
[2023-02-21T12:13:52.227+0000] {logging_mixin.py:137} INFO - [2023-02-21T12:13:52.227+0000] {dagbag.py:538} INFO - Filling up the DagBag from /home/airflow/.local/lib/python3.7/site-packages/airflow/example_dags/example_latest_only.py
[2023-02-21T12:13:52.249+0000] {processor.py:753} INFO - DAG(s) dict_keys(['latest_only']) retrieved from /home/airflow/.local/lib/python3.7/site-packages/airflow/example_dags/example_latest_only.py
[2023-02-21T12:13:52.303+0000] {logging_mixin.py:137} INFO - [2023-02-21T12:13:52.303+0000] {dag.py:2690} INFO - Sync 1 DAGs
[2023-02-21T12:13:52.341+0000] {logging_mixin.py:137} INFO - [2023-02-21T12:13:52.341+0000] {dag.py:3441} INFO - Setting next_dagrun for latest_only to 2023-02-21T08:13:52.341336+00:00, run_after=2023-02-21T12:13:52.341336+00:00
[2023-02-21T12:13:52.371+0000] {processor.py:175} INFO - Processing /home/airflow/.local/lib/python3.7/site-packages/airflow/example_dags/example_latest_only.py took 0.158 seconds
[2023-02-21T12:14:23.121+0000] {processor.py:153} INFO - Started process (PID=3024) to work on /home/airflow/.local/lib/python3.7/site-packages/airflow/example_dags/example_latest_only.py
[2023-02-21T12:14:23.124+0000] {processor.py:743} INFO - Processing file /home/airflow/.local/lib/python3.7/site-packages/airflow/example_dags/example_latest_only.py for tasks to queue
[2023-02-21T12:14:23.127+0000] {logging_mixin.py:137} INFO - [2023-02-21T12:14:23.127+0000] {dagbag.py:538} INFO - Filling up the DagBag from /home/airflow/.local/lib/python3.7/site-packages/airflow/example_dags/example_latest_only.py
[2023-02-21T12:14:23.169+0000] {processor.py:753} INFO - DAG(s) dict_keys(['latest_only']) retrieved from /home/airflow/.local/lib/python3.7/site-packages/airflow/example_dags/example_latest_only.py
[2023-02-21T12:14:23.212+0000] {logging_mixin.py:137} INFO - [2023-02-21T12:14:23.212+0000] {dag.py:2690} INFO - Sync 1 DAGs
[2023-02-21T12:14:23.269+0000] {logging_mixin.py:137} INFO - [2023-02-21T12:14:23.269+0000] {dag.py:3441} INFO - Setting next_dagrun for latest_only to 2023-02-21T08:14:23.268595+00:00, run_after=2023-02-21T12:14:23.268595+00:00
[2023-02-21T12:14:23.301+0000] {processor.py:175} INFO - Processing /home/airflow/.local/lib/python3.7/site-packages/airflow/example_dags/example_latest_only.py took 0.195 seconds
[2023-02-21T12:14:53.492+0000] {processor.py:153} INFO - Started process (PID=3085) to work on /home/airflow/.local/lib/python3.7/site-packages/airflow/example_dags/example_latest_only.py
[2023-02-21T12:14:53.495+0000] {processor.py:743} INFO - Processing file /home/airflow/.local/lib/python3.7/site-packages/airflow/example_dags/example_latest_only.py for tasks to queue
[2023-02-21T12:14:53.498+0000] {logging_mixin.py:137} INFO - [2023-02-21T12:14:53.497+0000] {dagbag.py:538} INFO - Filling up the DagBag from /home/airflow/.local/lib/python3.7/site-packages/airflow/example_dags/example_latest_only.py
[2023-02-21T12:14:53.517+0000] {processor.py:753} INFO - DAG(s) dict_keys(['latest_only']) retrieved from /home/airflow/.local/lib/python3.7/site-packages/airflow/example_dags/example_latest_only.py
[2023-02-21T12:14:53.553+0000] {logging_mixin.py:137} INFO - [2023-02-21T12:14:53.553+0000] {dag.py:2690} INFO - Sync 1 DAGs
[2023-02-21T12:14:53.585+0000] {logging_mixin.py:137} INFO - [2023-02-21T12:14:53.585+0000] {dag.py:3441} INFO - Setting next_dagrun for latest_only to 2023-02-21T08:14:53.584710+00:00, run_after=2023-02-21T12:14:53.584710+00:00
[2023-02-21T12:14:53.613+0000] {processor.py:175} INFO - Processing /home/airflow/.local/lib/python3.7/site-packages/airflow/example_dags/example_latest_only.py took 0.126 seconds
[2023-02-21T12:15:24.583+0000] {processor.py:153} INFO - Started process (PID=3146) to work on /home/airflow/.local/lib/python3.7/site-packages/airflow/example_dags/example_latest_only.py
[2023-02-21T12:15:24.592+0000] {processor.py:743} INFO - Processing file /home/airflow/.local/lib/python3.7/site-packages/airflow/example_dags/example_latest_only.py for tasks to queue
[2023-02-21T12:15:24.596+0000] {logging_mixin.py:137} INFO - [2023-02-21T12:15:24.596+0000] {dagbag.py:538} INFO - Filling up the DagBag from /home/airflow/.local/lib/python3.7/site-packages/airflow/example_dags/example_latest_only.py
[2023-02-21T12:15:24.623+0000] {processor.py:753} INFO - DAG(s) dict_keys(['latest_only']) retrieved from /home/airflow/.local/lib/python3.7/site-packages/airflow/example_dags/example_latest_only.py
[2023-02-21T12:15:24.663+0000] {logging_mixin.py:137} INFO - [2023-02-21T12:15:24.662+0000] {dag.py:2690} INFO - Sync 1 DAGs
[2023-02-21T12:15:24.703+0000] {logging_mixin.py:137} INFO - [2023-02-21T12:15:24.703+0000] {dag.py:3441} INFO - Setting next_dagrun for latest_only to 2023-02-21T08:15:24.702630+00:00, run_after=2023-02-21T12:15:24.702630+00:00
[2023-02-21T12:15:24.741+0000] {processor.py:175} INFO - Processing /home/airflow/.local/lib/python3.7/site-packages/airflow/example_dags/example_latest_only.py took 0.168 seconds
[2023-02-21T12:15:57.726+0000] {processor.py:153} INFO - Started process (PID=3214) to work on /home/airflow/.local/lib/python3.7/site-packages/airflow/example_dags/example_latest_only.py
[2023-02-21T12:15:57.754+0000] {processor.py:743} INFO - Processing file /home/airflow/.local/lib/python3.7/site-packages/airflow/example_dags/example_latest_only.py for tasks to queue
[2023-02-21T12:15:57.768+0000] {logging_mixin.py:137} INFO - [2023-02-21T12:15:57.766+0000] {dagbag.py:538} INFO - Filling up the DagBag from /home/airflow/.local/lib/python3.7/site-packages/airflow/example_dags/example_latest_only.py
[2023-02-21T12:15:57.859+0000] {processor.py:753} INFO - DAG(s) dict_keys(['latest_only']) retrieved from /home/airflow/.local/lib/python3.7/site-packages/airflow/example_dags/example_latest_only.py
[2023-02-21T12:15:57.975+0000] {logging_mixin.py:137} INFO - [2023-02-21T12:15:57.974+0000] {dag.py:2690} INFO - Sync 1 DAGs
[2023-02-21T12:15:58.066+0000] {logging_mixin.py:137} INFO - [2023-02-21T12:15:58.065+0000] {dag.py:3441} INFO - Setting next_dagrun for latest_only to 2023-02-21T08:15:58.065303+00:00, run_after=2023-02-21T12:15:58.065303+00:00
[2023-02-21T12:15:58.215+0000] {processor.py:175} INFO - Processing /home/airflow/.local/lib/python3.7/site-packages/airflow/example_dags/example_latest_only.py took 0.504 seconds
[2023-02-21T12:16:28.341+0000] {processor.py:153} INFO - Started process (PID=3275) to work on /home/airflow/.local/lib/python3.7/site-packages/airflow/example_dags/example_latest_only.py
[2023-02-21T12:16:28.343+0000] {processor.py:743} INFO - Processing file /home/airflow/.local/lib/python3.7/site-packages/airflow/example_dags/example_latest_only.py for tasks to queue
[2023-02-21T12:16:28.346+0000] {logging_mixin.py:137} INFO - [2023-02-21T12:16:28.346+0000] {dagbag.py:538} INFO - Filling up the DagBag from /home/airflow/.local/lib/python3.7/site-packages/airflow/example_dags/example_latest_only.py
[2023-02-21T12:16:28.371+0000] {processor.py:753} INFO - DAG(s) dict_keys(['latest_only']) retrieved from /home/airflow/.local/lib/python3.7/site-packages/airflow/example_dags/example_latest_only.py
[2023-02-21T12:16:28.463+0000] {logging_mixin.py:137} INFO - [2023-02-21T12:16:28.463+0000] {dag.py:2690} INFO - Sync 1 DAGs
[2023-02-21T12:16:28.531+0000] {logging_mixin.py:137} INFO - [2023-02-21T12:16:28.530+0000] {dag.py:3441} INFO - Setting next_dagrun for latest_only to 2023-02-21T08:16:28.529997+00:00, run_after=2023-02-21T12:16:28.529997+00:00
[2023-02-21T12:16:28.579+0000] {processor.py:175} INFO - Processing /home/airflow/.local/lib/python3.7/site-packages/airflow/example_dags/example_latest_only.py took 0.244 seconds
[2023-02-21T12:16:59.602+0000] {processor.py:153} INFO - Started process (PID=3335) to work on /home/airflow/.local/lib/python3.7/site-packages/airflow/example_dags/example_latest_only.py
[2023-02-21T12:16:59.629+0000] {processor.py:743} INFO - Processing file /home/airflow/.local/lib/python3.7/site-packages/airflow/example_dags/example_latest_only.py for tasks to queue
[2023-02-21T12:16:59.639+0000] {logging_mixin.py:137} INFO - [2023-02-21T12:16:59.636+0000] {dagbag.py:538} INFO - Filling up the DagBag from /home/airflow/.local/lib/python3.7/site-packages/airflow/example_dags/example_latest_only.py
[2023-02-21T12:16:59.785+0000] {processor.py:753} INFO - DAG(s) dict_keys(['latest_only']) retrieved from /home/airflow/.local/lib/python3.7/site-packages/airflow/example_dags/example_latest_only.py
[2023-02-21T12:17:00.076+0000] {logging_mixin.py:137} INFO - [2023-02-21T12:17:00.076+0000] {dag.py:2690} INFO - Sync 1 DAGs
[2023-02-21T12:17:00.166+0000] {logging_mixin.py:137} INFO - [2023-02-21T12:17:00.166+0000] {dag.py:3441} INFO - Setting next_dagrun for latest_only to 2023-02-21T08:17:00.163321+00:00, run_after=2023-02-21T12:17:00.163321+00:00
[2023-02-21T12:17:00.235+0000] {processor.py:175} INFO - Processing /home/airflow/.local/lib/python3.7/site-packages/airflow/example_dags/example_latest_only.py took 0.654 seconds
[2023-02-21T12:17:31.446+0000] {processor.py:153} INFO - Started process (PID=3394) to work on /home/airflow/.local/lib/python3.7/site-packages/airflow/example_dags/example_latest_only.py
[2023-02-21T12:17:31.457+0000] {processor.py:743} INFO - Processing file /home/airflow/.local/lib/python3.7/site-packages/airflow/example_dags/example_latest_only.py for tasks to queue
[2023-02-21T12:17:31.474+0000] {logging_mixin.py:137} INFO - [2023-02-21T12:17:31.474+0000] {dagbag.py:538} INFO - Filling up the DagBag from /home/airflow/.local/lib/python3.7/site-packages/airflow/example_dags/example_latest_only.py
[2023-02-21T12:17:31.558+0000] {processor.py:753} INFO - DAG(s) dict_keys(['latest_only']) retrieved from /home/airflow/.local/lib/python3.7/site-packages/airflow/example_dags/example_latest_only.py
[2023-02-21T12:17:31.686+0000] {logging_mixin.py:137} INFO - [2023-02-21T12:17:31.685+0000] {dag.py:2690} INFO - Sync 1 DAGs
[2023-02-21T12:17:31.828+0000] {logging_mixin.py:137} INFO - [2023-02-21T12:17:31.828+0000] {dag.py:3441} INFO - Setting next_dagrun for latest_only to 2023-02-21T08:17:31.827913+00:00, run_after=2023-02-21T12:17:31.827913+00:00
[2023-02-21T12:17:31.915+0000] {processor.py:175} INFO - Processing /home/airflow/.local/lib/python3.7/site-packages/airflow/example_dags/example_latest_only.py took 0.479 seconds
[2023-02-21T12:18:02.836+0000] {processor.py:153} INFO - Started process (PID=3449) to work on /home/airflow/.local/lib/python3.7/site-packages/airflow/example_dags/example_latest_only.py
[2023-02-21T12:18:02.841+0000] {processor.py:743} INFO - Processing file /home/airflow/.local/lib/python3.7/site-packages/airflow/example_dags/example_latest_only.py for tasks to queue
[2023-02-21T12:18:02.847+0000] {logging_mixin.py:137} INFO - [2023-02-21T12:18:02.846+0000] {dagbag.py:538} INFO - Filling up the DagBag from /home/airflow/.local/lib/python3.7/site-packages/airflow/example_dags/example_latest_only.py
[2023-02-21T12:18:02.903+0000] {processor.py:753} INFO - DAG(s) dict_keys(['latest_only']) retrieved from /home/airflow/.local/lib/python3.7/site-packages/airflow/example_dags/example_latest_only.py
[2023-02-21T12:18:03.014+0000] {logging_mixin.py:137} INFO - [2023-02-21T12:18:03.013+0000] {dag.py:2690} INFO - Sync 1 DAGs
[2023-02-21T12:18:03.124+0000] {logging_mixin.py:137} INFO - [2023-02-21T12:18:03.124+0000] {dag.py:3441} INFO - Setting next_dagrun for latest_only to 2023-02-21T08:18:03.124233+00:00, run_after=2023-02-21T12:18:03.124233+00:00
[2023-02-21T12:18:03.206+0000] {processor.py:175} INFO - Processing /home/airflow/.local/lib/python3.7/site-packages/airflow/example_dags/example_latest_only.py took 0.382 seconds
[2023-02-21T12:18:33.685+0000] {processor.py:153} INFO - Started process (PID=3508) to work on /home/airflow/.local/lib/python3.7/site-packages/airflow/example_dags/example_latest_only.py
[2023-02-21T12:18:33.690+0000] {processor.py:743} INFO - Processing file /home/airflow/.local/lib/python3.7/site-packages/airflow/example_dags/example_latest_only.py for tasks to queue
[2023-02-21T12:18:33.696+0000] {logging_mixin.py:137} INFO - [2023-02-21T12:18:33.694+0000] {dagbag.py:538} INFO - Filling up the DagBag from /home/airflow/.local/lib/python3.7/site-packages/airflow/example_dags/example_latest_only.py
[2023-02-21T12:18:33.742+0000] {processor.py:753} INFO - DAG(s) dict_keys(['latest_only']) retrieved from /home/airflow/.local/lib/python3.7/site-packages/airflow/example_dags/example_latest_only.py
[2023-02-21T12:18:33.839+0000] {logging_mixin.py:137} INFO - [2023-02-21T12:18:33.839+0000] {dag.py:2690} INFO - Sync 1 DAGs
[2023-02-21T12:18:33.970+0000] {logging_mixin.py:137} INFO - [2023-02-21T12:18:33.970+0000] {dag.py:3441} INFO - Setting next_dagrun for latest_only to 2023-02-21T08:18:33.970069+00:00, run_after=2023-02-21T12:18:33.970069+00:00
[2023-02-21T12:18:34.063+0000] {processor.py:175} INFO - Processing /home/airflow/.local/lib/python3.7/site-packages/airflow/example_dags/example_latest_only.py took 0.391 seconds
[2023-02-21T12:19:04.370+0000] {processor.py:153} INFO - Started process (PID=3560) to work on /home/airflow/.local/lib/python3.7/site-packages/airflow/example_dags/example_latest_only.py
[2023-02-21T12:19:04.374+0000] {processor.py:743} INFO - Processing file /home/airflow/.local/lib/python3.7/site-packages/airflow/example_dags/example_latest_only.py for tasks to queue
[2023-02-21T12:19:04.384+0000] {logging_mixin.py:137} INFO - [2023-02-21T12:19:04.384+0000] {dagbag.py:538} INFO - Filling up the DagBag from /home/airflow/.local/lib/python3.7/site-packages/airflow/example_dags/example_latest_only.py
[2023-02-21T12:19:04.431+0000] {processor.py:753} INFO - DAG(s) dict_keys(['latest_only']) retrieved from /home/airflow/.local/lib/python3.7/site-packages/airflow/example_dags/example_latest_only.py
[2023-02-21T12:19:04.517+0000] {logging_mixin.py:137} INFO - [2023-02-21T12:19:04.516+0000] {dag.py:2690} INFO - Sync 1 DAGs
[2023-02-21T12:19:04.563+0000] {logging_mixin.py:137} INFO - [2023-02-21T12:19:04.563+0000] {dag.py:3441} INFO - Setting next_dagrun for latest_only to 2023-02-21T08:19:04.562639+00:00, run_after=2023-02-21T12:19:04.562639+00:00
[2023-02-21T12:19:04.603+0000] {processor.py:175} INFO - Processing /home/airflow/.local/lib/python3.7/site-packages/airflow/example_dags/example_latest_only.py took 0.253 seconds
[2023-02-21T12:19:35.640+0000] {processor.py:153} INFO - Started process (PID=3618) to work on /home/airflow/.local/lib/python3.7/site-packages/airflow/example_dags/example_latest_only.py
[2023-02-21T12:19:35.671+0000] {processor.py:743} INFO - Processing file /home/airflow/.local/lib/python3.7/site-packages/airflow/example_dags/example_latest_only.py for tasks to queue
[2023-02-21T12:19:35.675+0000] {logging_mixin.py:137} INFO - [2023-02-21T12:19:35.674+0000] {dagbag.py:538} INFO - Filling up the DagBag from /home/airflow/.local/lib/python3.7/site-packages/airflow/example_dags/example_latest_only.py
[2023-02-21T12:19:35.710+0000] {processor.py:753} INFO - DAG(s) dict_keys(['latest_only']) retrieved from /home/airflow/.local/lib/python3.7/site-packages/airflow/example_dags/example_latest_only.py
[2023-02-21T12:19:35.774+0000] {logging_mixin.py:137} INFO - [2023-02-21T12:19:35.774+0000] {dag.py:2690} INFO - Sync 1 DAGs
[2023-02-21T12:19:35.835+0000] {logging_mixin.py:137} INFO - [2023-02-21T12:19:35.835+0000] {dag.py:3441} INFO - Setting next_dagrun for latest_only to 2023-02-21T08:19:35.835212+00:00, run_after=2023-02-21T12:19:35.835212+00:00
[2023-02-21T12:19:35.906+0000] {processor.py:175} INFO - Processing /home/airflow/.local/lib/python3.7/site-packages/airflow/example_dags/example_latest_only.py took 0.276 seconds
[2023-02-21T12:20:06.182+0000] {processor.py:153} INFO - Started process (PID=3676) to work on /home/airflow/.local/lib/python3.7/site-packages/airflow/example_dags/example_latest_only.py
[2023-02-21T12:20:06.185+0000] {processor.py:743} INFO - Processing file /home/airflow/.local/lib/python3.7/site-packages/airflow/example_dags/example_latest_only.py for tasks to queue
[2023-02-21T12:20:06.200+0000] {logging_mixin.py:137} INFO - [2023-02-21T12:20:06.189+0000] {dagbag.py:538} INFO - Filling up the DagBag from /home/airflow/.local/lib/python3.7/site-packages/airflow/example_dags/example_latest_only.py
[2023-02-21T12:20:06.273+0000] {processor.py:753} INFO - DAG(s) dict_keys(['latest_only']) retrieved from /home/airflow/.local/lib/python3.7/site-packages/airflow/example_dags/example_latest_only.py
[2023-02-21T12:20:06.420+0000] {logging_mixin.py:137} INFO - [2023-02-21T12:20:06.420+0000] {dag.py:2690} INFO - Sync 1 DAGs
[2023-02-21T12:20:06.536+0000] {logging_mixin.py:137} INFO - [2023-02-21T12:20:06.535+0000] {dag.py:3441} INFO - Setting next_dagrun for latest_only to 2023-02-21T08:20:06.535428+00:00, run_after=2023-02-21T12:20:06.535428+00:00
[2023-02-21T12:20:06.688+0000] {processor.py:175} INFO - Processing /home/airflow/.local/lib/python3.7/site-packages/airflow/example_dags/example_latest_only.py took 0.516 seconds
[2023-02-21T12:20:38.383+0000] {processor.py:153} INFO - Started process (PID=3736) to work on /home/airflow/.local/lib/python3.7/site-packages/airflow/example_dags/example_latest_only.py
[2023-02-21T12:20:38.387+0000] {processor.py:743} INFO - Processing file /home/airflow/.local/lib/python3.7/site-packages/airflow/example_dags/example_latest_only.py for tasks to queue
[2023-02-21T12:20:38.413+0000] {logging_mixin.py:137} INFO - [2023-02-21T12:20:38.412+0000] {dagbag.py:538} INFO - Filling up the DagBag from /home/airflow/.local/lib/python3.7/site-packages/airflow/example_dags/example_latest_only.py
[2023-02-21T12:20:38.496+0000] {processor.py:753} INFO - DAG(s) dict_keys(['latest_only']) retrieved from /home/airflow/.local/lib/python3.7/site-packages/airflow/example_dags/example_latest_only.py
[2023-02-21T12:20:38.621+0000] {logging_mixin.py:137} INFO - [2023-02-21T12:20:38.621+0000] {dag.py:2690} INFO - Sync 1 DAGs
[2023-02-21T12:20:38.782+0000] {logging_mixin.py:137} INFO - [2023-02-21T12:20:38.782+0000] {dag.py:3441} INFO - Setting next_dagrun for latest_only to 2023-02-21T08:20:38.782313+00:00, run_after=2023-02-21T12:20:38.782313+00:00
[2023-02-21T12:20:38.919+0000] {processor.py:175} INFO - Processing /home/airflow/.local/lib/python3.7/site-packages/airflow/example_dags/example_latest_only.py took 0.547 seconds
[2023-02-21T12:21:09.118+0000] {processor.py:153} INFO - Started process (PID=3805) to work on /home/airflow/.local/lib/python3.7/site-packages/airflow/example_dags/example_latest_only.py
[2023-02-21T12:21:09.123+0000] {processor.py:743} INFO - Processing file /home/airflow/.local/lib/python3.7/site-packages/airflow/example_dags/example_latest_only.py for tasks to queue
[2023-02-21T12:21:09.127+0000] {logging_mixin.py:137} INFO - [2023-02-21T12:21:09.126+0000] {dagbag.py:538} INFO - Filling up the DagBag from /home/airflow/.local/lib/python3.7/site-packages/airflow/example_dags/example_latest_only.py
[2023-02-21T12:21:09.178+0000] {processor.py:753} INFO - DAG(s) dict_keys(['latest_only']) retrieved from /home/airflow/.local/lib/python3.7/site-packages/airflow/example_dags/example_latest_only.py
[2023-02-21T12:21:09.257+0000] {logging_mixin.py:137} INFO - [2023-02-21T12:21:09.256+0000] {dag.py:2690} INFO - Sync 1 DAGs
[2023-02-21T12:21:09.326+0000] {logging_mixin.py:137} INFO - [2023-02-21T12:21:09.326+0000] {dag.py:3441} INFO - Setting next_dagrun for latest_only to 2023-02-21T08:21:09.325484+00:00, run_after=2023-02-21T12:21:09.325484+00:00
[2023-02-21T12:21:09.382+0000] {processor.py:175} INFO - Processing /home/airflow/.local/lib/python3.7/site-packages/airflow/example_dags/example_latest_only.py took 0.269 seconds
[2023-02-21T12:21:39.514+0000] {processor.py:153} INFO - Started process (PID=3865) to work on /home/airflow/.local/lib/python3.7/site-packages/airflow/example_dags/example_latest_only.py
[2023-02-21T12:21:39.518+0000] {processor.py:743} INFO - Processing file /home/airflow/.local/lib/python3.7/site-packages/airflow/example_dags/example_latest_only.py for tasks to queue
[2023-02-21T12:21:39.521+0000] {logging_mixin.py:137} INFO - [2023-02-21T12:21:39.521+0000] {dagbag.py:538} INFO - Filling up the DagBag from /home/airflow/.local/lib/python3.7/site-packages/airflow/example_dags/example_latest_only.py
[2023-02-21T12:21:39.549+0000] {processor.py:753} INFO - DAG(s) dict_keys(['latest_only']) retrieved from /home/airflow/.local/lib/python3.7/site-packages/airflow/example_dags/example_latest_only.py
[2023-02-21T12:21:39.620+0000] {logging_mixin.py:137} INFO - [2023-02-21T12:21:39.620+0000] {dag.py:2690} INFO - Sync 1 DAGs
[2023-02-21T12:21:39.669+0000] {logging_mixin.py:137} INFO - [2023-02-21T12:21:39.669+0000] {dag.py:3441} INFO - Setting next_dagrun for latest_only to 2023-02-21T08:21:39.669142+00:00, run_after=2023-02-21T12:21:39.669142+00:00
[2023-02-21T12:21:39.707+0000] {processor.py:175} INFO - Processing /home/airflow/.local/lib/python3.7/site-packages/airflow/example_dags/example_latest_only.py took 0.203 seconds
[2023-02-21T12:22:10.168+0000] {processor.py:153} INFO - Started process (PID=3924) to work on /home/airflow/.local/lib/python3.7/site-packages/airflow/example_dags/example_latest_only.py
[2023-02-21T12:22:10.179+0000] {processor.py:743} INFO - Processing file /home/airflow/.local/lib/python3.7/site-packages/airflow/example_dags/example_latest_only.py for tasks to queue
[2023-02-21T12:22:10.181+0000] {logging_mixin.py:137} INFO - [2023-02-21T12:22:10.180+0000] {dagbag.py:538} INFO - Filling up the DagBag from /home/airflow/.local/lib/python3.7/site-packages/airflow/example_dags/example_latest_only.py
[2023-02-21T12:22:10.312+0000] {processor.py:753} INFO - DAG(s) dict_keys(['latest_only']) retrieved from /home/airflow/.local/lib/python3.7/site-packages/airflow/example_dags/example_latest_only.py
[2023-02-21T12:22:10.466+0000] {logging_mixin.py:137} INFO - [2023-02-21T12:22:10.466+0000] {dag.py:2690} INFO - Sync 1 DAGs
[2023-02-21T12:22:10.552+0000] {logging_mixin.py:137} INFO - [2023-02-21T12:22:10.552+0000] {dag.py:3441} INFO - Setting next_dagrun for latest_only to 2023-02-21T08:22:10.551604+00:00, run_after=2023-02-21T12:22:10.551604+00:00
[2023-02-21T12:22:10.615+0000] {processor.py:175} INFO - Processing /home/airflow/.local/lib/python3.7/site-packages/airflow/example_dags/example_latest_only.py took 0.454 seconds
[2023-02-21T12:22:41.145+0000] {processor.py:153} INFO - Started process (PID=3983) to work on /home/airflow/.local/lib/python3.7/site-packages/airflow/example_dags/example_latest_only.py
[2023-02-21T12:22:41.157+0000] {processor.py:743} INFO - Processing file /home/airflow/.local/lib/python3.7/site-packages/airflow/example_dags/example_latest_only.py for tasks to queue
[2023-02-21T12:22:41.161+0000] {logging_mixin.py:137} INFO - [2023-02-21T12:22:41.160+0000] {dagbag.py:538} INFO - Filling up the DagBag from /home/airflow/.local/lib/python3.7/site-packages/airflow/example_dags/example_latest_only.py
[2023-02-21T12:22:41.245+0000] {processor.py:753} INFO - DAG(s) dict_keys(['latest_only']) retrieved from /home/airflow/.local/lib/python3.7/site-packages/airflow/example_dags/example_latest_only.py
[2023-02-21T12:22:41.345+0000] {logging_mixin.py:137} INFO - [2023-02-21T12:22:41.345+0000] {dag.py:2690} INFO - Sync 1 DAGs
[2023-02-21T12:22:41.505+0000] {logging_mixin.py:137} INFO - [2023-02-21T12:22:41.496+0000] {dag.py:3441} INFO - Setting next_dagrun for latest_only to 2023-02-21T08:22:41.495913+00:00, run_after=2023-02-21T12:22:41.495913+00:00
[2023-02-21T12:22:41.660+0000] {processor.py:175} INFO - Processing /home/airflow/.local/lib/python3.7/site-packages/airflow/example_dags/example_latest_only.py took 0.539 seconds
[2023-02-21T12:23:12.370+0000] {processor.py:153} INFO - Started process (PID=4042) to work on /home/airflow/.local/lib/python3.7/site-packages/airflow/example_dags/example_latest_only.py
[2023-02-21T12:23:12.373+0000] {processor.py:743} INFO - Processing file /home/airflow/.local/lib/python3.7/site-packages/airflow/example_dags/example_latest_only.py for tasks to queue
[2023-02-21T12:23:12.376+0000] {logging_mixin.py:137} INFO - [2023-02-21T12:23:12.375+0000] {dagbag.py:538} INFO - Filling up the DagBag from /home/airflow/.local/lib/python3.7/site-packages/airflow/example_dags/example_latest_only.py
[2023-02-21T12:23:12.424+0000] {processor.py:753} INFO - DAG(s) dict_keys(['latest_only']) retrieved from /home/airflow/.local/lib/python3.7/site-packages/airflow/example_dags/example_latest_only.py
[2023-02-21T12:23:12.509+0000] {logging_mixin.py:137} INFO - [2023-02-21T12:23:12.509+0000] {dag.py:2690} INFO - Sync 1 DAGs
[2023-02-21T12:23:12.553+0000] {logging_mixin.py:137} INFO - [2023-02-21T12:23:12.552+0000] {dag.py:3441} INFO - Setting next_dagrun for latest_only to 2023-02-21T08:23:12.552250+00:00, run_after=2023-02-21T12:23:12.552250+00:00
[2023-02-21T12:23:12.603+0000] {processor.py:175} INFO - Processing /home/airflow/.local/lib/python3.7/site-packages/airflow/example_dags/example_latest_only.py took 0.241 seconds
[2023-02-21T12:23:43.176+0000] {processor.py:153} INFO - Started process (PID=4111) to work on /home/airflow/.local/lib/python3.7/site-packages/airflow/example_dags/example_latest_only.py
[2023-02-21T12:23:43.191+0000] {processor.py:743} INFO - Processing file /home/airflow/.local/lib/python3.7/site-packages/airflow/example_dags/example_latest_only.py for tasks to queue
[2023-02-21T12:23:43.209+0000] {logging_mixin.py:137} INFO - [2023-02-21T12:23:43.209+0000] {dagbag.py:538} INFO - Filling up the DagBag from /home/airflow/.local/lib/python3.7/site-packages/airflow/example_dags/example_latest_only.py
[2023-02-21T12:23:43.295+0000] {processor.py:753} INFO - DAG(s) dict_keys(['latest_only']) retrieved from /home/airflow/.local/lib/python3.7/site-packages/airflow/example_dags/example_latest_only.py
[2023-02-21T12:23:43.358+0000] {logging_mixin.py:137} INFO - [2023-02-21T12:23:43.357+0000] {dag.py:2690} INFO - Sync 1 DAGs
[2023-02-21T12:23:43.450+0000] {logging_mixin.py:137} INFO - [2023-02-21T12:23:43.450+0000] {dag.py:3441} INFO - Setting next_dagrun for latest_only to 2023-02-21T08:23:43.448973+00:00, run_after=2023-02-21T12:23:43.448973+00:00
[2023-02-21T12:23:43.550+0000] {processor.py:175} INFO - Processing /home/airflow/.local/lib/python3.7/site-packages/airflow/example_dags/example_latest_only.py took 0.386 seconds
[2023-02-21T12:24:13.775+0000] {processor.py:153} INFO - Started process (PID=4169) to work on /home/airflow/.local/lib/python3.7/site-packages/airflow/example_dags/example_latest_only.py
[2023-02-21T12:24:13.782+0000] {processor.py:743} INFO - Processing file /home/airflow/.local/lib/python3.7/site-packages/airflow/example_dags/example_latest_only.py for tasks to queue
[2023-02-21T12:24:13.790+0000] {logging_mixin.py:137} INFO - [2023-02-21T12:24:13.789+0000] {dagbag.py:538} INFO - Filling up the DagBag from /home/airflow/.local/lib/python3.7/site-packages/airflow/example_dags/example_latest_only.py
[2023-02-21T12:24:13.887+0000] {processor.py:753} INFO - DAG(s) dict_keys(['latest_only']) retrieved from /home/airflow/.local/lib/python3.7/site-packages/airflow/example_dags/example_latest_only.py
[2023-02-21T12:24:14.057+0000] {logging_mixin.py:137} INFO - [2023-02-21T12:24:14.056+0000] {dag.py:2690} INFO - Sync 1 DAGs
[2023-02-21T12:24:14.159+0000] {logging_mixin.py:137} INFO - [2023-02-21T12:24:14.159+0000] {dag.py:3441} INFO - Setting next_dagrun for latest_only to 2023-02-21T08:24:14.159176+00:00, run_after=2023-02-21T12:24:14.159176+00:00
[2023-02-21T12:24:14.210+0000] {processor.py:175} INFO - Processing /home/airflow/.local/lib/python3.7/site-packages/airflow/example_dags/example_latest_only.py took 0.465 seconds
