[2023-02-21T11:46:57.374+0000] {processor.py:153} INFO - Started process (PID=132) to work on /home/airflow/.local/lib/python3.7/site-packages/airflow/example_dags/example_branch_operator.py
[2023-02-21T11:46:57.424+0000] {processor.py:743} INFO - Processing file /home/airflow/.local/lib/python3.7/site-packages/airflow/example_dags/example_branch_operator.py for tasks to queue
[2023-02-21T11:46:57.436+0000] {logging_mixin.py:137} INFO - [2023-02-21T11:46:57.436+0000] {dagbag.py:538} INFO - Filling up the DagBag from /home/airflow/.local/lib/python3.7/site-packages/airflow/example_dags/example_branch_operator.py
[2023-02-21T11:46:57.795+0000] {processor.py:753} INFO - DAG(s) dict_keys(['example_branch_operator']) retrieved from /home/airflow/.local/lib/python3.7/site-packages/airflow/example_dags/example_branch_operator.py
[2023-02-21T11:46:58.153+0000] {logging_mixin.py:137} INFO - [2023-02-21T11:46:58.152+0000] {dag.py:2690} INFO - Sync 1 DAGs
[2023-02-21T11:46:58.883+0000] {logging_mixin.py:137} INFO - [2023-02-21T11:46:58.883+0000] {dag.py:3441} INFO - Setting next_dagrun for example_branch_operator to 2023-02-20T00:00:00+00:00, run_after=2023-02-21T00:00:00+00:00
[2023-02-21T11:46:59.647+0000] {processor.py:175} INFO - Processing /home/airflow/.local/lib/python3.7/site-packages/airflow/example_dags/example_branch_operator.py took 2.355 seconds
[2023-02-21T11:47:51.525+0000] {processor.py:153} INFO - Started process (PID=195) to work on /home/airflow/.local/lib/python3.7/site-packages/airflow/example_dags/example_branch_operator.py
[2023-02-21T11:47:51.619+0000] {processor.py:743} INFO - Processing file /home/airflow/.local/lib/python3.7/site-packages/airflow/example_dags/example_branch_operator.py for tasks to queue
[2023-02-21T11:47:51.689+0000] {logging_mixin.py:137} INFO - [2023-02-21T11:47:51.689+0000] {dagbag.py:538} INFO - Filling up the DagBag from /home/airflow/.local/lib/python3.7/site-packages/airflow/example_dags/example_branch_operator.py
[2023-02-21T11:47:52.222+0000] {processor.py:753} INFO - DAG(s) dict_keys(['example_branch_operator']) retrieved from /home/airflow/.local/lib/python3.7/site-packages/airflow/example_dags/example_branch_operator.py
[2023-02-21T11:47:53.069+0000] {logging_mixin.py:137} INFO - [2023-02-21T11:47:53.066+0000] {dag.py:2690} INFO - Sync 1 DAGs
[2023-02-21T11:47:53.827+0000] {logging_mixin.py:137} INFO - [2023-02-21T11:47:53.827+0000] {dag.py:3441} INFO - Setting next_dagrun for example_branch_operator to 2023-02-20T00:00:00+00:00, run_after=2023-02-21T00:00:00+00:00
[2023-02-21T11:47:54.127+0000] {processor.py:175} INFO - Processing /home/airflow/.local/lib/python3.7/site-packages/airflow/example_dags/example_branch_operator.py took 2.741 seconds
[2023-02-21T11:48:25.246+0000] {processor.py:153} INFO - Started process (PID=246) to work on /home/airflow/.local/lib/python3.7/site-packages/airflow/example_dags/example_branch_operator.py
[2023-02-21T11:48:25.284+0000] {processor.py:743} INFO - Processing file /home/airflow/.local/lib/python3.7/site-packages/airflow/example_dags/example_branch_operator.py for tasks to queue
[2023-02-21T11:48:25.287+0000] {logging_mixin.py:137} INFO - [2023-02-21T11:48:25.286+0000] {dagbag.py:538} INFO - Filling up the DagBag from /home/airflow/.local/lib/python3.7/site-packages/airflow/example_dags/example_branch_operator.py
[2023-02-21T11:48:25.615+0000] {processor.py:753} INFO - DAG(s) dict_keys(['example_branch_operator']) retrieved from /home/airflow/.local/lib/python3.7/site-packages/airflow/example_dags/example_branch_operator.py
[2023-02-21T11:48:26.604+0000] {logging_mixin.py:137} INFO - [2023-02-21T11:48:26.603+0000] {dag.py:2690} INFO - Sync 1 DAGs
[2023-02-21T11:48:26.735+0000] {logging_mixin.py:137} INFO - [2023-02-21T11:48:26.735+0000] {dag.py:3441} INFO - Setting next_dagrun for example_branch_operator to 2023-02-20T00:00:00+00:00, run_after=2023-02-21T00:00:00+00:00
[2023-02-21T11:48:27.182+0000] {processor.py:175} INFO - Processing /home/airflow/.local/lib/python3.7/site-packages/airflow/example_dags/example_branch_operator.py took 2.067 seconds
[2023-02-21T11:49:09.299+0000] {processor.py:153} INFO - Started process (PID=311) to work on /home/airflow/.local/lib/python3.7/site-packages/airflow/example_dags/example_branch_operator.py
[2023-02-21T11:49:09.311+0000] {processor.py:743} INFO - Processing file /home/airflow/.local/lib/python3.7/site-packages/airflow/example_dags/example_branch_operator.py for tasks to queue
[2023-02-21T11:49:09.322+0000] {logging_mixin.py:137} INFO - [2023-02-21T11:49:09.322+0000] {dagbag.py:538} INFO - Filling up the DagBag from /home/airflow/.local/lib/python3.7/site-packages/airflow/example_dags/example_branch_operator.py
[2023-02-21T11:49:10.174+0000] {processor.py:753} INFO - DAG(s) dict_keys(['example_branch_operator']) retrieved from /home/airflow/.local/lib/python3.7/site-packages/airflow/example_dags/example_branch_operator.py
[2023-02-21T11:49:11.915+0000] {logging_mixin.py:137} INFO - [2023-02-21T11:49:11.882+0000] {dag.py:2690} INFO - Sync 1 DAGs
[2023-02-21T11:49:13.473+0000] {logging_mixin.py:137} INFO - [2023-02-21T11:49:13.473+0000] {dag.py:3441} INFO - Setting next_dagrun for example_branch_operator to 2023-02-20T00:00:00+00:00, run_after=2023-02-21T00:00:00+00:00
[2023-02-21T11:49:14.521+0000] {processor.py:175} INFO - Processing /home/airflow/.local/lib/python3.7/site-packages/airflow/example_dags/example_branch_operator.py took 5.291 seconds
[2023-02-21T11:49:58.258+0000] {processor.py:153} INFO - Started process (PID=362) to work on /home/airflow/.local/lib/python3.7/site-packages/airflow/example_dags/example_branch_operator.py
[2023-02-21T11:49:58.281+0000] {processor.py:743} INFO - Processing file /home/airflow/.local/lib/python3.7/site-packages/airflow/example_dags/example_branch_operator.py for tasks to queue
[2023-02-21T11:49:58.313+0000] {logging_mixin.py:137} INFO - [2023-02-21T11:49:58.298+0000] {dagbag.py:538} INFO - Filling up the DagBag from /home/airflow/.local/lib/python3.7/site-packages/airflow/example_dags/example_branch_operator.py
[2023-02-21T11:49:58.888+0000] {processor.py:753} INFO - DAG(s) dict_keys(['example_branch_operator']) retrieved from /home/airflow/.local/lib/python3.7/site-packages/airflow/example_dags/example_branch_operator.py
[2023-02-21T11:49:59.098+0000] {logging_mixin.py:137} INFO - [2023-02-21T11:49:59.098+0000] {dag.py:2690} INFO - Sync 1 DAGs
[2023-02-21T11:49:59.657+0000] {logging_mixin.py:137} INFO - [2023-02-21T11:49:59.656+0000] {dag.py:3441} INFO - Setting next_dagrun for example_branch_operator to 2023-02-20T00:00:00+00:00, run_after=2023-02-21T00:00:00+00:00
[2023-02-21T11:50:00.215+0000] {processor.py:175} INFO - Processing /home/airflow/.local/lib/python3.7/site-packages/airflow/example_dags/example_branch_operator.py took 1.994 seconds
[2023-02-21T11:50:50.384+0000] {processor.py:153} INFO - Started process (PID=430) to work on /home/airflow/.local/lib/python3.7/site-packages/airflow/example_dags/example_branch_operator.py
[2023-02-21T11:50:50.389+0000] {processor.py:743} INFO - Processing file /home/airflow/.local/lib/python3.7/site-packages/airflow/example_dags/example_branch_operator.py for tasks to queue
[2023-02-21T11:50:50.396+0000] {logging_mixin.py:137} INFO - [2023-02-21T11:50:50.395+0000] {dagbag.py:538} INFO - Filling up the DagBag from /home/airflow/.local/lib/python3.7/site-packages/airflow/example_dags/example_branch_operator.py
[2023-02-21T11:50:50.474+0000] {processor.py:753} INFO - DAG(s) dict_keys(['example_branch_operator']) retrieved from /home/airflow/.local/lib/python3.7/site-packages/airflow/example_dags/example_branch_operator.py
[2023-02-21T11:50:50.617+0000] {logging_mixin.py:137} INFO - [2023-02-21T11:50:50.616+0000] {dag.py:2690} INFO - Sync 1 DAGs
[2023-02-21T11:50:50.754+0000] {logging_mixin.py:137} INFO - [2023-02-21T11:50:50.752+0000] {dag.py:3441} INFO - Setting next_dagrun for example_branch_operator to 2023-02-20T00:00:00+00:00, run_after=2023-02-21T00:00:00+00:00
[2023-02-21T11:50:50.981+0000] {processor.py:175} INFO - Processing /home/airflow/.local/lib/python3.7/site-packages/airflow/example_dags/example_branch_operator.py took 0.636 seconds
[2023-02-21T11:51:21.536+0000] {processor.py:153} INFO - Started process (PID=480) to work on /home/airflow/.local/lib/python3.7/site-packages/airflow/example_dags/example_branch_operator.py
[2023-02-21T11:51:21.543+0000] {processor.py:743} INFO - Processing file /home/airflow/.local/lib/python3.7/site-packages/airflow/example_dags/example_branch_operator.py for tasks to queue
[2023-02-21T11:51:21.546+0000] {logging_mixin.py:137} INFO - [2023-02-21T11:51:21.546+0000] {dagbag.py:538} INFO - Filling up the DagBag from /home/airflow/.local/lib/python3.7/site-packages/airflow/example_dags/example_branch_operator.py
[2023-02-21T11:51:21.573+0000] {processor.py:753} INFO - DAG(s) dict_keys(['example_branch_operator']) retrieved from /home/airflow/.local/lib/python3.7/site-packages/airflow/example_dags/example_branch_operator.py
[2023-02-21T11:51:21.627+0000] {logging_mixin.py:137} INFO - [2023-02-21T11:51:21.627+0000] {dag.py:2690} INFO - Sync 1 DAGs
[2023-02-21T11:51:21.680+0000] {logging_mixin.py:137} INFO - [2023-02-21T11:51:21.680+0000] {dag.py:3441} INFO - Setting next_dagrun for example_branch_operator to 2023-02-20T00:00:00+00:00, run_after=2023-02-21T00:00:00+00:00
[2023-02-21T11:51:21.721+0000] {processor.py:175} INFO - Processing /home/airflow/.local/lib/python3.7/site-packages/airflow/example_dags/example_branch_operator.py took 0.189 seconds
[2023-02-21T11:51:59.219+0000] {processor.py:153} INFO - Started process (PID=540) to work on /home/airflow/.local/lib/python3.7/site-packages/airflow/example_dags/example_branch_operator.py
[2023-02-21T11:51:59.285+0000] {processor.py:743} INFO - Processing file /home/airflow/.local/lib/python3.7/site-packages/airflow/example_dags/example_branch_operator.py for tasks to queue
[2023-02-21T11:51:59.288+0000] {logging_mixin.py:137} INFO - [2023-02-21T11:51:59.287+0000] {dagbag.py:538} INFO - Filling up the DagBag from /home/airflow/.local/lib/python3.7/site-packages/airflow/example_dags/example_branch_operator.py
[2023-02-21T11:51:59.461+0000] {processor.py:753} INFO - DAG(s) dict_keys(['example_branch_operator']) retrieved from /home/airflow/.local/lib/python3.7/site-packages/airflow/example_dags/example_branch_operator.py
[2023-02-21T11:51:59.612+0000] {logging_mixin.py:137} INFO - [2023-02-21T11:51:59.610+0000] {dag.py:2690} INFO - Sync 1 DAGs
[2023-02-21T11:51:59.869+0000] {logging_mixin.py:137} INFO - [2023-02-21T11:51:59.869+0000] {dag.py:3441} INFO - Setting next_dagrun for example_branch_operator to 2023-02-20T00:00:00+00:00, run_after=2023-02-21T00:00:00+00:00
[2023-02-21T11:52:00.063+0000] {processor.py:175} INFO - Processing /home/airflow/.local/lib/python3.7/site-packages/airflow/example_dags/example_branch_operator.py took 0.872 seconds
[2023-02-21T11:52:33.975+0000] {processor.py:153} INFO - Started process (PID=599) to work on /home/airflow/.local/lib/python3.7/site-packages/airflow/example_dags/example_branch_operator.py
[2023-02-21T11:52:33.985+0000] {processor.py:743} INFO - Processing file /home/airflow/.local/lib/python3.7/site-packages/airflow/example_dags/example_branch_operator.py for tasks to queue
[2023-02-21T11:52:34.024+0000] {logging_mixin.py:137} INFO - [2023-02-21T11:52:34.022+0000] {dagbag.py:538} INFO - Filling up the DagBag from /home/airflow/.local/lib/python3.7/site-packages/airflow/example_dags/example_branch_operator.py
[2023-02-21T11:52:34.500+0000] {processor.py:753} INFO - DAG(s) dict_keys(['example_branch_operator']) retrieved from /home/airflow/.local/lib/python3.7/site-packages/airflow/example_dags/example_branch_operator.py
[2023-02-21T11:52:35.036+0000] {logging_mixin.py:137} INFO - [2023-02-21T11:52:35.036+0000] {dag.py:2690} INFO - Sync 1 DAGs
[2023-02-21T11:52:35.519+0000] {logging_mixin.py:137} INFO - [2023-02-21T11:52:35.515+0000] {dag.py:3441} INFO - Setting next_dagrun for example_branch_operator to 2023-02-20T00:00:00+00:00, run_after=2023-02-21T00:00:00+00:00
[2023-02-21T11:52:35.851+0000] {processor.py:175} INFO - Processing /home/airflow/.local/lib/python3.7/site-packages/airflow/example_dags/example_branch_operator.py took 1.943 seconds
[2023-02-21T11:53:06.225+0000] {processor.py:153} INFO - Started process (PID=658) to work on /home/airflow/.local/lib/python3.7/site-packages/airflow/example_dags/example_branch_operator.py
[2023-02-21T11:53:06.242+0000] {processor.py:743} INFO - Processing file /home/airflow/.local/lib/python3.7/site-packages/airflow/example_dags/example_branch_operator.py for tasks to queue
[2023-02-21T11:53:06.246+0000] {logging_mixin.py:137} INFO - [2023-02-21T11:53:06.245+0000] {dagbag.py:538} INFO - Filling up the DagBag from /home/airflow/.local/lib/python3.7/site-packages/airflow/example_dags/example_branch_operator.py
[2023-02-21T11:53:06.327+0000] {processor.py:753} INFO - DAG(s) dict_keys(['example_branch_operator']) retrieved from /home/airflow/.local/lib/python3.7/site-packages/airflow/example_dags/example_branch_operator.py
[2023-02-21T11:53:06.501+0000] {logging_mixin.py:137} INFO - [2023-02-21T11:53:06.501+0000] {dag.py:2690} INFO - Sync 1 DAGs
[2023-02-21T11:53:06.650+0000] {logging_mixin.py:137} INFO - [2023-02-21T11:53:06.650+0000] {dag.py:3441} INFO - Setting next_dagrun for example_branch_operator to 2023-02-20T00:00:00+00:00, run_after=2023-02-21T00:00:00+00:00
[2023-02-21T11:53:06.791+0000] {processor.py:175} INFO - Processing /home/airflow/.local/lib/python3.7/site-packages/airflow/example_dags/example_branch_operator.py took 0.580 seconds
[2023-02-21T11:53:37.814+0000] {processor.py:153} INFO - Started process (PID=718) to work on /home/airflow/.local/lib/python3.7/site-packages/airflow/example_dags/example_branch_operator.py
[2023-02-21T11:53:37.826+0000] {processor.py:743} INFO - Processing file /home/airflow/.local/lib/python3.7/site-packages/airflow/example_dags/example_branch_operator.py for tasks to queue
[2023-02-21T11:53:37.845+0000] {logging_mixin.py:137} INFO - [2023-02-21T11:53:37.845+0000] {dagbag.py:538} INFO - Filling up the DagBag from /home/airflow/.local/lib/python3.7/site-packages/airflow/example_dags/example_branch_operator.py
[2023-02-21T11:53:37.943+0000] {processor.py:753} INFO - DAG(s) dict_keys(['example_branch_operator']) retrieved from /home/airflow/.local/lib/python3.7/site-packages/airflow/example_dags/example_branch_operator.py
[2023-02-21T11:53:38.114+0000] {logging_mixin.py:137} INFO - [2023-02-21T11:53:38.114+0000] {dag.py:2690} INFO - Sync 1 DAGs
[2023-02-21T11:53:38.351+0000] {logging_mixin.py:137} INFO - [2023-02-21T11:53:38.351+0000] {dag.py:3441} INFO - Setting next_dagrun for example_branch_operator to 2023-02-20T00:00:00+00:00, run_after=2023-02-21T00:00:00+00:00
[2023-02-21T11:53:38.546+0000] {processor.py:175} INFO - Processing /home/airflow/.local/lib/python3.7/site-packages/airflow/example_dags/example_branch_operator.py took 0.742 seconds
[2023-02-21T11:54:11.281+0000] {processor.py:153} INFO - Started process (PID=775) to work on /home/airflow/.local/lib/python3.7/site-packages/airflow/example_dags/example_branch_operator.py
[2023-02-21T11:54:11.287+0000] {processor.py:743} INFO - Processing file /home/airflow/.local/lib/python3.7/site-packages/airflow/example_dags/example_branch_operator.py for tasks to queue
[2023-02-21T11:54:11.295+0000] {logging_mixin.py:137} INFO - [2023-02-21T11:54:11.293+0000] {dagbag.py:538} INFO - Filling up the DagBag from /home/airflow/.local/lib/python3.7/site-packages/airflow/example_dags/example_branch_operator.py
[2023-02-21T11:54:11.497+0000] {processor.py:753} INFO - DAG(s) dict_keys(['example_branch_operator']) retrieved from /home/airflow/.local/lib/python3.7/site-packages/airflow/example_dags/example_branch_operator.py
[2023-02-21T11:54:11.598+0000] {logging_mixin.py:137} INFO - [2023-02-21T11:54:11.597+0000] {dag.py:2690} INFO - Sync 1 DAGs
[2023-02-21T11:54:11.785+0000] {logging_mixin.py:137} INFO - [2023-02-21T11:54:11.785+0000] {dag.py:3441} INFO - Setting next_dagrun for example_branch_operator to 2023-02-20T00:00:00+00:00, run_after=2023-02-21T00:00:00+00:00
[2023-02-21T11:54:11.969+0000] {processor.py:175} INFO - Processing /home/airflow/.local/lib/python3.7/site-packages/airflow/example_dags/example_branch_operator.py took 0.700 seconds
[2023-02-21T11:54:43.455+0000] {processor.py:153} INFO - Started process (PID=834) to work on /home/airflow/.local/lib/python3.7/site-packages/airflow/example_dags/example_branch_operator.py
[2023-02-21T11:54:43.458+0000] {processor.py:743} INFO - Processing file /home/airflow/.local/lib/python3.7/site-packages/airflow/example_dags/example_branch_operator.py for tasks to queue
[2023-02-21T11:54:43.460+0000] {logging_mixin.py:137} INFO - [2023-02-21T11:54:43.460+0000] {dagbag.py:538} INFO - Filling up the DagBag from /home/airflow/.local/lib/python3.7/site-packages/airflow/example_dags/example_branch_operator.py
[2023-02-21T11:54:43.755+0000] {processor.py:753} INFO - DAG(s) dict_keys(['example_branch_operator']) retrieved from /home/airflow/.local/lib/python3.7/site-packages/airflow/example_dags/example_branch_operator.py
[2023-02-21T11:54:43.828+0000] {logging_mixin.py:137} INFO - [2023-02-21T11:54:43.828+0000] {dag.py:2690} INFO - Sync 1 DAGs
[2023-02-21T11:54:43.991+0000] {logging_mixin.py:137} INFO - [2023-02-21T11:54:43.991+0000] {dag.py:3441} INFO - Setting next_dagrun for example_branch_operator to 2023-02-20T00:00:00+00:00, run_after=2023-02-21T00:00:00+00:00
[2023-02-21T11:54:44.092+0000] {processor.py:175} INFO - Processing /home/airflow/.local/lib/python3.7/site-packages/airflow/example_dags/example_branch_operator.py took 0.692 seconds
[2023-02-21T11:55:32.012+0000] {processor.py:153} INFO - Started process (PID=892) to work on /home/airflow/.local/lib/python3.7/site-packages/airflow/example_dags/example_branch_operator.py
[2023-02-21T11:55:32.020+0000] {processor.py:743} INFO - Processing file /home/airflow/.local/lib/python3.7/site-packages/airflow/example_dags/example_branch_operator.py for tasks to queue
[2023-02-21T11:55:32.062+0000] {logging_mixin.py:137} INFO - [2023-02-21T11:55:32.060+0000] {dagbag.py:538} INFO - Filling up the DagBag from /home/airflow/.local/lib/python3.7/site-packages/airflow/example_dags/example_branch_operator.py
[2023-02-21T11:55:32.309+0000] {processor.py:753} INFO - DAG(s) dict_keys(['example_branch_operator']) retrieved from /home/airflow/.local/lib/python3.7/site-packages/airflow/example_dags/example_branch_operator.py
[2023-02-21T11:55:32.503+0000] {logging_mixin.py:137} INFO - [2023-02-21T11:55:32.503+0000] {dag.py:2690} INFO - Sync 1 DAGs
[2023-02-21T11:55:32.692+0000] {logging_mixin.py:137} INFO - [2023-02-21T11:55:32.691+0000] {dag.py:3441} INFO - Setting next_dagrun for example_branch_operator to 2023-02-20T00:00:00+00:00, run_after=2023-02-21T00:00:00+00:00
[2023-02-21T11:55:32.930+0000] {processor.py:175} INFO - Processing /home/airflow/.local/lib/python3.7/site-packages/airflow/example_dags/example_branch_operator.py took 0.933 seconds
[2023-02-21T11:56:03.440+0000] {processor.py:153} INFO - Started process (PID=950) to work on /home/airflow/.local/lib/python3.7/site-packages/airflow/example_dags/example_branch_operator.py
[2023-02-21T11:56:03.452+0000] {processor.py:743} INFO - Processing file /home/airflow/.local/lib/python3.7/site-packages/airflow/example_dags/example_branch_operator.py for tasks to queue
[2023-02-21T11:56:03.454+0000] {logging_mixin.py:137} INFO - [2023-02-21T11:56:03.454+0000] {dagbag.py:538} INFO - Filling up the DagBag from /home/airflow/.local/lib/python3.7/site-packages/airflow/example_dags/example_branch_operator.py
[2023-02-21T11:56:03.559+0000] {processor.py:753} INFO - DAG(s) dict_keys(['example_branch_operator']) retrieved from /home/airflow/.local/lib/python3.7/site-packages/airflow/example_dags/example_branch_operator.py
[2023-02-21T11:56:03.745+0000] {logging_mixin.py:137} INFO - [2023-02-21T11:56:03.744+0000] {dag.py:2690} INFO - Sync 1 DAGs
[2023-02-21T11:56:03.842+0000] {logging_mixin.py:137} INFO - [2023-02-21T11:56:03.840+0000] {dag.py:3441} INFO - Setting next_dagrun for example_branch_operator to 2023-02-20T00:00:00+00:00, run_after=2023-02-21T00:00:00+00:00
[2023-02-21T11:56:03.899+0000] {processor.py:175} INFO - Processing /home/airflow/.local/lib/python3.7/site-packages/airflow/example_dags/example_branch_operator.py took 0.506 seconds
[2023-02-21T11:56:34.258+0000] {processor.py:153} INFO - Started process (PID=1009) to work on /home/airflow/.local/lib/python3.7/site-packages/airflow/example_dags/example_branch_operator.py
[2023-02-21T11:56:34.262+0000] {processor.py:743} INFO - Processing file /home/airflow/.local/lib/python3.7/site-packages/airflow/example_dags/example_branch_operator.py for tasks to queue
[2023-02-21T11:56:34.270+0000] {logging_mixin.py:137} INFO - [2023-02-21T11:56:34.270+0000] {dagbag.py:538} INFO - Filling up the DagBag from /home/airflow/.local/lib/python3.7/site-packages/airflow/example_dags/example_branch_operator.py
[2023-02-21T11:56:34.432+0000] {processor.py:753} INFO - DAG(s) dict_keys(['example_branch_operator']) retrieved from /home/airflow/.local/lib/python3.7/site-packages/airflow/example_dags/example_branch_operator.py
[2023-02-21T11:56:34.550+0000] {logging_mixin.py:137} INFO - [2023-02-21T11:56:34.549+0000] {dag.py:2690} INFO - Sync 1 DAGs
[2023-02-21T11:56:34.639+0000] {logging_mixin.py:137} INFO - [2023-02-21T11:56:34.639+0000] {dag.py:3441} INFO - Setting next_dagrun for example_branch_operator to 2023-02-20T00:00:00+00:00, run_after=2023-02-21T00:00:00+00:00
[2023-02-21T11:56:34.732+0000] {processor.py:175} INFO - Processing /home/airflow/.local/lib/python3.7/site-packages/airflow/example_dags/example_branch_operator.py took 0.500 seconds
[2023-02-21T11:57:05.231+0000] {processor.py:153} INFO - Started process (PID=1068) to work on /home/airflow/.local/lib/python3.7/site-packages/airflow/example_dags/example_branch_operator.py
[2023-02-21T11:57:05.234+0000] {processor.py:743} INFO - Processing file /home/airflow/.local/lib/python3.7/site-packages/airflow/example_dags/example_branch_operator.py for tasks to queue
[2023-02-21T11:57:05.261+0000] {logging_mixin.py:137} INFO - [2023-02-21T11:57:05.239+0000] {dagbag.py:538} INFO - Filling up the DagBag from /home/airflow/.local/lib/python3.7/site-packages/airflow/example_dags/example_branch_operator.py
[2023-02-21T11:57:05.407+0000] {processor.py:753} INFO - DAG(s) dict_keys(['example_branch_operator']) retrieved from /home/airflow/.local/lib/python3.7/site-packages/airflow/example_dags/example_branch_operator.py
[2023-02-21T11:57:05.575+0000] {logging_mixin.py:137} INFO - [2023-02-21T11:57:05.575+0000] {dag.py:2690} INFO - Sync 1 DAGs
[2023-02-21T11:57:05.728+0000] {logging_mixin.py:137} INFO - [2023-02-21T11:57:05.728+0000] {dag.py:3441} INFO - Setting next_dagrun for example_branch_operator to 2023-02-20T00:00:00+00:00, run_after=2023-02-21T00:00:00+00:00
[2023-02-21T11:57:05.833+0000] {processor.py:175} INFO - Processing /home/airflow/.local/lib/python3.7/site-packages/airflow/example_dags/example_branch_operator.py took 0.645 seconds
[2023-02-21T11:57:36.552+0000] {processor.py:153} INFO - Started process (PID=1126) to work on /home/airflow/.local/lib/python3.7/site-packages/airflow/example_dags/example_branch_operator.py
[2023-02-21T11:57:36.564+0000] {processor.py:743} INFO - Processing file /home/airflow/.local/lib/python3.7/site-packages/airflow/example_dags/example_branch_operator.py for tasks to queue
[2023-02-21T11:57:36.571+0000] {logging_mixin.py:137} INFO - [2023-02-21T11:57:36.568+0000] {dagbag.py:538} INFO - Filling up the DagBag from /home/airflow/.local/lib/python3.7/site-packages/airflow/example_dags/example_branch_operator.py
[2023-02-21T11:57:36.934+0000] {processor.py:753} INFO - DAG(s) dict_keys(['example_branch_operator']) retrieved from /home/airflow/.local/lib/python3.7/site-packages/airflow/example_dags/example_branch_operator.py
[2023-02-21T11:57:37.427+0000] {logging_mixin.py:137} INFO - [2023-02-21T11:57:37.426+0000] {dag.py:2690} INFO - Sync 1 DAGs
[2023-02-21T11:57:37.665+0000] {logging_mixin.py:137} INFO - [2023-02-21T11:57:37.664+0000] {dag.py:3441} INFO - Setting next_dagrun for example_branch_operator to 2023-02-20T00:00:00+00:00, run_after=2023-02-21T00:00:00+00:00
[2023-02-21T11:57:37.825+0000] {processor.py:175} INFO - Processing /home/airflow/.local/lib/python3.7/site-packages/airflow/example_dags/example_branch_operator.py took 1.294 seconds
[2023-02-21T11:58:08.257+0000] {processor.py:153} INFO - Started process (PID=1174) to work on /home/airflow/.local/lib/python3.7/site-packages/airflow/example_dags/example_branch_operator.py
[2023-02-21T11:58:08.266+0000] {processor.py:743} INFO - Processing file /home/airflow/.local/lib/python3.7/site-packages/airflow/example_dags/example_branch_operator.py for tasks to queue
[2023-02-21T11:58:08.270+0000] {logging_mixin.py:137} INFO - [2023-02-21T11:58:08.269+0000] {dagbag.py:538} INFO - Filling up the DagBag from /home/airflow/.local/lib/python3.7/site-packages/airflow/example_dags/example_branch_operator.py
[2023-02-21T11:58:08.346+0000] {processor.py:753} INFO - DAG(s) dict_keys(['example_branch_operator']) retrieved from /home/airflow/.local/lib/python3.7/site-packages/airflow/example_dags/example_branch_operator.py
[2023-02-21T11:58:08.627+0000] {logging_mixin.py:137} INFO - [2023-02-21T11:58:08.626+0000] {dag.py:2690} INFO - Sync 1 DAGs
[2023-02-21T11:58:08.876+0000] {logging_mixin.py:137} INFO - [2023-02-21T11:58:08.875+0000] {dag.py:3441} INFO - Setting next_dagrun for example_branch_operator to 2023-02-20T00:00:00+00:00, run_after=2023-02-21T00:00:00+00:00
[2023-02-21T11:58:08.972+0000] {processor.py:175} INFO - Processing /home/airflow/.local/lib/python3.7/site-packages/airflow/example_dags/example_branch_operator.py took 0.740 seconds
[2023-02-21T11:58:39.531+0000] {processor.py:153} INFO - Started process (PID=1233) to work on /home/airflow/.local/lib/python3.7/site-packages/airflow/example_dags/example_branch_operator.py
[2023-02-21T11:58:39.534+0000] {processor.py:743} INFO - Processing file /home/airflow/.local/lib/python3.7/site-packages/airflow/example_dags/example_branch_operator.py for tasks to queue
[2023-02-21T11:58:39.540+0000] {logging_mixin.py:137} INFO - [2023-02-21T11:58:39.539+0000] {dagbag.py:538} INFO - Filling up the DagBag from /home/airflow/.local/lib/python3.7/site-packages/airflow/example_dags/example_branch_operator.py
[2023-02-21T11:58:39.621+0000] {processor.py:753} INFO - DAG(s) dict_keys(['example_branch_operator']) retrieved from /home/airflow/.local/lib/python3.7/site-packages/airflow/example_dags/example_branch_operator.py
[2023-02-21T11:58:39.755+0000] {logging_mixin.py:137} INFO - [2023-02-21T11:58:39.754+0000] {dag.py:2690} INFO - Sync 1 DAGs
[2023-02-21T11:58:39.925+0000] {logging_mixin.py:137} INFO - [2023-02-21T11:58:39.925+0000] {dag.py:3441} INFO - Setting next_dagrun for example_branch_operator to 2023-02-20T00:00:00+00:00, run_after=2023-02-21T00:00:00+00:00
[2023-02-21T11:58:40.069+0000] {processor.py:175} INFO - Processing /home/airflow/.local/lib/python3.7/site-packages/airflow/example_dags/example_branch_operator.py took 0.549 seconds
[2023-02-21T11:59:10.230+0000] {processor.py:153} INFO - Started process (PID=1292) to work on /home/airflow/.local/lib/python3.7/site-packages/airflow/example_dags/example_branch_operator.py
[2023-02-21T11:59:10.235+0000] {processor.py:743} INFO - Processing file /home/airflow/.local/lib/python3.7/site-packages/airflow/example_dags/example_branch_operator.py for tasks to queue
[2023-02-21T11:59:10.239+0000] {logging_mixin.py:137} INFO - [2023-02-21T11:59:10.238+0000] {dagbag.py:538} INFO - Filling up the DagBag from /home/airflow/.local/lib/python3.7/site-packages/airflow/example_dags/example_branch_operator.py
[2023-02-21T11:59:10.349+0000] {processor.py:753} INFO - DAG(s) dict_keys(['example_branch_operator']) retrieved from /home/airflow/.local/lib/python3.7/site-packages/airflow/example_dags/example_branch_operator.py
[2023-02-21T11:59:10.483+0000] {logging_mixin.py:137} INFO - [2023-02-21T11:59:10.483+0000] {dag.py:2690} INFO - Sync 1 DAGs
[2023-02-21T11:59:10.598+0000] {logging_mixin.py:137} INFO - [2023-02-21T11:59:10.598+0000] {dag.py:3441} INFO - Setting next_dagrun for example_branch_operator to 2023-02-20T00:00:00+00:00, run_after=2023-02-21T00:00:00+00:00
[2023-02-21T11:59:10.674+0000] {processor.py:175} INFO - Processing /home/airflow/.local/lib/python3.7/site-packages/airflow/example_dags/example_branch_operator.py took 0.471 seconds
[2023-02-21T11:59:41.530+0000] {processor.py:153} INFO - Started process (PID=1350) to work on /home/airflow/.local/lib/python3.7/site-packages/airflow/example_dags/example_branch_operator.py
[2023-02-21T11:59:41.583+0000] {processor.py:743} INFO - Processing file /home/airflow/.local/lib/python3.7/site-packages/airflow/example_dags/example_branch_operator.py for tasks to queue
[2023-02-21T11:59:41.620+0000] {logging_mixin.py:137} INFO - [2023-02-21T11:59:41.619+0000] {dagbag.py:538} INFO - Filling up the DagBag from /home/airflow/.local/lib/python3.7/site-packages/airflow/example_dags/example_branch_operator.py
[2023-02-21T11:59:41.969+0000] {processor.py:753} INFO - DAG(s) dict_keys(['example_branch_operator']) retrieved from /home/airflow/.local/lib/python3.7/site-packages/airflow/example_dags/example_branch_operator.py
[2023-02-21T11:59:42.370+0000] {logging_mixin.py:137} INFO - [2023-02-21T11:59:42.370+0000] {dag.py:2690} INFO - Sync 1 DAGs
[2023-02-21T11:59:42.621+0000] {logging_mixin.py:137} INFO - [2023-02-21T11:59:42.621+0000] {dag.py:3441} INFO - Setting next_dagrun for example_branch_operator to 2023-02-20T00:00:00+00:00, run_after=2023-02-21T00:00:00+00:00
[2023-02-21T11:59:43.009+0000] {processor.py:175} INFO - Processing /home/airflow/.local/lib/python3.7/site-packages/airflow/example_dags/example_branch_operator.py took 1.546 seconds
[2023-02-21T12:00:13.328+0000] {processor.py:153} INFO - Started process (PID=1398) to work on /home/airflow/.local/lib/python3.7/site-packages/airflow/example_dags/example_branch_operator.py
[2023-02-21T12:00:13.331+0000] {processor.py:743} INFO - Processing file /home/airflow/.local/lib/python3.7/site-packages/airflow/example_dags/example_branch_operator.py for tasks to queue
[2023-02-21T12:00:13.374+0000] {logging_mixin.py:137} INFO - [2023-02-21T12:00:13.374+0000] {dagbag.py:538} INFO - Filling up the DagBag from /home/airflow/.local/lib/python3.7/site-packages/airflow/example_dags/example_branch_operator.py
[2023-02-21T12:00:13.567+0000] {processor.py:753} INFO - DAG(s) dict_keys(['example_branch_operator']) retrieved from /home/airflow/.local/lib/python3.7/site-packages/airflow/example_dags/example_branch_operator.py
[2023-02-21T12:00:13.832+0000] {logging_mixin.py:137} INFO - [2023-02-21T12:00:13.831+0000] {dag.py:2690} INFO - Sync 1 DAGs
[2023-02-21T12:00:14.165+0000] {logging_mixin.py:137} INFO - [2023-02-21T12:00:14.165+0000] {dag.py:3441} INFO - Setting next_dagrun for example_branch_operator to 2023-02-20T00:00:00+00:00, run_after=2023-02-21T00:00:00+00:00
[2023-02-21T12:00:14.357+0000] {processor.py:175} INFO - Processing /home/airflow/.local/lib/python3.7/site-packages/airflow/example_dags/example_branch_operator.py took 1.042 seconds
[2023-02-21T12:00:44.629+0000] {processor.py:153} INFO - Started process (PID=1456) to work on /home/airflow/.local/lib/python3.7/site-packages/airflow/example_dags/example_branch_operator.py
[2023-02-21T12:00:44.633+0000] {processor.py:743} INFO - Processing file /home/airflow/.local/lib/python3.7/site-packages/airflow/example_dags/example_branch_operator.py for tasks to queue
[2023-02-21T12:00:44.635+0000] {logging_mixin.py:137} INFO - [2023-02-21T12:00:44.635+0000] {dagbag.py:538} INFO - Filling up the DagBag from /home/airflow/.local/lib/python3.7/site-packages/airflow/example_dags/example_branch_operator.py
[2023-02-21T12:00:44.731+0000] {processor.py:753} INFO - DAG(s) dict_keys(['example_branch_operator']) retrieved from /home/airflow/.local/lib/python3.7/site-packages/airflow/example_dags/example_branch_operator.py
[2023-02-21T12:00:44.933+0000] {logging_mixin.py:137} INFO - [2023-02-21T12:00:44.933+0000] {dag.py:2690} INFO - Sync 1 DAGs
[2023-02-21T12:00:45.061+0000] {logging_mixin.py:137} INFO - [2023-02-21T12:00:45.061+0000] {dag.py:3441} INFO - Setting next_dagrun for example_branch_operator to 2023-02-20T00:00:00+00:00, run_after=2023-02-21T00:00:00+00:00
[2023-02-21T12:00:45.176+0000] {processor.py:175} INFO - Processing /home/airflow/.local/lib/python3.7/site-packages/airflow/example_dags/example_branch_operator.py took 0.555 seconds
[2023-02-21T12:01:15.426+0000] {processor.py:153} INFO - Started process (PID=1514) to work on /home/airflow/.local/lib/python3.7/site-packages/airflow/example_dags/example_branch_operator.py
[2023-02-21T12:01:15.435+0000] {processor.py:743} INFO - Processing file /home/airflow/.local/lib/python3.7/site-packages/airflow/example_dags/example_branch_operator.py for tasks to queue
[2023-02-21T12:01:15.439+0000] {logging_mixin.py:137} INFO - [2023-02-21T12:01:15.438+0000] {dagbag.py:538} INFO - Filling up the DagBag from /home/airflow/.local/lib/python3.7/site-packages/airflow/example_dags/example_branch_operator.py
[2023-02-21T12:01:15.614+0000] {processor.py:753} INFO - DAG(s) dict_keys(['example_branch_operator']) retrieved from /home/airflow/.local/lib/python3.7/site-packages/airflow/example_dags/example_branch_operator.py
[2023-02-21T12:01:15.722+0000] {logging_mixin.py:137} INFO - [2023-02-21T12:01:15.722+0000] {dag.py:2690} INFO - Sync 1 DAGs
[2023-02-21T12:01:15.842+0000] {logging_mixin.py:137} INFO - [2023-02-21T12:01:15.842+0000] {dag.py:3441} INFO - Setting next_dagrun for example_branch_operator to 2023-02-20T00:00:00+00:00, run_after=2023-02-21T00:00:00+00:00
[2023-02-21T12:01:15.947+0000] {processor.py:175} INFO - Processing /home/airflow/.local/lib/python3.7/site-packages/airflow/example_dags/example_branch_operator.py took 0.527 seconds
[2023-02-21T12:01:46.672+0000] {processor.py:153} INFO - Started process (PID=1576) to work on /home/airflow/.local/lib/python3.7/site-packages/airflow/example_dags/example_branch_operator.py
[2023-02-21T12:01:46.676+0000] {processor.py:743} INFO - Processing file /home/airflow/.local/lib/python3.7/site-packages/airflow/example_dags/example_branch_operator.py for tasks to queue
[2023-02-21T12:01:46.680+0000] {logging_mixin.py:137} INFO - [2023-02-21T12:01:46.679+0000] {dagbag.py:538} INFO - Filling up the DagBag from /home/airflow/.local/lib/python3.7/site-packages/airflow/example_dags/example_branch_operator.py
[2023-02-21T12:01:46.751+0000] {processor.py:753} INFO - DAG(s) dict_keys(['example_branch_operator']) retrieved from /home/airflow/.local/lib/python3.7/site-packages/airflow/example_dags/example_branch_operator.py
[2023-02-21T12:01:46.845+0000] {logging_mixin.py:137} INFO - [2023-02-21T12:01:46.845+0000] {dag.py:2690} INFO - Sync 1 DAGs
[2023-02-21T12:01:46.927+0000] {logging_mixin.py:137} INFO - [2023-02-21T12:01:46.926+0000] {dag.py:3441} INFO - Setting next_dagrun for example_branch_operator to 2023-02-20T00:00:00+00:00, run_after=2023-02-21T00:00:00+00:00
[2023-02-21T12:01:46.974+0000] {processor.py:175} INFO - Processing /home/airflow/.local/lib/python3.7/site-packages/airflow/example_dags/example_branch_operator.py took 0.337 seconds
[2023-02-21T12:02:17.692+0000] {processor.py:153} INFO - Started process (PID=1635) to work on /home/airflow/.local/lib/python3.7/site-packages/airflow/example_dags/example_branch_operator.py
[2023-02-21T12:02:17.700+0000] {processor.py:743} INFO - Processing file /home/airflow/.local/lib/python3.7/site-packages/airflow/example_dags/example_branch_operator.py for tasks to queue
[2023-02-21T12:02:17.723+0000] {logging_mixin.py:137} INFO - [2023-02-21T12:02:17.722+0000] {dagbag.py:538} INFO - Filling up the DagBag from /home/airflow/.local/lib/python3.7/site-packages/airflow/example_dags/example_branch_operator.py
[2023-02-21T12:02:17.862+0000] {processor.py:753} INFO - DAG(s) dict_keys(['example_branch_operator']) retrieved from /home/airflow/.local/lib/python3.7/site-packages/airflow/example_dags/example_branch_operator.py
[2023-02-21T12:02:18.009+0000] {logging_mixin.py:137} INFO - [2023-02-21T12:02:18.009+0000] {dag.py:2690} INFO - Sync 1 DAGs
[2023-02-21T12:02:18.165+0000] {logging_mixin.py:137} INFO - [2023-02-21T12:02:18.153+0000] {dag.py:3441} INFO - Setting next_dagrun for example_branch_operator to 2023-02-20T00:00:00+00:00, run_after=2023-02-21T00:00:00+00:00
[2023-02-21T12:02:18.371+0000] {processor.py:175} INFO - Processing /home/airflow/.local/lib/python3.7/site-packages/airflow/example_dags/example_branch_operator.py took 0.699 seconds
[2023-02-21T12:02:49.049+0000] {processor.py:153} INFO - Started process (PID=1696) to work on /home/airflow/.local/lib/python3.7/site-packages/airflow/example_dags/example_branch_operator.py
[2023-02-21T12:02:49.062+0000] {processor.py:743} INFO - Processing file /home/airflow/.local/lib/python3.7/site-packages/airflow/example_dags/example_branch_operator.py for tasks to queue
[2023-02-21T12:02:49.089+0000] {logging_mixin.py:137} INFO - [2023-02-21T12:02:49.089+0000] {dagbag.py:538} INFO - Filling up the DagBag from /home/airflow/.local/lib/python3.7/site-packages/airflow/example_dags/example_branch_operator.py
[2023-02-21T12:02:49.312+0000] {processor.py:753} INFO - DAG(s) dict_keys(['example_branch_operator']) retrieved from /home/airflow/.local/lib/python3.7/site-packages/airflow/example_dags/example_branch_operator.py
[2023-02-21T12:02:49.724+0000] {logging_mixin.py:137} INFO - [2023-02-21T12:02:49.723+0000] {dag.py:2690} INFO - Sync 1 DAGs
[2023-02-21T12:02:50.327+0000] {logging_mixin.py:137} INFO - [2023-02-21T12:02:50.327+0000] {dag.py:3441} INFO - Setting next_dagrun for example_branch_operator to 2023-02-20T00:00:00+00:00, run_after=2023-02-21T00:00:00+00:00
[2023-02-21T12:02:50.481+0000] {processor.py:175} INFO - Processing /home/airflow/.local/lib/python3.7/site-packages/airflow/example_dags/example_branch_operator.py took 1.517 seconds
[2023-02-21T12:03:20.942+0000] {processor.py:153} INFO - Started process (PID=1753) to work on /home/airflow/.local/lib/python3.7/site-packages/airflow/example_dags/example_branch_operator.py
[2023-02-21T12:03:20.954+0000] {processor.py:743} INFO - Processing file /home/airflow/.local/lib/python3.7/site-packages/airflow/example_dags/example_branch_operator.py for tasks to queue
[2023-02-21T12:03:20.959+0000] {logging_mixin.py:137} INFO - [2023-02-21T12:03:20.959+0000] {dagbag.py:538} INFO - Filling up the DagBag from /home/airflow/.local/lib/python3.7/site-packages/airflow/example_dags/example_branch_operator.py
[2023-02-21T12:03:20.985+0000] {processor.py:753} INFO - DAG(s) dict_keys(['example_branch_operator']) retrieved from /home/airflow/.local/lib/python3.7/site-packages/airflow/example_dags/example_branch_operator.py
[2023-02-21T12:03:21.058+0000] {logging_mixin.py:137} INFO - [2023-02-21T12:03:21.058+0000] {dag.py:2690} INFO - Sync 1 DAGs
[2023-02-21T12:03:21.118+0000] {logging_mixin.py:137} INFO - [2023-02-21T12:03:21.118+0000] {dag.py:3441} INFO - Setting next_dagrun for example_branch_operator to 2023-02-20T00:00:00+00:00, run_after=2023-02-21T00:00:00+00:00
[2023-02-21T12:03:21.275+0000] {processor.py:175} INFO - Processing /home/airflow/.local/lib/python3.7/site-packages/airflow/example_dags/example_branch_operator.py took 0.345 seconds
[2023-02-21T12:03:51.691+0000] {processor.py:153} INFO - Started process (PID=1812) to work on /home/airflow/.local/lib/python3.7/site-packages/airflow/example_dags/example_branch_operator.py
[2023-02-21T12:03:51.694+0000] {processor.py:743} INFO - Processing file /home/airflow/.local/lib/python3.7/site-packages/airflow/example_dags/example_branch_operator.py for tasks to queue
[2023-02-21T12:03:51.697+0000] {logging_mixin.py:137} INFO - [2023-02-21T12:03:51.697+0000] {dagbag.py:538} INFO - Filling up the DagBag from /home/airflow/.local/lib/python3.7/site-packages/airflow/example_dags/example_branch_operator.py
[2023-02-21T12:03:51.731+0000] {processor.py:753} INFO - DAG(s) dict_keys(['example_branch_operator']) retrieved from /home/airflow/.local/lib/python3.7/site-packages/airflow/example_dags/example_branch_operator.py
[2023-02-21T12:03:51.775+0000] {logging_mixin.py:137} INFO - [2023-02-21T12:03:51.775+0000] {dag.py:2690} INFO - Sync 1 DAGs
[2023-02-21T12:03:51.815+0000] {logging_mixin.py:137} INFO - [2023-02-21T12:03:51.815+0000] {dag.py:3441} INFO - Setting next_dagrun for example_branch_operator to 2023-02-20T00:00:00+00:00, run_after=2023-02-21T00:00:00+00:00
[2023-02-21T12:03:51.846+0000] {processor.py:175} INFO - Processing /home/airflow/.local/lib/python3.7/site-packages/airflow/example_dags/example_branch_operator.py took 0.165 seconds
[2023-02-21T12:04:22.731+0000] {processor.py:153} INFO - Started process (PID=1871) to work on /home/airflow/.local/lib/python3.7/site-packages/airflow/example_dags/example_branch_operator.py
[2023-02-21T12:04:22.734+0000] {processor.py:743} INFO - Processing file /home/airflow/.local/lib/python3.7/site-packages/airflow/example_dags/example_branch_operator.py for tasks to queue
[2023-02-21T12:04:22.738+0000] {logging_mixin.py:137} INFO - [2023-02-21T12:04:22.738+0000] {dagbag.py:538} INFO - Filling up the DagBag from /home/airflow/.local/lib/python3.7/site-packages/airflow/example_dags/example_branch_operator.py
[2023-02-21T12:04:22.771+0000] {processor.py:753} INFO - DAG(s) dict_keys(['example_branch_operator']) retrieved from /home/airflow/.local/lib/python3.7/site-packages/airflow/example_dags/example_branch_operator.py
[2023-02-21T12:04:22.860+0000] {logging_mixin.py:137} INFO - [2023-02-21T12:04:22.860+0000] {dag.py:2690} INFO - Sync 1 DAGs
[2023-02-21T12:04:22.973+0000] {logging_mixin.py:137} INFO - [2023-02-21T12:04:22.972+0000] {dag.py:3441} INFO - Setting next_dagrun for example_branch_operator to 2023-02-20T00:00:00+00:00, run_after=2023-02-21T00:00:00+00:00
[2023-02-21T12:04:23.084+0000] {processor.py:175} INFO - Processing /home/airflow/.local/lib/python3.7/site-packages/airflow/example_dags/example_branch_operator.py took 0.373 seconds
[2023-02-21T12:04:53.441+0000] {processor.py:153} INFO - Started process (PID=1928) to work on /home/airflow/.local/lib/python3.7/site-packages/airflow/example_dags/example_branch_operator.py
[2023-02-21T12:04:53.449+0000] {processor.py:743} INFO - Processing file /home/airflow/.local/lib/python3.7/site-packages/airflow/example_dags/example_branch_operator.py for tasks to queue
[2023-02-21T12:04:53.458+0000] {logging_mixin.py:137} INFO - [2023-02-21T12:04:53.457+0000] {dagbag.py:538} INFO - Filling up the DagBag from /home/airflow/.local/lib/python3.7/site-packages/airflow/example_dags/example_branch_operator.py
[2023-02-21T12:04:53.557+0000] {processor.py:753} INFO - DAG(s) dict_keys(['example_branch_operator']) retrieved from /home/airflow/.local/lib/python3.7/site-packages/airflow/example_dags/example_branch_operator.py
[2023-02-21T12:04:53.655+0000] {logging_mixin.py:137} INFO - [2023-02-21T12:04:53.655+0000] {dag.py:2690} INFO - Sync 1 DAGs
[2023-02-21T12:04:53.720+0000] {logging_mixin.py:137} INFO - [2023-02-21T12:04:53.719+0000] {dag.py:3441} INFO - Setting next_dagrun for example_branch_operator to 2023-02-20T00:00:00+00:00, run_after=2023-02-21T00:00:00+00:00
[2023-02-21T12:04:53.776+0000] {processor.py:175} INFO - Processing /home/airflow/.local/lib/python3.7/site-packages/airflow/example_dags/example_branch_operator.py took 0.356 seconds
[2023-02-21T12:05:24.451+0000] {processor.py:153} INFO - Started process (PID=1988) to work on /home/airflow/.local/lib/python3.7/site-packages/airflow/example_dags/example_branch_operator.py
[2023-02-21T12:05:24.454+0000] {processor.py:743} INFO - Processing file /home/airflow/.local/lib/python3.7/site-packages/airflow/example_dags/example_branch_operator.py for tasks to queue
[2023-02-21T12:05:24.456+0000] {logging_mixin.py:137} INFO - [2023-02-21T12:05:24.456+0000] {dagbag.py:538} INFO - Filling up the DagBag from /home/airflow/.local/lib/python3.7/site-packages/airflow/example_dags/example_branch_operator.py
[2023-02-21T12:05:24.516+0000] {processor.py:753} INFO - DAG(s) dict_keys(['example_branch_operator']) retrieved from /home/airflow/.local/lib/python3.7/site-packages/airflow/example_dags/example_branch_operator.py
[2023-02-21T12:05:24.624+0000] {logging_mixin.py:137} INFO - [2023-02-21T12:05:24.623+0000] {dag.py:2690} INFO - Sync 1 DAGs
[2023-02-21T12:05:24.693+0000] {logging_mixin.py:137} INFO - [2023-02-21T12:05:24.692+0000] {dag.py:3441} INFO - Setting next_dagrun for example_branch_operator to 2023-02-20T00:00:00+00:00, run_after=2023-02-21T00:00:00+00:00
[2023-02-21T12:05:24.738+0000] {processor.py:175} INFO - Processing /home/airflow/.local/lib/python3.7/site-packages/airflow/example_dags/example_branch_operator.py took 0.320 seconds
[2023-02-21T12:05:54.997+0000] {processor.py:153} INFO - Started process (PID=2037) to work on /home/airflow/.local/lib/python3.7/site-packages/airflow/example_dags/example_branch_operator.py
[2023-02-21T12:05:55.014+0000] {processor.py:743} INFO - Processing file /home/airflow/.local/lib/python3.7/site-packages/airflow/example_dags/example_branch_operator.py for tasks to queue
[2023-02-21T12:05:55.024+0000] {logging_mixin.py:137} INFO - [2023-02-21T12:05:55.020+0000] {dagbag.py:538} INFO - Filling up the DagBag from /home/airflow/.local/lib/python3.7/site-packages/airflow/example_dags/example_branch_operator.py
[2023-02-21T12:05:55.144+0000] {processor.py:753} INFO - DAG(s) dict_keys(['example_branch_operator']) retrieved from /home/airflow/.local/lib/python3.7/site-packages/airflow/example_dags/example_branch_operator.py
[2023-02-21T12:05:55.262+0000] {logging_mixin.py:137} INFO - [2023-02-21T12:05:55.262+0000] {dag.py:2690} INFO - Sync 1 DAGs
[2023-02-21T12:05:55.489+0000] {logging_mixin.py:137} INFO - [2023-02-21T12:05:55.489+0000] {dag.py:3441} INFO - Setting next_dagrun for example_branch_operator to 2023-02-20T00:00:00+00:00, run_after=2023-02-21T00:00:00+00:00
[2023-02-21T12:05:55.654+0000] {processor.py:175} INFO - Processing /home/airflow/.local/lib/python3.7/site-packages/airflow/example_dags/example_branch_operator.py took 0.700 seconds
[2023-02-21T12:06:26.321+0000] {processor.py:153} INFO - Started process (PID=2096) to work on /home/airflow/.local/lib/python3.7/site-packages/airflow/example_dags/example_branch_operator.py
[2023-02-21T12:06:26.342+0000] {processor.py:743} INFO - Processing file /home/airflow/.local/lib/python3.7/site-packages/airflow/example_dags/example_branch_operator.py for tasks to queue
[2023-02-21T12:06:26.347+0000] {logging_mixin.py:137} INFO - [2023-02-21T12:06:26.346+0000] {dagbag.py:538} INFO - Filling up the DagBag from /home/airflow/.local/lib/python3.7/site-packages/airflow/example_dags/example_branch_operator.py
[2023-02-21T12:06:26.419+0000] {processor.py:753} INFO - DAG(s) dict_keys(['example_branch_operator']) retrieved from /home/airflow/.local/lib/python3.7/site-packages/airflow/example_dags/example_branch_operator.py
[2023-02-21T12:06:26.619+0000] {logging_mixin.py:137} INFO - [2023-02-21T12:06:26.618+0000] {dag.py:2690} INFO - Sync 1 DAGs
[2023-02-21T12:06:26.695+0000] {logging_mixin.py:137} INFO - [2023-02-21T12:06:26.695+0000] {dag.py:3441} INFO - Setting next_dagrun for example_branch_operator to 2023-02-20T00:00:00+00:00, run_after=2023-02-21T00:00:00+00:00
[2023-02-21T12:06:26.812+0000] {processor.py:175} INFO - Processing /home/airflow/.local/lib/python3.7/site-packages/airflow/example_dags/example_branch_operator.py took 0.504 seconds
[2023-02-21T12:06:57.808+0000] {processor.py:153} INFO - Started process (PID=2155) to work on /home/airflow/.local/lib/python3.7/site-packages/airflow/example_dags/example_branch_operator.py
[2023-02-21T12:06:57.811+0000] {processor.py:743} INFO - Processing file /home/airflow/.local/lib/python3.7/site-packages/airflow/example_dags/example_branch_operator.py for tasks to queue
[2023-02-21T12:06:57.814+0000] {logging_mixin.py:137} INFO - [2023-02-21T12:06:57.814+0000] {dagbag.py:538} INFO - Filling up the DagBag from /home/airflow/.local/lib/python3.7/site-packages/airflow/example_dags/example_branch_operator.py
[2023-02-21T12:06:57.847+0000] {processor.py:753} INFO - DAG(s) dict_keys(['example_branch_operator']) retrieved from /home/airflow/.local/lib/python3.7/site-packages/airflow/example_dags/example_branch_operator.py
[2023-02-21T12:06:57.894+0000] {logging_mixin.py:137} INFO - [2023-02-21T12:06:57.894+0000] {dag.py:2690} INFO - Sync 1 DAGs
[2023-02-21T12:06:57.942+0000] {logging_mixin.py:137} INFO - [2023-02-21T12:06:57.942+0000] {dag.py:3441} INFO - Setting next_dagrun for example_branch_operator to 2023-02-20T00:00:00+00:00, run_after=2023-02-21T00:00:00+00:00
[2023-02-21T12:06:57.977+0000] {processor.py:175} INFO - Processing /home/airflow/.local/lib/python3.7/site-packages/airflow/example_dags/example_branch_operator.py took 0.177 seconds
[2023-02-21T12:07:28.465+0000] {processor.py:153} INFO - Started process (PID=2213) to work on /home/airflow/.local/lib/python3.7/site-packages/airflow/example_dags/example_branch_operator.py
[2023-02-21T12:07:28.468+0000] {processor.py:743} INFO - Processing file /home/airflow/.local/lib/python3.7/site-packages/airflow/example_dags/example_branch_operator.py for tasks to queue
[2023-02-21T12:07:28.470+0000] {logging_mixin.py:137} INFO - [2023-02-21T12:07:28.470+0000] {dagbag.py:538} INFO - Filling up the DagBag from /home/airflow/.local/lib/python3.7/site-packages/airflow/example_dags/example_branch_operator.py
[2023-02-21T12:07:28.510+0000] {processor.py:753} INFO - DAG(s) dict_keys(['example_branch_operator']) retrieved from /home/airflow/.local/lib/python3.7/site-packages/airflow/example_dags/example_branch_operator.py
[2023-02-21T12:07:28.567+0000] {logging_mixin.py:137} INFO - [2023-02-21T12:07:28.567+0000] {dag.py:2690} INFO - Sync 1 DAGs
[2023-02-21T12:07:28.621+0000] {logging_mixin.py:137} INFO - [2023-02-21T12:07:28.620+0000] {dag.py:3441} INFO - Setting next_dagrun for example_branch_operator to 2023-02-20T00:00:00+00:00, run_after=2023-02-21T00:00:00+00:00
[2023-02-21T12:07:28.660+0000] {processor.py:175} INFO - Processing /home/airflow/.local/lib/python3.7/site-packages/airflow/example_dags/example_branch_operator.py took 0.200 seconds
[2023-02-21T12:08:00.116+0000] {processor.py:153} INFO - Started process (PID=2273) to work on /home/airflow/.local/lib/python3.7/site-packages/airflow/example_dags/example_branch_operator.py
[2023-02-21T12:08:00.124+0000] {processor.py:743} INFO - Processing file /home/airflow/.local/lib/python3.7/site-packages/airflow/example_dags/example_branch_operator.py for tasks to queue
[2023-02-21T12:08:00.134+0000] {logging_mixin.py:137} INFO - [2023-02-21T12:08:00.133+0000] {dagbag.py:538} INFO - Filling up the DagBag from /home/airflow/.local/lib/python3.7/site-packages/airflow/example_dags/example_branch_operator.py
[2023-02-21T12:08:00.248+0000] {processor.py:753} INFO - DAG(s) dict_keys(['example_branch_operator']) retrieved from /home/airflow/.local/lib/python3.7/site-packages/airflow/example_dags/example_branch_operator.py
[2023-02-21T12:08:00.333+0000] {logging_mixin.py:137} INFO - [2023-02-21T12:08:00.333+0000] {dag.py:2690} INFO - Sync 1 DAGs
[2023-02-21T12:08:00.460+0000] {logging_mixin.py:137} INFO - [2023-02-21T12:08:00.460+0000] {dag.py:3441} INFO - Setting next_dagrun for example_branch_operator to 2023-02-20T00:00:00+00:00, run_after=2023-02-21T00:00:00+00:00
[2023-02-21T12:08:00.543+0000] {processor.py:175} INFO - Processing /home/airflow/.local/lib/python3.7/site-packages/airflow/example_dags/example_branch_operator.py took 0.439 seconds
[2023-02-21T12:08:31.165+0000] {processor.py:153} INFO - Started process (PID=2332) to work on /home/airflow/.local/lib/python3.7/site-packages/airflow/example_dags/example_branch_operator.py
[2023-02-21T12:08:31.169+0000] {processor.py:743} INFO - Processing file /home/airflow/.local/lib/python3.7/site-packages/airflow/example_dags/example_branch_operator.py for tasks to queue
[2023-02-21T12:08:31.173+0000] {logging_mixin.py:137} INFO - [2023-02-21T12:08:31.173+0000] {dagbag.py:538} INFO - Filling up the DagBag from /home/airflow/.local/lib/python3.7/site-packages/airflow/example_dags/example_branch_operator.py
[2023-02-21T12:08:31.256+0000] {processor.py:753} INFO - DAG(s) dict_keys(['example_branch_operator']) retrieved from /home/airflow/.local/lib/python3.7/site-packages/airflow/example_dags/example_branch_operator.py
[2023-02-21T12:08:31.329+0000] {logging_mixin.py:137} INFO - [2023-02-21T12:08:31.328+0000] {dag.py:2690} INFO - Sync 1 DAGs
[2023-02-21T12:08:31.407+0000] {logging_mixin.py:137} INFO - [2023-02-21T12:08:31.406+0000] {dag.py:3441} INFO - Setting next_dagrun for example_branch_operator to 2023-02-20T00:00:00+00:00, run_after=2023-02-21T00:00:00+00:00
[2023-02-21T12:08:31.464+0000] {processor.py:175} INFO - Processing /home/airflow/.local/lib/python3.7/site-packages/airflow/example_dags/example_branch_operator.py took 0.341 seconds
[2023-02-21T12:09:02.274+0000] {processor.py:153} INFO - Started process (PID=2390) to work on /home/airflow/.local/lib/python3.7/site-packages/airflow/example_dags/example_branch_operator.py
[2023-02-21T12:09:02.285+0000] {processor.py:743} INFO - Processing file /home/airflow/.local/lib/python3.7/site-packages/airflow/example_dags/example_branch_operator.py for tasks to queue
[2023-02-21T12:09:02.294+0000] {logging_mixin.py:137} INFO - [2023-02-21T12:09:02.293+0000] {dagbag.py:538} INFO - Filling up the DagBag from /home/airflow/.local/lib/python3.7/site-packages/airflow/example_dags/example_branch_operator.py
[2023-02-21T12:09:02.330+0000] {processor.py:753} INFO - DAG(s) dict_keys(['example_branch_operator']) retrieved from /home/airflow/.local/lib/python3.7/site-packages/airflow/example_dags/example_branch_operator.py
[2023-02-21T12:09:02.461+0000] {logging_mixin.py:137} INFO - [2023-02-21T12:09:02.461+0000] {dag.py:2690} INFO - Sync 1 DAGs
[2023-02-21T12:09:02.598+0000] {logging_mixin.py:137} INFO - [2023-02-21T12:09:02.598+0000] {dag.py:3441} INFO - Setting next_dagrun for example_branch_operator to 2023-02-20T00:00:00+00:00, run_after=2023-02-21T00:00:00+00:00
[2023-02-21T12:09:02.661+0000] {processor.py:175} INFO - Processing /home/airflow/.local/lib/python3.7/site-packages/airflow/example_dags/example_branch_operator.py took 0.395 seconds
[2023-02-21T12:09:33.707+0000] {processor.py:153} INFO - Started process (PID=2448) to work on /home/airflow/.local/lib/python3.7/site-packages/airflow/example_dags/example_branch_operator.py
[2023-02-21T12:09:33.715+0000] {processor.py:743} INFO - Processing file /home/airflow/.local/lib/python3.7/site-packages/airflow/example_dags/example_branch_operator.py for tasks to queue
[2023-02-21T12:09:33.739+0000] {logging_mixin.py:137} INFO - [2023-02-21T12:09:33.739+0000] {dagbag.py:538} INFO - Filling up the DagBag from /home/airflow/.local/lib/python3.7/site-packages/airflow/example_dags/example_branch_operator.py
[2023-02-21T12:09:33.837+0000] {processor.py:753} INFO - DAG(s) dict_keys(['example_branch_operator']) retrieved from /home/airflow/.local/lib/python3.7/site-packages/airflow/example_dags/example_branch_operator.py
[2023-02-21T12:09:34.026+0000] {logging_mixin.py:137} INFO - [2023-02-21T12:09:34.025+0000] {dag.py:2690} INFO - Sync 1 DAGs
[2023-02-21T12:09:34.152+0000] {logging_mixin.py:137} INFO - [2023-02-21T12:09:34.151+0000] {dag.py:3441} INFO - Setting next_dagrun for example_branch_operator to 2023-02-20T00:00:00+00:00, run_after=2023-02-21T00:00:00+00:00
[2023-02-21T12:09:34.304+0000] {processor.py:175} INFO - Processing /home/airflow/.local/lib/python3.7/site-packages/airflow/example_dags/example_branch_operator.py took 0.606 seconds
[2023-02-21T12:10:04.452+0000] {processor.py:153} INFO - Started process (PID=2507) to work on /home/airflow/.local/lib/python3.7/site-packages/airflow/example_dags/example_branch_operator.py
[2023-02-21T12:10:04.456+0000] {processor.py:743} INFO - Processing file /home/airflow/.local/lib/python3.7/site-packages/airflow/example_dags/example_branch_operator.py for tasks to queue
[2023-02-21T12:10:04.459+0000] {logging_mixin.py:137} INFO - [2023-02-21T12:10:04.458+0000] {dagbag.py:538} INFO - Filling up the DagBag from /home/airflow/.local/lib/python3.7/site-packages/airflow/example_dags/example_branch_operator.py
[2023-02-21T12:10:04.504+0000] {processor.py:753} INFO - DAG(s) dict_keys(['example_branch_operator']) retrieved from /home/airflow/.local/lib/python3.7/site-packages/airflow/example_dags/example_branch_operator.py
[2023-02-21T12:10:04.548+0000] {logging_mixin.py:137} INFO - [2023-02-21T12:10:04.548+0000] {dag.py:2690} INFO - Sync 1 DAGs
[2023-02-21T12:10:04.621+0000] {logging_mixin.py:137} INFO - [2023-02-21T12:10:04.621+0000] {dag.py:3441} INFO - Setting next_dagrun for example_branch_operator to 2023-02-20T00:00:00+00:00, run_after=2023-02-21T00:00:00+00:00
[2023-02-21T12:10:04.673+0000] {processor.py:175} INFO - Processing /home/airflow/.local/lib/python3.7/site-packages/airflow/example_dags/example_branch_operator.py took 0.225 seconds
[2023-02-21T12:10:35.686+0000] {processor.py:153} INFO - Started process (PID=2575) to work on /home/airflow/.local/lib/python3.7/site-packages/airflow/example_dags/example_branch_operator.py
[2023-02-21T12:10:35.696+0000] {processor.py:743} INFO - Processing file /home/airflow/.local/lib/python3.7/site-packages/airflow/example_dags/example_branch_operator.py for tasks to queue
[2023-02-21T12:10:35.698+0000] {logging_mixin.py:137} INFO - [2023-02-21T12:10:35.698+0000] {dagbag.py:538} INFO - Filling up the DagBag from /home/airflow/.local/lib/python3.7/site-packages/airflow/example_dags/example_branch_operator.py
[2023-02-21T12:10:35.825+0000] {processor.py:753} INFO - DAG(s) dict_keys(['example_branch_operator']) retrieved from /home/airflow/.local/lib/python3.7/site-packages/airflow/example_dags/example_branch_operator.py
[2023-02-21T12:10:35.955+0000] {logging_mixin.py:137} INFO - [2023-02-21T12:10:35.954+0000] {dag.py:2690} INFO - Sync 1 DAGs
[2023-02-21T12:10:36.142+0000] {logging_mixin.py:137} INFO - [2023-02-21T12:10:36.142+0000] {dag.py:3441} INFO - Setting next_dagrun for example_branch_operator to 2023-02-20T00:00:00+00:00, run_after=2023-02-21T00:00:00+00:00
[2023-02-21T12:10:36.269+0000] {processor.py:175} INFO - Processing /home/airflow/.local/lib/python3.7/site-packages/airflow/example_dags/example_branch_operator.py took 0.616 seconds
[2023-02-21T12:11:06.615+0000] {processor.py:153} INFO - Started process (PID=2634) to work on /home/airflow/.local/lib/python3.7/site-packages/airflow/example_dags/example_branch_operator.py
[2023-02-21T12:11:06.644+0000] {processor.py:743} INFO - Processing file /home/airflow/.local/lib/python3.7/site-packages/airflow/example_dags/example_branch_operator.py for tasks to queue
[2023-02-21T12:11:06.655+0000] {logging_mixin.py:137} INFO - [2023-02-21T12:11:06.654+0000] {dagbag.py:538} INFO - Filling up the DagBag from /home/airflow/.local/lib/python3.7/site-packages/airflow/example_dags/example_branch_operator.py
[2023-02-21T12:11:06.711+0000] {processor.py:753} INFO - DAG(s) dict_keys(['example_branch_operator']) retrieved from /home/airflow/.local/lib/python3.7/site-packages/airflow/example_dags/example_branch_operator.py
[2023-02-21T12:11:06.840+0000] {logging_mixin.py:137} INFO - [2023-02-21T12:11:06.840+0000] {dag.py:2690} INFO - Sync 1 DAGs
[2023-02-21T12:11:06.948+0000] {logging_mixin.py:137} INFO - [2023-02-21T12:11:06.947+0000] {dag.py:3441} INFO - Setting next_dagrun for example_branch_operator to 2023-02-20T00:00:00+00:00, run_after=2023-02-21T00:00:00+00:00
[2023-02-21T12:11:07.044+0000] {processor.py:175} INFO - Processing /home/airflow/.local/lib/python3.7/site-packages/airflow/example_dags/example_branch_operator.py took 0.461 seconds
[2023-02-21T12:11:37.685+0000] {processor.py:153} INFO - Started process (PID=2683) to work on /home/airflow/.local/lib/python3.7/site-packages/airflow/example_dags/example_branch_operator.py
[2023-02-21T12:11:37.693+0000] {processor.py:743} INFO - Processing file /home/airflow/.local/lib/python3.7/site-packages/airflow/example_dags/example_branch_operator.py for tasks to queue
[2023-02-21T12:11:37.697+0000] {logging_mixin.py:137} INFO - [2023-02-21T12:11:37.697+0000] {dagbag.py:538} INFO - Filling up the DagBag from /home/airflow/.local/lib/python3.7/site-packages/airflow/example_dags/example_branch_operator.py
[2023-02-21T12:11:37.791+0000] {processor.py:753} INFO - DAG(s) dict_keys(['example_branch_operator']) retrieved from /home/airflow/.local/lib/python3.7/site-packages/airflow/example_dags/example_branch_operator.py
[2023-02-21T12:11:37.994+0000] {logging_mixin.py:137} INFO - [2023-02-21T12:11:37.993+0000] {dag.py:2690} INFO - Sync 1 DAGs
[2023-02-21T12:11:38.196+0000] {logging_mixin.py:137} INFO - [2023-02-21T12:11:38.195+0000] {dag.py:3441} INFO - Setting next_dagrun for example_branch_operator to 2023-02-20T00:00:00+00:00, run_after=2023-02-21T00:00:00+00:00
[2023-02-21T12:11:38.308+0000] {processor.py:175} INFO - Processing /home/airflow/.local/lib/python3.7/site-packages/airflow/example_dags/example_branch_operator.py took 0.665 seconds
[2023-02-21T12:12:09.227+0000] {processor.py:153} INFO - Started process (PID=2742) to work on /home/airflow/.local/lib/python3.7/site-packages/airflow/example_dags/example_branch_operator.py
[2023-02-21T12:12:09.238+0000] {processor.py:743} INFO - Processing file /home/airflow/.local/lib/python3.7/site-packages/airflow/example_dags/example_branch_operator.py for tasks to queue
[2023-02-21T12:12:09.246+0000] {logging_mixin.py:137} INFO - [2023-02-21T12:12:09.246+0000] {dagbag.py:538} INFO - Filling up the DagBag from /home/airflow/.local/lib/python3.7/site-packages/airflow/example_dags/example_branch_operator.py
[2023-02-21T12:12:09.337+0000] {processor.py:753} INFO - DAG(s) dict_keys(['example_branch_operator']) retrieved from /home/airflow/.local/lib/python3.7/site-packages/airflow/example_dags/example_branch_operator.py
[2023-02-21T12:12:09.397+0000] {logging_mixin.py:137} INFO - [2023-02-21T12:12:09.397+0000] {dag.py:2690} INFO - Sync 1 DAGs
[2023-02-21T12:12:09.448+0000] {logging_mixin.py:137} INFO - [2023-02-21T12:12:09.448+0000] {dag.py:3441} INFO - Setting next_dagrun for example_branch_operator to 2023-02-20T00:00:00+00:00, run_after=2023-02-21T00:00:00+00:00
[2023-02-21T12:12:09.550+0000] {processor.py:175} INFO - Processing /home/airflow/.local/lib/python3.7/site-packages/airflow/example_dags/example_branch_operator.py took 0.333 seconds
[2023-02-21T12:12:39.682+0000] {processor.py:153} INFO - Started process (PID=2811) to work on /home/airflow/.local/lib/python3.7/site-packages/airflow/example_dags/example_branch_operator.py
[2023-02-21T12:12:39.687+0000] {processor.py:743} INFO - Processing file /home/airflow/.local/lib/python3.7/site-packages/airflow/example_dags/example_branch_operator.py for tasks to queue
[2023-02-21T12:12:39.690+0000] {logging_mixin.py:137} INFO - [2023-02-21T12:12:39.690+0000] {dagbag.py:538} INFO - Filling up the DagBag from /home/airflow/.local/lib/python3.7/site-packages/airflow/example_dags/example_branch_operator.py
[2023-02-21T12:12:39.718+0000] {processor.py:753} INFO - DAG(s) dict_keys(['example_branch_operator']) retrieved from /home/airflow/.local/lib/python3.7/site-packages/airflow/example_dags/example_branch_operator.py
[2023-02-21T12:12:39.767+0000] {logging_mixin.py:137} INFO - [2023-02-21T12:12:39.767+0000] {dag.py:2690} INFO - Sync 1 DAGs
[2023-02-21T12:12:39.809+0000] {logging_mixin.py:137} INFO - [2023-02-21T12:12:39.809+0000] {dag.py:3441} INFO - Setting next_dagrun for example_branch_operator to 2023-02-20T00:00:00+00:00, run_after=2023-02-21T00:00:00+00:00
[2023-02-21T12:12:39.846+0000] {processor.py:175} INFO - Processing /home/airflow/.local/lib/python3.7/site-packages/airflow/example_dags/example_branch_operator.py took 0.171 seconds
[2023-02-21T12:13:10.301+0000] {processor.py:153} INFO - Started process (PID=2871) to work on /home/airflow/.local/lib/python3.7/site-packages/airflow/example_dags/example_branch_operator.py
[2023-02-21T12:13:10.312+0000] {processor.py:743} INFO - Processing file /home/airflow/.local/lib/python3.7/site-packages/airflow/example_dags/example_branch_operator.py for tasks to queue
[2023-02-21T12:13:10.323+0000] {logging_mixin.py:137} INFO - [2023-02-21T12:13:10.321+0000] {dagbag.py:538} INFO - Filling up the DagBag from /home/airflow/.local/lib/python3.7/site-packages/airflow/example_dags/example_branch_operator.py
[2023-02-21T12:13:10.382+0000] {processor.py:753} INFO - DAG(s) dict_keys(['example_branch_operator']) retrieved from /home/airflow/.local/lib/python3.7/site-packages/airflow/example_dags/example_branch_operator.py
[2023-02-21T12:13:10.474+0000] {logging_mixin.py:137} INFO - [2023-02-21T12:13:10.473+0000] {dag.py:2690} INFO - Sync 1 DAGs
[2023-02-21T12:13:10.565+0000] {logging_mixin.py:137} INFO - [2023-02-21T12:13:10.565+0000] {dag.py:3441} INFO - Setting next_dagrun for example_branch_operator to 2023-02-20T00:00:00+00:00, run_after=2023-02-21T00:00:00+00:00
[2023-02-21T12:13:10.655+0000] {processor.py:175} INFO - Processing /home/airflow/.local/lib/python3.7/site-packages/airflow/example_dags/example_branch_operator.py took 0.371 seconds
[2023-02-21T12:13:40.897+0000] {processor.py:153} INFO - Started process (PID=2931) to work on /home/airflow/.local/lib/python3.7/site-packages/airflow/example_dags/example_branch_operator.py
[2023-02-21T12:13:40.900+0000] {processor.py:743} INFO - Processing file /home/airflow/.local/lib/python3.7/site-packages/airflow/example_dags/example_branch_operator.py for tasks to queue
[2023-02-21T12:13:40.903+0000] {logging_mixin.py:137} INFO - [2023-02-21T12:13:40.902+0000] {dagbag.py:538} INFO - Filling up the DagBag from /home/airflow/.local/lib/python3.7/site-packages/airflow/example_dags/example_branch_operator.py
[2023-02-21T12:13:40.925+0000] {processor.py:753} INFO - DAG(s) dict_keys(['example_branch_operator']) retrieved from /home/airflow/.local/lib/python3.7/site-packages/airflow/example_dags/example_branch_operator.py
[2023-02-21T12:13:40.964+0000] {logging_mixin.py:137} INFO - [2023-02-21T12:13:40.964+0000] {dag.py:2690} INFO - Sync 1 DAGs
[2023-02-21T12:13:41.000+0000] {logging_mixin.py:137} INFO - [2023-02-21T12:13:41.000+0000] {dag.py:3441} INFO - Setting next_dagrun for example_branch_operator to 2023-02-20T00:00:00+00:00, run_after=2023-02-21T00:00:00+00:00
[2023-02-21T12:13:41.030+0000] {processor.py:175} INFO - Processing /home/airflow/.local/lib/python3.7/site-packages/airflow/example_dags/example_branch_operator.py took 0.137 seconds
[2023-02-21T12:14:11.447+0000] {processor.py:153} INFO - Started process (PID=3000) to work on /home/airflow/.local/lib/python3.7/site-packages/airflow/example_dags/example_branch_operator.py
[2023-02-21T12:14:11.471+0000] {processor.py:743} INFO - Processing file /home/airflow/.local/lib/python3.7/site-packages/airflow/example_dags/example_branch_operator.py for tasks to queue
[2023-02-21T12:14:11.484+0000] {logging_mixin.py:137} INFO - [2023-02-21T12:14:11.484+0000] {dagbag.py:538} INFO - Filling up the DagBag from /home/airflow/.local/lib/python3.7/site-packages/airflow/example_dags/example_branch_operator.py
[2023-02-21T12:14:11.550+0000] {processor.py:753} INFO - DAG(s) dict_keys(['example_branch_operator']) retrieved from /home/airflow/.local/lib/python3.7/site-packages/airflow/example_dags/example_branch_operator.py
[2023-02-21T12:14:11.647+0000] {logging_mixin.py:137} INFO - [2023-02-21T12:14:11.647+0000] {dag.py:2690} INFO - Sync 1 DAGs
[2023-02-21T12:14:11.740+0000] {logging_mixin.py:137} INFO - [2023-02-21T12:14:11.740+0000] {dag.py:3441} INFO - Setting next_dagrun for example_branch_operator to 2023-02-20T00:00:00+00:00, run_after=2023-02-21T00:00:00+00:00
[2023-02-21T12:14:11.819+0000] {processor.py:175} INFO - Processing /home/airflow/.local/lib/python3.7/site-packages/airflow/example_dags/example_branch_operator.py took 0.380 seconds
[2023-02-21T12:14:42.535+0000] {processor.py:153} INFO - Started process (PID=3060) to work on /home/airflow/.local/lib/python3.7/site-packages/airflow/example_dags/example_branch_operator.py
[2023-02-21T12:14:42.539+0000] {processor.py:743} INFO - Processing file /home/airflow/.local/lib/python3.7/site-packages/airflow/example_dags/example_branch_operator.py for tasks to queue
[2023-02-21T12:14:42.542+0000] {logging_mixin.py:137} INFO - [2023-02-21T12:14:42.541+0000] {dagbag.py:538} INFO - Filling up the DagBag from /home/airflow/.local/lib/python3.7/site-packages/airflow/example_dags/example_branch_operator.py
[2023-02-21T12:14:42.571+0000] {processor.py:753} INFO - DAG(s) dict_keys(['example_branch_operator']) retrieved from /home/airflow/.local/lib/python3.7/site-packages/airflow/example_dags/example_branch_operator.py
[2023-02-21T12:14:42.616+0000] {logging_mixin.py:137} INFO - [2023-02-21T12:14:42.615+0000] {dag.py:2690} INFO - Sync 1 DAGs
[2023-02-21T12:14:42.663+0000] {logging_mixin.py:137} INFO - [2023-02-21T12:14:42.662+0000] {dag.py:3441} INFO - Setting next_dagrun for example_branch_operator to 2023-02-20T00:00:00+00:00, run_after=2023-02-21T00:00:00+00:00
[2023-02-21T12:14:42.695+0000] {processor.py:175} INFO - Processing /home/airflow/.local/lib/python3.7/site-packages/airflow/example_dags/example_branch_operator.py took 0.171 seconds
[2023-02-21T12:15:12.790+0000] {processor.py:153} INFO - Started process (PID=3120) to work on /home/airflow/.local/lib/python3.7/site-packages/airflow/example_dags/example_branch_operator.py
[2023-02-21T12:15:12.794+0000] {processor.py:743} INFO - Processing file /home/airflow/.local/lib/python3.7/site-packages/airflow/example_dags/example_branch_operator.py for tasks to queue
[2023-02-21T12:15:12.797+0000] {logging_mixin.py:137} INFO - [2023-02-21T12:15:12.796+0000] {dagbag.py:538} INFO - Filling up the DagBag from /home/airflow/.local/lib/python3.7/site-packages/airflow/example_dags/example_branch_operator.py
[2023-02-21T12:15:12.819+0000] {processor.py:753} INFO - DAG(s) dict_keys(['example_branch_operator']) retrieved from /home/airflow/.local/lib/python3.7/site-packages/airflow/example_dags/example_branch_operator.py
[2023-02-21T12:15:12.857+0000] {logging_mixin.py:137} INFO - [2023-02-21T12:15:12.857+0000] {dag.py:2690} INFO - Sync 1 DAGs
[2023-02-21T12:15:12.896+0000] {logging_mixin.py:137} INFO - [2023-02-21T12:15:12.895+0000] {dag.py:3441} INFO - Setting next_dagrun for example_branch_operator to 2023-02-20T00:00:00+00:00, run_after=2023-02-21T00:00:00+00:00
[2023-02-21T12:15:12.929+0000] {processor.py:175} INFO - Processing /home/airflow/.local/lib/python3.7/site-packages/airflow/example_dags/example_branch_operator.py took 0.144 seconds
[2023-02-21T12:15:43.732+0000] {processor.py:153} INFO - Started process (PID=3190) to work on /home/airflow/.local/lib/python3.7/site-packages/airflow/example_dags/example_branch_operator.py
[2023-02-21T12:15:43.735+0000] {processor.py:743} INFO - Processing file /home/airflow/.local/lib/python3.7/site-packages/airflow/example_dags/example_branch_operator.py for tasks to queue
[2023-02-21T12:15:43.737+0000] {logging_mixin.py:137} INFO - [2023-02-21T12:15:43.737+0000] {dagbag.py:538} INFO - Filling up the DagBag from /home/airflow/.local/lib/python3.7/site-packages/airflow/example_dags/example_branch_operator.py
[2023-02-21T12:15:43.760+0000] {processor.py:753} INFO - DAG(s) dict_keys(['example_branch_operator']) retrieved from /home/airflow/.local/lib/python3.7/site-packages/airflow/example_dags/example_branch_operator.py
[2023-02-21T12:15:43.798+0000] {logging_mixin.py:137} INFO - [2023-02-21T12:15:43.797+0000] {dag.py:2690} INFO - Sync 1 DAGs
[2023-02-21T12:15:43.833+0000] {logging_mixin.py:137} INFO - [2023-02-21T12:15:43.832+0000] {dag.py:3441} INFO - Setting next_dagrun for example_branch_operator to 2023-02-20T00:00:00+00:00, run_after=2023-02-21T00:00:00+00:00
[2023-02-21T12:15:43.866+0000] {processor.py:175} INFO - Processing /home/airflow/.local/lib/python3.7/site-packages/airflow/example_dags/example_branch_operator.py took 0.141 seconds
[2023-02-21T12:16:14.252+0000] {processor.py:153} INFO - Started process (PID=3248) to work on /home/airflow/.local/lib/python3.7/site-packages/airflow/example_dags/example_branch_operator.py
[2023-02-21T12:16:14.257+0000] {processor.py:743} INFO - Processing file /home/airflow/.local/lib/python3.7/site-packages/airflow/example_dags/example_branch_operator.py for tasks to queue
[2023-02-21T12:16:14.260+0000] {logging_mixin.py:137} INFO - [2023-02-21T12:16:14.260+0000] {dagbag.py:538} INFO - Filling up the DagBag from /home/airflow/.local/lib/python3.7/site-packages/airflow/example_dags/example_branch_operator.py
[2023-02-21T12:16:14.296+0000] {processor.py:753} INFO - DAG(s) dict_keys(['example_branch_operator']) retrieved from /home/airflow/.local/lib/python3.7/site-packages/airflow/example_dags/example_branch_operator.py
[2023-02-21T12:16:14.353+0000] {logging_mixin.py:137} INFO - [2023-02-21T12:16:14.352+0000] {dag.py:2690} INFO - Sync 1 DAGs
[2023-02-21T12:16:14.393+0000] {logging_mixin.py:137} INFO - [2023-02-21T12:16:14.393+0000] {dag.py:3441} INFO - Setting next_dagrun for example_branch_operator to 2023-02-20T00:00:00+00:00, run_after=2023-02-21T00:00:00+00:00
[2023-02-21T12:16:14.426+0000] {processor.py:175} INFO - Processing /home/airflow/.local/lib/python3.7/site-packages/airflow/example_dags/example_branch_operator.py took 0.179 seconds
[2023-02-21T12:16:45.130+0000] {processor.py:153} INFO - Started process (PID=3309) to work on /home/airflow/.local/lib/python3.7/site-packages/airflow/example_dags/example_branch_operator.py
[2023-02-21T12:16:45.133+0000] {processor.py:743} INFO - Processing file /home/airflow/.local/lib/python3.7/site-packages/airflow/example_dags/example_branch_operator.py for tasks to queue
[2023-02-21T12:16:45.136+0000] {logging_mixin.py:137} INFO - [2023-02-21T12:16:45.136+0000] {dagbag.py:538} INFO - Filling up the DagBag from /home/airflow/.local/lib/python3.7/site-packages/airflow/example_dags/example_branch_operator.py
[2023-02-21T12:16:45.167+0000] {processor.py:753} INFO - DAG(s) dict_keys(['example_branch_operator']) retrieved from /home/airflow/.local/lib/python3.7/site-packages/airflow/example_dags/example_branch_operator.py
[2023-02-21T12:16:45.213+0000] {logging_mixin.py:137} INFO - [2023-02-21T12:16:45.213+0000] {dag.py:2690} INFO - Sync 1 DAGs
[2023-02-21T12:16:45.257+0000] {logging_mixin.py:137} INFO - [2023-02-21T12:16:45.257+0000] {dag.py:3441} INFO - Setting next_dagrun for example_branch_operator to 2023-02-20T00:00:00+00:00, run_after=2023-02-21T00:00:00+00:00
[2023-02-21T12:16:45.288+0000] {processor.py:175} INFO - Processing /home/airflow/.local/lib/python3.7/site-packages/airflow/example_dags/example_branch_operator.py took 0.167 seconds
[2023-02-21T12:17:16.097+0000] {processor.py:153} INFO - Started process (PID=3368) to work on /home/airflow/.local/lib/python3.7/site-packages/airflow/example_dags/example_branch_operator.py
[2023-02-21T12:17:16.102+0000] {processor.py:743} INFO - Processing file /home/airflow/.local/lib/python3.7/site-packages/airflow/example_dags/example_branch_operator.py for tasks to queue
[2023-02-21T12:17:16.108+0000] {logging_mixin.py:137} INFO - [2023-02-21T12:17:16.108+0000] {dagbag.py:538} INFO - Filling up the DagBag from /home/airflow/.local/lib/python3.7/site-packages/airflow/example_dags/example_branch_operator.py
[2023-02-21T12:17:16.302+0000] {processor.py:753} INFO - DAG(s) dict_keys(['example_branch_operator']) retrieved from /home/airflow/.local/lib/python3.7/site-packages/airflow/example_dags/example_branch_operator.py
[2023-02-21T12:17:16.474+0000] {logging_mixin.py:137} INFO - [2023-02-21T12:17:16.474+0000] {dag.py:2690} INFO - Sync 1 DAGs
[2023-02-21T12:17:16.625+0000] {logging_mixin.py:137} INFO - [2023-02-21T12:17:16.625+0000] {dag.py:3441} INFO - Setting next_dagrun for example_branch_operator to 2023-02-20T00:00:00+00:00, run_after=2023-02-21T00:00:00+00:00
[2023-02-21T12:17:16.761+0000] {processor.py:175} INFO - Processing /home/airflow/.local/lib/python3.7/site-packages/airflow/example_dags/example_branch_operator.py took 0.678 seconds
[2023-02-21T12:17:47.498+0000] {processor.py:153} INFO - Started process (PID=3425) to work on /home/airflow/.local/lib/python3.7/site-packages/airflow/example_dags/example_branch_operator.py
[2023-02-21T12:17:47.521+0000] {processor.py:743} INFO - Processing file /home/airflow/.local/lib/python3.7/site-packages/airflow/example_dags/example_branch_operator.py for tasks to queue
[2023-02-21T12:17:47.543+0000] {logging_mixin.py:137} INFO - [2023-02-21T12:17:47.542+0000] {dagbag.py:538} INFO - Filling up the DagBag from /home/airflow/.local/lib/python3.7/site-packages/airflow/example_dags/example_branch_operator.py
[2023-02-21T12:17:47.659+0000] {processor.py:753} INFO - DAG(s) dict_keys(['example_branch_operator']) retrieved from /home/airflow/.local/lib/python3.7/site-packages/airflow/example_dags/example_branch_operator.py
[2023-02-21T12:17:47.765+0000] {logging_mixin.py:137} INFO - [2023-02-21T12:17:47.765+0000] {dag.py:2690} INFO - Sync 1 DAGs
[2023-02-21T12:17:47.883+0000] {logging_mixin.py:137} INFO - [2023-02-21T12:17:47.883+0000] {dag.py:3441} INFO - Setting next_dagrun for example_branch_operator to 2023-02-20T00:00:00+00:00, run_after=2023-02-21T00:00:00+00:00
[2023-02-21T12:17:48.002+0000] {processor.py:175} INFO - Processing /home/airflow/.local/lib/python3.7/site-packages/airflow/example_dags/example_branch_operator.py took 0.534 seconds
[2023-02-21T12:18:18.479+0000] {processor.py:153} INFO - Started process (PID=3484) to work on /home/airflow/.local/lib/python3.7/site-packages/airflow/example_dags/example_branch_operator.py
[2023-02-21T12:18:18.484+0000] {processor.py:743} INFO - Processing file /home/airflow/.local/lib/python3.7/site-packages/airflow/example_dags/example_branch_operator.py for tasks to queue
[2023-02-21T12:18:18.487+0000] {logging_mixin.py:137} INFO - [2023-02-21T12:18:18.487+0000] {dagbag.py:538} INFO - Filling up the DagBag from /home/airflow/.local/lib/python3.7/site-packages/airflow/example_dags/example_branch_operator.py
[2023-02-21T12:18:18.578+0000] {processor.py:753} INFO - DAG(s) dict_keys(['example_branch_operator']) retrieved from /home/airflow/.local/lib/python3.7/site-packages/airflow/example_dags/example_branch_operator.py
[2023-02-21T12:18:18.641+0000] {logging_mixin.py:137} INFO - [2023-02-21T12:18:18.641+0000] {dag.py:2690} INFO - Sync 1 DAGs
[2023-02-21T12:18:18.779+0000] {logging_mixin.py:137} INFO - [2023-02-21T12:18:18.778+0000] {dag.py:3441} INFO - Setting next_dagrun for example_branch_operator to 2023-02-20T00:00:00+00:00, run_after=2023-02-21T00:00:00+00:00
[2023-02-21T12:18:18.828+0000] {processor.py:175} INFO - Processing /home/airflow/.local/lib/python3.7/site-packages/airflow/example_dags/example_branch_operator.py took 0.359 seconds
[2023-02-21T12:18:49.180+0000] {processor.py:153} INFO - Started process (PID=3534) to work on /home/airflow/.local/lib/python3.7/site-packages/airflow/example_dags/example_branch_operator.py
[2023-02-21T12:18:49.183+0000] {processor.py:743} INFO - Processing file /home/airflow/.local/lib/python3.7/site-packages/airflow/example_dags/example_branch_operator.py for tasks to queue
[2023-02-21T12:18:49.186+0000] {logging_mixin.py:137} INFO - [2023-02-21T12:18:49.185+0000] {dagbag.py:538} INFO - Filling up the DagBag from /home/airflow/.local/lib/python3.7/site-packages/airflow/example_dags/example_branch_operator.py
[2023-02-21T12:18:49.224+0000] {processor.py:753} INFO - DAG(s) dict_keys(['example_branch_operator']) retrieved from /home/airflow/.local/lib/python3.7/site-packages/airflow/example_dags/example_branch_operator.py
[2023-02-21T12:18:49.280+0000] {logging_mixin.py:137} INFO - [2023-02-21T12:18:49.280+0000] {dag.py:2690} INFO - Sync 1 DAGs
[2023-02-21T12:18:49.329+0000] {logging_mixin.py:137} INFO - [2023-02-21T12:18:49.328+0000] {dag.py:3441} INFO - Setting next_dagrun for example_branch_operator to 2023-02-20T00:00:00+00:00, run_after=2023-02-21T00:00:00+00:00
[2023-02-21T12:18:49.386+0000] {processor.py:175} INFO - Processing /home/airflow/.local/lib/python3.7/site-packages/airflow/example_dags/example_branch_operator.py took 0.210 seconds
[2023-02-21T12:19:19.632+0000] {processor.py:153} INFO - Started process (PID=3592) to work on /home/airflow/.local/lib/python3.7/site-packages/airflow/example_dags/example_branch_operator.py
[2023-02-21T12:19:19.637+0000] {processor.py:743} INFO - Processing file /home/airflow/.local/lib/python3.7/site-packages/airflow/example_dags/example_branch_operator.py for tasks to queue
[2023-02-21T12:19:19.640+0000] {logging_mixin.py:137} INFO - [2023-02-21T12:19:19.639+0000] {dagbag.py:538} INFO - Filling up the DagBag from /home/airflow/.local/lib/python3.7/site-packages/airflow/example_dags/example_branch_operator.py
[2023-02-21T12:19:19.680+0000] {processor.py:753} INFO - DAG(s) dict_keys(['example_branch_operator']) retrieved from /home/airflow/.local/lib/python3.7/site-packages/airflow/example_dags/example_branch_operator.py
[2023-02-21T12:19:19.752+0000] {logging_mixin.py:137} INFO - [2023-02-21T12:19:19.752+0000] {dag.py:2690} INFO - Sync 1 DAGs
[2023-02-21T12:19:19.817+0000] {logging_mixin.py:137} INFO - [2023-02-21T12:19:19.817+0000] {dag.py:3441} INFO - Setting next_dagrun for example_branch_operator to 2023-02-20T00:00:00+00:00, run_after=2023-02-21T00:00:00+00:00
[2023-02-21T12:19:19.855+0000] {processor.py:175} INFO - Processing /home/airflow/.local/lib/python3.7/site-packages/airflow/example_dags/example_branch_operator.py took 0.229 seconds
[2023-02-21T12:19:50.137+0000] {processor.py:153} INFO - Started process (PID=3649) to work on /home/airflow/.local/lib/python3.7/site-packages/airflow/example_dags/example_branch_operator.py
[2023-02-21T12:19:50.172+0000] {processor.py:743} INFO - Processing file /home/airflow/.local/lib/python3.7/site-packages/airflow/example_dags/example_branch_operator.py for tasks to queue
[2023-02-21T12:19:50.182+0000] {logging_mixin.py:137} INFO - [2023-02-21T12:19:50.178+0000] {dagbag.py:538} INFO - Filling up the DagBag from /home/airflow/.local/lib/python3.7/site-packages/airflow/example_dags/example_branch_operator.py
[2023-02-21T12:19:50.327+0000] {processor.py:753} INFO - DAG(s) dict_keys(['example_branch_operator']) retrieved from /home/airflow/.local/lib/python3.7/site-packages/airflow/example_dags/example_branch_operator.py
[2023-02-21T12:19:50.478+0000] {logging_mixin.py:137} INFO - [2023-02-21T12:19:50.477+0000] {dag.py:2690} INFO - Sync 1 DAGs
[2023-02-21T12:19:50.603+0000] {logging_mixin.py:137} INFO - [2023-02-21T12:19:50.590+0000] {dag.py:3441} INFO - Setting next_dagrun for example_branch_operator to 2023-02-20T00:00:00+00:00, run_after=2023-02-21T00:00:00+00:00
[2023-02-21T12:19:50.719+0000] {processor.py:175} INFO - Processing /home/airflow/.local/lib/python3.7/site-packages/airflow/example_dags/example_branch_operator.py took 0.592 seconds
[2023-02-21T12:20:21.324+0000] {processor.py:153} INFO - Started process (PID=3708) to work on /home/airflow/.local/lib/python3.7/site-packages/airflow/example_dags/example_branch_operator.py
[2023-02-21T12:20:21.326+0000] {processor.py:743} INFO - Processing file /home/airflow/.local/lib/python3.7/site-packages/airflow/example_dags/example_branch_operator.py for tasks to queue
[2023-02-21T12:20:21.328+0000] {logging_mixin.py:137} INFO - [2023-02-21T12:20:21.327+0000] {dagbag.py:538} INFO - Filling up the DagBag from /home/airflow/.local/lib/python3.7/site-packages/airflow/example_dags/example_branch_operator.py
[2023-02-21T12:20:21.436+0000] {processor.py:753} INFO - DAG(s) dict_keys(['example_branch_operator']) retrieved from /home/airflow/.local/lib/python3.7/site-packages/airflow/example_dags/example_branch_operator.py
[2023-02-21T12:20:21.614+0000] {logging_mixin.py:137} INFO - [2023-02-21T12:20:21.613+0000] {dag.py:2690} INFO - Sync 1 DAGs
[2023-02-21T12:20:21.784+0000] {logging_mixin.py:137} INFO - [2023-02-21T12:20:21.784+0000] {dag.py:3441} INFO - Setting next_dagrun for example_branch_operator to 2023-02-20T00:00:00+00:00, run_after=2023-02-21T00:00:00+00:00
[2023-02-21T12:20:21.877+0000] {processor.py:175} INFO - Processing /home/airflow/.local/lib/python3.7/site-packages/airflow/example_dags/example_branch_operator.py took 0.557 seconds
[2023-02-21T12:20:52.725+0000] {processor.py:153} INFO - Started process (PID=3767) to work on /home/airflow/.local/lib/python3.7/site-packages/airflow/example_dags/example_branch_operator.py
[2023-02-21T12:20:52.738+0000] {processor.py:743} INFO - Processing file /home/airflow/.local/lib/python3.7/site-packages/airflow/example_dags/example_branch_operator.py for tasks to queue
[2023-02-21T12:20:52.753+0000] {logging_mixin.py:137} INFO - [2023-02-21T12:20:52.752+0000] {dagbag.py:538} INFO - Filling up the DagBag from /home/airflow/.local/lib/python3.7/site-packages/airflow/example_dags/example_branch_operator.py
[2023-02-21T12:20:52.847+0000] {processor.py:753} INFO - DAG(s) dict_keys(['example_branch_operator']) retrieved from /home/airflow/.local/lib/python3.7/site-packages/airflow/example_dags/example_branch_operator.py
[2023-02-21T12:20:52.977+0000] {logging_mixin.py:137} INFO - [2023-02-21T12:20:52.975+0000] {dag.py:2690} INFO - Sync 1 DAGs
[2023-02-21T12:20:53.117+0000] {logging_mixin.py:137} INFO - [2023-02-21T12:20:53.116+0000] {dag.py:3441} INFO - Setting next_dagrun for example_branch_operator to 2023-02-20T00:00:00+00:00, run_after=2023-02-21T00:00:00+00:00
[2023-02-21T12:20:53.232+0000] {processor.py:175} INFO - Processing /home/airflow/.local/lib/python3.7/site-packages/airflow/example_dags/example_branch_operator.py took 0.520 seconds
[2023-02-21T12:21:23.760+0000] {processor.py:153} INFO - Started process (PID=3836) to work on /home/airflow/.local/lib/python3.7/site-packages/airflow/example_dags/example_branch_operator.py
[2023-02-21T12:21:23.768+0000] {processor.py:743} INFO - Processing file /home/airflow/.local/lib/python3.7/site-packages/airflow/example_dags/example_branch_operator.py for tasks to queue
[2023-02-21T12:21:23.773+0000] {logging_mixin.py:137} INFO - [2023-02-21T12:21:23.772+0000] {dagbag.py:538} INFO - Filling up the DagBag from /home/airflow/.local/lib/python3.7/site-packages/airflow/example_dags/example_branch_operator.py
[2023-02-21T12:21:23.882+0000] {processor.py:753} INFO - DAG(s) dict_keys(['example_branch_operator']) retrieved from /home/airflow/.local/lib/python3.7/site-packages/airflow/example_dags/example_branch_operator.py
[2023-02-21T12:21:23.961+0000] {logging_mixin.py:137} INFO - [2023-02-21T12:21:23.961+0000] {dag.py:2690} INFO - Sync 1 DAGs
[2023-02-21T12:21:24.070+0000] {logging_mixin.py:137} INFO - [2023-02-21T12:21:24.070+0000] {dag.py:3441} INFO - Setting next_dagrun for example_branch_operator to 2023-02-20T00:00:00+00:00, run_after=2023-02-21T00:00:00+00:00
[2023-02-21T12:21:24.135+0000] {processor.py:175} INFO - Processing /home/airflow/.local/lib/python3.7/site-packages/airflow/example_dags/example_branch_operator.py took 0.396 seconds
[2023-02-21T12:21:54.313+0000] {processor.py:153} INFO - Started process (PID=3895) to work on /home/airflow/.local/lib/python3.7/site-packages/airflow/example_dags/example_branch_operator.py
[2023-02-21T12:21:54.317+0000] {processor.py:743} INFO - Processing file /home/airflow/.local/lib/python3.7/site-packages/airflow/example_dags/example_branch_operator.py for tasks to queue
[2023-02-21T12:21:54.320+0000] {logging_mixin.py:137} INFO - [2023-02-21T12:21:54.320+0000] {dagbag.py:538} INFO - Filling up the DagBag from /home/airflow/.local/lib/python3.7/site-packages/airflow/example_dags/example_branch_operator.py
[2023-02-21T12:21:54.345+0000] {processor.py:753} INFO - DAG(s) dict_keys(['example_branch_operator']) retrieved from /home/airflow/.local/lib/python3.7/site-packages/airflow/example_dags/example_branch_operator.py
[2023-02-21T12:21:54.384+0000] {logging_mixin.py:137} INFO - [2023-02-21T12:21:54.384+0000] {dag.py:2690} INFO - Sync 1 DAGs
[2023-02-21T12:21:54.421+0000] {logging_mixin.py:137} INFO - [2023-02-21T12:21:54.420+0000] {dag.py:3441} INFO - Setting next_dagrun for example_branch_operator to 2023-02-20T00:00:00+00:00, run_after=2023-02-21T00:00:00+00:00
[2023-02-21T12:21:54.487+0000] {processor.py:175} INFO - Processing /home/airflow/.local/lib/python3.7/site-packages/airflow/example_dags/example_branch_operator.py took 0.180 seconds
[2023-02-21T12:22:24.713+0000] {processor.py:153} INFO - Started process (PID=3954) to work on /home/airflow/.local/lib/python3.7/site-packages/airflow/example_dags/example_branch_operator.py
[2023-02-21T12:22:24.717+0000] {processor.py:743} INFO - Processing file /home/airflow/.local/lib/python3.7/site-packages/airflow/example_dags/example_branch_operator.py for tasks to queue
[2023-02-21T12:22:24.719+0000] {logging_mixin.py:137} INFO - [2023-02-21T12:22:24.719+0000] {dagbag.py:538} INFO - Filling up the DagBag from /home/airflow/.local/lib/python3.7/site-packages/airflow/example_dags/example_branch_operator.py
[2023-02-21T12:22:24.828+0000] {processor.py:753} INFO - DAG(s) dict_keys(['example_branch_operator']) retrieved from /home/airflow/.local/lib/python3.7/site-packages/airflow/example_dags/example_branch_operator.py
[2023-02-21T12:22:25.084+0000] {logging_mixin.py:137} INFO - [2023-02-21T12:22:25.084+0000] {dag.py:2690} INFO - Sync 1 DAGs
[2023-02-21T12:22:25.274+0000] {logging_mixin.py:137} INFO - [2023-02-21T12:22:25.274+0000] {dag.py:3441} INFO - Setting next_dagrun for example_branch_operator to 2023-02-20T00:00:00+00:00, run_after=2023-02-21T00:00:00+00:00
[2023-02-21T12:22:25.478+0000] {processor.py:175} INFO - Processing /home/airflow/.local/lib/python3.7/site-packages/airflow/example_dags/example_branch_operator.py took 0.784 seconds
[2023-02-21T12:22:56.113+0000] {processor.py:153} INFO - Started process (PID=4013) to work on /home/airflow/.local/lib/python3.7/site-packages/airflow/example_dags/example_branch_operator.py
[2023-02-21T12:22:56.117+0000] {processor.py:743} INFO - Processing file /home/airflow/.local/lib/python3.7/site-packages/airflow/example_dags/example_branch_operator.py for tasks to queue
[2023-02-21T12:22:56.120+0000] {logging_mixin.py:137} INFO - [2023-02-21T12:22:56.119+0000] {dagbag.py:538} INFO - Filling up the DagBag from /home/airflow/.local/lib/python3.7/site-packages/airflow/example_dags/example_branch_operator.py
[2023-02-21T12:22:56.175+0000] {processor.py:753} INFO - DAG(s) dict_keys(['example_branch_operator']) retrieved from /home/airflow/.local/lib/python3.7/site-packages/airflow/example_dags/example_branch_operator.py
[2023-02-21T12:22:56.263+0000] {logging_mixin.py:137} INFO - [2023-02-21T12:22:56.263+0000] {dag.py:2690} INFO - Sync 1 DAGs
[2023-02-21T12:22:56.329+0000] {logging_mixin.py:137} INFO - [2023-02-21T12:22:56.328+0000] {dag.py:3441} INFO - Setting next_dagrun for example_branch_operator to 2023-02-20T00:00:00+00:00, run_after=2023-02-21T00:00:00+00:00
[2023-02-21T12:22:56.406+0000] {processor.py:175} INFO - Processing /home/airflow/.local/lib/python3.7/site-packages/airflow/example_dags/example_branch_operator.py took 0.306 seconds
[2023-02-21T12:23:26.702+0000] {processor.py:153} INFO - Started process (PID=4080) to work on /home/airflow/.local/lib/python3.7/site-packages/airflow/example_dags/example_branch_operator.py
[2023-02-21T12:23:26.709+0000] {processor.py:743} INFO - Processing file /home/airflow/.local/lib/python3.7/site-packages/airflow/example_dags/example_branch_operator.py for tasks to queue
[2023-02-21T12:23:26.712+0000] {logging_mixin.py:137} INFO - [2023-02-21T12:23:26.712+0000] {dagbag.py:538} INFO - Filling up the DagBag from /home/airflow/.local/lib/python3.7/site-packages/airflow/example_dags/example_branch_operator.py
[2023-02-21T12:23:26.748+0000] {processor.py:753} INFO - DAG(s) dict_keys(['example_branch_operator']) retrieved from /home/airflow/.local/lib/python3.7/site-packages/airflow/example_dags/example_branch_operator.py
[2023-02-21T12:23:26.800+0000] {logging_mixin.py:137} INFO - [2023-02-21T12:23:26.799+0000] {dag.py:2690} INFO - Sync 1 DAGs
[2023-02-21T12:23:26.847+0000] {logging_mixin.py:137} INFO - [2023-02-21T12:23:26.847+0000] {dag.py:3441} INFO - Setting next_dagrun for example_branch_operator to 2023-02-20T00:00:00+00:00, run_after=2023-02-21T00:00:00+00:00
[2023-02-21T12:23:26.889+0000] {processor.py:175} INFO - Processing /home/airflow/.local/lib/python3.7/site-packages/airflow/example_dags/example_branch_operator.py took 0.197 seconds
[2023-02-21T12:23:57.172+0000] {processor.py:153} INFO - Started process (PID=4139) to work on /home/airflow/.local/lib/python3.7/site-packages/airflow/example_dags/example_branch_operator.py
[2023-02-21T12:23:57.175+0000] {processor.py:743} INFO - Processing file /home/airflow/.local/lib/python3.7/site-packages/airflow/example_dags/example_branch_operator.py for tasks to queue
[2023-02-21T12:23:57.187+0000] {logging_mixin.py:137} INFO - [2023-02-21T12:23:57.184+0000] {dagbag.py:538} INFO - Filling up the DagBag from /home/airflow/.local/lib/python3.7/site-packages/airflow/example_dags/example_branch_operator.py
[2023-02-21T12:23:57.225+0000] {processor.py:753} INFO - DAG(s) dict_keys(['example_branch_operator']) retrieved from /home/airflow/.local/lib/python3.7/site-packages/airflow/example_dags/example_branch_operator.py
[2023-02-21T12:23:57.312+0000] {logging_mixin.py:137} INFO - [2023-02-21T12:23:57.312+0000] {dag.py:2690} INFO - Sync 1 DAGs
[2023-02-21T12:23:57.427+0000] {logging_mixin.py:137} INFO - [2023-02-21T12:23:57.427+0000] {dag.py:3441} INFO - Setting next_dagrun for example_branch_operator to 2023-02-20T00:00:00+00:00, run_after=2023-02-21T00:00:00+00:00
[2023-02-21T12:23:57.533+0000] {processor.py:175} INFO - Processing /home/airflow/.local/lib/python3.7/site-packages/airflow/example_dags/example_branch_operator.py took 0.368 seconds
