[2023-02-21T11:47:04.798+0000] {processor.py:153} INFO - Started process (PID=139) to work on /home/airflow/.local/lib/python3.7/site-packages/airflow/example_dags/tutorial_dag.py
[2023-02-21T11:47:04.804+0000] {processor.py:743} INFO - Processing file /home/airflow/.local/lib/python3.7/site-packages/airflow/example_dags/tutorial_dag.py for tasks to queue
[2023-02-21T11:47:04.815+0000] {logging_mixin.py:137} INFO - [2023-02-21T11:47:04.812+0000] {dagbag.py:538} INFO - Filling up the DagBag from /home/airflow/.local/lib/python3.7/site-packages/airflow/example_dags/tutorial_dag.py
[2023-02-21T11:47:04.914+0000] {processor.py:753} INFO - DAG(s) dict_keys(['tutorial_dag']) retrieved from /home/airflow/.local/lib/python3.7/site-packages/airflow/example_dags/tutorial_dag.py
[2023-02-21T11:47:04.989+0000] {logging_mixin.py:137} INFO - [2023-02-21T11:47:04.989+0000] {dag.py:2690} INFO - Sync 1 DAGs
[2023-02-21T11:47:05.184+0000] {logging_mixin.py:137} INFO - [2023-02-21T11:47:05.178+0000] {dag.py:3441} INFO - Setting next_dagrun for tutorial_dag to None, run_after=None
[2023-02-21T11:47:05.389+0000] {processor.py:175} INFO - Processing /home/airflow/.local/lib/python3.7/site-packages/airflow/example_dags/tutorial_dag.py took 0.604 seconds
[2023-02-21T11:47:59.745+0000] {processor.py:153} INFO - Started process (PID=204) to work on /home/airflow/.local/lib/python3.7/site-packages/airflow/example_dags/tutorial_dag.py
[2023-02-21T11:47:59.804+0000] {processor.py:743} INFO - Processing file /home/airflow/.local/lib/python3.7/site-packages/airflow/example_dags/tutorial_dag.py for tasks to queue
[2023-02-21T11:47:59.819+0000] {logging_mixin.py:137} INFO - [2023-02-21T11:47:59.818+0000] {dagbag.py:538} INFO - Filling up the DagBag from /home/airflow/.local/lib/python3.7/site-packages/airflow/example_dags/tutorial_dag.py
[2023-02-21T11:48:00.025+0000] {processor.py:753} INFO - DAG(s) dict_keys(['tutorial_dag']) retrieved from /home/airflow/.local/lib/python3.7/site-packages/airflow/example_dags/tutorial_dag.py
[2023-02-21T11:48:00.431+0000] {logging_mixin.py:137} INFO - [2023-02-21T11:48:00.431+0000] {dag.py:2690} INFO - Sync 1 DAGs
[2023-02-21T11:48:00.738+0000] {logging_mixin.py:137} INFO - [2023-02-21T11:48:00.738+0000] {dag.py:3441} INFO - Setting next_dagrun for tutorial_dag to None, run_after=None
[2023-02-21T11:48:00.929+0000] {processor.py:175} INFO - Processing /home/airflow/.local/lib/python3.7/site-packages/airflow/example_dags/tutorial_dag.py took 1.256 seconds
[2023-02-21T11:48:36.124+0000] {processor.py:153} INFO - Started process (PID=262) to work on /home/airflow/.local/lib/python3.7/site-packages/airflow/example_dags/tutorial_dag.py
[2023-02-21T11:48:36.203+0000] {processor.py:743} INFO - Processing file /home/airflow/.local/lib/python3.7/site-packages/airflow/example_dags/tutorial_dag.py for tasks to queue
[2023-02-21T11:48:36.218+0000] {logging_mixin.py:137} INFO - [2023-02-21T11:48:36.218+0000] {dagbag.py:538} INFO - Filling up the DagBag from /home/airflow/.local/lib/python3.7/site-packages/airflow/example_dags/tutorial_dag.py
[2023-02-21T11:48:36.536+0000] {processor.py:753} INFO - DAG(s) dict_keys(['tutorial_dag']) retrieved from /home/airflow/.local/lib/python3.7/site-packages/airflow/example_dags/tutorial_dag.py
[2023-02-21T11:48:36.880+0000] {logging_mixin.py:137} INFO - [2023-02-21T11:48:36.880+0000] {dag.py:2690} INFO - Sync 1 DAGs
[2023-02-21T11:48:37.132+0000] {logging_mixin.py:137} INFO - [2023-02-21T11:48:37.131+0000] {dag.py:3441} INFO - Setting next_dagrun for tutorial_dag to None, run_after=None
[2023-02-21T11:48:37.351+0000] {processor.py:175} INFO - Processing /home/airflow/.local/lib/python3.7/site-packages/airflow/example_dags/tutorial_dag.py took 1.369 seconds
[2023-02-21T11:49:41.571+0000] {processor.py:153} INFO - Started process (PID=339) to work on /home/airflow/.local/lib/python3.7/site-packages/airflow/example_dags/tutorial_dag.py
[2023-02-21T11:49:41.581+0000] {processor.py:743} INFO - Processing file /home/airflow/.local/lib/python3.7/site-packages/airflow/example_dags/tutorial_dag.py for tasks to queue
[2023-02-21T11:49:41.602+0000] {logging_mixin.py:137} INFO - [2023-02-21T11:49:41.601+0000] {dagbag.py:538} INFO - Filling up the DagBag from /home/airflow/.local/lib/python3.7/site-packages/airflow/example_dags/tutorial_dag.py
[2023-02-21T11:49:42.213+0000] {processor.py:753} INFO - DAG(s) dict_keys(['tutorial_dag']) retrieved from /home/airflow/.local/lib/python3.7/site-packages/airflow/example_dags/tutorial_dag.py
[2023-02-21T11:49:42.484+0000] {logging_mixin.py:137} INFO - [2023-02-21T11:49:42.471+0000] {dag.py:2690} INFO - Sync 1 DAGs
[2023-02-21T11:49:43.308+0000] {logging_mixin.py:137} INFO - [2023-02-21T11:49:43.307+0000] {dag.py:3441} INFO - Setting next_dagrun for tutorial_dag to None, run_after=None
[2023-02-21T11:49:43.902+0000] {processor.py:175} INFO - Processing /home/airflow/.local/lib/python3.7/site-packages/airflow/example_dags/tutorial_dag.py took 2.383 seconds
[2023-02-21T11:50:39.283+0000] {processor.py:153} INFO - Started process (PID=409) to work on /home/airflow/.local/lib/python3.7/site-packages/airflow/example_dags/tutorial_dag.py
[2023-02-21T11:50:39.309+0000] {processor.py:743} INFO - Processing file /home/airflow/.local/lib/python3.7/site-packages/airflow/example_dags/tutorial_dag.py for tasks to queue
[2023-02-21T11:50:39.343+0000] {logging_mixin.py:137} INFO - [2023-02-21T11:50:39.328+0000] {dagbag.py:538} INFO - Filling up the DagBag from /home/airflow/.local/lib/python3.7/site-packages/airflow/example_dags/tutorial_dag.py
[2023-02-21T11:50:39.519+0000] {processor.py:753} INFO - DAG(s) dict_keys(['tutorial_dag']) retrieved from /home/airflow/.local/lib/python3.7/site-packages/airflow/example_dags/tutorial_dag.py
[2023-02-21T11:50:39.825+0000] {logging_mixin.py:137} INFO - [2023-02-21T11:50:39.811+0000] {dag.py:2690} INFO - Sync 1 DAGs
[2023-02-21T11:50:40.207+0000] {logging_mixin.py:137} INFO - [2023-02-21T11:50:40.207+0000] {dag.py:3441} INFO - Setting next_dagrun for tutorial_dag to None, run_after=None
[2023-02-21T11:50:40.398+0000] {processor.py:175} INFO - Processing /home/airflow/.local/lib/python3.7/site-packages/airflow/example_dags/tutorial_dag.py took 1.303 seconds
[2023-02-21T11:51:13.766+0000] {processor.py:153} INFO - Started process (PID=467) to work on /home/airflow/.local/lib/python3.7/site-packages/airflow/example_dags/tutorial_dag.py
[2023-02-21T11:51:13.769+0000] {processor.py:743} INFO - Processing file /home/airflow/.local/lib/python3.7/site-packages/airflow/example_dags/tutorial_dag.py for tasks to queue
[2023-02-21T11:51:13.781+0000] {logging_mixin.py:137} INFO - [2023-02-21T11:51:13.781+0000] {dagbag.py:538} INFO - Filling up the DagBag from /home/airflow/.local/lib/python3.7/site-packages/airflow/example_dags/tutorial_dag.py
[2023-02-21T11:51:13.844+0000] {processor.py:753} INFO - DAG(s) dict_keys(['tutorial_dag']) retrieved from /home/airflow/.local/lib/python3.7/site-packages/airflow/example_dags/tutorial_dag.py
[2023-02-21T11:51:13.943+0000] {logging_mixin.py:137} INFO - [2023-02-21T11:51:13.943+0000] {dag.py:2690} INFO - Sync 1 DAGs
[2023-02-21T11:51:14.013+0000] {logging_mixin.py:137} INFO - [2023-02-21T11:51:14.012+0000] {dag.py:3441} INFO - Setting next_dagrun for tutorial_dag to None, run_after=None
[2023-02-21T11:51:14.330+0000] {processor.py:175} INFO - Processing /home/airflow/.local/lib/python3.7/site-packages/airflow/example_dags/tutorial_dag.py took 0.570 seconds
[2023-02-21T11:51:50.984+0000] {processor.py:153} INFO - Started process (PID=531) to work on /home/airflow/.local/lib/python3.7/site-packages/airflow/example_dags/tutorial_dag.py
[2023-02-21T11:51:50.992+0000] {processor.py:743} INFO - Processing file /home/airflow/.local/lib/python3.7/site-packages/airflow/example_dags/tutorial_dag.py for tasks to queue
[2023-02-21T11:51:51.007+0000] {logging_mixin.py:137} INFO - [2023-02-21T11:51:51.005+0000] {dagbag.py:538} INFO - Filling up the DagBag from /home/airflow/.local/lib/python3.7/site-packages/airflow/example_dags/tutorial_dag.py
[2023-02-21T11:51:51.405+0000] {processor.py:753} INFO - DAG(s) dict_keys(['tutorial_dag']) retrieved from /home/airflow/.local/lib/python3.7/site-packages/airflow/example_dags/tutorial_dag.py
[2023-02-21T11:51:51.762+0000] {logging_mixin.py:137} INFO - [2023-02-21T11:51:51.760+0000] {dag.py:2690} INFO - Sync 1 DAGs
[2023-02-21T11:51:51.914+0000] {logging_mixin.py:137} INFO - [2023-02-21T11:51:51.913+0000] {dag.py:3441} INFO - Setting next_dagrun for tutorial_dag to None, run_after=None
[2023-02-21T11:51:52.109+0000] {processor.py:175} INFO - Processing /home/airflow/.local/lib/python3.7/site-packages/airflow/example_dags/tutorial_dag.py took 1.156 seconds
[2023-02-21T11:52:23.857+0000] {processor.py:153} INFO - Started process (PID=589) to work on /home/airflow/.local/lib/python3.7/site-packages/airflow/example_dags/tutorial_dag.py
[2023-02-21T11:52:23.863+0000] {processor.py:743} INFO - Processing file /home/airflow/.local/lib/python3.7/site-packages/airflow/example_dags/tutorial_dag.py for tasks to queue
[2023-02-21T11:52:23.874+0000] {logging_mixin.py:137} INFO - [2023-02-21T11:52:23.874+0000] {dagbag.py:538} INFO - Filling up the DagBag from /home/airflow/.local/lib/python3.7/site-packages/airflow/example_dags/tutorial_dag.py
[2023-02-21T11:52:24.210+0000] {processor.py:753} INFO - DAG(s) dict_keys(['tutorial_dag']) retrieved from /home/airflow/.local/lib/python3.7/site-packages/airflow/example_dags/tutorial_dag.py
[2023-02-21T11:52:24.909+0000] {logging_mixin.py:137} INFO - [2023-02-21T11:52:24.909+0000] {dag.py:2690} INFO - Sync 1 DAGs
[2023-02-21T11:52:25.201+0000] {logging_mixin.py:137} INFO - [2023-02-21T11:52:25.179+0000] {dag.py:3441} INFO - Setting next_dagrun for tutorial_dag to None, run_after=None
[2023-02-21T11:52:25.470+0000] {processor.py:175} INFO - Processing /home/airflow/.local/lib/python3.7/site-packages/airflow/example_dags/tutorial_dag.py took 1.658 seconds
[2023-02-21T11:52:56.662+0000] {processor.py:153} INFO - Started process (PID=639) to work on /home/airflow/.local/lib/python3.7/site-packages/airflow/example_dags/tutorial_dag.py
[2023-02-21T11:52:56.665+0000] {processor.py:743} INFO - Processing file /home/airflow/.local/lib/python3.7/site-packages/airflow/example_dags/tutorial_dag.py for tasks to queue
[2023-02-21T11:52:56.669+0000] {logging_mixin.py:137} INFO - [2023-02-21T11:52:56.668+0000] {dagbag.py:538} INFO - Filling up the DagBag from /home/airflow/.local/lib/python3.7/site-packages/airflow/example_dags/tutorial_dag.py
[2023-02-21T11:52:56.706+0000] {processor.py:753} INFO - DAG(s) dict_keys(['tutorial_dag']) retrieved from /home/airflow/.local/lib/python3.7/site-packages/airflow/example_dags/tutorial_dag.py
[2023-02-21T11:52:56.780+0000] {logging_mixin.py:137} INFO - [2023-02-21T11:52:56.779+0000] {dag.py:2690} INFO - Sync 1 DAGs
[2023-02-21T11:52:56.829+0000] {logging_mixin.py:137} INFO - [2023-02-21T11:52:56.829+0000] {dag.py:3441} INFO - Setting next_dagrun for tutorial_dag to None, run_after=None
[2023-02-21T11:52:56.870+0000] {processor.py:175} INFO - Processing /home/airflow/.local/lib/python3.7/site-packages/airflow/example_dags/tutorial_dag.py took 0.218 seconds
[2023-02-21T11:53:28.339+0000] {processor.py:153} INFO - Started process (PID=699) to work on /home/airflow/.local/lib/python3.7/site-packages/airflow/example_dags/tutorial_dag.py
[2023-02-21T11:53:28.349+0000] {processor.py:743} INFO - Processing file /home/airflow/.local/lib/python3.7/site-packages/airflow/example_dags/tutorial_dag.py for tasks to queue
[2023-02-21T11:53:28.351+0000] {logging_mixin.py:137} INFO - [2023-02-21T11:53:28.351+0000] {dagbag.py:538} INFO - Filling up the DagBag from /home/airflow/.local/lib/python3.7/site-packages/airflow/example_dags/tutorial_dag.py
[2023-02-21T11:53:28.491+0000] {processor.py:753} INFO - DAG(s) dict_keys(['tutorial_dag']) retrieved from /home/airflow/.local/lib/python3.7/site-packages/airflow/example_dags/tutorial_dag.py
[2023-02-21T11:53:28.548+0000] {logging_mixin.py:137} INFO - [2023-02-21T11:53:28.548+0000] {dag.py:2690} INFO - Sync 1 DAGs
[2023-02-21T11:53:28.599+0000] {logging_mixin.py:137} INFO - [2023-02-21T11:53:28.599+0000] {dag.py:3441} INFO - Setting next_dagrun for tutorial_dag to None, run_after=None
[2023-02-21T11:53:28.714+0000] {processor.py:175} INFO - Processing /home/airflow/.local/lib/python3.7/site-packages/airflow/example_dags/tutorial_dag.py took 0.380 seconds
[2023-02-21T11:54:07.210+0000] {processor.py:153} INFO - Started process (PID=759) to work on /home/airflow/.local/lib/python3.7/site-packages/airflow/example_dags/tutorial_dag.py
[2023-02-21T11:54:07.217+0000] {processor.py:743} INFO - Processing file /home/airflow/.local/lib/python3.7/site-packages/airflow/example_dags/tutorial_dag.py for tasks to queue
[2023-02-21T11:54:07.256+0000] {logging_mixin.py:137} INFO - [2023-02-21T11:54:07.225+0000] {dagbag.py:538} INFO - Filling up the DagBag from /home/airflow/.local/lib/python3.7/site-packages/airflow/example_dags/tutorial_dag.py
[2023-02-21T11:54:07.544+0000] {processor.py:753} INFO - DAG(s) dict_keys(['tutorial_dag']) retrieved from /home/airflow/.local/lib/python3.7/site-packages/airflow/example_dags/tutorial_dag.py
[2023-02-21T11:54:07.956+0000] {logging_mixin.py:137} INFO - [2023-02-21T11:54:07.955+0000] {dag.py:2690} INFO - Sync 1 DAGs
[2023-02-21T11:54:08.483+0000] {logging_mixin.py:137} INFO - [2023-02-21T11:54:08.482+0000] {dag.py:3441} INFO - Setting next_dagrun for tutorial_dag to None, run_after=None
[2023-02-21T11:54:08.828+0000] {processor.py:175} INFO - Processing /home/airflow/.local/lib/python3.7/site-packages/airflow/example_dags/tutorial_dag.py took 1.633 seconds
[2023-02-21T11:54:39.431+0000] {processor.py:153} INFO - Started process (PID=817) to work on /home/airflow/.local/lib/python3.7/site-packages/airflow/example_dags/tutorial_dag.py
[2023-02-21T11:54:39.447+0000] {processor.py:743} INFO - Processing file /home/airflow/.local/lib/python3.7/site-packages/airflow/example_dags/tutorial_dag.py for tasks to queue
[2023-02-21T11:54:39.451+0000] {logging_mixin.py:137} INFO - [2023-02-21T11:54:39.450+0000] {dagbag.py:538} INFO - Filling up the DagBag from /home/airflow/.local/lib/python3.7/site-packages/airflow/example_dags/tutorial_dag.py
[2023-02-21T11:54:39.578+0000] {processor.py:753} INFO - DAG(s) dict_keys(['tutorial_dag']) retrieved from /home/airflow/.local/lib/python3.7/site-packages/airflow/example_dags/tutorial_dag.py
[2023-02-21T11:54:39.842+0000] {logging_mixin.py:137} INFO - [2023-02-21T11:54:39.841+0000] {dag.py:2690} INFO - Sync 1 DAGs
[2023-02-21T11:54:40.071+0000] {logging_mixin.py:137} INFO - [2023-02-21T11:54:40.071+0000] {dag.py:3441} INFO - Setting next_dagrun for tutorial_dag to None, run_after=None
[2023-02-21T11:54:40.243+0000] {processor.py:175} INFO - Processing /home/airflow/.local/lib/python3.7/site-packages/airflow/example_dags/tutorial_dag.py took 0.840 seconds
[2023-02-21T11:55:18.008+0000] {processor.py:153} INFO - Started process (PID=875) to work on /home/airflow/.local/lib/python3.7/site-packages/airflow/example_dags/tutorial_dag.py
[2023-02-21T11:55:18.048+0000] {processor.py:743} INFO - Processing file /home/airflow/.local/lib/python3.7/site-packages/airflow/example_dags/tutorial_dag.py for tasks to queue
[2023-02-21T11:55:18.089+0000] {logging_mixin.py:137} INFO - [2023-02-21T11:55:18.089+0000] {dagbag.py:538} INFO - Filling up the DagBag from /home/airflow/.local/lib/python3.7/site-packages/airflow/example_dags/tutorial_dag.py
[2023-02-21T11:55:18.311+0000] {processor.py:753} INFO - DAG(s) dict_keys(['tutorial_dag']) retrieved from /home/airflow/.local/lib/python3.7/site-packages/airflow/example_dags/tutorial_dag.py
[2023-02-21T11:55:19.101+0000] {logging_mixin.py:137} INFO - [2023-02-21T11:55:19.101+0000] {dag.py:2690} INFO - Sync 1 DAGs
[2023-02-21T11:55:20.126+0000] {logging_mixin.py:137} INFO - [2023-02-21T11:55:20.126+0000] {dag.py:3441} INFO - Setting next_dagrun for tutorial_dag to None, run_after=None
[2023-02-21T11:55:20.913+0000] {processor.py:175} INFO - Processing /home/airflow/.local/lib/python3.7/site-packages/airflow/example_dags/tutorial_dag.py took 2.985 seconds
[2023-02-21T11:55:51.243+0000] {processor.py:153} INFO - Started process (PID=933) to work on /home/airflow/.local/lib/python3.7/site-packages/airflow/example_dags/tutorial_dag.py
[2023-02-21T11:55:51.249+0000] {processor.py:743} INFO - Processing file /home/airflow/.local/lib/python3.7/site-packages/airflow/example_dags/tutorial_dag.py for tasks to queue
[2023-02-21T11:55:51.251+0000] {logging_mixin.py:137} INFO - [2023-02-21T11:55:51.251+0000] {dagbag.py:538} INFO - Filling up the DagBag from /home/airflow/.local/lib/python3.7/site-packages/airflow/example_dags/tutorial_dag.py
[2023-02-21T11:55:51.297+0000] {processor.py:753} INFO - DAG(s) dict_keys(['tutorial_dag']) retrieved from /home/airflow/.local/lib/python3.7/site-packages/airflow/example_dags/tutorial_dag.py
[2023-02-21T11:55:51.380+0000] {logging_mixin.py:137} INFO - [2023-02-21T11:55:51.380+0000] {dag.py:2690} INFO - Sync 1 DAGs
[2023-02-21T11:55:51.450+0000] {logging_mixin.py:137} INFO - [2023-02-21T11:55:51.450+0000] {dag.py:3441} INFO - Setting next_dagrun for tutorial_dag to None, run_after=None
[2023-02-21T11:55:51.487+0000] {processor.py:175} INFO - Processing /home/airflow/.local/lib/python3.7/site-packages/airflow/example_dags/tutorial_dag.py took 0.266 seconds
[2023-02-21T11:56:21.641+0000] {processor.py:153} INFO - Started process (PID=991) to work on /home/airflow/.local/lib/python3.7/site-packages/airflow/example_dags/tutorial_dag.py
[2023-02-21T11:56:21.644+0000] {processor.py:743} INFO - Processing file /home/airflow/.local/lib/python3.7/site-packages/airflow/example_dags/tutorial_dag.py for tasks to queue
[2023-02-21T11:56:21.646+0000] {logging_mixin.py:137} INFO - [2023-02-21T11:56:21.646+0000] {dagbag.py:538} INFO - Filling up the DagBag from /home/airflow/.local/lib/python3.7/site-packages/airflow/example_dags/tutorial_dag.py
[2023-02-21T11:56:21.679+0000] {processor.py:753} INFO - DAG(s) dict_keys(['tutorial_dag']) retrieved from /home/airflow/.local/lib/python3.7/site-packages/airflow/example_dags/tutorial_dag.py
[2023-02-21T11:56:21.726+0000] {logging_mixin.py:137} INFO - [2023-02-21T11:56:21.726+0000] {dag.py:2690} INFO - Sync 1 DAGs
[2023-02-21T11:56:21.775+0000] {logging_mixin.py:137} INFO - [2023-02-21T11:56:21.775+0000] {dag.py:3441} INFO - Setting next_dagrun for tutorial_dag to None, run_after=None
[2023-02-21T11:56:21.814+0000] {processor.py:175} INFO - Processing /home/airflow/.local/lib/python3.7/site-packages/airflow/example_dags/tutorial_dag.py took 0.178 seconds
[2023-02-21T11:56:51.933+0000] {processor.py:153} INFO - Started process (PID=1050) to work on /home/airflow/.local/lib/python3.7/site-packages/airflow/example_dags/tutorial_dag.py
[2023-02-21T11:56:51.939+0000] {processor.py:743} INFO - Processing file /home/airflow/.local/lib/python3.7/site-packages/airflow/example_dags/tutorial_dag.py for tasks to queue
[2023-02-21T11:56:51.963+0000] {logging_mixin.py:137} INFO - [2023-02-21T11:56:51.941+0000] {dagbag.py:538} INFO - Filling up the DagBag from /home/airflow/.local/lib/python3.7/site-packages/airflow/example_dags/tutorial_dag.py
[2023-02-21T11:56:52.035+0000] {processor.py:753} INFO - DAG(s) dict_keys(['tutorial_dag']) retrieved from /home/airflow/.local/lib/python3.7/site-packages/airflow/example_dags/tutorial_dag.py
[2023-02-21T11:56:52.097+0000] {logging_mixin.py:137} INFO - [2023-02-21T11:56:52.097+0000] {dag.py:2690} INFO - Sync 1 DAGs
[2023-02-21T11:56:52.164+0000] {logging_mixin.py:137} INFO - [2023-02-21T11:56:52.164+0000] {dag.py:3441} INFO - Setting next_dagrun for tutorial_dag to None, run_after=None
[2023-02-21T11:56:52.226+0000] {processor.py:175} INFO - Processing /home/airflow/.local/lib/python3.7/site-packages/airflow/example_dags/tutorial_dag.py took 0.302 seconds
[2023-02-21T11:57:22.747+0000] {processor.py:153} INFO - Started process (PID=1108) to work on /home/airflow/.local/lib/python3.7/site-packages/airflow/example_dags/tutorial_dag.py
[2023-02-21T11:57:22.758+0000] {processor.py:743} INFO - Processing file /home/airflow/.local/lib/python3.7/site-packages/airflow/example_dags/tutorial_dag.py for tasks to queue
[2023-02-21T11:57:22.763+0000] {logging_mixin.py:137} INFO - [2023-02-21T11:57:22.762+0000] {dagbag.py:538} INFO - Filling up the DagBag from /home/airflow/.local/lib/python3.7/site-packages/airflow/example_dags/tutorial_dag.py
[2023-02-21T11:57:22.799+0000] {processor.py:753} INFO - DAG(s) dict_keys(['tutorial_dag']) retrieved from /home/airflow/.local/lib/python3.7/site-packages/airflow/example_dags/tutorial_dag.py
[2023-02-21T11:57:22.845+0000] {logging_mixin.py:137} INFO - [2023-02-21T11:57:22.844+0000] {dag.py:2690} INFO - Sync 1 DAGs
[2023-02-21T11:57:22.895+0000] {logging_mixin.py:137} INFO - [2023-02-21T11:57:22.895+0000] {dag.py:3441} INFO - Setting next_dagrun for tutorial_dag to None, run_after=None
[2023-02-21T11:57:22.937+0000] {processor.py:175} INFO - Processing /home/airflow/.local/lib/python3.7/site-packages/airflow/example_dags/tutorial_dag.py took 0.203 seconds
[2023-02-21T11:57:53.790+0000] {processor.py:153} INFO - Started process (PID=1165) to work on /home/airflow/.local/lib/python3.7/site-packages/airflow/example_dags/tutorial_dag.py
[2023-02-21T11:57:53.803+0000] {processor.py:743} INFO - Processing file /home/airflow/.local/lib/python3.7/site-packages/airflow/example_dags/tutorial_dag.py for tasks to queue
[2023-02-21T11:57:53.806+0000] {logging_mixin.py:137} INFO - [2023-02-21T11:57:53.806+0000] {dagbag.py:538} INFO - Filling up the DagBag from /home/airflow/.local/lib/python3.7/site-packages/airflow/example_dags/tutorial_dag.py
[2023-02-21T11:57:54.065+0000] {processor.py:753} INFO - DAG(s) dict_keys(['tutorial_dag']) retrieved from /home/airflow/.local/lib/python3.7/site-packages/airflow/example_dags/tutorial_dag.py
[2023-02-21T11:57:54.283+0000] {logging_mixin.py:137} INFO - [2023-02-21T11:57:54.283+0000] {dag.py:2690} INFO - Sync 1 DAGs
[2023-02-21T11:57:54.469+0000] {logging_mixin.py:137} INFO - [2023-02-21T11:57:54.469+0000] {dag.py:3441} INFO - Setting next_dagrun for tutorial_dag to None, run_after=None
[2023-02-21T11:57:54.579+0000] {processor.py:175} INFO - Processing /home/airflow/.local/lib/python3.7/site-packages/airflow/example_dags/tutorial_dag.py took 0.801 seconds
[2023-02-21T11:58:24.986+0000] {processor.py:153} INFO - Started process (PID=1215) to work on /home/airflow/.local/lib/python3.7/site-packages/airflow/example_dags/tutorial_dag.py
[2023-02-21T11:58:24.990+0000] {processor.py:743} INFO - Processing file /home/airflow/.local/lib/python3.7/site-packages/airflow/example_dags/tutorial_dag.py for tasks to queue
[2023-02-21T11:58:24.993+0000] {logging_mixin.py:137} INFO - [2023-02-21T11:58:24.992+0000] {dagbag.py:538} INFO - Filling up the DagBag from /home/airflow/.local/lib/python3.7/site-packages/airflow/example_dags/tutorial_dag.py
[2023-02-21T11:58:25.031+0000] {processor.py:753} INFO - DAG(s) dict_keys(['tutorial_dag']) retrieved from /home/airflow/.local/lib/python3.7/site-packages/airflow/example_dags/tutorial_dag.py
[2023-02-21T11:58:25.085+0000] {logging_mixin.py:137} INFO - [2023-02-21T11:58:25.085+0000] {dag.py:2690} INFO - Sync 1 DAGs
[2023-02-21T11:58:25.135+0000] {logging_mixin.py:137} INFO - [2023-02-21T11:58:25.135+0000] {dag.py:3441} INFO - Setting next_dagrun for tutorial_dag to None, run_after=None
[2023-02-21T11:58:25.177+0000] {processor.py:175} INFO - Processing /home/airflow/.local/lib/python3.7/site-packages/airflow/example_dags/tutorial_dag.py took 0.197 seconds
[2023-02-21T11:58:55.481+0000] {processor.py:153} INFO - Started process (PID=1274) to work on /home/airflow/.local/lib/python3.7/site-packages/airflow/example_dags/tutorial_dag.py
[2023-02-21T11:58:55.484+0000] {processor.py:743} INFO - Processing file /home/airflow/.local/lib/python3.7/site-packages/airflow/example_dags/tutorial_dag.py for tasks to queue
[2023-02-21T11:58:55.487+0000] {logging_mixin.py:137} INFO - [2023-02-21T11:58:55.486+0000] {dagbag.py:538} INFO - Filling up the DagBag from /home/airflow/.local/lib/python3.7/site-packages/airflow/example_dags/tutorial_dag.py
[2023-02-21T11:58:55.521+0000] {processor.py:753} INFO - DAG(s) dict_keys(['tutorial_dag']) retrieved from /home/airflow/.local/lib/python3.7/site-packages/airflow/example_dags/tutorial_dag.py
[2023-02-21T11:58:55.581+0000] {logging_mixin.py:137} INFO - [2023-02-21T11:58:55.581+0000] {dag.py:2690} INFO - Sync 1 DAGs
[2023-02-21T11:58:55.637+0000] {logging_mixin.py:137} INFO - [2023-02-21T11:58:55.637+0000] {dag.py:3441} INFO - Setting next_dagrun for tutorial_dag to None, run_after=None
[2023-02-21T11:58:55.684+0000] {processor.py:175} INFO - Processing /home/airflow/.local/lib/python3.7/site-packages/airflow/example_dags/tutorial_dag.py took 0.210 seconds
[2023-02-21T11:59:27.108+0000] {processor.py:153} INFO - Started process (PID=1333) to work on /home/airflow/.local/lib/python3.7/site-packages/airflow/example_dags/tutorial_dag.py
[2023-02-21T11:59:27.128+0000] {processor.py:743} INFO - Processing file /home/airflow/.local/lib/python3.7/site-packages/airflow/example_dags/tutorial_dag.py for tasks to queue
[2023-02-21T11:59:27.134+0000] {logging_mixin.py:137} INFO - [2023-02-21T11:59:27.133+0000] {dagbag.py:538} INFO - Filling up the DagBag from /home/airflow/.local/lib/python3.7/site-packages/airflow/example_dags/tutorial_dag.py
[2023-02-21T11:59:27.248+0000] {processor.py:753} INFO - DAG(s) dict_keys(['tutorial_dag']) retrieved from /home/airflow/.local/lib/python3.7/site-packages/airflow/example_dags/tutorial_dag.py
[2023-02-21T11:59:27.398+0000] {logging_mixin.py:137} INFO - [2023-02-21T11:59:27.398+0000] {dag.py:2690} INFO - Sync 1 DAGs
[2023-02-21T11:59:27.536+0000] {logging_mixin.py:137} INFO - [2023-02-21T11:59:27.536+0000] {dag.py:3441} INFO - Setting next_dagrun for tutorial_dag to None, run_after=None
[2023-02-21T11:59:27.682+0000] {processor.py:175} INFO - Processing /home/airflow/.local/lib/python3.7/site-packages/airflow/example_dags/tutorial_dag.py took 0.644 seconds
[2023-02-21T12:00:00.535+0000] {processor.py:153} INFO - Started process (PID=1389) to work on /home/airflow/.local/lib/python3.7/site-packages/airflow/example_dags/tutorial_dag.py
[2023-02-21T12:00:00.568+0000] {processor.py:743} INFO - Processing file /home/airflow/.local/lib/python3.7/site-packages/airflow/example_dags/tutorial_dag.py for tasks to queue
[2023-02-21T12:00:00.585+0000] {logging_mixin.py:137} INFO - [2023-02-21T12:00:00.584+0000] {dagbag.py:538} INFO - Filling up the DagBag from /home/airflow/.local/lib/python3.7/site-packages/airflow/example_dags/tutorial_dag.py
[2023-02-21T12:00:00.975+0000] {processor.py:753} INFO - DAG(s) dict_keys(['tutorial_dag']) retrieved from /home/airflow/.local/lib/python3.7/site-packages/airflow/example_dags/tutorial_dag.py
[2023-02-21T12:00:01.113+0000] {logging_mixin.py:137} INFO - [2023-02-21T12:00:01.113+0000] {dag.py:2690} INFO - Sync 1 DAGs
[2023-02-21T12:00:01.188+0000] {logging_mixin.py:137} INFO - [2023-02-21T12:00:01.187+0000] {dag.py:3441} INFO - Setting next_dagrun for tutorial_dag to None, run_after=None
[2023-02-21T12:00:01.276+0000] {processor.py:175} INFO - Processing /home/airflow/.local/lib/python3.7/site-packages/airflow/example_dags/tutorial_dag.py took 0.808 seconds
[2023-02-21T12:00:34.006+0000] {processor.py:153} INFO - Started process (PID=1444) to work on /home/airflow/.local/lib/python3.7/site-packages/airflow/example_dags/tutorial_dag.py
[2023-02-21T12:00:34.026+0000] {processor.py:743} INFO - Processing file /home/airflow/.local/lib/python3.7/site-packages/airflow/example_dags/tutorial_dag.py for tasks to queue
[2023-02-21T12:00:34.031+0000] {logging_mixin.py:137} INFO - [2023-02-21T12:00:34.031+0000] {dagbag.py:538} INFO - Filling up the DagBag from /home/airflow/.local/lib/python3.7/site-packages/airflow/example_dags/tutorial_dag.py
[2023-02-21T12:00:34.449+0000] {processor.py:753} INFO - DAG(s) dict_keys(['tutorial_dag']) retrieved from /home/airflow/.local/lib/python3.7/site-packages/airflow/example_dags/tutorial_dag.py
[2023-02-21T12:00:34.967+0000] {logging_mixin.py:137} INFO - [2023-02-21T12:00:34.967+0000] {dag.py:2690} INFO - Sync 1 DAGs
[2023-02-21T12:00:35.769+0000] {logging_mixin.py:137} INFO - [2023-02-21T12:00:35.769+0000] {dag.py:3441} INFO - Setting next_dagrun for tutorial_dag to None, run_after=None
[2023-02-21T12:00:36.023+0000] {processor.py:175} INFO - Processing /home/airflow/.local/lib/python3.7/site-packages/airflow/example_dags/tutorial_dag.py took 2.194 seconds
[2023-02-21T12:01:06.558+0000] {processor.py:153} INFO - Started process (PID=1497) to work on /home/airflow/.local/lib/python3.7/site-packages/airflow/example_dags/tutorial_dag.py
[2023-02-21T12:01:06.571+0000] {processor.py:743} INFO - Processing file /home/airflow/.local/lib/python3.7/site-packages/airflow/example_dags/tutorial_dag.py for tasks to queue
[2023-02-21T12:01:06.576+0000] {logging_mixin.py:137} INFO - [2023-02-21T12:01:06.575+0000] {dagbag.py:538} INFO - Filling up the DagBag from /home/airflow/.local/lib/python3.7/site-packages/airflow/example_dags/tutorial_dag.py
[2023-02-21T12:01:06.697+0000] {processor.py:753} INFO - DAG(s) dict_keys(['tutorial_dag']) retrieved from /home/airflow/.local/lib/python3.7/site-packages/airflow/example_dags/tutorial_dag.py
[2023-02-21T12:01:06.826+0000] {logging_mixin.py:137} INFO - [2023-02-21T12:01:06.826+0000] {dag.py:2690} INFO - Sync 1 DAGs
[2023-02-21T12:01:07.142+0000] {logging_mixin.py:137} INFO - [2023-02-21T12:01:07.142+0000] {dag.py:3441} INFO - Setting next_dagrun for tutorial_dag to None, run_after=None
[2023-02-21T12:01:07.512+0000] {processor.py:175} INFO - Processing /home/airflow/.local/lib/python3.7/site-packages/airflow/example_dags/tutorial_dag.py took 0.997 seconds
[2023-02-21T12:01:38.118+0000] {processor.py:153} INFO - Started process (PID=1556) to work on /home/airflow/.local/lib/python3.7/site-packages/airflow/example_dags/tutorial_dag.py
[2023-02-21T12:01:38.129+0000] {processor.py:743} INFO - Processing file /home/airflow/.local/lib/python3.7/site-packages/airflow/example_dags/tutorial_dag.py for tasks to queue
[2023-02-21T12:01:38.139+0000] {logging_mixin.py:137} INFO - [2023-02-21T12:01:38.138+0000] {dagbag.py:538} INFO - Filling up the DagBag from /home/airflow/.local/lib/python3.7/site-packages/airflow/example_dags/tutorial_dag.py
[2023-02-21T12:01:38.210+0000] {processor.py:753} INFO - DAG(s) dict_keys(['tutorial_dag']) retrieved from /home/airflow/.local/lib/python3.7/site-packages/airflow/example_dags/tutorial_dag.py
[2023-02-21T12:01:38.375+0000] {logging_mixin.py:137} INFO - [2023-02-21T12:01:38.374+0000] {dag.py:2690} INFO - Sync 1 DAGs
[2023-02-21T12:01:38.431+0000] {logging_mixin.py:137} INFO - [2023-02-21T12:01:38.431+0000] {dag.py:3441} INFO - Setting next_dagrun for tutorial_dag to None, run_after=None
[2023-02-21T12:01:38.485+0000] {processor.py:175} INFO - Processing /home/airflow/.local/lib/python3.7/site-packages/airflow/example_dags/tutorial_dag.py took 0.391 seconds
[2023-02-21T12:02:09.279+0000] {processor.py:153} INFO - Started process (PID=1617) to work on /home/airflow/.local/lib/python3.7/site-packages/airflow/example_dags/tutorial_dag.py
[2023-02-21T12:02:09.282+0000] {processor.py:743} INFO - Processing file /home/airflow/.local/lib/python3.7/site-packages/airflow/example_dags/tutorial_dag.py for tasks to queue
[2023-02-21T12:02:09.286+0000] {logging_mixin.py:137} INFO - [2023-02-21T12:02:09.286+0000] {dagbag.py:538} INFO - Filling up the DagBag from /home/airflow/.local/lib/python3.7/site-packages/airflow/example_dags/tutorial_dag.py
[2023-02-21T12:02:09.331+0000] {processor.py:753} INFO - DAG(s) dict_keys(['tutorial_dag']) retrieved from /home/airflow/.local/lib/python3.7/site-packages/airflow/example_dags/tutorial_dag.py
[2023-02-21T12:02:09.416+0000] {logging_mixin.py:137} INFO - [2023-02-21T12:02:09.415+0000] {dag.py:2690} INFO - Sync 1 DAGs
[2023-02-21T12:02:09.471+0000] {logging_mixin.py:137} INFO - [2023-02-21T12:02:09.471+0000] {dag.py:3441} INFO - Setting next_dagrun for tutorial_dag to None, run_after=None
[2023-02-21T12:02:09.530+0000] {processor.py:175} INFO - Processing /home/airflow/.local/lib/python3.7/site-packages/airflow/example_dags/tutorial_dag.py took 0.261 seconds
[2023-02-21T12:02:39.821+0000] {processor.py:153} INFO - Started process (PID=1686) to work on /home/airflow/.local/lib/python3.7/site-packages/airflow/example_dags/tutorial_dag.py
[2023-02-21T12:02:39.843+0000] {processor.py:743} INFO - Processing file /home/airflow/.local/lib/python3.7/site-packages/airflow/example_dags/tutorial_dag.py for tasks to queue
[2023-02-21T12:02:39.852+0000] {logging_mixin.py:137} INFO - [2023-02-21T12:02:39.852+0000] {dagbag.py:538} INFO - Filling up the DagBag from /home/airflow/.local/lib/python3.7/site-packages/airflow/example_dags/tutorial_dag.py
[2023-02-21T12:02:39.910+0000] {processor.py:753} INFO - DAG(s) dict_keys(['tutorial_dag']) retrieved from /home/airflow/.local/lib/python3.7/site-packages/airflow/example_dags/tutorial_dag.py
[2023-02-21T12:02:40.063+0000] {logging_mixin.py:137} INFO - [2023-02-21T12:02:40.063+0000] {dag.py:2690} INFO - Sync 1 DAGs
[2023-02-21T12:02:40.163+0000] {logging_mixin.py:137} INFO - [2023-02-21T12:02:40.163+0000] {dag.py:3441} INFO - Setting next_dagrun for tutorial_dag to None, run_after=None
[2023-02-21T12:02:40.268+0000] {processor.py:175} INFO - Processing /home/airflow/.local/lib/python3.7/site-packages/airflow/example_dags/tutorial_dag.py took 0.457 seconds
[2023-02-21T12:03:11.127+0000] {processor.py:153} INFO - Started process (PID=1735) to work on /home/airflow/.local/lib/python3.7/site-packages/airflow/example_dags/tutorial_dag.py
[2023-02-21T12:03:11.141+0000] {processor.py:743} INFO - Processing file /home/airflow/.local/lib/python3.7/site-packages/airflow/example_dags/tutorial_dag.py for tasks to queue
[2023-02-21T12:03:11.158+0000] {logging_mixin.py:137} INFO - [2023-02-21T12:03:11.158+0000] {dagbag.py:538} INFO - Filling up the DagBag from /home/airflow/.local/lib/python3.7/site-packages/airflow/example_dags/tutorial_dag.py
[2023-02-21T12:03:11.222+0000] {processor.py:753} INFO - DAG(s) dict_keys(['tutorial_dag']) retrieved from /home/airflow/.local/lib/python3.7/site-packages/airflow/example_dags/tutorial_dag.py
[2023-02-21T12:03:11.319+0000] {logging_mixin.py:137} INFO - [2023-02-21T12:03:11.319+0000] {dag.py:2690} INFO - Sync 1 DAGs
[2023-02-21T12:03:11.412+0000] {logging_mixin.py:137} INFO - [2023-02-21T12:03:11.412+0000] {dag.py:3441} INFO - Setting next_dagrun for tutorial_dag to None, run_after=None
[2023-02-21T12:03:11.464+0000] {processor.py:175} INFO - Processing /home/airflow/.local/lib/python3.7/site-packages/airflow/example_dags/tutorial_dag.py took 0.354 seconds
[2023-02-21T12:03:42.113+0000] {processor.py:153} INFO - Started process (PID=1802) to work on /home/airflow/.local/lib/python3.7/site-packages/airflow/example_dags/tutorial_dag.py
[2023-02-21T12:03:42.121+0000] {processor.py:743} INFO - Processing file /home/airflow/.local/lib/python3.7/site-packages/airflow/example_dags/tutorial_dag.py for tasks to queue
[2023-02-21T12:03:42.123+0000] {logging_mixin.py:137} INFO - [2023-02-21T12:03:42.123+0000] {dagbag.py:538} INFO - Filling up the DagBag from /home/airflow/.local/lib/python3.7/site-packages/airflow/example_dags/tutorial_dag.py
[2023-02-21T12:03:42.165+0000] {processor.py:753} INFO - DAG(s) dict_keys(['tutorial_dag']) retrieved from /home/airflow/.local/lib/python3.7/site-packages/airflow/example_dags/tutorial_dag.py
[2023-02-21T12:03:42.238+0000] {logging_mixin.py:137} INFO - [2023-02-21T12:03:42.238+0000] {dag.py:2690} INFO - Sync 1 DAGs
[2023-02-21T12:03:42.291+0000] {logging_mixin.py:137} INFO - [2023-02-21T12:03:42.291+0000] {dag.py:3441} INFO - Setting next_dagrun for tutorial_dag to None, run_after=None
[2023-02-21T12:03:42.344+0000] {processor.py:175} INFO - Processing /home/airflow/.local/lib/python3.7/site-packages/airflow/example_dags/tutorial_dag.py took 0.234 seconds
[2023-02-21T12:04:12.538+0000] {processor.py:153} INFO - Started process (PID=1861) to work on /home/airflow/.local/lib/python3.7/site-packages/airflow/example_dags/tutorial_dag.py
[2023-02-21T12:04:12.551+0000] {processor.py:743} INFO - Processing file /home/airflow/.local/lib/python3.7/site-packages/airflow/example_dags/tutorial_dag.py for tasks to queue
[2023-02-21T12:04:12.554+0000] {logging_mixin.py:137} INFO - [2023-02-21T12:04:12.554+0000] {dagbag.py:538} INFO - Filling up the DagBag from /home/airflow/.local/lib/python3.7/site-packages/airflow/example_dags/tutorial_dag.py
[2023-02-21T12:04:12.640+0000] {processor.py:753} INFO - DAG(s) dict_keys(['tutorial_dag']) retrieved from /home/airflow/.local/lib/python3.7/site-packages/airflow/example_dags/tutorial_dag.py
[2023-02-21T12:04:12.859+0000] {logging_mixin.py:137} INFO - [2023-02-21T12:04:12.859+0000] {dag.py:2690} INFO - Sync 1 DAGs
[2023-02-21T12:04:12.968+0000] {logging_mixin.py:137} INFO - [2023-02-21T12:04:12.968+0000] {dag.py:3441} INFO - Setting next_dagrun for tutorial_dag to None, run_after=None
[2023-02-21T12:04:13.068+0000] {processor.py:175} INFO - Processing /home/airflow/.local/lib/python3.7/site-packages/airflow/example_dags/tutorial_dag.py took 0.558 seconds
[2023-02-21T12:04:43.531+0000] {processor.py:153} INFO - Started process (PID=1910) to work on /home/airflow/.local/lib/python3.7/site-packages/airflow/example_dags/tutorial_dag.py
[2023-02-21T12:04:43.545+0000] {processor.py:743} INFO - Processing file /home/airflow/.local/lib/python3.7/site-packages/airflow/example_dags/tutorial_dag.py for tasks to queue
[2023-02-21T12:04:43.550+0000] {logging_mixin.py:137} INFO - [2023-02-21T12:04:43.549+0000] {dagbag.py:538} INFO - Filling up the DagBag from /home/airflow/.local/lib/python3.7/site-packages/airflow/example_dags/tutorial_dag.py
[2023-02-21T12:04:43.587+0000] {processor.py:753} INFO - DAG(s) dict_keys(['tutorial_dag']) retrieved from /home/airflow/.local/lib/python3.7/site-packages/airflow/example_dags/tutorial_dag.py
[2023-02-21T12:04:43.656+0000] {logging_mixin.py:137} INFO - [2023-02-21T12:04:43.655+0000] {dag.py:2690} INFO - Sync 1 DAGs
[2023-02-21T12:04:43.710+0000] {logging_mixin.py:137} INFO - [2023-02-21T12:04:43.710+0000] {dag.py:3441} INFO - Setting next_dagrun for tutorial_dag to None, run_after=None
[2023-02-21T12:04:43.763+0000] {processor.py:175} INFO - Processing /home/airflow/.local/lib/python3.7/site-packages/airflow/example_dags/tutorial_dag.py took 0.242 seconds
[2023-02-21T12:05:14.367+0000] {processor.py:153} INFO - Started process (PID=1968) to work on /home/airflow/.local/lib/python3.7/site-packages/airflow/example_dags/tutorial_dag.py
[2023-02-21T12:05:14.372+0000] {processor.py:743} INFO - Processing file /home/airflow/.local/lib/python3.7/site-packages/airflow/example_dags/tutorial_dag.py for tasks to queue
[2023-02-21T12:05:14.386+0000] {logging_mixin.py:137} INFO - [2023-02-21T12:05:14.386+0000] {dagbag.py:538} INFO - Filling up the DagBag from /home/airflow/.local/lib/python3.7/site-packages/airflow/example_dags/tutorial_dag.py
[2023-02-21T12:05:14.521+0000] {processor.py:753} INFO - DAG(s) dict_keys(['tutorial_dag']) retrieved from /home/airflow/.local/lib/python3.7/site-packages/airflow/example_dags/tutorial_dag.py
[2023-02-21T12:05:14.819+0000] {logging_mixin.py:137} INFO - [2023-02-21T12:05:14.819+0000] {dag.py:2690} INFO - Sync 1 DAGs
[2023-02-21T12:05:15.113+0000] {logging_mixin.py:137} INFO - [2023-02-21T12:05:15.109+0000] {dag.py:3441} INFO - Setting next_dagrun for tutorial_dag to None, run_after=None
[2023-02-21T12:05:15.301+0000] {processor.py:175} INFO - Processing /home/airflow/.local/lib/python3.7/site-packages/airflow/example_dags/tutorial_dag.py took 0.941 seconds
[2023-02-21T12:05:45.964+0000] {processor.py:153} INFO - Started process (PID=2027) to work on /home/airflow/.local/lib/python3.7/site-packages/airflow/example_dags/tutorial_dag.py
[2023-02-21T12:05:45.968+0000] {processor.py:743} INFO - Processing file /home/airflow/.local/lib/python3.7/site-packages/airflow/example_dags/tutorial_dag.py for tasks to queue
[2023-02-21T12:05:45.971+0000] {logging_mixin.py:137} INFO - [2023-02-21T12:05:45.971+0000] {dagbag.py:538} INFO - Filling up the DagBag from /home/airflow/.local/lib/python3.7/site-packages/airflow/example_dags/tutorial_dag.py
[2023-02-21T12:05:46.056+0000] {processor.py:753} INFO - DAG(s) dict_keys(['tutorial_dag']) retrieved from /home/airflow/.local/lib/python3.7/site-packages/airflow/example_dags/tutorial_dag.py
[2023-02-21T12:05:46.196+0000] {logging_mixin.py:137} INFO - [2023-02-21T12:05:46.196+0000] {dag.py:2690} INFO - Sync 1 DAGs
[2023-02-21T12:05:46.325+0000] {logging_mixin.py:137} INFO - [2023-02-21T12:05:46.325+0000] {dag.py:3441} INFO - Setting next_dagrun for tutorial_dag to None, run_after=None
[2023-02-21T12:05:46.458+0000] {processor.py:175} INFO - Processing /home/airflow/.local/lib/python3.7/site-packages/airflow/example_dags/tutorial_dag.py took 0.499 seconds
[2023-02-21T12:06:17.072+0000] {processor.py:153} INFO - Started process (PID=2086) to work on /home/airflow/.local/lib/python3.7/site-packages/airflow/example_dags/tutorial_dag.py
[2023-02-21T12:06:17.080+0000] {processor.py:743} INFO - Processing file /home/airflow/.local/lib/python3.7/site-packages/airflow/example_dags/tutorial_dag.py for tasks to queue
[2023-02-21T12:06:17.106+0000] {logging_mixin.py:137} INFO - [2023-02-21T12:06:17.106+0000] {dagbag.py:538} INFO - Filling up the DagBag from /home/airflow/.local/lib/python3.7/site-packages/airflow/example_dags/tutorial_dag.py
[2023-02-21T12:06:17.214+0000] {processor.py:753} INFO - DAG(s) dict_keys(['tutorial_dag']) retrieved from /home/airflow/.local/lib/python3.7/site-packages/airflow/example_dags/tutorial_dag.py
[2023-02-21T12:06:17.328+0000] {logging_mixin.py:137} INFO - [2023-02-21T12:06:17.327+0000] {dag.py:2690} INFO - Sync 1 DAGs
[2023-02-21T12:06:17.459+0000] {logging_mixin.py:137} INFO - [2023-02-21T12:06:17.459+0000] {dag.py:3441} INFO - Setting next_dagrun for tutorial_dag to None, run_after=None
[2023-02-21T12:06:17.583+0000] {processor.py:175} INFO - Processing /home/airflow/.local/lib/python3.7/site-packages/airflow/example_dags/tutorial_dag.py took 0.561 seconds
[2023-02-21T12:06:47.902+0000] {processor.py:153} INFO - Started process (PID=2135) to work on /home/airflow/.local/lib/python3.7/site-packages/airflow/example_dags/tutorial_dag.py
[2023-02-21T12:06:47.907+0000] {processor.py:743} INFO - Processing file /home/airflow/.local/lib/python3.7/site-packages/airflow/example_dags/tutorial_dag.py for tasks to queue
[2023-02-21T12:06:47.911+0000] {logging_mixin.py:137} INFO - [2023-02-21T12:06:47.910+0000] {dagbag.py:538} INFO - Filling up the DagBag from /home/airflow/.local/lib/python3.7/site-packages/airflow/example_dags/tutorial_dag.py
[2023-02-21T12:06:47.942+0000] {processor.py:753} INFO - DAG(s) dict_keys(['tutorial_dag']) retrieved from /home/airflow/.local/lib/python3.7/site-packages/airflow/example_dags/tutorial_dag.py
[2023-02-21T12:06:48.009+0000] {logging_mixin.py:137} INFO - [2023-02-21T12:06:48.009+0000] {dag.py:2690} INFO - Sync 1 DAGs
[2023-02-21T12:06:48.058+0000] {logging_mixin.py:137} INFO - [2023-02-21T12:06:48.057+0000] {dag.py:3441} INFO - Setting next_dagrun for tutorial_dag to None, run_after=None
[2023-02-21T12:06:48.123+0000] {processor.py:175} INFO - Processing /home/airflow/.local/lib/python3.7/site-packages/airflow/example_dags/tutorial_dag.py took 0.248 seconds
[2023-02-21T12:07:19.438+0000] {processor.py:153} INFO - Started process (PID=2194) to work on /home/airflow/.local/lib/python3.7/site-packages/airflow/example_dags/tutorial_dag.py
[2023-02-21T12:07:19.442+0000] {processor.py:743} INFO - Processing file /home/airflow/.local/lib/python3.7/site-packages/airflow/example_dags/tutorial_dag.py for tasks to queue
[2023-02-21T12:07:19.445+0000] {logging_mixin.py:137} INFO - [2023-02-21T12:07:19.445+0000] {dagbag.py:538} INFO - Filling up the DagBag from /home/airflow/.local/lib/python3.7/site-packages/airflow/example_dags/tutorial_dag.py
[2023-02-21T12:07:19.486+0000] {processor.py:753} INFO - DAG(s) dict_keys(['tutorial_dag']) retrieved from /home/airflow/.local/lib/python3.7/site-packages/airflow/example_dags/tutorial_dag.py
[2023-02-21T12:07:19.547+0000] {logging_mixin.py:137} INFO - [2023-02-21T12:07:19.546+0000] {dag.py:2690} INFO - Sync 1 DAGs
[2023-02-21T12:07:19.638+0000] {logging_mixin.py:137} INFO - [2023-02-21T12:07:19.637+0000] {dag.py:3441} INFO - Setting next_dagrun for tutorial_dag to None, run_after=None
[2023-02-21T12:07:19.719+0000] {processor.py:175} INFO - Processing /home/airflow/.local/lib/python3.7/site-packages/airflow/example_dags/tutorial_dag.py took 0.305 seconds
[2023-02-21T12:07:50.580+0000] {processor.py:153} INFO - Started process (PID=2262) to work on /home/airflow/.local/lib/python3.7/site-packages/airflow/example_dags/tutorial_dag.py
[2023-02-21T12:07:50.598+0000] {processor.py:743} INFO - Processing file /home/airflow/.local/lib/python3.7/site-packages/airflow/example_dags/tutorial_dag.py for tasks to queue
[2023-02-21T12:07:50.605+0000] {logging_mixin.py:137} INFO - [2023-02-21T12:07:50.604+0000] {dagbag.py:538} INFO - Filling up the DagBag from /home/airflow/.local/lib/python3.7/site-packages/airflow/example_dags/tutorial_dag.py
[2023-02-21T12:07:50.780+0000] {processor.py:753} INFO - DAG(s) dict_keys(['tutorial_dag']) retrieved from /home/airflow/.local/lib/python3.7/site-packages/airflow/example_dags/tutorial_dag.py
[2023-02-21T12:07:51.004+0000] {logging_mixin.py:137} INFO - [2023-02-21T12:07:51.004+0000] {dag.py:2690} INFO - Sync 1 DAGs
[2023-02-21T12:07:51.170+0000] {logging_mixin.py:137} INFO - [2023-02-21T12:07:51.170+0000] {dag.py:3441} INFO - Setting next_dagrun for tutorial_dag to None, run_after=None
[2023-02-21T12:07:51.348+0000] {processor.py:175} INFO - Processing /home/airflow/.local/lib/python3.7/site-packages/airflow/example_dags/tutorial_dag.py took 0.795 seconds
[2023-02-21T12:08:22.703+0000] {processor.py:153} INFO - Started process (PID=2319) to work on /home/airflow/.local/lib/python3.7/site-packages/airflow/example_dags/tutorial_dag.py
[2023-02-21T12:08:22.706+0000] {processor.py:743} INFO - Processing file /home/airflow/.local/lib/python3.7/site-packages/airflow/example_dags/tutorial_dag.py for tasks to queue
[2023-02-21T12:08:22.717+0000] {logging_mixin.py:137} INFO - [2023-02-21T12:08:22.717+0000] {dagbag.py:538} INFO - Filling up the DagBag from /home/airflow/.local/lib/python3.7/site-packages/airflow/example_dags/tutorial_dag.py
[2023-02-21T12:08:22.926+0000] {processor.py:753} INFO - DAG(s) dict_keys(['tutorial_dag']) retrieved from /home/airflow/.local/lib/python3.7/site-packages/airflow/example_dags/tutorial_dag.py
[2023-02-21T12:08:23.453+0000] {logging_mixin.py:137} INFO - [2023-02-21T12:08:23.453+0000] {dag.py:2690} INFO - Sync 1 DAGs
[2023-02-21T12:08:23.654+0000] {logging_mixin.py:137} INFO - [2023-02-21T12:08:23.653+0000] {dag.py:3441} INFO - Setting next_dagrun for tutorial_dag to None, run_after=None
[2023-02-21T12:08:23.743+0000] {processor.py:175} INFO - Processing /home/airflow/.local/lib/python3.7/site-packages/airflow/example_dags/tutorial_dag.py took 1.124 seconds
[2023-02-21T12:08:53.956+0000] {processor.py:153} INFO - Started process (PID=2380) to work on /home/airflow/.local/lib/python3.7/site-packages/airflow/example_dags/tutorial_dag.py
[2023-02-21T12:08:53.959+0000] {processor.py:743} INFO - Processing file /home/airflow/.local/lib/python3.7/site-packages/airflow/example_dags/tutorial_dag.py for tasks to queue
[2023-02-21T12:08:53.963+0000] {logging_mixin.py:137} INFO - [2023-02-21T12:08:53.962+0000] {dagbag.py:538} INFO - Filling up the DagBag from /home/airflow/.local/lib/python3.7/site-packages/airflow/example_dags/tutorial_dag.py
[2023-02-21T12:08:54.012+0000] {processor.py:753} INFO - DAG(s) dict_keys(['tutorial_dag']) retrieved from /home/airflow/.local/lib/python3.7/site-packages/airflow/example_dags/tutorial_dag.py
[2023-02-21T12:08:54.200+0000] {logging_mixin.py:137} INFO - [2023-02-21T12:08:54.200+0000] {dag.py:2690} INFO - Sync 1 DAGs
[2023-02-21T12:08:54.288+0000] {logging_mixin.py:137} INFO - [2023-02-21T12:08:54.288+0000] {dag.py:3441} INFO - Setting next_dagrun for tutorial_dag to None, run_after=None
[2023-02-21T12:08:54.360+0000] {processor.py:175} INFO - Processing /home/airflow/.local/lib/python3.7/site-packages/airflow/example_dags/tutorial_dag.py took 0.425 seconds
[2023-02-21T12:09:25.004+0000] {processor.py:153} INFO - Started process (PID=2437) to work on /home/airflow/.local/lib/python3.7/site-packages/airflow/example_dags/tutorial_dag.py
[2023-02-21T12:09:25.007+0000] {processor.py:743} INFO - Processing file /home/airflow/.local/lib/python3.7/site-packages/airflow/example_dags/tutorial_dag.py for tasks to queue
[2023-02-21T12:09:25.011+0000] {logging_mixin.py:137} INFO - [2023-02-21T12:09:25.010+0000] {dagbag.py:538} INFO - Filling up the DagBag from /home/airflow/.local/lib/python3.7/site-packages/airflow/example_dags/tutorial_dag.py
[2023-02-21T12:09:25.137+0000] {processor.py:753} INFO - DAG(s) dict_keys(['tutorial_dag']) retrieved from /home/airflow/.local/lib/python3.7/site-packages/airflow/example_dags/tutorial_dag.py
[2023-02-21T12:09:25.247+0000] {logging_mixin.py:137} INFO - [2023-02-21T12:09:25.247+0000] {dag.py:2690} INFO - Sync 1 DAGs
[2023-02-21T12:09:25.313+0000] {logging_mixin.py:137} INFO - [2023-02-21T12:09:25.313+0000] {dag.py:3441} INFO - Setting next_dagrun for tutorial_dag to None, run_after=None
[2023-02-21T12:09:25.379+0000] {processor.py:175} INFO - Processing /home/airflow/.local/lib/python3.7/site-packages/airflow/example_dags/tutorial_dag.py took 0.381 seconds
[2023-02-21T12:09:55.795+0000] {processor.py:153} INFO - Started process (PID=2498) to work on /home/airflow/.local/lib/python3.7/site-packages/airflow/example_dags/tutorial_dag.py
[2023-02-21T12:09:55.799+0000] {processor.py:743} INFO - Processing file /home/airflow/.local/lib/python3.7/site-packages/airflow/example_dags/tutorial_dag.py for tasks to queue
[2023-02-21T12:09:55.803+0000] {logging_mixin.py:137} INFO - [2023-02-21T12:09:55.802+0000] {dagbag.py:538} INFO - Filling up the DagBag from /home/airflow/.local/lib/python3.7/site-packages/airflow/example_dags/tutorial_dag.py
[2023-02-21T12:09:55.833+0000] {processor.py:753} INFO - DAG(s) dict_keys(['tutorial_dag']) retrieved from /home/airflow/.local/lib/python3.7/site-packages/airflow/example_dags/tutorial_dag.py
[2023-02-21T12:09:55.881+0000] {logging_mixin.py:137} INFO - [2023-02-21T12:09:55.881+0000] {dag.py:2690} INFO - Sync 1 DAGs
[2023-02-21T12:09:55.926+0000] {logging_mixin.py:137} INFO - [2023-02-21T12:09:55.926+0000] {dag.py:3441} INFO - Setting next_dagrun for tutorial_dag to None, run_after=None
[2023-02-21T12:09:55.968+0000] {processor.py:175} INFO - Processing /home/airflow/.local/lib/python3.7/site-packages/airflow/example_dags/tutorial_dag.py took 0.183 seconds
[2023-02-21T12:10:26.386+0000] {processor.py:153} INFO - Started process (PID=2557) to work on /home/airflow/.local/lib/python3.7/site-packages/airflow/example_dags/tutorial_dag.py
[2023-02-21T12:10:26.392+0000] {processor.py:743} INFO - Processing file /home/airflow/.local/lib/python3.7/site-packages/airflow/example_dags/tutorial_dag.py for tasks to queue
[2023-02-21T12:10:26.401+0000] {logging_mixin.py:137} INFO - [2023-02-21T12:10:26.400+0000] {dagbag.py:538} INFO - Filling up the DagBag from /home/airflow/.local/lib/python3.7/site-packages/airflow/example_dags/tutorial_dag.py
[2023-02-21T12:10:26.496+0000] {processor.py:753} INFO - DAG(s) dict_keys(['tutorial_dag']) retrieved from /home/airflow/.local/lib/python3.7/site-packages/airflow/example_dags/tutorial_dag.py
[2023-02-21T12:10:26.606+0000] {logging_mixin.py:137} INFO - [2023-02-21T12:10:26.606+0000] {dag.py:2690} INFO - Sync 1 DAGs
[2023-02-21T12:10:26.656+0000] {logging_mixin.py:137} INFO - [2023-02-21T12:10:26.656+0000] {dag.py:3441} INFO - Setting next_dagrun for tutorial_dag to None, run_after=None
[2023-02-21T12:10:26.696+0000] {processor.py:175} INFO - Processing /home/airflow/.local/lib/python3.7/site-packages/airflow/example_dags/tutorial_dag.py took 0.333 seconds
[2023-02-21T12:10:57.273+0000] {processor.py:153} INFO - Started process (PID=2616) to work on /home/airflow/.local/lib/python3.7/site-packages/airflow/example_dags/tutorial_dag.py
[2023-02-21T12:10:57.288+0000] {processor.py:743} INFO - Processing file /home/airflow/.local/lib/python3.7/site-packages/airflow/example_dags/tutorial_dag.py for tasks to queue
[2023-02-21T12:10:57.300+0000] {logging_mixin.py:137} INFO - [2023-02-21T12:10:57.299+0000] {dagbag.py:538} INFO - Filling up the DagBag from /home/airflow/.local/lib/python3.7/site-packages/airflow/example_dags/tutorial_dag.py
[2023-02-21T12:10:57.373+0000] {processor.py:753} INFO - DAG(s) dict_keys(['tutorial_dag']) retrieved from /home/airflow/.local/lib/python3.7/site-packages/airflow/example_dags/tutorial_dag.py
[2023-02-21T12:10:57.509+0000] {logging_mixin.py:137} INFO - [2023-02-21T12:10:57.508+0000] {dag.py:2690} INFO - Sync 1 DAGs
[2023-02-21T12:10:57.585+0000] {logging_mixin.py:137} INFO - [2023-02-21T12:10:57.585+0000] {dag.py:3441} INFO - Setting next_dagrun for tutorial_dag to None, run_after=None
[2023-02-21T12:10:57.643+0000] {processor.py:175} INFO - Processing /home/airflow/.local/lib/python3.7/site-packages/airflow/example_dags/tutorial_dag.py took 0.393 seconds
[2023-02-21T12:11:27.881+0000] {processor.py:153} INFO - Started process (PID=2674) to work on /home/airflow/.local/lib/python3.7/site-packages/airflow/example_dags/tutorial_dag.py
[2023-02-21T12:11:27.893+0000] {processor.py:743} INFO - Processing file /home/airflow/.local/lib/python3.7/site-packages/airflow/example_dags/tutorial_dag.py for tasks to queue
[2023-02-21T12:11:27.897+0000] {logging_mixin.py:137} INFO - [2023-02-21T12:11:27.896+0000] {dagbag.py:538} INFO - Filling up the DagBag from /home/airflow/.local/lib/python3.7/site-packages/airflow/example_dags/tutorial_dag.py
[2023-02-21T12:11:27.933+0000] {processor.py:753} INFO - DAG(s) dict_keys(['tutorial_dag']) retrieved from /home/airflow/.local/lib/python3.7/site-packages/airflow/example_dags/tutorial_dag.py
[2023-02-21T12:11:28.006+0000] {logging_mixin.py:137} INFO - [2023-02-21T12:11:28.005+0000] {dag.py:2690} INFO - Sync 1 DAGs
[2023-02-21T12:11:28.129+0000] {logging_mixin.py:137} INFO - [2023-02-21T12:11:28.129+0000] {dag.py:3441} INFO - Setting next_dagrun for tutorial_dag to None, run_after=None
[2023-02-21T12:11:28.199+0000] {processor.py:175} INFO - Processing /home/airflow/.local/lib/python3.7/site-packages/airflow/example_dags/tutorial_dag.py took 0.337 seconds
[2023-02-21T12:11:59.056+0000] {processor.py:153} INFO - Started process (PID=2733) to work on /home/airflow/.local/lib/python3.7/site-packages/airflow/example_dags/tutorial_dag.py
[2023-02-21T12:11:59.062+0000] {processor.py:743} INFO - Processing file /home/airflow/.local/lib/python3.7/site-packages/airflow/example_dags/tutorial_dag.py for tasks to queue
[2023-02-21T12:11:59.069+0000] {logging_mixin.py:137} INFO - [2023-02-21T12:11:59.068+0000] {dagbag.py:538} INFO - Filling up the DagBag from /home/airflow/.local/lib/python3.7/site-packages/airflow/example_dags/tutorial_dag.py
[2023-02-21T12:11:59.136+0000] {processor.py:753} INFO - DAG(s) dict_keys(['tutorial_dag']) retrieved from /home/airflow/.local/lib/python3.7/site-packages/airflow/example_dags/tutorial_dag.py
[2023-02-21T12:11:59.268+0000] {logging_mixin.py:137} INFO - [2023-02-21T12:11:59.268+0000] {dag.py:2690} INFO - Sync 1 DAGs
[2023-02-21T12:11:59.363+0000] {logging_mixin.py:137} INFO - [2023-02-21T12:11:59.360+0000] {dag.py:3441} INFO - Setting next_dagrun for tutorial_dag to None, run_after=None
[2023-02-21T12:11:59.454+0000] {processor.py:175} INFO - Processing /home/airflow/.local/lib/python3.7/site-packages/airflow/example_dags/tutorial_dag.py took 0.409 seconds
[2023-02-21T12:12:29.754+0000] {processor.py:153} INFO - Started process (PID=2792) to work on /home/airflow/.local/lib/python3.7/site-packages/airflow/example_dags/tutorial_dag.py
[2023-02-21T12:12:29.757+0000] {processor.py:743} INFO - Processing file /home/airflow/.local/lib/python3.7/site-packages/airflow/example_dags/tutorial_dag.py for tasks to queue
[2023-02-21T12:12:29.761+0000] {logging_mixin.py:137} INFO - [2023-02-21T12:12:29.761+0000] {dagbag.py:538} INFO - Filling up the DagBag from /home/airflow/.local/lib/python3.7/site-packages/airflow/example_dags/tutorial_dag.py
[2023-02-21T12:12:29.798+0000] {processor.py:753} INFO - DAG(s) dict_keys(['tutorial_dag']) retrieved from /home/airflow/.local/lib/python3.7/site-packages/airflow/example_dags/tutorial_dag.py
[2023-02-21T12:12:29.845+0000] {logging_mixin.py:137} INFO - [2023-02-21T12:12:29.845+0000] {dag.py:2690} INFO - Sync 1 DAGs
[2023-02-21T12:12:29.886+0000] {logging_mixin.py:137} INFO - [2023-02-21T12:12:29.886+0000] {dag.py:3441} INFO - Setting next_dagrun for tutorial_dag to None, run_after=None
[2023-02-21T12:12:29.920+0000] {processor.py:175} INFO - Processing /home/airflow/.local/lib/python3.7/site-packages/airflow/example_dags/tutorial_dag.py took 0.173 seconds
[2023-02-21T12:13:00.400+0000] {processor.py:153} INFO - Started process (PID=2852) to work on /home/airflow/.local/lib/python3.7/site-packages/airflow/example_dags/tutorial_dag.py
[2023-02-21T12:13:00.403+0000] {processor.py:743} INFO - Processing file /home/airflow/.local/lib/python3.7/site-packages/airflow/example_dags/tutorial_dag.py for tasks to queue
[2023-02-21T12:13:00.405+0000] {logging_mixin.py:137} INFO - [2023-02-21T12:13:00.405+0000] {dagbag.py:538} INFO - Filling up the DagBag from /home/airflow/.local/lib/python3.7/site-packages/airflow/example_dags/tutorial_dag.py
[2023-02-21T12:13:00.424+0000] {processor.py:753} INFO - DAG(s) dict_keys(['tutorial_dag']) retrieved from /home/airflow/.local/lib/python3.7/site-packages/airflow/example_dags/tutorial_dag.py
[2023-02-21T12:13:00.466+0000] {logging_mixin.py:137} INFO - [2023-02-21T12:13:00.466+0000] {dag.py:2690} INFO - Sync 1 DAGs
[2023-02-21T12:13:00.500+0000] {logging_mixin.py:137} INFO - [2023-02-21T12:13:00.499+0000] {dag.py:3441} INFO - Setting next_dagrun for tutorial_dag to None, run_after=None
[2023-02-21T12:13:00.533+0000] {processor.py:175} INFO - Processing /home/airflow/.local/lib/python3.7/site-packages/airflow/example_dags/tutorial_dag.py took 0.137 seconds
[2023-02-21T12:13:30.965+0000] {processor.py:153} INFO - Started process (PID=2921) to work on /home/airflow/.local/lib/python3.7/site-packages/airflow/example_dags/tutorial_dag.py
[2023-02-21T12:13:30.972+0000] {processor.py:743} INFO - Processing file /home/airflow/.local/lib/python3.7/site-packages/airflow/example_dags/tutorial_dag.py for tasks to queue
[2023-02-21T12:13:30.979+0000] {logging_mixin.py:137} INFO - [2023-02-21T12:13:30.978+0000] {dagbag.py:538} INFO - Filling up the DagBag from /home/airflow/.local/lib/python3.7/site-packages/airflow/example_dags/tutorial_dag.py
[2023-02-21T12:13:31.065+0000] {processor.py:753} INFO - DAG(s) dict_keys(['tutorial_dag']) retrieved from /home/airflow/.local/lib/python3.7/site-packages/airflow/example_dags/tutorial_dag.py
[2023-02-21T12:13:31.161+0000] {logging_mixin.py:137} INFO - [2023-02-21T12:13:31.161+0000] {dag.py:2690} INFO - Sync 1 DAGs
[2023-02-21T12:13:31.227+0000] {logging_mixin.py:137} INFO - [2023-02-21T12:13:31.227+0000] {dag.py:3441} INFO - Setting next_dagrun for tutorial_dag to None, run_after=None
[2023-02-21T12:13:31.298+0000] {processor.py:175} INFO - Processing /home/airflow/.local/lib/python3.7/site-packages/airflow/example_dags/tutorial_dag.py took 0.344 seconds
[2023-02-21T12:14:01.723+0000] {processor.py:153} INFO - Started process (PID=2980) to work on /home/airflow/.local/lib/python3.7/site-packages/airflow/example_dags/tutorial_dag.py
[2023-02-21T12:14:01.730+0000] {processor.py:743} INFO - Processing file /home/airflow/.local/lib/python3.7/site-packages/airflow/example_dags/tutorial_dag.py for tasks to queue
[2023-02-21T12:14:01.738+0000] {logging_mixin.py:137} INFO - [2023-02-21T12:14:01.736+0000] {dagbag.py:538} INFO - Filling up the DagBag from /home/airflow/.local/lib/python3.7/site-packages/airflow/example_dags/tutorial_dag.py
[2023-02-21T12:14:01.803+0000] {processor.py:753} INFO - DAG(s) dict_keys(['tutorial_dag']) retrieved from /home/airflow/.local/lib/python3.7/site-packages/airflow/example_dags/tutorial_dag.py
[2023-02-21T12:14:01.928+0000] {logging_mixin.py:137} INFO - [2023-02-21T12:14:01.927+0000] {dag.py:2690} INFO - Sync 1 DAGs
[2023-02-21T12:14:02.035+0000] {logging_mixin.py:137} INFO - [2023-02-21T12:14:02.035+0000] {dag.py:3441} INFO - Setting next_dagrun for tutorial_dag to None, run_after=None
[2023-02-21T12:14:02.099+0000] {processor.py:175} INFO - Processing /home/airflow/.local/lib/python3.7/site-packages/airflow/example_dags/tutorial_dag.py took 0.396 seconds
[2023-02-21T12:14:32.678+0000] {processor.py:153} INFO - Started process (PID=3039) to work on /home/airflow/.local/lib/python3.7/site-packages/airflow/example_dags/tutorial_dag.py
[2023-02-21T12:14:32.691+0000] {processor.py:743} INFO - Processing file /home/airflow/.local/lib/python3.7/site-packages/airflow/example_dags/tutorial_dag.py for tasks to queue
[2023-02-21T12:14:32.695+0000] {logging_mixin.py:137} INFO - [2023-02-21T12:14:32.695+0000] {dagbag.py:538} INFO - Filling up the DagBag from /home/airflow/.local/lib/python3.7/site-packages/airflow/example_dags/tutorial_dag.py
[2023-02-21T12:14:32.751+0000] {processor.py:753} INFO - DAG(s) dict_keys(['tutorial_dag']) retrieved from /home/airflow/.local/lib/python3.7/site-packages/airflow/example_dags/tutorial_dag.py
[2023-02-21T12:14:32.802+0000] {logging_mixin.py:137} INFO - [2023-02-21T12:14:32.802+0000] {dag.py:2690} INFO - Sync 1 DAGs
[2023-02-21T12:14:32.877+0000] {logging_mixin.py:137} INFO - [2023-02-21T12:14:32.877+0000] {dag.py:3441} INFO - Setting next_dagrun for tutorial_dag to None, run_after=None
[2023-02-21T12:14:32.942+0000] {processor.py:175} INFO - Processing /home/airflow/.local/lib/python3.7/site-packages/airflow/example_dags/tutorial_dag.py took 0.285 seconds
[2023-02-21T12:15:03.514+0000] {processor.py:153} INFO - Started process (PID=3110) to work on /home/airflow/.local/lib/python3.7/site-packages/airflow/example_dags/tutorial_dag.py
[2023-02-21T12:15:03.517+0000] {processor.py:743} INFO - Processing file /home/airflow/.local/lib/python3.7/site-packages/airflow/example_dags/tutorial_dag.py for tasks to queue
[2023-02-21T12:15:03.520+0000] {logging_mixin.py:137} INFO - [2023-02-21T12:15:03.519+0000] {dagbag.py:538} INFO - Filling up the DagBag from /home/airflow/.local/lib/python3.7/site-packages/airflow/example_dags/tutorial_dag.py
[2023-02-21T12:15:03.557+0000] {processor.py:753} INFO - DAG(s) dict_keys(['tutorial_dag']) retrieved from /home/airflow/.local/lib/python3.7/site-packages/airflow/example_dags/tutorial_dag.py
[2023-02-21T12:15:03.622+0000] {logging_mixin.py:137} INFO - [2023-02-21T12:15:03.621+0000] {dag.py:2690} INFO - Sync 1 DAGs
[2023-02-21T12:15:03.662+0000] {logging_mixin.py:137} INFO - [2023-02-21T12:15:03.662+0000] {dag.py:3441} INFO - Setting next_dagrun for tutorial_dag to None, run_after=None
[2023-02-21T12:15:03.692+0000] {processor.py:175} INFO - Processing /home/airflow/.local/lib/python3.7/site-packages/airflow/example_dags/tutorial_dag.py took 0.191 seconds
[2023-02-21T12:15:34.413+0000] {processor.py:153} INFO - Started process (PID=3170) to work on /home/airflow/.local/lib/python3.7/site-packages/airflow/example_dags/tutorial_dag.py
[2023-02-21T12:15:34.416+0000] {processor.py:743} INFO - Processing file /home/airflow/.local/lib/python3.7/site-packages/airflow/example_dags/tutorial_dag.py for tasks to queue
[2023-02-21T12:15:34.420+0000] {logging_mixin.py:137} INFO - [2023-02-21T12:15:34.419+0000] {dagbag.py:538} INFO - Filling up the DagBag from /home/airflow/.local/lib/python3.7/site-packages/airflow/example_dags/tutorial_dag.py
[2023-02-21T12:15:34.446+0000] {processor.py:753} INFO - DAG(s) dict_keys(['tutorial_dag']) retrieved from /home/airflow/.local/lib/python3.7/site-packages/airflow/example_dags/tutorial_dag.py
[2023-02-21T12:15:34.516+0000] {logging_mixin.py:137} INFO - [2023-02-21T12:15:34.516+0000] {dag.py:2690} INFO - Sync 1 DAGs
[2023-02-21T12:15:34.562+0000] {logging_mixin.py:137} INFO - [2023-02-21T12:15:34.562+0000] {dag.py:3441} INFO - Setting next_dagrun for tutorial_dag to None, run_after=None
[2023-02-21T12:15:34.596+0000] {processor.py:175} INFO - Processing /home/airflow/.local/lib/python3.7/site-packages/airflow/example_dags/tutorial_dag.py took 0.192 seconds
[2023-02-21T12:16:05.025+0000] {processor.py:153} INFO - Started process (PID=3228) to work on /home/airflow/.local/lib/python3.7/site-packages/airflow/example_dags/tutorial_dag.py
[2023-02-21T12:16:05.029+0000] {processor.py:743} INFO - Processing file /home/airflow/.local/lib/python3.7/site-packages/airflow/example_dags/tutorial_dag.py for tasks to queue
[2023-02-21T12:16:05.032+0000] {logging_mixin.py:137} INFO - [2023-02-21T12:16:05.031+0000] {dagbag.py:538} INFO - Filling up the DagBag from /home/airflow/.local/lib/python3.7/site-packages/airflow/example_dags/tutorial_dag.py
[2023-02-21T12:16:05.078+0000] {processor.py:753} INFO - DAG(s) dict_keys(['tutorial_dag']) retrieved from /home/airflow/.local/lib/python3.7/site-packages/airflow/example_dags/tutorial_dag.py
[2023-02-21T12:16:05.180+0000] {logging_mixin.py:137} INFO - [2023-02-21T12:16:05.180+0000] {dag.py:2690} INFO - Sync 1 DAGs
[2023-02-21T12:16:05.241+0000] {logging_mixin.py:137} INFO - [2023-02-21T12:16:05.241+0000] {dag.py:3441} INFO - Setting next_dagrun for tutorial_dag to None, run_after=None
[2023-02-21T12:16:05.291+0000] {processor.py:175} INFO - Processing /home/airflow/.local/lib/python3.7/site-packages/airflow/example_dags/tutorial_dag.py took 0.278 seconds
[2023-02-21T12:16:36.283+0000] {processor.py:153} INFO - Started process (PID=3288) to work on /home/airflow/.local/lib/python3.7/site-packages/airflow/example_dags/tutorial_dag.py
[2023-02-21T12:16:36.288+0000] {processor.py:743} INFO - Processing file /home/airflow/.local/lib/python3.7/site-packages/airflow/example_dags/tutorial_dag.py for tasks to queue
[2023-02-21T12:16:36.296+0000] {logging_mixin.py:137} INFO - [2023-02-21T12:16:36.295+0000] {dagbag.py:538} INFO - Filling up the DagBag from /home/airflow/.local/lib/python3.7/site-packages/airflow/example_dags/tutorial_dag.py
[2023-02-21T12:16:36.362+0000] {processor.py:753} INFO - DAG(s) dict_keys(['tutorial_dag']) retrieved from /home/airflow/.local/lib/python3.7/site-packages/airflow/example_dags/tutorial_dag.py
[2023-02-21T12:16:36.405+0000] {logging_mixin.py:137} INFO - [2023-02-21T12:16:36.405+0000] {dag.py:2690} INFO - Sync 1 DAGs
[2023-02-21T12:16:36.444+0000] {logging_mixin.py:137} INFO - [2023-02-21T12:16:36.443+0000] {dag.py:3441} INFO - Setting next_dagrun for tutorial_dag to None, run_after=None
[2023-02-21T12:16:36.477+0000] {processor.py:175} INFO - Processing /home/airflow/.local/lib/python3.7/site-packages/airflow/example_dags/tutorial_dag.py took 0.211 seconds
[2023-02-21T12:17:07.307+0000] {processor.py:153} INFO - Started process (PID=3347) to work on /home/airflow/.local/lib/python3.7/site-packages/airflow/example_dags/tutorial_dag.py
[2023-02-21T12:17:07.319+0000] {processor.py:743} INFO - Processing file /home/airflow/.local/lib/python3.7/site-packages/airflow/example_dags/tutorial_dag.py for tasks to queue
[2023-02-21T12:17:07.328+0000] {logging_mixin.py:137} INFO - [2023-02-21T12:17:07.326+0000] {dagbag.py:538} INFO - Filling up the DagBag from /home/airflow/.local/lib/python3.7/site-packages/airflow/example_dags/tutorial_dag.py
[2023-02-21T12:17:07.488+0000] {processor.py:753} INFO - DAG(s) dict_keys(['tutorial_dag']) retrieved from /home/airflow/.local/lib/python3.7/site-packages/airflow/example_dags/tutorial_dag.py
[2023-02-21T12:17:07.675+0000] {logging_mixin.py:137} INFO - [2023-02-21T12:17:07.675+0000] {dag.py:2690} INFO - Sync 1 DAGs
[2023-02-21T12:17:07.915+0000] {logging_mixin.py:137} INFO - [2023-02-21T12:17:07.915+0000] {dag.py:3441} INFO - Setting next_dagrun for tutorial_dag to None, run_after=None
[2023-02-21T12:17:08.021+0000] {processor.py:175} INFO - Processing /home/airflow/.local/lib/python3.7/site-packages/airflow/example_dags/tutorial_dag.py took 0.742 seconds
[2023-02-21T12:17:38.455+0000] {processor.py:153} INFO - Started process (PID=3406) to work on /home/airflow/.local/lib/python3.7/site-packages/airflow/example_dags/tutorial_dag.py
[2023-02-21T12:17:38.461+0000] {processor.py:743} INFO - Processing file /home/airflow/.local/lib/python3.7/site-packages/airflow/example_dags/tutorial_dag.py for tasks to queue
[2023-02-21T12:17:38.479+0000] {logging_mixin.py:137} INFO - [2023-02-21T12:17:38.479+0000] {dagbag.py:538} INFO - Filling up the DagBag from /home/airflow/.local/lib/python3.7/site-packages/airflow/example_dags/tutorial_dag.py
[2023-02-21T12:17:38.626+0000] {processor.py:753} INFO - DAG(s) dict_keys(['tutorial_dag']) retrieved from /home/airflow/.local/lib/python3.7/site-packages/airflow/example_dags/tutorial_dag.py
[2023-02-21T12:17:38.860+0000] {logging_mixin.py:137} INFO - [2023-02-21T12:17:38.859+0000] {dag.py:2690} INFO - Sync 1 DAGs
[2023-02-21T12:17:38.953+0000] {logging_mixin.py:137} INFO - [2023-02-21T12:17:38.953+0000] {dag.py:3441} INFO - Setting next_dagrun for tutorial_dag to None, run_after=None
[2023-02-21T12:17:39.039+0000] {processor.py:175} INFO - Processing /home/airflow/.local/lib/python3.7/site-packages/airflow/example_dags/tutorial_dag.py took 0.608 seconds
[2023-02-21T12:18:09.811+0000] {processor.py:153} INFO - Started process (PID=3465) to work on /home/airflow/.local/lib/python3.7/site-packages/airflow/example_dags/tutorial_dag.py
[2023-02-21T12:18:09.822+0000] {processor.py:743} INFO - Processing file /home/airflow/.local/lib/python3.7/site-packages/airflow/example_dags/tutorial_dag.py for tasks to queue
[2023-02-21T12:18:09.824+0000] {logging_mixin.py:137} INFO - [2023-02-21T12:18:09.824+0000] {dagbag.py:538} INFO - Filling up the DagBag from /home/airflow/.local/lib/python3.7/site-packages/airflow/example_dags/tutorial_dag.py
[2023-02-21T12:18:09.852+0000] {processor.py:753} INFO - DAG(s) dict_keys(['tutorial_dag']) retrieved from /home/airflow/.local/lib/python3.7/site-packages/airflow/example_dags/tutorial_dag.py
[2023-02-21T12:18:09.922+0000] {logging_mixin.py:137} INFO - [2023-02-21T12:18:09.922+0000] {dag.py:2690} INFO - Sync 1 DAGs
[2023-02-21T12:18:09.978+0000] {logging_mixin.py:137} INFO - [2023-02-21T12:18:09.978+0000] {dag.py:3441} INFO - Setting next_dagrun for tutorial_dag to None, run_after=None
[2023-02-21T12:18:10.069+0000] {processor.py:175} INFO - Processing /home/airflow/.local/lib/python3.7/site-packages/airflow/example_dags/tutorial_dag.py took 0.278 seconds
[2023-02-21T12:18:40.724+0000] {processor.py:153} INFO - Started process (PID=3524) to work on /home/airflow/.local/lib/python3.7/site-packages/airflow/example_dags/tutorial_dag.py
[2023-02-21T12:18:40.728+0000] {processor.py:743} INFO - Processing file /home/airflow/.local/lib/python3.7/site-packages/airflow/example_dags/tutorial_dag.py for tasks to queue
[2023-02-21T12:18:40.731+0000] {logging_mixin.py:137} INFO - [2023-02-21T12:18:40.731+0000] {dagbag.py:538} INFO - Filling up the DagBag from /home/airflow/.local/lib/python3.7/site-packages/airflow/example_dags/tutorial_dag.py
[2023-02-21T12:18:40.774+0000] {processor.py:753} INFO - DAG(s) dict_keys(['tutorial_dag']) retrieved from /home/airflow/.local/lib/python3.7/site-packages/airflow/example_dags/tutorial_dag.py
[2023-02-21T12:18:40.851+0000] {logging_mixin.py:137} INFO - [2023-02-21T12:18:40.850+0000] {dag.py:2690} INFO - Sync 1 DAGs
[2023-02-21T12:18:40.912+0000] {logging_mixin.py:137} INFO - [2023-02-21T12:18:40.911+0000] {dag.py:3441} INFO - Setting next_dagrun for tutorial_dag to None, run_after=None
[2023-02-21T12:18:40.971+0000] {processor.py:175} INFO - Processing /home/airflow/.local/lib/python3.7/site-packages/airflow/example_dags/tutorial_dag.py took 0.258 seconds
[2023-02-21T12:19:12.217+0000] {processor.py:153} INFO - Started process (PID=3582) to work on /home/airflow/.local/lib/python3.7/site-packages/airflow/example_dags/tutorial_dag.py
[2023-02-21T12:19:12.220+0000] {processor.py:743} INFO - Processing file /home/airflow/.local/lib/python3.7/site-packages/airflow/example_dags/tutorial_dag.py for tasks to queue
[2023-02-21T12:19:12.224+0000] {logging_mixin.py:137} INFO - [2023-02-21T12:19:12.223+0000] {dagbag.py:538} INFO - Filling up the DagBag from /home/airflow/.local/lib/python3.7/site-packages/airflow/example_dags/tutorial_dag.py
[2023-02-21T12:19:12.283+0000] {processor.py:753} INFO - DAG(s) dict_keys(['tutorial_dag']) retrieved from /home/airflow/.local/lib/python3.7/site-packages/airflow/example_dags/tutorial_dag.py
[2023-02-21T12:19:12.422+0000] {logging_mixin.py:137} INFO - [2023-02-21T12:19:12.422+0000] {dag.py:2690} INFO - Sync 1 DAGs
[2023-02-21T12:19:12.524+0000] {logging_mixin.py:137} INFO - [2023-02-21T12:19:12.524+0000] {dag.py:3441} INFO - Setting next_dagrun for tutorial_dag to None, run_after=None
[2023-02-21T12:19:12.749+0000] {processor.py:175} INFO - Processing /home/airflow/.local/lib/python3.7/site-packages/airflow/example_dags/tutorial_dag.py took 0.554 seconds
[2023-02-21T12:19:43.573+0000] {processor.py:153} INFO - Started process (PID=3639) to work on /home/airflow/.local/lib/python3.7/site-packages/airflow/example_dags/tutorial_dag.py
[2023-02-21T12:19:43.580+0000] {processor.py:743} INFO - Processing file /home/airflow/.local/lib/python3.7/site-packages/airflow/example_dags/tutorial_dag.py for tasks to queue
[2023-02-21T12:19:43.586+0000] {logging_mixin.py:137} INFO - [2023-02-21T12:19:43.585+0000] {dagbag.py:538} INFO - Filling up the DagBag from /home/airflow/.local/lib/python3.7/site-packages/airflow/example_dags/tutorial_dag.py
[2023-02-21T12:19:43.656+0000] {processor.py:753} INFO - DAG(s) dict_keys(['tutorial_dag']) retrieved from /home/airflow/.local/lib/python3.7/site-packages/airflow/example_dags/tutorial_dag.py
[2023-02-21T12:19:43.836+0000] {logging_mixin.py:137} INFO - [2023-02-21T12:19:43.836+0000] {dag.py:2690} INFO - Sync 1 DAGs
[2023-02-21T12:19:43.991+0000] {logging_mixin.py:137} INFO - [2023-02-21T12:19:43.991+0000] {dag.py:3441} INFO - Setting next_dagrun for tutorial_dag to None, run_after=None
[2023-02-21T12:19:44.137+0000] {processor.py:175} INFO - Processing /home/airflow/.local/lib/python3.7/site-packages/airflow/example_dags/tutorial_dag.py took 0.581 seconds
[2023-02-21T12:20:14.631+0000] {processor.py:153} INFO - Started process (PID=3698) to work on /home/airflow/.local/lib/python3.7/site-packages/airflow/example_dags/tutorial_dag.py
[2023-02-21T12:20:14.635+0000] {processor.py:743} INFO - Processing file /home/airflow/.local/lib/python3.7/site-packages/airflow/example_dags/tutorial_dag.py for tasks to queue
[2023-02-21T12:20:14.649+0000] {logging_mixin.py:137} INFO - [2023-02-21T12:20:14.648+0000] {dagbag.py:538} INFO - Filling up the DagBag from /home/airflow/.local/lib/python3.7/site-packages/airflow/example_dags/tutorial_dag.py
[2023-02-21T12:20:14.749+0000] {processor.py:753} INFO - DAG(s) dict_keys(['tutorial_dag']) retrieved from /home/airflow/.local/lib/python3.7/site-packages/airflow/example_dags/tutorial_dag.py
[2023-02-21T12:20:14.931+0000] {logging_mixin.py:137} INFO - [2023-02-21T12:20:14.930+0000] {dag.py:2690} INFO - Sync 1 DAGs
[2023-02-21T12:20:15.077+0000] {logging_mixin.py:137} INFO - [2023-02-21T12:20:15.077+0000] {dag.py:3441} INFO - Setting next_dagrun for tutorial_dag to None, run_after=None
[2023-02-21T12:20:15.174+0000] {processor.py:175} INFO - Processing /home/airflow/.local/lib/python3.7/site-packages/airflow/example_dags/tutorial_dag.py took 0.550 seconds
[2023-02-21T12:20:45.641+0000] {processor.py:153} INFO - Started process (PID=3758) to work on /home/airflow/.local/lib/python3.7/site-packages/airflow/example_dags/tutorial_dag.py
[2023-02-21T12:20:45.646+0000] {processor.py:743} INFO - Processing file /home/airflow/.local/lib/python3.7/site-packages/airflow/example_dags/tutorial_dag.py for tasks to queue
[2023-02-21T12:20:45.655+0000] {logging_mixin.py:137} INFO - [2023-02-21T12:20:45.653+0000] {dagbag.py:538} INFO - Filling up the DagBag from /home/airflow/.local/lib/python3.7/site-packages/airflow/example_dags/tutorial_dag.py
[2023-02-21T12:20:45.714+0000] {processor.py:753} INFO - DAG(s) dict_keys(['tutorial_dag']) retrieved from /home/airflow/.local/lib/python3.7/site-packages/airflow/example_dags/tutorial_dag.py
[2023-02-21T12:20:45.830+0000] {logging_mixin.py:137} INFO - [2023-02-21T12:20:45.830+0000] {dag.py:2690} INFO - Sync 1 DAGs
[2023-02-21T12:20:45.918+0000] {logging_mixin.py:137} INFO - [2023-02-21T12:20:45.918+0000] {dag.py:3441} INFO - Setting next_dagrun for tutorial_dag to None, run_after=None
[2023-02-21T12:20:45.977+0000] {processor.py:175} INFO - Processing /home/airflow/.local/lib/python3.7/site-packages/airflow/example_dags/tutorial_dag.py took 0.354 seconds
[2023-02-21T12:21:16.090+0000] {processor.py:153} INFO - Started process (PID=3817) to work on /home/airflow/.local/lib/python3.7/site-packages/airflow/example_dags/tutorial_dag.py
[2023-02-21T12:21:16.102+0000] {processor.py:743} INFO - Processing file /home/airflow/.local/lib/python3.7/site-packages/airflow/example_dags/tutorial_dag.py for tasks to queue
[2023-02-21T12:21:16.120+0000] {logging_mixin.py:137} INFO - [2023-02-21T12:21:16.119+0000] {dagbag.py:538} INFO - Filling up the DagBag from /home/airflow/.local/lib/python3.7/site-packages/airflow/example_dags/tutorial_dag.py
[2023-02-21T12:21:16.169+0000] {processor.py:753} INFO - DAG(s) dict_keys(['tutorial_dag']) retrieved from /home/airflow/.local/lib/python3.7/site-packages/airflow/example_dags/tutorial_dag.py
[2023-02-21T12:21:16.227+0000] {logging_mixin.py:137} INFO - [2023-02-21T12:21:16.227+0000] {dag.py:2690} INFO - Sync 1 DAGs
[2023-02-21T12:21:16.288+0000] {logging_mixin.py:137} INFO - [2023-02-21T12:21:16.288+0000] {dag.py:3441} INFO - Setting next_dagrun for tutorial_dag to None, run_after=None
[2023-02-21T12:21:16.371+0000] {processor.py:175} INFO - Processing /home/airflow/.local/lib/python3.7/site-packages/airflow/example_dags/tutorial_dag.py took 0.285 seconds
[2023-02-21T12:21:47.087+0000] {processor.py:153} INFO - Started process (PID=3876) to work on /home/airflow/.local/lib/python3.7/site-packages/airflow/example_dags/tutorial_dag.py
[2023-02-21T12:21:47.094+0000] {processor.py:743} INFO - Processing file /home/airflow/.local/lib/python3.7/site-packages/airflow/example_dags/tutorial_dag.py for tasks to queue
[2023-02-21T12:21:47.098+0000] {logging_mixin.py:137} INFO - [2023-02-21T12:21:47.098+0000] {dagbag.py:538} INFO - Filling up the DagBag from /home/airflow/.local/lib/python3.7/site-packages/airflow/example_dags/tutorial_dag.py
[2023-02-21T12:21:47.138+0000] {processor.py:753} INFO - DAG(s) dict_keys(['tutorial_dag']) retrieved from /home/airflow/.local/lib/python3.7/site-packages/airflow/example_dags/tutorial_dag.py
[2023-02-21T12:21:47.189+0000] {logging_mixin.py:137} INFO - [2023-02-21T12:21:47.188+0000] {dag.py:2690} INFO - Sync 1 DAGs
[2023-02-21T12:21:47.229+0000] {logging_mixin.py:137} INFO - [2023-02-21T12:21:47.229+0000] {dag.py:3441} INFO - Setting next_dagrun for tutorial_dag to None, run_after=None
[2023-02-21T12:21:47.268+0000] {processor.py:175} INFO - Processing /home/airflow/.local/lib/python3.7/site-packages/airflow/example_dags/tutorial_dag.py took 0.198 seconds
[2023-02-21T12:22:18.680+0000] {processor.py:153} INFO - Started process (PID=3947) to work on /home/airflow/.local/lib/python3.7/site-packages/airflow/example_dags/tutorial_dag.py
[2023-02-21T12:22:18.695+0000] {processor.py:743} INFO - Processing file /home/airflow/.local/lib/python3.7/site-packages/airflow/example_dags/tutorial_dag.py for tasks to queue
[2023-02-21T12:22:18.700+0000] {logging_mixin.py:137} INFO - [2023-02-21T12:22:18.700+0000] {dagbag.py:538} INFO - Filling up the DagBag from /home/airflow/.local/lib/python3.7/site-packages/airflow/example_dags/tutorial_dag.py
[2023-02-21T12:22:18.728+0000] {processor.py:753} INFO - DAG(s) dict_keys(['tutorial_dag']) retrieved from /home/airflow/.local/lib/python3.7/site-packages/airflow/example_dags/tutorial_dag.py
[2023-02-21T12:22:18.786+0000] {logging_mixin.py:137} INFO - [2023-02-21T12:22:18.786+0000] {dag.py:2690} INFO - Sync 1 DAGs
[2023-02-21T12:22:18.935+0000] {logging_mixin.py:137} INFO - [2023-02-21T12:22:18.934+0000] {dag.py:3441} INFO - Setting next_dagrun for tutorial_dag to None, run_after=None
[2023-02-21T12:22:19.020+0000] {processor.py:175} INFO - Processing /home/airflow/.local/lib/python3.7/site-packages/airflow/example_dags/tutorial_dag.py took 0.353 seconds
[2023-02-21T12:22:49.514+0000] {processor.py:153} INFO - Started process (PID=4006) to work on /home/airflow/.local/lib/python3.7/site-packages/airflow/example_dags/tutorial_dag.py
[2023-02-21T12:22:49.517+0000] {processor.py:743} INFO - Processing file /home/airflow/.local/lib/python3.7/site-packages/airflow/example_dags/tutorial_dag.py for tasks to queue
[2023-02-21T12:22:49.519+0000] {logging_mixin.py:137} INFO - [2023-02-21T12:22:49.519+0000] {dagbag.py:538} INFO - Filling up the DagBag from /home/airflow/.local/lib/python3.7/site-packages/airflow/example_dags/tutorial_dag.py
[2023-02-21T12:22:49.603+0000] {processor.py:753} INFO - DAG(s) dict_keys(['tutorial_dag']) retrieved from /home/airflow/.local/lib/python3.7/site-packages/airflow/example_dags/tutorial_dag.py
[2023-02-21T12:22:49.706+0000] {logging_mixin.py:137} INFO - [2023-02-21T12:22:49.706+0000] {dag.py:2690} INFO - Sync 1 DAGs
[2023-02-21T12:22:49.862+0000] {logging_mixin.py:137} INFO - [2023-02-21T12:22:49.861+0000] {dag.py:3441} INFO - Setting next_dagrun for tutorial_dag to None, run_after=None
[2023-02-21T12:22:49.946+0000] {processor.py:175} INFO - Processing /home/airflow/.local/lib/python3.7/site-packages/airflow/example_dags/tutorial_dag.py took 0.437 seconds
[2023-02-21T12:23:20.321+0000] {processor.py:153} INFO - Started process (PID=4067) to work on /home/airflow/.local/lib/python3.7/site-packages/airflow/example_dags/tutorial_dag.py
[2023-02-21T12:23:20.329+0000] {processor.py:743} INFO - Processing file /home/airflow/.local/lib/python3.7/site-packages/airflow/example_dags/tutorial_dag.py for tasks to queue
[2023-02-21T12:23:20.332+0000] {logging_mixin.py:137} INFO - [2023-02-21T12:23:20.332+0000] {dagbag.py:538} INFO - Filling up the DagBag from /home/airflow/.local/lib/python3.7/site-packages/airflow/example_dags/tutorial_dag.py
[2023-02-21T12:23:20.352+0000] {processor.py:753} INFO - DAG(s) dict_keys(['tutorial_dag']) retrieved from /home/airflow/.local/lib/python3.7/site-packages/airflow/example_dags/tutorial_dag.py
[2023-02-21T12:23:20.390+0000] {logging_mixin.py:137} INFO - [2023-02-21T12:23:20.390+0000] {dag.py:2690} INFO - Sync 1 DAGs
[2023-02-21T12:23:20.424+0000] {logging_mixin.py:137} INFO - [2023-02-21T12:23:20.424+0000] {dag.py:3441} INFO - Setting next_dagrun for tutorial_dag to None, run_after=None
[2023-02-21T12:23:20.458+0000] {processor.py:175} INFO - Processing /home/airflow/.local/lib/python3.7/site-packages/airflow/example_dags/tutorial_dag.py took 0.141 seconds
[2023-02-21T12:23:51.606+0000] {processor.py:153} INFO - Started process (PID=4124) to work on /home/airflow/.local/lib/python3.7/site-packages/airflow/example_dags/tutorial_dag.py
[2023-02-21T12:23:51.611+0000] {processor.py:743} INFO - Processing file /home/airflow/.local/lib/python3.7/site-packages/airflow/example_dags/tutorial_dag.py for tasks to queue
[2023-02-21T12:23:51.615+0000] {logging_mixin.py:137} INFO - [2023-02-21T12:23:51.615+0000] {dagbag.py:538} INFO - Filling up the DagBag from /home/airflow/.local/lib/python3.7/site-packages/airflow/example_dags/tutorial_dag.py
[2023-02-21T12:23:51.735+0000] {processor.py:753} INFO - DAG(s) dict_keys(['tutorial_dag']) retrieved from /home/airflow/.local/lib/python3.7/site-packages/airflow/example_dags/tutorial_dag.py
[2023-02-21T12:23:51.940+0000] {logging_mixin.py:137} INFO - [2023-02-21T12:23:51.940+0000] {dag.py:2690} INFO - Sync 1 DAGs
[2023-02-21T12:23:52.233+0000] {logging_mixin.py:137} INFO - [2023-02-21T12:23:52.233+0000] {dag.py:3441} INFO - Setting next_dagrun for tutorial_dag to None, run_after=None
[2023-02-21T12:23:52.439+0000] {processor.py:175} INFO - Processing /home/airflow/.local/lib/python3.7/site-packages/airflow/example_dags/tutorial_dag.py took 0.862 seconds
