[2023-02-21T11:46:52.378+0000] {processor.py:153} INFO - Started process (PID=127) to work on /home/airflow/.local/lib/python3.7/site-packages/airflow/example_dags/tutorial.py
[2023-02-21T11:46:52.392+0000] {processor.py:743} INFO - Processing file /home/airflow/.local/lib/python3.7/site-packages/airflow/example_dags/tutorial.py for tasks to queue
[2023-02-21T11:46:52.431+0000] {logging_mixin.py:137} INFO - [2023-02-21T11:46:52.425+0000] {dagbag.py:538} INFO - Filling up the DagBag from /home/airflow/.local/lib/python3.7/site-packages/airflow/example_dags/tutorial.py
[2023-02-21T11:46:52.795+0000] {processor.py:753} INFO - DAG(s) dict_keys(['tutorial']) retrieved from /home/airflow/.local/lib/python3.7/site-packages/airflow/example_dags/tutorial.py
[2023-02-21T11:46:53.134+0000] {logging_mixin.py:137} INFO - [2023-02-21T11:46:53.133+0000] {dag.py:2690} INFO - Sync 1 DAGs
[2023-02-21T11:46:53.783+0000] {logging_mixin.py:137} INFO - [2023-02-21T11:46:53.783+0000] {dag.py:3441} INFO - Setting next_dagrun for tutorial to 2023-02-20T11:46:53.783173+00:00, run_after=2023-02-21T11:46:53.783173+00:00
[2023-02-21T11:46:54.241+0000] {processor.py:175} INFO - Processing /home/airflow/.local/lib/python3.7/site-packages/airflow/example_dags/tutorial.py took 1.943 seconds
[2023-02-21T11:47:37.282+0000] {processor.py:153} INFO - Started process (PID=183) to work on /home/airflow/.local/lib/python3.7/site-packages/airflow/example_dags/tutorial.py
[2023-02-21T11:47:37.307+0000] {processor.py:743} INFO - Processing file /home/airflow/.local/lib/python3.7/site-packages/airflow/example_dags/tutorial.py for tasks to queue
[2023-02-21T11:47:37.325+0000] {logging_mixin.py:137} INFO - [2023-02-21T11:47:37.325+0000] {dagbag.py:538} INFO - Filling up the DagBag from /home/airflow/.local/lib/python3.7/site-packages/airflow/example_dags/tutorial.py
[2023-02-21T11:47:37.719+0000] {processor.py:753} INFO - DAG(s) dict_keys(['tutorial']) retrieved from /home/airflow/.local/lib/python3.7/site-packages/airflow/example_dags/tutorial.py
[2023-02-21T11:47:38.435+0000] {logging_mixin.py:137} INFO - [2023-02-21T11:47:38.433+0000] {dag.py:2690} INFO - Sync 1 DAGs
[2023-02-21T11:47:39.180+0000] {logging_mixin.py:137} INFO - [2023-02-21T11:47:39.143+0000] {dag.py:3441} INFO - Setting next_dagrun for tutorial to 2023-02-20T11:47:39.143117+00:00, run_after=2023-02-21T11:47:39.143117+00:00
[2023-02-21T11:47:40.040+0000] {processor.py:175} INFO - Processing /home/airflow/.local/lib/python3.7/site-packages/airflow/example_dags/tutorial.py took 2.932 seconds
[2023-02-21T11:48:13.041+0000] {processor.py:153} INFO - Started process (PID=240) to work on /home/airflow/.local/lib/python3.7/site-packages/airflow/example_dags/tutorial.py
[2023-02-21T11:48:13.061+0000] {processor.py:743} INFO - Processing file /home/airflow/.local/lib/python3.7/site-packages/airflow/example_dags/tutorial.py for tasks to queue
[2023-02-21T11:48:13.076+0000] {logging_mixin.py:137} INFO - [2023-02-21T11:48:13.074+0000] {dagbag.py:538} INFO - Filling up the DagBag from /home/airflow/.local/lib/python3.7/site-packages/airflow/example_dags/tutorial.py
[2023-02-21T11:48:13.453+0000] {processor.py:753} INFO - DAG(s) dict_keys(['tutorial']) retrieved from /home/airflow/.local/lib/python3.7/site-packages/airflow/example_dags/tutorial.py
[2023-02-21T11:48:13.843+0000] {logging_mixin.py:137} INFO - [2023-02-21T11:48:13.842+0000] {dag.py:2690} INFO - Sync 1 DAGs
[2023-02-21T11:48:14.675+0000] {logging_mixin.py:137} INFO - [2023-02-21T11:48:14.674+0000] {dag.py:3441} INFO - Setting next_dagrun for tutorial to 2023-02-20T11:48:14.674576+00:00, run_after=2023-02-21T11:48:14.674576+00:00
[2023-02-21T11:48:15.214+0000] {processor.py:175} INFO - Processing /home/airflow/.local/lib/python3.7/site-packages/airflow/example_dags/tutorial.py took 2.227 seconds
[2023-02-21T11:48:55.812+0000] {processor.py:153} INFO - Started process (PID=293) to work on /home/airflow/.local/lib/python3.7/site-packages/airflow/example_dags/tutorial.py
[2023-02-21T11:48:55.856+0000] {processor.py:743} INFO - Processing file /home/airflow/.local/lib/python3.7/site-packages/airflow/example_dags/tutorial.py for tasks to queue
[2023-02-21T11:48:55.874+0000] {logging_mixin.py:137} INFO - [2023-02-21T11:48:55.873+0000] {dagbag.py:538} INFO - Filling up the DagBag from /home/airflow/.local/lib/python3.7/site-packages/airflow/example_dags/tutorial.py
[2023-02-21T11:48:56.065+0000] {processor.py:753} INFO - DAG(s) dict_keys(['tutorial']) retrieved from /home/airflow/.local/lib/python3.7/site-packages/airflow/example_dags/tutorial.py
[2023-02-21T11:48:56.327+0000] {logging_mixin.py:137} INFO - [2023-02-21T11:48:56.322+0000] {dag.py:2690} INFO - Sync 1 DAGs
[2023-02-21T11:48:57.249+0000] {logging_mixin.py:137} INFO - [2023-02-21T11:48:57.248+0000] {dag.py:3441} INFO - Setting next_dagrun for tutorial to 2023-02-20T11:48:57.236163+00:00, run_after=2023-02-21T11:48:57.236163+00:00
[2023-02-21T11:48:57.732+0000] {processor.py:175} INFO - Processing /home/airflow/.local/lib/python3.7/site-packages/airflow/example_dags/tutorial.py took 1.956 seconds
[2023-02-21T11:49:52.660+0000] {processor.py:153} INFO - Started process (PID=357) to work on /home/airflow/.local/lib/python3.7/site-packages/airflow/example_dags/tutorial.py
[2023-02-21T11:49:52.673+0000] {processor.py:743} INFO - Processing file /home/airflow/.local/lib/python3.7/site-packages/airflow/example_dags/tutorial.py for tasks to queue
[2023-02-21T11:49:52.683+0000] {logging_mixin.py:137} INFO - [2023-02-21T11:49:52.683+0000] {dagbag.py:538} INFO - Filling up the DagBag from /home/airflow/.local/lib/python3.7/site-packages/airflow/example_dags/tutorial.py
[2023-02-21T11:49:53.093+0000] {processor.py:753} INFO - DAG(s) dict_keys(['tutorial']) retrieved from /home/airflow/.local/lib/python3.7/site-packages/airflow/example_dags/tutorial.py
[2023-02-21T11:49:53.386+0000] {logging_mixin.py:137} INFO - [2023-02-21T11:49:53.386+0000] {dag.py:2690} INFO - Sync 1 DAGs
[2023-02-21T11:49:54.251+0000] {logging_mixin.py:137} INFO - [2023-02-21T11:49:54.251+0000] {dag.py:3441} INFO - Setting next_dagrun for tutorial to 2023-02-20T11:49:54.250878+00:00, run_after=2023-02-21T11:49:54.250878+00:00
[2023-02-21T11:49:54.802+0000] {processor.py:175} INFO - Processing /home/airflow/.local/lib/python3.7/site-packages/airflow/example_dags/tutorial.py took 2.239 seconds
[2023-02-21T11:50:45.026+0000] {processor.py:153} INFO - Started process (PID=416) to work on /home/airflow/.local/lib/python3.7/site-packages/airflow/example_dags/tutorial.py
[2023-02-21T11:50:45.035+0000] {processor.py:743} INFO - Processing file /home/airflow/.local/lib/python3.7/site-packages/airflow/example_dags/tutorial.py for tasks to queue
[2023-02-21T11:50:45.039+0000] {logging_mixin.py:137} INFO - [2023-02-21T11:50:45.038+0000] {dagbag.py:538} INFO - Filling up the DagBag from /home/airflow/.local/lib/python3.7/site-packages/airflow/example_dags/tutorial.py
[2023-02-21T11:50:45.190+0000] {processor.py:753} INFO - DAG(s) dict_keys(['tutorial']) retrieved from /home/airflow/.local/lib/python3.7/site-packages/airflow/example_dags/tutorial.py
[2023-02-21T11:50:45.651+0000] {logging_mixin.py:137} INFO - [2023-02-21T11:50:45.651+0000] {dag.py:2690} INFO - Sync 1 DAGs
[2023-02-21T11:50:45.946+0000] {logging_mixin.py:137} INFO - [2023-02-21T11:50:45.945+0000] {dag.py:3441} INFO - Setting next_dagrun for tutorial to 2023-02-20T11:50:45.943957+00:00, run_after=2023-02-21T11:50:45.943957+00:00
[2023-02-21T11:50:46.137+0000] {processor.py:175} INFO - Processing /home/airflow/.local/lib/python3.7/site-packages/airflow/example_dags/tutorial.py took 1.135 seconds
[2023-02-21T11:51:16.559+0000] {processor.py:153} INFO - Started process (PID=475) to work on /home/airflow/.local/lib/python3.7/site-packages/airflow/example_dags/tutorial.py
[2023-02-21T11:51:16.573+0000] {processor.py:743} INFO - Processing file /home/airflow/.local/lib/python3.7/site-packages/airflow/example_dags/tutorial.py for tasks to queue
[2023-02-21T11:51:16.575+0000] {logging_mixin.py:137} INFO - [2023-02-21T11:51:16.575+0000] {dagbag.py:538} INFO - Filling up the DagBag from /home/airflow/.local/lib/python3.7/site-packages/airflow/example_dags/tutorial.py
[2023-02-21T11:51:16.731+0000] {processor.py:753} INFO - DAG(s) dict_keys(['tutorial']) retrieved from /home/airflow/.local/lib/python3.7/site-packages/airflow/example_dags/tutorial.py
[2023-02-21T11:51:16.854+0000] {logging_mixin.py:137} INFO - [2023-02-21T11:51:16.854+0000] {dag.py:2690} INFO - Sync 1 DAGs
[2023-02-21T11:51:16.983+0000] {logging_mixin.py:137} INFO - [2023-02-21T11:51:16.982+0000] {dag.py:3441} INFO - Setting next_dagrun for tutorial to 2023-02-20T11:51:16.982296+00:00, run_after=2023-02-21T11:51:16.982296+00:00
[2023-02-21T11:51:17.107+0000] {processor.py:175} INFO - Processing /home/airflow/.local/lib/python3.7/site-packages/airflow/example_dags/tutorial.py took 0.569 seconds
[2023-02-21T11:51:48.734+0000] {processor.py:153} INFO - Started process (PID=528) to work on /home/airflow/.local/lib/python3.7/site-packages/airflow/example_dags/tutorial.py
[2023-02-21T11:51:48.759+0000] {processor.py:743} INFO - Processing file /home/airflow/.local/lib/python3.7/site-packages/airflow/example_dags/tutorial.py for tasks to queue
[2023-02-21T11:51:48.764+0000] {logging_mixin.py:137} INFO - [2023-02-21T11:51:48.763+0000] {dagbag.py:538} INFO - Filling up the DagBag from /home/airflow/.local/lib/python3.7/site-packages/airflow/example_dags/tutorial.py
[2023-02-21T11:51:48.966+0000] {processor.py:753} INFO - DAG(s) dict_keys(['tutorial']) retrieved from /home/airflow/.local/lib/python3.7/site-packages/airflow/example_dags/tutorial.py
[2023-02-21T11:51:49.270+0000] {logging_mixin.py:137} INFO - [2023-02-21T11:51:49.265+0000] {dag.py:2690} INFO - Sync 1 DAGs
[2023-02-21T11:51:49.594+0000] {logging_mixin.py:137} INFO - [2023-02-21T11:51:49.594+0000] {dag.py:3441} INFO - Setting next_dagrun for tutorial to 2023-02-20T11:51:49.589295+00:00, run_after=2023-02-21T11:51:49.589295+00:00
[2023-02-21T11:51:49.745+0000] {processor.py:175} INFO - Processing /home/airflow/.local/lib/python3.7/site-packages/airflow/example_dags/tutorial.py took 1.129 seconds
[2023-02-21T11:52:21.560+0000] {processor.py:153} INFO - Started process (PID=577) to work on /home/airflow/.local/lib/python3.7/site-packages/airflow/example_dags/tutorial.py
[2023-02-21T11:52:21.570+0000] {processor.py:743} INFO - Processing file /home/airflow/.local/lib/python3.7/site-packages/airflow/example_dags/tutorial.py for tasks to queue
[2023-02-21T11:52:21.577+0000] {logging_mixin.py:137} INFO - [2023-02-21T11:52:21.577+0000] {dagbag.py:538} INFO - Filling up the DagBag from /home/airflow/.local/lib/python3.7/site-packages/airflow/example_dags/tutorial.py
[2023-02-21T11:52:22.002+0000] {processor.py:753} INFO - DAG(s) dict_keys(['tutorial']) retrieved from /home/airflow/.local/lib/python3.7/site-packages/airflow/example_dags/tutorial.py
[2023-02-21T11:52:22.312+0000] {logging_mixin.py:137} INFO - [2023-02-21T11:52:22.312+0000] {dag.py:2690} INFO - Sync 1 DAGs
[2023-02-21T11:52:22.537+0000] {logging_mixin.py:137} INFO - [2023-02-21T11:52:22.525+0000] {dag.py:3441} INFO - Setting next_dagrun for tutorial to 2023-02-20T11:52:22.522008+00:00, run_after=2023-02-21T11:52:22.522008+00:00
[2023-02-21T11:52:23.399+0000] {processor.py:175} INFO - Processing /home/airflow/.local/lib/python3.7/site-packages/airflow/example_dags/tutorial.py took 1.924 seconds
[2023-02-21T11:52:55.001+0000] {processor.py:153} INFO - Started process (PID=636) to work on /home/airflow/.local/lib/python3.7/site-packages/airflow/example_dags/tutorial.py
[2023-02-21T11:52:55.010+0000] {processor.py:743} INFO - Processing file /home/airflow/.local/lib/python3.7/site-packages/airflow/example_dags/tutorial.py for tasks to queue
[2023-02-21T11:52:55.013+0000] {logging_mixin.py:137} INFO - [2023-02-21T11:52:55.012+0000] {dagbag.py:538} INFO - Filling up the DagBag from /home/airflow/.local/lib/python3.7/site-packages/airflow/example_dags/tutorial.py
[2023-02-21T11:52:55.071+0000] {processor.py:753} INFO - DAG(s) dict_keys(['tutorial']) retrieved from /home/airflow/.local/lib/python3.7/site-packages/airflow/example_dags/tutorial.py
[2023-02-21T11:52:55.207+0000] {logging_mixin.py:137} INFO - [2023-02-21T11:52:55.206+0000] {dag.py:2690} INFO - Sync 1 DAGs
[2023-02-21T11:52:55.328+0000] {logging_mixin.py:137} INFO - [2023-02-21T11:52:55.328+0000] {dag.py:3441} INFO - Setting next_dagrun for tutorial to 2023-02-20T11:52:55.327975+00:00, run_after=2023-02-21T11:52:55.327975+00:00
[2023-02-21T11:52:55.468+0000] {processor.py:175} INFO - Processing /home/airflow/.local/lib/python3.7/site-packages/airflow/example_dags/tutorial.py took 0.482 seconds
[2023-02-21T11:53:27.334+0000] {processor.py:153} INFO - Started process (PID=695) to work on /home/airflow/.local/lib/python3.7/site-packages/airflow/example_dags/tutorial.py
[2023-02-21T11:53:27.345+0000] {processor.py:743} INFO - Processing file /home/airflow/.local/lib/python3.7/site-packages/airflow/example_dags/tutorial.py for tasks to queue
[2023-02-21T11:53:27.352+0000] {logging_mixin.py:137} INFO - [2023-02-21T11:53:27.351+0000] {dagbag.py:538} INFO - Filling up the DagBag from /home/airflow/.local/lib/python3.7/site-packages/airflow/example_dags/tutorial.py
[2023-02-21T11:53:27.442+0000] {processor.py:753} INFO - DAG(s) dict_keys(['tutorial']) retrieved from /home/airflow/.local/lib/python3.7/site-packages/airflow/example_dags/tutorial.py
[2023-02-21T11:53:27.572+0000] {logging_mixin.py:137} INFO - [2023-02-21T11:53:27.572+0000] {dag.py:2690} INFO - Sync 1 DAGs
[2023-02-21T11:53:27.653+0000] {logging_mixin.py:137} INFO - [2023-02-21T11:53:27.653+0000] {dag.py:3441} INFO - Setting next_dagrun for tutorial to 2023-02-20T11:53:27.653157+00:00, run_after=2023-02-21T11:53:27.653157+00:00
[2023-02-21T11:53:27.696+0000] {processor.py:175} INFO - Processing /home/airflow/.local/lib/python3.7/site-packages/airflow/example_dags/tutorial.py took 0.381 seconds
[2023-02-21T11:54:01.934+0000] {processor.py:153} INFO - Started process (PID=754) to work on /home/airflow/.local/lib/python3.7/site-packages/airflow/example_dags/tutorial.py
[2023-02-21T11:54:01.945+0000] {processor.py:743} INFO - Processing file /home/airflow/.local/lib/python3.7/site-packages/airflow/example_dags/tutorial.py for tasks to queue
[2023-02-21T11:54:01.956+0000] {logging_mixin.py:137} INFO - [2023-02-21T11:54:01.953+0000] {dagbag.py:538} INFO - Filling up the DagBag from /home/airflow/.local/lib/python3.7/site-packages/airflow/example_dags/tutorial.py
[2023-02-21T11:54:02.219+0000] {processor.py:753} INFO - DAG(s) dict_keys(['tutorial']) retrieved from /home/airflow/.local/lib/python3.7/site-packages/airflow/example_dags/tutorial.py
[2023-02-21T11:54:02.968+0000] {logging_mixin.py:137} INFO - [2023-02-21T11:54:02.968+0000] {dag.py:2690} INFO - Sync 1 DAGs
[2023-02-21T11:54:03.491+0000] {logging_mixin.py:137} INFO - [2023-02-21T11:54:03.474+0000] {dag.py:3441} INFO - Setting next_dagrun for tutorial to 2023-02-20T11:54:03.473556+00:00, run_after=2023-02-21T11:54:03.473556+00:00
[2023-02-21T11:54:03.842+0000] {processor.py:175} INFO - Processing /home/airflow/.local/lib/python3.7/site-packages/airflow/example_dags/tutorial.py took 1.945 seconds
[2023-02-21T11:54:34.168+0000] {processor.py:153} INFO - Started process (PID=812) to work on /home/airflow/.local/lib/python3.7/site-packages/airflow/example_dags/tutorial.py
[2023-02-21T11:54:34.182+0000] {processor.py:743} INFO - Processing file /home/airflow/.local/lib/python3.7/site-packages/airflow/example_dags/tutorial.py for tasks to queue
[2023-02-21T11:54:34.193+0000] {logging_mixin.py:137} INFO - [2023-02-21T11:54:34.193+0000] {dagbag.py:538} INFO - Filling up the DagBag from /home/airflow/.local/lib/python3.7/site-packages/airflow/example_dags/tutorial.py
[2023-02-21T11:54:34.215+0000] {processor.py:753} INFO - DAG(s) dict_keys(['tutorial']) retrieved from /home/airflow/.local/lib/python3.7/site-packages/airflow/example_dags/tutorial.py
[2023-02-21T11:54:34.272+0000] {logging_mixin.py:137} INFO - [2023-02-21T11:54:34.272+0000] {dag.py:2690} INFO - Sync 1 DAGs
[2023-02-21T11:54:34.313+0000] {logging_mixin.py:137} INFO - [2023-02-21T11:54:34.313+0000] {dag.py:3441} INFO - Setting next_dagrun for tutorial to 2023-02-20T11:54:34.313130+00:00, run_after=2023-02-21T11:54:34.313130+00:00
[2023-02-21T11:54:34.362+0000] {processor.py:175} INFO - Processing /home/airflow/.local/lib/python3.7/site-packages/airflow/example_dags/tutorial.py took 0.202 seconds
[2023-02-21T11:55:10.930+0000] {processor.py:153} INFO - Started process (PID=869) to work on /home/airflow/.local/lib/python3.7/site-packages/airflow/example_dags/tutorial.py
[2023-02-21T11:55:10.947+0000] {processor.py:743} INFO - Processing file /home/airflow/.local/lib/python3.7/site-packages/airflow/example_dags/tutorial.py for tasks to queue
[2023-02-21T11:55:10.957+0000] {logging_mixin.py:137} INFO - [2023-02-21T11:55:10.955+0000] {dagbag.py:538} INFO - Filling up the DagBag from /home/airflow/.local/lib/python3.7/site-packages/airflow/example_dags/tutorial.py
[2023-02-21T11:55:11.104+0000] {processor.py:753} INFO - DAG(s) dict_keys(['tutorial']) retrieved from /home/airflow/.local/lib/python3.7/site-packages/airflow/example_dags/tutorial.py
[2023-02-21T11:55:11.282+0000] {logging_mixin.py:137} INFO - [2023-02-21T11:55:11.282+0000] {dag.py:2690} INFO - Sync 1 DAGs
[2023-02-21T11:55:11.410+0000] {logging_mixin.py:137} INFO - [2023-02-21T11:55:11.410+0000] {dag.py:3441} INFO - Setting next_dagrun for tutorial to 2023-02-20T11:55:11.409092+00:00, run_after=2023-02-21T11:55:11.409092+00:00
[2023-02-21T11:55:11.539+0000] {processor.py:175} INFO - Processing /home/airflow/.local/lib/python3.7/site-packages/airflow/example_dags/tutorial.py took 0.633 seconds
[2023-02-21T11:55:41.649+0000] {processor.py:153} INFO - Started process (PID=918) to work on /home/airflow/.local/lib/python3.7/site-packages/airflow/example_dags/tutorial.py
[2023-02-21T11:55:41.654+0000] {processor.py:743} INFO - Processing file /home/airflow/.local/lib/python3.7/site-packages/airflow/example_dags/tutorial.py for tasks to queue
[2023-02-21T11:55:41.658+0000] {logging_mixin.py:137} INFO - [2023-02-21T11:55:41.657+0000] {dagbag.py:538} INFO - Filling up the DagBag from /home/airflow/.local/lib/python3.7/site-packages/airflow/example_dags/tutorial.py
[2023-02-21T11:55:41.747+0000] {processor.py:753} INFO - DAG(s) dict_keys(['tutorial']) retrieved from /home/airflow/.local/lib/python3.7/site-packages/airflow/example_dags/tutorial.py
[2023-02-21T11:55:41.854+0000] {logging_mixin.py:137} INFO - [2023-02-21T11:55:41.854+0000] {dag.py:2690} INFO - Sync 1 DAGs
[2023-02-21T11:55:41.904+0000] {logging_mixin.py:137} INFO - [2023-02-21T11:55:41.904+0000] {dag.py:3441} INFO - Setting next_dagrun for tutorial to 2023-02-20T11:55:41.903667+00:00, run_after=2023-02-21T11:55:41.903667+00:00
[2023-02-21T11:55:41.944+0000] {processor.py:175} INFO - Processing /home/airflow/.local/lib/python3.7/site-packages/airflow/example_dags/tutorial.py took 0.317 seconds
[2023-02-21T11:56:12.967+0000] {processor.py:153} INFO - Started process (PID=986) to work on /home/airflow/.local/lib/python3.7/site-packages/airflow/example_dags/tutorial.py
[2023-02-21T11:56:12.979+0000] {processor.py:743} INFO - Processing file /home/airflow/.local/lib/python3.7/site-packages/airflow/example_dags/tutorial.py for tasks to queue
[2023-02-21T11:56:12.983+0000] {logging_mixin.py:137} INFO - [2023-02-21T11:56:12.982+0000] {dagbag.py:538} INFO - Filling up the DagBag from /home/airflow/.local/lib/python3.7/site-packages/airflow/example_dags/tutorial.py
[2023-02-21T11:56:13.031+0000] {processor.py:753} INFO - DAG(s) dict_keys(['tutorial']) retrieved from /home/airflow/.local/lib/python3.7/site-packages/airflow/example_dags/tutorial.py
[2023-02-21T11:56:13.086+0000] {logging_mixin.py:137} INFO - [2023-02-21T11:56:13.086+0000] {dag.py:2690} INFO - Sync 1 DAGs
[2023-02-21T11:56:13.140+0000] {logging_mixin.py:137} INFO - [2023-02-21T11:56:13.140+0000] {dag.py:3441} INFO - Setting next_dagrun for tutorial to 2023-02-20T11:56:13.139953+00:00, run_after=2023-02-21T11:56:13.139953+00:00
[2023-02-21T11:56:13.189+0000] {processor.py:175} INFO - Processing /home/airflow/.local/lib/python3.7/site-packages/airflow/example_dags/tutorial.py took 0.241 seconds
[2023-02-21T11:56:46.605+0000] {processor.py:153} INFO - Started process (PID=1045) to work on /home/airflow/.local/lib/python3.7/site-packages/airflow/example_dags/tutorial.py
[2023-02-21T11:56:46.626+0000] {processor.py:743} INFO - Processing file /home/airflow/.local/lib/python3.7/site-packages/airflow/example_dags/tutorial.py for tasks to queue
[2023-02-21T11:56:46.630+0000] {logging_mixin.py:137} INFO - [2023-02-21T11:56:46.630+0000] {dagbag.py:538} INFO - Filling up the DagBag from /home/airflow/.local/lib/python3.7/site-packages/airflow/example_dags/tutorial.py
[2023-02-21T11:56:46.767+0000] {processor.py:753} INFO - DAG(s) dict_keys(['tutorial']) retrieved from /home/airflow/.local/lib/python3.7/site-packages/airflow/example_dags/tutorial.py
[2023-02-21T11:56:47.144+0000] {logging_mixin.py:137} INFO - [2023-02-21T11:56:47.144+0000] {dag.py:2690} INFO - Sync 1 DAGs
[2023-02-21T11:56:47.526+0000] {logging_mixin.py:137} INFO - [2023-02-21T11:56:47.526+0000] {dag.py:3441} INFO - Setting next_dagrun for tutorial to 2023-02-20T11:56:47.525096+00:00, run_after=2023-02-21T11:56:47.525096+00:00
[2023-02-21T11:56:47.723+0000] {processor.py:175} INFO - Processing /home/airflow/.local/lib/python3.7/site-packages/airflow/example_dags/tutorial.py took 1.146 seconds
[2023-02-21T11:57:18.225+0000] {processor.py:153} INFO - Started process (PID=1103) to work on /home/airflow/.local/lib/python3.7/site-packages/airflow/example_dags/tutorial.py
[2023-02-21T11:57:18.228+0000] {processor.py:743} INFO - Processing file /home/airflow/.local/lib/python3.7/site-packages/airflow/example_dags/tutorial.py for tasks to queue
[2023-02-21T11:57:18.231+0000] {logging_mixin.py:137} INFO - [2023-02-21T11:57:18.231+0000] {dagbag.py:538} INFO - Filling up the DagBag from /home/airflow/.local/lib/python3.7/site-packages/airflow/example_dags/tutorial.py
[2023-02-21T11:57:18.270+0000] {processor.py:753} INFO - DAG(s) dict_keys(['tutorial']) retrieved from /home/airflow/.local/lib/python3.7/site-packages/airflow/example_dags/tutorial.py
[2023-02-21T11:57:18.336+0000] {logging_mixin.py:137} INFO - [2023-02-21T11:57:18.336+0000] {dag.py:2690} INFO - Sync 1 DAGs
[2023-02-21T11:57:18.420+0000] {logging_mixin.py:137} INFO - [2023-02-21T11:57:18.419+0000] {dag.py:3441} INFO - Setting next_dagrun for tutorial to 2023-02-20T11:57:18.419171+00:00, run_after=2023-02-21T11:57:18.419171+00:00
[2023-02-21T11:57:18.513+0000] {processor.py:175} INFO - Processing /home/airflow/.local/lib/python3.7/site-packages/airflow/example_dags/tutorial.py took 0.300 seconds
[2023-02-21T11:57:48.646+0000] {processor.py:153} INFO - Started process (PID=1152) to work on /home/airflow/.local/lib/python3.7/site-packages/airflow/example_dags/tutorial.py
[2023-02-21T11:57:48.656+0000] {processor.py:743} INFO - Processing file /home/airflow/.local/lib/python3.7/site-packages/airflow/example_dags/tutorial.py for tasks to queue
[2023-02-21T11:57:48.659+0000] {logging_mixin.py:137} INFO - [2023-02-21T11:57:48.659+0000] {dagbag.py:538} INFO - Filling up the DagBag from /home/airflow/.local/lib/python3.7/site-packages/airflow/example_dags/tutorial.py
[2023-02-21T11:57:48.712+0000] {processor.py:753} INFO - DAG(s) dict_keys(['tutorial']) retrieved from /home/airflow/.local/lib/python3.7/site-packages/airflow/example_dags/tutorial.py
[2023-02-21T11:57:48.793+0000] {logging_mixin.py:137} INFO - [2023-02-21T11:57:48.792+0000] {dag.py:2690} INFO - Sync 1 DAGs
[2023-02-21T11:57:48.871+0000] {logging_mixin.py:137} INFO - [2023-02-21T11:57:48.871+0000] {dag.py:3441} INFO - Setting next_dagrun for tutorial to 2023-02-20T11:57:48.865006+00:00, run_after=2023-02-21T11:57:48.865006+00:00
[2023-02-21T11:57:48.940+0000] {processor.py:175} INFO - Processing /home/airflow/.local/lib/python3.7/site-packages/airflow/example_dags/tutorial.py took 0.301 seconds
[2023-02-21T11:58:19.037+0000] {processor.py:153} INFO - Started process (PID=1209) to work on /home/airflow/.local/lib/python3.7/site-packages/airflow/example_dags/tutorial.py
[2023-02-21T11:58:19.041+0000] {processor.py:743} INFO - Processing file /home/airflow/.local/lib/python3.7/site-packages/airflow/example_dags/tutorial.py for tasks to queue
[2023-02-21T11:58:19.045+0000] {logging_mixin.py:137} INFO - [2023-02-21T11:58:19.045+0000] {dagbag.py:538} INFO - Filling up the DagBag from /home/airflow/.local/lib/python3.7/site-packages/airflow/example_dags/tutorial.py
[2023-02-21T11:58:19.085+0000] {processor.py:753} INFO - DAG(s) dict_keys(['tutorial']) retrieved from /home/airflow/.local/lib/python3.7/site-packages/airflow/example_dags/tutorial.py
[2023-02-21T11:58:19.175+0000] {logging_mixin.py:137} INFO - [2023-02-21T11:58:19.175+0000] {dag.py:2690} INFO - Sync 1 DAGs
[2023-02-21T11:58:19.231+0000] {logging_mixin.py:137} INFO - [2023-02-21T11:58:19.231+0000] {dag.py:3441} INFO - Setting next_dagrun for tutorial to 2023-02-20T11:58:19.230973+00:00, run_after=2023-02-21T11:58:19.230973+00:00
[2023-02-21T11:58:19.325+0000] {processor.py:175} INFO - Processing /home/airflow/.local/lib/python3.7/site-packages/airflow/example_dags/tutorial.py took 0.298 seconds
[2023-02-21T11:58:49.650+0000] {processor.py:153} INFO - Started process (PID=1267) to work on /home/airflow/.local/lib/python3.7/site-packages/airflow/example_dags/tutorial.py
[2023-02-21T11:58:49.671+0000] {processor.py:743} INFO - Processing file /home/airflow/.local/lib/python3.7/site-packages/airflow/example_dags/tutorial.py for tasks to queue
[2023-02-21T11:58:49.675+0000] {logging_mixin.py:137} INFO - [2023-02-21T11:58:49.674+0000] {dagbag.py:538} INFO - Filling up the DagBag from /home/airflow/.local/lib/python3.7/site-packages/airflow/example_dags/tutorial.py
[2023-02-21T11:58:49.776+0000] {processor.py:753} INFO - DAG(s) dict_keys(['tutorial']) retrieved from /home/airflow/.local/lib/python3.7/site-packages/airflow/example_dags/tutorial.py
[2023-02-21T11:58:49.926+0000] {logging_mixin.py:137} INFO - [2023-02-21T11:58:49.926+0000] {dag.py:2690} INFO - Sync 1 DAGs
[2023-02-21T11:58:50.042+0000] {logging_mixin.py:137} INFO - [2023-02-21T11:58:50.040+0000] {dag.py:3441} INFO - Setting next_dagrun for tutorial to 2023-02-20T11:58:50.039637+00:00, run_after=2023-02-21T11:58:50.039637+00:00
[2023-02-21T11:58:50.187+0000] {processor.py:175} INFO - Processing /home/airflow/.local/lib/python3.7/site-packages/airflow/example_dags/tutorial.py took 0.559 seconds
[2023-02-21T11:59:21.274+0000] {processor.py:153} INFO - Started process (PID=1323) to work on /home/airflow/.local/lib/python3.7/site-packages/airflow/example_dags/tutorial.py
[2023-02-21T11:59:21.285+0000] {processor.py:743} INFO - Processing file /home/airflow/.local/lib/python3.7/site-packages/airflow/example_dags/tutorial.py for tasks to queue
[2023-02-21T11:59:21.333+0000] {logging_mixin.py:137} INFO - [2023-02-21T11:59:21.306+0000] {dagbag.py:538} INFO - Filling up the DagBag from /home/airflow/.local/lib/python3.7/site-packages/airflow/example_dags/tutorial.py
[2023-02-21T11:59:21.628+0000] {processor.py:753} INFO - DAG(s) dict_keys(['tutorial']) retrieved from /home/airflow/.local/lib/python3.7/site-packages/airflow/example_dags/tutorial.py
[2023-02-21T11:59:21.925+0000] {logging_mixin.py:137} INFO - [2023-02-21T11:59:21.925+0000] {dag.py:2690} INFO - Sync 1 DAGs
[2023-02-21T11:59:22.383+0000] {logging_mixin.py:137} INFO - [2023-02-21T11:59:22.383+0000] {dag.py:3441} INFO - Setting next_dagrun for tutorial to 2023-02-20T11:59:22.382743+00:00, run_after=2023-02-21T11:59:22.382743+00:00
[2023-02-21T11:59:22.679+0000] {processor.py:175} INFO - Processing /home/airflow/.local/lib/python3.7/site-packages/airflow/example_dags/tutorial.py took 1.491 seconds
[2023-02-21T11:59:53.105+0000] {processor.py:153} INFO - Started process (PID=1371) to work on /home/airflow/.local/lib/python3.7/site-packages/airflow/example_dags/tutorial.py
[2023-02-21T11:59:53.117+0000] {processor.py:743} INFO - Processing file /home/airflow/.local/lib/python3.7/site-packages/airflow/example_dags/tutorial.py for tasks to queue
[2023-02-21T11:59:53.154+0000] {logging_mixin.py:137} INFO - [2023-02-21T11:59:53.153+0000] {dagbag.py:538} INFO - Filling up the DagBag from /home/airflow/.local/lib/python3.7/site-packages/airflow/example_dags/tutorial.py
[2023-02-21T11:59:53.208+0000] {processor.py:753} INFO - DAG(s) dict_keys(['tutorial']) retrieved from /home/airflow/.local/lib/python3.7/site-packages/airflow/example_dags/tutorial.py
[2023-02-21T11:59:53.336+0000] {logging_mixin.py:137} INFO - [2023-02-21T11:59:53.336+0000] {dag.py:2690} INFO - Sync 1 DAGs
[2023-02-21T11:59:53.447+0000] {logging_mixin.py:137} INFO - [2023-02-21T11:59:53.447+0000] {dag.py:3441} INFO - Setting next_dagrun for tutorial to 2023-02-20T11:59:53.447170+00:00, run_after=2023-02-21T11:59:53.447170+00:00
[2023-02-21T11:59:53.518+0000] {processor.py:175} INFO - Processing /home/airflow/.local/lib/python3.7/site-packages/airflow/example_dags/tutorial.py took 0.440 seconds
[2023-02-21T12:00:24.429+0000] {processor.py:153} INFO - Started process (PID=1428) to work on /home/airflow/.local/lib/python3.7/site-packages/airflow/example_dags/tutorial.py
[2023-02-21T12:00:24.433+0000] {processor.py:743} INFO - Processing file /home/airflow/.local/lib/python3.7/site-packages/airflow/example_dags/tutorial.py for tasks to queue
[2023-02-21T12:00:24.435+0000] {logging_mixin.py:137} INFO - [2023-02-21T12:00:24.435+0000] {dagbag.py:538} INFO - Filling up the DagBag from /home/airflow/.local/lib/python3.7/site-packages/airflow/example_dags/tutorial.py
[2023-02-21T12:00:24.485+0000] {processor.py:753} INFO - DAG(s) dict_keys(['tutorial']) retrieved from /home/airflow/.local/lib/python3.7/site-packages/airflow/example_dags/tutorial.py
[2023-02-21T12:00:24.568+0000] {logging_mixin.py:137} INFO - [2023-02-21T12:00:24.568+0000] {dag.py:2690} INFO - Sync 1 DAGs
[2023-02-21T12:00:24.620+0000] {logging_mixin.py:137} INFO - [2023-02-21T12:00:24.620+0000] {dag.py:3441} INFO - Setting next_dagrun for tutorial to 2023-02-20T12:00:24.619684+00:00, run_after=2023-02-21T12:00:24.619684+00:00
[2023-02-21T12:00:24.661+0000] {processor.py:175} INFO - Processing /home/airflow/.local/lib/python3.7/site-packages/airflow/example_dags/tutorial.py took 0.237 seconds
[2023-02-21T12:00:59.027+0000] {processor.py:153} INFO - Started process (PID=1487) to work on /home/airflow/.local/lib/python3.7/site-packages/airflow/example_dags/tutorial.py
[2023-02-21T12:00:59.034+0000] {processor.py:743} INFO - Processing file /home/airflow/.local/lib/python3.7/site-packages/airflow/example_dags/tutorial.py for tasks to queue
[2023-02-21T12:00:59.038+0000] {logging_mixin.py:137} INFO - [2023-02-21T12:00:59.037+0000] {dagbag.py:538} INFO - Filling up the DagBag from /home/airflow/.local/lib/python3.7/site-packages/airflow/example_dags/tutorial.py
[2023-02-21T12:00:59.102+0000] {processor.py:753} INFO - DAG(s) dict_keys(['tutorial']) retrieved from /home/airflow/.local/lib/python3.7/site-packages/airflow/example_dags/tutorial.py
[2023-02-21T12:00:59.180+0000] {logging_mixin.py:137} INFO - [2023-02-21T12:00:59.180+0000] {dag.py:2690} INFO - Sync 1 DAGs
[2023-02-21T12:00:59.342+0000] {logging_mixin.py:137} INFO - [2023-02-21T12:00:59.342+0000] {dag.py:3441} INFO - Setting next_dagrun for tutorial to 2023-02-20T12:00:59.341902+00:00, run_after=2023-02-21T12:00:59.341902+00:00
[2023-02-21T12:00:59.444+0000] {processor.py:175} INFO - Processing /home/airflow/.local/lib/python3.7/site-packages/airflow/example_dags/tutorial.py took 0.463 seconds
[2023-02-21T12:01:29.808+0000] {processor.py:153} INFO - Started process (PID=1537) to work on /home/airflow/.local/lib/python3.7/site-packages/airflow/example_dags/tutorial.py
[2023-02-21T12:01:29.816+0000] {processor.py:743} INFO - Processing file /home/airflow/.local/lib/python3.7/site-packages/airflow/example_dags/tutorial.py for tasks to queue
[2023-02-21T12:01:29.830+0000] {logging_mixin.py:137} INFO - [2023-02-21T12:01:29.829+0000] {dagbag.py:538} INFO - Filling up the DagBag from /home/airflow/.local/lib/python3.7/site-packages/airflow/example_dags/tutorial.py
[2023-02-21T12:01:29.887+0000] {processor.py:753} INFO - DAG(s) dict_keys(['tutorial']) retrieved from /home/airflow/.local/lib/python3.7/site-packages/airflow/example_dags/tutorial.py
[2023-02-21T12:01:29.934+0000] {logging_mixin.py:137} INFO - [2023-02-21T12:01:29.934+0000] {dag.py:2690} INFO - Sync 1 DAGs
[2023-02-21T12:01:29.983+0000] {logging_mixin.py:137} INFO - [2023-02-21T12:01:29.983+0000] {dag.py:3441} INFO - Setting next_dagrun for tutorial to 2023-02-20T12:01:29.983114+00:00, run_after=2023-02-21T12:01:29.983114+00:00
[2023-02-21T12:01:30.019+0000] {processor.py:175} INFO - Processing /home/airflow/.local/lib/python3.7/site-packages/airflow/example_dags/tutorial.py took 0.223 seconds
[2023-02-21T12:02:00.186+0000] {processor.py:153} INFO - Started process (PID=1607) to work on /home/airflow/.local/lib/python3.7/site-packages/airflow/example_dags/tutorial.py
[2023-02-21T12:02:00.219+0000] {processor.py:743} INFO - Processing file /home/airflow/.local/lib/python3.7/site-packages/airflow/example_dags/tutorial.py for tasks to queue
[2023-02-21T12:02:00.226+0000] {logging_mixin.py:137} INFO - [2023-02-21T12:02:00.226+0000] {dagbag.py:538} INFO - Filling up the DagBag from /home/airflow/.local/lib/python3.7/site-packages/airflow/example_dags/tutorial.py
[2023-02-21T12:02:00.330+0000] {processor.py:753} INFO - DAG(s) dict_keys(['tutorial']) retrieved from /home/airflow/.local/lib/python3.7/site-packages/airflow/example_dags/tutorial.py
[2023-02-21T12:02:00.464+0000] {logging_mixin.py:137} INFO - [2023-02-21T12:02:00.464+0000] {dag.py:2690} INFO - Sync 1 DAGs
[2023-02-21T12:02:00.604+0000] {logging_mixin.py:137} INFO - [2023-02-21T12:02:00.604+0000] {dag.py:3441} INFO - Setting next_dagrun for tutorial to 2023-02-20T12:02:00.603329+00:00, run_after=2023-02-21T12:02:00.603329+00:00
[2023-02-21T12:02:00.709+0000] {processor.py:175} INFO - Processing /home/airflow/.local/lib/python3.7/site-packages/airflow/example_dags/tutorial.py took 0.541 seconds
[2023-02-21T12:02:31.486+0000] {processor.py:153} INFO - Started process (PID=1667) to work on /home/airflow/.local/lib/python3.7/site-packages/airflow/example_dags/tutorial.py
[2023-02-21T12:02:31.498+0000] {processor.py:743} INFO - Processing file /home/airflow/.local/lib/python3.7/site-packages/airflow/example_dags/tutorial.py for tasks to queue
[2023-02-21T12:02:31.505+0000] {logging_mixin.py:137} INFO - [2023-02-21T12:02:31.503+0000] {dagbag.py:538} INFO - Filling up the DagBag from /home/airflow/.local/lib/python3.7/site-packages/airflow/example_dags/tutorial.py
[2023-02-21T12:02:31.603+0000] {processor.py:753} INFO - DAG(s) dict_keys(['tutorial']) retrieved from /home/airflow/.local/lib/python3.7/site-packages/airflow/example_dags/tutorial.py
[2023-02-21T12:02:31.676+0000] {logging_mixin.py:137} INFO - [2023-02-21T12:02:31.676+0000] {dag.py:2690} INFO - Sync 1 DAGs
[2023-02-21T12:02:31.742+0000] {logging_mixin.py:137} INFO - [2023-02-21T12:02:31.742+0000] {dag.py:3441} INFO - Setting next_dagrun for tutorial to 2023-02-20T12:02:31.741982+00:00, run_after=2023-02-21T12:02:31.741982+00:00
[2023-02-21T12:02:31.808+0000] {processor.py:175} INFO - Processing /home/airflow/.local/lib/python3.7/site-packages/airflow/example_dags/tutorial.py took 0.339 seconds
[2023-02-21T12:03:03.741+0000] {processor.py:153} INFO - Started process (PID=1725) to work on /home/airflow/.local/lib/python3.7/site-packages/airflow/example_dags/tutorial.py
[2023-02-21T12:03:03.760+0000] {processor.py:743} INFO - Processing file /home/airflow/.local/lib/python3.7/site-packages/airflow/example_dags/tutorial.py for tasks to queue
[2023-02-21T12:03:03.767+0000] {logging_mixin.py:137} INFO - [2023-02-21T12:03:03.764+0000] {dagbag.py:538} INFO - Filling up the DagBag from /home/airflow/.local/lib/python3.7/site-packages/airflow/example_dags/tutorial.py
[2023-02-21T12:03:03.917+0000] {processor.py:753} INFO - DAG(s) dict_keys(['tutorial']) retrieved from /home/airflow/.local/lib/python3.7/site-packages/airflow/example_dags/tutorial.py
[2023-02-21T12:03:04.127+0000] {logging_mixin.py:137} INFO - [2023-02-21T12:03:04.126+0000] {dag.py:2690} INFO - Sync 1 DAGs
[2023-02-21T12:03:04.271+0000] {logging_mixin.py:137} INFO - [2023-02-21T12:03:04.271+0000] {dag.py:3441} INFO - Setting next_dagrun for tutorial to 2023-02-20T12:03:04.268320+00:00, run_after=2023-02-21T12:03:04.268320+00:00
[2023-02-21T12:03:04.381+0000] {processor.py:175} INFO - Processing /home/airflow/.local/lib/python3.7/site-packages/airflow/example_dags/tutorial.py took 0.666 seconds
[2023-02-21T12:03:34.739+0000] {processor.py:153} INFO - Started process (PID=1783) to work on /home/airflow/.local/lib/python3.7/site-packages/airflow/example_dags/tutorial.py
[2023-02-21T12:03:34.748+0000] {processor.py:743} INFO - Processing file /home/airflow/.local/lib/python3.7/site-packages/airflow/example_dags/tutorial.py for tasks to queue
[2023-02-21T12:03:34.752+0000] {logging_mixin.py:137} INFO - [2023-02-21T12:03:34.751+0000] {dagbag.py:538} INFO - Filling up the DagBag from /home/airflow/.local/lib/python3.7/site-packages/airflow/example_dags/tutorial.py
[2023-02-21T12:03:34.787+0000] {processor.py:753} INFO - DAG(s) dict_keys(['tutorial']) retrieved from /home/airflow/.local/lib/python3.7/site-packages/airflow/example_dags/tutorial.py
[2023-02-21T12:03:34.889+0000] {logging_mixin.py:137} INFO - [2023-02-21T12:03:34.889+0000] {dag.py:2690} INFO - Sync 1 DAGs
[2023-02-21T12:03:34.961+0000] {logging_mixin.py:137} INFO - [2023-02-21T12:03:34.961+0000] {dag.py:3441} INFO - Setting next_dagrun for tutorial to 2023-02-20T12:03:34.960891+00:00, run_after=2023-02-21T12:03:34.960891+00:00
[2023-02-21T12:03:34.995+0000] {processor.py:175} INFO - Processing /home/airflow/.local/lib/python3.7/site-packages/airflow/example_dags/tutorial.py took 0.264 seconds
[2023-02-21T12:04:05.364+0000] {processor.py:153} INFO - Started process (PID=1842) to work on /home/airflow/.local/lib/python3.7/site-packages/airflow/example_dags/tutorial.py
[2023-02-21T12:04:05.368+0000] {processor.py:743} INFO - Processing file /home/airflow/.local/lib/python3.7/site-packages/airflow/example_dags/tutorial.py for tasks to queue
[2023-02-21T12:04:05.371+0000] {logging_mixin.py:137} INFO - [2023-02-21T12:04:05.370+0000] {dagbag.py:538} INFO - Filling up the DagBag from /home/airflow/.local/lib/python3.7/site-packages/airflow/example_dags/tutorial.py
[2023-02-21T12:04:05.407+0000] {processor.py:753} INFO - DAG(s) dict_keys(['tutorial']) retrieved from /home/airflow/.local/lib/python3.7/site-packages/airflow/example_dags/tutorial.py
[2023-02-21T12:04:05.453+0000] {logging_mixin.py:137} INFO - [2023-02-21T12:04:05.452+0000] {dag.py:2690} INFO - Sync 1 DAGs
[2023-02-21T12:04:05.496+0000] {logging_mixin.py:137} INFO - [2023-02-21T12:04:05.496+0000] {dag.py:3441} INFO - Setting next_dagrun for tutorial to 2023-02-20T12:04:05.495588+00:00, run_after=2023-02-21T12:04:05.495588+00:00
[2023-02-21T12:04:05.528+0000] {processor.py:175} INFO - Processing /home/airflow/.local/lib/python3.7/site-packages/airflow/example_dags/tutorial.py took 0.173 seconds
[2023-02-21T12:04:36.176+0000] {processor.py:153} INFO - Started process (PID=1900) to work on /home/airflow/.local/lib/python3.7/site-packages/airflow/example_dags/tutorial.py
[2023-02-21T12:04:36.196+0000] {processor.py:743} INFO - Processing file /home/airflow/.local/lib/python3.7/site-packages/airflow/example_dags/tutorial.py for tasks to queue
[2023-02-21T12:04:36.207+0000] {logging_mixin.py:137} INFO - [2023-02-21T12:04:36.206+0000] {dagbag.py:538} INFO - Filling up the DagBag from /home/airflow/.local/lib/python3.7/site-packages/airflow/example_dags/tutorial.py
[2023-02-21T12:04:36.256+0000] {processor.py:753} INFO - DAG(s) dict_keys(['tutorial']) retrieved from /home/airflow/.local/lib/python3.7/site-packages/airflow/example_dags/tutorial.py
[2023-02-21T12:04:36.334+0000] {logging_mixin.py:137} INFO - [2023-02-21T12:04:36.334+0000] {dag.py:2690} INFO - Sync 1 DAGs
[2023-02-21T12:04:36.446+0000] {logging_mixin.py:137} INFO - [2023-02-21T12:04:36.446+0000] {dag.py:3441} INFO - Setting next_dagrun for tutorial to 2023-02-20T12:04:36.446078+00:00, run_after=2023-02-21T12:04:36.446078+00:00
[2023-02-21T12:04:36.507+0000] {processor.py:175} INFO - Processing /home/airflow/.local/lib/python3.7/site-packages/airflow/example_dags/tutorial.py took 0.382 seconds
[2023-02-21T12:05:07.588+0000] {processor.py:153} INFO - Started process (PID=1956) to work on /home/airflow/.local/lib/python3.7/site-packages/airflow/example_dags/tutorial.py
[2023-02-21T12:05:07.611+0000] {processor.py:743} INFO - Processing file /home/airflow/.local/lib/python3.7/site-packages/airflow/example_dags/tutorial.py for tasks to queue
[2023-02-21T12:05:07.614+0000] {logging_mixin.py:137} INFO - [2023-02-21T12:05:07.614+0000] {dagbag.py:538} INFO - Filling up the DagBag from /home/airflow/.local/lib/python3.7/site-packages/airflow/example_dags/tutorial.py
[2023-02-21T12:05:07.755+0000] {processor.py:753} INFO - DAG(s) dict_keys(['tutorial']) retrieved from /home/airflow/.local/lib/python3.7/site-packages/airflow/example_dags/tutorial.py
[2023-02-21T12:05:08.044+0000] {logging_mixin.py:137} INFO - [2023-02-21T12:05:08.044+0000] {dag.py:2690} INFO - Sync 1 DAGs
[2023-02-21T12:05:08.271+0000] {logging_mixin.py:137} INFO - [2023-02-21T12:05:08.268+0000] {dag.py:3441} INFO - Setting next_dagrun for tutorial to 2023-02-20T12:05:08.268451+00:00, run_after=2023-02-21T12:05:08.268451+00:00
[2023-02-21T12:05:08.398+0000] {processor.py:175} INFO - Processing /home/airflow/.local/lib/python3.7/site-packages/airflow/example_dags/tutorial.py took 0.823 seconds
[2023-02-21T12:05:38.797+0000] {processor.py:153} INFO - Started process (PID=2015) to work on /home/airflow/.local/lib/python3.7/site-packages/airflow/example_dags/tutorial.py
[2023-02-21T12:05:38.803+0000] {processor.py:743} INFO - Processing file /home/airflow/.local/lib/python3.7/site-packages/airflow/example_dags/tutorial.py for tasks to queue
[2023-02-21T12:05:38.825+0000] {logging_mixin.py:137} INFO - [2023-02-21T12:05:38.819+0000] {dagbag.py:538} INFO - Filling up the DagBag from /home/airflow/.local/lib/python3.7/site-packages/airflow/example_dags/tutorial.py
[2023-02-21T12:05:38.966+0000] {processor.py:753} INFO - DAG(s) dict_keys(['tutorial']) retrieved from /home/airflow/.local/lib/python3.7/site-packages/airflow/example_dags/tutorial.py
[2023-02-21T12:05:39.163+0000] {logging_mixin.py:137} INFO - [2023-02-21T12:05:39.163+0000] {dag.py:2690} INFO - Sync 1 DAGs
[2023-02-21T12:05:39.360+0000] {logging_mixin.py:137} INFO - [2023-02-21T12:05:39.360+0000] {dag.py:3441} INFO - Setting next_dagrun for tutorial to 2023-02-20T12:05:39.359708+00:00, run_after=2023-02-21T12:05:39.359708+00:00
[2023-02-21T12:05:39.558+0000] {processor.py:175} INFO - Processing /home/airflow/.local/lib/python3.7/site-packages/airflow/example_dags/tutorial.py took 0.790 seconds
[2023-02-21T12:06:09.904+0000] {processor.py:153} INFO - Started process (PID=2065) to work on /home/airflow/.local/lib/python3.7/site-packages/airflow/example_dags/tutorial.py
[2023-02-21T12:06:09.908+0000] {processor.py:743} INFO - Processing file /home/airflow/.local/lib/python3.7/site-packages/airflow/example_dags/tutorial.py for tasks to queue
[2023-02-21T12:06:09.913+0000] {logging_mixin.py:137} INFO - [2023-02-21T12:06:09.913+0000] {dagbag.py:538} INFO - Filling up the DagBag from /home/airflow/.local/lib/python3.7/site-packages/airflow/example_dags/tutorial.py
[2023-02-21T12:06:09.955+0000] {processor.py:753} INFO - DAG(s) dict_keys(['tutorial']) retrieved from /home/airflow/.local/lib/python3.7/site-packages/airflow/example_dags/tutorial.py
[2023-02-21T12:06:10.064+0000] {logging_mixin.py:137} INFO - [2023-02-21T12:06:10.064+0000] {dag.py:2690} INFO - Sync 1 DAGs
[2023-02-21T12:06:10.153+0000] {logging_mixin.py:137} INFO - [2023-02-21T12:06:10.153+0000] {dag.py:3441} INFO - Setting next_dagrun for tutorial to 2023-02-20T12:06:10.152903+00:00, run_after=2023-02-21T12:06:10.152903+00:00
[2023-02-21T12:06:10.194+0000] {processor.py:175} INFO - Processing /home/airflow/.local/lib/python3.7/site-packages/airflow/example_dags/tutorial.py took 0.314 seconds
[2023-02-21T12:06:41.570+0000] {processor.py:153} INFO - Started process (PID=2124) to work on /home/airflow/.local/lib/python3.7/site-packages/airflow/example_dags/tutorial.py
[2023-02-21T12:06:41.574+0000] {processor.py:743} INFO - Processing file /home/airflow/.local/lib/python3.7/site-packages/airflow/example_dags/tutorial.py for tasks to queue
[2023-02-21T12:06:41.582+0000] {logging_mixin.py:137} INFO - [2023-02-21T12:06:41.582+0000] {dagbag.py:538} INFO - Filling up the DagBag from /home/airflow/.local/lib/python3.7/site-packages/airflow/example_dags/tutorial.py
[2023-02-21T12:06:41.616+0000] {processor.py:753} INFO - DAG(s) dict_keys(['tutorial']) retrieved from /home/airflow/.local/lib/python3.7/site-packages/airflow/example_dags/tutorial.py
[2023-02-21T12:06:41.711+0000] {logging_mixin.py:137} INFO - [2023-02-21T12:06:41.710+0000] {dag.py:2690} INFO - Sync 1 DAGs
[2023-02-21T12:06:41.854+0000] {logging_mixin.py:137} INFO - [2023-02-21T12:06:41.854+0000] {dag.py:3441} INFO - Setting next_dagrun for tutorial to 2023-02-20T12:06:41.854125+00:00, run_after=2023-02-21T12:06:41.854125+00:00
[2023-02-21T12:06:41.969+0000] {processor.py:175} INFO - Processing /home/airflow/.local/lib/python3.7/site-packages/airflow/example_dags/tutorial.py took 0.412 seconds
[2023-02-21T12:07:12.205+0000] {processor.py:153} INFO - Started process (PID=2180) to work on /home/airflow/.local/lib/python3.7/site-packages/airflow/example_dags/tutorial.py
[2023-02-21T12:07:12.209+0000] {processor.py:743} INFO - Processing file /home/airflow/.local/lib/python3.7/site-packages/airflow/example_dags/tutorial.py for tasks to queue
[2023-02-21T12:07:12.212+0000] {logging_mixin.py:137} INFO - [2023-02-21T12:07:12.212+0000] {dagbag.py:538} INFO - Filling up the DagBag from /home/airflow/.local/lib/python3.7/site-packages/airflow/example_dags/tutorial.py
[2023-02-21T12:07:12.250+0000] {processor.py:753} INFO - DAG(s) dict_keys(['tutorial']) retrieved from /home/airflow/.local/lib/python3.7/site-packages/airflow/example_dags/tutorial.py
[2023-02-21T12:07:12.300+0000] {logging_mixin.py:137} INFO - [2023-02-21T12:07:12.299+0000] {dag.py:2690} INFO - Sync 1 DAGs
[2023-02-21T12:07:12.352+0000] {logging_mixin.py:137} INFO - [2023-02-21T12:07:12.352+0000] {dag.py:3441} INFO - Setting next_dagrun for tutorial to 2023-02-20T12:07:12.350978+00:00, run_after=2023-02-21T12:07:12.350978+00:00
[2023-02-21T12:07:12.390+0000] {processor.py:175} INFO - Processing /home/airflow/.local/lib/python3.7/site-packages/airflow/example_dags/tutorial.py took 0.191 seconds
[2023-02-21T12:07:43.066+0000] {processor.py:153} INFO - Started process (PID=2239) to work on /home/airflow/.local/lib/python3.7/site-packages/airflow/example_dags/tutorial.py
[2023-02-21T12:07:43.084+0000] {processor.py:743} INFO - Processing file /home/airflow/.local/lib/python3.7/site-packages/airflow/example_dags/tutorial.py for tasks to queue
[2023-02-21T12:07:43.105+0000] {logging_mixin.py:137} INFO - [2023-02-21T12:07:43.104+0000] {dagbag.py:538} INFO - Filling up the DagBag from /home/airflow/.local/lib/python3.7/site-packages/airflow/example_dags/tutorial.py
[2023-02-21T12:07:43.197+0000] {processor.py:753} INFO - DAG(s) dict_keys(['tutorial']) retrieved from /home/airflow/.local/lib/python3.7/site-packages/airflow/example_dags/tutorial.py
[2023-02-21T12:07:43.308+0000] {logging_mixin.py:137} INFO - [2023-02-21T12:07:43.308+0000] {dag.py:2690} INFO - Sync 1 DAGs
[2023-02-21T12:07:43.448+0000] {logging_mixin.py:137} INFO - [2023-02-21T12:07:43.447+0000] {dag.py:3441} INFO - Setting next_dagrun for tutorial to 2023-02-20T12:07:43.436902+00:00, run_after=2023-02-21T12:07:43.436902+00:00
[2023-02-21T12:07:43.589+0000] {processor.py:175} INFO - Processing /home/airflow/.local/lib/python3.7/site-packages/airflow/example_dags/tutorial.py took 0.533 seconds
[2023-02-21T12:08:13.851+0000] {processor.py:153} INFO - Started process (PID=2298) to work on /home/airflow/.local/lib/python3.7/site-packages/airflow/example_dags/tutorial.py
[2023-02-21T12:08:13.855+0000] {processor.py:743} INFO - Processing file /home/airflow/.local/lib/python3.7/site-packages/airflow/example_dags/tutorial.py for tasks to queue
[2023-02-21T12:08:13.858+0000] {logging_mixin.py:137} INFO - [2023-02-21T12:08:13.857+0000] {dagbag.py:538} INFO - Filling up the DagBag from /home/airflow/.local/lib/python3.7/site-packages/airflow/example_dags/tutorial.py
[2023-02-21T12:08:13.921+0000] {processor.py:753} INFO - DAG(s) dict_keys(['tutorial']) retrieved from /home/airflow/.local/lib/python3.7/site-packages/airflow/example_dags/tutorial.py
[2023-02-21T12:08:13.998+0000] {logging_mixin.py:137} INFO - [2023-02-21T12:08:13.998+0000] {dag.py:2690} INFO - Sync 1 DAGs
[2023-02-21T12:08:14.095+0000] {logging_mixin.py:137} INFO - [2023-02-21T12:08:14.088+0000] {dag.py:3441} INFO - Setting next_dagrun for tutorial to 2023-02-20T12:08:14.087792+00:00, run_after=2023-02-21T12:08:14.087792+00:00
[2023-02-21T12:08:14.160+0000] {processor.py:175} INFO - Processing /home/airflow/.local/lib/python3.7/site-packages/airflow/example_dags/tutorial.py took 0.326 seconds
[2023-02-21T12:08:44.726+0000] {processor.py:153} INFO - Started process (PID=2357) to work on /home/airflow/.local/lib/python3.7/site-packages/airflow/example_dags/tutorial.py
[2023-02-21T12:08:44.743+0000] {processor.py:743} INFO - Processing file /home/airflow/.local/lib/python3.7/site-packages/airflow/example_dags/tutorial.py for tasks to queue
[2023-02-21T12:08:44.748+0000] {logging_mixin.py:137} INFO - [2023-02-21T12:08:44.748+0000] {dagbag.py:538} INFO - Filling up the DagBag from /home/airflow/.local/lib/python3.7/site-packages/airflow/example_dags/tutorial.py
[2023-02-21T12:08:44.780+0000] {processor.py:753} INFO - DAG(s) dict_keys(['tutorial']) retrieved from /home/airflow/.local/lib/python3.7/site-packages/airflow/example_dags/tutorial.py
[2023-02-21T12:08:44.902+0000] {logging_mixin.py:137} INFO - [2023-02-21T12:08:44.902+0000] {dag.py:2690} INFO - Sync 1 DAGs
[2023-02-21T12:08:44.962+0000] {logging_mixin.py:137} INFO - [2023-02-21T12:08:44.962+0000] {dag.py:3441} INFO - Setting next_dagrun for tutorial to 2023-02-20T12:08:44.961824+00:00, run_after=2023-02-21T12:08:44.961824+00:00
[2023-02-21T12:08:45.009+0000] {processor.py:175} INFO - Processing /home/airflow/.local/lib/python3.7/site-packages/airflow/example_dags/tutorial.py took 0.294 seconds
[2023-02-21T12:09:15.288+0000] {processor.py:153} INFO - Started process (PID=2414) to work on /home/airflow/.local/lib/python3.7/site-packages/airflow/example_dags/tutorial.py
[2023-02-21T12:09:15.294+0000] {processor.py:743} INFO - Processing file /home/airflow/.local/lib/python3.7/site-packages/airflow/example_dags/tutorial.py for tasks to queue
[2023-02-21T12:09:15.297+0000] {logging_mixin.py:137} INFO - [2023-02-21T12:09:15.297+0000] {dagbag.py:538} INFO - Filling up the DagBag from /home/airflow/.local/lib/python3.7/site-packages/airflow/example_dags/tutorial.py
[2023-02-21T12:09:15.325+0000] {processor.py:753} INFO - DAG(s) dict_keys(['tutorial']) retrieved from /home/airflow/.local/lib/python3.7/site-packages/airflow/example_dags/tutorial.py
[2023-02-21T12:09:15.411+0000] {logging_mixin.py:137} INFO - [2023-02-21T12:09:15.410+0000] {dag.py:2690} INFO - Sync 1 DAGs
[2023-02-21T12:09:15.463+0000] {logging_mixin.py:137} INFO - [2023-02-21T12:09:15.463+0000] {dag.py:3441} INFO - Setting next_dagrun for tutorial to 2023-02-20T12:09:15.463267+00:00, run_after=2023-02-21T12:09:15.463267+00:00
[2023-02-21T12:09:15.543+0000] {processor.py:175} INFO - Processing /home/airflow/.local/lib/python3.7/site-packages/airflow/example_dags/tutorial.py took 0.263 seconds
[2023-02-21T12:09:45.799+0000] {processor.py:153} INFO - Started process (PID=2472) to work on /home/airflow/.local/lib/python3.7/site-packages/airflow/example_dags/tutorial.py
[2023-02-21T12:09:45.803+0000] {processor.py:743} INFO - Processing file /home/airflow/.local/lib/python3.7/site-packages/airflow/example_dags/tutorial.py for tasks to queue
[2023-02-21T12:09:45.810+0000] {logging_mixin.py:137} INFO - [2023-02-21T12:09:45.809+0000] {dagbag.py:538} INFO - Filling up the DagBag from /home/airflow/.local/lib/python3.7/site-packages/airflow/example_dags/tutorial.py
[2023-02-21T12:09:45.892+0000] {processor.py:753} INFO - DAG(s) dict_keys(['tutorial']) retrieved from /home/airflow/.local/lib/python3.7/site-packages/airflow/example_dags/tutorial.py
[2023-02-21T12:09:46.138+0000] {logging_mixin.py:137} INFO - [2023-02-21T12:09:46.138+0000] {dag.py:2690} INFO - Sync 1 DAGs
[2023-02-21T12:09:46.244+0000] {logging_mixin.py:137} INFO - [2023-02-21T12:09:46.244+0000] {dag.py:3441} INFO - Setting next_dagrun for tutorial to 2023-02-20T12:09:46.243932+00:00, run_after=2023-02-21T12:09:46.243932+00:00
[2023-02-21T12:09:46.344+0000] {processor.py:175} INFO - Processing /home/airflow/.local/lib/python3.7/site-packages/airflow/example_dags/tutorial.py took 0.581 seconds
[2023-02-21T12:10:16.562+0000] {processor.py:153} INFO - Started process (PID=2532) to work on /home/airflow/.local/lib/python3.7/site-packages/airflow/example_dags/tutorial.py
[2023-02-21T12:10:16.574+0000] {processor.py:743} INFO - Processing file /home/airflow/.local/lib/python3.7/site-packages/airflow/example_dags/tutorial.py for tasks to queue
[2023-02-21T12:10:16.579+0000] {logging_mixin.py:137} INFO - [2023-02-21T12:10:16.578+0000] {dagbag.py:538} INFO - Filling up the DagBag from /home/airflow/.local/lib/python3.7/site-packages/airflow/example_dags/tutorial.py
[2023-02-21T12:10:16.655+0000] {processor.py:753} INFO - DAG(s) dict_keys(['tutorial']) retrieved from /home/airflow/.local/lib/python3.7/site-packages/airflow/example_dags/tutorial.py
[2023-02-21T12:10:16.757+0000] {logging_mixin.py:137} INFO - [2023-02-21T12:10:16.757+0000] {dag.py:2690} INFO - Sync 1 DAGs
[2023-02-21T12:10:16.848+0000] {logging_mixin.py:137} INFO - [2023-02-21T12:10:16.847+0000] {dag.py:3441} INFO - Setting next_dagrun for tutorial to 2023-02-20T12:10:16.847538+00:00, run_after=2023-02-21T12:10:16.847538+00:00
[2023-02-21T12:10:16.914+0000] {processor.py:175} INFO - Processing /home/airflow/.local/lib/python3.7/site-packages/airflow/example_dags/tutorial.py took 0.377 seconds
[2023-02-21T12:10:47.963+0000] {processor.py:153} INFO - Started process (PID=2591) to work on /home/airflow/.local/lib/python3.7/site-packages/airflow/example_dags/tutorial.py
[2023-02-21T12:10:47.976+0000] {processor.py:743} INFO - Processing file /home/airflow/.local/lib/python3.7/site-packages/airflow/example_dags/tutorial.py for tasks to queue
[2023-02-21T12:10:47.994+0000] {logging_mixin.py:137} INFO - [2023-02-21T12:10:47.992+0000] {dagbag.py:538} INFO - Filling up the DagBag from /home/airflow/.local/lib/python3.7/site-packages/airflow/example_dags/tutorial.py
[2023-02-21T12:10:48.030+0000] {processor.py:753} INFO - DAG(s) dict_keys(['tutorial']) retrieved from /home/airflow/.local/lib/python3.7/site-packages/airflow/example_dags/tutorial.py
[2023-02-21T12:10:48.144+0000] {logging_mixin.py:137} INFO - [2023-02-21T12:10:48.144+0000] {dag.py:2690} INFO - Sync 1 DAGs
[2023-02-21T12:10:48.279+0000] {logging_mixin.py:137} INFO - [2023-02-21T12:10:48.279+0000] {dag.py:3441} INFO - Setting next_dagrun for tutorial to 2023-02-20T12:10:48.278996+00:00, run_after=2023-02-21T12:10:48.278996+00:00
[2023-02-21T12:10:48.409+0000] {processor.py:175} INFO - Processing /home/airflow/.local/lib/python3.7/site-packages/airflow/example_dags/tutorial.py took 0.460 seconds
[2023-02-21T12:11:18.502+0000] {processor.py:153} INFO - Started process (PID=2649) to work on /home/airflow/.local/lib/python3.7/site-packages/airflow/example_dags/tutorial.py
[2023-02-21T12:11:18.506+0000] {processor.py:743} INFO - Processing file /home/airflow/.local/lib/python3.7/site-packages/airflow/example_dags/tutorial.py for tasks to queue
[2023-02-21T12:11:18.509+0000] {logging_mixin.py:137} INFO - [2023-02-21T12:11:18.509+0000] {dagbag.py:538} INFO - Filling up the DagBag from /home/airflow/.local/lib/python3.7/site-packages/airflow/example_dags/tutorial.py
[2023-02-21T12:11:18.550+0000] {processor.py:753} INFO - DAG(s) dict_keys(['tutorial']) retrieved from /home/airflow/.local/lib/python3.7/site-packages/airflow/example_dags/tutorial.py
[2023-02-21T12:11:18.607+0000] {logging_mixin.py:137} INFO - [2023-02-21T12:11:18.607+0000] {dag.py:2690} INFO - Sync 1 DAGs
[2023-02-21T12:11:18.660+0000] {logging_mixin.py:137} INFO - [2023-02-21T12:11:18.660+0000] {dag.py:3441} INFO - Setting next_dagrun for tutorial to 2023-02-20T12:11:18.659909+00:00, run_after=2023-02-21T12:11:18.659909+00:00
[2023-02-21T12:11:18.720+0000] {processor.py:175} INFO - Processing /home/airflow/.local/lib/python3.7/site-packages/airflow/example_dags/tutorial.py took 0.226 seconds
[2023-02-21T12:11:48.909+0000] {processor.py:153} INFO - Started process (PID=2708) to work on /home/airflow/.local/lib/python3.7/site-packages/airflow/example_dags/tutorial.py
[2023-02-21T12:11:48.928+0000] {processor.py:743} INFO - Processing file /home/airflow/.local/lib/python3.7/site-packages/airflow/example_dags/tutorial.py for tasks to queue
[2023-02-21T12:11:48.939+0000] {logging_mixin.py:137} INFO - [2023-02-21T12:11:48.939+0000] {dagbag.py:538} INFO - Filling up the DagBag from /home/airflow/.local/lib/python3.7/site-packages/airflow/example_dags/tutorial.py
[2023-02-21T12:11:49.005+0000] {processor.py:753} INFO - DAG(s) dict_keys(['tutorial']) retrieved from /home/airflow/.local/lib/python3.7/site-packages/airflow/example_dags/tutorial.py
[2023-02-21T12:11:49.191+0000] {logging_mixin.py:137} INFO - [2023-02-21T12:11:49.191+0000] {dag.py:2690} INFO - Sync 1 DAGs
[2023-02-21T12:11:49.359+0000] {logging_mixin.py:137} INFO - [2023-02-21T12:11:49.358+0000] {dag.py:3441} INFO - Setting next_dagrun for tutorial to 2023-02-20T12:11:49.358205+00:00, run_after=2023-02-21T12:11:49.358205+00:00
[2023-02-21T12:11:49.504+0000] {processor.py:175} INFO - Processing /home/airflow/.local/lib/python3.7/site-packages/airflow/example_dags/tutorial.py took 0.608 seconds
[2023-02-21T12:12:19.983+0000] {processor.py:153} INFO - Started process (PID=2766) to work on /home/airflow/.local/lib/python3.7/site-packages/airflow/example_dags/tutorial.py
[2023-02-21T12:12:19.988+0000] {processor.py:743} INFO - Processing file /home/airflow/.local/lib/python3.7/site-packages/airflow/example_dags/tutorial.py for tasks to queue
[2023-02-21T12:12:19.993+0000] {logging_mixin.py:137} INFO - [2023-02-21T12:12:19.992+0000] {dagbag.py:538} INFO - Filling up the DagBag from /home/airflow/.local/lib/python3.7/site-packages/airflow/example_dags/tutorial.py
[2023-02-21T12:12:20.056+0000] {processor.py:753} INFO - DAG(s) dict_keys(['tutorial']) retrieved from /home/airflow/.local/lib/python3.7/site-packages/airflow/example_dags/tutorial.py
[2023-02-21T12:12:20.111+0000] {logging_mixin.py:137} INFO - [2023-02-21T12:12:20.111+0000] {dag.py:2690} INFO - Sync 1 DAGs
[2023-02-21T12:12:20.160+0000] {logging_mixin.py:137} INFO - [2023-02-21T12:12:20.160+0000] {dag.py:3441} INFO - Setting next_dagrun for tutorial to 2023-02-20T12:12:20.160398+00:00, run_after=2023-02-21T12:12:20.160398+00:00
[2023-02-21T12:12:20.207+0000] {processor.py:175} INFO - Processing /home/airflow/.local/lib/python3.7/site-packages/airflow/example_dags/tutorial.py took 0.229 seconds
[2023-02-21T12:12:50.938+0000] {processor.py:153} INFO - Started process (PID=2836) to work on /home/airflow/.local/lib/python3.7/site-packages/airflow/example_dags/tutorial.py
[2023-02-21T12:12:50.941+0000] {processor.py:743} INFO - Processing file /home/airflow/.local/lib/python3.7/site-packages/airflow/example_dags/tutorial.py for tasks to queue
[2023-02-21T12:12:50.943+0000] {logging_mixin.py:137} INFO - [2023-02-21T12:12:50.943+0000] {dagbag.py:538} INFO - Filling up the DagBag from /home/airflow/.local/lib/python3.7/site-packages/airflow/example_dags/tutorial.py
[2023-02-21T12:12:50.980+0000] {processor.py:753} INFO - DAG(s) dict_keys(['tutorial']) retrieved from /home/airflow/.local/lib/python3.7/site-packages/airflow/example_dags/tutorial.py
[2023-02-21T12:12:51.061+0000] {logging_mixin.py:137} INFO - [2023-02-21T12:12:51.060+0000] {dag.py:2690} INFO - Sync 1 DAGs
[2023-02-21T12:12:51.117+0000] {logging_mixin.py:137} INFO - [2023-02-21T12:12:51.117+0000] {dag.py:3441} INFO - Setting next_dagrun for tutorial to 2023-02-20T12:12:51.116689+00:00, run_after=2023-02-21T12:12:51.116689+00:00
[2023-02-21T12:12:51.149+0000] {processor.py:175} INFO - Processing /home/airflow/.local/lib/python3.7/site-packages/airflow/example_dags/tutorial.py took 0.220 seconds
[2023-02-21T12:13:21.472+0000] {processor.py:153} INFO - Started process (PID=2895) to work on /home/airflow/.local/lib/python3.7/site-packages/airflow/example_dags/tutorial.py
[2023-02-21T12:13:21.478+0000] {processor.py:743} INFO - Processing file /home/airflow/.local/lib/python3.7/site-packages/airflow/example_dags/tutorial.py for tasks to queue
[2023-02-21T12:13:21.484+0000] {logging_mixin.py:137} INFO - [2023-02-21T12:13:21.482+0000] {dagbag.py:538} INFO - Filling up the DagBag from /home/airflow/.local/lib/python3.7/site-packages/airflow/example_dags/tutorial.py
[2023-02-21T12:13:21.571+0000] {processor.py:753} INFO - DAG(s) dict_keys(['tutorial']) retrieved from /home/airflow/.local/lib/python3.7/site-packages/airflow/example_dags/tutorial.py
[2023-02-21T12:13:21.649+0000] {logging_mixin.py:137} INFO - [2023-02-21T12:13:21.649+0000] {dag.py:2690} INFO - Sync 1 DAGs
[2023-02-21T12:13:21.733+0000] {logging_mixin.py:137} INFO - [2023-02-21T12:13:21.732+0000] {dag.py:3441} INFO - Setting next_dagrun for tutorial to 2023-02-20T12:13:21.732181+00:00, run_after=2023-02-21T12:13:21.732181+00:00
[2023-02-21T12:13:21.820+0000] {processor.py:175} INFO - Processing /home/airflow/.local/lib/python3.7/site-packages/airflow/example_dags/tutorial.py took 0.371 seconds
[2023-02-21T12:13:51.990+0000] {processor.py:153} INFO - Started process (PID=2954) to work on /home/airflow/.local/lib/python3.7/site-packages/airflow/example_dags/tutorial.py
[2023-02-21T12:13:51.992+0000] {processor.py:743} INFO - Processing file /home/airflow/.local/lib/python3.7/site-packages/airflow/example_dags/tutorial.py for tasks to queue
[2023-02-21T12:13:51.995+0000] {logging_mixin.py:137} INFO - [2023-02-21T12:13:51.994+0000] {dagbag.py:538} INFO - Filling up the DagBag from /home/airflow/.local/lib/python3.7/site-packages/airflow/example_dags/tutorial.py
[2023-02-21T12:13:52.020+0000] {processor.py:753} INFO - DAG(s) dict_keys(['tutorial']) retrieved from /home/airflow/.local/lib/python3.7/site-packages/airflow/example_dags/tutorial.py
[2023-02-21T12:13:52.071+0000] {logging_mixin.py:137} INFO - [2023-02-21T12:13:52.071+0000] {dag.py:2690} INFO - Sync 1 DAGs
[2023-02-21T12:13:52.116+0000] {logging_mixin.py:137} INFO - [2023-02-21T12:13:52.116+0000] {dag.py:3441} INFO - Setting next_dagrun for tutorial to 2023-02-20T12:13:52.116148+00:00, run_after=2023-02-21T12:13:52.116148+00:00
[2023-02-21T12:13:52.157+0000] {processor.py:175} INFO - Processing /home/airflow/.local/lib/python3.7/site-packages/airflow/example_dags/tutorial.py took 0.178 seconds
[2023-02-21T12:14:22.813+0000] {processor.py:153} INFO - Started process (PID=3022) to work on /home/airflow/.local/lib/python3.7/site-packages/airflow/example_dags/tutorial.py
[2023-02-21T12:14:22.819+0000] {processor.py:743} INFO - Processing file /home/airflow/.local/lib/python3.7/site-packages/airflow/example_dags/tutorial.py for tasks to queue
[2023-02-21T12:14:22.823+0000] {logging_mixin.py:137} INFO - [2023-02-21T12:14:22.823+0000] {dagbag.py:538} INFO - Filling up the DagBag from /home/airflow/.local/lib/python3.7/site-packages/airflow/example_dags/tutorial.py
[2023-02-21T12:14:22.880+0000] {processor.py:753} INFO - DAG(s) dict_keys(['tutorial']) retrieved from /home/airflow/.local/lib/python3.7/site-packages/airflow/example_dags/tutorial.py
[2023-02-21T12:14:22.932+0000] {logging_mixin.py:137} INFO - [2023-02-21T12:14:22.932+0000] {dag.py:2690} INFO - Sync 1 DAGs
[2023-02-21T12:14:22.987+0000] {logging_mixin.py:137} INFO - [2023-02-21T12:14:22.987+0000] {dag.py:3441} INFO - Setting next_dagrun for tutorial to 2023-02-20T12:14:22.987280+00:00, run_after=2023-02-21T12:14:22.987280+00:00
[2023-02-21T12:14:23.026+0000] {processor.py:175} INFO - Processing /home/airflow/.local/lib/python3.7/site-packages/airflow/example_dags/tutorial.py took 0.232 seconds
[2023-02-21T12:14:53.271+0000] {processor.py:153} INFO - Started process (PID=3083) to work on /home/airflow/.local/lib/python3.7/site-packages/airflow/example_dags/tutorial.py
[2023-02-21T12:14:53.280+0000] {processor.py:743} INFO - Processing file /home/airflow/.local/lib/python3.7/site-packages/airflow/example_dags/tutorial.py for tasks to queue
[2023-02-21T12:14:53.284+0000] {logging_mixin.py:137} INFO - [2023-02-21T12:14:53.283+0000] {dagbag.py:538} INFO - Filling up the DagBag from /home/airflow/.local/lib/python3.7/site-packages/airflow/example_dags/tutorial.py
[2023-02-21T12:14:53.310+0000] {processor.py:753} INFO - DAG(s) dict_keys(['tutorial']) retrieved from /home/airflow/.local/lib/python3.7/site-packages/airflow/example_dags/tutorial.py
[2023-02-21T12:14:53.358+0000] {logging_mixin.py:137} INFO - [2023-02-21T12:14:53.358+0000] {dag.py:2690} INFO - Sync 1 DAGs
[2023-02-21T12:14:53.400+0000] {logging_mixin.py:137} INFO - [2023-02-21T12:14:53.400+0000] {dag.py:3441} INFO - Setting next_dagrun for tutorial to 2023-02-20T12:14:53.399961+00:00, run_after=2023-02-21T12:14:53.399961+00:00
[2023-02-21T12:14:53.436+0000] {processor.py:175} INFO - Processing /home/airflow/.local/lib/python3.7/site-packages/airflow/example_dags/tutorial.py took 0.175 seconds
[2023-02-21T12:15:24.227+0000] {processor.py:153} INFO - Started process (PID=3144) to work on /home/airflow/.local/lib/python3.7/site-packages/airflow/example_dags/tutorial.py
[2023-02-21T12:15:24.233+0000] {processor.py:743} INFO - Processing file /home/airflow/.local/lib/python3.7/site-packages/airflow/example_dags/tutorial.py for tasks to queue
[2023-02-21T12:15:24.236+0000] {logging_mixin.py:137} INFO - [2023-02-21T12:15:24.235+0000] {dagbag.py:538} INFO - Filling up the DagBag from /home/airflow/.local/lib/python3.7/site-packages/airflow/example_dags/tutorial.py
[2023-02-21T12:15:24.290+0000] {processor.py:753} INFO - DAG(s) dict_keys(['tutorial']) retrieved from /home/airflow/.local/lib/python3.7/site-packages/airflow/example_dags/tutorial.py
[2023-02-21T12:15:24.377+0000] {logging_mixin.py:137} INFO - [2023-02-21T12:15:24.376+0000] {dag.py:2690} INFO - Sync 1 DAGs
[2023-02-21T12:15:24.456+0000] {logging_mixin.py:137} INFO - [2023-02-21T12:15:24.456+0000] {dag.py:3441} INFO - Setting next_dagrun for tutorial to 2023-02-20T12:15:24.456211+00:00, run_after=2023-02-21T12:15:24.456211+00:00
[2023-02-21T12:15:24.510+0000] {processor.py:175} INFO - Processing /home/airflow/.local/lib/python3.7/site-packages/airflow/example_dags/tutorial.py took 0.312 seconds
[2023-02-21T12:15:56.083+0000] {processor.py:153} INFO - Started process (PID=3210) to work on /home/airflow/.local/lib/python3.7/site-packages/airflow/example_dags/tutorial.py
[2023-02-21T12:15:56.096+0000] {processor.py:743} INFO - Processing file /home/airflow/.local/lib/python3.7/site-packages/airflow/example_dags/tutorial.py for tasks to queue
[2023-02-21T12:15:56.119+0000] {logging_mixin.py:137} INFO - [2023-02-21T12:15:56.101+0000] {dagbag.py:538} INFO - Filling up the DagBag from /home/airflow/.local/lib/python3.7/site-packages/airflow/example_dags/tutorial.py
[2023-02-21T12:15:56.285+0000] {processor.py:753} INFO - DAG(s) dict_keys(['tutorial']) retrieved from /home/airflow/.local/lib/python3.7/site-packages/airflow/example_dags/tutorial.py
[2023-02-21T12:15:56.528+0000] {logging_mixin.py:137} INFO - [2023-02-21T12:15:56.528+0000] {dag.py:2690} INFO - Sync 1 DAGs
[2023-02-21T12:15:56.787+0000] {logging_mixin.py:137} INFO - [2023-02-21T12:15:56.787+0000] {dag.py:3441} INFO - Setting next_dagrun for tutorial to 2023-02-20T12:15:56.787216+00:00, run_after=2023-02-21T12:15:56.787216+00:00
[2023-02-21T12:15:56.940+0000] {processor.py:175} INFO - Processing /home/airflow/.local/lib/python3.7/site-packages/airflow/example_dags/tutorial.py took 0.907 seconds
[2023-02-21T12:16:27.073+0000] {processor.py:153} INFO - Started process (PID=3271) to work on /home/airflow/.local/lib/python3.7/site-packages/airflow/example_dags/tutorial.py
[2023-02-21T12:16:27.077+0000] {processor.py:743} INFO - Processing file /home/airflow/.local/lib/python3.7/site-packages/airflow/example_dags/tutorial.py for tasks to queue
[2023-02-21T12:16:27.081+0000] {logging_mixin.py:137} INFO - [2023-02-21T12:16:27.080+0000] {dagbag.py:538} INFO - Filling up the DagBag from /home/airflow/.local/lib/python3.7/site-packages/airflow/example_dags/tutorial.py
[2023-02-21T12:16:27.128+0000] {processor.py:753} INFO - DAG(s) dict_keys(['tutorial']) retrieved from /home/airflow/.local/lib/python3.7/site-packages/airflow/example_dags/tutorial.py
[2023-02-21T12:16:27.233+0000] {logging_mixin.py:137} INFO - [2023-02-21T12:16:27.232+0000] {dag.py:2690} INFO - Sync 1 DAGs
[2023-02-21T12:16:27.292+0000] {logging_mixin.py:137} INFO - [2023-02-21T12:16:27.292+0000] {dag.py:3441} INFO - Setting next_dagrun for tutorial to 2023-02-20T12:16:27.291993+00:00, run_after=2023-02-21T12:16:27.291993+00:00
[2023-02-21T12:16:27.380+0000] {processor.py:175} INFO - Processing /home/airflow/.local/lib/python3.7/site-packages/airflow/example_dags/tutorial.py took 0.323 seconds
[2023-02-21T12:16:57.976+0000] {processor.py:153} INFO - Started process (PID=3331) to work on /home/airflow/.local/lib/python3.7/site-packages/airflow/example_dags/tutorial.py
[2023-02-21T12:16:57.979+0000] {processor.py:743} INFO - Processing file /home/airflow/.local/lib/python3.7/site-packages/airflow/example_dags/tutorial.py for tasks to queue
[2023-02-21T12:16:57.981+0000] {logging_mixin.py:137} INFO - [2023-02-21T12:16:57.981+0000] {dagbag.py:538} INFO - Filling up the DagBag from /home/airflow/.local/lib/python3.7/site-packages/airflow/example_dags/tutorial.py
[2023-02-21T12:16:58.034+0000] {processor.py:753} INFO - DAG(s) dict_keys(['tutorial']) retrieved from /home/airflow/.local/lib/python3.7/site-packages/airflow/example_dags/tutorial.py
[2023-02-21T12:16:58.144+0000] {logging_mixin.py:137} INFO - [2023-02-21T12:16:58.144+0000] {dag.py:2690} INFO - Sync 1 DAGs
[2023-02-21T12:16:58.275+0000] {logging_mixin.py:137} INFO - [2023-02-21T12:16:58.274+0000] {dag.py:3441} INFO - Setting next_dagrun for tutorial to 2023-02-20T12:16:58.273352+00:00, run_after=2023-02-21T12:16:58.273352+00:00
[2023-02-21T12:16:58.380+0000] {processor.py:175} INFO - Processing /home/airflow/.local/lib/python3.7/site-packages/airflow/example_dags/tutorial.py took 0.446 seconds
[2023-02-21T12:17:28.966+0000] {processor.py:153} INFO - Started process (PID=3389) to work on /home/airflow/.local/lib/python3.7/site-packages/airflow/example_dags/tutorial.py
[2023-02-21T12:17:28.979+0000] {processor.py:743} INFO - Processing file /home/airflow/.local/lib/python3.7/site-packages/airflow/example_dags/tutorial.py for tasks to queue
[2023-02-21T12:17:28.989+0000] {logging_mixin.py:137} INFO - [2023-02-21T12:17:28.988+0000] {dagbag.py:538} INFO - Filling up the DagBag from /home/airflow/.local/lib/python3.7/site-packages/airflow/example_dags/tutorial.py
[2023-02-21T12:17:29.079+0000] {processor.py:753} INFO - DAG(s) dict_keys(['tutorial']) retrieved from /home/airflow/.local/lib/python3.7/site-packages/airflow/example_dags/tutorial.py
[2023-02-21T12:17:29.260+0000] {logging_mixin.py:137} INFO - [2023-02-21T12:17:29.260+0000] {dag.py:2690} INFO - Sync 1 DAGs
[2023-02-21T12:17:29.503+0000] {logging_mixin.py:137} INFO - [2023-02-21T12:17:29.503+0000] {dag.py:3441} INFO - Setting next_dagrun for tutorial to 2023-02-20T12:17:29.502361+00:00, run_after=2023-02-21T12:17:29.502361+00:00
[2023-02-21T12:17:29.714+0000] {processor.py:175} INFO - Processing /home/airflow/.local/lib/python3.7/site-packages/airflow/example_dags/tutorial.py took 0.816 seconds
[2023-02-21T12:18:00.440+0000] {processor.py:153} INFO - Started process (PID=3438) to work on /home/airflow/.local/lib/python3.7/site-packages/airflow/example_dags/tutorial.py
[2023-02-21T12:18:00.445+0000] {processor.py:743} INFO - Processing file /home/airflow/.local/lib/python3.7/site-packages/airflow/example_dags/tutorial.py for tasks to queue
[2023-02-21T12:18:00.451+0000] {logging_mixin.py:137} INFO - [2023-02-21T12:18:00.450+0000] {dagbag.py:538} INFO - Filling up the DagBag from /home/airflow/.local/lib/python3.7/site-packages/airflow/example_dags/tutorial.py
[2023-02-21T12:18:00.575+0000] {processor.py:753} INFO - DAG(s) dict_keys(['tutorial']) retrieved from /home/airflow/.local/lib/python3.7/site-packages/airflow/example_dags/tutorial.py
[2023-02-21T12:18:00.629+0000] {logging_mixin.py:137} INFO - [2023-02-21T12:18:00.629+0000] {dag.py:2690} INFO - Sync 1 DAGs
[2023-02-21T12:18:00.686+0000] {logging_mixin.py:137} INFO - [2023-02-21T12:18:00.685+0000] {dag.py:3441} INFO - Setting next_dagrun for tutorial to 2023-02-20T12:18:00.685637+00:00, run_after=2023-02-21T12:18:00.685637+00:00
[2023-02-21T12:18:00.726+0000] {processor.py:175} INFO - Processing /home/airflow/.local/lib/python3.7/site-packages/airflow/example_dags/tutorial.py took 0.297 seconds
[2023-02-21T12:18:30.933+0000] {processor.py:153} INFO - Started process (PID=3496) to work on /home/airflow/.local/lib/python3.7/site-packages/airflow/example_dags/tutorial.py
[2023-02-21T12:18:30.937+0000] {processor.py:743} INFO - Processing file /home/airflow/.local/lib/python3.7/site-packages/airflow/example_dags/tutorial.py for tasks to queue
[2023-02-21T12:18:30.940+0000] {logging_mixin.py:137} INFO - [2023-02-21T12:18:30.940+0000] {dagbag.py:538} INFO - Filling up the DagBag from /home/airflow/.local/lib/python3.7/site-packages/airflow/example_dags/tutorial.py
[2023-02-21T12:18:30.990+0000] {processor.py:753} INFO - DAG(s) dict_keys(['tutorial']) retrieved from /home/airflow/.local/lib/python3.7/site-packages/airflow/example_dags/tutorial.py
[2023-02-21T12:18:31.073+0000] {logging_mixin.py:137} INFO - [2023-02-21T12:18:31.072+0000] {dag.py:2690} INFO - Sync 1 DAGs
[2023-02-21T12:18:31.149+0000] {logging_mixin.py:137} INFO - [2023-02-21T12:18:31.149+0000] {dag.py:3441} INFO - Setting next_dagrun for tutorial to 2023-02-20T12:18:31.148617+00:00, run_after=2023-02-21T12:18:31.148617+00:00
[2023-02-21T12:18:31.279+0000] {processor.py:175} INFO - Processing /home/airflow/.local/lib/python3.7/site-packages/airflow/example_dags/tutorial.py took 0.355 seconds
[2023-02-21T12:19:01.630+0000] {processor.py:153} INFO - Started process (PID=3555) to work on /home/airflow/.local/lib/python3.7/site-packages/airflow/example_dags/tutorial.py
[2023-02-21T12:19:01.633+0000] {processor.py:743} INFO - Processing file /home/airflow/.local/lib/python3.7/site-packages/airflow/example_dags/tutorial.py for tasks to queue
[2023-02-21T12:19:01.635+0000] {logging_mixin.py:137} INFO - [2023-02-21T12:19:01.635+0000] {dagbag.py:538} INFO - Filling up the DagBag from /home/airflow/.local/lib/python3.7/site-packages/airflow/example_dags/tutorial.py
[2023-02-21T12:19:01.664+0000] {processor.py:753} INFO - DAG(s) dict_keys(['tutorial']) retrieved from /home/airflow/.local/lib/python3.7/site-packages/airflow/example_dags/tutorial.py
[2023-02-21T12:19:01.718+0000] {logging_mixin.py:137} INFO - [2023-02-21T12:19:01.718+0000] {dag.py:2690} INFO - Sync 1 DAGs
[2023-02-21T12:19:01.770+0000] {logging_mixin.py:137} INFO - [2023-02-21T12:19:01.770+0000] {dag.py:3441} INFO - Setting next_dagrun for tutorial to 2023-02-20T12:19:01.769686+00:00, run_after=2023-02-21T12:19:01.769686+00:00
[2023-02-21T12:19:01.805+0000] {processor.py:175} INFO - Processing /home/airflow/.local/lib/python3.7/site-packages/airflow/example_dags/tutorial.py took 0.181 seconds
[2023-02-21T12:19:32.239+0000] {processor.py:153} INFO - Started process (PID=3613) to work on /home/airflow/.local/lib/python3.7/site-packages/airflow/example_dags/tutorial.py
[2023-02-21T12:19:32.242+0000] {processor.py:743} INFO - Processing file /home/airflow/.local/lib/python3.7/site-packages/airflow/example_dags/tutorial.py for tasks to queue
[2023-02-21T12:19:32.250+0000] {logging_mixin.py:137} INFO - [2023-02-21T12:19:32.250+0000] {dagbag.py:538} INFO - Filling up the DagBag from /home/airflow/.local/lib/python3.7/site-packages/airflow/example_dags/tutorial.py
[2023-02-21T12:19:32.283+0000] {processor.py:753} INFO - DAG(s) dict_keys(['tutorial']) retrieved from /home/airflow/.local/lib/python3.7/site-packages/airflow/example_dags/tutorial.py
[2023-02-21T12:19:32.330+0000] {logging_mixin.py:137} INFO - [2023-02-21T12:19:32.330+0000] {dag.py:2690} INFO - Sync 1 DAGs
[2023-02-21T12:19:32.375+0000] {logging_mixin.py:137} INFO - [2023-02-21T12:19:32.375+0000] {dag.py:3441} INFO - Setting next_dagrun for tutorial to 2023-02-20T12:19:32.374760+00:00, run_after=2023-02-21T12:19:32.374760+00:00
[2023-02-21T12:19:32.425+0000] {processor.py:175} INFO - Processing /home/airflow/.local/lib/python3.7/site-packages/airflow/example_dags/tutorial.py took 0.192 seconds
[2023-02-21T12:20:02.584+0000] {processor.py:153} INFO - Started process (PID=3671) to work on /home/airflow/.local/lib/python3.7/site-packages/airflow/example_dags/tutorial.py
[2023-02-21T12:20:02.587+0000] {processor.py:743} INFO - Processing file /home/airflow/.local/lib/python3.7/site-packages/airflow/example_dags/tutorial.py for tasks to queue
[2023-02-21T12:20:02.589+0000] {logging_mixin.py:137} INFO - [2023-02-21T12:20:02.589+0000] {dagbag.py:538} INFO - Filling up the DagBag from /home/airflow/.local/lib/python3.7/site-packages/airflow/example_dags/tutorial.py
[2023-02-21T12:20:02.645+0000] {processor.py:753} INFO - DAG(s) dict_keys(['tutorial']) retrieved from /home/airflow/.local/lib/python3.7/site-packages/airflow/example_dags/tutorial.py
[2023-02-21T12:20:02.719+0000] {logging_mixin.py:137} INFO - [2023-02-21T12:20:02.718+0000] {dag.py:2690} INFO - Sync 1 DAGs
[2023-02-21T12:20:02.766+0000] {logging_mixin.py:137} INFO - [2023-02-21T12:20:02.766+0000] {dag.py:3441} INFO - Setting next_dagrun for tutorial to 2023-02-20T12:20:02.765778+00:00, run_after=2023-02-21T12:20:02.765778+00:00
[2023-02-21T12:20:02.824+0000] {processor.py:175} INFO - Processing /home/airflow/.local/lib/python3.7/site-packages/airflow/example_dags/tutorial.py took 0.253 seconds
[2023-02-21T12:20:32.995+0000] {processor.py:153} INFO - Started process (PID=3730) to work on /home/airflow/.local/lib/python3.7/site-packages/airflow/example_dags/tutorial.py
[2023-02-21T12:20:32.998+0000] {processor.py:743} INFO - Processing file /home/airflow/.local/lib/python3.7/site-packages/airflow/example_dags/tutorial.py for tasks to queue
[2023-02-21T12:20:33.002+0000] {logging_mixin.py:137} INFO - [2023-02-21T12:20:33.002+0000] {dagbag.py:538} INFO - Filling up the DagBag from /home/airflow/.local/lib/python3.7/site-packages/airflow/example_dags/tutorial.py
[2023-02-21T12:20:33.030+0000] {processor.py:753} INFO - DAG(s) dict_keys(['tutorial']) retrieved from /home/airflow/.local/lib/python3.7/site-packages/airflow/example_dags/tutorial.py
[2023-02-21T12:20:33.082+0000] {logging_mixin.py:137} INFO - [2023-02-21T12:20:33.082+0000] {dag.py:2690} INFO - Sync 1 DAGs
[2023-02-21T12:20:33.136+0000] {logging_mixin.py:137} INFO - [2023-02-21T12:20:33.136+0000] {dag.py:3441} INFO - Setting next_dagrun for tutorial to 2023-02-20T12:20:33.135549+00:00, run_after=2023-02-21T12:20:33.135549+00:00
[2023-02-21T12:20:33.184+0000] {processor.py:175} INFO - Processing /home/airflow/.local/lib/python3.7/site-packages/airflow/example_dags/tutorial.py took 0.196 seconds
[2023-02-21T12:21:04.483+0000] {processor.py:153} INFO - Started process (PID=3789) to work on /home/airflow/.local/lib/python3.7/site-packages/airflow/example_dags/tutorial.py
[2023-02-21T12:21:04.486+0000] {processor.py:743} INFO - Processing file /home/airflow/.local/lib/python3.7/site-packages/airflow/example_dags/tutorial.py for tasks to queue
[2023-02-21T12:21:04.489+0000] {logging_mixin.py:137} INFO - [2023-02-21T12:21:04.488+0000] {dagbag.py:538} INFO - Filling up the DagBag from /home/airflow/.local/lib/python3.7/site-packages/airflow/example_dags/tutorial.py
[2023-02-21T12:21:04.593+0000] {processor.py:753} INFO - DAG(s) dict_keys(['tutorial']) retrieved from /home/airflow/.local/lib/python3.7/site-packages/airflow/example_dags/tutorial.py
[2023-02-21T12:21:04.720+0000] {logging_mixin.py:137} INFO - [2023-02-21T12:21:04.720+0000] {dag.py:2690} INFO - Sync 1 DAGs
[2023-02-21T12:21:04.793+0000] {logging_mixin.py:137} INFO - [2023-02-21T12:21:04.792+0000] {dag.py:3441} INFO - Setting next_dagrun for tutorial to 2023-02-20T12:21:04.791914+00:00, run_after=2023-02-21T12:21:04.791914+00:00
[2023-02-21T12:21:04.886+0000] {processor.py:175} INFO - Processing /home/airflow/.local/lib/python3.7/site-packages/airflow/example_dags/tutorial.py took 0.409 seconds
[2023-02-21T12:21:35.380+0000] {processor.py:153} INFO - Started process (PID=3849) to work on /home/airflow/.local/lib/python3.7/site-packages/airflow/example_dags/tutorial.py
[2023-02-21T12:21:35.383+0000] {processor.py:743} INFO - Processing file /home/airflow/.local/lib/python3.7/site-packages/airflow/example_dags/tutorial.py for tasks to queue
[2023-02-21T12:21:35.384+0000] {logging_mixin.py:137} INFO - [2023-02-21T12:21:35.384+0000] {dagbag.py:538} INFO - Filling up the DagBag from /home/airflow/.local/lib/python3.7/site-packages/airflow/example_dags/tutorial.py
[2023-02-21T12:21:35.441+0000] {processor.py:753} INFO - DAG(s) dict_keys(['tutorial']) retrieved from /home/airflow/.local/lib/python3.7/site-packages/airflow/example_dags/tutorial.py
[2023-02-21T12:21:35.479+0000] {logging_mixin.py:137} INFO - [2023-02-21T12:21:35.478+0000] {dag.py:2690} INFO - Sync 1 DAGs
[2023-02-21T12:21:35.519+0000] {logging_mixin.py:137} INFO - [2023-02-21T12:21:35.518+0000] {dag.py:3441} INFO - Setting next_dagrun for tutorial to 2023-02-20T12:21:35.518109+00:00, run_after=2023-02-21T12:21:35.518109+00:00
[2023-02-21T12:21:35.556+0000] {processor.py:175} INFO - Processing /home/airflow/.local/lib/python3.7/site-packages/airflow/example_dags/tutorial.py took 0.193 seconds
[2023-02-21T12:22:05.725+0000] {processor.py:153} INFO - Started process (PID=3918) to work on /home/airflow/.local/lib/python3.7/site-packages/airflow/example_dags/tutorial.py
[2023-02-21T12:22:05.735+0000] {processor.py:743} INFO - Processing file /home/airflow/.local/lib/python3.7/site-packages/airflow/example_dags/tutorial.py for tasks to queue
[2023-02-21T12:22:05.740+0000] {logging_mixin.py:137} INFO - [2023-02-21T12:22:05.738+0000] {dagbag.py:538} INFO - Filling up the DagBag from /home/airflow/.local/lib/python3.7/site-packages/airflow/example_dags/tutorial.py
[2023-02-21T12:22:05.808+0000] {processor.py:753} INFO - DAG(s) dict_keys(['tutorial']) retrieved from /home/airflow/.local/lib/python3.7/site-packages/airflow/example_dags/tutorial.py
[2023-02-21T12:22:05.898+0000] {logging_mixin.py:137} INFO - [2023-02-21T12:22:05.898+0000] {dag.py:2690} INFO - Sync 1 DAGs
[2023-02-21T12:22:05.980+0000] {logging_mixin.py:137} INFO - [2023-02-21T12:22:05.980+0000] {dag.py:3441} INFO - Setting next_dagrun for tutorial to 2023-02-20T12:22:05.980269+00:00, run_after=2023-02-21T12:22:05.980269+00:00
[2023-02-21T12:22:06.018+0000] {processor.py:175} INFO - Processing /home/airflow/.local/lib/python3.7/site-packages/airflow/example_dags/tutorial.py took 0.298 seconds
[2023-02-21T12:22:36.818+0000] {processor.py:153} INFO - Started process (PID=3977) to work on /home/airflow/.local/lib/python3.7/site-packages/airflow/example_dags/tutorial.py
[2023-02-21T12:22:36.821+0000] {processor.py:743} INFO - Processing file /home/airflow/.local/lib/python3.7/site-packages/airflow/example_dags/tutorial.py for tasks to queue
[2023-02-21T12:22:36.826+0000] {logging_mixin.py:137} INFO - [2023-02-21T12:22:36.825+0000] {dagbag.py:538} INFO - Filling up the DagBag from /home/airflow/.local/lib/python3.7/site-packages/airflow/example_dags/tutorial.py
[2023-02-21T12:22:36.861+0000] {processor.py:753} INFO - DAG(s) dict_keys(['tutorial']) retrieved from /home/airflow/.local/lib/python3.7/site-packages/airflow/example_dags/tutorial.py
[2023-02-21T12:22:36.960+0000] {logging_mixin.py:137} INFO - [2023-02-21T12:22:36.959+0000] {dag.py:2690} INFO - Sync 1 DAGs
[2023-02-21T12:22:37.058+0000] {logging_mixin.py:137} INFO - [2023-02-21T12:22:37.057+0000] {dag.py:3441} INFO - Setting next_dagrun for tutorial to 2023-02-20T12:22:37.057585+00:00, run_after=2023-02-21T12:22:37.057585+00:00
[2023-02-21T12:22:37.179+0000] {processor.py:175} INFO - Processing /home/airflow/.local/lib/python3.7/site-packages/airflow/example_dags/tutorial.py took 0.368 seconds
[2023-02-21T12:23:07.592+0000] {processor.py:153} INFO - Started process (PID=4036) to work on /home/airflow/.local/lib/python3.7/site-packages/airflow/example_dags/tutorial.py
[2023-02-21T12:23:07.612+0000] {processor.py:743} INFO - Processing file /home/airflow/.local/lib/python3.7/site-packages/airflow/example_dags/tutorial.py for tasks to queue
[2023-02-21T12:23:07.626+0000] {logging_mixin.py:137} INFO - [2023-02-21T12:23:07.626+0000] {dagbag.py:538} INFO - Filling up the DagBag from /home/airflow/.local/lib/python3.7/site-packages/airflow/example_dags/tutorial.py
[2023-02-21T12:23:07.676+0000] {processor.py:753} INFO - DAG(s) dict_keys(['tutorial']) retrieved from /home/airflow/.local/lib/python3.7/site-packages/airflow/example_dags/tutorial.py
[2023-02-21T12:23:07.799+0000] {logging_mixin.py:137} INFO - [2023-02-21T12:23:07.799+0000] {dag.py:2690} INFO - Sync 1 DAGs
[2023-02-21T12:23:07.870+0000] {logging_mixin.py:137} INFO - [2023-02-21T12:23:07.870+0000] {dag.py:3441} INFO - Setting next_dagrun for tutorial to 2023-02-20T12:23:07.869737+00:00, run_after=2023-02-21T12:23:07.869737+00:00
[2023-02-21T12:23:07.928+0000] {processor.py:175} INFO - Processing /home/airflow/.local/lib/python3.7/site-packages/airflow/example_dags/tutorial.py took 0.385 seconds
[2023-02-21T12:23:39.072+0000] {processor.py:153} INFO - Started process (PID=4096) to work on /home/airflow/.local/lib/python3.7/site-packages/airflow/example_dags/tutorial.py
[2023-02-21T12:23:39.089+0000] {processor.py:743} INFO - Processing file /home/airflow/.local/lib/python3.7/site-packages/airflow/example_dags/tutorial.py for tasks to queue
[2023-02-21T12:23:39.104+0000] {logging_mixin.py:137} INFO - [2023-02-21T12:23:39.104+0000] {dagbag.py:538} INFO - Filling up the DagBag from /home/airflow/.local/lib/python3.7/site-packages/airflow/example_dags/tutorial.py
[2023-02-21T12:23:39.258+0000] {processor.py:753} INFO - DAG(s) dict_keys(['tutorial']) retrieved from /home/airflow/.local/lib/python3.7/site-packages/airflow/example_dags/tutorial.py
[2023-02-21T12:23:39.385+0000] {logging_mixin.py:137} INFO - [2023-02-21T12:23:39.385+0000] {dag.py:2690} INFO - Sync 1 DAGs
[2023-02-21T12:23:39.597+0000] {logging_mixin.py:137} INFO - [2023-02-21T12:23:39.597+0000] {dag.py:3441} INFO - Setting next_dagrun for tutorial to 2023-02-20T12:23:39.596978+00:00, run_after=2023-02-21T12:23:39.596978+00:00
[2023-02-21T12:23:39.732+0000] {processor.py:175} INFO - Processing /home/airflow/.local/lib/python3.7/site-packages/airflow/example_dags/tutorial.py took 0.672 seconds
[2023-02-21T12:24:10.405+0000] {processor.py:153} INFO - Started process (PID=4160) to work on /home/airflow/.local/lib/python3.7/site-packages/airflow/example_dags/tutorial.py
[2023-02-21T12:24:10.409+0000] {processor.py:743} INFO - Processing file /home/airflow/.local/lib/python3.7/site-packages/airflow/example_dags/tutorial.py for tasks to queue
[2023-02-21T12:24:10.418+0000] {logging_mixin.py:137} INFO - [2023-02-21T12:24:10.417+0000] {dagbag.py:538} INFO - Filling up the DagBag from /home/airflow/.local/lib/python3.7/site-packages/airflow/example_dags/tutorial.py
[2023-02-21T12:24:10.548+0000] {processor.py:753} INFO - DAG(s) dict_keys(['tutorial']) retrieved from /home/airflow/.local/lib/python3.7/site-packages/airflow/example_dags/tutorial.py
[2023-02-21T12:24:10.770+0000] {logging_mixin.py:137} INFO - [2023-02-21T12:24:10.770+0000] {dag.py:2690} INFO - Sync 1 DAGs
[2023-02-21T12:24:11.019+0000] {logging_mixin.py:137} INFO - [2023-02-21T12:24:11.019+0000] {dag.py:3441} INFO - Setting next_dagrun for tutorial to 2023-02-20T12:24:11.018896+00:00, run_after=2023-02-21T12:24:11.018896+00:00
[2023-02-21T12:24:11.170+0000] {processor.py:175} INFO - Processing /home/airflow/.local/lib/python3.7/site-packages/airflow/example_dags/tutorial.py took 0.800 seconds
