[2023-07-02T03:01:58.702+0000] {processor.py:153} INFO - Started process (PID=81) to work on /home/airflow/.local/lib/python3.7/site-packages/airflow/example_dags/example_sensor_decorator.py
[2023-07-02T03:01:58.706+0000] {processor.py:743} INFO - Processing file /home/airflow/.local/lib/python3.7/site-packages/airflow/example_dags/example_sensor_decorator.py for tasks to queue
[2023-07-02T03:01:58.714+0000] {logging_mixin.py:137} INFO - [2023-07-02T03:01:58.712+0000] {dagbag.py:538} INFO - Filling up the DagBag from /home/airflow/.local/lib/python3.7/site-packages/airflow/example_dags/example_sensor_decorator.py
[2023-07-02T03:01:58.842+0000] {processor.py:753} INFO - DAG(s) dict_keys(['example_sensor_decorator']) retrieved from /home/airflow/.local/lib/python3.7/site-packages/airflow/example_dags/example_sensor_decorator.py
[2023-07-02T03:01:58.935+0000] {logging_mixin.py:137} INFO - [2023-07-02T03:01:58.934+0000] {dag.py:2690} INFO - Sync 1 DAGs
[2023-07-02T03:01:59.038+0000] {logging_mixin.py:137} INFO - [2023-07-02T03:01:59.037+0000] {dag.py:3441} INFO - Setting next_dagrun for example_sensor_decorator to None, run_after=None
[2023-07-02T03:01:59.155+0000] {processor.py:175} INFO - Processing /home/airflow/.local/lib/python3.7/site-packages/airflow/example_dags/example_sensor_decorator.py took 0.472 seconds
[2023-07-02T03:02:30.111+0000] {processor.py:153} INFO - Started process (PID=139) to work on /home/airflow/.local/lib/python3.7/site-packages/airflow/example_dags/example_sensor_decorator.py
[2023-07-02T03:02:30.116+0000] {processor.py:743} INFO - Processing file /home/airflow/.local/lib/python3.7/site-packages/airflow/example_dags/example_sensor_decorator.py for tasks to queue
[2023-07-02T03:02:30.118+0000] {logging_mixin.py:137} INFO - [2023-07-02T03:02:30.118+0000] {dagbag.py:538} INFO - Filling up the DagBag from /home/airflow/.local/lib/python3.7/site-packages/airflow/example_dags/example_sensor_decorator.py
[2023-07-02T03:02:30.161+0000] {processor.py:753} INFO - DAG(s) dict_keys(['example_sensor_decorator']) retrieved from /home/airflow/.local/lib/python3.7/site-packages/airflow/example_dags/example_sensor_decorator.py
[2023-07-02T03:02:30.196+0000] {logging_mixin.py:137} INFO - [2023-07-02T03:02:30.196+0000] {dag.py:2690} INFO - Sync 1 DAGs
[2023-07-02T03:02:30.238+0000] {logging_mixin.py:137} INFO - [2023-07-02T03:02:30.237+0000] {dag.py:3441} INFO - Setting next_dagrun for example_sensor_decorator to None, run_after=None
[2023-07-02T03:02:30.273+0000] {processor.py:175} INFO - Processing /home/airflow/.local/lib/python3.7/site-packages/airflow/example_dags/example_sensor_decorator.py took 0.173 seconds
[2023-07-02T03:03:01.229+0000] {processor.py:153} INFO - Started process (PID=207) to work on /home/airflow/.local/lib/python3.7/site-packages/airflow/example_dags/example_sensor_decorator.py
[2023-07-02T03:03:01.236+0000] {processor.py:743} INFO - Processing file /home/airflow/.local/lib/python3.7/site-packages/airflow/example_dags/example_sensor_decorator.py for tasks to queue
[2023-07-02T03:03:01.253+0000] {logging_mixin.py:137} INFO - [2023-07-02T03:03:01.251+0000] {dagbag.py:538} INFO - Filling up the DagBag from /home/airflow/.local/lib/python3.7/site-packages/airflow/example_dags/example_sensor_decorator.py
[2023-07-02T03:03:01.362+0000] {processor.py:753} INFO - DAG(s) dict_keys(['example_sensor_decorator']) retrieved from /home/airflow/.local/lib/python3.7/site-packages/airflow/example_dags/example_sensor_decorator.py
[2023-07-02T03:03:01.429+0000] {logging_mixin.py:137} INFO - [2023-07-02T03:03:01.429+0000] {dag.py:2690} INFO - Sync 1 DAGs
[2023-07-02T03:03:01.504+0000] {logging_mixin.py:137} INFO - [2023-07-02T03:03:01.504+0000] {dag.py:3441} INFO - Setting next_dagrun for example_sensor_decorator to None, run_after=None
[2023-07-02T03:03:01.550+0000] {processor.py:175} INFO - Processing /home/airflow/.local/lib/python3.7/site-packages/airflow/example_dags/example_sensor_decorator.py took 0.351 seconds
[2023-07-02T03:03:31.874+0000] {processor.py:153} INFO - Started process (PID=265) to work on /home/airflow/.local/lib/python3.7/site-packages/airflow/example_dags/example_sensor_decorator.py
[2023-07-02T03:03:31.878+0000] {processor.py:743} INFO - Processing file /home/airflow/.local/lib/python3.7/site-packages/airflow/example_dags/example_sensor_decorator.py for tasks to queue
[2023-07-02T03:03:31.882+0000] {logging_mixin.py:137} INFO - [2023-07-02T03:03:31.881+0000] {dagbag.py:538} INFO - Filling up the DagBag from /home/airflow/.local/lib/python3.7/site-packages/airflow/example_dags/example_sensor_decorator.py
[2023-07-02T03:03:31.915+0000] {processor.py:753} INFO - DAG(s) dict_keys(['example_sensor_decorator']) retrieved from /home/airflow/.local/lib/python3.7/site-packages/airflow/example_dags/example_sensor_decorator.py
[2023-07-02T03:03:31.959+0000] {logging_mixin.py:137} INFO - [2023-07-02T03:03:31.957+0000] {dag.py:2690} INFO - Sync 1 DAGs
[2023-07-02T03:03:31.993+0000] {logging_mixin.py:137} INFO - [2023-07-02T03:03:31.993+0000] {dag.py:3441} INFO - Setting next_dagrun for example_sensor_decorator to None, run_after=None
[2023-07-02T03:03:32.047+0000] {processor.py:175} INFO - Processing /home/airflow/.local/lib/python3.7/site-packages/airflow/example_dags/example_sensor_decorator.py took 0.182 seconds
[2023-07-02T03:04:02.521+0000] {processor.py:153} INFO - Started process (PID=324) to work on /home/airflow/.local/lib/python3.7/site-packages/airflow/example_dags/example_sensor_decorator.py
[2023-07-02T03:04:02.525+0000] {processor.py:743} INFO - Processing file /home/airflow/.local/lib/python3.7/site-packages/airflow/example_dags/example_sensor_decorator.py for tasks to queue
[2023-07-02T03:04:02.535+0000] {logging_mixin.py:137} INFO - [2023-07-02T03:04:02.535+0000] {dagbag.py:538} INFO - Filling up the DagBag from /home/airflow/.local/lib/python3.7/site-packages/airflow/example_dags/example_sensor_decorator.py
[2023-07-02T03:04:02.624+0000] {processor.py:753} INFO - DAG(s) dict_keys(['example_sensor_decorator']) retrieved from /home/airflow/.local/lib/python3.7/site-packages/airflow/example_dags/example_sensor_decorator.py
[2023-07-02T03:04:02.720+0000] {logging_mixin.py:137} INFO - [2023-07-02T03:04:02.720+0000] {dag.py:2690} INFO - Sync 1 DAGs
[2023-07-02T03:04:02.782+0000] {logging_mixin.py:137} INFO - [2023-07-02T03:04:02.781+0000] {dag.py:3441} INFO - Setting next_dagrun for example_sensor_decorator to None, run_after=None
[2023-07-02T03:04:02.850+0000] {processor.py:175} INFO - Processing /home/airflow/.local/lib/python3.7/site-packages/airflow/example_dags/example_sensor_decorator.py took 0.338 seconds
[2023-07-02T03:04:40.612+0000] {processor.py:153} INFO - Started process (PID=382) to work on /home/airflow/.local/lib/python3.7/site-packages/airflow/example_dags/example_sensor_decorator.py
[2023-07-02T03:04:40.662+0000] {processor.py:743} INFO - Processing file /home/airflow/.local/lib/python3.7/site-packages/airflow/example_dags/example_sensor_decorator.py for tasks to queue
[2023-07-02T03:04:40.669+0000] {logging_mixin.py:137} INFO - [2023-07-02T03:04:40.668+0000] {dagbag.py:538} INFO - Filling up the DagBag from /home/airflow/.local/lib/python3.7/site-packages/airflow/example_dags/example_sensor_decorator.py
[2023-07-02T03:04:40.828+0000] {processor.py:753} INFO - DAG(s) dict_keys(['example_sensor_decorator']) retrieved from /home/airflow/.local/lib/python3.7/site-packages/airflow/example_dags/example_sensor_decorator.py
[2023-07-02T03:04:41.004+0000] {logging_mixin.py:137} INFO - [2023-07-02T03:04:41.004+0000] {dag.py:2690} INFO - Sync 1 DAGs
[2023-07-02T03:04:41.277+0000] {logging_mixin.py:137} INFO - [2023-07-02T03:04:41.276+0000] {dag.py:3441} INFO - Setting next_dagrun for example_sensor_decorator to None, run_after=None
[2023-07-02T03:04:41.527+0000] {processor.py:175} INFO - Processing /home/airflow/.local/lib/python3.7/site-packages/airflow/example_dags/example_sensor_decorator.py took 0.944 seconds
[2023-07-02T03:05:11.694+0000] {processor.py:153} INFO - Started process (PID=441) to work on /home/airflow/.local/lib/python3.7/site-packages/airflow/example_dags/example_sensor_decorator.py
[2023-07-02T03:05:11.698+0000] {processor.py:743} INFO - Processing file /home/airflow/.local/lib/python3.7/site-packages/airflow/example_dags/example_sensor_decorator.py for tasks to queue
[2023-07-02T03:05:11.701+0000] {logging_mixin.py:137} INFO - [2023-07-02T03:05:11.701+0000] {dagbag.py:538} INFO - Filling up the DagBag from /home/airflow/.local/lib/python3.7/site-packages/airflow/example_dags/example_sensor_decorator.py
[2023-07-02T03:05:11.741+0000] {processor.py:753} INFO - DAG(s) dict_keys(['example_sensor_decorator']) retrieved from /home/airflow/.local/lib/python3.7/site-packages/airflow/example_dags/example_sensor_decorator.py
[2023-07-02T03:05:11.789+0000] {logging_mixin.py:137} INFO - [2023-07-02T03:05:11.788+0000] {dag.py:2690} INFO - Sync 1 DAGs
[2023-07-02T03:05:11.832+0000] {logging_mixin.py:137} INFO - [2023-07-02T03:05:11.832+0000] {dag.py:3441} INFO - Setting next_dagrun for example_sensor_decorator to None, run_after=None
[2023-07-02T03:05:11.864+0000] {processor.py:175} INFO - Processing /home/airflow/.local/lib/python3.7/site-packages/airflow/example_dags/example_sensor_decorator.py took 0.177 seconds
[2023-07-02T03:05:42.526+0000] {processor.py:153} INFO - Started process (PID=499) to work on /home/airflow/.local/lib/python3.7/site-packages/airflow/example_dags/example_sensor_decorator.py
[2023-07-02T03:05:42.530+0000] {processor.py:743} INFO - Processing file /home/airflow/.local/lib/python3.7/site-packages/airflow/example_dags/example_sensor_decorator.py for tasks to queue
[2023-07-02T03:05:42.536+0000] {logging_mixin.py:137} INFO - [2023-07-02T03:05:42.536+0000] {dagbag.py:538} INFO - Filling up the DagBag from /home/airflow/.local/lib/python3.7/site-packages/airflow/example_dags/example_sensor_decorator.py
[2023-07-02T03:05:42.594+0000] {processor.py:753} INFO - DAG(s) dict_keys(['example_sensor_decorator']) retrieved from /home/airflow/.local/lib/python3.7/site-packages/airflow/example_dags/example_sensor_decorator.py
[2023-07-02T03:05:42.677+0000] {logging_mixin.py:137} INFO - [2023-07-02T03:05:42.676+0000] {dag.py:2690} INFO - Sync 1 DAGs
[2023-07-02T03:05:42.739+0000] {logging_mixin.py:137} INFO - [2023-07-02T03:05:42.738+0000] {dag.py:3441} INFO - Setting next_dagrun for example_sensor_decorator to None, run_after=None
[2023-07-02T03:05:42.806+0000] {processor.py:175} INFO - Processing /home/airflow/.local/lib/python3.7/site-packages/airflow/example_dags/example_sensor_decorator.py took 0.285 seconds
[2023-07-02T03:06:14.347+0000] {processor.py:153} INFO - Started process (PID=558) to work on /home/airflow/.local/lib/python3.7/site-packages/airflow/example_dags/example_sensor_decorator.py
[2023-07-02T03:06:14.362+0000] {processor.py:743} INFO - Processing file /home/airflow/.local/lib/python3.7/site-packages/airflow/example_dags/example_sensor_decorator.py for tasks to queue
[2023-07-02T03:06:14.373+0000] {logging_mixin.py:137} INFO - [2023-07-02T03:06:14.371+0000] {dagbag.py:538} INFO - Filling up the DagBag from /home/airflow/.local/lib/python3.7/site-packages/airflow/example_dags/example_sensor_decorator.py
[2023-07-02T03:06:14.967+0000] {processor.py:753} INFO - DAG(s) dict_keys(['example_sensor_decorator']) retrieved from /home/airflow/.local/lib/python3.7/site-packages/airflow/example_dags/example_sensor_decorator.py
[2023-07-02T03:06:15.226+0000] {logging_mixin.py:137} INFO - [2023-07-02T03:06:15.226+0000] {dag.py:2690} INFO - Sync 1 DAGs
[2023-07-02T03:06:15.465+0000] {logging_mixin.py:137} INFO - [2023-07-02T03:06:15.464+0000] {dag.py:3441} INFO - Setting next_dagrun for example_sensor_decorator to None, run_after=None
[2023-07-02T03:06:15.982+0000] {processor.py:175} INFO - Processing /home/airflow/.local/lib/python3.7/site-packages/airflow/example_dags/example_sensor_decorator.py took 1.652 seconds
[2023-07-02T04:53:10.503+0000] {processor.py:153} INFO - Started process (PID=667) to work on /home/airflow/.local/lib/python3.7/site-packages/airflow/example_dags/example_sensor_decorator.py
[2023-07-02T04:53:10.507+0000] {processor.py:743} INFO - Processing file /home/airflow/.local/lib/python3.7/site-packages/airflow/example_dags/example_sensor_decorator.py for tasks to queue
[2023-07-02T04:53:10.515+0000] {logging_mixin.py:137} INFO - [2023-07-02T04:53:10.515+0000] {dagbag.py:538} INFO - Filling up the DagBag from /home/airflow/.local/lib/python3.7/site-packages/airflow/example_dags/example_sensor_decorator.py
[2023-07-02T06:43:34.848+0000] {processor.py:753} INFO - DAG(s) dict_keys(['example_sensor_decorator']) retrieved from /home/airflow/.local/lib/python3.7/site-packages/airflow/example_dags/example_sensor_decorator.py
[2023-07-02T06:43:35.948+0000] {logging_mixin.py:137} INFO - [2023-07-02T06:43:35.948+0000] {dag.py:2690} INFO - Sync 1 DAGs
[2023-07-02T08:23:17.601+0000] {processor.py:153} INFO - Started process (PID=744) to work on /home/airflow/.local/lib/python3.7/site-packages/airflow/example_dags/example_sensor_decorator.py
[2023-07-02T08:23:17.604+0000] {processor.py:743} INFO - Processing file /home/airflow/.local/lib/python3.7/site-packages/airflow/example_dags/example_sensor_decorator.py for tasks to queue
[2023-07-02T08:23:17.607+0000] {logging_mixin.py:137} INFO - [2023-07-02T08:23:17.607+0000] {dagbag.py:538} INFO - Filling up the DagBag from /home/airflow/.local/lib/python3.7/site-packages/airflow/example_dags/example_sensor_decorator.py
[2023-07-02T08:23:17.641+0000] {processor.py:753} INFO - DAG(s) dict_keys(['example_sensor_decorator']) retrieved from /home/airflow/.local/lib/python3.7/site-packages/airflow/example_dags/example_sensor_decorator.py
[2023-07-02T08:23:17.778+0000] {logging_mixin.py:137} INFO - [2023-07-02T08:23:17.778+0000] {dag.py:2690} INFO - Sync 1 DAGs
[2023-07-02T08:23:17.820+0000] {logging_mixin.py:137} INFO - [2023-07-02T08:23:17.820+0000] {dag.py:3441} INFO - Setting next_dagrun for example_sensor_decorator to None, run_after=None
[2023-07-02T08:23:17.855+0000] {processor.py:175} INFO - Processing /home/airflow/.local/lib/python3.7/site-packages/airflow/example_dags/example_sensor_decorator.py took 0.258 seconds
[2023-07-02T09:44:34.486+0000] {processor.py:153} INFO - Started process (PID=790) to work on /home/airflow/.local/lib/python3.7/site-packages/airflow/example_dags/example_sensor_decorator.py
[2023-07-02T09:44:34.495+0000] {processor.py:743} INFO - Processing file /home/airflow/.local/lib/python3.7/site-packages/airflow/example_dags/example_sensor_decorator.py for tasks to queue
[2023-07-02T09:44:34.506+0000] {logging_mixin.py:137} INFO - [2023-07-02T09:44:34.503+0000] {dagbag.py:538} INFO - Filling up the DagBag from /home/airflow/.local/lib/python3.7/site-packages/airflow/example_dags/example_sensor_decorator.py
[2023-07-02T09:44:34.832+0000] {processor.py:753} INFO - DAG(s) dict_keys(['example_sensor_decorator']) retrieved from /home/airflow/.local/lib/python3.7/site-packages/airflow/example_dags/example_sensor_decorator.py
[2023-07-02T09:44:35.129+0000] {logging_mixin.py:137} INFO - [2023-07-02T09:44:35.128+0000] {dag.py:2690} INFO - Sync 1 DAGs
[2023-07-02T09:44:35.519+0000] {logging_mixin.py:137} INFO - [2023-07-02T09:44:35.516+0000] {dag.py:3441} INFO - Setting next_dagrun for example_sensor_decorator to None, run_after=None
[2023-07-02T09:44:35.708+0000] {processor.py:175} INFO - Processing /home/airflow/.local/lib/python3.7/site-packages/airflow/example_dags/example_sensor_decorator.py took 1.256 seconds
[2023-07-02T09:45:06.073+0000] {processor.py:153} INFO - Started process (PID=841) to work on /home/airflow/.local/lib/python3.7/site-packages/airflow/example_dags/example_sensor_decorator.py
[2023-07-02T09:45:06.077+0000] {processor.py:743} INFO - Processing file /home/airflow/.local/lib/python3.7/site-packages/airflow/example_dags/example_sensor_decorator.py for tasks to queue
[2023-07-02T09:45:06.081+0000] {logging_mixin.py:137} INFO - [2023-07-02T09:45:06.080+0000] {dagbag.py:538} INFO - Filling up the DagBag from /home/airflow/.local/lib/python3.7/site-packages/airflow/example_dags/example_sensor_decorator.py
[2023-07-02T09:45:06.158+0000] {processor.py:753} INFO - DAG(s) dict_keys(['example_sensor_decorator']) retrieved from /home/airflow/.local/lib/python3.7/site-packages/airflow/example_dags/example_sensor_decorator.py
[2023-07-02T09:45:06.232+0000] {logging_mixin.py:137} INFO - [2023-07-02T09:45:06.231+0000] {dag.py:2690} INFO - Sync 1 DAGs
[2023-07-02T09:45:06.291+0000] {logging_mixin.py:137} INFO - [2023-07-02T09:45:06.291+0000] {dag.py:3441} INFO - Setting next_dagrun for example_sensor_decorator to None, run_after=None
[2023-07-02T09:45:06.373+0000] {processor.py:175} INFO - Processing /home/airflow/.local/lib/python3.7/site-packages/airflow/example_dags/example_sensor_decorator.py took 0.314 seconds
[2023-07-02T10:12:25.776+0000] {processor.py:153} INFO - Started process (PID=912) to work on /home/airflow/.local/lib/python3.7/site-packages/airflow/example_dags/example_sensor_decorator.py
[2023-07-02T10:12:25.780+0000] {processor.py:743} INFO - Processing file /home/airflow/.local/lib/python3.7/site-packages/airflow/example_dags/example_sensor_decorator.py for tasks to queue
[2023-07-02T10:12:25.782+0000] {logging_mixin.py:137} INFO - [2023-07-02T10:12:25.782+0000] {dagbag.py:538} INFO - Filling up the DagBag from /home/airflow/.local/lib/python3.7/site-packages/airflow/example_dags/example_sensor_decorator.py
[2023-07-02T10:12:25.816+0000] {processor.py:753} INFO - DAG(s) dict_keys(['example_sensor_decorator']) retrieved from /home/airflow/.local/lib/python3.7/site-packages/airflow/example_dags/example_sensor_decorator.py
[2023-07-02T10:12:25.875+0000] {logging_mixin.py:137} INFO - [2023-07-02T10:12:25.874+0000] {dag.py:2690} INFO - Sync 1 DAGs
[2023-07-02T10:12:25.930+0000] {logging_mixin.py:137} INFO - [2023-07-02T10:12:25.929+0000] {dag.py:3441} INFO - Setting next_dagrun for example_sensor_decorator to None, run_after=None
[2023-07-02T10:12:26.034+0000] {processor.py:175} INFO - Processing /home/airflow/.local/lib/python3.7/site-packages/airflow/example_dags/example_sensor_decorator.py took 0.269 seconds
[2023-07-02T10:12:58.545+0000] {processor.py:153} INFO - Started process (PID=970) to work on /home/airflow/.local/lib/python3.7/site-packages/airflow/example_dags/example_sensor_decorator.py
[2023-07-02T10:12:58.560+0000] {processor.py:743} INFO - Processing file /home/airflow/.local/lib/python3.7/site-packages/airflow/example_dags/example_sensor_decorator.py for tasks to queue
[2023-07-02T10:12:58.568+0000] {logging_mixin.py:137} INFO - [2023-07-02T10:12:58.567+0000] {dagbag.py:538} INFO - Filling up the DagBag from /home/airflow/.local/lib/python3.7/site-packages/airflow/example_dags/example_sensor_decorator.py
[2023-07-02T10:12:58.948+0000] {processor.py:753} INFO - DAG(s) dict_keys(['example_sensor_decorator']) retrieved from /home/airflow/.local/lib/python3.7/site-packages/airflow/example_dags/example_sensor_decorator.py
[2023-07-02T10:12:59.571+0000] {logging_mixin.py:137} INFO - [2023-07-02T10:12:59.571+0000] {dag.py:2690} INFO - Sync 1 DAGs
[2023-07-02T10:12:59.946+0000] {logging_mixin.py:137} INFO - [2023-07-02T10:12:59.946+0000] {dag.py:3441} INFO - Setting next_dagrun for example_sensor_decorator to None, run_after=None
[2023-07-02T10:13:00.099+0000] {processor.py:175} INFO - Processing /home/airflow/.local/lib/python3.7/site-packages/airflow/example_dags/example_sensor_decorator.py took 1.650 seconds
[2023-07-02T10:13:34.132+0000] {processor.py:153} INFO - Started process (PID=1029) to work on /home/airflow/.local/lib/python3.7/site-packages/airflow/example_dags/example_sensor_decorator.py
[2023-07-02T10:13:34.151+0000] {processor.py:743} INFO - Processing file /home/airflow/.local/lib/python3.7/site-packages/airflow/example_dags/example_sensor_decorator.py for tasks to queue
[2023-07-02T10:13:34.168+0000] {logging_mixin.py:137} INFO - [2023-07-02T10:13:34.160+0000] {dagbag.py:538} INFO - Filling up the DagBag from /home/airflow/.local/lib/python3.7/site-packages/airflow/example_dags/example_sensor_decorator.py
[2023-07-02T10:13:34.351+0000] {processor.py:753} INFO - DAG(s) dict_keys(['example_sensor_decorator']) retrieved from /home/airflow/.local/lib/python3.7/site-packages/airflow/example_dags/example_sensor_decorator.py
[2023-07-02T10:13:34.415+0000] {logging_mixin.py:137} INFO - [2023-07-02T10:13:34.414+0000] {dag.py:2690} INFO - Sync 1 DAGs
[2023-07-02T10:13:34.518+0000] {logging_mixin.py:137} INFO - [2023-07-02T10:13:34.516+0000] {dag.py:3441} INFO - Setting next_dagrun for example_sensor_decorator to None, run_after=None
[2023-07-02T10:13:34.633+0000] {processor.py:175} INFO - Processing /home/airflow/.local/lib/python3.7/site-packages/airflow/example_dags/example_sensor_decorator.py took 0.555 seconds
[2023-07-02T10:34:45.761+0000] {processor.py:153} INFO - Started process (PID=1096) to work on /home/airflow/.local/lib/python3.7/site-packages/airflow/example_dags/example_sensor_decorator.py
[2023-07-02T10:34:45.769+0000] {processor.py:743} INFO - Processing file /home/airflow/.local/lib/python3.7/site-packages/airflow/example_dags/example_sensor_decorator.py for tasks to queue
[2023-07-02T10:34:45.775+0000] {logging_mixin.py:137} INFO - [2023-07-02T10:34:45.775+0000] {dagbag.py:538} INFO - Filling up the DagBag from /home/airflow/.local/lib/python3.7/site-packages/airflow/example_dags/example_sensor_decorator.py
[2023-07-02T10:34:45.938+0000] {processor.py:753} INFO - DAG(s) dict_keys(['example_sensor_decorator']) retrieved from /home/airflow/.local/lib/python3.7/site-packages/airflow/example_dags/example_sensor_decorator.py
[2023-07-02T10:34:46.076+0000] {logging_mixin.py:137} INFO - [2023-07-02T10:34:46.071+0000] {dag.py:2690} INFO - Sync 1 DAGs
[2023-07-02T10:34:46.245+0000] {logging_mixin.py:137} INFO - [2023-07-02T10:34:46.245+0000] {dag.py:3441} INFO - Setting next_dagrun for example_sensor_decorator to None, run_after=None
[2023-07-02T10:34:46.301+0000] {processor.py:175} INFO - Processing /home/airflow/.local/lib/python3.7/site-packages/airflow/example_dags/example_sensor_decorator.py took 0.568 seconds
[2023-07-02T12:07:29.740+0000] {processor.py:153} INFO - Started process (PID=1192) to work on /home/airflow/.local/lib/python3.7/site-packages/airflow/example_dags/example_sensor_decorator.py
[2023-07-02T12:07:29.745+0000] {processor.py:743} INFO - Processing file /home/airflow/.local/lib/python3.7/site-packages/airflow/example_dags/example_sensor_decorator.py for tasks to queue
[2023-07-02T12:07:29.756+0000] {logging_mixin.py:137} INFO - [2023-07-02T12:07:29.756+0000] {dagbag.py:538} INFO - Filling up the DagBag from /home/airflow/.local/lib/python3.7/site-packages/airflow/example_dags/example_sensor_decorator.py
[2023-07-02T12:07:30.467+0000] {processor.py:753} INFO - DAG(s) dict_keys(['example_sensor_decorator']) retrieved from /home/airflow/.local/lib/python3.7/site-packages/airflow/example_dags/example_sensor_decorator.py
[2023-07-02T12:07:30.911+0000] {logging_mixin.py:137} INFO - [2023-07-02T12:07:30.910+0000] {dag.py:2690} INFO - Sync 1 DAGs
[2023-07-02T12:07:31.570+0000] {logging_mixin.py:137} INFO - [2023-07-02T12:07:31.570+0000] {dag.py:3441} INFO - Setting next_dagrun for example_sensor_decorator to None, run_after=None
[2023-07-02T12:07:31.957+0000] {processor.py:175} INFO - Processing /home/airflow/.local/lib/python3.7/site-packages/airflow/example_dags/example_sensor_decorator.py took 2.251 seconds
[2023-07-02T12:08:02.228+0000] {processor.py:153} INFO - Started process (PID=1252) to work on /home/airflow/.local/lib/python3.7/site-packages/airflow/example_dags/example_sensor_decorator.py
[2023-07-02T12:08:02.244+0000] {processor.py:743} INFO - Processing file /home/airflow/.local/lib/python3.7/site-packages/airflow/example_dags/example_sensor_decorator.py for tasks to queue
[2023-07-02T12:08:02.249+0000] {logging_mixin.py:137} INFO - [2023-07-02T12:08:02.248+0000] {dagbag.py:538} INFO - Filling up the DagBag from /home/airflow/.local/lib/python3.7/site-packages/airflow/example_dags/example_sensor_decorator.py
[2023-07-02T12:08:02.397+0000] {processor.py:753} INFO - DAG(s) dict_keys(['example_sensor_decorator']) retrieved from /home/airflow/.local/lib/python3.7/site-packages/airflow/example_dags/example_sensor_decorator.py
[2023-07-02T12:08:02.500+0000] {logging_mixin.py:137} INFO - [2023-07-02T12:08:02.500+0000] {dag.py:2690} INFO - Sync 1 DAGs
[2023-07-02T12:08:02.646+0000] {logging_mixin.py:137} INFO - [2023-07-02T12:08:02.645+0000] {dag.py:3441} INFO - Setting next_dagrun for example_sensor_decorator to None, run_after=None
[2023-07-02T12:08:02.713+0000] {processor.py:175} INFO - Processing /home/airflow/.local/lib/python3.7/site-packages/airflow/example_dags/example_sensor_decorator.py took 0.508 seconds
[2023-07-02T12:08:32.910+0000] {processor.py:153} INFO - Started process (PID=1309) to work on /home/airflow/.local/lib/python3.7/site-packages/airflow/example_dags/example_sensor_decorator.py
[2023-07-02T12:08:32.916+0000] {processor.py:743} INFO - Processing file /home/airflow/.local/lib/python3.7/site-packages/airflow/example_dags/example_sensor_decorator.py for tasks to queue
[2023-07-02T12:08:32.923+0000] {logging_mixin.py:137} INFO - [2023-07-02T12:08:32.922+0000] {dagbag.py:538} INFO - Filling up the DagBag from /home/airflow/.local/lib/python3.7/site-packages/airflow/example_dags/example_sensor_decorator.py
[2023-07-02T12:08:33.019+0000] {processor.py:753} INFO - DAG(s) dict_keys(['example_sensor_decorator']) retrieved from /home/airflow/.local/lib/python3.7/site-packages/airflow/example_dags/example_sensor_decorator.py
[2023-07-02T12:08:33.082+0000] {logging_mixin.py:137} INFO - [2023-07-02T12:08:33.081+0000] {dag.py:2690} INFO - Sync 1 DAGs
[2023-07-02T12:08:33.143+0000] {logging_mixin.py:137} INFO - [2023-07-02T12:08:33.143+0000] {dag.py:3441} INFO - Setting next_dagrun for example_sensor_decorator to None, run_after=None
[2023-07-02T12:08:33.210+0000] {processor.py:175} INFO - Processing /home/airflow/.local/lib/python3.7/site-packages/airflow/example_dags/example_sensor_decorator.py took 0.317 seconds
[2023-07-02T12:09:03.374+0000] {processor.py:153} INFO - Started process (PID=1368) to work on /home/airflow/.local/lib/python3.7/site-packages/airflow/example_dags/example_sensor_decorator.py
[2023-07-02T12:09:03.378+0000] {processor.py:743} INFO - Processing file /home/airflow/.local/lib/python3.7/site-packages/airflow/example_dags/example_sensor_decorator.py for tasks to queue
[2023-07-02T12:09:03.382+0000] {logging_mixin.py:137} INFO - [2023-07-02T12:09:03.382+0000] {dagbag.py:538} INFO - Filling up the DagBag from /home/airflow/.local/lib/python3.7/site-packages/airflow/example_dags/example_sensor_decorator.py
[2023-07-02T12:09:03.450+0000] {processor.py:753} INFO - DAG(s) dict_keys(['example_sensor_decorator']) retrieved from /home/airflow/.local/lib/python3.7/site-packages/airflow/example_dags/example_sensor_decorator.py
[2023-07-02T12:09:03.521+0000] {logging_mixin.py:137} INFO - [2023-07-02T12:09:03.520+0000] {dag.py:2690} INFO - Sync 1 DAGs
[2023-07-02T12:09:03.574+0000] {logging_mixin.py:137} INFO - [2023-07-02T12:09:03.574+0000] {dag.py:3441} INFO - Setting next_dagrun for example_sensor_decorator to None, run_after=None
[2023-07-02T12:09:03.637+0000] {processor.py:175} INFO - Processing /home/airflow/.local/lib/python3.7/site-packages/airflow/example_dags/example_sensor_decorator.py took 0.281 seconds
[2023-07-02T12:09:34.181+0000] {processor.py:153} INFO - Started process (PID=1426) to work on /home/airflow/.local/lib/python3.7/site-packages/airflow/example_dags/example_sensor_decorator.py
[2023-07-02T12:09:34.184+0000] {processor.py:743} INFO - Processing file /home/airflow/.local/lib/python3.7/site-packages/airflow/example_dags/example_sensor_decorator.py for tasks to queue
[2023-07-02T12:09:34.198+0000] {logging_mixin.py:137} INFO - [2023-07-02T12:09:34.198+0000] {dagbag.py:538} INFO - Filling up the DagBag from /home/airflow/.local/lib/python3.7/site-packages/airflow/example_dags/example_sensor_decorator.py
[2023-07-02T12:09:34.248+0000] {processor.py:753} INFO - DAG(s) dict_keys(['example_sensor_decorator']) retrieved from /home/airflow/.local/lib/python3.7/site-packages/airflow/example_dags/example_sensor_decorator.py
[2023-07-02T12:09:34.324+0000] {logging_mixin.py:137} INFO - [2023-07-02T12:09:34.323+0000] {dag.py:2690} INFO - Sync 1 DAGs
[2023-07-02T12:09:34.385+0000] {logging_mixin.py:137} INFO - [2023-07-02T12:09:34.385+0000] {dag.py:3441} INFO - Setting next_dagrun for example_sensor_decorator to None, run_after=None
[2023-07-02T12:09:34.441+0000] {processor.py:175} INFO - Processing /home/airflow/.local/lib/python3.7/site-packages/airflow/example_dags/example_sensor_decorator.py took 0.267 seconds
[2023-07-02T12:10:05.172+0000] {processor.py:153} INFO - Started process (PID=1483) to work on /home/airflow/.local/lib/python3.7/site-packages/airflow/example_dags/example_sensor_decorator.py
[2023-07-02T12:10:05.182+0000] {processor.py:743} INFO - Processing file /home/airflow/.local/lib/python3.7/site-packages/airflow/example_dags/example_sensor_decorator.py for tasks to queue
[2023-07-02T12:10:05.191+0000] {logging_mixin.py:137} INFO - [2023-07-02T12:10:05.191+0000] {dagbag.py:538} INFO - Filling up the DagBag from /home/airflow/.local/lib/python3.7/site-packages/airflow/example_dags/example_sensor_decorator.py
[2023-07-02T12:10:05.285+0000] {processor.py:753} INFO - DAG(s) dict_keys(['example_sensor_decorator']) retrieved from /home/airflow/.local/lib/python3.7/site-packages/airflow/example_dags/example_sensor_decorator.py
[2023-07-02T12:10:05.329+0000] {logging_mixin.py:137} INFO - [2023-07-02T12:10:05.329+0000] {dag.py:2690} INFO - Sync 1 DAGs
[2023-07-02T12:10:05.361+0000] {logging_mixin.py:137} INFO - [2023-07-02T12:10:05.361+0000] {dag.py:3441} INFO - Setting next_dagrun for example_sensor_decorator to None, run_after=None
[2023-07-02T12:10:05.394+0000] {processor.py:175} INFO - Processing /home/airflow/.local/lib/python3.7/site-packages/airflow/example_dags/example_sensor_decorator.py took 0.231 seconds
[2023-07-02T12:18:32.182+0000] {processor.py:153} INFO - Started process (PID=1554) to work on /home/airflow/.local/lib/python3.7/site-packages/airflow/example_dags/example_sensor_decorator.py
[2023-07-02T12:18:32.187+0000] {processor.py:743} INFO - Processing file /home/airflow/.local/lib/python3.7/site-packages/airflow/example_dags/example_sensor_decorator.py for tasks to queue
[2023-07-02T12:18:32.191+0000] {logging_mixin.py:137} INFO - [2023-07-02T12:18:32.190+0000] {dagbag.py:538} INFO - Filling up the DagBag from /home/airflow/.local/lib/python3.7/site-packages/airflow/example_dags/example_sensor_decorator.py
[2023-07-02T12:18:32.248+0000] {processor.py:753} INFO - DAG(s) dict_keys(['example_sensor_decorator']) retrieved from /home/airflow/.local/lib/python3.7/site-packages/airflow/example_dags/example_sensor_decorator.py
[2023-07-02T12:18:32.287+0000] {logging_mixin.py:137} INFO - [2023-07-02T12:18:32.287+0000] {dag.py:2690} INFO - Sync 1 DAGs
[2023-07-02T12:18:32.322+0000] {logging_mixin.py:137} INFO - [2023-07-02T12:18:32.322+0000] {dag.py:3441} INFO - Setting next_dagrun for example_sensor_decorator to None, run_after=None
[2023-07-02T12:18:32.371+0000] {processor.py:175} INFO - Processing /home/airflow/.local/lib/python3.7/site-packages/airflow/example_dags/example_sensor_decorator.py took 0.197 seconds
[2023-07-02T12:48:23.381+0000] {processor.py:153} INFO - Started process (PID=1593) to work on /home/airflow/.local/lib/python3.7/site-packages/airflow/example_dags/example_sensor_decorator.py
[2023-07-02T12:48:23.384+0000] {processor.py:743} INFO - Processing file /home/airflow/.local/lib/python3.7/site-packages/airflow/example_dags/example_sensor_decorator.py for tasks to queue
[2023-07-02T12:48:23.387+0000] {logging_mixin.py:137} INFO - [2023-07-02T12:48:23.386+0000] {dagbag.py:538} INFO - Filling up the DagBag from /home/airflow/.local/lib/python3.7/site-packages/airflow/example_dags/example_sensor_decorator.py
[2023-07-02T12:48:23.423+0000] {processor.py:753} INFO - DAG(s) dict_keys(['example_sensor_decorator']) retrieved from /home/airflow/.local/lib/python3.7/site-packages/airflow/example_dags/example_sensor_decorator.py
[2023-07-02T12:48:23.463+0000] {logging_mixin.py:137} INFO - [2023-07-02T12:48:23.463+0000] {dag.py:2690} INFO - Sync 1 DAGs
[2023-07-02T12:48:23.504+0000] {logging_mixin.py:137} INFO - [2023-07-02T12:48:23.504+0000] {dag.py:3441} INFO - Setting next_dagrun for example_sensor_decorator to None, run_after=None
[2023-07-02T12:48:23.556+0000] {processor.py:175} INFO - Processing /home/airflow/.local/lib/python3.7/site-packages/airflow/example_dags/example_sensor_decorator.py took 0.184 seconds
[2023-07-02T13:45:25.726+0000] {processor.py:153} INFO - Started process (PID=1640) to work on /home/airflow/.local/lib/python3.7/site-packages/airflow/example_dags/example_sensor_decorator.py
[2023-07-02T13:45:25.735+0000] {processor.py:743} INFO - Processing file /home/airflow/.local/lib/python3.7/site-packages/airflow/example_dags/example_sensor_decorator.py for tasks to queue
[2023-07-02T13:45:25.738+0000] {logging_mixin.py:137} INFO - [2023-07-02T13:45:25.737+0000] {dagbag.py:538} INFO - Filling up the DagBag from /home/airflow/.local/lib/python3.7/site-packages/airflow/example_dags/example_sensor_decorator.py
[2023-07-02T13:45:25.774+0000] {processor.py:753} INFO - DAG(s) dict_keys(['example_sensor_decorator']) retrieved from /home/airflow/.local/lib/python3.7/site-packages/airflow/example_dags/example_sensor_decorator.py
[2023-07-02T13:45:25.813+0000] {logging_mixin.py:137} INFO - [2023-07-02T13:45:25.813+0000] {dag.py:2690} INFO - Sync 1 DAGs
[2023-07-02T13:45:25.870+0000] {logging_mixin.py:137} INFO - [2023-07-02T13:45:25.870+0000] {dag.py:3441} INFO - Setting next_dagrun for example_sensor_decorator to None, run_after=None
[2023-07-02T13:45:25.908+0000] {processor.py:175} INFO - Processing /home/airflow/.local/lib/python3.7/site-packages/airflow/example_dags/example_sensor_decorator.py took 0.187 seconds
[2023-07-02T13:55:51.872+0000] {processor.py:153} INFO - Started process (PID=1689) to work on /home/airflow/.local/lib/python3.7/site-packages/airflow/example_dags/example_sensor_decorator.py
[2023-07-02T13:55:51.885+0000] {processor.py:743} INFO - Processing file /home/airflow/.local/lib/python3.7/site-packages/airflow/example_dags/example_sensor_decorator.py for tasks to queue
[2023-07-02T13:55:51.892+0000] {logging_mixin.py:137} INFO - [2023-07-02T13:55:51.891+0000] {dagbag.py:538} INFO - Filling up the DagBag from /home/airflow/.local/lib/python3.7/site-packages/airflow/example_dags/example_sensor_decorator.py
[2023-07-02T13:55:51.998+0000] {processor.py:753} INFO - DAG(s) dict_keys(['example_sensor_decorator']) retrieved from /home/airflow/.local/lib/python3.7/site-packages/airflow/example_dags/example_sensor_decorator.py
[2023-07-02T13:55:52.086+0000] {logging_mixin.py:137} INFO - [2023-07-02T13:55:52.086+0000] {dag.py:2690} INFO - Sync 1 DAGs
[2023-07-02T13:55:52.131+0000] {logging_mixin.py:137} INFO - [2023-07-02T13:55:52.130+0000] {dag.py:3441} INFO - Setting next_dagrun for example_sensor_decorator to None, run_after=None
[2023-07-02T13:55:52.161+0000] {processor.py:175} INFO - Processing /home/airflow/.local/lib/python3.7/site-packages/airflow/example_dags/example_sensor_decorator.py took 0.304 seconds
[2023-07-02T13:56:23.711+0000] {processor.py:153} INFO - Started process (PID=1748) to work on /home/airflow/.local/lib/python3.7/site-packages/airflow/example_dags/example_sensor_decorator.py
[2023-07-02T13:56:23.715+0000] {processor.py:743} INFO - Processing file /home/airflow/.local/lib/python3.7/site-packages/airflow/example_dags/example_sensor_decorator.py for tasks to queue
[2023-07-02T13:56:23.722+0000] {logging_mixin.py:137} INFO - [2023-07-02T13:56:23.721+0000] {dagbag.py:538} INFO - Filling up the DagBag from /home/airflow/.local/lib/python3.7/site-packages/airflow/example_dags/example_sensor_decorator.py
[2023-07-02T13:56:23.827+0000] {processor.py:753} INFO - DAG(s) dict_keys(['example_sensor_decorator']) retrieved from /home/airflow/.local/lib/python3.7/site-packages/airflow/example_dags/example_sensor_decorator.py
[2023-07-02T13:56:23.874+0000] {logging_mixin.py:137} INFO - [2023-07-02T13:56:23.874+0000] {dag.py:2690} INFO - Sync 1 DAGs
[2023-07-02T13:56:23.917+0000] {logging_mixin.py:137} INFO - [2023-07-02T13:56:23.917+0000] {dag.py:3441} INFO - Setting next_dagrun for example_sensor_decorator to None, run_after=None
[2023-07-02T13:56:23.952+0000] {processor.py:175} INFO - Processing /home/airflow/.local/lib/python3.7/site-packages/airflow/example_dags/example_sensor_decorator.py took 0.260 seconds
[2023-07-02T13:56:54.445+0000] {processor.py:153} INFO - Started process (PID=1817) to work on /home/airflow/.local/lib/python3.7/site-packages/airflow/example_dags/example_sensor_decorator.py
[2023-07-02T13:56:54.450+0000] {processor.py:743} INFO - Processing file /home/airflow/.local/lib/python3.7/site-packages/airflow/example_dags/example_sensor_decorator.py for tasks to queue
[2023-07-02T13:56:54.454+0000] {logging_mixin.py:137} INFO - [2023-07-02T13:56:54.453+0000] {dagbag.py:538} INFO - Filling up the DagBag from /home/airflow/.local/lib/python3.7/site-packages/airflow/example_dags/example_sensor_decorator.py
[2023-07-02T13:56:54.497+0000] {processor.py:753} INFO - DAG(s) dict_keys(['example_sensor_decorator']) retrieved from /home/airflow/.local/lib/python3.7/site-packages/airflow/example_dags/example_sensor_decorator.py
[2023-07-02T13:56:54.572+0000] {logging_mixin.py:137} INFO - [2023-07-02T13:56:54.572+0000] {dag.py:2690} INFO - Sync 1 DAGs
[2023-07-02T13:56:54.636+0000] {logging_mixin.py:137} INFO - [2023-07-02T13:56:54.635+0000] {dag.py:3441} INFO - Setting next_dagrun for example_sensor_decorator to None, run_after=None
[2023-07-02T13:56:54.680+0000] {processor.py:175} INFO - Processing /home/airflow/.local/lib/python3.7/site-packages/airflow/example_dags/example_sensor_decorator.py took 0.246 seconds
[2023-07-02T13:57:24.847+0000] {processor.py:153} INFO - Started process (PID=1876) to work on /home/airflow/.local/lib/python3.7/site-packages/airflow/example_dags/example_sensor_decorator.py
[2023-07-02T13:57:24.850+0000] {processor.py:743} INFO - Processing file /home/airflow/.local/lib/python3.7/site-packages/airflow/example_dags/example_sensor_decorator.py for tasks to queue
[2023-07-02T13:57:24.853+0000] {logging_mixin.py:137} INFO - [2023-07-02T13:57:24.852+0000] {dagbag.py:538} INFO - Filling up the DagBag from /home/airflow/.local/lib/python3.7/site-packages/airflow/example_dags/example_sensor_decorator.py
[2023-07-02T13:57:24.880+0000] {processor.py:753} INFO - DAG(s) dict_keys(['example_sensor_decorator']) retrieved from /home/airflow/.local/lib/python3.7/site-packages/airflow/example_dags/example_sensor_decorator.py
[2023-07-02T13:57:24.913+0000] {logging_mixin.py:137} INFO - [2023-07-02T13:57:24.913+0000] {dag.py:2690} INFO - Sync 1 DAGs
[2023-07-02T13:57:24.940+0000] {logging_mixin.py:137} INFO - [2023-07-02T13:57:24.940+0000] {dag.py:3441} INFO - Setting next_dagrun for example_sensor_decorator to None, run_after=None
[2023-07-02T13:57:24.965+0000] {processor.py:175} INFO - Processing /home/airflow/.local/lib/python3.7/site-packages/airflow/example_dags/example_sensor_decorator.py took 0.122 seconds
[2023-07-02T14:07:20.987+0000] {processor.py:153} INFO - Started process (PID=1929) to work on /home/airflow/.local/lib/python3.7/site-packages/airflow/example_dags/example_sensor_decorator.py
[2023-07-02T14:07:20.990+0000] {processor.py:743} INFO - Processing file /home/airflow/.local/lib/python3.7/site-packages/airflow/example_dags/example_sensor_decorator.py for tasks to queue
[2023-07-02T14:07:20.993+0000] {logging_mixin.py:137} INFO - [2023-07-02T14:07:20.993+0000] {dagbag.py:538} INFO - Filling up the DagBag from /home/airflow/.local/lib/python3.7/site-packages/airflow/example_dags/example_sensor_decorator.py
[2023-07-02T14:07:21.030+0000] {processor.py:753} INFO - DAG(s) dict_keys(['example_sensor_decorator']) retrieved from /home/airflow/.local/lib/python3.7/site-packages/airflow/example_dags/example_sensor_decorator.py
[2023-07-02T14:07:21.067+0000] {logging_mixin.py:137} INFO - [2023-07-02T14:07:21.067+0000] {dag.py:2690} INFO - Sync 1 DAGs
[2023-07-02T14:07:21.134+0000] {logging_mixin.py:137} INFO - [2023-07-02T14:07:21.133+0000] {dag.py:3441} INFO - Setting next_dagrun for example_sensor_decorator to None, run_after=None
[2023-07-02T14:07:21.160+0000] {processor.py:175} INFO - Processing /home/airflow/.local/lib/python3.7/site-packages/airflow/example_dags/example_sensor_decorator.py took 0.179 seconds
[2023-07-02T15:57:42.273+0000] {processor.py:153} INFO - Started process (PID=1978) to work on /home/airflow/.local/lib/python3.7/site-packages/airflow/example_dags/example_sensor_decorator.py
[2023-07-02T15:57:42.276+0000] {processor.py:743} INFO - Processing file /home/airflow/.local/lib/python3.7/site-packages/airflow/example_dags/example_sensor_decorator.py for tasks to queue
[2023-07-02T15:57:42.278+0000] {logging_mixin.py:137} INFO - [2023-07-02T15:57:42.278+0000] {dagbag.py:538} INFO - Filling up the DagBag from /home/airflow/.local/lib/python3.7/site-packages/airflow/example_dags/example_sensor_decorator.py
[2023-07-02T15:57:42.317+0000] {processor.py:753} INFO - DAG(s) dict_keys(['example_sensor_decorator']) retrieved from /home/airflow/.local/lib/python3.7/site-packages/airflow/example_dags/example_sensor_decorator.py
[2023-07-02T15:57:42.353+0000] {logging_mixin.py:137} INFO - [2023-07-02T15:57:42.353+0000] {dag.py:2690} INFO - Sync 1 DAGs
[2023-07-02T15:57:42.396+0000] {logging_mixin.py:137} INFO - [2023-07-02T15:57:42.396+0000] {dag.py:3441} INFO - Setting next_dagrun for example_sensor_decorator to None, run_after=None
[2023-07-02T15:57:42.438+0000] {processor.py:175} INFO - Processing /home/airflow/.local/lib/python3.7/site-packages/airflow/example_dags/example_sensor_decorator.py took 0.169 seconds
[2023-07-02T17:58:05.466+0000] {processor.py:153} INFO - Started process (PID=2037) to work on /home/airflow/.local/lib/python3.7/site-packages/airflow/example_dags/example_sensor_decorator.py
[2023-07-02T17:58:05.470+0000] {processor.py:743} INFO - Processing file /home/airflow/.local/lib/python3.7/site-packages/airflow/example_dags/example_sensor_decorator.py for tasks to queue
[2023-07-02T17:58:05.476+0000] {logging_mixin.py:137} INFO - [2023-07-02T17:58:05.474+0000] {dagbag.py:538} INFO - Filling up the DagBag from /home/airflow/.local/lib/python3.7/site-packages/airflow/example_dags/example_sensor_decorator.py
[2023-07-02T17:58:05.512+0000] {processor.py:753} INFO - DAG(s) dict_keys(['example_sensor_decorator']) retrieved from /home/airflow/.local/lib/python3.7/site-packages/airflow/example_dags/example_sensor_decorator.py
[2023-07-02T17:58:05.544+0000] {logging_mixin.py:137} INFO - [2023-07-02T17:58:05.544+0000] {dag.py:2690} INFO - Sync 1 DAGs
[2023-07-02T17:58:05.578+0000] {logging_mixin.py:137} INFO - [2023-07-02T17:58:05.578+0000] {dag.py:3441} INFO - Setting next_dagrun for example_sensor_decorator to None, run_after=None
[2023-07-02T17:58:05.603+0000] {processor.py:175} INFO - Processing /home/airflow/.local/lib/python3.7/site-packages/airflow/example_dags/example_sensor_decorator.py took 0.145 seconds
[2023-07-02T18:10:23.567+0000] {processor.py:153} INFO - Started process (PID=2096) to work on /home/airflow/.local/lib/python3.7/site-packages/airflow/example_dags/example_sensor_decorator.py
[2023-07-02T18:10:23.574+0000] {processor.py:743} INFO - Processing file /home/airflow/.local/lib/python3.7/site-packages/airflow/example_dags/example_sensor_decorator.py for tasks to queue
[2023-07-02T18:10:23.578+0000] {logging_mixin.py:137} INFO - [2023-07-02T18:10:23.577+0000] {dagbag.py:538} INFO - Filling up the DagBag from /home/airflow/.local/lib/python3.7/site-packages/airflow/example_dags/example_sensor_decorator.py
[2023-07-02T18:10:23.620+0000] {processor.py:753} INFO - DAG(s) dict_keys(['example_sensor_decorator']) retrieved from /home/airflow/.local/lib/python3.7/site-packages/airflow/example_dags/example_sensor_decorator.py
[2023-07-02T18:10:23.667+0000] {logging_mixin.py:137} INFO - [2023-07-02T18:10:23.667+0000] {dag.py:2690} INFO - Sync 1 DAGs
[2023-07-02T18:10:23.756+0000] {logging_mixin.py:137} INFO - [2023-07-02T18:10:23.756+0000] {dag.py:3441} INFO - Setting next_dagrun for example_sensor_decorator to None, run_after=None
[2023-07-02T18:10:23.798+0000] {processor.py:175} INFO - Processing /home/airflow/.local/lib/python3.7/site-packages/airflow/example_dags/example_sensor_decorator.py took 0.237 seconds
[2023-07-02T20:10:45.222+0000] {processor.py:153} INFO - Started process (PID=2145) to work on /home/airflow/.local/lib/python3.7/site-packages/airflow/example_dags/example_sensor_decorator.py
[2023-07-02T20:10:45.225+0000] {processor.py:743} INFO - Processing file /home/airflow/.local/lib/python3.7/site-packages/airflow/example_dags/example_sensor_decorator.py for tasks to queue
[2023-07-02T20:10:45.228+0000] {logging_mixin.py:137} INFO - [2023-07-02T20:10:45.228+0000] {dagbag.py:538} INFO - Filling up the DagBag from /home/airflow/.local/lib/python3.7/site-packages/airflow/example_dags/example_sensor_decorator.py
[2023-07-02T20:10:45.283+0000] {processor.py:753} INFO - DAG(s) dict_keys(['example_sensor_decorator']) retrieved from /home/airflow/.local/lib/python3.7/site-packages/airflow/example_dags/example_sensor_decorator.py
[2023-07-02T20:10:45.343+0000] {logging_mixin.py:137} INFO - [2023-07-02T20:10:45.343+0000] {dag.py:2690} INFO - Sync 1 DAGs
[2023-07-02T20:10:45.399+0000] {logging_mixin.py:137} INFO - [2023-07-02T20:10:45.398+0000] {dag.py:3441} INFO - Setting next_dagrun for example_sensor_decorator to None, run_after=None
[2023-07-02T20:10:45.445+0000] {processor.py:175} INFO - Processing /home/airflow/.local/lib/python3.7/site-packages/airflow/example_dags/example_sensor_decorator.py took 0.228 seconds
[2023-07-02T22:11:10.322+0000] {processor.py:153} INFO - Started process (PID=2203) to work on /home/airflow/.local/lib/python3.7/site-packages/airflow/example_dags/example_sensor_decorator.py
[2023-07-02T22:11:10.325+0000] {processor.py:743} INFO - Processing file /home/airflow/.local/lib/python3.7/site-packages/airflow/example_dags/example_sensor_decorator.py for tasks to queue
[2023-07-02T22:11:10.327+0000] {logging_mixin.py:137} INFO - [2023-07-02T22:11:10.327+0000] {dagbag.py:538} INFO - Filling up the DagBag from /home/airflow/.local/lib/python3.7/site-packages/airflow/example_dags/example_sensor_decorator.py
[2023-07-02T22:11:10.363+0000] {processor.py:753} INFO - DAG(s) dict_keys(['example_sensor_decorator']) retrieved from /home/airflow/.local/lib/python3.7/site-packages/airflow/example_dags/example_sensor_decorator.py
[2023-07-02T22:11:10.402+0000] {logging_mixin.py:137} INFO - [2023-07-02T22:11:10.401+0000] {dag.py:2690} INFO - Sync 1 DAGs
[2023-07-02T22:11:10.440+0000] {logging_mixin.py:137} INFO - [2023-07-02T22:11:10.440+0000] {dag.py:3441} INFO - Setting next_dagrun for example_sensor_decorator to None, run_after=None
[2023-07-02T22:11:10.466+0000] {processor.py:175} INFO - Processing /home/airflow/.local/lib/python3.7/site-packages/airflow/example_dags/example_sensor_decorator.py took 0.152 seconds
[2023-07-02T22:49:08.012+0000] {processor.py:153} INFO - Started process (PID=2260) to work on /home/airflow/.local/lib/python3.7/site-packages/airflow/example_dags/example_sensor_decorator.py
[2023-07-02T22:49:08.025+0000] {processor.py:743} INFO - Processing file /home/airflow/.local/lib/python3.7/site-packages/airflow/example_dags/example_sensor_decorator.py for tasks to queue
[2023-07-02T22:49:08.030+0000] {logging_mixin.py:137} INFO - [2023-07-02T22:49:08.029+0000] {dagbag.py:538} INFO - Filling up the DagBag from /home/airflow/.local/lib/python3.7/site-packages/airflow/example_dags/example_sensor_decorator.py
[2023-07-02T22:49:08.129+0000] {processor.py:753} INFO - DAG(s) dict_keys(['example_sensor_decorator']) retrieved from /home/airflow/.local/lib/python3.7/site-packages/airflow/example_dags/example_sensor_decorator.py
[2023-07-02T22:49:08.181+0000] {logging_mixin.py:137} INFO - [2023-07-02T22:49:08.180+0000] {dag.py:2690} INFO - Sync 1 DAGs
[2023-07-02T22:49:08.225+0000] {logging_mixin.py:137} INFO - [2023-07-02T22:49:08.225+0000] {dag.py:3441} INFO - Setting next_dagrun for example_sensor_decorator to None, run_after=None
[2023-07-02T22:49:08.265+0000] {processor.py:175} INFO - Processing /home/airflow/.local/lib/python3.7/site-packages/airflow/example_dags/example_sensor_decorator.py took 0.261 seconds
[2023-07-02T22:49:39.810+0000] {processor.py:153} INFO - Started process (PID=2325) to work on /home/airflow/.local/lib/python3.7/site-packages/airflow/example_dags/example_sensor_decorator.py
[2023-07-02T22:49:39.818+0000] {processor.py:743} INFO - Processing file /home/airflow/.local/lib/python3.7/site-packages/airflow/example_dags/example_sensor_decorator.py for tasks to queue
[2023-07-02T22:49:39.830+0000] {logging_mixin.py:137} INFO - [2023-07-02T22:49:39.826+0000] {dagbag.py:538} INFO - Filling up the DagBag from /home/airflow/.local/lib/python3.7/site-packages/airflow/example_dags/example_sensor_decorator.py
[2023-07-02T22:49:39.989+0000] {processor.py:753} INFO - DAG(s) dict_keys(['example_sensor_decorator']) retrieved from /home/airflow/.local/lib/python3.7/site-packages/airflow/example_dags/example_sensor_decorator.py
[2023-07-02T22:49:40.099+0000] {logging_mixin.py:137} INFO - [2023-07-02T22:49:40.098+0000] {dag.py:2690} INFO - Sync 1 DAGs
[2023-07-02T22:49:40.238+0000] {logging_mixin.py:137} INFO - [2023-07-02T22:49:40.238+0000] {dag.py:3441} INFO - Setting next_dagrun for example_sensor_decorator to None, run_after=None
[2023-07-02T22:49:40.370+0000] {processor.py:175} INFO - Processing /home/airflow/.local/lib/python3.7/site-packages/airflow/example_dags/example_sensor_decorator.py took 0.593 seconds
[2023-07-02T22:50:10.987+0000] {processor.py:153} INFO - Started process (PID=2377) to work on /home/airflow/.local/lib/python3.7/site-packages/airflow/example_dags/example_sensor_decorator.py
[2023-07-02T22:50:10.989+0000] {processor.py:743} INFO - Processing file /home/airflow/.local/lib/python3.7/site-packages/airflow/example_dags/example_sensor_decorator.py for tasks to queue
[2023-07-02T22:50:10.992+0000] {logging_mixin.py:137} INFO - [2023-07-02T22:50:10.992+0000] {dagbag.py:538} INFO - Filling up the DagBag from /home/airflow/.local/lib/python3.7/site-packages/airflow/example_dags/example_sensor_decorator.py
[2023-07-02T22:50:11.024+0000] {processor.py:753} INFO - DAG(s) dict_keys(['example_sensor_decorator']) retrieved from /home/airflow/.local/lib/python3.7/site-packages/airflow/example_dags/example_sensor_decorator.py
[2023-07-02T22:50:11.074+0000] {logging_mixin.py:137} INFO - [2023-07-02T22:50:11.074+0000] {dag.py:2690} INFO - Sync 1 DAGs
[2023-07-02T22:50:11.108+0000] {logging_mixin.py:137} INFO - [2023-07-02T22:50:11.107+0000] {dag.py:3441} INFO - Setting next_dagrun for example_sensor_decorator to None, run_after=None
[2023-07-02T22:50:11.142+0000] {processor.py:175} INFO - Processing /home/airflow/.local/lib/python3.7/site-packages/airflow/example_dags/example_sensor_decorator.py took 0.164 seconds
[2023-07-02T22:50:43.599+0000] {processor.py:153} INFO - Started process (PID=2445) to work on /home/airflow/.local/lib/python3.7/site-packages/airflow/example_dags/example_sensor_decorator.py
[2023-07-02T22:50:43.611+0000] {processor.py:743} INFO - Processing file /home/airflow/.local/lib/python3.7/site-packages/airflow/example_dags/example_sensor_decorator.py for tasks to queue
[2023-07-02T22:50:43.635+0000] {logging_mixin.py:137} INFO - [2023-07-02T22:50:43.627+0000] {dagbag.py:538} INFO - Filling up the DagBag from /home/airflow/.local/lib/python3.7/site-packages/airflow/example_dags/example_sensor_decorator.py
[2023-07-02T22:50:43.795+0000] {processor.py:753} INFO - DAG(s) dict_keys(['example_sensor_decorator']) retrieved from /home/airflow/.local/lib/python3.7/site-packages/airflow/example_dags/example_sensor_decorator.py
[2023-07-02T22:50:43.985+0000] {logging_mixin.py:137} INFO - [2023-07-02T22:50:43.974+0000] {dag.py:2690} INFO - Sync 1 DAGs
[2023-07-02T22:50:44.233+0000] {logging_mixin.py:137} INFO - [2023-07-02T22:50:44.232+0000] {dag.py:3441} INFO - Setting next_dagrun for example_sensor_decorator to None, run_after=None
[2023-07-02T22:50:44.376+0000] {processor.py:175} INFO - Processing /home/airflow/.local/lib/python3.7/site-packages/airflow/example_dags/example_sensor_decorator.py took 0.809 seconds
[2023-07-02T22:55:17.077+0000] {processor.py:153} INFO - Started process (PID=2532) to work on /home/airflow/.local/lib/python3.7/site-packages/airflow/example_dags/example_sensor_decorator.py
[2023-07-02T22:55:17.080+0000] {processor.py:743} INFO - Processing file /home/airflow/.local/lib/python3.7/site-packages/airflow/example_dags/example_sensor_decorator.py for tasks to queue
[2023-07-02T22:55:17.083+0000] {logging_mixin.py:137} INFO - [2023-07-02T22:55:17.083+0000] {dagbag.py:538} INFO - Filling up the DagBag from /home/airflow/.local/lib/python3.7/site-packages/airflow/example_dags/example_sensor_decorator.py
[2023-07-02T22:55:17.117+0000] {processor.py:753} INFO - DAG(s) dict_keys(['example_sensor_decorator']) retrieved from /home/airflow/.local/lib/python3.7/site-packages/airflow/example_dags/example_sensor_decorator.py
[2023-07-02T22:55:17.159+0000] {logging_mixin.py:137} INFO - [2023-07-02T22:55:17.159+0000] {dag.py:2690} INFO - Sync 1 DAGs
[2023-07-02T22:55:17.201+0000] {logging_mixin.py:137} INFO - [2023-07-02T22:55:17.200+0000] {dag.py:3441} INFO - Setting next_dagrun for example_sensor_decorator to None, run_after=None
[2023-07-02T22:55:17.236+0000] {processor.py:175} INFO - Processing /home/airflow/.local/lib/python3.7/site-packages/airflow/example_dags/example_sensor_decorator.py took 0.170 seconds
[2023-07-02T22:55:56.060+0000] {processor.py:153} INFO - Started process (PID=2600) to work on /home/airflow/.local/lib/python3.7/site-packages/airflow/example_dags/example_sensor_decorator.py
[2023-07-02T22:55:56.064+0000] {processor.py:743} INFO - Processing file /home/airflow/.local/lib/python3.7/site-packages/airflow/example_dags/example_sensor_decorator.py for tasks to queue
[2023-07-02T22:55:56.068+0000] {logging_mixin.py:137} INFO - [2023-07-02T22:55:56.068+0000] {dagbag.py:538} INFO - Filling up the DagBag from /home/airflow/.local/lib/python3.7/site-packages/airflow/example_dags/example_sensor_decorator.py
[2023-07-02T22:55:56.114+0000] {processor.py:753} INFO - DAG(s) dict_keys(['example_sensor_decorator']) retrieved from /home/airflow/.local/lib/python3.7/site-packages/airflow/example_dags/example_sensor_decorator.py
[2023-07-02T22:55:56.163+0000] {logging_mixin.py:137} INFO - [2023-07-02T22:55:56.163+0000] {dag.py:2690} INFO - Sync 1 DAGs
[2023-07-02T22:55:56.212+0000] {logging_mixin.py:137} INFO - [2023-07-02T22:55:56.211+0000] {dag.py:3441} INFO - Setting next_dagrun for example_sensor_decorator to None, run_after=None
[2023-07-02T22:55:56.276+0000] {processor.py:175} INFO - Processing /home/airflow/.local/lib/python3.7/site-packages/airflow/example_dags/example_sensor_decorator.py took 0.225 seconds
[2023-07-02T22:56:27.021+0000] {processor.py:153} INFO - Started process (PID=2659) to work on /home/airflow/.local/lib/python3.7/site-packages/airflow/example_dags/example_sensor_decorator.py
[2023-07-02T22:56:27.024+0000] {processor.py:743} INFO - Processing file /home/airflow/.local/lib/python3.7/site-packages/airflow/example_dags/example_sensor_decorator.py for tasks to queue
[2023-07-02T22:56:27.027+0000] {logging_mixin.py:137} INFO - [2023-07-02T22:56:27.026+0000] {dagbag.py:538} INFO - Filling up the DagBag from /home/airflow/.local/lib/python3.7/site-packages/airflow/example_dags/example_sensor_decorator.py
[2023-07-02T22:56:27.064+0000] {processor.py:753} INFO - DAG(s) dict_keys(['example_sensor_decorator']) retrieved from /home/airflow/.local/lib/python3.7/site-packages/airflow/example_dags/example_sensor_decorator.py
[2023-07-02T22:56:27.125+0000] {logging_mixin.py:137} INFO - [2023-07-02T22:56:27.125+0000] {dag.py:2690} INFO - Sync 1 DAGs
[2023-07-02T22:56:27.158+0000] {logging_mixin.py:137} INFO - [2023-07-02T22:56:27.158+0000] {dag.py:3441} INFO - Setting next_dagrun for example_sensor_decorator to None, run_after=None
[2023-07-02T22:56:27.214+0000] {processor.py:175} INFO - Processing /home/airflow/.local/lib/python3.7/site-packages/airflow/example_dags/example_sensor_decorator.py took 0.200 seconds
[2023-07-02T23:02:34.974+0000] {processor.py:153} INFO - Started process (PID=2708) to work on /home/airflow/.local/lib/python3.7/site-packages/airflow/example_dags/example_sensor_decorator.py
[2023-07-02T23:02:34.977+0000] {processor.py:743} INFO - Processing file /home/airflow/.local/lib/python3.7/site-packages/airflow/example_dags/example_sensor_decorator.py for tasks to queue
[2023-07-02T23:02:34.981+0000] {logging_mixin.py:137} INFO - [2023-07-02T23:02:34.980+0000] {dagbag.py:538} INFO - Filling up the DagBag from /home/airflow/.local/lib/python3.7/site-packages/airflow/example_dags/example_sensor_decorator.py
[2023-07-02T23:02:35.029+0000] {processor.py:753} INFO - DAG(s) dict_keys(['example_sensor_decorator']) retrieved from /home/airflow/.local/lib/python3.7/site-packages/airflow/example_dags/example_sensor_decorator.py
[2023-07-02T23:02:35.066+0000] {logging_mixin.py:137} INFO - [2023-07-02T23:02:35.066+0000] {dag.py:2690} INFO - Sync 1 DAGs
[2023-07-02T23:02:35.109+0000] {logging_mixin.py:137} INFO - [2023-07-02T23:02:35.109+0000] {dag.py:3441} INFO - Setting next_dagrun for example_sensor_decorator to None, run_after=None
[2023-07-02T23:02:35.142+0000] {processor.py:175} INFO - Processing /home/airflow/.local/lib/python3.7/site-packages/airflow/example_dags/example_sensor_decorator.py took 0.174 seconds
[2023-07-02T23:03:17.630+0000] {processor.py:153} INFO - Started process (PID=2778) to work on /home/airflow/.local/lib/python3.7/site-packages/airflow/example_dags/example_sensor_decorator.py
[2023-07-02T23:03:17.633+0000] {processor.py:743} INFO - Processing file /home/airflow/.local/lib/python3.7/site-packages/airflow/example_dags/example_sensor_decorator.py for tasks to queue
[2023-07-02T23:03:17.635+0000] {logging_mixin.py:137} INFO - [2023-07-02T23:03:17.635+0000] {dagbag.py:538} INFO - Filling up the DagBag from /home/airflow/.local/lib/python3.7/site-packages/airflow/example_dags/example_sensor_decorator.py
[2023-07-02T23:03:17.675+0000] {processor.py:753} INFO - DAG(s) dict_keys(['example_sensor_decorator']) retrieved from /home/airflow/.local/lib/python3.7/site-packages/airflow/example_dags/example_sensor_decorator.py
[2023-07-02T23:03:17.714+0000] {logging_mixin.py:137} INFO - [2023-07-02T23:03:17.714+0000] {dag.py:2690} INFO - Sync 1 DAGs
[2023-07-02T23:03:17.751+0000] {logging_mixin.py:137} INFO - [2023-07-02T23:03:17.751+0000] {dag.py:3441} INFO - Setting next_dagrun for example_sensor_decorator to None, run_after=None
[2023-07-02T23:03:17.790+0000] {processor.py:175} INFO - Processing /home/airflow/.local/lib/python3.7/site-packages/airflow/example_dags/example_sensor_decorator.py took 0.167 seconds
[2023-07-02T23:04:00.529+0000] {processor.py:153} INFO - Started process (PID=2845) to work on /home/airflow/.local/lib/python3.7/site-packages/airflow/example_dags/example_sensor_decorator.py
[2023-07-02T23:04:00.535+0000] {processor.py:743} INFO - Processing file /home/airflow/.local/lib/python3.7/site-packages/airflow/example_dags/example_sensor_decorator.py for tasks to queue
[2023-07-02T23:04:00.543+0000] {logging_mixin.py:137} INFO - [2023-07-02T23:04:00.542+0000] {dagbag.py:538} INFO - Filling up the DagBag from /home/airflow/.local/lib/python3.7/site-packages/airflow/example_dags/example_sensor_decorator.py
[2023-07-02T23:04:00.676+0000] {processor.py:753} INFO - DAG(s) dict_keys(['example_sensor_decorator']) retrieved from /home/airflow/.local/lib/python3.7/site-packages/airflow/example_dags/example_sensor_decorator.py
[2023-07-02T23:04:00.750+0000] {logging_mixin.py:137} INFO - [2023-07-02T23:04:00.750+0000] {dag.py:2690} INFO - Sync 1 DAGs
[2023-07-02T23:04:00.821+0000] {logging_mixin.py:137} INFO - [2023-07-02T23:04:00.820+0000] {dag.py:3441} INFO - Setting next_dagrun for example_sensor_decorator to None, run_after=None
[2023-07-02T23:04:00.869+0000] {processor.py:175} INFO - Processing /home/airflow/.local/lib/python3.7/site-packages/airflow/example_dags/example_sensor_decorator.py took 0.360 seconds
[2023-07-02T23:07:24.289+0000] {processor.py:153} INFO - Started process (PID=2900) to work on /home/airflow/.local/lib/python3.7/site-packages/airflow/example_dags/example_sensor_decorator.py
[2023-07-02T23:07:24.292+0000] {processor.py:743} INFO - Processing file /home/airflow/.local/lib/python3.7/site-packages/airflow/example_dags/example_sensor_decorator.py for tasks to queue
[2023-07-02T23:07:24.297+0000] {logging_mixin.py:137} INFO - [2023-07-02T23:07:24.296+0000] {dagbag.py:538} INFO - Filling up the DagBag from /home/airflow/.local/lib/python3.7/site-packages/airflow/example_dags/example_sensor_decorator.py
[2023-07-02T23:07:24.331+0000] {processor.py:753} INFO - DAG(s) dict_keys(['example_sensor_decorator']) retrieved from /home/airflow/.local/lib/python3.7/site-packages/airflow/example_dags/example_sensor_decorator.py
[2023-07-02T23:07:24.365+0000] {logging_mixin.py:137} INFO - [2023-07-02T23:07:24.365+0000] {dag.py:2690} INFO - Sync 1 DAGs
[2023-07-02T23:07:24.409+0000] {logging_mixin.py:137} INFO - [2023-07-02T23:07:24.409+0000] {dag.py:3441} INFO - Setting next_dagrun for example_sensor_decorator to None, run_after=None
[2023-07-02T23:07:24.444+0000] {processor.py:175} INFO - Processing /home/airflow/.local/lib/python3.7/site-packages/airflow/example_dags/example_sensor_decorator.py took 0.165 seconds
[2023-07-02T23:08:22.453+0000] {processor.py:153} INFO - Started process (PID=2968) to work on /home/airflow/.local/lib/python3.7/site-packages/airflow/example_dags/example_sensor_decorator.py
[2023-07-02T23:08:22.463+0000] {processor.py:743} INFO - Processing file /home/airflow/.local/lib/python3.7/site-packages/airflow/example_dags/example_sensor_decorator.py for tasks to queue
[2023-07-02T23:08:22.466+0000] {logging_mixin.py:137} INFO - [2023-07-02T23:08:22.465+0000] {dagbag.py:538} INFO - Filling up the DagBag from /home/airflow/.local/lib/python3.7/site-packages/airflow/example_dags/example_sensor_decorator.py
[2023-07-02T23:08:22.653+0000] {processor.py:753} INFO - DAG(s) dict_keys(['example_sensor_decorator']) retrieved from /home/airflow/.local/lib/python3.7/site-packages/airflow/example_dags/example_sensor_decorator.py
[2023-07-02T23:08:22.851+0000] {logging_mixin.py:137} INFO - [2023-07-02T23:08:22.851+0000] {dag.py:2690} INFO - Sync 1 DAGs
[2023-07-02T23:08:22.984+0000] {logging_mixin.py:137} INFO - [2023-07-02T23:08:22.984+0000] {dag.py:3441} INFO - Setting next_dagrun for example_sensor_decorator to None, run_after=None
[2023-07-02T23:08:23.045+0000] {processor.py:175} INFO - Processing /home/airflow/.local/lib/python3.7/site-packages/airflow/example_dags/example_sensor_decorator.py took 0.649 seconds
[2023-07-02T23:09:09.164+0000] {processor.py:153} INFO - Started process (PID=3040) to work on /home/airflow/.local/lib/python3.7/site-packages/airflow/example_dags/example_sensor_decorator.py
[2023-07-02T23:09:09.168+0000] {processor.py:743} INFO - Processing file /home/airflow/.local/lib/python3.7/site-packages/airflow/example_dags/example_sensor_decorator.py for tasks to queue
[2023-07-02T23:09:09.172+0000] {logging_mixin.py:137} INFO - [2023-07-02T23:09:09.171+0000] {dagbag.py:538} INFO - Filling up the DagBag from /home/airflow/.local/lib/python3.7/site-packages/airflow/example_dags/example_sensor_decorator.py
[2023-07-02T23:09:09.245+0000] {processor.py:753} INFO - DAG(s) dict_keys(['example_sensor_decorator']) retrieved from /home/airflow/.local/lib/python3.7/site-packages/airflow/example_dags/example_sensor_decorator.py
[2023-07-02T23:09:09.309+0000] {logging_mixin.py:137} INFO - [2023-07-02T23:09:09.309+0000] {dag.py:2690} INFO - Sync 1 DAGs
[2023-07-02T23:09:09.364+0000] {logging_mixin.py:137} INFO - [2023-07-02T23:09:09.363+0000] {dag.py:3441} INFO - Setting next_dagrun for example_sensor_decorator to None, run_after=None
[2023-07-02T23:09:09.392+0000] {processor.py:175} INFO - Processing /home/airflow/.local/lib/python3.7/site-packages/airflow/example_dags/example_sensor_decorator.py took 0.241 seconds
