[2023-07-02T03:01:47.464+0000] {processor.py:153} INFO - Started process (PID=50) to work on /home/airflow/.local/lib/python3.7/site-packages/airflow/example_dags/example_branch_python_dop_operator_3.py
[2023-07-02T03:01:47.469+0000] {processor.py:743} INFO - Processing file /home/airflow/.local/lib/python3.7/site-packages/airflow/example_dags/example_branch_python_dop_operator_3.py for tasks to queue
[2023-07-02T03:01:47.474+0000] {logging_mixin.py:137} INFO - [2023-07-02T03:01:47.474+0000] {dagbag.py:538} INFO - Filling up the DagBag from /home/airflow/.local/lib/python3.7/site-packages/airflow/example_dags/example_branch_python_dop_operator_3.py
[2023-07-02T03:01:47.554+0000] {processor.py:753} INFO - DAG(s) dict_keys(['example_branch_dop_operator_v3']) retrieved from /home/airflow/.local/lib/python3.7/site-packages/airflow/example_dags/example_branch_python_dop_operator_3.py
[2023-07-02T03:01:47.620+0000] {logging_mixin.py:137} INFO - [2023-07-02T03:01:47.619+0000] {dag.py:2690} INFO - Sync 1 DAGs
[2023-07-02T03:01:47.752+0000] {logging_mixin.py:137} INFO - [2023-07-02T03:01:47.752+0000] {dag.py:3441} INFO - Setting next_dagrun for example_branch_dop_operator_v3 to 2023-07-02T03:00:00+00:00, run_after=2023-07-02T03:01:00+00:00
[2023-07-02T03:01:47.810+0000] {processor.py:175} INFO - Processing /home/airflow/.local/lib/python3.7/site-packages/airflow/example_dags/example_branch_python_dop_operator_3.py took 0.372 seconds
[2023-07-02T03:02:18.263+0000] {processor.py:153} INFO - Started process (PID=107) to work on /home/airflow/.local/lib/python3.7/site-packages/airflow/example_dags/example_branch_python_dop_operator_3.py
[2023-07-02T03:02:18.266+0000] {processor.py:743} INFO - Processing file /home/airflow/.local/lib/python3.7/site-packages/airflow/example_dags/example_branch_python_dop_operator_3.py for tasks to queue
[2023-07-02T03:02:18.268+0000] {logging_mixin.py:137} INFO - [2023-07-02T03:02:18.268+0000] {dagbag.py:538} INFO - Filling up the DagBag from /home/airflow/.local/lib/python3.7/site-packages/airflow/example_dags/example_branch_python_dop_operator_3.py
[2023-07-02T03:02:18.299+0000] {processor.py:753} INFO - DAG(s) dict_keys(['example_branch_dop_operator_v3']) retrieved from /home/airflow/.local/lib/python3.7/site-packages/airflow/example_dags/example_branch_python_dop_operator_3.py
[2023-07-02T03:02:18.331+0000] {logging_mixin.py:137} INFO - [2023-07-02T03:02:18.331+0000] {dag.py:2690} INFO - Sync 1 DAGs
[2023-07-02T03:02:18.365+0000] {logging_mixin.py:137} INFO - [2023-07-02T03:02:18.365+0000] {dag.py:3441} INFO - Setting next_dagrun for example_branch_dop_operator_v3 to 2023-07-02T03:01:00+00:00, run_after=2023-07-02T03:02:00+00:00
[2023-07-02T03:02:18.392+0000] {processor.py:175} INFO - Processing /home/airflow/.local/lib/python3.7/site-packages/airflow/example_dags/example_branch_python_dop_operator_3.py took 0.134 seconds
[2023-07-02T03:02:48.851+0000] {processor.py:153} INFO - Started process (PID=175) to work on /home/airflow/.local/lib/python3.7/site-packages/airflow/example_dags/example_branch_python_dop_operator_3.py
[2023-07-02T03:02:48.857+0000] {processor.py:743} INFO - Processing file /home/airflow/.local/lib/python3.7/site-packages/airflow/example_dags/example_branch_python_dop_operator_3.py for tasks to queue
[2023-07-02T03:02:48.860+0000] {logging_mixin.py:137} INFO - [2023-07-02T03:02:48.860+0000] {dagbag.py:538} INFO - Filling up the DagBag from /home/airflow/.local/lib/python3.7/site-packages/airflow/example_dags/example_branch_python_dop_operator_3.py
[2023-07-02T03:02:48.896+0000] {processor.py:753} INFO - DAG(s) dict_keys(['example_branch_dop_operator_v3']) retrieved from /home/airflow/.local/lib/python3.7/site-packages/airflow/example_dags/example_branch_python_dop_operator_3.py
[2023-07-02T03:02:48.968+0000] {logging_mixin.py:137} INFO - [2023-07-02T03:02:48.968+0000] {dag.py:2690} INFO - Sync 1 DAGs
[2023-07-02T03:02:49.052+0000] {logging_mixin.py:137} INFO - [2023-07-02T03:02:49.051+0000] {dag.py:3441} INFO - Setting next_dagrun for example_branch_dop_operator_v3 to 2023-07-02T03:01:00+00:00, run_after=2023-07-02T03:02:00+00:00
[2023-07-02T03:02:49.098+0000] {processor.py:175} INFO - Processing /home/airflow/.local/lib/python3.7/site-packages/airflow/example_dags/example_branch_python_dop_operator_3.py took 0.256 seconds
[2023-07-02T03:03:19.379+0000] {processor.py:153} INFO - Started process (PID=234) to work on /home/airflow/.local/lib/python3.7/site-packages/airflow/example_dags/example_branch_python_dop_operator_3.py
[2023-07-02T03:03:19.381+0000] {processor.py:743} INFO - Processing file /home/airflow/.local/lib/python3.7/site-packages/airflow/example_dags/example_branch_python_dop_operator_3.py for tasks to queue
[2023-07-02T03:03:19.384+0000] {logging_mixin.py:137} INFO - [2023-07-02T03:03:19.384+0000] {dagbag.py:538} INFO - Filling up the DagBag from /home/airflow/.local/lib/python3.7/site-packages/airflow/example_dags/example_branch_python_dop_operator_3.py
[2023-07-02T03:03:19.415+0000] {processor.py:753} INFO - DAG(s) dict_keys(['example_branch_dop_operator_v3']) retrieved from /home/airflow/.local/lib/python3.7/site-packages/airflow/example_dags/example_branch_python_dop_operator_3.py
[2023-07-02T03:03:19.449+0000] {logging_mixin.py:137} INFO - [2023-07-02T03:03:19.449+0000] {dag.py:2690} INFO - Sync 1 DAGs
[2023-07-02T03:03:19.485+0000] {logging_mixin.py:137} INFO - [2023-07-02T03:03:19.485+0000] {dag.py:3441} INFO - Setting next_dagrun for example_branch_dop_operator_v3 to 2023-07-02T03:02:00+00:00, run_after=2023-07-02T03:03:00+00:00
[2023-07-02T03:03:19.512+0000] {processor.py:175} INFO - Processing /home/airflow/.local/lib/python3.7/site-packages/airflow/example_dags/example_branch_python_dop_operator_3.py took 0.138 seconds
[2023-07-02T03:03:49.720+0000] {processor.py:153} INFO - Started process (PID=292) to work on /home/airflow/.local/lib/python3.7/site-packages/airflow/example_dags/example_branch_python_dop_operator_3.py
[2023-07-02T03:03:49.729+0000] {processor.py:743} INFO - Processing file /home/airflow/.local/lib/python3.7/site-packages/airflow/example_dags/example_branch_python_dop_operator_3.py for tasks to queue
[2023-07-02T03:03:49.731+0000] {logging_mixin.py:137} INFO - [2023-07-02T03:03:49.731+0000] {dagbag.py:538} INFO - Filling up the DagBag from /home/airflow/.local/lib/python3.7/site-packages/airflow/example_dags/example_branch_python_dop_operator_3.py
[2023-07-02T03:03:49.786+0000] {processor.py:753} INFO - DAG(s) dict_keys(['example_branch_dop_operator_v3']) retrieved from /home/airflow/.local/lib/python3.7/site-packages/airflow/example_dags/example_branch_python_dop_operator_3.py
[2023-07-02T03:03:49.833+0000] {logging_mixin.py:137} INFO - [2023-07-02T03:03:49.832+0000] {dag.py:2690} INFO - Sync 1 DAGs
[2023-07-02T03:03:49.887+0000] {logging_mixin.py:137} INFO - [2023-07-02T03:03:49.887+0000] {dag.py:3441} INFO - Setting next_dagrun for example_branch_dop_operator_v3 to 2023-07-02T03:02:00+00:00, run_after=2023-07-02T03:03:00+00:00
[2023-07-02T03:03:49.926+0000] {processor.py:175} INFO - Processing /home/airflow/.local/lib/python3.7/site-packages/airflow/example_dags/example_branch_python_dop_operator_3.py took 0.215 seconds
[2023-07-02T03:04:20.913+0000] {processor.py:153} INFO - Started process (PID=351) to work on /home/airflow/.local/lib/python3.7/site-packages/airflow/example_dags/example_branch_python_dop_operator_3.py
[2023-07-02T03:04:20.926+0000] {processor.py:743} INFO - Processing file /home/airflow/.local/lib/python3.7/site-packages/airflow/example_dags/example_branch_python_dop_operator_3.py for tasks to queue
[2023-07-02T03:04:20.933+0000] {logging_mixin.py:137} INFO - [2023-07-02T03:04:20.932+0000] {dagbag.py:538} INFO - Filling up the DagBag from /home/airflow/.local/lib/python3.7/site-packages/airflow/example_dags/example_branch_python_dop_operator_3.py
[2023-07-02T03:04:21.067+0000] {processor.py:753} INFO - DAG(s) dict_keys(['example_branch_dop_operator_v3']) retrieved from /home/airflow/.local/lib/python3.7/site-packages/airflow/example_dags/example_branch_python_dop_operator_3.py
[2023-07-02T03:04:21.155+0000] {logging_mixin.py:137} INFO - [2023-07-02T03:04:21.154+0000] {dag.py:2690} INFO - Sync 1 DAGs
[2023-07-02T03:04:21.257+0000] {logging_mixin.py:137} INFO - [2023-07-02T03:04:21.256+0000] {dag.py:3441} INFO - Setting next_dagrun for example_branch_dop_operator_v3 to 2023-07-02T03:03:00+00:00, run_after=2023-07-02T03:04:00+00:00
[2023-07-02T03:04:21.307+0000] {processor.py:175} INFO - Processing /home/airflow/.local/lib/python3.7/site-packages/airflow/example_dags/example_branch_python_dop_operator_3.py took 0.409 seconds
[2023-07-02T03:04:54.319+0000] {processor.py:153} INFO - Started process (PID=409) to work on /home/airflow/.local/lib/python3.7/site-packages/airflow/example_dags/example_branch_python_dop_operator_3.py
[2023-07-02T03:04:54.331+0000] {processor.py:743} INFO - Processing file /home/airflow/.local/lib/python3.7/site-packages/airflow/example_dags/example_branch_python_dop_operator_3.py for tasks to queue
[2023-07-02T03:04:54.361+0000] {logging_mixin.py:137} INFO - [2023-07-02T03:04:54.356+0000] {dagbag.py:538} INFO - Filling up the DagBag from /home/airflow/.local/lib/python3.7/site-packages/airflow/example_dags/example_branch_python_dop_operator_3.py
[2023-07-02T03:04:54.760+0000] {processor.py:753} INFO - DAG(s) dict_keys(['example_branch_dop_operator_v3']) retrieved from /home/airflow/.local/lib/python3.7/site-packages/airflow/example_dags/example_branch_python_dop_operator_3.py
[2023-07-02T03:04:55.119+0000] {logging_mixin.py:137} INFO - [2023-07-02T03:04:55.119+0000] {dag.py:2690} INFO - Sync 1 DAGs
[2023-07-02T03:04:55.497+0000] {logging_mixin.py:137} INFO - [2023-07-02T03:04:55.497+0000] {dag.py:3441} INFO - Setting next_dagrun for example_branch_dop_operator_v3 to 2023-07-02T03:03:00+00:00, run_after=2023-07-02T03:04:00+00:00
[2023-07-02T03:04:57.580+0000] {processor.py:175} INFO - Processing /home/airflow/.local/lib/python3.7/site-packages/airflow/example_dags/example_branch_python_dop_operator_3.py took 3.356 seconds
[2023-07-02T03:05:28.458+0000] {processor.py:153} INFO - Started process (PID=467) to work on /home/airflow/.local/lib/python3.7/site-packages/airflow/example_dags/example_branch_python_dop_operator_3.py
[2023-07-02T03:05:28.461+0000] {processor.py:743} INFO - Processing file /home/airflow/.local/lib/python3.7/site-packages/airflow/example_dags/example_branch_python_dop_operator_3.py for tasks to queue
[2023-07-02T03:05:28.464+0000] {logging_mixin.py:137} INFO - [2023-07-02T03:05:28.463+0000] {dagbag.py:538} INFO - Filling up the DagBag from /home/airflow/.local/lib/python3.7/site-packages/airflow/example_dags/example_branch_python_dop_operator_3.py
[2023-07-02T03:05:28.511+0000] {processor.py:753} INFO - DAG(s) dict_keys(['example_branch_dop_operator_v3']) retrieved from /home/airflow/.local/lib/python3.7/site-packages/airflow/example_dags/example_branch_python_dop_operator_3.py
[2023-07-02T03:05:28.555+0000] {logging_mixin.py:137} INFO - [2023-07-02T03:05:28.554+0000] {dag.py:2690} INFO - Sync 1 DAGs
[2023-07-02T03:05:28.612+0000] {logging_mixin.py:137} INFO - [2023-07-02T03:05:28.612+0000] {dag.py:3441} INFO - Setting next_dagrun for example_branch_dop_operator_v3 to 2023-07-02T03:04:00+00:00, run_after=2023-07-02T03:05:00+00:00
[2023-07-02T03:05:28.672+0000] {processor.py:175} INFO - Processing /home/airflow/.local/lib/python3.7/site-packages/airflow/example_dags/example_branch_python_dop_operator_3.py took 0.219 seconds
[2023-07-02T03:05:59.580+0000] {processor.py:153} INFO - Started process (PID=527) to work on /home/airflow/.local/lib/python3.7/site-packages/airflow/example_dags/example_branch_python_dop_operator_3.py
[2023-07-02T03:05:59.586+0000] {processor.py:743} INFO - Processing file /home/airflow/.local/lib/python3.7/site-packages/airflow/example_dags/example_branch_python_dop_operator_3.py for tasks to queue
[2023-07-02T03:05:59.592+0000] {logging_mixin.py:137} INFO - [2023-07-02T03:05:59.590+0000] {dagbag.py:538} INFO - Filling up the DagBag from /home/airflow/.local/lib/python3.7/site-packages/airflow/example_dags/example_branch_python_dop_operator_3.py
[2023-07-02T03:05:59.667+0000] {processor.py:753} INFO - DAG(s) dict_keys(['example_branch_dop_operator_v3']) retrieved from /home/airflow/.local/lib/python3.7/site-packages/airflow/example_dags/example_branch_python_dop_operator_3.py
[2023-07-02T03:05:59.836+0000] {logging_mixin.py:137} INFO - [2023-07-02T03:05:59.836+0000] {dag.py:2690} INFO - Sync 1 DAGs
[2023-07-02T03:05:59.974+0000] {logging_mixin.py:137} INFO - [2023-07-02T03:05:59.974+0000] {dag.py:3441} INFO - Setting next_dagrun for example_branch_dop_operator_v3 to 2023-07-02T03:04:00+00:00, run_after=2023-07-02T03:05:00+00:00
[2023-07-02T03:06:00.053+0000] {processor.py:175} INFO - Processing /home/airflow/.local/lib/python3.7/site-packages/airflow/example_dags/example_branch_python_dop_operator_3.py took 0.483 seconds
[2023-07-02T03:50:42.108+0000] {processor.py:153} INFO - Started process (PID=594) to work on /home/airflow/.local/lib/python3.7/site-packages/airflow/example_dags/example_branch_python_dop_operator_3.py
[2023-07-02T03:50:42.132+0000] {processor.py:743} INFO - Processing file /home/airflow/.local/lib/python3.7/site-packages/airflow/example_dags/example_branch_python_dop_operator_3.py for tasks to queue
[2023-07-02T03:50:42.142+0000] {logging_mixin.py:137} INFO - [2023-07-02T03:50:42.141+0000] {dagbag.py:538} INFO - Filling up the DagBag from /home/airflow/.local/lib/python3.7/site-packages/airflow/example_dags/example_branch_python_dop_operator_3.py
[2023-07-02T03:50:42.408+0000] {processor.py:753} INFO - DAG(s) dict_keys(['example_branch_dop_operator_v3']) retrieved from /home/airflow/.local/lib/python3.7/site-packages/airflow/example_dags/example_branch_python_dop_operator_3.py
[2023-07-02T03:50:42.612+0000] {logging_mixin.py:137} INFO - [2023-07-02T03:50:42.612+0000] {dag.py:2690} INFO - Sync 1 DAGs
[2023-07-02T04:53:02.407+0000] {processor.py:153} INFO - Started process (PID=644) to work on /home/airflow/.local/lib/python3.7/site-packages/airflow/example_dags/example_branch_python_dop_operator_3.py
[2023-07-02T04:53:02.412+0000] {processor.py:743} INFO - Processing file /home/airflow/.local/lib/python3.7/site-packages/airflow/example_dags/example_branch_python_dop_operator_3.py for tasks to queue
[2023-07-02T04:53:02.419+0000] {logging_mixin.py:137} INFO - [2023-07-02T04:53:02.417+0000] {dagbag.py:538} INFO - Filling up the DagBag from /home/airflow/.local/lib/python3.7/site-packages/airflow/example_dags/example_branch_python_dop_operator_3.py
[2023-07-02T04:53:02.519+0000] {processor.py:753} INFO - DAG(s) dict_keys(['example_branch_dop_operator_v3']) retrieved from /home/airflow/.local/lib/python3.7/site-packages/airflow/example_dags/example_branch_python_dop_operator_3.py
[2023-07-02T04:53:02.793+0000] {logging_mixin.py:137} INFO - [2023-07-02T04:53:02.793+0000] {dag.py:2690} INFO - Sync 1 DAGs
[2023-07-02T04:53:02.853+0000] {logging_mixin.py:137} INFO - [2023-07-02T04:53:02.853+0000] {dag.py:3441} INFO - Setting next_dagrun for example_branch_dop_operator_v3 to 2023-07-02T04:52:00+00:00, run_after=2023-07-02T04:53:00+00:00
[2023-07-02T04:53:02.975+0000] {processor.py:175} INFO - Processing /home/airflow/.local/lib/python3.7/site-packages/airflow/example_dags/example_branch_python_dop_operator_3.py took 0.586 seconds
[2023-07-02T08:14:57.124+0000] {processor.py:153} INFO - Started process (PID=710) to work on /home/airflow/.local/lib/python3.7/site-packages/airflow/example_dags/example_branch_python_dop_operator_3.py
[2023-07-02T08:14:57.166+0000] {processor.py:743} INFO - Processing file /home/airflow/.local/lib/python3.7/site-packages/airflow/example_dags/example_branch_python_dop_operator_3.py for tasks to queue
[2023-07-02T08:14:57.187+0000] {logging_mixin.py:137} INFO - [2023-07-02T08:14:57.186+0000] {dagbag.py:538} INFO - Filling up the DagBag from /home/airflow/.local/lib/python3.7/site-packages/airflow/example_dags/example_branch_python_dop_operator_3.py
[2023-07-02T08:14:58.104+0000] {processor.py:753} INFO - DAG(s) dict_keys(['example_branch_dop_operator_v3']) retrieved from /home/airflow/.local/lib/python3.7/site-packages/airflow/example_dags/example_branch_python_dop_operator_3.py
[2023-07-02T08:14:58.846+0000] {logging_mixin.py:137} INFO - [2023-07-02T08:14:58.843+0000] {dag.py:2690} INFO - Sync 1 DAGs
[2023-07-02T08:14:59.436+0000] {logging_mixin.py:137} INFO - [2023-07-02T08:14:59.435+0000] {dag.py:3441} INFO - Setting next_dagrun for example_branch_dop_operator_v3 to 2023-07-02T08:13:00+00:00, run_after=2023-07-02T08:14:00+00:00
[2023-07-02T08:14:59.695+0000] {processor.py:175} INFO - Processing /home/airflow/.local/lib/python3.7/site-packages/airflow/example_dags/example_branch_python_dop_operator_3.py took 2.787 seconds
[2023-07-02T08:23:17.343+0000] {processor.py:153} INFO - Started process (PID=742) to work on /home/airflow/.local/lib/python3.7/site-packages/airflow/example_dags/example_branch_python_dop_operator_3.py
[2023-07-02T08:23:17.347+0000] {processor.py:743} INFO - Processing file /home/airflow/.local/lib/python3.7/site-packages/airflow/example_dags/example_branch_python_dop_operator_3.py for tasks to queue
[2023-07-02T08:23:17.351+0000] {logging_mixin.py:137} INFO - [2023-07-02T08:23:17.350+0000] {dagbag.py:538} INFO - Filling up the DagBag from /home/airflow/.local/lib/python3.7/site-packages/airflow/example_dags/example_branch_python_dop_operator_3.py
[2023-07-02T08:23:17.395+0000] {processor.py:753} INFO - DAG(s) dict_keys(['example_branch_dop_operator_v3']) retrieved from /home/airflow/.local/lib/python3.7/site-packages/airflow/example_dags/example_branch_python_dop_operator_3.py
[2023-07-02T08:23:17.441+0000] {logging_mixin.py:137} INFO - [2023-07-02T08:23:17.440+0000] {dag.py:2690} INFO - Sync 1 DAGs
[2023-07-02T08:23:17.503+0000] {logging_mixin.py:137} INFO - [2023-07-02T08:23:17.502+0000] {dag.py:3441} INFO - Setting next_dagrun for example_branch_dop_operator_v3 to 2023-07-02T08:22:00+00:00, run_after=2023-07-02T08:23:00+00:00
[2023-07-02T08:23:17.548+0000] {processor.py:175} INFO - Processing /home/airflow/.local/lib/python3.7/site-packages/airflow/example_dags/example_branch_python_dop_operator_3.py took 0.214 seconds
[2023-07-02T08:52:20.080+0000] {processor.py:153} INFO - Started process (PID=761) to work on /home/airflow/.local/lib/python3.7/site-packages/airflow/example_dags/example_branch_python_dop_operator_3.py
[2023-07-02T08:52:20.087+0000] {processor.py:743} INFO - Processing file /home/airflow/.local/lib/python3.7/site-packages/airflow/example_dags/example_branch_python_dop_operator_3.py for tasks to queue
[2023-07-02T08:52:20.094+0000] {logging_mixin.py:137} INFO - [2023-07-02T08:52:20.094+0000] {dagbag.py:538} INFO - Filling up the DagBag from /home/airflow/.local/lib/python3.7/site-packages/airflow/example_dags/example_branch_python_dop_operator_3.py
[2023-07-02T08:52:20.169+0000] {processor.py:753} INFO - DAG(s) dict_keys(['example_branch_dop_operator_v3']) retrieved from /home/airflow/.local/lib/python3.7/site-packages/airflow/example_dags/example_branch_python_dop_operator_3.py
[2023-07-02T08:52:20.273+0000] {logging_mixin.py:137} INFO - [2023-07-02T08:52:20.273+0000] {dag.py:2690} INFO - Sync 1 DAGs
[2023-07-02T08:52:20.421+0000] {logging_mixin.py:137} INFO - [2023-07-02T08:52:20.420+0000] {dag.py:3441} INFO - Setting next_dagrun for example_branch_dop_operator_v3 to 2023-07-02T08:51:00+00:00, run_after=2023-07-02T08:52:00+00:00
[2023-07-02T08:52:20.597+0000] {processor.py:175} INFO - Processing /home/airflow/.local/lib/python3.7/site-packages/airflow/example_dags/example_branch_python_dop_operator_3.py took 0.527 seconds
[2023-07-02T09:44:58.135+0000] {processor.py:153} INFO - Started process (PID=818) to work on /home/airflow/.local/lib/python3.7/site-packages/airflow/example_dags/example_branch_python_dop_operator_3.py
[2023-07-02T09:44:58.146+0000] {processor.py:743} INFO - Processing file /home/airflow/.local/lib/python3.7/site-packages/airflow/example_dags/example_branch_python_dop_operator_3.py for tasks to queue
[2023-07-02T09:44:58.160+0000] {logging_mixin.py:137} INFO - [2023-07-02T09:44:58.160+0000] {dagbag.py:538} INFO - Filling up the DagBag from /home/airflow/.local/lib/python3.7/site-packages/airflow/example_dags/example_branch_python_dop_operator_3.py
[2023-07-02T09:44:58.272+0000] {processor.py:753} INFO - DAG(s) dict_keys(['example_branch_dop_operator_v3']) retrieved from /home/airflow/.local/lib/python3.7/site-packages/airflow/example_dags/example_branch_python_dop_operator_3.py
[2023-07-02T09:44:58.446+0000] {logging_mixin.py:137} INFO - [2023-07-02T09:44:58.444+0000] {dag.py:2690} INFO - Sync 1 DAGs
[2023-07-02T09:44:58.712+0000] {logging_mixin.py:137} INFO - [2023-07-02T09:44:58.711+0000] {dag.py:3441} INFO - Setting next_dagrun for example_branch_dop_operator_v3 to 2023-07-02T09:43:00+00:00, run_after=2023-07-02T09:44:00+00:00
[2023-07-02T09:44:58.831+0000] {processor.py:175} INFO - Processing /home/airflow/.local/lib/python3.7/site-packages/airflow/example_dags/example_branch_python_dop_operator_3.py took 0.774 seconds
[2023-07-02T09:45:29.129+0000] {processor.py:153} INFO - Started process (PID=867) to work on /home/airflow/.local/lib/python3.7/site-packages/airflow/example_dags/example_branch_python_dop_operator_3.py
[2023-07-02T09:45:29.132+0000] {processor.py:743} INFO - Processing file /home/airflow/.local/lib/python3.7/site-packages/airflow/example_dags/example_branch_python_dop_operator_3.py for tasks to queue
[2023-07-02T09:45:29.136+0000] {logging_mixin.py:137} INFO - [2023-07-02T09:45:29.136+0000] {dagbag.py:538} INFO - Filling up the DagBag from /home/airflow/.local/lib/python3.7/site-packages/airflow/example_dags/example_branch_python_dop_operator_3.py
[2023-07-02T09:45:29.392+0000] {processor.py:753} INFO - DAG(s) dict_keys(['example_branch_dop_operator_v3']) retrieved from /home/airflow/.local/lib/python3.7/site-packages/airflow/example_dags/example_branch_python_dop_operator_3.py
[2023-07-02T09:45:29.654+0000] {logging_mixin.py:137} INFO - [2023-07-02T09:45:29.653+0000] {dag.py:2690} INFO - Sync 1 DAGs
[2023-07-02T09:45:29.984+0000] {logging_mixin.py:137} INFO - [2023-07-02T09:45:29.983+0000] {dag.py:3441} INFO - Setting next_dagrun for example_branch_dop_operator_v3 to 2023-07-02T09:44:00+00:00, run_after=2023-07-02T09:45:00+00:00
[2023-07-02T09:45:30.201+0000] {processor.py:175} INFO - Processing /home/airflow/.local/lib/python3.7/site-packages/airflow/example_dags/example_branch_python_dop_operator_3.py took 1.096 seconds
[2023-07-02T09:57:15.321+0000] {processor.py:153} INFO - Started process (PID=895) to work on /home/airflow/.local/lib/python3.7/site-packages/airflow/example_dags/example_branch_python_dop_operator_3.py
[2023-07-02T09:57:15.323+0000] {processor.py:743} INFO - Processing file /home/airflow/.local/lib/python3.7/site-packages/airflow/example_dags/example_branch_python_dop_operator_3.py for tasks to queue
[2023-07-02T09:57:15.325+0000] {logging_mixin.py:137} INFO - [2023-07-02T09:57:15.325+0000] {dagbag.py:538} INFO - Filling up the DagBag from /home/airflow/.local/lib/python3.7/site-packages/airflow/example_dags/example_branch_python_dop_operator_3.py
[2023-07-02T09:57:15.353+0000] {processor.py:753} INFO - DAG(s) dict_keys(['example_branch_dop_operator_v3']) retrieved from /home/airflow/.local/lib/python3.7/site-packages/airflow/example_dags/example_branch_python_dop_operator_3.py
[2023-07-02T09:57:15.387+0000] {logging_mixin.py:137} INFO - [2023-07-02T09:57:15.387+0000] {dag.py:2690} INFO - Sync 1 DAGs
[2023-07-02T09:57:15.417+0000] {logging_mixin.py:137} INFO - [2023-07-02T09:57:15.417+0000] {dag.py:3441} INFO - Setting next_dagrun for example_branch_dop_operator_v3 to 2023-07-02T09:56:00+00:00, run_after=2023-07-02T09:57:00+00:00
[2023-07-02T09:57:15.443+0000] {processor.py:175} INFO - Processing /home/airflow/.local/lib/python3.7/site-packages/airflow/example_dags/example_branch_python_dop_operator_3.py took 0.127 seconds
[2023-07-02T10:12:30.662+0000] {processor.py:153} INFO - Started process (PID=929) to work on /home/airflow/.local/lib/python3.7/site-packages/airflow/example_dags/example_branch_python_dop_operator_3.py
[2023-07-02T10:12:30.695+0000] {processor.py:743} INFO - Processing file /home/airflow/.local/lib/python3.7/site-packages/airflow/example_dags/example_branch_python_dop_operator_3.py for tasks to queue
[2023-07-02T10:12:30.704+0000] {logging_mixin.py:137} INFO - [2023-07-02T10:12:30.704+0000] {dagbag.py:538} INFO - Filling up the DagBag from /home/airflow/.local/lib/python3.7/site-packages/airflow/example_dags/example_branch_python_dop_operator_3.py
[2023-07-02T10:12:30.859+0000] {processor.py:753} INFO - DAG(s) dict_keys(['example_branch_dop_operator_v3']) retrieved from /home/airflow/.local/lib/python3.7/site-packages/airflow/example_dags/example_branch_python_dop_operator_3.py
[2023-07-02T10:12:30.935+0000] {logging_mixin.py:137} INFO - [2023-07-02T10:12:30.935+0000] {dag.py:2690} INFO - Sync 1 DAGs
[2023-07-02T10:12:31.010+0000] {logging_mixin.py:137} INFO - [2023-07-02T10:12:31.010+0000] {dag.py:3441} INFO - Setting next_dagrun for example_branch_dop_operator_v3 to 2023-07-02T10:11:00+00:00, run_after=2023-07-02T10:12:00+00:00
[2023-07-02T10:12:31.082+0000] {processor.py:175} INFO - Processing /home/airflow/.local/lib/python3.7/site-packages/airflow/example_dags/example_branch_python_dop_operator_3.py took 0.520 seconds
[2023-07-02T10:13:08.876+0000] {processor.py:153} INFO - Started process (PID=988) to work on /home/airflow/.local/lib/python3.7/site-packages/airflow/example_dags/example_branch_python_dop_operator_3.py
[2023-07-02T10:13:08.895+0000] {processor.py:743} INFO - Processing file /home/airflow/.local/lib/python3.7/site-packages/airflow/example_dags/example_branch_python_dop_operator_3.py for tasks to queue
[2023-07-02T10:13:08.908+0000] {logging_mixin.py:137} INFO - [2023-07-02T10:13:08.908+0000] {dagbag.py:538} INFO - Filling up the DagBag from /home/airflow/.local/lib/python3.7/site-packages/airflow/example_dags/example_branch_python_dop_operator_3.py
[2023-07-02T10:13:09.158+0000] {processor.py:753} INFO - DAG(s) dict_keys(['example_branch_dop_operator_v3']) retrieved from /home/airflow/.local/lib/python3.7/site-packages/airflow/example_dags/example_branch_python_dop_operator_3.py
[2023-07-02T10:13:09.425+0000] {logging_mixin.py:137} INFO - [2023-07-02T10:13:09.425+0000] {dag.py:2690} INFO - Sync 1 DAGs
[2023-07-02T10:13:09.605+0000] {logging_mixin.py:137} INFO - [2023-07-02T10:13:09.604+0000] {dag.py:3441} INFO - Setting next_dagrun for example_branch_dop_operator_v3 to 2023-07-02T10:12:00+00:00, run_after=2023-07-02T10:13:00+00:00
[2023-07-02T10:13:09.822+0000] {processor.py:175} INFO - Processing /home/airflow/.local/lib/python3.7/site-packages/airflow/example_dags/example_branch_python_dop_operator_3.py took 0.962 seconds
[2023-07-02T10:13:40.296+0000] {processor.py:153} INFO - Started process (PID=1046) to work on /home/airflow/.local/lib/python3.7/site-packages/airflow/example_dags/example_branch_python_dop_operator_3.py
[2023-07-02T10:13:40.299+0000] {processor.py:743} INFO - Processing file /home/airflow/.local/lib/python3.7/site-packages/airflow/example_dags/example_branch_python_dop_operator_3.py for tasks to queue
[2023-07-02T10:13:40.304+0000] {logging_mixin.py:137} INFO - [2023-07-02T10:13:40.303+0000] {dagbag.py:538} INFO - Filling up the DagBag from /home/airflow/.local/lib/python3.7/site-packages/airflow/example_dags/example_branch_python_dop_operator_3.py
[2023-07-02T10:13:40.375+0000] {processor.py:753} INFO - DAG(s) dict_keys(['example_branch_dop_operator_v3']) retrieved from /home/airflow/.local/lib/python3.7/site-packages/airflow/example_dags/example_branch_python_dop_operator_3.py
[2023-07-02T10:13:40.457+0000] {logging_mixin.py:137} INFO - [2023-07-02T10:13:40.456+0000] {dag.py:2690} INFO - Sync 1 DAGs
[2023-07-02T10:13:40.531+0000] {logging_mixin.py:137} INFO - [2023-07-02T10:13:40.531+0000] {dag.py:3441} INFO - Setting next_dagrun for example_branch_dop_operator_v3 to 2023-07-02T10:12:00+00:00, run_after=2023-07-02T10:13:00+00:00
[2023-07-02T10:13:40.577+0000] {processor.py:175} INFO - Processing /home/airflow/.local/lib/python3.7/site-packages/airflow/example_dags/example_branch_python_dop_operator_3.py took 0.292 seconds
[2023-07-02T10:19:49.766+0000] {processor.py:153} INFO - Started process (PID=1067) to work on /home/airflow/.local/lib/python3.7/site-packages/airflow/example_dags/example_branch_python_dop_operator_3.py
[2023-07-02T10:19:49.775+0000] {processor.py:743} INFO - Processing file /home/airflow/.local/lib/python3.7/site-packages/airflow/example_dags/example_branch_python_dop_operator_3.py for tasks to queue
[2023-07-02T10:19:49.779+0000] {logging_mixin.py:137} INFO - [2023-07-02T10:19:49.778+0000] {dagbag.py:538} INFO - Filling up the DagBag from /home/airflow/.local/lib/python3.7/site-packages/airflow/example_dags/example_branch_python_dop_operator_3.py
[2023-07-02T10:19:49.874+0000] {processor.py:753} INFO - DAG(s) dict_keys(['example_branch_dop_operator_v3']) retrieved from /home/airflow/.local/lib/python3.7/site-packages/airflow/example_dags/example_branch_python_dop_operator_3.py
[2023-07-02T10:19:49.953+0000] {logging_mixin.py:137} INFO - [2023-07-02T10:19:49.953+0000] {dag.py:2690} INFO - Sync 1 DAGs
[2023-07-02T10:19:50.064+0000] {logging_mixin.py:137} INFO - [2023-07-02T10:19:50.061+0000] {dag.py:3441} INFO - Setting next_dagrun for example_branch_dop_operator_v3 to 2023-07-02T10:18:00+00:00, run_after=2023-07-02T10:19:00+00:00
[2023-07-02T10:19:50.152+0000] {processor.py:175} INFO - Processing /home/airflow/.local/lib/python3.7/site-packages/airflow/example_dags/example_branch_python_dop_operator_3.py took 0.416 seconds
[2023-07-02T10:47:40.938+0000] {processor.py:153} INFO - Started process (PID=1123) to work on /home/airflow/.local/lib/python3.7/site-packages/airflow/example_dags/example_branch_python_dop_operator_3.py
[2023-07-02T10:47:40.944+0000] {processor.py:743} INFO - Processing file /home/airflow/.local/lib/python3.7/site-packages/airflow/example_dags/example_branch_python_dop_operator_3.py for tasks to queue
[2023-07-02T10:47:40.953+0000] {logging_mixin.py:137} INFO - [2023-07-02T10:47:40.951+0000] {dagbag.py:538} INFO - Filling up the DagBag from /home/airflow/.local/lib/python3.7/site-packages/airflow/example_dags/example_branch_python_dop_operator_3.py
[2023-07-02T10:47:41.043+0000] {processor.py:753} INFO - DAG(s) dict_keys(['example_branch_dop_operator_v3']) retrieved from /home/airflow/.local/lib/python3.7/site-packages/airflow/example_dags/example_branch_python_dop_operator_3.py
[2023-07-02T10:47:41.202+0000] {logging_mixin.py:137} INFO - [2023-07-02T10:47:41.202+0000] {dag.py:2690} INFO - Sync 1 DAGs
[2023-07-02T10:47:41.355+0000] {logging_mixin.py:137} INFO - [2023-07-02T10:47:41.340+0000] {dag.py:3441} INFO - Setting next_dagrun for example_branch_dop_operator_v3 to 2023-07-02T10:46:00+00:00, run_after=2023-07-02T10:47:00+00:00
[2023-07-02T10:47:41.482+0000] {processor.py:175} INFO - Processing /home/airflow/.local/lib/python3.7/site-packages/airflow/example_dags/example_branch_python_dop_operator_3.py took 0.567 seconds
[2023-07-02T11:39:51.000+0000] {processor.py:153} INFO - Started process (PID=1155) to work on /home/airflow/.local/lib/python3.7/site-packages/airflow/example_dags/example_branch_python_dop_operator_3.py
[2023-07-02T11:39:51.006+0000] {processor.py:743} INFO - Processing file /home/airflow/.local/lib/python3.7/site-packages/airflow/example_dags/example_branch_python_dop_operator_3.py for tasks to queue
[2023-07-02T11:39:51.014+0000] {logging_mixin.py:137} INFO - [2023-07-02T11:39:51.014+0000] {dagbag.py:538} INFO - Filling up the DagBag from /home/airflow/.local/lib/python3.7/site-packages/airflow/example_dags/example_branch_python_dop_operator_3.py
[2023-07-02T11:39:51.168+0000] {processor.py:753} INFO - DAG(s) dict_keys(['example_branch_dop_operator_v3']) retrieved from /home/airflow/.local/lib/python3.7/site-packages/airflow/example_dags/example_branch_python_dop_operator_3.py
[2023-07-02T11:39:51.248+0000] {logging_mixin.py:137} INFO - [2023-07-02T11:39:51.248+0000] {dag.py:2690} INFO - Sync 1 DAGs
[2023-07-02T11:39:51.298+0000] {logging_mixin.py:137} INFO - [2023-07-02T11:39:51.298+0000] {dag.py:3441} INFO - Setting next_dagrun for example_branch_dop_operator_v3 to 2023-07-02T11:38:00+00:00, run_after=2023-07-02T11:39:00+00:00
[2023-07-02T11:39:51.342+0000] {processor.py:175} INFO - Processing /home/airflow/.local/lib/python3.7/site-packages/airflow/example_dags/example_branch_python_dop_operator_3.py took 0.357 seconds
[2023-07-02T12:07:36.723+0000] {processor.py:153} INFO - Started process (PID=1210) to work on /home/airflow/.local/lib/python3.7/site-packages/airflow/example_dags/example_branch_python_dop_operator_3.py
[2023-07-02T12:07:36.727+0000] {processor.py:743} INFO - Processing file /home/airflow/.local/lib/python3.7/site-packages/airflow/example_dags/example_branch_python_dop_operator_3.py for tasks to queue
[2023-07-02T12:07:36.730+0000] {logging_mixin.py:137} INFO - [2023-07-02T12:07:36.730+0000] {dagbag.py:538} INFO - Filling up the DagBag from /home/airflow/.local/lib/python3.7/site-packages/airflow/example_dags/example_branch_python_dop_operator_3.py
[2023-07-02T12:07:36.786+0000] {processor.py:753} INFO - DAG(s) dict_keys(['example_branch_dop_operator_v3']) retrieved from /home/airflow/.local/lib/python3.7/site-packages/airflow/example_dags/example_branch_python_dop_operator_3.py
[2023-07-02T12:07:36.832+0000] {logging_mixin.py:137} INFO - [2023-07-02T12:07:36.832+0000] {dag.py:2690} INFO - Sync 1 DAGs
[2023-07-02T12:07:36.919+0000] {logging_mixin.py:137} INFO - [2023-07-02T12:07:36.919+0000] {dag.py:3441} INFO - Setting next_dagrun for example_branch_dop_operator_v3 to 2023-07-02T12:06:00+00:00, run_after=2023-07-02T12:07:00+00:00
[2023-07-02T12:07:36.989+0000] {processor.py:175} INFO - Processing /home/airflow/.local/lib/python3.7/site-packages/airflow/example_dags/example_branch_python_dop_operator_3.py took 0.283 seconds
[2023-07-02T12:08:07.354+0000] {processor.py:153} INFO - Started process (PID=1269) to work on /home/airflow/.local/lib/python3.7/site-packages/airflow/example_dags/example_branch_python_dop_operator_3.py
[2023-07-02T12:08:07.358+0000] {processor.py:743} INFO - Processing file /home/airflow/.local/lib/python3.7/site-packages/airflow/example_dags/example_branch_python_dop_operator_3.py for tasks to queue
[2023-07-02T12:08:07.363+0000] {logging_mixin.py:137} INFO - [2023-07-02T12:08:07.363+0000] {dagbag.py:538} INFO - Filling up the DagBag from /home/airflow/.local/lib/python3.7/site-packages/airflow/example_dags/example_branch_python_dop_operator_3.py
[2023-07-02T12:08:07.409+0000] {processor.py:753} INFO - DAG(s) dict_keys(['example_branch_dop_operator_v3']) retrieved from /home/airflow/.local/lib/python3.7/site-packages/airflow/example_dags/example_branch_python_dop_operator_3.py
[2023-07-02T12:08:07.468+0000] {logging_mixin.py:137} INFO - [2023-07-02T12:08:07.467+0000] {dag.py:2690} INFO - Sync 1 DAGs
[2023-07-02T12:08:07.546+0000] {logging_mixin.py:137} INFO - [2023-07-02T12:08:07.546+0000] {dag.py:3441} INFO - Setting next_dagrun for example_branch_dop_operator_v3 to 2023-07-02T12:07:00+00:00, run_after=2023-07-02T12:08:00+00:00
[2023-07-02T12:08:07.607+0000] {processor.py:175} INFO - Processing /home/airflow/.local/lib/python3.7/site-packages/airflow/example_dags/example_branch_python_dop_operator_3.py took 0.261 seconds
[2023-07-02T12:08:38.601+0000] {processor.py:153} INFO - Started process (PID=1327) to work on /home/airflow/.local/lib/python3.7/site-packages/airflow/example_dags/example_branch_python_dop_operator_3.py
[2023-07-02T12:08:38.605+0000] {processor.py:743} INFO - Processing file /home/airflow/.local/lib/python3.7/site-packages/airflow/example_dags/example_branch_python_dop_operator_3.py for tasks to queue
[2023-07-02T12:08:38.609+0000] {logging_mixin.py:137} INFO - [2023-07-02T12:08:38.609+0000] {dagbag.py:538} INFO - Filling up the DagBag from /home/airflow/.local/lib/python3.7/site-packages/airflow/example_dags/example_branch_python_dop_operator_3.py
[2023-07-02T12:08:38.651+0000] {processor.py:753} INFO - DAG(s) dict_keys(['example_branch_dop_operator_v3']) retrieved from /home/airflow/.local/lib/python3.7/site-packages/airflow/example_dags/example_branch_python_dop_operator_3.py
[2023-07-02T12:08:38.749+0000] {logging_mixin.py:137} INFO - [2023-07-02T12:08:38.749+0000] {dag.py:2690} INFO - Sync 1 DAGs
[2023-07-02T12:08:38.813+0000] {logging_mixin.py:137} INFO - [2023-07-02T12:08:38.812+0000] {dag.py:3441} INFO - Setting next_dagrun for example_branch_dop_operator_v3 to 2023-07-02T12:07:00+00:00, run_after=2023-07-02T12:08:00+00:00
[2023-07-02T12:08:38.881+0000] {processor.py:175} INFO - Processing /home/airflow/.local/lib/python3.7/site-packages/airflow/example_dags/example_branch_python_dop_operator_3.py took 0.287 seconds
[2023-07-02T12:09:09.610+0000] {processor.py:153} INFO - Started process (PID=1385) to work on /home/airflow/.local/lib/python3.7/site-packages/airflow/example_dags/example_branch_python_dop_operator_3.py
[2023-07-02T12:09:09.613+0000] {processor.py:743} INFO - Processing file /home/airflow/.local/lib/python3.7/site-packages/airflow/example_dags/example_branch_python_dop_operator_3.py for tasks to queue
[2023-07-02T12:09:09.616+0000] {logging_mixin.py:137} INFO - [2023-07-02T12:09:09.616+0000] {dagbag.py:538} INFO - Filling up the DagBag from /home/airflow/.local/lib/python3.7/site-packages/airflow/example_dags/example_branch_python_dop_operator_3.py
[2023-07-02T12:09:09.648+0000] {processor.py:753} INFO - DAG(s) dict_keys(['example_branch_dop_operator_v3']) retrieved from /home/airflow/.local/lib/python3.7/site-packages/airflow/example_dags/example_branch_python_dop_operator_3.py
[2023-07-02T12:09:09.687+0000] {logging_mixin.py:137} INFO - [2023-07-02T12:09:09.686+0000] {dag.py:2690} INFO - Sync 1 DAGs
[2023-07-02T12:09:09.720+0000] {logging_mixin.py:137} INFO - [2023-07-02T12:09:09.720+0000] {dag.py:3441} INFO - Setting next_dagrun for example_branch_dop_operator_v3 to 2023-07-02T12:08:00+00:00, run_after=2023-07-02T12:09:00+00:00
[2023-07-02T12:09:09.748+0000] {processor.py:175} INFO - Processing /home/airflow/.local/lib/python3.7/site-packages/airflow/example_dags/example_branch_python_dop_operator_3.py took 0.143 seconds
[2023-07-02T12:09:40.181+0000] {processor.py:153} INFO - Started process (PID=1443) to work on /home/airflow/.local/lib/python3.7/site-packages/airflow/example_dags/example_branch_python_dop_operator_3.py
[2023-07-02T12:09:40.188+0000] {processor.py:743} INFO - Processing file /home/airflow/.local/lib/python3.7/site-packages/airflow/example_dags/example_branch_python_dop_operator_3.py for tasks to queue
[2023-07-02T12:09:40.193+0000] {logging_mixin.py:137} INFO - [2023-07-02T12:09:40.193+0000] {dagbag.py:538} INFO - Filling up the DagBag from /home/airflow/.local/lib/python3.7/site-packages/airflow/example_dags/example_branch_python_dop_operator_3.py
[2023-07-02T12:09:40.271+0000] {processor.py:753} INFO - DAG(s) dict_keys(['example_branch_dop_operator_v3']) retrieved from /home/airflow/.local/lib/python3.7/site-packages/airflow/example_dags/example_branch_python_dop_operator_3.py
[2023-07-02T12:09:40.335+0000] {logging_mixin.py:137} INFO - [2023-07-02T12:09:40.335+0000] {dag.py:2690} INFO - Sync 1 DAGs
[2023-07-02T12:09:40.421+0000] {logging_mixin.py:137} INFO - [2023-07-02T12:09:40.421+0000] {dag.py:3441} INFO - Setting next_dagrun for example_branch_dop_operator_v3 to 2023-07-02T12:08:00+00:00, run_after=2023-07-02T12:09:00+00:00
[2023-07-02T12:09:40.474+0000] {processor.py:175} INFO - Processing /home/airflow/.local/lib/python3.7/site-packages/airflow/example_dags/example_branch_python_dop_operator_3.py took 0.320 seconds
[2023-07-02T12:10:11.326+0000] {processor.py:153} INFO - Started process (PID=1508) to work on /home/airflow/.local/lib/python3.7/site-packages/airflow/example_dags/example_branch_python_dop_operator_3.py
[2023-07-02T12:10:11.331+0000] {processor.py:743} INFO - Processing file /home/airflow/.local/lib/python3.7/site-packages/airflow/example_dags/example_branch_python_dop_operator_3.py for tasks to queue
[2023-07-02T12:10:11.336+0000] {logging_mixin.py:137} INFO - [2023-07-02T12:10:11.335+0000] {dagbag.py:538} INFO - Filling up the DagBag from /home/airflow/.local/lib/python3.7/site-packages/airflow/example_dags/example_branch_python_dop_operator_3.py
[2023-07-02T12:10:11.407+0000] {processor.py:753} INFO - DAG(s) dict_keys(['example_branch_dop_operator_v3']) retrieved from /home/airflow/.local/lib/python3.7/site-packages/airflow/example_dags/example_branch_python_dop_operator_3.py
[2023-07-02T12:10:11.497+0000] {logging_mixin.py:137} INFO - [2023-07-02T12:10:11.497+0000] {dag.py:2690} INFO - Sync 1 DAGs
[2023-07-02T12:10:11.606+0000] {logging_mixin.py:137} INFO - [2023-07-02T12:10:11.606+0000] {dag.py:3441} INFO - Setting next_dagrun for example_branch_dop_operator_v3 to 2023-07-02T12:09:00+00:00, run_after=2023-07-02T12:10:00+00:00
[2023-07-02T12:10:11.704+0000] {processor.py:175} INFO - Processing /home/airflow/.local/lib/python3.7/site-packages/airflow/example_dags/example_branch_python_dop_operator_3.py took 0.390 seconds
[2023-07-02T12:18:28.839+0000] {processor.py:153} INFO - Started process (PID=1532) to work on /home/airflow/.local/lib/python3.7/site-packages/airflow/example_dags/example_branch_python_dop_operator_3.py
[2023-07-02T12:18:28.850+0000] {processor.py:743} INFO - Processing file /home/airflow/.local/lib/python3.7/site-packages/airflow/example_dags/example_branch_python_dop_operator_3.py for tasks to queue
[2023-07-02T12:18:28.852+0000] {logging_mixin.py:137} INFO - [2023-07-02T12:18:28.852+0000] {dagbag.py:538} INFO - Filling up the DagBag from /home/airflow/.local/lib/python3.7/site-packages/airflow/example_dags/example_branch_python_dop_operator_3.py
[2023-07-02T12:18:28.984+0000] {processor.py:753} INFO - DAG(s) dict_keys(['example_branch_dop_operator_v3']) retrieved from /home/airflow/.local/lib/python3.7/site-packages/airflow/example_dags/example_branch_python_dop_operator_3.py
[2023-07-02T12:18:29.110+0000] {logging_mixin.py:137} INFO - [2023-07-02T12:18:29.109+0000] {dag.py:2690} INFO - Sync 1 DAGs
[2023-07-02T12:18:29.274+0000] {logging_mixin.py:137} INFO - [2023-07-02T12:18:29.274+0000] {dag.py:3441} INFO - Setting next_dagrun for example_branch_dop_operator_v3 to 2023-07-02T12:17:00+00:00, run_after=2023-07-02T12:18:00+00:00
[2023-07-02T12:18:29.382+0000] {processor.py:175} INFO - Processing /home/airflow/.local/lib/python3.7/site-packages/airflow/example_dags/example_branch_python_dop_operator_3.py took 0.555 seconds
[2023-07-02T12:48:19.271+0000] {processor.py:153} INFO - Started process (PID=1571) to work on /home/airflow/.local/lib/python3.7/site-packages/airflow/example_dags/example_branch_python_dop_operator_3.py
[2023-07-02T12:48:19.276+0000] {processor.py:743} INFO - Processing file /home/airflow/.local/lib/python3.7/site-packages/airflow/example_dags/example_branch_python_dop_operator_3.py for tasks to queue
[2023-07-02T12:48:19.283+0000] {logging_mixin.py:137} INFO - [2023-07-02T12:48:19.282+0000] {dagbag.py:538} INFO - Filling up the DagBag from /home/airflow/.local/lib/python3.7/site-packages/airflow/example_dags/example_branch_python_dop_operator_3.py
[2023-07-02T12:48:19.439+0000] {processor.py:753} INFO - DAG(s) dict_keys(['example_branch_dop_operator_v3']) retrieved from /home/airflow/.local/lib/python3.7/site-packages/airflow/example_dags/example_branch_python_dop_operator_3.py
[2023-07-02T12:48:19.579+0000] {logging_mixin.py:137} INFO - [2023-07-02T12:48:19.579+0000] {dag.py:2690} INFO - Sync 1 DAGs
[2023-07-02T12:48:19.694+0000] {logging_mixin.py:137} INFO - [2023-07-02T12:48:19.694+0000] {dag.py:3441} INFO - Setting next_dagrun for example_branch_dop_operator_v3 to 2023-07-02T12:47:00+00:00, run_after=2023-07-02T12:48:00+00:00
[2023-07-02T12:48:19.790+0000] {processor.py:175} INFO - Processing /home/airflow/.local/lib/python3.7/site-packages/airflow/example_dags/example_branch_python_dop_operator_3.py took 0.537 seconds
[2023-07-02T13:45:21.726+0000] {processor.py:153} INFO - Started process (PID=1618) to work on /home/airflow/.local/lib/python3.7/site-packages/airflow/example_dags/example_branch_python_dop_operator_3.py
[2023-07-02T13:45:21.745+0000] {processor.py:743} INFO - Processing file /home/airflow/.local/lib/python3.7/site-packages/airflow/example_dags/example_branch_python_dop_operator_3.py for tasks to queue
[2023-07-02T13:45:21.767+0000] {logging_mixin.py:137} INFO - [2023-07-02T13:45:21.764+0000] {dagbag.py:538} INFO - Filling up the DagBag from /home/airflow/.local/lib/python3.7/site-packages/airflow/example_dags/example_branch_python_dop_operator_3.py
[2023-07-02T13:45:22.030+0000] {processor.py:753} INFO - DAG(s) dict_keys(['example_branch_dop_operator_v3']) retrieved from /home/airflow/.local/lib/python3.7/site-packages/airflow/example_dags/example_branch_python_dop_operator_3.py
[2023-07-02T13:45:22.140+0000] {logging_mixin.py:137} INFO - [2023-07-02T13:45:22.140+0000] {dag.py:2690} INFO - Sync 1 DAGs
[2023-07-02T13:45:22.270+0000] {logging_mixin.py:137} INFO - [2023-07-02T13:45:22.269+0000] {dag.py:3441} INFO - Setting next_dagrun for example_branch_dop_operator_v3 to 2023-07-02T13:44:00+00:00, run_after=2023-07-02T13:45:00+00:00
[2023-07-02T13:45:22.382+0000] {processor.py:175} INFO - Processing /home/airflow/.local/lib/python3.7/site-packages/airflow/example_dags/example_branch_python_dop_operator_3.py took 0.695 seconds
[2023-07-02T13:55:44.226+0000] {processor.py:153} INFO - Started process (PID=1657) to work on /home/airflow/.local/lib/python3.7/site-packages/airflow/example_dags/example_branch_python_dop_operator_3.py
[2023-07-02T13:55:44.236+0000] {processor.py:743} INFO - Processing file /home/airflow/.local/lib/python3.7/site-packages/airflow/example_dags/example_branch_python_dop_operator_3.py for tasks to queue
[2023-07-02T13:55:44.249+0000] {logging_mixin.py:137} INFO - [2023-07-02T13:55:44.248+0000] {dagbag.py:538} INFO - Filling up the DagBag from /home/airflow/.local/lib/python3.7/site-packages/airflow/example_dags/example_branch_python_dop_operator_3.py
[2023-07-02T13:55:45.188+0000] {processor.py:753} INFO - DAG(s) dict_keys(['example_branch_dop_operator_v3']) retrieved from /home/airflow/.local/lib/python3.7/site-packages/airflow/example_dags/example_branch_python_dop_operator_3.py
[2023-07-02T13:55:45.476+0000] {logging_mixin.py:137} INFO - [2023-07-02T13:55:45.476+0000] {dag.py:2690} INFO - Sync 1 DAGs
[2023-07-02T13:55:45.671+0000] {logging_mixin.py:137} INFO - [2023-07-02T13:55:45.671+0000] {dag.py:3441} INFO - Setting next_dagrun for example_branch_dop_operator_v3 to 2023-07-02T13:54:00+00:00, run_after=2023-07-02T13:55:00+00:00
[2023-07-02T13:55:45.807+0000] {processor.py:175} INFO - Processing /home/airflow/.local/lib/python3.7/site-packages/airflow/example_dags/example_branch_python_dop_operator_3.py took 1.606 seconds
[2023-07-02T13:56:16.119+0000] {processor.py:153} INFO - Started process (PID=1725) to work on /home/airflow/.local/lib/python3.7/site-packages/airflow/example_dags/example_branch_python_dop_operator_3.py
[2023-07-02T13:56:16.124+0000] {processor.py:743} INFO - Processing file /home/airflow/.local/lib/python3.7/site-packages/airflow/example_dags/example_branch_python_dop_operator_3.py for tasks to queue
[2023-07-02T13:56:16.126+0000] {logging_mixin.py:137} INFO - [2023-07-02T13:56:16.126+0000] {dagbag.py:538} INFO - Filling up the DagBag from /home/airflow/.local/lib/python3.7/site-packages/airflow/example_dags/example_branch_python_dop_operator_3.py
[2023-07-02T13:56:16.182+0000] {processor.py:753} INFO - DAG(s) dict_keys(['example_branch_dop_operator_v3']) retrieved from /home/airflow/.local/lib/python3.7/site-packages/airflow/example_dags/example_branch_python_dop_operator_3.py
[2023-07-02T13:56:16.254+0000] {logging_mixin.py:137} INFO - [2023-07-02T13:56:16.250+0000] {dag.py:2690} INFO - Sync 1 DAGs
[2023-07-02T13:56:16.324+0000] {logging_mixin.py:137} INFO - [2023-07-02T13:56:16.324+0000] {dag.py:3441} INFO - Setting next_dagrun for example_branch_dop_operator_v3 to 2023-07-02T13:55:00+00:00, run_after=2023-07-02T13:56:00+00:00
[2023-07-02T13:56:16.365+0000] {processor.py:175} INFO - Processing /home/airflow/.local/lib/python3.7/site-packages/airflow/example_dags/example_branch_python_dop_operator_3.py took 0.264 seconds
[2023-07-02T13:56:46.950+0000] {processor.py:153} INFO - Started process (PID=1786) to work on /home/airflow/.local/lib/python3.7/site-packages/airflow/example_dags/example_branch_python_dop_operator_3.py
[2023-07-02T13:56:46.954+0000] {processor.py:743} INFO - Processing file /home/airflow/.local/lib/python3.7/site-packages/airflow/example_dags/example_branch_python_dop_operator_3.py for tasks to queue
[2023-07-02T13:56:46.958+0000] {logging_mixin.py:137} INFO - [2023-07-02T13:56:46.957+0000] {dagbag.py:538} INFO - Filling up the DagBag from /home/airflow/.local/lib/python3.7/site-packages/airflow/example_dags/example_branch_python_dop_operator_3.py
[2023-07-02T13:56:47.047+0000] {processor.py:753} INFO - DAG(s) dict_keys(['example_branch_dop_operator_v3']) retrieved from /home/airflow/.local/lib/python3.7/site-packages/airflow/example_dags/example_branch_python_dop_operator_3.py
[2023-07-02T13:56:47.146+0000] {logging_mixin.py:137} INFO - [2023-07-02T13:56:47.146+0000] {dag.py:2690} INFO - Sync 1 DAGs
[2023-07-02T13:56:47.222+0000] {logging_mixin.py:137} INFO - [2023-07-02T13:56:47.222+0000] {dag.py:3441} INFO - Setting next_dagrun for example_branch_dop_operator_v3 to 2023-07-02T13:55:00+00:00, run_after=2023-07-02T13:56:00+00:00
[2023-07-02T13:56:47.291+0000] {processor.py:175} INFO - Processing /home/airflow/.local/lib/python3.7/site-packages/airflow/example_dags/example_branch_python_dop_operator_3.py took 0.363 seconds
[2023-07-02T13:57:17.837+0000] {processor.py:153} INFO - Started process (PID=1845) to work on /home/airflow/.local/lib/python3.7/site-packages/airflow/example_dags/example_branch_python_dop_operator_3.py
[2023-07-02T13:57:17.840+0000] {processor.py:743} INFO - Processing file /home/airflow/.local/lib/python3.7/site-packages/airflow/example_dags/example_branch_python_dop_operator_3.py for tasks to queue
[2023-07-02T13:57:17.841+0000] {logging_mixin.py:137} INFO - [2023-07-02T13:57:17.841+0000] {dagbag.py:538} INFO - Filling up the DagBag from /home/airflow/.local/lib/python3.7/site-packages/airflow/example_dags/example_branch_python_dop_operator_3.py
[2023-07-02T13:57:17.875+0000] {processor.py:753} INFO - DAG(s) dict_keys(['example_branch_dop_operator_v3']) retrieved from /home/airflow/.local/lib/python3.7/site-packages/airflow/example_dags/example_branch_python_dop_operator_3.py
[2023-07-02T13:57:17.914+0000] {logging_mixin.py:137} INFO - [2023-07-02T13:57:17.914+0000] {dag.py:2690} INFO - Sync 1 DAGs
[2023-07-02T13:57:17.954+0000] {logging_mixin.py:137} INFO - [2023-07-02T13:57:17.954+0000] {dag.py:3441} INFO - Setting next_dagrun for example_branch_dop_operator_v3 to 2023-07-02T13:56:00+00:00, run_after=2023-07-02T13:57:00+00:00
[2023-07-02T13:57:17.983+0000] {processor.py:175} INFO - Processing /home/airflow/.local/lib/python3.7/site-packages/airflow/example_dags/example_branch_python_dop_operator_3.py took 0.157 seconds
[2023-07-02T14:07:17.234+0000] {processor.py:153} INFO - Started process (PID=1906) to work on /home/airflow/.local/lib/python3.7/site-packages/airflow/example_dags/example_branch_python_dop_operator_3.py
[2023-07-02T14:07:17.241+0000] {processor.py:743} INFO - Processing file /home/airflow/.local/lib/python3.7/site-packages/airflow/example_dags/example_branch_python_dop_operator_3.py for tasks to queue
[2023-07-02T14:07:17.251+0000] {logging_mixin.py:137} INFO - [2023-07-02T14:07:17.251+0000] {dagbag.py:538} INFO - Filling up the DagBag from /home/airflow/.local/lib/python3.7/site-packages/airflow/example_dags/example_branch_python_dop_operator_3.py
[2023-07-02T14:07:17.424+0000] {processor.py:753} INFO - DAG(s) dict_keys(['example_branch_dop_operator_v3']) retrieved from /home/airflow/.local/lib/python3.7/site-packages/airflow/example_dags/example_branch_python_dop_operator_3.py
[2023-07-02T14:07:17.573+0000] {logging_mixin.py:137} INFO - [2023-07-02T14:07:17.572+0000] {dag.py:2690} INFO - Sync 1 DAGs
[2023-07-02T14:07:17.678+0000] {logging_mixin.py:137} INFO - [2023-07-02T14:07:17.678+0000] {dag.py:3441} INFO - Setting next_dagrun for example_branch_dop_operator_v3 to 2023-07-02T14:06:00+00:00, run_after=2023-07-02T14:07:00+00:00
[2023-07-02T14:07:17.765+0000] {processor.py:175} INFO - Processing /home/airflow/.local/lib/python3.7/site-packages/airflow/example_dags/example_branch_python_dop_operator_3.py took 0.554 seconds
[2023-07-02T15:57:38.730+0000] {processor.py:153} INFO - Started process (PID=1955) to work on /home/airflow/.local/lib/python3.7/site-packages/airflow/example_dags/example_branch_python_dop_operator_3.py
[2023-07-02T15:57:38.745+0000] {processor.py:743} INFO - Processing file /home/airflow/.local/lib/python3.7/site-packages/airflow/example_dags/example_branch_python_dop_operator_3.py for tasks to queue
[2023-07-02T15:57:38.754+0000] {logging_mixin.py:137} INFO - [2023-07-02T15:57:38.751+0000] {dagbag.py:538} INFO - Filling up the DagBag from /home/airflow/.local/lib/python3.7/site-packages/airflow/example_dags/example_branch_python_dop_operator_3.py
[2023-07-02T15:57:38.896+0000] {processor.py:753} INFO - DAG(s) dict_keys(['example_branch_dop_operator_v3']) retrieved from /home/airflow/.local/lib/python3.7/site-packages/airflow/example_dags/example_branch_python_dop_operator_3.py
[2023-07-02T15:57:39.036+0000] {logging_mixin.py:137} INFO - [2023-07-02T15:57:39.035+0000] {dag.py:2690} INFO - Sync 1 DAGs
[2023-07-02T15:57:39.173+0000] {logging_mixin.py:137} INFO - [2023-07-02T15:57:39.172+0000] {dag.py:3441} INFO - Setting next_dagrun for example_branch_dop_operator_v3 to 2023-07-02T15:56:00+00:00, run_after=2023-07-02T15:57:00+00:00
[2023-07-02T15:57:39.289+0000] {processor.py:175} INFO - Processing /home/airflow/.local/lib/python3.7/site-packages/airflow/example_dags/example_branch_python_dop_operator_3.py took 0.576 seconds
[2023-07-02T17:58:01.793+0000] {processor.py:153} INFO - Started process (PID=2015) to work on /home/airflow/.local/lib/python3.7/site-packages/airflow/example_dags/example_branch_python_dop_operator_3.py
[2023-07-02T17:58:01.805+0000] {processor.py:743} INFO - Processing file /home/airflow/.local/lib/python3.7/site-packages/airflow/example_dags/example_branch_python_dop_operator_3.py for tasks to queue
[2023-07-02T17:58:01.810+0000] {logging_mixin.py:137} INFO - [2023-07-02T17:58:01.809+0000] {dagbag.py:538} INFO - Filling up the DagBag from /home/airflow/.local/lib/python3.7/site-packages/airflow/example_dags/example_branch_python_dop_operator_3.py
[2023-07-02T17:58:01.907+0000] {processor.py:753} INFO - DAG(s) dict_keys(['example_branch_dop_operator_v3']) retrieved from /home/airflow/.local/lib/python3.7/site-packages/airflow/example_dags/example_branch_python_dop_operator_3.py
[2023-07-02T17:58:02.017+0000] {logging_mixin.py:137} INFO - [2023-07-02T17:58:02.016+0000] {dag.py:2690} INFO - Sync 1 DAGs
[2023-07-02T17:58:02.133+0000] {logging_mixin.py:137} INFO - [2023-07-02T17:58:02.122+0000] {dag.py:3441} INFO - Setting next_dagrun for example_branch_dop_operator_v3 to 2023-07-02T17:57:00+00:00, run_after=2023-07-02T17:58:00+00:00
[2023-07-02T17:58:02.205+0000] {processor.py:175} INFO - Processing /home/airflow/.local/lib/python3.7/site-packages/airflow/example_dags/example_branch_python_dop_operator_3.py took 0.426 seconds
[2023-07-02T18:10:19.676+0000] {processor.py:153} INFO - Started process (PID=2073) to work on /home/airflow/.local/lib/python3.7/site-packages/airflow/example_dags/example_branch_python_dop_operator_3.py
[2023-07-02T18:10:19.680+0000] {processor.py:743} INFO - Processing file /home/airflow/.local/lib/python3.7/site-packages/airflow/example_dags/example_branch_python_dop_operator_3.py for tasks to queue
[2023-07-02T18:10:19.687+0000] {logging_mixin.py:137} INFO - [2023-07-02T18:10:19.686+0000] {dagbag.py:538} INFO - Filling up the DagBag from /home/airflow/.local/lib/python3.7/site-packages/airflow/example_dags/example_branch_python_dop_operator_3.py
[2023-07-02T18:10:19.812+0000] {processor.py:753} INFO - DAG(s) dict_keys(['example_branch_dop_operator_v3']) retrieved from /home/airflow/.local/lib/python3.7/site-packages/airflow/example_dags/example_branch_python_dop_operator_3.py
[2023-07-02T18:10:19.946+0000] {logging_mixin.py:137} INFO - [2023-07-02T18:10:19.946+0000] {dag.py:2690} INFO - Sync 1 DAGs
[2023-07-02T18:10:20.057+0000] {logging_mixin.py:137} INFO - [2023-07-02T18:10:20.057+0000] {dag.py:3441} INFO - Setting next_dagrun for example_branch_dop_operator_v3 to 2023-07-02T18:09:00+00:00, run_after=2023-07-02T18:10:00+00:00
[2023-07-02T18:10:20.152+0000] {processor.py:175} INFO - Processing /home/airflow/.local/lib/python3.7/site-packages/airflow/example_dags/example_branch_python_dop_operator_3.py took 0.494 seconds
[2023-07-02T20:10:42.632+0000] {processor.py:153} INFO - Started process (PID=2123) to work on /home/airflow/.local/lib/python3.7/site-packages/airflow/example_dags/example_branch_python_dop_operator_3.py
[2023-07-02T20:10:42.635+0000] {processor.py:743} INFO - Processing file /home/airflow/.local/lib/python3.7/site-packages/airflow/example_dags/example_branch_python_dop_operator_3.py for tasks to queue
[2023-07-02T20:10:42.637+0000] {logging_mixin.py:137} INFO - [2023-07-02T20:10:42.637+0000] {dagbag.py:538} INFO - Filling up the DagBag from /home/airflow/.local/lib/python3.7/site-packages/airflow/example_dags/example_branch_python_dop_operator_3.py
[2023-07-02T20:10:42.671+0000] {processor.py:753} INFO - DAG(s) dict_keys(['example_branch_dop_operator_v3']) retrieved from /home/airflow/.local/lib/python3.7/site-packages/airflow/example_dags/example_branch_python_dop_operator_3.py
[2023-07-02T20:10:42.713+0000] {logging_mixin.py:137} INFO - [2023-07-02T20:10:42.713+0000] {dag.py:2690} INFO - Sync 1 DAGs
[2023-07-02T20:10:42.765+0000] {logging_mixin.py:137} INFO - [2023-07-02T20:10:42.765+0000] {dag.py:3441} INFO - Setting next_dagrun for example_branch_dop_operator_v3 to 2023-07-02T20:09:00+00:00, run_after=2023-07-02T20:10:00+00:00
[2023-07-02T20:10:42.789+0000] {processor.py:175} INFO - Processing /home/airflow/.local/lib/python3.7/site-packages/airflow/example_dags/example_branch_python_dop_operator_3.py took 0.162 seconds
[2023-07-02T22:11:07.429+0000] {processor.py:153} INFO - Started process (PID=2181) to work on /home/airflow/.local/lib/python3.7/site-packages/airflow/example_dags/example_branch_python_dop_operator_3.py
[2023-07-02T22:11:07.434+0000] {processor.py:743} INFO - Processing file /home/airflow/.local/lib/python3.7/site-packages/airflow/example_dags/example_branch_python_dop_operator_3.py for tasks to queue
[2023-07-02T22:11:07.439+0000] {logging_mixin.py:137} INFO - [2023-07-02T22:11:07.438+0000] {dagbag.py:538} INFO - Filling up the DagBag from /home/airflow/.local/lib/python3.7/site-packages/airflow/example_dags/example_branch_python_dop_operator_3.py
[2023-07-02T22:11:07.571+0000] {processor.py:753} INFO - DAG(s) dict_keys(['example_branch_dop_operator_v3']) retrieved from /home/airflow/.local/lib/python3.7/site-packages/airflow/example_dags/example_branch_python_dop_operator_3.py
[2023-07-02T22:11:07.659+0000] {logging_mixin.py:137} INFO - [2023-07-02T22:11:07.659+0000] {dag.py:2690} INFO - Sync 1 DAGs
[2023-07-02T22:11:07.722+0000] {logging_mixin.py:137} INFO - [2023-07-02T22:11:07.722+0000] {dag.py:3441} INFO - Setting next_dagrun for example_branch_dop_operator_v3 to 2023-07-02T22:10:00+00:00, run_after=2023-07-02T22:11:00+00:00
[2023-07-02T22:11:07.765+0000] {processor.py:175} INFO - Processing /home/airflow/.local/lib/python3.7/site-packages/airflow/example_dags/example_branch_python_dop_operator_3.py took 0.351 seconds
[2023-07-02T22:49:02.301+0000] {processor.py:153} INFO - Started process (PID=2238) to work on /home/airflow/.local/lib/python3.7/site-packages/airflow/example_dags/example_branch_python_dop_operator_3.py
[2023-07-02T22:49:02.309+0000] {processor.py:743} INFO - Processing file /home/airflow/.local/lib/python3.7/site-packages/airflow/example_dags/example_branch_python_dop_operator_3.py for tasks to queue
[2023-07-02T22:49:02.316+0000] {logging_mixin.py:137} INFO - [2023-07-02T22:49:02.315+0000] {dagbag.py:538} INFO - Filling up the DagBag from /home/airflow/.local/lib/python3.7/site-packages/airflow/example_dags/example_branch_python_dop_operator_3.py
[2023-07-02T22:49:02.513+0000] {processor.py:753} INFO - DAG(s) dict_keys(['example_branch_dop_operator_v3']) retrieved from /home/airflow/.local/lib/python3.7/site-packages/airflow/example_dags/example_branch_python_dop_operator_3.py
[2023-07-02T22:49:02.852+0000] {logging_mixin.py:137} INFO - [2023-07-02T22:49:02.850+0000] {dag.py:2690} INFO - Sync 1 DAGs
[2023-07-02T22:49:03.105+0000] {logging_mixin.py:137} INFO - [2023-07-02T22:49:03.105+0000] {dag.py:3441} INFO - Setting next_dagrun for example_branch_dop_operator_v3 to 2023-07-02T22:48:00+00:00, run_after=2023-07-02T22:49:00+00:00
[2023-07-02T22:49:03.173+0000] {processor.py:175} INFO - Processing /home/airflow/.local/lib/python3.7/site-packages/airflow/example_dags/example_branch_python_dop_operator_3.py took 0.902 seconds
[2023-07-02T22:49:33.484+0000] {processor.py:153} INFO - Started process (PID=2296) to work on /home/airflow/.local/lib/python3.7/site-packages/airflow/example_dags/example_branch_python_dop_operator_3.py
[2023-07-02T22:49:33.487+0000] {processor.py:743} INFO - Processing file /home/airflow/.local/lib/python3.7/site-packages/airflow/example_dags/example_branch_python_dop_operator_3.py for tasks to queue
[2023-07-02T22:49:33.490+0000] {logging_mixin.py:137} INFO - [2023-07-02T22:49:33.490+0000] {dagbag.py:538} INFO - Filling up the DagBag from /home/airflow/.local/lib/python3.7/site-packages/airflow/example_dags/example_branch_python_dop_operator_3.py
[2023-07-02T22:49:33.535+0000] {processor.py:753} INFO - DAG(s) dict_keys(['example_branch_dop_operator_v3']) retrieved from /home/airflow/.local/lib/python3.7/site-packages/airflow/example_dags/example_branch_python_dop_operator_3.py
[2023-07-02T22:49:33.576+0000] {logging_mixin.py:137} INFO - [2023-07-02T22:49:33.575+0000] {dag.py:2690} INFO - Sync 1 DAGs
[2023-07-02T22:49:33.617+0000] {logging_mixin.py:137} INFO - [2023-07-02T22:49:33.617+0000] {dag.py:3441} INFO - Setting next_dagrun for example_branch_dop_operator_v3 to 2023-07-02T22:48:00+00:00, run_after=2023-07-02T22:49:00+00:00
[2023-07-02T22:49:33.652+0000] {processor.py:175} INFO - Processing /home/airflow/.local/lib/python3.7/site-packages/airflow/example_dags/example_branch_python_dop_operator_3.py took 0.177 seconds
[2023-07-02T22:50:04.560+0000] {processor.py:153} INFO - Started process (PID=2355) to work on /home/airflow/.local/lib/python3.7/site-packages/airflow/example_dags/example_branch_python_dop_operator_3.py
[2023-07-02T22:50:04.562+0000] {processor.py:743} INFO - Processing file /home/airflow/.local/lib/python3.7/site-packages/airflow/example_dags/example_branch_python_dop_operator_3.py for tasks to queue
[2023-07-02T22:50:04.564+0000] {logging_mixin.py:137} INFO - [2023-07-02T22:50:04.564+0000] {dagbag.py:538} INFO - Filling up the DagBag from /home/airflow/.local/lib/python3.7/site-packages/airflow/example_dags/example_branch_python_dop_operator_3.py
[2023-07-02T22:50:04.600+0000] {processor.py:753} INFO - DAG(s) dict_keys(['example_branch_dop_operator_v3']) retrieved from /home/airflow/.local/lib/python3.7/site-packages/airflow/example_dags/example_branch_python_dop_operator_3.py
[2023-07-02T22:50:04.646+0000] {logging_mixin.py:137} INFO - [2023-07-02T22:50:04.646+0000] {dag.py:2690} INFO - Sync 1 DAGs
[2023-07-02T22:50:04.685+0000] {logging_mixin.py:137} INFO - [2023-07-02T22:50:04.685+0000] {dag.py:3441} INFO - Setting next_dagrun for example_branch_dop_operator_v3 to 2023-07-02T22:49:00+00:00, run_after=2023-07-02T22:50:00+00:00
[2023-07-02T22:50:04.713+0000] {processor.py:175} INFO - Processing /home/airflow/.local/lib/python3.7/site-packages/airflow/example_dags/example_branch_python_dop_operator_3.py took 0.164 seconds
[2023-07-02T22:50:38.249+0000] {processor.py:153} INFO - Started process (PID=2413) to work on /home/airflow/.local/lib/python3.7/site-packages/airflow/example_dags/example_branch_python_dop_operator_3.py
[2023-07-02T22:50:38.251+0000] {processor.py:743} INFO - Processing file /home/airflow/.local/lib/python3.7/site-packages/airflow/example_dags/example_branch_python_dop_operator_3.py for tasks to queue
[2023-07-02T22:50:38.254+0000] {logging_mixin.py:137} INFO - [2023-07-02T22:50:38.253+0000] {dagbag.py:538} INFO - Filling up the DagBag from /home/airflow/.local/lib/python3.7/site-packages/airflow/example_dags/example_branch_python_dop_operator_3.py
[2023-07-02T22:50:38.289+0000] {processor.py:753} INFO - DAG(s) dict_keys(['example_branch_dop_operator_v3']) retrieved from /home/airflow/.local/lib/python3.7/site-packages/airflow/example_dags/example_branch_python_dop_operator_3.py
[2023-07-02T22:50:38.331+0000] {logging_mixin.py:137} INFO - [2023-07-02T22:50:38.331+0000] {dag.py:2690} INFO - Sync 1 DAGs
[2023-07-02T22:50:38.372+0000] {logging_mixin.py:137} INFO - [2023-07-02T22:50:38.372+0000] {dag.py:3441} INFO - Setting next_dagrun for example_branch_dop_operator_v3 to 2023-07-02T22:49:00+00:00, run_after=2023-07-02T22:50:00+00:00
[2023-07-02T22:50:38.403+0000] {processor.py:175} INFO - Processing /home/airflow/.local/lib/python3.7/site-packages/airflow/example_dags/example_branch_python_dop_operator_3.py took 0.163 seconds
[2023-07-02T22:51:09.705+0000] {processor.py:153} INFO - Started process (PID=2473) to work on /home/airflow/.local/lib/python3.7/site-packages/airflow/example_dags/example_branch_python_dop_operator_3.py
[2023-07-02T22:51:09.708+0000] {processor.py:743} INFO - Processing file /home/airflow/.local/lib/python3.7/site-packages/airflow/example_dags/example_branch_python_dop_operator_3.py for tasks to queue
[2023-07-02T22:51:09.711+0000] {logging_mixin.py:137} INFO - [2023-07-02T22:51:09.710+0000] {dagbag.py:538} INFO - Filling up the DagBag from /home/airflow/.local/lib/python3.7/site-packages/airflow/example_dags/example_branch_python_dop_operator_3.py
[2023-07-02T22:51:09.780+0000] {processor.py:753} INFO - DAG(s) dict_keys(['example_branch_dop_operator_v3']) retrieved from /home/airflow/.local/lib/python3.7/site-packages/airflow/example_dags/example_branch_python_dop_operator_3.py
[2023-07-02T22:51:09.899+0000] {logging_mixin.py:137} INFO - [2023-07-02T22:51:09.898+0000] {dag.py:2690} INFO - Sync 1 DAGs
[2023-07-02T22:51:10.014+0000] {logging_mixin.py:137} INFO - [2023-07-02T22:51:10.013+0000] {dag.py:3441} INFO - Setting next_dagrun for example_branch_dop_operator_v3 to 2023-07-02T22:50:00+00:00, run_after=2023-07-02T22:51:00+00:00
[2023-07-02T22:51:10.096+0000] {processor.py:175} INFO - Processing /home/airflow/.local/lib/python3.7/site-packages/airflow/example_dags/example_branch_python_dop_operator_3.py took 0.410 seconds
[2023-07-02T22:55:14.010+0000] {processor.py:153} INFO - Started process (PID=2512) to work on /home/airflow/.local/lib/python3.7/site-packages/airflow/example_dags/example_branch_python_dop_operator_3.py
[2023-07-02T22:55:14.017+0000] {processor.py:743} INFO - Processing file /home/airflow/.local/lib/python3.7/site-packages/airflow/example_dags/example_branch_python_dop_operator_3.py for tasks to queue
[2023-07-02T22:55:14.024+0000] {logging_mixin.py:137} INFO - [2023-07-02T22:55:14.023+0000] {dagbag.py:538} INFO - Filling up the DagBag from /home/airflow/.local/lib/python3.7/site-packages/airflow/example_dags/example_branch_python_dop_operator_3.py
[2023-07-02T22:55:14.203+0000] {processor.py:753} INFO - DAG(s) dict_keys(['example_branch_dop_operator_v3']) retrieved from /home/airflow/.local/lib/python3.7/site-packages/airflow/example_dags/example_branch_python_dop_operator_3.py
[2023-07-02T22:55:14.334+0000] {logging_mixin.py:137} INFO - [2023-07-02T22:55:14.333+0000] {dag.py:2690} INFO - Sync 1 DAGs
[2023-07-02T22:55:14.457+0000] {logging_mixin.py:137} INFO - [2023-07-02T22:55:14.457+0000] {dag.py:3441} INFO - Setting next_dagrun for example_branch_dop_operator_v3 to 2023-07-02T22:54:00+00:00, run_after=2023-07-02T22:55:00+00:00
[2023-07-02T22:55:14.580+0000] {processor.py:175} INFO - Processing /home/airflow/.local/lib/python3.7/site-packages/airflow/example_dags/example_branch_python_dop_operator_3.py took 0.589 seconds
[2023-07-02T22:55:49.053+0000] {processor.py:153} INFO - Started process (PID=2577) to work on /home/airflow/.local/lib/python3.7/site-packages/airflow/example_dags/example_branch_python_dop_operator_3.py
[2023-07-02T22:55:49.069+0000] {processor.py:743} INFO - Processing file /home/airflow/.local/lib/python3.7/site-packages/airflow/example_dags/example_branch_python_dop_operator_3.py for tasks to queue
[2023-07-02T22:55:49.082+0000] {logging_mixin.py:137} INFO - [2023-07-02T22:55:49.076+0000] {dagbag.py:538} INFO - Filling up the DagBag from /home/airflow/.local/lib/python3.7/site-packages/airflow/example_dags/example_branch_python_dop_operator_3.py
[2023-07-02T22:55:49.294+0000] {processor.py:753} INFO - DAG(s) dict_keys(['example_branch_dop_operator_v3']) retrieved from /home/airflow/.local/lib/python3.7/site-packages/airflow/example_dags/example_branch_python_dop_operator_3.py
[2023-07-02T22:55:49.407+0000] {logging_mixin.py:137} INFO - [2023-07-02T22:55:49.405+0000] {dag.py:2690} INFO - Sync 1 DAGs
[2023-07-02T22:55:49.506+0000] {logging_mixin.py:137} INFO - [2023-07-02T22:55:49.506+0000] {dag.py:3441} INFO - Setting next_dagrun for example_branch_dop_operator_v3 to 2023-07-02T22:54:00+00:00, run_after=2023-07-02T22:55:00+00:00
[2023-07-02T22:55:49.553+0000] {processor.py:175} INFO - Processing /home/airflow/.local/lib/python3.7/site-packages/airflow/example_dags/example_branch_python_dop_operator_3.py took 0.543 seconds
[2023-07-02T22:56:19.756+0000] {processor.py:153} INFO - Started process (PID=2639) to work on /home/airflow/.local/lib/python3.7/site-packages/airflow/example_dags/example_branch_python_dop_operator_3.py
[2023-07-02T22:56:19.762+0000] {processor.py:743} INFO - Processing file /home/airflow/.local/lib/python3.7/site-packages/airflow/example_dags/example_branch_python_dop_operator_3.py for tasks to queue
[2023-07-02T22:56:19.765+0000] {logging_mixin.py:137} INFO - [2023-07-02T22:56:19.765+0000] {dagbag.py:538} INFO - Filling up the DagBag from /home/airflow/.local/lib/python3.7/site-packages/airflow/example_dags/example_branch_python_dop_operator_3.py
[2023-07-02T22:56:19.940+0000] {processor.py:753} INFO - DAG(s) dict_keys(['example_branch_dop_operator_v3']) retrieved from /home/airflow/.local/lib/python3.7/site-packages/airflow/example_dags/example_branch_python_dop_operator_3.py
[2023-07-02T22:56:20.282+0000] {logging_mixin.py:137} INFO - [2023-07-02T22:56:20.282+0000] {dag.py:2690} INFO - Sync 1 DAGs
[2023-07-02T22:56:20.396+0000] {logging_mixin.py:137} INFO - [2023-07-02T22:56:20.396+0000] {dag.py:3441} INFO - Setting next_dagrun for example_branch_dop_operator_v3 to 2023-07-02T22:55:00+00:00, run_after=2023-07-02T22:56:00+00:00
[2023-07-02T22:56:20.504+0000] {processor.py:175} INFO - Processing /home/airflow/.local/lib/python3.7/site-packages/airflow/example_dags/example_branch_python_dop_operator_3.py took 0.792 seconds
[2023-07-02T23:02:31.552+0000] {processor.py:153} INFO - Started process (PID=2685) to work on /home/airflow/.local/lib/python3.7/site-packages/airflow/example_dags/example_branch_python_dop_operator_3.py
[2023-07-02T23:02:31.556+0000] {processor.py:743} INFO - Processing file /home/airflow/.local/lib/python3.7/site-packages/airflow/example_dags/example_branch_python_dop_operator_3.py for tasks to queue
[2023-07-02T23:02:31.562+0000] {logging_mixin.py:137} INFO - [2023-07-02T23:02:31.562+0000] {dagbag.py:538} INFO - Filling up the DagBag from /home/airflow/.local/lib/python3.7/site-packages/airflow/example_dags/example_branch_python_dop_operator_3.py
[2023-07-02T23:02:31.636+0000] {processor.py:753} INFO - DAG(s) dict_keys(['example_branch_dop_operator_v3']) retrieved from /home/airflow/.local/lib/python3.7/site-packages/airflow/example_dags/example_branch_python_dop_operator_3.py
[2023-07-02T23:02:31.699+0000] {logging_mixin.py:137} INFO - [2023-07-02T23:02:31.699+0000] {dag.py:2690} INFO - Sync 1 DAGs
[2023-07-02T23:02:31.736+0000] {logging_mixin.py:137} INFO - [2023-07-02T23:02:31.736+0000] {dag.py:3441} INFO - Setting next_dagrun for example_branch_dop_operator_v3 to 2023-07-02T23:01:00+00:00, run_after=2023-07-02T23:02:00+00:00
[2023-07-02T23:02:31.764+0000] {processor.py:175} INFO - Processing /home/airflow/.local/lib/python3.7/site-packages/airflow/example_dags/example_branch_python_dop_operator_3.py took 0.235 seconds
[2023-07-02T23:03:12.192+0000] {processor.py:153} INFO - Started process (PID=2753) to work on /home/airflow/.local/lib/python3.7/site-packages/airflow/example_dags/example_branch_python_dop_operator_3.py
[2023-07-02T23:03:12.204+0000] {processor.py:743} INFO - Processing file /home/airflow/.local/lib/python3.7/site-packages/airflow/example_dags/example_branch_python_dop_operator_3.py for tasks to queue
[2023-07-02T23:03:12.219+0000] {logging_mixin.py:137} INFO - [2023-07-02T23:03:12.216+0000] {dagbag.py:538} INFO - Filling up the DagBag from /home/airflow/.local/lib/python3.7/site-packages/airflow/example_dags/example_branch_python_dop_operator_3.py
[2023-07-02T23:03:12.396+0000] {processor.py:753} INFO - DAG(s) dict_keys(['example_branch_dop_operator_v3']) retrieved from /home/airflow/.local/lib/python3.7/site-packages/airflow/example_dags/example_branch_python_dop_operator_3.py
[2023-07-02T23:03:12.576+0000] {logging_mixin.py:137} INFO - [2023-07-02T23:03:12.576+0000] {dag.py:2690} INFO - Sync 1 DAGs
[2023-07-02T23:03:12.767+0000] {logging_mixin.py:137} INFO - [2023-07-02T23:03:12.767+0000] {dag.py:3441} INFO - Setting next_dagrun for example_branch_dop_operator_v3 to 2023-07-02T23:02:00+00:00, run_after=2023-07-02T23:03:00+00:00
[2023-07-02T23:03:12.899+0000] {processor.py:175} INFO - Processing /home/airflow/.local/lib/python3.7/site-packages/airflow/example_dags/example_branch_python_dop_operator_3.py took 0.743 seconds
[2023-07-02T23:03:43.767+0000] {processor.py:153} INFO - Started process (PID=2814) to work on /home/airflow/.local/lib/python3.7/site-packages/airflow/example_dags/example_branch_python_dop_operator_3.py
[2023-07-02T23:03:43.770+0000] {processor.py:743} INFO - Processing file /home/airflow/.local/lib/python3.7/site-packages/airflow/example_dags/example_branch_python_dop_operator_3.py for tasks to queue
[2023-07-02T23:03:43.773+0000] {logging_mixin.py:137} INFO - [2023-07-02T23:03:43.773+0000] {dagbag.py:538} INFO - Filling up the DagBag from /home/airflow/.local/lib/python3.7/site-packages/airflow/example_dags/example_branch_python_dop_operator_3.py
[2023-07-02T23:03:43.859+0000] {processor.py:753} INFO - DAG(s) dict_keys(['example_branch_dop_operator_v3']) retrieved from /home/airflow/.local/lib/python3.7/site-packages/airflow/example_dags/example_branch_python_dop_operator_3.py
[2023-07-02T23:03:43.934+0000] {logging_mixin.py:137} INFO - [2023-07-02T23:03:43.934+0000] {dag.py:2690} INFO - Sync 1 DAGs
[2023-07-02T23:03:44.000+0000] {logging_mixin.py:137} INFO - [2023-07-02T23:03:44.000+0000] {dag.py:3441} INFO - Setting next_dagrun for example_branch_dop_operator_v3 to 2023-07-02T23:02:00+00:00, run_after=2023-07-02T23:03:00+00:00
[2023-07-02T23:03:44.061+0000] {processor.py:175} INFO - Processing /home/airflow/.local/lib/python3.7/site-packages/airflow/example_dags/example_branch_python_dop_operator_3.py took 0.318 seconds
[2023-07-02T23:07:19.751+0000] {processor.py:153} INFO - Started process (PID=2877) to work on /home/airflow/.local/lib/python3.7/site-packages/airflow/example_dags/example_branch_python_dop_operator_3.py
[2023-07-02T23:07:19.761+0000] {processor.py:743} INFO - Processing file /home/airflow/.local/lib/python3.7/site-packages/airflow/example_dags/example_branch_python_dop_operator_3.py for tasks to queue
[2023-07-02T23:07:19.765+0000] {logging_mixin.py:137} INFO - [2023-07-02T23:07:19.763+0000] {dagbag.py:538} INFO - Filling up the DagBag from /home/airflow/.local/lib/python3.7/site-packages/airflow/example_dags/example_branch_python_dop_operator_3.py
[2023-07-02T23:07:19.914+0000] {processor.py:753} INFO - DAG(s) dict_keys(['example_branch_dop_operator_v3']) retrieved from /home/airflow/.local/lib/python3.7/site-packages/airflow/example_dags/example_branch_python_dop_operator_3.py
[2023-07-02T23:07:20.149+0000] {logging_mixin.py:137} INFO - [2023-07-02T23:07:20.147+0000] {dag.py:2690} INFO - Sync 1 DAGs
[2023-07-02T23:07:20.510+0000] {logging_mixin.py:137} INFO - [2023-07-02T23:07:20.510+0000] {dag.py:3441} INFO - Setting next_dagrun for example_branch_dop_operator_v3 to 2023-07-02T23:06:00+00:00, run_after=2023-07-02T23:07:00+00:00
[2023-07-02T23:07:20.675+0000] {processor.py:175} INFO - Processing /home/airflow/.local/lib/python3.7/site-packages/airflow/example_dags/example_branch_python_dop_operator_3.py took 0.947 seconds
[2023-07-02T23:07:51.386+0000] {processor.py:153} INFO - Started process (PID=2935) to work on /home/airflow/.local/lib/python3.7/site-packages/airflow/example_dags/example_branch_python_dop_operator_3.py
[2023-07-02T23:07:51.389+0000] {processor.py:743} INFO - Processing file /home/airflow/.local/lib/python3.7/site-packages/airflow/example_dags/example_branch_python_dop_operator_3.py for tasks to queue
[2023-07-02T23:07:51.405+0000] {logging_mixin.py:137} INFO - [2023-07-02T23:07:51.404+0000] {dagbag.py:538} INFO - Filling up the DagBag from /home/airflow/.local/lib/python3.7/site-packages/airflow/example_dags/example_branch_python_dop_operator_3.py
[2023-07-02T23:07:51.505+0000] {processor.py:753} INFO - DAG(s) dict_keys(['example_branch_dop_operator_v3']) retrieved from /home/airflow/.local/lib/python3.7/site-packages/airflow/example_dags/example_branch_python_dop_operator_3.py
[2023-07-02T23:07:51.554+0000] {logging_mixin.py:137} INFO - [2023-07-02T23:07:51.553+0000] {dag.py:2690} INFO - Sync 1 DAGs
[2023-07-02T23:07:51.592+0000] {logging_mixin.py:137} INFO - [2023-07-02T23:07:51.592+0000] {dag.py:3441} INFO - Setting next_dagrun for example_branch_dop_operator_v3 to 2023-07-02T23:06:00+00:00, run_after=2023-07-02T23:07:00+00:00
[2023-07-02T23:07:51.631+0000] {processor.py:175} INFO - Processing /home/airflow/.local/lib/python3.7/site-packages/airflow/example_dags/example_branch_python_dop_operator_3.py took 0.253 seconds
[2023-07-02T23:08:25.224+0000] {processor.py:153} INFO - Started process (PID=2984) to work on /home/airflow/.local/lib/python3.7/site-packages/airflow/example_dags/example_branch_python_dop_operator_3.py
[2023-07-02T23:08:25.233+0000] {processor.py:743} INFO - Processing file /home/airflow/.local/lib/python3.7/site-packages/airflow/example_dags/example_branch_python_dop_operator_3.py for tasks to queue
[2023-07-02T23:08:25.237+0000] {logging_mixin.py:137} INFO - [2023-07-02T23:08:25.236+0000] {dagbag.py:538} INFO - Filling up the DagBag from /home/airflow/.local/lib/python3.7/site-packages/airflow/example_dags/example_branch_python_dop_operator_3.py
[2023-07-02T23:08:25.317+0000] {processor.py:753} INFO - DAG(s) dict_keys(['example_branch_dop_operator_v3']) retrieved from /home/airflow/.local/lib/python3.7/site-packages/airflow/example_dags/example_branch_python_dop_operator_3.py
[2023-07-02T23:08:25.408+0000] {logging_mixin.py:137} INFO - [2023-07-02T23:08:25.408+0000] {dag.py:2690} INFO - Sync 1 DAGs
[2023-07-02T23:08:25.462+0000] {logging_mixin.py:137} INFO - [2023-07-02T23:08:25.462+0000] {dag.py:3441} INFO - Setting next_dagrun for example_branch_dop_operator_v3 to 2023-07-02T23:07:00+00:00, run_after=2023-07-02T23:08:00+00:00
[2023-07-02T23:08:25.520+0000] {processor.py:175} INFO - Processing /home/airflow/.local/lib/python3.7/site-packages/airflow/example_dags/example_branch_python_dop_operator_3.py took 0.301 seconds
[2023-07-02T23:09:04.834+0000] {processor.py:153} INFO - Started process (PID=3017) to work on /home/airflow/.local/lib/python3.7/site-packages/airflow/example_dags/example_branch_python_dop_operator_3.py
[2023-07-02T23:09:04.850+0000] {processor.py:743} INFO - Processing file /home/airflow/.local/lib/python3.7/site-packages/airflow/example_dags/example_branch_python_dop_operator_3.py for tasks to queue
[2023-07-02T23:09:04.857+0000] {logging_mixin.py:137} INFO - [2023-07-02T23:09:04.853+0000] {dagbag.py:538} INFO - Filling up the DagBag from /home/airflow/.local/lib/python3.7/site-packages/airflow/example_dags/example_branch_python_dop_operator_3.py
[2023-07-02T23:09:05.320+0000] {processor.py:753} INFO - DAG(s) dict_keys(['example_branch_dop_operator_v3']) retrieved from /home/airflow/.local/lib/python3.7/site-packages/airflow/example_dags/example_branch_python_dop_operator_3.py
[2023-07-02T23:09:05.521+0000] {logging_mixin.py:137} INFO - [2023-07-02T23:09:05.521+0000] {dag.py:2690} INFO - Sync 1 DAGs
[2023-07-02T23:09:05.671+0000] {logging_mixin.py:137} INFO - [2023-07-02T23:09:05.670+0000] {dag.py:3441} INFO - Setting next_dagrun for example_branch_dop_operator_v3 to 2023-07-02T23:08:00+00:00, run_after=2023-07-02T23:09:00+00:00
[2023-07-02T23:09:05.749+0000] {processor.py:175} INFO - Processing /home/airflow/.local/lib/python3.7/site-packages/airflow/example_dags/example_branch_python_dop_operator_3.py took 0.993 seconds
[2023-07-02T23:09:35.839+0000] {processor.py:153} INFO - Started process (PID=3077) to work on /home/airflow/.local/lib/python3.7/site-packages/airflow/example_dags/example_branch_python_dop_operator_3.py
[2023-07-02T23:09:35.841+0000] {processor.py:743} INFO - Processing file /home/airflow/.local/lib/python3.7/site-packages/airflow/example_dags/example_branch_python_dop_operator_3.py for tasks to queue
[2023-07-02T23:09:35.844+0000] {logging_mixin.py:137} INFO - [2023-07-02T23:09:35.843+0000] {dagbag.py:538} INFO - Filling up the DagBag from /home/airflow/.local/lib/python3.7/site-packages/airflow/example_dags/example_branch_python_dop_operator_3.py
[2023-07-02T23:09:35.877+0000] {processor.py:753} INFO - DAG(s) dict_keys(['example_branch_dop_operator_v3']) retrieved from /home/airflow/.local/lib/python3.7/site-packages/airflow/example_dags/example_branch_python_dop_operator_3.py
[2023-07-02T23:09:35.921+0000] {logging_mixin.py:137} INFO - [2023-07-02T23:09:35.921+0000] {dag.py:2690} INFO - Sync 1 DAGs
[2023-07-02T23:09:35.972+0000] {logging_mixin.py:137} INFO - [2023-07-02T23:09:35.971+0000] {dag.py:3441} INFO - Setting next_dagrun for example_branch_dop_operator_v3 to 2023-07-02T23:08:00+00:00, run_after=2023-07-02T23:09:00+00:00
[2023-07-02T23:09:36.029+0000] {processor.py:175} INFO - Processing /home/airflow/.local/lib/python3.7/site-packages/airflow/example_dags/example_branch_python_dop_operator_3.py took 0.200 seconds
