[2023-07-02T03:01:52.957+0000] {processor.py:153} INFO - Started process (PID=70) to work on /home/airflow/.local/lib/python3.7/site-packages/airflow/example_dags/tutorial_taskflow_api.py
[2023-07-02T03:01:52.975+0000] {processor.py:743} INFO - Processing file /home/airflow/.local/lib/python3.7/site-packages/airflow/example_dags/tutorial_taskflow_api.py for tasks to queue
[2023-07-02T03:01:53.000+0000] {logging_mixin.py:137} INFO - [2023-07-02T03:01:52.999+0000] {dagbag.py:538} INFO - Filling up the DagBag from /home/airflow/.local/lib/python3.7/site-packages/airflow/example_dags/tutorial_taskflow_api.py
[2023-07-02T03:01:53.287+0000] {processor.py:753} INFO - DAG(s) dict_keys(['tutorial_taskflow_api']) retrieved from /home/airflow/.local/lib/python3.7/site-packages/airflow/example_dags/tutorial_taskflow_api.py
[2023-07-02T03:01:53.601+0000] {logging_mixin.py:137} INFO - [2023-07-02T03:01:53.600+0000] {dag.py:2690} INFO - Sync 1 DAGs
[2023-07-02T03:01:53.944+0000] {logging_mixin.py:137} INFO - [2023-07-02T03:01:53.944+0000] {dag.py:3441} INFO - Setting next_dagrun for tutorial_taskflow_api to None, run_after=None
[2023-07-02T03:01:54.194+0000] {processor.py:175} INFO - Processing /home/airflow/.local/lib/python3.7/site-packages/airflow/example_dags/tutorial_taskflow_api.py took 1.297 seconds
[2023-07-02T03:02:24.858+0000] {processor.py:153} INFO - Started process (PID=129) to work on /home/airflow/.local/lib/python3.7/site-packages/airflow/example_dags/tutorial_taskflow_api.py
[2023-07-02T03:02:24.862+0000] {processor.py:743} INFO - Processing file /home/airflow/.local/lib/python3.7/site-packages/airflow/example_dags/tutorial_taskflow_api.py for tasks to queue
[2023-07-02T03:02:24.864+0000] {logging_mixin.py:137} INFO - [2023-07-02T03:02:24.864+0000] {dagbag.py:538} INFO - Filling up the DagBag from /home/airflow/.local/lib/python3.7/site-packages/airflow/example_dags/tutorial_taskflow_api.py
[2023-07-02T03:02:24.891+0000] {processor.py:753} INFO - DAG(s) dict_keys(['tutorial_taskflow_api']) retrieved from /home/airflow/.local/lib/python3.7/site-packages/airflow/example_dags/tutorial_taskflow_api.py
[2023-07-02T03:02:24.925+0000] {logging_mixin.py:137} INFO - [2023-07-02T03:02:24.925+0000] {dag.py:2690} INFO - Sync 1 DAGs
[2023-07-02T03:02:24.956+0000] {logging_mixin.py:137} INFO - [2023-07-02T03:02:24.956+0000] {dag.py:3441} INFO - Setting next_dagrun for tutorial_taskflow_api to None, run_after=None
[2023-07-02T03:02:24.981+0000] {processor.py:175} INFO - Processing /home/airflow/.local/lib/python3.7/site-packages/airflow/example_dags/tutorial_taskflow_api.py took 0.129 seconds
[2023-07-02T03:02:55.711+0000] {processor.py:153} INFO - Started process (PID=188) to work on /home/airflow/.local/lib/python3.7/site-packages/airflow/example_dags/tutorial_taskflow_api.py
[2023-07-02T03:02:55.714+0000] {processor.py:743} INFO - Processing file /home/airflow/.local/lib/python3.7/site-packages/airflow/example_dags/tutorial_taskflow_api.py for tasks to queue
[2023-07-02T03:02:55.718+0000] {logging_mixin.py:137} INFO - [2023-07-02T03:02:55.717+0000] {dagbag.py:538} INFO - Filling up the DagBag from /home/airflow/.local/lib/python3.7/site-packages/airflow/example_dags/tutorial_taskflow_api.py
[2023-07-02T03:02:55.754+0000] {processor.py:753} INFO - DAG(s) dict_keys(['tutorial_taskflow_api']) retrieved from /home/airflow/.local/lib/python3.7/site-packages/airflow/example_dags/tutorial_taskflow_api.py
[2023-07-02T03:02:55.797+0000] {logging_mixin.py:137} INFO - [2023-07-02T03:02:55.797+0000] {dag.py:2690} INFO - Sync 1 DAGs
[2023-07-02T03:02:55.829+0000] {logging_mixin.py:137} INFO - [2023-07-02T03:02:55.829+0000] {dag.py:3441} INFO - Setting next_dagrun for tutorial_taskflow_api to None, run_after=None
[2023-07-02T03:02:55.855+0000] {processor.py:175} INFO - Processing /home/airflow/.local/lib/python3.7/site-packages/airflow/example_dags/tutorial_taskflow_api.py took 0.150 seconds
[2023-07-02T03:03:25.944+0000] {processor.py:153} INFO - Started process (PID=246) to work on /home/airflow/.local/lib/python3.7/site-packages/airflow/example_dags/tutorial_taskflow_api.py
[2023-07-02T03:03:25.948+0000] {processor.py:743} INFO - Processing file /home/airflow/.local/lib/python3.7/site-packages/airflow/example_dags/tutorial_taskflow_api.py for tasks to queue
[2023-07-02T03:03:25.952+0000] {logging_mixin.py:137} INFO - [2023-07-02T03:03:25.951+0000] {dagbag.py:538} INFO - Filling up the DagBag from /home/airflow/.local/lib/python3.7/site-packages/airflow/example_dags/tutorial_taskflow_api.py
[2023-07-02T03:03:25.983+0000] {processor.py:753} INFO - DAG(s) dict_keys(['tutorial_taskflow_api']) retrieved from /home/airflow/.local/lib/python3.7/site-packages/airflow/example_dags/tutorial_taskflow_api.py
[2023-07-02T03:03:26.022+0000] {logging_mixin.py:137} INFO - [2023-07-02T03:03:26.021+0000] {dag.py:2690} INFO - Sync 1 DAGs
[2023-07-02T03:03:26.056+0000] {logging_mixin.py:137} INFO - [2023-07-02T03:03:26.056+0000] {dag.py:3441} INFO - Setting next_dagrun for tutorial_taskflow_api to None, run_after=None
[2023-07-02T03:03:26.088+0000] {processor.py:175} INFO - Processing /home/airflow/.local/lib/python3.7/site-packages/airflow/example_dags/tutorial_taskflow_api.py took 0.154 seconds
[2023-07-02T03:03:56.642+0000] {processor.py:153} INFO - Started process (PID=313) to work on /home/airflow/.local/lib/python3.7/site-packages/airflow/example_dags/tutorial_taskflow_api.py
[2023-07-02T03:03:56.650+0000] {processor.py:743} INFO - Processing file /home/airflow/.local/lib/python3.7/site-packages/airflow/example_dags/tutorial_taskflow_api.py for tasks to queue
[2023-07-02T03:03:56.653+0000] {logging_mixin.py:137} INFO - [2023-07-02T03:03:56.652+0000] {dagbag.py:538} INFO - Filling up the DagBag from /home/airflow/.local/lib/python3.7/site-packages/airflow/example_dags/tutorial_taskflow_api.py
[2023-07-02T03:03:56.762+0000] {processor.py:753} INFO - DAG(s) dict_keys(['tutorial_taskflow_api']) retrieved from /home/airflow/.local/lib/python3.7/site-packages/airflow/example_dags/tutorial_taskflow_api.py
[2023-07-02T03:03:56.878+0000] {logging_mixin.py:137} INFO - [2023-07-02T03:03:56.878+0000] {dag.py:2690} INFO - Sync 1 DAGs
[2023-07-02T03:03:57.001+0000] {logging_mixin.py:137} INFO - [2023-07-02T03:03:57.001+0000] {dag.py:3441} INFO - Setting next_dagrun for tutorial_taskflow_api to None, run_after=None
[2023-07-02T03:03:57.113+0000] {processor.py:175} INFO - Processing /home/airflow/.local/lib/python3.7/site-packages/airflow/example_dags/tutorial_taskflow_api.py took 0.483 seconds
[2023-07-02T03:04:29.570+0000] {processor.py:153} INFO - Started process (PID=371) to work on /home/airflow/.local/lib/python3.7/site-packages/airflow/example_dags/tutorial_taskflow_api.py
[2023-07-02T03:04:29.583+0000] {processor.py:743} INFO - Processing file /home/airflow/.local/lib/python3.7/site-packages/airflow/example_dags/tutorial_taskflow_api.py for tasks to queue
[2023-07-02T03:04:29.586+0000] {logging_mixin.py:137} INFO - [2023-07-02T03:04:29.586+0000] {dagbag.py:538} INFO - Filling up the DagBag from /home/airflow/.local/lib/python3.7/site-packages/airflow/example_dags/tutorial_taskflow_api.py
[2023-07-02T03:04:29.844+0000] {processor.py:753} INFO - DAG(s) dict_keys(['tutorial_taskflow_api']) retrieved from /home/airflow/.local/lib/python3.7/site-packages/airflow/example_dags/tutorial_taskflow_api.py
[2023-07-02T03:04:30.144+0000] {logging_mixin.py:137} INFO - [2023-07-02T03:04:30.144+0000] {dag.py:2690} INFO - Sync 1 DAGs
[2023-07-02T03:04:30.471+0000] {logging_mixin.py:137} INFO - [2023-07-02T03:04:30.469+0000] {dag.py:3441} INFO - Setting next_dagrun for tutorial_taskflow_api to None, run_after=None
[2023-07-02T03:04:30.634+0000] {processor.py:175} INFO - Processing /home/airflow/.local/lib/python3.7/site-packages/airflow/example_dags/tutorial_taskflow_api.py took 1.106 seconds
[2023-07-02T03:05:05.997+0000] {processor.py:153} INFO - Started process (PID=428) to work on /home/airflow/.local/lib/python3.7/site-packages/airflow/example_dags/tutorial_taskflow_api.py
[2023-07-02T03:05:06.000+0000] {processor.py:743} INFO - Processing file /home/airflow/.local/lib/python3.7/site-packages/airflow/example_dags/tutorial_taskflow_api.py for tasks to queue
[2023-07-02T03:05:06.006+0000] {logging_mixin.py:137} INFO - [2023-07-02T03:05:06.004+0000] {dagbag.py:538} INFO - Filling up the DagBag from /home/airflow/.local/lib/python3.7/site-packages/airflow/example_dags/tutorial_taskflow_api.py
[2023-07-02T03:05:06.062+0000] {processor.py:753} INFO - DAG(s) dict_keys(['tutorial_taskflow_api']) retrieved from /home/airflow/.local/lib/python3.7/site-packages/airflow/example_dags/tutorial_taskflow_api.py
[2023-07-02T03:05:06.107+0000] {logging_mixin.py:137} INFO - [2023-07-02T03:05:06.107+0000] {dag.py:2690} INFO - Sync 1 DAGs
[2023-07-02T03:05:06.171+0000] {logging_mixin.py:137} INFO - [2023-07-02T03:05:06.171+0000] {dag.py:3441} INFO - Setting next_dagrun for tutorial_taskflow_api to None, run_after=None
[2023-07-02T03:05:06.226+0000] {processor.py:175} INFO - Processing /home/airflow/.local/lib/python3.7/site-packages/airflow/example_dags/tutorial_taskflow_api.py took 0.238 seconds
[2023-07-02T03:05:36.780+0000] {processor.py:153} INFO - Started process (PID=488) to work on /home/airflow/.local/lib/python3.7/site-packages/airflow/example_dags/tutorial_taskflow_api.py
[2023-07-02T03:05:36.787+0000] {processor.py:743} INFO - Processing file /home/airflow/.local/lib/python3.7/site-packages/airflow/example_dags/tutorial_taskflow_api.py for tasks to queue
[2023-07-02T03:05:36.792+0000] {logging_mixin.py:137} INFO - [2023-07-02T03:05:36.791+0000] {dagbag.py:538} INFO - Filling up the DagBag from /home/airflow/.local/lib/python3.7/site-packages/airflow/example_dags/tutorial_taskflow_api.py
[2023-07-02T03:05:37.084+0000] {processor.py:753} INFO - DAG(s) dict_keys(['tutorial_taskflow_api']) retrieved from /home/airflow/.local/lib/python3.7/site-packages/airflow/example_dags/tutorial_taskflow_api.py
[2023-07-02T03:05:37.159+0000] {logging_mixin.py:137} INFO - [2023-07-02T03:05:37.159+0000] {dag.py:2690} INFO - Sync 1 DAGs
[2023-07-02T03:05:37.232+0000] {logging_mixin.py:137} INFO - [2023-07-02T03:05:37.232+0000] {dag.py:3441} INFO - Setting next_dagrun for tutorial_taskflow_api to None, run_after=None
[2023-07-02T03:05:37.294+0000] {processor.py:175} INFO - Processing /home/airflow/.local/lib/python3.7/site-packages/airflow/example_dags/tutorial_taskflow_api.py took 0.541 seconds
[2023-07-02T03:06:08.290+0000] {processor.py:153} INFO - Started process (PID=546) to work on /home/airflow/.local/lib/python3.7/site-packages/airflow/example_dags/tutorial_taskflow_api.py
[2023-07-02T03:06:08.295+0000] {processor.py:743} INFO - Processing file /home/airflow/.local/lib/python3.7/site-packages/airflow/example_dags/tutorial_taskflow_api.py for tasks to queue
[2023-07-02T03:06:08.302+0000] {logging_mixin.py:137} INFO - [2023-07-02T03:06:08.301+0000] {dagbag.py:538} INFO - Filling up the DagBag from /home/airflow/.local/lib/python3.7/site-packages/airflow/example_dags/tutorial_taskflow_api.py
[2023-07-02T03:06:08.453+0000] {processor.py:753} INFO - DAG(s) dict_keys(['tutorial_taskflow_api']) retrieved from /home/airflow/.local/lib/python3.7/site-packages/airflow/example_dags/tutorial_taskflow_api.py
[2023-07-02T03:06:08.671+0000] {logging_mixin.py:137} INFO - [2023-07-02T03:06:08.671+0000] {dag.py:2690} INFO - Sync 1 DAGs
[2023-07-02T03:06:08.848+0000] {logging_mixin.py:137} INFO - [2023-07-02T03:06:08.848+0000] {dag.py:3441} INFO - Setting next_dagrun for tutorial_taskflow_api to None, run_after=None
[2023-07-02T03:06:09.032+0000] {processor.py:175} INFO - Processing /home/airflow/.local/lib/python3.7/site-packages/airflow/example_dags/tutorial_taskflow_api.py took 0.753 seconds
[2023-07-02T04:53:07.842+0000] {processor.py:153} INFO - Started process (PID=657) to work on /home/airflow/.local/lib/python3.7/site-packages/airflow/example_dags/tutorial_taskflow_api.py
[2023-07-02T04:53:07.847+0000] {processor.py:743} INFO - Processing file /home/airflow/.local/lib/python3.7/site-packages/airflow/example_dags/tutorial_taskflow_api.py for tasks to queue
[2023-07-02T04:53:07.852+0000] {logging_mixin.py:137} INFO - [2023-07-02T04:53:07.851+0000] {dagbag.py:538} INFO - Filling up the DagBag from /home/airflow/.local/lib/python3.7/site-packages/airflow/example_dags/tutorial_taskflow_api.py
[2023-07-02T04:53:07.966+0000] {processor.py:753} INFO - DAG(s) dict_keys(['tutorial_taskflow_api']) retrieved from /home/airflow/.local/lib/python3.7/site-packages/airflow/example_dags/tutorial_taskflow_api.py
[2023-07-02T04:53:08.169+0000] {logging_mixin.py:137} INFO - [2023-07-02T04:53:08.169+0000] {dag.py:2690} INFO - Sync 1 DAGs
[2023-07-02T04:53:08.214+0000] {logging_mixin.py:137} INFO - [2023-07-02T04:53:08.214+0000] {dag.py:3441} INFO - Setting next_dagrun for tutorial_taskflow_api to None, run_after=None
[2023-07-02T04:53:08.293+0000] {processor.py:175} INFO - Processing /home/airflow/.local/lib/python3.7/site-packages/airflow/example_dags/tutorial_taskflow_api.py took 0.461 seconds
[2023-07-02T08:23:14.091+0000] {processor.py:153} INFO - Started process (PID=724) to work on /home/airflow/.local/lib/python3.7/site-packages/airflow/example_dags/tutorial_taskflow_api.py
[2023-07-02T08:23:14.096+0000] {processor.py:743} INFO - Processing file /home/airflow/.local/lib/python3.7/site-packages/airflow/example_dags/tutorial_taskflow_api.py for tasks to queue
[2023-07-02T08:23:14.103+0000] {logging_mixin.py:137} INFO - [2023-07-02T08:23:14.102+0000] {dagbag.py:538} INFO - Filling up the DagBag from /home/airflow/.local/lib/python3.7/site-packages/airflow/example_dags/tutorial_taskflow_api.py
[2023-07-02T08:23:14.161+0000] {processor.py:753} INFO - DAG(s) dict_keys(['tutorial_taskflow_api']) retrieved from /home/airflow/.local/lib/python3.7/site-packages/airflow/example_dags/tutorial_taskflow_api.py
[2023-07-02T08:23:14.238+0000] {logging_mixin.py:137} INFO - [2023-07-02T08:23:14.238+0000] {dag.py:2690} INFO - Sync 1 DAGs
[2023-07-02T08:23:14.302+0000] {logging_mixin.py:137} INFO - [2023-07-02T08:23:14.301+0000] {dag.py:3441} INFO - Setting next_dagrun for tutorial_taskflow_api to None, run_after=None
[2023-07-02T08:23:14.383+0000] {processor.py:175} INFO - Processing /home/airflow/.local/lib/python3.7/site-packages/airflow/example_dags/tutorial_taskflow_api.py took 0.306 seconds
[2023-07-02T08:52:25.096+0000] {processor.py:153} INFO - Started process (PID=773) to work on /home/airflow/.local/lib/python3.7/site-packages/airflow/example_dags/tutorial_taskflow_api.py
[2023-07-02T08:52:25.101+0000] {processor.py:743} INFO - Processing file /home/airflow/.local/lib/python3.7/site-packages/airflow/example_dags/tutorial_taskflow_api.py for tasks to queue
[2023-07-02T08:52:25.106+0000] {logging_mixin.py:137} INFO - [2023-07-02T08:52:25.106+0000] {dagbag.py:538} INFO - Filling up the DagBag from /home/airflow/.local/lib/python3.7/site-packages/airflow/example_dags/tutorial_taskflow_api.py
[2023-07-02T08:52:25.144+0000] {processor.py:753} INFO - DAG(s) dict_keys(['tutorial_taskflow_api']) retrieved from /home/airflow/.local/lib/python3.7/site-packages/airflow/example_dags/tutorial_taskflow_api.py
[2023-07-02T08:52:25.268+0000] {logging_mixin.py:137} INFO - [2023-07-02T08:52:25.264+0000] {dag.py:2690} INFO - Sync 1 DAGs
[2023-07-02T08:52:25.344+0000] {logging_mixin.py:137} INFO - [2023-07-02T08:52:25.344+0000] {dag.py:3441} INFO - Setting next_dagrun for tutorial_taskflow_api to None, run_after=None
[2023-07-02T08:52:25.442+0000] {processor.py:175} INFO - Processing /home/airflow/.local/lib/python3.7/site-packages/airflow/example_dags/tutorial_taskflow_api.py took 0.355 seconds
[2023-07-02T09:45:01.391+0000] {processor.py:153} INFO - Started process (PID=831) to work on /home/airflow/.local/lib/python3.7/site-packages/airflow/example_dags/tutorial_taskflow_api.py
[2023-07-02T09:45:01.396+0000] {processor.py:743} INFO - Processing file /home/airflow/.local/lib/python3.7/site-packages/airflow/example_dags/tutorial_taskflow_api.py for tasks to queue
[2023-07-02T09:45:01.400+0000] {logging_mixin.py:137} INFO - [2023-07-02T09:45:01.400+0000] {dagbag.py:538} INFO - Filling up the DagBag from /home/airflow/.local/lib/python3.7/site-packages/airflow/example_dags/tutorial_taskflow_api.py
[2023-07-02T09:45:01.510+0000] {processor.py:753} INFO - DAG(s) dict_keys(['tutorial_taskflow_api']) retrieved from /home/airflow/.local/lib/python3.7/site-packages/airflow/example_dags/tutorial_taskflow_api.py
[2023-07-02T09:45:01.686+0000] {logging_mixin.py:137} INFO - [2023-07-02T09:45:01.686+0000] {dag.py:2690} INFO - Sync 1 DAGs
[2023-07-02T09:45:01.820+0000] {logging_mixin.py:137} INFO - [2023-07-02T09:45:01.820+0000] {dag.py:3441} INFO - Setting next_dagrun for tutorial_taskflow_api to None, run_after=None
[2023-07-02T09:45:01.922+0000] {processor.py:175} INFO - Processing /home/airflow/.local/lib/python3.7/site-packages/airflow/example_dags/tutorial_taskflow_api.py took 0.551 seconds
[2023-07-02T09:57:16.122+0000] {processor.py:153} INFO - Started process (PID=902) to work on /home/airflow/.local/lib/python3.7/site-packages/airflow/example_dags/tutorial_taskflow_api.py
[2023-07-02T09:57:16.124+0000] {processor.py:743} INFO - Processing file /home/airflow/.local/lib/python3.7/site-packages/airflow/example_dags/tutorial_taskflow_api.py for tasks to queue
[2023-07-02T09:57:16.126+0000] {logging_mixin.py:137} INFO - [2023-07-02T09:57:16.126+0000] {dagbag.py:538} INFO - Filling up the DagBag from /home/airflow/.local/lib/python3.7/site-packages/airflow/example_dags/tutorial_taskflow_api.py
[2023-07-02T09:57:16.152+0000] {processor.py:753} INFO - DAG(s) dict_keys(['tutorial_taskflow_api']) retrieved from /home/airflow/.local/lib/python3.7/site-packages/airflow/example_dags/tutorial_taskflow_api.py
[2023-07-02T09:57:16.185+0000] {logging_mixin.py:137} INFO - [2023-07-02T09:57:16.185+0000] {dag.py:2690} INFO - Sync 1 DAGs
[2023-07-02T09:57:16.212+0000] {logging_mixin.py:137} INFO - [2023-07-02T09:57:16.212+0000] {dag.py:3441} INFO - Setting next_dagrun for tutorial_taskflow_api to None, run_after=None
[2023-07-02T09:57:16.237+0000] {processor.py:175} INFO - Processing /home/airflow/.local/lib/python3.7/site-packages/airflow/example_dags/tutorial_taskflow_api.py took 0.120 seconds
[2023-07-02T10:12:33.739+0000] {processor.py:153} INFO - Started process (PID=941) to work on /home/airflow/.local/lib/python3.7/site-packages/airflow/example_dags/tutorial_taskflow_api.py
[2023-07-02T10:12:33.746+0000] {processor.py:743} INFO - Processing file /home/airflow/.local/lib/python3.7/site-packages/airflow/example_dags/tutorial_taskflow_api.py for tasks to queue
[2023-07-02T10:12:33.752+0000] {logging_mixin.py:137} INFO - [2023-07-02T10:12:33.752+0000] {dagbag.py:538} INFO - Filling up the DagBag from /home/airflow/.local/lib/python3.7/site-packages/airflow/example_dags/tutorial_taskflow_api.py
[2023-07-02T10:12:33.865+0000] {processor.py:753} INFO - DAG(s) dict_keys(['tutorial_taskflow_api']) retrieved from /home/airflow/.local/lib/python3.7/site-packages/airflow/example_dags/tutorial_taskflow_api.py
[2023-07-02T10:12:38.715+0000] {logging_mixin.py:137} INFO - [2023-07-02T10:12:38.715+0000] {dag.py:2690} INFO - Sync 1 DAGs
[2023-07-02T10:12:39.109+0000] {logging_mixin.py:137} INFO - [2023-07-02T10:12:39.109+0000] {dag.py:3441} INFO - Setting next_dagrun for tutorial_taskflow_api to None, run_after=None
[2023-07-02T10:12:39.571+0000] {processor.py:175} INFO - Processing /home/airflow/.local/lib/python3.7/site-packages/airflow/example_dags/tutorial_taskflow_api.py took 5.843 seconds
[2023-07-02T10:13:11.475+0000] {processor.py:153} INFO - Started process (PID=1000) to work on /home/airflow/.local/lib/python3.7/site-packages/airflow/example_dags/tutorial_taskflow_api.py
[2023-07-02T10:13:11.482+0000] {processor.py:743} INFO - Processing file /home/airflow/.local/lib/python3.7/site-packages/airflow/example_dags/tutorial_taskflow_api.py for tasks to queue
[2023-07-02T10:13:11.485+0000] {logging_mixin.py:137} INFO - [2023-07-02T10:13:11.485+0000] {dagbag.py:538} INFO - Filling up the DagBag from /home/airflow/.local/lib/python3.7/site-packages/airflow/example_dags/tutorial_taskflow_api.py
[2023-07-02T10:13:11.523+0000] {processor.py:753} INFO - DAG(s) dict_keys(['tutorial_taskflow_api']) retrieved from /home/airflow/.local/lib/python3.7/site-packages/airflow/example_dags/tutorial_taskflow_api.py
[2023-07-02T10:13:11.563+0000] {logging_mixin.py:137} INFO - [2023-07-02T10:13:11.562+0000] {dag.py:2690} INFO - Sync 1 DAGs
[2023-07-02T10:13:11.600+0000] {logging_mixin.py:137} INFO - [2023-07-02T10:13:11.600+0000] {dag.py:3441} INFO - Setting next_dagrun for tutorial_taskflow_api to None, run_after=None
[2023-07-02T10:13:11.629+0000] {processor.py:175} INFO - Processing /home/airflow/.local/lib/python3.7/site-packages/airflow/example_dags/tutorial_taskflow_api.py took 0.161 seconds
[2023-07-02T10:19:52.443+0000] {processor.py:153} INFO - Started process (PID=1078) to work on /home/airflow/.local/lib/python3.7/site-packages/airflow/example_dags/tutorial_taskflow_api.py
[2023-07-02T10:19:52.448+0000] {processor.py:743} INFO - Processing file /home/airflow/.local/lib/python3.7/site-packages/airflow/example_dags/tutorial_taskflow_api.py for tasks to queue
[2023-07-02T10:19:52.452+0000] {logging_mixin.py:137} INFO - [2023-07-02T10:19:52.451+0000] {dagbag.py:538} INFO - Filling up the DagBag from /home/airflow/.local/lib/python3.7/site-packages/airflow/example_dags/tutorial_taskflow_api.py
[2023-07-02T10:19:52.554+0000] {processor.py:753} INFO - DAG(s) dict_keys(['tutorial_taskflow_api']) retrieved from /home/airflow/.local/lib/python3.7/site-packages/airflow/example_dags/tutorial_taskflow_api.py
[2023-07-02T10:19:52.677+0000] {logging_mixin.py:137} INFO - [2023-07-02T10:19:52.675+0000] {dag.py:2690} INFO - Sync 1 DAGs
[2023-07-02T10:19:52.816+0000] {logging_mixin.py:137} INFO - [2023-07-02T10:19:52.816+0000] {dag.py:3441} INFO - Setting next_dagrun for tutorial_taskflow_api to None, run_after=None
[2023-07-02T10:34:39.381+0000] {processor.py:175} INFO - Processing /home/airflow/.local/lib/python3.7/site-packages/airflow/example_dags/tutorial_taskflow_api.py took 886.961 seconds
[2023-07-02T11:39:53.786+0000] {processor.py:153} INFO - Started process (PID=1164) to work on /home/airflow/.local/lib/python3.7/site-packages/airflow/example_dags/tutorial_taskflow_api.py
[2023-07-02T11:39:53.799+0000] {processor.py:743} INFO - Processing file /home/airflow/.local/lib/python3.7/site-packages/airflow/example_dags/tutorial_taskflow_api.py for tasks to queue
[2023-07-02T11:39:53.810+0000] {logging_mixin.py:137} INFO - [2023-07-02T11:39:53.807+0000] {dagbag.py:538} INFO - Filling up the DagBag from /home/airflow/.local/lib/python3.7/site-packages/airflow/example_dags/tutorial_taskflow_api.py
[2023-07-02T11:40:45.548+0000] {logging_mixin.py:137} INFO - [2023-07-02T11:40:36.354+0000] {timeout.py:68} ERROR - Process timed out, PID: 1164
[2023-07-02T11:40:47.472+0000] {logging_mixin.py:137} INFO - [2023-07-02T11:40:46.933+0000] {dagbag.py:343} ERROR - Failed to import: /home/airflow/.local/lib/python3.7/site-packages/airflow/example_dags/tutorial_taskflow_api.py
Traceback (most recent call last):
  File "/home/airflow/.local/lib/python3.7/site-packages/airflow/models/dagbag.py", line 339, in parse
    loader.exec_module(new_module)
  File "<frozen importlib._bootstrap_external>", line 728, in exec_module
  File "<frozen importlib._bootstrap>", line 219, in _call_with_frames_removed
  File "/home/airflow/.local/lib/python3.7/site-packages/airflow/example_dags/tutorial_taskflow_api.py", line 26, in <module>
    from airflow.decorators import dag, task
  File "/home/airflow/.local/lib/python3.7/site-packages/airflow/decorators/__init__.py", line 21, in <module>
    from airflow.decorators.base import TaskDecorator
  File "/home/airflow/.local/lib/python3.7/site-packages/airflow/decorators/base.py", line 155, in <module>
    class DecoratedOperator(BaseOperator):
  File "/home/airflow/.local/lib/python3.7/site-packages/airflow/models/baseoperator.py", line 414, in __new__
    new_cls = super().__new__(cls, name, bases, namespace, **kwargs)
  File "/usr/local/lib/python3.7/abc.py", line 126, in __new__
    cls = super().__new__(mcls, name, bases, namespace, **kwargs)
  File "/home/airflow/.local/lib/python3.7/site-packages/airflow/utils/timeout.py", line 69, in handle_timeout
    raise AirflowTaskTimeout(self.error_message)
airflow.exceptions.AirflowTaskTimeout: DagBag import timeout for /home/airflow/.local/lib/python3.7/site-packages/airflow/example_dags/tutorial_taskflow_api.py after 30.0s.
Please take a look at these docs to improve your DAG import time:
* https://airflow.apache.org/docs/apache-airflow/2.5.1/best-practices.html#top-level-python-code
* https://airflow.apache.org/docs/apache-airflow/2.5.1/best-practices.html#reducing-dag-complexity, PID: 1164
[2023-07-02T11:40:47.564+0000] {processor.py:755} WARNING - No viable dags retrieved from /home/airflow/.local/lib/python3.7/site-packages/airflow/example_dags/tutorial_taskflow_api.py
[2023-07-02T11:40:48.445+0000] {processor.py:175} INFO - Processing /home/airflow/.local/lib/python3.7/site-packages/airflow/example_dags/tutorial_taskflow_api.py took 53.124 seconds
[2023-07-02T12:07:38.872+0000] {processor.py:153} INFO - Started process (PID=1222) to work on /home/airflow/.local/lib/python3.7/site-packages/airflow/example_dags/tutorial_taskflow_api.py
[2023-07-02T12:07:38.876+0000] {processor.py:743} INFO - Processing file /home/airflow/.local/lib/python3.7/site-packages/airflow/example_dags/tutorial_taskflow_api.py for tasks to queue
[2023-07-02T12:07:38.887+0000] {logging_mixin.py:137} INFO - [2023-07-02T12:07:38.887+0000] {dagbag.py:538} INFO - Filling up the DagBag from /home/airflow/.local/lib/python3.7/site-packages/airflow/example_dags/tutorial_taskflow_api.py
[2023-07-02T12:07:38.922+0000] {processor.py:753} INFO - DAG(s) dict_keys(['tutorial_taskflow_api']) retrieved from /home/airflow/.local/lib/python3.7/site-packages/airflow/example_dags/tutorial_taskflow_api.py
[2023-07-02T12:07:39.076+0000] {logging_mixin.py:137} INFO - [2023-07-02T12:07:39.075+0000] {dag.py:2690} INFO - Sync 1 DAGs
[2023-07-02T12:07:39.111+0000] {logging_mixin.py:137} INFO - [2023-07-02T12:07:39.111+0000] {dag.py:3441} INFO - Setting next_dagrun for tutorial_taskflow_api to None, run_after=None
[2023-07-02T12:07:39.146+0000] {processor.py:175} INFO - Processing /home/airflow/.local/lib/python3.7/site-packages/airflow/example_dags/tutorial_taskflow_api.py took 0.282 seconds
[2023-07-02T12:08:09.942+0000] {processor.py:153} INFO - Started process (PID=1281) to work on /home/airflow/.local/lib/python3.7/site-packages/airflow/example_dags/tutorial_taskflow_api.py
[2023-07-02T12:08:09.962+0000] {processor.py:743} INFO - Processing file /home/airflow/.local/lib/python3.7/site-packages/airflow/example_dags/tutorial_taskflow_api.py for tasks to queue
[2023-07-02T12:08:09.967+0000] {logging_mixin.py:137} INFO - [2023-07-02T12:08:09.966+0000] {dagbag.py:538} INFO - Filling up the DagBag from /home/airflow/.local/lib/python3.7/site-packages/airflow/example_dags/tutorial_taskflow_api.py
[2023-07-02T12:08:10.048+0000] {processor.py:753} INFO - DAG(s) dict_keys(['tutorial_taskflow_api']) retrieved from /home/airflow/.local/lib/python3.7/site-packages/airflow/example_dags/tutorial_taskflow_api.py
[2023-07-02T12:08:10.106+0000] {logging_mixin.py:137} INFO - [2023-07-02T12:08:10.106+0000] {dag.py:2690} INFO - Sync 1 DAGs
[2023-07-02T12:08:10.197+0000] {logging_mixin.py:137} INFO - [2023-07-02T12:08:10.197+0000] {dag.py:3441} INFO - Setting next_dagrun for tutorial_taskflow_api to None, run_after=None
[2023-07-02T12:08:10.261+0000] {processor.py:175} INFO - Processing /home/airflow/.local/lib/python3.7/site-packages/airflow/example_dags/tutorial_taskflow_api.py took 0.332 seconds
[2023-07-02T12:08:40.492+0000] {processor.py:153} INFO - Started process (PID=1339) to work on /home/airflow/.local/lib/python3.7/site-packages/airflow/example_dags/tutorial_taskflow_api.py
[2023-07-02T12:08:40.496+0000] {processor.py:743} INFO - Processing file /home/airflow/.local/lib/python3.7/site-packages/airflow/example_dags/tutorial_taskflow_api.py for tasks to queue
[2023-07-02T12:08:40.499+0000] {logging_mixin.py:137} INFO - [2023-07-02T12:08:40.498+0000] {dagbag.py:538} INFO - Filling up the DagBag from /home/airflow/.local/lib/python3.7/site-packages/airflow/example_dags/tutorial_taskflow_api.py
[2023-07-02T12:08:40.536+0000] {processor.py:753} INFO - DAG(s) dict_keys(['tutorial_taskflow_api']) retrieved from /home/airflow/.local/lib/python3.7/site-packages/airflow/example_dags/tutorial_taskflow_api.py
[2023-07-02T12:08:40.576+0000] {logging_mixin.py:137} INFO - [2023-07-02T12:08:40.576+0000] {dag.py:2690} INFO - Sync 1 DAGs
[2023-07-02T12:08:40.609+0000] {logging_mixin.py:137} INFO - [2023-07-02T12:08:40.608+0000] {dag.py:3441} INFO - Setting next_dagrun for tutorial_taskflow_api to None, run_after=None
[2023-07-02T12:08:40.644+0000] {processor.py:175} INFO - Processing /home/airflow/.local/lib/python3.7/site-packages/airflow/example_dags/tutorial_taskflow_api.py took 0.157 seconds
[2023-07-02T12:09:10.935+0000] {processor.py:153} INFO - Started process (PID=1397) to work on /home/airflow/.local/lib/python3.7/site-packages/airflow/example_dags/tutorial_taskflow_api.py
[2023-07-02T12:09:10.939+0000] {processor.py:743} INFO - Processing file /home/airflow/.local/lib/python3.7/site-packages/airflow/example_dags/tutorial_taskflow_api.py for tasks to queue
[2023-07-02T12:09:10.942+0000] {logging_mixin.py:137} INFO - [2023-07-02T12:09:10.942+0000] {dagbag.py:538} INFO - Filling up the DagBag from /home/airflow/.local/lib/python3.7/site-packages/airflow/example_dags/tutorial_taskflow_api.py
[2023-07-02T12:09:10.983+0000] {processor.py:753} INFO - DAG(s) dict_keys(['tutorial_taskflow_api']) retrieved from /home/airflow/.local/lib/python3.7/site-packages/airflow/example_dags/tutorial_taskflow_api.py
[2023-07-02T12:09:11.024+0000] {logging_mixin.py:137} INFO - [2023-07-02T12:09:11.024+0000] {dag.py:2690} INFO - Sync 1 DAGs
[2023-07-02T12:09:11.054+0000] {logging_mixin.py:137} INFO - [2023-07-02T12:09:11.054+0000] {dag.py:3441} INFO - Setting next_dagrun for tutorial_taskflow_api to None, run_after=None
[2023-07-02T12:09:11.113+0000] {processor.py:175} INFO - Processing /home/airflow/.local/lib/python3.7/site-packages/airflow/example_dags/tutorial_taskflow_api.py took 0.186 seconds
[2023-07-02T12:09:42.182+0000] {processor.py:153} INFO - Started process (PID=1455) to work on /home/airflow/.local/lib/python3.7/site-packages/airflow/example_dags/tutorial_taskflow_api.py
[2023-07-02T12:09:42.185+0000] {processor.py:743} INFO - Processing file /home/airflow/.local/lib/python3.7/site-packages/airflow/example_dags/tutorial_taskflow_api.py for tasks to queue
[2023-07-02T12:09:42.188+0000] {logging_mixin.py:137} INFO - [2023-07-02T12:09:42.187+0000] {dagbag.py:538} INFO - Filling up the DagBag from /home/airflow/.local/lib/python3.7/site-packages/airflow/example_dags/tutorial_taskflow_api.py
[2023-07-02T12:09:42.220+0000] {processor.py:753} INFO - DAG(s) dict_keys(['tutorial_taskflow_api']) retrieved from /home/airflow/.local/lib/python3.7/site-packages/airflow/example_dags/tutorial_taskflow_api.py
[2023-07-02T12:09:42.285+0000] {logging_mixin.py:137} INFO - [2023-07-02T12:09:42.285+0000] {dag.py:2690} INFO - Sync 1 DAGs
[2023-07-02T12:09:42.359+0000] {logging_mixin.py:137} INFO - [2023-07-02T12:09:42.358+0000] {dag.py:3441} INFO - Setting next_dagrun for tutorial_taskflow_api to None, run_after=None
[2023-07-02T12:09:42.434+0000] {processor.py:175} INFO - Processing /home/airflow/.local/lib/python3.7/site-packages/airflow/example_dags/tutorial_taskflow_api.py took 0.259 seconds
[2023-07-02T12:10:13.893+0000] {processor.py:153} INFO - Started process (PID=1521) to work on /home/airflow/.local/lib/python3.7/site-packages/airflow/example_dags/tutorial_taskflow_api.py
[2023-07-02T12:10:13.899+0000] {processor.py:743} INFO - Processing file /home/airflow/.local/lib/python3.7/site-packages/airflow/example_dags/tutorial_taskflow_api.py for tasks to queue
[2023-07-02T12:10:13.905+0000] {logging_mixin.py:137} INFO - [2023-07-02T12:10:13.904+0000] {dagbag.py:538} INFO - Filling up the DagBag from /home/airflow/.local/lib/python3.7/site-packages/airflow/example_dags/tutorial_taskflow_api.py
[2023-07-02T12:10:13.955+0000] {processor.py:753} INFO - DAG(s) dict_keys(['tutorial_taskflow_api']) retrieved from /home/airflow/.local/lib/python3.7/site-packages/airflow/example_dags/tutorial_taskflow_api.py
[2023-07-02T12:10:14.083+0000] {logging_mixin.py:137} INFO - [2023-07-02T12:10:14.083+0000] {dag.py:2690} INFO - Sync 1 DAGs
[2023-07-02T12:10:14.289+0000] {logging_mixin.py:137} INFO - [2023-07-02T12:10:14.287+0000] {dag.py:3441} INFO - Setting next_dagrun for tutorial_taskflow_api to None, run_after=None
[2023-07-02T12:10:14.427+0000] {processor.py:175} INFO - Processing /home/airflow/.local/lib/python3.7/site-packages/airflow/example_dags/tutorial_taskflow_api.py took 0.547 seconds
[2023-07-02T12:18:30.989+0000] {processor.py:153} INFO - Started process (PID=1544) to work on /home/airflow/.local/lib/python3.7/site-packages/airflow/example_dags/tutorial_taskflow_api.py
[2023-07-02T12:18:30.992+0000] {processor.py:743} INFO - Processing file /home/airflow/.local/lib/python3.7/site-packages/airflow/example_dags/tutorial_taskflow_api.py for tasks to queue
[2023-07-02T12:18:30.994+0000] {logging_mixin.py:137} INFO - [2023-07-02T12:18:30.994+0000] {dagbag.py:538} INFO - Filling up the DagBag from /home/airflow/.local/lib/python3.7/site-packages/airflow/example_dags/tutorial_taskflow_api.py
[2023-07-02T12:18:31.032+0000] {processor.py:753} INFO - DAG(s) dict_keys(['tutorial_taskflow_api']) retrieved from /home/airflow/.local/lib/python3.7/site-packages/airflow/example_dags/tutorial_taskflow_api.py
[2023-07-02T12:18:31.100+0000] {logging_mixin.py:137} INFO - [2023-07-02T12:18:31.100+0000] {dag.py:2690} INFO - Sync 1 DAGs
[2023-07-02T12:18:31.130+0000] {logging_mixin.py:137} INFO - [2023-07-02T12:18:31.130+0000] {dag.py:3441} INFO - Setting next_dagrun for tutorial_taskflow_api to None, run_after=None
[2023-07-02T12:18:31.157+0000] {processor.py:175} INFO - Processing /home/airflow/.local/lib/python3.7/site-packages/airflow/example_dags/tutorial_taskflow_api.py took 0.178 seconds
[2023-07-02T12:48:22.208+0000] {processor.py:153} INFO - Started process (PID=1583) to work on /home/airflow/.local/lib/python3.7/site-packages/airflow/example_dags/tutorial_taskflow_api.py
[2023-07-02T12:48:22.211+0000] {processor.py:743} INFO - Processing file /home/airflow/.local/lib/python3.7/site-packages/airflow/example_dags/tutorial_taskflow_api.py for tasks to queue
[2023-07-02T12:48:22.214+0000] {logging_mixin.py:137} INFO - [2023-07-02T12:48:22.214+0000] {dagbag.py:538} INFO - Filling up the DagBag from /home/airflow/.local/lib/python3.7/site-packages/airflow/example_dags/tutorial_taskflow_api.py
[2023-07-02T12:48:22.246+0000] {processor.py:753} INFO - DAG(s) dict_keys(['tutorial_taskflow_api']) retrieved from /home/airflow/.local/lib/python3.7/site-packages/airflow/example_dags/tutorial_taskflow_api.py
[2023-07-02T12:48:22.283+0000] {logging_mixin.py:137} INFO - [2023-07-02T12:48:22.282+0000] {dag.py:2690} INFO - Sync 1 DAGs
[2023-07-02T12:48:22.311+0000] {logging_mixin.py:137} INFO - [2023-07-02T12:48:22.311+0000] {dag.py:3441} INFO - Setting next_dagrun for tutorial_taskflow_api to None, run_after=None
[2023-07-02T12:48:22.337+0000] {processor.py:175} INFO - Processing /home/airflow/.local/lib/python3.7/site-packages/airflow/example_dags/tutorial_taskflow_api.py took 0.134 seconds
[2023-07-02T13:45:24.301+0000] {processor.py:153} INFO - Started process (PID=1630) to work on /home/airflow/.local/lib/python3.7/site-packages/airflow/example_dags/tutorial_taskflow_api.py
[2023-07-02T13:45:24.304+0000] {processor.py:743} INFO - Processing file /home/airflow/.local/lib/python3.7/site-packages/airflow/example_dags/tutorial_taskflow_api.py for tasks to queue
[2023-07-02T13:45:24.307+0000] {logging_mixin.py:137} INFO - [2023-07-02T13:45:24.306+0000] {dagbag.py:538} INFO - Filling up the DagBag from /home/airflow/.local/lib/python3.7/site-packages/airflow/example_dags/tutorial_taskflow_api.py
[2023-07-02T13:45:24.350+0000] {processor.py:753} INFO - DAG(s) dict_keys(['tutorial_taskflow_api']) retrieved from /home/airflow/.local/lib/python3.7/site-packages/airflow/example_dags/tutorial_taskflow_api.py
[2023-07-02T13:45:24.407+0000] {logging_mixin.py:137} INFO - [2023-07-02T13:45:24.407+0000] {dag.py:2690} INFO - Sync 1 DAGs
[2023-07-02T13:45:24.446+0000] {logging_mixin.py:137} INFO - [2023-07-02T13:45:24.446+0000] {dag.py:3441} INFO - Setting next_dagrun for tutorial_taskflow_api to None, run_after=None
[2023-07-02T13:45:24.498+0000] {processor.py:175} INFO - Processing /home/airflow/.local/lib/python3.7/site-packages/airflow/example_dags/tutorial_taskflow_api.py took 0.207 seconds
[2023-07-02T13:55:49.828+0000] {processor.py:153} INFO - Started process (PID=1678) to work on /home/airflow/.local/lib/python3.7/site-packages/airflow/example_dags/tutorial_taskflow_api.py
[2023-07-02T13:55:49.833+0000] {processor.py:743} INFO - Processing file /home/airflow/.local/lib/python3.7/site-packages/airflow/example_dags/tutorial_taskflow_api.py for tasks to queue
[2023-07-02T13:55:49.837+0000] {logging_mixin.py:137} INFO - [2023-07-02T13:55:49.836+0000] {dagbag.py:538} INFO - Filling up the DagBag from /home/airflow/.local/lib/python3.7/site-packages/airflow/example_dags/tutorial_taskflow_api.py
[2023-07-02T13:55:49.895+0000] {processor.py:753} INFO - DAG(s) dict_keys(['tutorial_taskflow_api']) retrieved from /home/airflow/.local/lib/python3.7/site-packages/airflow/example_dags/tutorial_taskflow_api.py
[2023-07-02T13:55:49.954+0000] {logging_mixin.py:137} INFO - [2023-07-02T13:55:49.954+0000] {dag.py:2690} INFO - Sync 1 DAGs
[2023-07-02T13:55:50.019+0000] {logging_mixin.py:137} INFO - [2023-07-02T13:55:50.018+0000] {dag.py:3441} INFO - Setting next_dagrun for tutorial_taskflow_api to None, run_after=None
[2023-07-02T13:55:50.070+0000] {processor.py:175} INFO - Processing /home/airflow/.local/lib/python3.7/site-packages/airflow/example_dags/tutorial_taskflow_api.py took 0.259 seconds
[2023-07-02T13:56:20.598+0000] {processor.py:153} INFO - Started process (PID=1738) to work on /home/airflow/.local/lib/python3.7/site-packages/airflow/example_dags/tutorial_taskflow_api.py
[2023-07-02T13:56:20.612+0000] {processor.py:743} INFO - Processing file /home/airflow/.local/lib/python3.7/site-packages/airflow/example_dags/tutorial_taskflow_api.py for tasks to queue
[2023-07-02T13:56:20.614+0000] {logging_mixin.py:137} INFO - [2023-07-02T13:56:20.614+0000] {dagbag.py:538} INFO - Filling up the DagBag from /home/airflow/.local/lib/python3.7/site-packages/airflow/example_dags/tutorial_taskflow_api.py
[2023-07-02T13:56:20.773+0000] {processor.py:753} INFO - DAG(s) dict_keys(['tutorial_taskflow_api']) retrieved from /home/airflow/.local/lib/python3.7/site-packages/airflow/example_dags/tutorial_taskflow_api.py
[2023-07-02T13:56:20.888+0000] {logging_mixin.py:137} INFO - [2023-07-02T13:56:20.888+0000] {dag.py:2690} INFO - Sync 1 DAGs
[2023-07-02T13:56:20.984+0000] {logging_mixin.py:137} INFO - [2023-07-02T13:56:20.984+0000] {dag.py:3441} INFO - Setting next_dagrun for tutorial_taskflow_api to None, run_after=None
[2023-07-02T13:56:21.060+0000] {processor.py:175} INFO - Processing /home/airflow/.local/lib/python3.7/site-packages/airflow/example_dags/tutorial_taskflow_api.py took 0.480 seconds
[2023-07-02T13:56:51.367+0000] {processor.py:153} INFO - Started process (PID=1798) to work on /home/airflow/.local/lib/python3.7/site-packages/airflow/example_dags/tutorial_taskflow_api.py
[2023-07-02T13:56:51.370+0000] {processor.py:743} INFO - Processing file /home/airflow/.local/lib/python3.7/site-packages/airflow/example_dags/tutorial_taskflow_api.py for tasks to queue
[2023-07-02T13:56:51.374+0000] {logging_mixin.py:137} INFO - [2023-07-02T13:56:51.373+0000] {dagbag.py:538} INFO - Filling up the DagBag from /home/airflow/.local/lib/python3.7/site-packages/airflow/example_dags/tutorial_taskflow_api.py
[2023-07-02T13:56:51.414+0000] {processor.py:753} INFO - DAG(s) dict_keys(['tutorial_taskflow_api']) retrieved from /home/airflow/.local/lib/python3.7/site-packages/airflow/example_dags/tutorial_taskflow_api.py
[2023-07-02T13:56:51.457+0000] {logging_mixin.py:137} INFO - [2023-07-02T13:56:51.457+0000] {dag.py:2690} INFO - Sync 1 DAGs
[2023-07-02T13:56:51.486+0000] {logging_mixin.py:137} INFO - [2023-07-02T13:56:51.486+0000] {dag.py:3441} INFO - Setting next_dagrun for tutorial_taskflow_api to None, run_after=None
[2023-07-02T13:56:51.518+0000] {processor.py:175} INFO - Processing /home/airflow/.local/lib/python3.7/site-packages/airflow/example_dags/tutorial_taskflow_api.py took 0.158 seconds
[2023-07-02T13:57:22.506+0000] {processor.py:153} INFO - Started process (PID=1866) to work on /home/airflow/.local/lib/python3.7/site-packages/airflow/example_dags/tutorial_taskflow_api.py
[2023-07-02T13:57:22.510+0000] {processor.py:743} INFO - Processing file /home/airflow/.local/lib/python3.7/site-packages/airflow/example_dags/tutorial_taskflow_api.py for tasks to queue
[2023-07-02T13:57:22.513+0000] {logging_mixin.py:137} INFO - [2023-07-02T13:57:22.512+0000] {dagbag.py:538} INFO - Filling up the DagBag from /home/airflow/.local/lib/python3.7/site-packages/airflow/example_dags/tutorial_taskflow_api.py
[2023-07-02T13:57:22.538+0000] {processor.py:753} INFO - DAG(s) dict_keys(['tutorial_taskflow_api']) retrieved from /home/airflow/.local/lib/python3.7/site-packages/airflow/example_dags/tutorial_taskflow_api.py
[2023-07-02T13:57:22.573+0000] {logging_mixin.py:137} INFO - [2023-07-02T13:57:22.573+0000] {dag.py:2690} INFO - Sync 1 DAGs
[2023-07-02T13:57:22.600+0000] {logging_mixin.py:137} INFO - [2023-07-02T13:57:22.600+0000] {dag.py:3441} INFO - Setting next_dagrun for tutorial_taskflow_api to None, run_after=None
[2023-07-02T13:57:22.626+0000] {processor.py:175} INFO - Processing /home/airflow/.local/lib/python3.7/site-packages/airflow/example_dags/tutorial_taskflow_api.py took 0.125 seconds
[2023-07-02T14:07:19.461+0000] {processor.py:153} INFO - Started process (PID=1919) to work on /home/airflow/.local/lib/python3.7/site-packages/airflow/example_dags/tutorial_taskflow_api.py
[2023-07-02T14:07:19.464+0000] {processor.py:743} INFO - Processing file /home/airflow/.local/lib/python3.7/site-packages/airflow/example_dags/tutorial_taskflow_api.py for tasks to queue
[2023-07-02T14:07:19.467+0000] {logging_mixin.py:137} INFO - [2023-07-02T14:07:19.466+0000] {dagbag.py:538} INFO - Filling up the DagBag from /home/airflow/.local/lib/python3.7/site-packages/airflow/example_dags/tutorial_taskflow_api.py
[2023-07-02T14:07:19.527+0000] {processor.py:753} INFO - DAG(s) dict_keys(['tutorial_taskflow_api']) retrieved from /home/airflow/.local/lib/python3.7/site-packages/airflow/example_dags/tutorial_taskflow_api.py
[2023-07-02T14:07:19.619+0000] {logging_mixin.py:137} INFO - [2023-07-02T14:07:19.619+0000] {dag.py:2690} INFO - Sync 1 DAGs
[2023-07-02T14:07:19.679+0000] {logging_mixin.py:137} INFO - [2023-07-02T14:07:19.679+0000] {dag.py:3441} INFO - Setting next_dagrun for tutorial_taskflow_api to None, run_after=None
[2023-07-02T14:07:19.743+0000] {processor.py:175} INFO - Processing /home/airflow/.local/lib/python3.7/site-packages/airflow/example_dags/tutorial_taskflow_api.py took 0.291 seconds
[2023-07-02T15:57:40.892+0000] {processor.py:153} INFO - Started process (PID=1968) to work on /home/airflow/.local/lib/python3.7/site-packages/airflow/example_dags/tutorial_taskflow_api.py
[2023-07-02T15:57:40.895+0000] {processor.py:743} INFO - Processing file /home/airflow/.local/lib/python3.7/site-packages/airflow/example_dags/tutorial_taskflow_api.py for tasks to queue
[2023-07-02T15:57:40.899+0000] {logging_mixin.py:137} INFO - [2023-07-02T15:57:40.898+0000] {dagbag.py:538} INFO - Filling up the DagBag from /home/airflow/.local/lib/python3.7/site-packages/airflow/example_dags/tutorial_taskflow_api.py
[2023-07-02T15:57:40.930+0000] {processor.py:753} INFO - DAG(s) dict_keys(['tutorial_taskflow_api']) retrieved from /home/airflow/.local/lib/python3.7/site-packages/airflow/example_dags/tutorial_taskflow_api.py
[2023-07-02T15:57:40.971+0000] {logging_mixin.py:137} INFO - [2023-07-02T15:57:40.971+0000] {dag.py:2690} INFO - Sync 1 DAGs
[2023-07-02T15:57:41.008+0000] {logging_mixin.py:137} INFO - [2023-07-02T15:57:41.008+0000] {dag.py:3441} INFO - Setting next_dagrun for tutorial_taskflow_api to None, run_after=None
[2023-07-02T15:57:41.074+0000] {processor.py:175} INFO - Processing /home/airflow/.local/lib/python3.7/site-packages/airflow/example_dags/tutorial_taskflow_api.py took 0.189 seconds
[2023-07-02T17:58:04.356+0000] {processor.py:153} INFO - Started process (PID=2027) to work on /home/airflow/.local/lib/python3.7/site-packages/airflow/example_dags/tutorial_taskflow_api.py
[2023-07-02T17:58:04.359+0000] {processor.py:743} INFO - Processing file /home/airflow/.local/lib/python3.7/site-packages/airflow/example_dags/tutorial_taskflow_api.py for tasks to queue
[2023-07-02T17:58:04.361+0000] {logging_mixin.py:137} INFO - [2023-07-02T17:58:04.360+0000] {dagbag.py:538} INFO - Filling up the DagBag from /home/airflow/.local/lib/python3.7/site-packages/airflow/example_dags/tutorial_taskflow_api.py
[2023-07-02T17:58:04.392+0000] {processor.py:753} INFO - DAG(s) dict_keys(['tutorial_taskflow_api']) retrieved from /home/airflow/.local/lib/python3.7/site-packages/airflow/example_dags/tutorial_taskflow_api.py
[2023-07-02T17:58:04.443+0000] {logging_mixin.py:137} INFO - [2023-07-02T17:58:04.443+0000] {dag.py:2690} INFO - Sync 1 DAGs
[2023-07-02T17:58:04.476+0000] {logging_mixin.py:137} INFO - [2023-07-02T17:58:04.476+0000] {dag.py:3441} INFO - Setting next_dagrun for tutorial_taskflow_api to None, run_after=None
[2023-07-02T17:58:04.508+0000] {processor.py:175} INFO - Processing /home/airflow/.local/lib/python3.7/site-packages/airflow/example_dags/tutorial_taskflow_api.py took 0.157 seconds
[2023-07-02T18:10:21.927+0000] {processor.py:153} INFO - Started process (PID=2086) to work on /home/airflow/.local/lib/python3.7/site-packages/airflow/example_dags/tutorial_taskflow_api.py
[2023-07-02T18:10:21.931+0000] {processor.py:743} INFO - Processing file /home/airflow/.local/lib/python3.7/site-packages/airflow/example_dags/tutorial_taskflow_api.py for tasks to queue
[2023-07-02T18:10:21.935+0000] {logging_mixin.py:137} INFO - [2023-07-02T18:10:21.934+0000] {dagbag.py:538} INFO - Filling up the DagBag from /home/airflow/.local/lib/python3.7/site-packages/airflow/example_dags/tutorial_taskflow_api.py
[2023-07-02T18:10:21.979+0000] {processor.py:753} INFO - DAG(s) dict_keys(['tutorial_taskflow_api']) retrieved from /home/airflow/.local/lib/python3.7/site-packages/airflow/example_dags/tutorial_taskflow_api.py
[2023-07-02T18:10:22.024+0000] {logging_mixin.py:137} INFO - [2023-07-02T18:10:22.023+0000] {dag.py:2690} INFO - Sync 1 DAGs
[2023-07-02T18:10:22.074+0000] {logging_mixin.py:137} INFO - [2023-07-02T18:10:22.073+0000] {dag.py:3441} INFO - Setting next_dagrun for tutorial_taskflow_api to None, run_after=None
[2023-07-02T18:10:22.110+0000] {processor.py:175} INFO - Processing /home/airflow/.local/lib/python3.7/site-packages/airflow/example_dags/tutorial_taskflow_api.py took 0.190 seconds
[2023-07-02T20:10:43.968+0000] {processor.py:153} INFO - Started process (PID=2135) to work on /home/airflow/.local/lib/python3.7/site-packages/airflow/example_dags/tutorial_taskflow_api.py
[2023-07-02T20:10:43.971+0000] {processor.py:743} INFO - Processing file /home/airflow/.local/lib/python3.7/site-packages/airflow/example_dags/tutorial_taskflow_api.py for tasks to queue
[2023-07-02T20:10:43.975+0000] {logging_mixin.py:137} INFO - [2023-07-02T20:10:43.974+0000] {dagbag.py:538} INFO - Filling up the DagBag from /home/airflow/.local/lib/python3.7/site-packages/airflow/example_dags/tutorial_taskflow_api.py
[2023-07-02T20:10:44.014+0000] {processor.py:753} INFO - DAG(s) dict_keys(['tutorial_taskflow_api']) retrieved from /home/airflow/.local/lib/python3.7/site-packages/airflow/example_dags/tutorial_taskflow_api.py
[2023-07-02T20:10:44.063+0000] {logging_mixin.py:137} INFO - [2023-07-02T20:10:44.063+0000] {dag.py:2690} INFO - Sync 1 DAGs
[2023-07-02T20:10:44.114+0000] {logging_mixin.py:137} INFO - [2023-07-02T20:10:44.114+0000] {dag.py:3441} INFO - Setting next_dagrun for tutorial_taskflow_api to None, run_after=None
[2023-07-02T20:10:44.147+0000] {processor.py:175} INFO - Processing /home/airflow/.local/lib/python3.7/site-packages/airflow/example_dags/tutorial_taskflow_api.py took 0.185 seconds
[2023-07-02T22:11:09.222+0000] {processor.py:153} INFO - Started process (PID=2193) to work on /home/airflow/.local/lib/python3.7/site-packages/airflow/example_dags/tutorial_taskflow_api.py
[2023-07-02T22:11:09.226+0000] {processor.py:743} INFO - Processing file /home/airflow/.local/lib/python3.7/site-packages/airflow/example_dags/tutorial_taskflow_api.py for tasks to queue
[2023-07-02T22:11:09.229+0000] {logging_mixin.py:137} INFO - [2023-07-02T22:11:09.229+0000] {dagbag.py:538} INFO - Filling up the DagBag from /home/airflow/.local/lib/python3.7/site-packages/airflow/example_dags/tutorial_taskflow_api.py
[2023-07-02T22:11:09.259+0000] {processor.py:753} INFO - DAG(s) dict_keys(['tutorial_taskflow_api']) retrieved from /home/airflow/.local/lib/python3.7/site-packages/airflow/example_dags/tutorial_taskflow_api.py
[2023-07-02T22:11:09.302+0000] {logging_mixin.py:137} INFO - [2023-07-02T22:11:09.302+0000] {dag.py:2690} INFO - Sync 1 DAGs
[2023-07-02T22:11:09.344+0000] {logging_mixin.py:137} INFO - [2023-07-02T22:11:09.344+0000] {dag.py:3441} INFO - Setting next_dagrun for tutorial_taskflow_api to None, run_after=None
[2023-07-02T22:11:09.373+0000] {processor.py:175} INFO - Processing /home/airflow/.local/lib/python3.7/site-packages/airflow/example_dags/tutorial_taskflow_api.py took 0.160 seconds
[2023-07-02T22:49:06.010+0000] {processor.py:153} INFO - Started process (PID=2250) to work on /home/airflow/.local/lib/python3.7/site-packages/airflow/example_dags/tutorial_taskflow_api.py
[2023-07-02T22:49:06.015+0000] {processor.py:743} INFO - Processing file /home/airflow/.local/lib/python3.7/site-packages/airflow/example_dags/tutorial_taskflow_api.py for tasks to queue
[2023-07-02T22:49:06.020+0000] {logging_mixin.py:137} INFO - [2023-07-02T22:49:06.020+0000] {dagbag.py:538} INFO - Filling up the DagBag from /home/airflow/.local/lib/python3.7/site-packages/airflow/example_dags/tutorial_taskflow_api.py
[2023-07-02T22:49:06.080+0000] {processor.py:753} INFO - DAG(s) dict_keys(['tutorial_taskflow_api']) retrieved from /home/airflow/.local/lib/python3.7/site-packages/airflow/example_dags/tutorial_taskflow_api.py
[2023-07-02T22:49:06.202+0000] {logging_mixin.py:137} INFO - [2023-07-02T22:49:06.202+0000] {dag.py:2690} INFO - Sync 1 DAGs
[2023-07-02T22:49:06.271+0000] {logging_mixin.py:137} INFO - [2023-07-02T22:49:06.271+0000] {dag.py:3441} INFO - Setting next_dagrun for tutorial_taskflow_api to None, run_after=None
[2023-07-02T22:49:06.324+0000] {processor.py:175} INFO - Processing /home/airflow/.local/lib/python3.7/site-packages/airflow/example_dags/tutorial_taskflow_api.py took 0.324 seconds
[2023-07-02T22:49:36.977+0000] {processor.py:153} INFO - Started process (PID=2308) to work on /home/airflow/.local/lib/python3.7/site-packages/airflow/example_dags/tutorial_taskflow_api.py
[2023-07-02T22:49:36.979+0000] {processor.py:743} INFO - Processing file /home/airflow/.local/lib/python3.7/site-packages/airflow/example_dags/tutorial_taskflow_api.py for tasks to queue
[2023-07-02T22:49:36.981+0000] {logging_mixin.py:137} INFO - [2023-07-02T22:49:36.981+0000] {dagbag.py:538} INFO - Filling up the DagBag from /home/airflow/.local/lib/python3.7/site-packages/airflow/example_dags/tutorial_taskflow_api.py
[2023-07-02T22:49:37.034+0000] {processor.py:753} INFO - DAG(s) dict_keys(['tutorial_taskflow_api']) retrieved from /home/airflow/.local/lib/python3.7/site-packages/airflow/example_dags/tutorial_taskflow_api.py
[2023-07-02T22:49:37.118+0000] {logging_mixin.py:137} INFO - [2023-07-02T22:49:37.117+0000] {dag.py:2690} INFO - Sync 1 DAGs
[2023-07-02T22:49:37.188+0000] {logging_mixin.py:137} INFO - [2023-07-02T22:49:37.188+0000] {dag.py:3441} INFO - Setting next_dagrun for tutorial_taskflow_api to None, run_after=None
[2023-07-02T22:49:37.215+0000] {processor.py:175} INFO - Processing /home/airflow/.local/lib/python3.7/site-packages/airflow/example_dags/tutorial_taskflow_api.py took 0.245 seconds
[2023-07-02T22:50:07.822+0000] {processor.py:153} INFO - Started process (PID=2367) to work on /home/airflow/.local/lib/python3.7/site-packages/airflow/example_dags/tutorial_taskflow_api.py
[2023-07-02T22:50:07.826+0000] {processor.py:743} INFO - Processing file /home/airflow/.local/lib/python3.7/site-packages/airflow/example_dags/tutorial_taskflow_api.py for tasks to queue
[2023-07-02T22:50:07.830+0000] {logging_mixin.py:137} INFO - [2023-07-02T22:50:07.830+0000] {dagbag.py:538} INFO - Filling up the DagBag from /home/airflow/.local/lib/python3.7/site-packages/airflow/example_dags/tutorial_taskflow_api.py
[2023-07-02T22:50:07.860+0000] {processor.py:753} INFO - DAG(s) dict_keys(['tutorial_taskflow_api']) retrieved from /home/airflow/.local/lib/python3.7/site-packages/airflow/example_dags/tutorial_taskflow_api.py
[2023-07-02T22:50:07.903+0000] {logging_mixin.py:137} INFO - [2023-07-02T22:50:07.903+0000] {dag.py:2690} INFO - Sync 1 DAGs
[2023-07-02T22:50:07.946+0000] {logging_mixin.py:137} INFO - [2023-07-02T22:50:07.946+0000] {dag.py:3441} INFO - Setting next_dagrun for tutorial_taskflow_api to None, run_after=None
[2023-07-02T22:50:07.984+0000] {processor.py:175} INFO - Processing /home/airflow/.local/lib/python3.7/site-packages/airflow/example_dags/tutorial_taskflow_api.py took 0.168 seconds
[2023-07-02T22:50:40.230+0000] {processor.py:153} INFO - Started process (PID=2425) to work on /home/airflow/.local/lib/python3.7/site-packages/airflow/example_dags/tutorial_taskflow_api.py
[2023-07-02T22:50:40.235+0000] {processor.py:743} INFO - Processing file /home/airflow/.local/lib/python3.7/site-packages/airflow/example_dags/tutorial_taskflow_api.py for tasks to queue
[2023-07-02T22:50:40.241+0000] {logging_mixin.py:137} INFO - [2023-07-02T22:50:40.240+0000] {dagbag.py:538} INFO - Filling up the DagBag from /home/airflow/.local/lib/python3.7/site-packages/airflow/example_dags/tutorial_taskflow_api.py
[2023-07-02T22:50:40.317+0000] {processor.py:753} INFO - DAG(s) dict_keys(['tutorial_taskflow_api']) retrieved from /home/airflow/.local/lib/python3.7/site-packages/airflow/example_dags/tutorial_taskflow_api.py
[2023-07-02T22:50:40.397+0000] {logging_mixin.py:137} INFO - [2023-07-02T22:50:40.397+0000] {dag.py:2690} INFO - Sync 1 DAGs
[2023-07-02T22:50:40.482+0000] {logging_mixin.py:137} INFO - [2023-07-02T22:50:40.482+0000] {dag.py:3441} INFO - Setting next_dagrun for tutorial_taskflow_api to None, run_after=None
[2023-07-02T22:50:40.570+0000] {processor.py:175} INFO - Processing /home/airflow/.local/lib/python3.7/site-packages/airflow/example_dags/tutorial_taskflow_api.py took 0.352 seconds
[2023-07-02T22:51:12.143+0000] {processor.py:153} INFO - Started process (PID=2493) to work on /home/airflow/.local/lib/python3.7/site-packages/airflow/example_dags/tutorial_taskflow_api.py
[2023-07-02T22:51:12.145+0000] {processor.py:743} INFO - Processing file /home/airflow/.local/lib/python3.7/site-packages/airflow/example_dags/tutorial_taskflow_api.py for tasks to queue
[2023-07-02T22:51:12.148+0000] {logging_mixin.py:137} INFO - [2023-07-02T22:51:12.147+0000] {dagbag.py:538} INFO - Filling up the DagBag from /home/airflow/.local/lib/python3.7/site-packages/airflow/example_dags/tutorial_taskflow_api.py
[2023-07-02T22:51:12.191+0000] {processor.py:753} INFO - DAG(s) dict_keys(['tutorial_taskflow_api']) retrieved from /home/airflow/.local/lib/python3.7/site-packages/airflow/example_dags/tutorial_taskflow_api.py
[2023-07-02T22:51:12.233+0000] {logging_mixin.py:137} INFO - [2023-07-02T22:51:12.233+0000] {dag.py:2690} INFO - Sync 1 DAGs
[2023-07-02T22:51:12.273+0000] {logging_mixin.py:137} INFO - [2023-07-02T22:51:12.273+0000] {dag.py:3441} INFO - Setting next_dagrun for tutorial_taskflow_api to None, run_after=None
[2023-07-02T22:51:12.320+0000] {processor.py:175} INFO - Processing /home/airflow/.local/lib/python3.7/site-packages/airflow/example_dags/tutorial_taskflow_api.py took 0.185 seconds
[2023-07-02T22:55:16.081+0000] {processor.py:153} INFO - Started process (PID=2524) to work on /home/airflow/.local/lib/python3.7/site-packages/airflow/example_dags/tutorial_taskflow_api.py
[2023-07-02T22:55:16.084+0000] {processor.py:743} INFO - Processing file /home/airflow/.local/lib/python3.7/site-packages/airflow/example_dags/tutorial_taskflow_api.py for tasks to queue
[2023-07-02T22:55:16.089+0000] {logging_mixin.py:137} INFO - [2023-07-02T22:55:16.089+0000] {dagbag.py:538} INFO - Filling up the DagBag from /home/airflow/.local/lib/python3.7/site-packages/airflow/example_dags/tutorial_taskflow_api.py
[2023-07-02T22:55:16.130+0000] {processor.py:753} INFO - DAG(s) dict_keys(['tutorial_taskflow_api']) retrieved from /home/airflow/.local/lib/python3.7/site-packages/airflow/example_dags/tutorial_taskflow_api.py
[2023-07-02T22:55:16.167+0000] {logging_mixin.py:137} INFO - [2023-07-02T22:55:16.167+0000] {dag.py:2690} INFO - Sync 1 DAGs
[2023-07-02T22:55:16.223+0000] {logging_mixin.py:137} INFO - [2023-07-02T22:55:16.222+0000] {dag.py:3441} INFO - Setting next_dagrun for tutorial_taskflow_api to None, run_after=None
[2023-07-02T22:55:16.252+0000] {processor.py:175} INFO - Processing /home/airflow/.local/lib/python3.7/site-packages/airflow/example_dags/tutorial_taskflow_api.py took 0.180 seconds
[2023-07-02T22:55:54.408+0000] {processor.py:153} INFO - Started process (PID=2591) to work on /home/airflow/.local/lib/python3.7/site-packages/airflow/example_dags/tutorial_taskflow_api.py
[2023-07-02T22:55:54.414+0000] {processor.py:743} INFO - Processing file /home/airflow/.local/lib/python3.7/site-packages/airflow/example_dags/tutorial_taskflow_api.py for tasks to queue
[2023-07-02T22:55:54.421+0000] {logging_mixin.py:137} INFO - [2023-07-02T22:55:54.416+0000] {dagbag.py:538} INFO - Filling up the DagBag from /home/airflow/.local/lib/python3.7/site-packages/airflow/example_dags/tutorial_taskflow_api.py
[2023-07-02T22:55:54.520+0000] {processor.py:753} INFO - DAG(s) dict_keys(['tutorial_taskflow_api']) retrieved from /home/airflow/.local/lib/python3.7/site-packages/airflow/example_dags/tutorial_taskflow_api.py
[2023-07-02T22:55:54.632+0000] {logging_mixin.py:137} INFO - [2023-07-02T22:55:54.631+0000] {dag.py:2690} INFO - Sync 1 DAGs
[2023-07-02T22:55:54.721+0000] {logging_mixin.py:137} INFO - [2023-07-02T22:55:54.721+0000] {dag.py:3441} INFO - Setting next_dagrun for tutorial_taskflow_api to None, run_after=None
[2023-07-02T22:55:54.852+0000] {processor.py:175} INFO - Processing /home/airflow/.local/lib/python3.7/site-packages/airflow/example_dags/tutorial_taskflow_api.py took 0.480 seconds
[2023-07-02T22:56:25.169+0000] {processor.py:153} INFO - Started process (PID=2652) to work on /home/airflow/.local/lib/python3.7/site-packages/airflow/example_dags/tutorial_taskflow_api.py
[2023-07-02T22:56:25.173+0000] {processor.py:743} INFO - Processing file /home/airflow/.local/lib/python3.7/site-packages/airflow/example_dags/tutorial_taskflow_api.py for tasks to queue
[2023-07-02T22:56:25.177+0000] {logging_mixin.py:137} INFO - [2023-07-02T22:56:25.177+0000] {dagbag.py:538} INFO - Filling up the DagBag from /home/airflow/.local/lib/python3.7/site-packages/airflow/example_dags/tutorial_taskflow_api.py
[2023-07-02T22:56:25.210+0000] {processor.py:753} INFO - DAG(s) dict_keys(['tutorial_taskflow_api']) retrieved from /home/airflow/.local/lib/python3.7/site-packages/airflow/example_dags/tutorial_taskflow_api.py
[2023-07-02T22:56:25.257+0000] {logging_mixin.py:137} INFO - [2023-07-02T22:56:25.257+0000] {dag.py:2690} INFO - Sync 1 DAGs
[2023-07-02T22:56:25.289+0000] {logging_mixin.py:137} INFO - [2023-07-02T22:56:25.289+0000] {dag.py:3441} INFO - Setting next_dagrun for tutorial_taskflow_api to None, run_after=None
[2023-07-02T22:56:25.323+0000] {processor.py:175} INFO - Processing /home/airflow/.local/lib/python3.7/site-packages/airflow/example_dags/tutorial_taskflow_api.py took 0.169 seconds
[2023-07-02T23:02:33.532+0000] {processor.py:153} INFO - Started process (PID=2698) to work on /home/airflow/.local/lib/python3.7/site-packages/airflow/example_dags/tutorial_taskflow_api.py
[2023-07-02T23:02:33.538+0000] {processor.py:743} INFO - Processing file /home/airflow/.local/lib/python3.7/site-packages/airflow/example_dags/tutorial_taskflow_api.py for tasks to queue
[2023-07-02T23:02:33.547+0000] {logging_mixin.py:137} INFO - [2023-07-02T23:02:33.546+0000] {dagbag.py:538} INFO - Filling up the DagBag from /home/airflow/.local/lib/python3.7/site-packages/airflow/example_dags/tutorial_taskflow_api.py
[2023-07-02T23:02:33.588+0000] {processor.py:753} INFO - DAG(s) dict_keys(['tutorial_taskflow_api']) retrieved from /home/airflow/.local/lib/python3.7/site-packages/airflow/example_dags/tutorial_taskflow_api.py
[2023-07-02T23:02:33.630+0000] {logging_mixin.py:137} INFO - [2023-07-02T23:02:33.630+0000] {dag.py:2690} INFO - Sync 1 DAGs
[2023-07-02T23:02:33.666+0000] {logging_mixin.py:137} INFO - [2023-07-02T23:02:33.666+0000] {dag.py:3441} INFO - Setting next_dagrun for tutorial_taskflow_api to None, run_after=None
[2023-07-02T23:02:33.708+0000] {processor.py:175} INFO - Processing /home/airflow/.local/lib/python3.7/site-packages/airflow/example_dags/tutorial_taskflow_api.py took 0.189 seconds
[2023-07-02T23:03:16.096+0000] {processor.py:153} INFO - Started process (PID=2767) to work on /home/airflow/.local/lib/python3.7/site-packages/airflow/example_dags/tutorial_taskflow_api.py
[2023-07-02T23:03:16.100+0000] {processor.py:743} INFO - Processing file /home/airflow/.local/lib/python3.7/site-packages/airflow/example_dags/tutorial_taskflow_api.py for tasks to queue
[2023-07-02T23:03:16.102+0000] {logging_mixin.py:137} INFO - [2023-07-02T23:03:16.102+0000] {dagbag.py:538} INFO - Filling up the DagBag from /home/airflow/.local/lib/python3.7/site-packages/airflow/example_dags/tutorial_taskflow_api.py
[2023-07-02T23:03:16.188+0000] {processor.py:753} INFO - DAG(s) dict_keys(['tutorial_taskflow_api']) retrieved from /home/airflow/.local/lib/python3.7/site-packages/airflow/example_dags/tutorial_taskflow_api.py
[2023-07-02T23:03:16.281+0000] {logging_mixin.py:137} INFO - [2023-07-02T23:03:16.281+0000] {dag.py:2690} INFO - Sync 1 DAGs
[2023-07-02T23:03:16.355+0000] {logging_mixin.py:137} INFO - [2023-07-02T23:03:16.355+0000] {dag.py:3441} INFO - Setting next_dagrun for tutorial_taskflow_api to None, run_after=None
[2023-07-02T23:03:16.423+0000] {processor.py:175} INFO - Processing /home/airflow/.local/lib/python3.7/site-packages/airflow/example_dags/tutorial_taskflow_api.py took 0.339 seconds
[2023-07-02T23:03:56.632+0000] {processor.py:153} INFO - Started process (PID=2833) to work on /home/airflow/.local/lib/python3.7/site-packages/airflow/example_dags/tutorial_taskflow_api.py
[2023-07-02T23:03:56.637+0000] {processor.py:743} INFO - Processing file /home/airflow/.local/lib/python3.7/site-packages/airflow/example_dags/tutorial_taskflow_api.py for tasks to queue
[2023-07-02T23:03:56.639+0000] {logging_mixin.py:137} INFO - [2023-07-02T23:03:56.639+0000] {dagbag.py:538} INFO - Filling up the DagBag from /home/airflow/.local/lib/python3.7/site-packages/airflow/example_dags/tutorial_taskflow_api.py
[2023-07-02T23:03:56.799+0000] {processor.py:753} INFO - DAG(s) dict_keys(['tutorial_taskflow_api']) retrieved from /home/airflow/.local/lib/python3.7/site-packages/airflow/example_dags/tutorial_taskflow_api.py
[2023-07-02T23:03:56.966+0000] {logging_mixin.py:137} INFO - [2023-07-02T23:03:56.966+0000] {dag.py:2690} INFO - Sync 1 DAGs
[2023-07-02T23:03:57.110+0000] {logging_mixin.py:137} INFO - [2023-07-02T23:03:57.110+0000] {dag.py:3441} INFO - Setting next_dagrun for tutorial_taskflow_api to None, run_after=None
[2023-07-02T23:03:57.250+0000] {processor.py:175} INFO - Processing /home/airflow/.local/lib/python3.7/site-packages/airflow/example_dags/tutorial_taskflow_api.py took 0.634 seconds
[2023-07-02T23:07:22.622+0000] {processor.py:153} INFO - Started process (PID=2890) to work on /home/airflow/.local/lib/python3.7/site-packages/airflow/example_dags/tutorial_taskflow_api.py
[2023-07-02T23:07:22.624+0000] {processor.py:743} INFO - Processing file /home/airflow/.local/lib/python3.7/site-packages/airflow/example_dags/tutorial_taskflow_api.py for tasks to queue
[2023-07-02T23:07:22.627+0000] {logging_mixin.py:137} INFO - [2023-07-02T23:07:22.627+0000] {dagbag.py:538} INFO - Filling up the DagBag from /home/airflow/.local/lib/python3.7/site-packages/airflow/example_dags/tutorial_taskflow_api.py
[2023-07-02T23:07:22.680+0000] {processor.py:753} INFO - DAG(s) dict_keys(['tutorial_taskflow_api']) retrieved from /home/airflow/.local/lib/python3.7/site-packages/airflow/example_dags/tutorial_taskflow_api.py
[2023-07-02T23:07:22.728+0000] {logging_mixin.py:137} INFO - [2023-07-02T23:07:22.727+0000] {dag.py:2690} INFO - Sync 1 DAGs
[2023-07-02T23:07:22.761+0000] {logging_mixin.py:137} INFO - [2023-07-02T23:07:22.761+0000] {dag.py:3441} INFO - Setting next_dagrun for tutorial_taskflow_api to None, run_after=None
[2023-07-02T23:07:22.809+0000] {processor.py:175} INFO - Processing /home/airflow/.local/lib/python3.7/site-packages/airflow/example_dags/tutorial_taskflow_api.py took 0.192 seconds
[2023-07-02T23:07:52.989+0000] {processor.py:153} INFO - Started process (PID=2947) to work on /home/airflow/.local/lib/python3.7/site-packages/airflow/example_dags/tutorial_taskflow_api.py
[2023-07-02T23:07:52.992+0000] {processor.py:743} INFO - Processing file /home/airflow/.local/lib/python3.7/site-packages/airflow/example_dags/tutorial_taskflow_api.py for tasks to queue
[2023-07-02T23:07:52.995+0000] {logging_mixin.py:137} INFO - [2023-07-02T23:07:52.995+0000] {dagbag.py:538} INFO - Filling up the DagBag from /home/airflow/.local/lib/python3.7/site-packages/airflow/example_dags/tutorial_taskflow_api.py
[2023-07-02T23:07:53.022+0000] {processor.py:753} INFO - DAG(s) dict_keys(['tutorial_taskflow_api']) retrieved from /home/airflow/.local/lib/python3.7/site-packages/airflow/example_dags/tutorial_taskflow_api.py
[2023-07-02T23:07:53.057+0000] {logging_mixin.py:137} INFO - [2023-07-02T23:07:53.057+0000] {dag.py:2690} INFO - Sync 1 DAGs
[2023-07-02T23:07:53.086+0000] {logging_mixin.py:137} INFO - [2023-07-02T23:07:53.086+0000] {dag.py:3441} INFO - Setting next_dagrun for tutorial_taskflow_api to None, run_after=None
[2023-07-02T23:07:53.113+0000] {processor.py:175} INFO - Processing /home/airflow/.local/lib/python3.7/site-packages/airflow/example_dags/tutorial_taskflow_api.py took 0.129 seconds
[2023-07-02T23:08:26.918+0000] {processor.py:153} INFO - Started process (PID=2996) to work on /home/airflow/.local/lib/python3.7/site-packages/airflow/example_dags/tutorial_taskflow_api.py
[2023-07-02T23:08:26.921+0000] {processor.py:743} INFO - Processing file /home/airflow/.local/lib/python3.7/site-packages/airflow/example_dags/tutorial_taskflow_api.py for tasks to queue
[2023-07-02T23:08:26.925+0000] {logging_mixin.py:137} INFO - [2023-07-02T23:08:26.924+0000] {dagbag.py:538} INFO - Filling up the DagBag from /home/airflow/.local/lib/python3.7/site-packages/airflow/example_dags/tutorial_taskflow_api.py
[2023-07-02T23:08:26.957+0000] {processor.py:753} INFO - DAG(s) dict_keys(['tutorial_taskflow_api']) retrieved from /home/airflow/.local/lib/python3.7/site-packages/airflow/example_dags/tutorial_taskflow_api.py
[2023-07-02T23:08:27.005+0000] {logging_mixin.py:137} INFO - [2023-07-02T23:08:27.005+0000] {dag.py:2690} INFO - Sync 1 DAGs
[2023-07-02T23:08:27.054+0000] {logging_mixin.py:137} INFO - [2023-07-02T23:08:27.054+0000] {dag.py:3441} INFO - Setting next_dagrun for tutorial_taskflow_api to None, run_after=None
[2023-07-02T23:08:27.091+0000] {processor.py:175} INFO - Processing /home/airflow/.local/lib/python3.7/site-packages/airflow/example_dags/tutorial_taskflow_api.py took 0.190 seconds
[2023-07-02T23:09:07.537+0000] {processor.py:153} INFO - Started process (PID=3030) to work on /home/airflow/.local/lib/python3.7/site-packages/airflow/example_dags/tutorial_taskflow_api.py
[2023-07-02T23:09:07.540+0000] {processor.py:743} INFO - Processing file /home/airflow/.local/lib/python3.7/site-packages/airflow/example_dags/tutorial_taskflow_api.py for tasks to queue
[2023-07-02T23:09:07.544+0000] {logging_mixin.py:137} INFO - [2023-07-02T23:09:07.544+0000] {dagbag.py:538} INFO - Filling up the DagBag from /home/airflow/.local/lib/python3.7/site-packages/airflow/example_dags/tutorial_taskflow_api.py
[2023-07-02T23:09:07.581+0000] {processor.py:753} INFO - DAG(s) dict_keys(['tutorial_taskflow_api']) retrieved from /home/airflow/.local/lib/python3.7/site-packages/airflow/example_dags/tutorial_taskflow_api.py
[2023-07-02T23:09:07.654+0000] {logging_mixin.py:137} INFO - [2023-07-02T23:09:07.653+0000] {dag.py:2690} INFO - Sync 1 DAGs
[2023-07-02T23:09:07.711+0000] {logging_mixin.py:137} INFO - [2023-07-02T23:09:07.711+0000] {dag.py:3441} INFO - Setting next_dagrun for tutorial_taskflow_api to None, run_after=None
[2023-07-02T23:09:07.761+0000] {processor.py:175} INFO - Processing /home/airflow/.local/lib/python3.7/site-packages/airflow/example_dags/tutorial_taskflow_api.py took 0.232 seconds
