[2023-07-02T03:01:45.863+0000] {processor.py:153} INFO - Started process (PID=45) to work on /home/airflow/.local/lib/python3.7/site-packages/airflow/example_dags/example_xcom.py
[2023-07-02T03:01:45.875+0000] {processor.py:743} INFO - Processing file /home/airflow/.local/lib/python3.7/site-packages/airflow/example_dags/example_xcom.py for tasks to queue
[2023-07-02T03:01:45.886+0000] {logging_mixin.py:137} INFO - [2023-07-02T03:01:45.878+0000] {dagbag.py:538} INFO - Filling up the DagBag from /home/airflow/.local/lib/python3.7/site-packages/airflow/example_dags/example_xcom.py
[2023-07-02T03:01:46.044+0000] {processor.py:753} INFO - DAG(s) dict_keys(['example_xcom']) retrieved from /home/airflow/.local/lib/python3.7/site-packages/airflow/example_dags/example_xcom.py
[2023-07-02T03:01:46.152+0000] {logging_mixin.py:137} INFO - [2023-07-02T03:01:46.152+0000] {dag.py:2690} INFO - Sync 1 DAGs
[2023-07-02T03:01:46.263+0000] {logging_mixin.py:137} INFO - [2023-07-02T03:01:46.263+0000] {dag.py:3441} INFO - Setting next_dagrun for example_xcom to 2021-01-01T00:00:00+00:00, run_after=2021-01-01T00:00:00+00:00
[2023-07-02T03:01:46.333+0000] {processor.py:175} INFO - Processing /home/airflow/.local/lib/python3.7/site-packages/airflow/example_dags/example_xcom.py took 0.477 seconds
[2023-07-02T03:02:16.583+0000] {processor.py:153} INFO - Started process (PID=102) to work on /home/airflow/.local/lib/python3.7/site-packages/airflow/example_dags/example_xcom.py
[2023-07-02T03:02:16.586+0000] {processor.py:743} INFO - Processing file /home/airflow/.local/lib/python3.7/site-packages/airflow/example_dags/example_xcom.py for tasks to queue
[2023-07-02T03:02:16.589+0000] {logging_mixin.py:137} INFO - [2023-07-02T03:02:16.589+0000] {dagbag.py:538} INFO - Filling up the DagBag from /home/airflow/.local/lib/python3.7/site-packages/airflow/example_dags/example_xcom.py
[2023-07-02T03:02:16.623+0000] {processor.py:753} INFO - DAG(s) dict_keys(['example_xcom']) retrieved from /home/airflow/.local/lib/python3.7/site-packages/airflow/example_dags/example_xcom.py
[2023-07-02T03:02:16.671+0000] {logging_mixin.py:137} INFO - [2023-07-02T03:02:16.671+0000] {dag.py:2690} INFO - Sync 1 DAGs
[2023-07-02T03:02:16.707+0000] {logging_mixin.py:137} INFO - [2023-07-02T03:02:16.707+0000] {dag.py:3441} INFO - Setting next_dagrun for example_xcom to 2021-01-01T00:00:00+00:00, run_after=2021-01-01T00:00:00+00:00
[2023-07-02T03:02:16.756+0000] {processor.py:175} INFO - Processing /home/airflow/.local/lib/python3.7/site-packages/airflow/example_dags/example_xcom.py took 0.180 seconds
[2023-07-02T03:02:47.055+0000] {processor.py:153} INFO - Started process (PID=161) to work on /home/airflow/.local/lib/python3.7/site-packages/airflow/example_dags/example_xcom.py
[2023-07-02T03:02:47.058+0000] {processor.py:743} INFO - Processing file /home/airflow/.local/lib/python3.7/site-packages/airflow/example_dags/example_xcom.py for tasks to queue
[2023-07-02T03:02:47.061+0000] {logging_mixin.py:137} INFO - [2023-07-02T03:02:47.060+0000] {dagbag.py:538} INFO - Filling up the DagBag from /home/airflow/.local/lib/python3.7/site-packages/airflow/example_dags/example_xcom.py
[2023-07-02T03:02:47.140+0000] {processor.py:753} INFO - DAG(s) dict_keys(['example_xcom']) retrieved from /home/airflow/.local/lib/python3.7/site-packages/airflow/example_dags/example_xcom.py
[2023-07-02T03:02:47.227+0000] {logging_mixin.py:137} INFO - [2023-07-02T03:02:47.227+0000] {dag.py:2690} INFO - Sync 1 DAGs
[2023-07-02T03:02:47.377+0000] {logging_mixin.py:137} INFO - [2023-07-02T03:02:47.377+0000] {dag.py:3441} INFO - Setting next_dagrun for example_xcom to 2021-01-01T00:00:00+00:00, run_after=2021-01-01T00:00:00+00:00
[2023-07-02T03:02:47.470+0000] {processor.py:175} INFO - Processing /home/airflow/.local/lib/python3.7/site-packages/airflow/example_dags/example_xcom.py took 0.419 seconds
[2023-07-02T03:03:17.746+0000] {processor.py:153} INFO - Started process (PID=230) to work on /home/airflow/.local/lib/python3.7/site-packages/airflow/example_dags/example_xcom.py
[2023-07-02T03:03:17.749+0000] {processor.py:743} INFO - Processing file /home/airflow/.local/lib/python3.7/site-packages/airflow/example_dags/example_xcom.py for tasks to queue
[2023-07-02T03:03:17.756+0000] {logging_mixin.py:137} INFO - [2023-07-02T03:03:17.756+0000] {dagbag.py:538} INFO - Filling up the DagBag from /home/airflow/.local/lib/python3.7/site-packages/airflow/example_dags/example_xcom.py
[2023-07-02T03:03:17.793+0000] {processor.py:753} INFO - DAG(s) dict_keys(['example_xcom']) retrieved from /home/airflow/.local/lib/python3.7/site-packages/airflow/example_dags/example_xcom.py
[2023-07-02T03:03:17.833+0000] {logging_mixin.py:137} INFO - [2023-07-02T03:03:17.833+0000] {dag.py:2690} INFO - Sync 1 DAGs
[2023-07-02T03:03:17.869+0000] {logging_mixin.py:137} INFO - [2023-07-02T03:03:17.869+0000] {dag.py:3441} INFO - Setting next_dagrun for example_xcom to 2021-01-01T00:00:00+00:00, run_after=2021-01-01T00:00:00+00:00
[2023-07-02T03:03:17.901+0000] {processor.py:175} INFO - Processing /home/airflow/.local/lib/python3.7/site-packages/airflow/example_dags/example_xcom.py took 0.166 seconds
[2023-07-02T03:03:48.125+0000] {processor.py:153} INFO - Started process (PID=288) to work on /home/airflow/.local/lib/python3.7/site-packages/airflow/example_dags/example_xcom.py
[2023-07-02T03:03:48.128+0000] {processor.py:743} INFO - Processing file /home/airflow/.local/lib/python3.7/site-packages/airflow/example_dags/example_xcom.py for tasks to queue
[2023-07-02T03:03:48.130+0000] {logging_mixin.py:137} INFO - [2023-07-02T03:03:48.130+0000] {dagbag.py:538} INFO - Filling up the DagBag from /home/airflow/.local/lib/python3.7/site-packages/airflow/example_dags/example_xcom.py
[2023-07-02T03:03:48.164+0000] {processor.py:753} INFO - DAG(s) dict_keys(['example_xcom']) retrieved from /home/airflow/.local/lib/python3.7/site-packages/airflow/example_dags/example_xcom.py
[2023-07-02T03:03:48.204+0000] {logging_mixin.py:137} INFO - [2023-07-02T03:03:48.204+0000] {dag.py:2690} INFO - Sync 1 DAGs
[2023-07-02T03:03:48.248+0000] {logging_mixin.py:137} INFO - [2023-07-02T03:03:48.248+0000] {dag.py:3441} INFO - Setting next_dagrun for example_xcom to 2021-01-01T00:00:00+00:00, run_after=2021-01-01T00:00:00+00:00
[2023-07-02T03:03:48.276+0000] {processor.py:175} INFO - Processing /home/airflow/.local/lib/python3.7/site-packages/airflow/example_dags/example_xcom.py took 0.157 seconds
[2023-07-02T03:04:18.941+0000] {processor.py:153} INFO - Started process (PID=346) to work on /home/airflow/.local/lib/python3.7/site-packages/airflow/example_dags/example_xcom.py
[2023-07-02T03:04:18.951+0000] {processor.py:743} INFO - Processing file /home/airflow/.local/lib/python3.7/site-packages/airflow/example_dags/example_xcom.py for tasks to queue
[2023-07-02T03:04:18.953+0000] {logging_mixin.py:137} INFO - [2023-07-02T03:04:18.953+0000] {dagbag.py:538} INFO - Filling up the DagBag from /home/airflow/.local/lib/python3.7/site-packages/airflow/example_dags/example_xcom.py
[2023-07-02T03:04:19.026+0000] {processor.py:753} INFO - DAG(s) dict_keys(['example_xcom']) retrieved from /home/airflow/.local/lib/python3.7/site-packages/airflow/example_dags/example_xcom.py
[2023-07-02T03:04:19.117+0000] {logging_mixin.py:137} INFO - [2023-07-02T03:04:19.117+0000] {dag.py:2690} INFO - Sync 1 DAGs
[2023-07-02T03:04:19.201+0000] {logging_mixin.py:137} INFO - [2023-07-02T03:04:19.201+0000] {dag.py:3441} INFO - Setting next_dagrun for example_xcom to 2021-01-01T00:00:00+00:00, run_after=2021-01-01T00:00:00+00:00
[2023-07-02T03:04:19.287+0000] {processor.py:175} INFO - Processing /home/airflow/.local/lib/python3.7/site-packages/airflow/example_dags/example_xcom.py took 0.358 seconds
[2023-07-02T03:04:50.180+0000] {processor.py:153} INFO - Started process (PID=404) to work on /home/airflow/.local/lib/python3.7/site-packages/airflow/example_dags/example_xcom.py
[2023-07-02T03:04:50.194+0000] {processor.py:743} INFO - Processing file /home/airflow/.local/lib/python3.7/site-packages/airflow/example_dags/example_xcom.py for tasks to queue
[2023-07-02T03:04:50.215+0000] {logging_mixin.py:137} INFO - [2023-07-02T03:04:50.210+0000] {dagbag.py:538} INFO - Filling up the DagBag from /home/airflow/.local/lib/python3.7/site-packages/airflow/example_dags/example_xcom.py
[2023-07-02T03:04:50.471+0000] {processor.py:753} INFO - DAG(s) dict_keys(['example_xcom']) retrieved from /home/airflow/.local/lib/python3.7/site-packages/airflow/example_dags/example_xcom.py
[2023-07-02T03:04:50.810+0000] {logging_mixin.py:137} INFO - [2023-07-02T03:04:50.810+0000] {dag.py:2690} INFO - Sync 1 DAGs
[2023-07-02T03:04:51.336+0000] {logging_mixin.py:137} INFO - [2023-07-02T03:04:51.336+0000] {dag.py:3441} INFO - Setting next_dagrun for example_xcom to 2021-01-01T00:00:00+00:00, run_after=2021-01-01T00:00:00+00:00
[2023-07-02T03:04:51.574+0000] {processor.py:175} INFO - Processing /home/airflow/.local/lib/python3.7/site-packages/airflow/example_dags/example_xcom.py took 1.420 seconds
[2023-07-02T03:05:22.389+0000] {processor.py:153} INFO - Started process (PID=462) to work on /home/airflow/.local/lib/python3.7/site-packages/airflow/example_dags/example_xcom.py
[2023-07-02T03:05:22.394+0000] {processor.py:743} INFO - Processing file /home/airflow/.local/lib/python3.7/site-packages/airflow/example_dags/example_xcom.py for tasks to queue
[2023-07-02T03:05:22.397+0000] {logging_mixin.py:137} INFO - [2023-07-02T03:05:22.397+0000] {dagbag.py:538} INFO - Filling up the DagBag from /home/airflow/.local/lib/python3.7/site-packages/airflow/example_dags/example_xcom.py
[2023-07-02T03:05:22.443+0000] {processor.py:753} INFO - DAG(s) dict_keys(['example_xcom']) retrieved from /home/airflow/.local/lib/python3.7/site-packages/airflow/example_dags/example_xcom.py
[2023-07-02T03:05:22.490+0000] {logging_mixin.py:137} INFO - [2023-07-02T03:05:22.490+0000] {dag.py:2690} INFO - Sync 1 DAGs
[2023-07-02T03:05:22.531+0000] {logging_mixin.py:137} INFO - [2023-07-02T03:05:22.530+0000] {dag.py:3441} INFO - Setting next_dagrun for example_xcom to 2021-01-01T00:00:00+00:00, run_after=2021-01-01T00:00:00+00:00
[2023-07-02T03:05:22.565+0000] {processor.py:175} INFO - Processing /home/airflow/.local/lib/python3.7/site-packages/airflow/example_dags/example_xcom.py took 0.186 seconds
[2023-07-02T03:05:53.345+0000] {processor.py:153} INFO - Started process (PID=521) to work on /home/airflow/.local/lib/python3.7/site-packages/airflow/example_dags/example_xcom.py
[2023-07-02T03:05:53.361+0000] {processor.py:743} INFO - Processing file /home/airflow/.local/lib/python3.7/site-packages/airflow/example_dags/example_xcom.py for tasks to queue
[2023-07-02T03:05:53.390+0000] {logging_mixin.py:137} INFO - [2023-07-02T03:05:53.381+0000] {dagbag.py:538} INFO - Filling up the DagBag from /home/airflow/.local/lib/python3.7/site-packages/airflow/example_dags/example_xcom.py
[2023-07-02T03:05:53.677+0000] {processor.py:753} INFO - DAG(s) dict_keys(['example_xcom']) retrieved from /home/airflow/.local/lib/python3.7/site-packages/airflow/example_dags/example_xcom.py
[2023-07-02T03:05:53.902+0000] {logging_mixin.py:137} INFO - [2023-07-02T03:05:53.901+0000] {dag.py:2690} INFO - Sync 1 DAGs
[2023-07-02T03:05:54.035+0000] {logging_mixin.py:137} INFO - [2023-07-02T03:05:54.034+0000] {dag.py:3441} INFO - Setting next_dagrun for example_xcom to 2021-01-01T00:00:00+00:00, run_after=2021-01-01T00:00:00+00:00
[2023-07-02T03:05:54.133+0000] {processor.py:175} INFO - Processing /home/airflow/.local/lib/python3.7/site-packages/airflow/example_dags/example_xcom.py took 0.835 seconds
[2023-07-02T03:50:34.258+0000] {processor.py:153} INFO - Started process (PID=586) to work on /home/airflow/.local/lib/python3.7/site-packages/airflow/example_dags/example_xcom.py
[2023-07-02T03:50:34.291+0000] {processor.py:743} INFO - Processing file /home/airflow/.local/lib/python3.7/site-packages/airflow/example_dags/example_xcom.py for tasks to queue
[2023-07-02T03:50:34.427+0000] {logging_mixin.py:137} INFO - [2023-07-02T03:50:34.397+0000] {dagbag.py:538} INFO - Filling up the DagBag from /home/airflow/.local/lib/python3.7/site-packages/airflow/example_dags/example_xcom.py
[2023-07-02T03:50:36.215+0000] {processor.py:753} INFO - DAG(s) dict_keys(['example_xcom']) retrieved from /home/airflow/.local/lib/python3.7/site-packages/airflow/example_dags/example_xcom.py
[2023-07-02T03:50:37.243+0000] {logging_mixin.py:137} INFO - [2023-07-02T03:50:37.221+0000] {dag.py:2690} INFO - Sync 1 DAGs
[2023-07-02T03:50:38.051+0000] {logging_mixin.py:137} INFO - [2023-07-02T03:50:38.051+0000] {dag.py:3441} INFO - Setting next_dagrun for example_xcom to 2021-01-01T00:00:00+00:00, run_after=2021-01-01T00:00:00+00:00
[2023-07-02T03:50:38.790+0000] {processor.py:175} INFO - Processing /home/airflow/.local/lib/python3.7/site-packages/airflow/example_dags/example_xcom.py took 4.643 seconds
[2023-07-02T04:52:36.931+0000] {processor.py:153} INFO - Started process (PID=631) to work on /home/airflow/.local/lib/python3.7/site-packages/airflow/example_dags/example_xcom.py
[2023-07-02T04:52:36.943+0000] {processor.py:743} INFO - Processing file /home/airflow/.local/lib/python3.7/site-packages/airflow/example_dags/example_xcom.py for tasks to queue
[2023-07-02T04:52:36.956+0000] {logging_mixin.py:137} INFO - [2023-07-02T04:52:36.956+0000] {dagbag.py:538} INFO - Filling up the DagBag from /home/airflow/.local/lib/python3.7/site-packages/airflow/example_dags/example_xcom.py
[2023-07-02T04:52:37.335+0000] {processor.py:753} INFO - DAG(s) dict_keys(['example_xcom']) retrieved from /home/airflow/.local/lib/python3.7/site-packages/airflow/example_dags/example_xcom.py
[2023-07-02T04:52:37.645+0000] {logging_mixin.py:137} INFO - [2023-07-02T04:52:37.644+0000] {dag.py:2690} INFO - Sync 1 DAGs
[2023-07-02T04:52:38.040+0000] {logging_mixin.py:137} INFO - [2023-07-02T04:52:38.033+0000] {dag.py:3441} INFO - Setting next_dagrun for example_xcom to 2021-01-01T00:00:00+00:00, run_after=2021-01-01T00:00:00+00:00
[2023-07-02T04:52:38.275+0000] {processor.py:175} INFO - Processing /home/airflow/.local/lib/python3.7/site-packages/airflow/example_dags/example_xcom.py took 1.409 seconds
[2023-07-02T06:44:41.627+0000] {processor.py:153} INFO - Started process (PID=694) to work on /home/airflow/.local/lib/python3.7/site-packages/airflow/example_dags/example_xcom.py
[2023-07-02T06:44:41.652+0000] {processor.py:743} INFO - Processing file /home/airflow/.local/lib/python3.7/site-packages/airflow/example_dags/example_xcom.py for tasks to queue
[2023-07-02T06:44:41.668+0000] {logging_mixin.py:137} INFO - [2023-07-02T06:44:41.668+0000] {dagbag.py:538} INFO - Filling up the DagBag from /home/airflow/.local/lib/python3.7/site-packages/airflow/example_dags/example_xcom.py
[2023-07-02T06:44:42.349+0000] {processor.py:753} INFO - DAG(s) dict_keys(['example_xcom']) retrieved from /home/airflow/.local/lib/python3.7/site-packages/airflow/example_dags/example_xcom.py
[2023-07-02T06:44:43.467+0000] {logging_mixin.py:137} INFO - [2023-07-02T06:44:43.467+0000] {dag.py:2690} INFO - Sync 1 DAGs
[2023-07-02T06:44:44.388+0000] {logging_mixin.py:137} INFO - [2023-07-02T06:44:44.382+0000] {dag.py:3441} INFO - Setting next_dagrun for example_xcom to 2021-01-01T00:00:00+00:00, run_after=2021-01-01T00:00:00+00:00
[2023-07-02T06:44:44.844+0000] {processor.py:175} INFO - Processing /home/airflow/.local/lib/python3.7/site-packages/airflow/example_dags/example_xcom.py took 3.366 seconds
[2023-07-02T08:23:16.490+0000] {processor.py:153} INFO - Started process (PID=737) to work on /home/airflow/.local/lib/python3.7/site-packages/airflow/example_dags/example_xcom.py
[2023-07-02T08:23:16.494+0000] {processor.py:743} INFO - Processing file /home/airflow/.local/lib/python3.7/site-packages/airflow/example_dags/example_xcom.py for tasks to queue
[2023-07-02T08:23:16.499+0000] {logging_mixin.py:137} INFO - [2023-07-02T08:23:16.498+0000] {dagbag.py:538} INFO - Filling up the DagBag from /home/airflow/.local/lib/python3.7/site-packages/airflow/example_dags/example_xcom.py
[2023-07-02T08:23:16.558+0000] {processor.py:753} INFO - DAG(s) dict_keys(['example_xcom']) retrieved from /home/airflow/.local/lib/python3.7/site-packages/airflow/example_dags/example_xcom.py
[2023-07-02T08:23:16.622+0000] {logging_mixin.py:137} INFO - [2023-07-02T08:23:16.622+0000] {dag.py:2690} INFO - Sync 1 DAGs
[2023-07-02T08:23:16.677+0000] {logging_mixin.py:137} INFO - [2023-07-02T08:23:16.676+0000] {dag.py:3441} INFO - Setting next_dagrun for example_xcom to 2021-01-01T00:00:00+00:00, run_after=2021-01-01T00:00:00+00:00
[2023-07-02T08:23:16.745+0000] {processor.py:175} INFO - Processing /home/airflow/.local/lib/python3.7/site-packages/airflow/example_dags/example_xcom.py took 0.266 seconds
[2023-07-02T08:52:18.759+0000] {processor.py:153} INFO - Started process (PID=756) to work on /home/airflow/.local/lib/python3.7/site-packages/airflow/example_dags/example_xcom.py
[2023-07-02T08:52:18.768+0000] {processor.py:743} INFO - Processing file /home/airflow/.local/lib/python3.7/site-packages/airflow/example_dags/example_xcom.py for tasks to queue
[2023-07-02T08:52:18.776+0000] {logging_mixin.py:137} INFO - [2023-07-02T08:52:18.776+0000] {dagbag.py:538} INFO - Filling up the DagBag from /home/airflow/.local/lib/python3.7/site-packages/airflow/example_dags/example_xcom.py
[2023-07-02T08:52:18.914+0000] {processor.py:753} INFO - DAG(s) dict_keys(['example_xcom']) retrieved from /home/airflow/.local/lib/python3.7/site-packages/airflow/example_dags/example_xcom.py
[2023-07-02T08:52:19.041+0000] {logging_mixin.py:137} INFO - [2023-07-02T08:52:19.041+0000] {dag.py:2690} INFO - Sync 1 DAGs
[2023-07-02T08:52:19.208+0000] {logging_mixin.py:137} INFO - [2023-07-02T08:52:19.207+0000] {dag.py:3441} INFO - Setting next_dagrun for example_xcom to 2021-01-01T00:00:00+00:00, run_after=2021-01-01T00:00:00+00:00
[2023-07-02T08:52:19.291+0000] {processor.py:175} INFO - Processing /home/airflow/.local/lib/python3.7/site-packages/airflow/example_dags/example_xcom.py took 0.551 seconds
[2023-07-02T09:44:53.697+0000] {processor.py:153} INFO - Started process (PID=811) to work on /home/airflow/.local/lib/python3.7/site-packages/airflow/example_dags/example_xcom.py
[2023-07-02T09:44:53.716+0000] {processor.py:743} INFO - Processing file /home/airflow/.local/lib/python3.7/site-packages/airflow/example_dags/example_xcom.py for tasks to queue
[2023-07-02T09:44:53.722+0000] {logging_mixin.py:137} INFO - [2023-07-02T09:44:53.721+0000] {dagbag.py:538} INFO - Filling up the DagBag from /home/airflow/.local/lib/python3.7/site-packages/airflow/example_dags/example_xcom.py
[2023-07-02T09:44:54.155+0000] {processor.py:753} INFO - DAG(s) dict_keys(['example_xcom']) retrieved from /home/airflow/.local/lib/python3.7/site-packages/airflow/example_dags/example_xcom.py
[2023-07-02T09:44:54.501+0000] {logging_mixin.py:137} INFO - [2023-07-02T09:44:54.498+0000] {dag.py:2690} INFO - Sync 1 DAGs
[2023-07-02T09:44:54.826+0000] {logging_mixin.py:137} INFO - [2023-07-02T09:44:54.825+0000] {dag.py:3441} INFO - Setting next_dagrun for example_xcom to 2021-01-01T00:00:00+00:00, run_after=2021-01-01T00:00:00+00:00
[2023-07-02T09:44:55.060+0000] {processor.py:175} INFO - Processing /home/airflow/.local/lib/python3.7/site-packages/airflow/example_dags/example_xcom.py took 1.404 seconds
[2023-07-02T09:45:25.469+0000] {processor.py:153} INFO - Started process (PID=862) to work on /home/airflow/.local/lib/python3.7/site-packages/airflow/example_dags/example_xcom.py
[2023-07-02T09:45:25.472+0000] {processor.py:743} INFO - Processing file /home/airflow/.local/lib/python3.7/site-packages/airflow/example_dags/example_xcom.py for tasks to queue
[2023-07-02T09:45:25.475+0000] {logging_mixin.py:137} INFO - [2023-07-02T09:45:25.474+0000] {dagbag.py:538} INFO - Filling up the DagBag from /home/airflow/.local/lib/python3.7/site-packages/airflow/example_dags/example_xcom.py
[2023-07-02T09:45:25.617+0000] {processor.py:753} INFO - DAG(s) dict_keys(['example_xcom']) retrieved from /home/airflow/.local/lib/python3.7/site-packages/airflow/example_dags/example_xcom.py
[2023-07-02T09:45:25.664+0000] {logging_mixin.py:137} INFO - [2023-07-02T09:45:25.664+0000] {dag.py:2690} INFO - Sync 1 DAGs
[2023-07-02T09:45:25.695+0000] {logging_mixin.py:137} INFO - [2023-07-02T09:45:25.694+0000] {dag.py:3441} INFO - Setting next_dagrun for example_xcom to 2021-01-01T00:00:00+00:00, run_after=2021-01-01T00:00:00+00:00
[2023-07-02T09:45:25.732+0000] {processor.py:175} INFO - Processing /home/airflow/.local/lib/python3.7/site-packages/airflow/example_dags/example_xcom.py took 0.268 seconds
[2023-07-02T09:57:14.422+0000] {processor.py:153} INFO - Started process (PID=890) to work on /home/airflow/.local/lib/python3.7/site-packages/airflow/example_dags/example_xcom.py
[2023-07-02T09:57:14.427+0000] {processor.py:743} INFO - Processing file /home/airflow/.local/lib/python3.7/site-packages/airflow/example_dags/example_xcom.py for tasks to queue
[2023-07-02T09:57:14.434+0000] {logging_mixin.py:137} INFO - [2023-07-02T09:57:14.433+0000] {dagbag.py:538} INFO - Filling up the DagBag from /home/airflow/.local/lib/python3.7/site-packages/airflow/example_dags/example_xcom.py
[2023-07-02T09:57:14.531+0000] {processor.py:753} INFO - DAG(s) dict_keys(['example_xcom']) retrieved from /home/airflow/.local/lib/python3.7/site-packages/airflow/example_dags/example_xcom.py
[2023-07-02T09:57:14.639+0000] {logging_mixin.py:137} INFO - [2023-07-02T09:57:14.638+0000] {dag.py:2690} INFO - Sync 1 DAGs
[2023-07-02T09:57:14.705+0000] {logging_mixin.py:137} INFO - [2023-07-02T09:57:14.705+0000] {dag.py:3441} INFO - Setting next_dagrun for example_xcom to 2021-01-01T00:00:00+00:00, run_after=2021-01-01T00:00:00+00:00
[2023-07-02T09:57:14.772+0000] {processor.py:175} INFO - Processing /home/airflow/.local/lib/python3.7/site-packages/airflow/example_dags/example_xcom.py took 0.372 seconds
[2023-07-02T10:12:29.337+0000] {processor.py:153} INFO - Started process (PID=924) to work on /home/airflow/.local/lib/python3.7/site-packages/airflow/example_dags/example_xcom.py
[2023-07-02T10:12:29.356+0000] {processor.py:743} INFO - Processing file /home/airflow/.local/lib/python3.7/site-packages/airflow/example_dags/example_xcom.py for tasks to queue
[2023-07-02T10:12:29.370+0000] {logging_mixin.py:137} INFO - [2023-07-02T10:12:29.362+0000] {dagbag.py:538} INFO - Filling up the DagBag from /home/airflow/.local/lib/python3.7/site-packages/airflow/example_dags/example_xcom.py
[2023-07-02T10:12:29.594+0000] {processor.py:753} INFO - DAG(s) dict_keys(['example_xcom']) retrieved from /home/airflow/.local/lib/python3.7/site-packages/airflow/example_dags/example_xcom.py
[2023-07-02T10:12:29.733+0000] {logging_mixin.py:137} INFO - [2023-07-02T10:12:29.733+0000] {dag.py:2690} INFO - Sync 1 DAGs
[2023-07-02T10:12:29.847+0000] {logging_mixin.py:137} INFO - [2023-07-02T10:12:29.846+0000] {dag.py:3441} INFO - Setting next_dagrun for example_xcom to 2021-01-01T00:00:00+00:00, run_after=2021-01-01T00:00:00+00:00
[2023-07-02T10:12:29.924+0000] {processor.py:175} INFO - Processing /home/airflow/.local/lib/python3.7/site-packages/airflow/example_dags/example_xcom.py took 0.631 seconds
[2023-07-02T10:13:06.757+0000] {processor.py:153} INFO - Started process (PID=983) to work on /home/airflow/.local/lib/python3.7/site-packages/airflow/example_dags/example_xcom.py
[2023-07-02T10:13:06.761+0000] {processor.py:743} INFO - Processing file /home/airflow/.local/lib/python3.7/site-packages/airflow/example_dags/example_xcom.py for tasks to queue
[2023-07-02T10:13:06.765+0000] {logging_mixin.py:137} INFO - [2023-07-02T10:13:06.765+0000] {dagbag.py:538} INFO - Filling up the DagBag from /home/airflow/.local/lib/python3.7/site-packages/airflow/example_dags/example_xcom.py
[2023-07-02T10:13:06.818+0000] {processor.py:753} INFO - DAG(s) dict_keys(['example_xcom']) retrieved from /home/airflow/.local/lib/python3.7/site-packages/airflow/example_dags/example_xcom.py
[2023-07-02T10:13:07.126+0000] {logging_mixin.py:137} INFO - [2023-07-02T10:13:07.126+0000] {dag.py:2690} INFO - Sync 1 DAGs
[2023-07-02T10:13:07.346+0000] {logging_mixin.py:137} INFO - [2023-07-02T10:13:07.346+0000] {dag.py:3441} INFO - Setting next_dagrun for example_xcom to 2021-01-01T00:00:00+00:00, run_after=2021-01-01T00:00:00+00:00
[2023-07-02T10:13:07.445+0000] {processor.py:175} INFO - Processing /home/airflow/.local/lib/python3.7/site-packages/airflow/example_dags/example_xcom.py took 0.701 seconds
[2023-07-02T10:13:38.218+0000] {processor.py:153} INFO - Started process (PID=1041) to work on /home/airflow/.local/lib/python3.7/site-packages/airflow/example_dags/example_xcom.py
[2023-07-02T10:13:38.231+0000] {processor.py:743} INFO - Processing file /home/airflow/.local/lib/python3.7/site-packages/airflow/example_dags/example_xcom.py for tasks to queue
[2023-07-02T10:13:38.233+0000] {logging_mixin.py:137} INFO - [2023-07-02T10:13:38.232+0000] {dagbag.py:538} INFO - Filling up the DagBag from /home/airflow/.local/lib/python3.7/site-packages/airflow/example_dags/example_xcom.py
[2023-07-02T10:13:38.329+0000] {processor.py:753} INFO - DAG(s) dict_keys(['example_xcom']) retrieved from /home/airflow/.local/lib/python3.7/site-packages/airflow/example_dags/example_xcom.py
[2023-07-02T10:13:38.504+0000] {logging_mixin.py:137} INFO - [2023-07-02T10:13:38.504+0000] {dag.py:2690} INFO - Sync 1 DAGs
[2023-07-02T10:13:38.578+0000] {logging_mixin.py:137} INFO - [2023-07-02T10:13:38.578+0000] {dag.py:3441} INFO - Setting next_dagrun for example_xcom to 2021-01-01T00:00:00+00:00, run_after=2021-01-01T00:00:00+00:00
[2023-07-02T10:13:38.629+0000] {processor.py:175} INFO - Processing /home/airflow/.local/lib/python3.7/site-packages/airflow/example_dags/example_xcom.py took 0.436 seconds
[2023-07-02T10:19:46.520+0000] {processor.py:153} INFO - Started process (PID=1062) to work on /home/airflow/.local/lib/python3.7/site-packages/airflow/example_dags/example_xcom.py
[2023-07-02T10:19:46.539+0000] {processor.py:743} INFO - Processing file /home/airflow/.local/lib/python3.7/site-packages/airflow/example_dags/example_xcom.py for tasks to queue
[2023-07-02T10:19:46.544+0000] {logging_mixin.py:137} INFO - [2023-07-02T10:19:46.544+0000] {dagbag.py:538} INFO - Filling up the DagBag from /home/airflow/.local/lib/python3.7/site-packages/airflow/example_dags/example_xcom.py
[2023-07-02T10:19:46.748+0000] {processor.py:753} INFO - DAG(s) dict_keys(['example_xcom']) retrieved from /home/airflow/.local/lib/python3.7/site-packages/airflow/example_dags/example_xcom.py
[2023-07-02T10:19:46.972+0000] {logging_mixin.py:137} INFO - [2023-07-02T10:19:46.972+0000] {dag.py:2690} INFO - Sync 1 DAGs
[2023-07-02T10:19:47.129+0000] {logging_mixin.py:137} INFO - [2023-07-02T10:19:47.129+0000] {dag.py:3441} INFO - Setting next_dagrun for example_xcom to 2021-01-01T00:00:00+00:00, run_after=2021-01-01T00:00:00+00:00
[2023-07-02T10:19:47.290+0000] {processor.py:175} INFO - Processing /home/airflow/.local/lib/python3.7/site-packages/airflow/example_dags/example_xcom.py took 0.801 seconds
[2023-07-02T10:47:38.526+0000] {processor.py:153} INFO - Started process (PID=1116) to work on /home/airflow/.local/lib/python3.7/site-packages/airflow/example_dags/example_xcom.py
[2023-07-02T10:47:38.534+0000] {processor.py:743} INFO - Processing file /home/airflow/.local/lib/python3.7/site-packages/airflow/example_dags/example_xcom.py for tasks to queue
[2023-07-02T10:47:38.541+0000] {logging_mixin.py:137} INFO - [2023-07-02T10:47:38.540+0000] {dagbag.py:538} INFO - Filling up the DagBag from /home/airflow/.local/lib/python3.7/site-packages/airflow/example_dags/example_xcom.py
[2023-07-02T10:47:38.742+0000] {processor.py:753} INFO - DAG(s) dict_keys(['example_xcom']) retrieved from /home/airflow/.local/lib/python3.7/site-packages/airflow/example_dags/example_xcom.py
[2023-07-02T10:47:38.891+0000] {logging_mixin.py:137} INFO - [2023-07-02T10:47:38.890+0000] {dag.py:2690} INFO - Sync 1 DAGs
[2023-07-02T10:47:39.007+0000] {logging_mixin.py:137} INFO - [2023-07-02T10:47:39.007+0000] {dag.py:3441} INFO - Setting next_dagrun for example_xcom to 2021-01-01T00:00:00+00:00, run_after=2021-01-01T00:00:00+00:00
[2023-07-02T10:47:39.115+0000] {processor.py:175} INFO - Processing /home/airflow/.local/lib/python3.7/site-packages/airflow/example_dags/example_xcom.py took 0.634 seconds
[2023-07-02T11:39:49.793+0000] {processor.py:153} INFO - Started process (PID=1150) to work on /home/airflow/.local/lib/python3.7/site-packages/airflow/example_dags/example_xcom.py
[2023-07-02T11:39:49.796+0000] {processor.py:743} INFO - Processing file /home/airflow/.local/lib/python3.7/site-packages/airflow/example_dags/example_xcom.py for tasks to queue
[2023-07-02T11:39:49.803+0000] {logging_mixin.py:137} INFO - [2023-07-02T11:39:49.802+0000] {dagbag.py:538} INFO - Filling up the DagBag from /home/airflow/.local/lib/python3.7/site-packages/airflow/example_dags/example_xcom.py
[2023-07-02T11:39:49.924+0000] {processor.py:753} INFO - DAG(s) dict_keys(['example_xcom']) retrieved from /home/airflow/.local/lib/python3.7/site-packages/airflow/example_dags/example_xcom.py
[2023-07-02T11:39:49.999+0000] {logging_mixin.py:137} INFO - [2023-07-02T11:39:49.999+0000] {dag.py:2690} INFO - Sync 1 DAGs
[2023-07-02T11:39:50.060+0000] {logging_mixin.py:137} INFO - [2023-07-02T11:39:50.060+0000] {dag.py:3441} INFO - Setting next_dagrun for example_xcom to 2021-01-01T00:00:00+00:00, run_after=2021-01-01T00:00:00+00:00
[2023-07-02T11:39:50.114+0000] {processor.py:175} INFO - Processing /home/airflow/.local/lib/python3.7/site-packages/airflow/example_dags/example_xcom.py took 0.330 seconds
[2023-07-02T12:07:35.947+0000] {processor.py:153} INFO - Started process (PID=1205) to work on /home/airflow/.local/lib/python3.7/site-packages/airflow/example_dags/example_xcom.py
[2023-07-02T12:07:35.955+0000] {processor.py:743} INFO - Processing file /home/airflow/.local/lib/python3.7/site-packages/airflow/example_dags/example_xcom.py for tasks to queue
[2023-07-02T12:07:35.959+0000] {logging_mixin.py:137} INFO - [2023-07-02T12:07:35.959+0000] {dagbag.py:538} INFO - Filling up the DagBag from /home/airflow/.local/lib/python3.7/site-packages/airflow/example_dags/example_xcom.py
[2023-07-02T12:07:36.052+0000] {processor.py:753} INFO - DAG(s) dict_keys(['example_xcom']) retrieved from /home/airflow/.local/lib/python3.7/site-packages/airflow/example_dags/example_xcom.py
[2023-07-02T12:07:36.110+0000] {logging_mixin.py:137} INFO - [2023-07-02T12:07:36.109+0000] {dag.py:2690} INFO - Sync 1 DAGs
[2023-07-02T12:07:36.145+0000] {logging_mixin.py:137} INFO - [2023-07-02T12:07:36.145+0000] {dag.py:3441} INFO - Setting next_dagrun for example_xcom to 2021-01-01T00:00:00+00:00, run_after=2021-01-01T00:00:00+00:00
[2023-07-02T12:07:36.175+0000] {processor.py:175} INFO - Processing /home/airflow/.local/lib/python3.7/site-packages/airflow/example_dags/example_xcom.py took 0.236 seconds
[2023-07-02T12:08:06.583+0000] {processor.py:153} INFO - Started process (PID=1264) to work on /home/airflow/.local/lib/python3.7/site-packages/airflow/example_dags/example_xcom.py
[2023-07-02T12:08:06.586+0000] {processor.py:743} INFO - Processing file /home/airflow/.local/lib/python3.7/site-packages/airflow/example_dags/example_xcom.py for tasks to queue
[2023-07-02T12:08:06.589+0000] {logging_mixin.py:137} INFO - [2023-07-02T12:08:06.589+0000] {dagbag.py:538} INFO - Filling up the DagBag from /home/airflow/.local/lib/python3.7/site-packages/airflow/example_dags/example_xcom.py
[2023-07-02T12:08:06.649+0000] {processor.py:753} INFO - DAG(s) dict_keys(['example_xcom']) retrieved from /home/airflow/.local/lib/python3.7/site-packages/airflow/example_dags/example_xcom.py
[2023-07-02T12:08:06.717+0000] {logging_mixin.py:137} INFO - [2023-07-02T12:08:06.717+0000] {dag.py:2690} INFO - Sync 1 DAGs
[2023-07-02T12:08:06.781+0000] {logging_mixin.py:137} INFO - [2023-07-02T12:08:06.781+0000] {dag.py:3441} INFO - Setting next_dagrun for example_xcom to 2021-01-01T00:00:00+00:00, run_after=2021-01-01T00:00:00+00:00
[2023-07-02T12:08:06.823+0000] {processor.py:175} INFO - Processing /home/airflow/.local/lib/python3.7/site-packages/airflow/example_dags/example_xcom.py took 0.248 seconds
[2023-07-02T12:08:37.714+0000] {processor.py:153} INFO - Started process (PID=1322) to work on /home/airflow/.local/lib/python3.7/site-packages/airflow/example_dags/example_xcom.py
[2023-07-02T12:08:37.724+0000] {processor.py:743} INFO - Processing file /home/airflow/.local/lib/python3.7/site-packages/airflow/example_dags/example_xcom.py for tasks to queue
[2023-07-02T12:08:37.730+0000] {logging_mixin.py:137} INFO - [2023-07-02T12:08:37.729+0000] {dagbag.py:538} INFO - Filling up the DagBag from /home/airflow/.local/lib/python3.7/site-packages/airflow/example_dags/example_xcom.py
[2023-07-02T12:08:37.815+0000] {processor.py:753} INFO - DAG(s) dict_keys(['example_xcom']) retrieved from /home/airflow/.local/lib/python3.7/site-packages/airflow/example_dags/example_xcom.py
[2023-07-02T12:08:37.881+0000] {logging_mixin.py:137} INFO - [2023-07-02T12:08:37.881+0000] {dag.py:2690} INFO - Sync 1 DAGs
[2023-07-02T12:08:37.961+0000] {logging_mixin.py:137} INFO - [2023-07-02T12:08:37.961+0000] {dag.py:3441} INFO - Setting next_dagrun for example_xcom to 2021-01-01T00:00:00+00:00, run_after=2021-01-01T00:00:00+00:00
[2023-07-02T12:08:38.037+0000] {processor.py:175} INFO - Processing /home/airflow/.local/lib/python3.7/site-packages/airflow/example_dags/example_xcom.py took 0.337 seconds
[2023-07-02T12:09:08.106+0000] {processor.py:153} INFO - Started process (PID=1380) to work on /home/airflow/.local/lib/python3.7/site-packages/airflow/example_dags/example_xcom.py
[2023-07-02T12:09:08.110+0000] {processor.py:743} INFO - Processing file /home/airflow/.local/lib/python3.7/site-packages/airflow/example_dags/example_xcom.py for tasks to queue
[2023-07-02T12:09:08.112+0000] {logging_mixin.py:137} INFO - [2023-07-02T12:09:08.112+0000] {dagbag.py:538} INFO - Filling up the DagBag from /home/airflow/.local/lib/python3.7/site-packages/airflow/example_dags/example_xcom.py
[2023-07-02T12:09:08.146+0000] {processor.py:753} INFO - DAG(s) dict_keys(['example_xcom']) retrieved from /home/airflow/.local/lib/python3.7/site-packages/airflow/example_dags/example_xcom.py
[2023-07-02T12:09:08.190+0000] {logging_mixin.py:137} INFO - [2023-07-02T12:09:08.190+0000] {dag.py:2690} INFO - Sync 1 DAGs
[2023-07-02T12:09:08.228+0000] {logging_mixin.py:137} INFO - [2023-07-02T12:09:08.228+0000] {dag.py:3441} INFO - Setting next_dagrun for example_xcom to 2021-01-01T00:00:00+00:00, run_after=2021-01-01T00:00:00+00:00
[2023-07-02T12:09:08.288+0000] {processor.py:175} INFO - Processing /home/airflow/.local/lib/python3.7/site-packages/airflow/example_dags/example_xcom.py took 0.187 seconds
[2023-07-02T12:09:38.489+0000] {processor.py:153} INFO - Started process (PID=1438) to work on /home/airflow/.local/lib/python3.7/site-packages/airflow/example_dags/example_xcom.py
[2023-07-02T12:09:38.493+0000] {processor.py:743} INFO - Processing file /home/airflow/.local/lib/python3.7/site-packages/airflow/example_dags/example_xcom.py for tasks to queue
[2023-07-02T12:09:38.495+0000] {logging_mixin.py:137} INFO - [2023-07-02T12:09:38.495+0000] {dagbag.py:538} INFO - Filling up the DagBag from /home/airflow/.local/lib/python3.7/site-packages/airflow/example_dags/example_xcom.py
[2023-07-02T12:09:38.568+0000] {processor.py:753} INFO - DAG(s) dict_keys(['example_xcom']) retrieved from /home/airflow/.local/lib/python3.7/site-packages/airflow/example_dags/example_xcom.py
[2023-07-02T12:09:38.634+0000] {logging_mixin.py:137} INFO - [2023-07-02T12:09:38.634+0000] {dag.py:2690} INFO - Sync 1 DAGs
[2023-07-02T12:09:38.672+0000] {logging_mixin.py:137} INFO - [2023-07-02T12:09:38.671+0000] {dag.py:3441} INFO - Setting next_dagrun for example_xcom to 2021-01-01T00:00:00+00:00, run_after=2021-01-01T00:00:00+00:00
[2023-07-02T12:09:38.715+0000] {processor.py:175} INFO - Processing /home/airflow/.local/lib/python3.7/site-packages/airflow/example_dags/example_xcom.py took 0.233 seconds
[2023-07-02T12:10:09.672+0000] {processor.py:153} INFO - Started process (PID=1501) to work on /home/airflow/.local/lib/python3.7/site-packages/airflow/example_dags/example_xcom.py
[2023-07-02T12:10:09.694+0000] {processor.py:743} INFO - Processing file /home/airflow/.local/lib/python3.7/site-packages/airflow/example_dags/example_xcom.py for tasks to queue
[2023-07-02T12:10:09.700+0000] {logging_mixin.py:137} INFO - [2023-07-02T12:10:09.699+0000] {dagbag.py:538} INFO - Filling up the DagBag from /home/airflow/.local/lib/python3.7/site-packages/airflow/example_dags/example_xcom.py
[2023-07-02T12:10:09.869+0000] {processor.py:753} INFO - DAG(s) dict_keys(['example_xcom']) retrieved from /home/airflow/.local/lib/python3.7/site-packages/airflow/example_dags/example_xcom.py
[2023-07-02T12:10:10.009+0000] {logging_mixin.py:137} INFO - [2023-07-02T12:10:10.008+0000] {dag.py:2690} INFO - Sync 1 DAGs
[2023-07-02T12:10:10.173+0000] {logging_mixin.py:137} INFO - [2023-07-02T12:10:10.173+0000] {dag.py:3441} INFO - Setting next_dagrun for example_xcom to 2021-01-01T00:00:00+00:00, run_after=2021-01-01T00:00:00+00:00
[2023-07-02T12:10:10.580+0000] {processor.py:175} INFO - Processing /home/airflow/.local/lib/python3.7/site-packages/airflow/example_dags/example_xcom.py took 0.924 seconds
[2023-07-02T12:18:27.193+0000] {processor.py:153} INFO - Started process (PID=1527) to work on /home/airflow/.local/lib/python3.7/site-packages/airflow/example_dags/example_xcom.py
[2023-07-02T12:18:27.202+0000] {processor.py:743} INFO - Processing file /home/airflow/.local/lib/python3.7/site-packages/airflow/example_dags/example_xcom.py for tasks to queue
[2023-07-02T12:18:27.212+0000] {logging_mixin.py:137} INFO - [2023-07-02T12:18:27.211+0000] {dagbag.py:538} INFO - Filling up the DagBag from /home/airflow/.local/lib/python3.7/site-packages/airflow/example_dags/example_xcom.py
[2023-07-02T12:18:27.487+0000] {processor.py:753} INFO - DAG(s) dict_keys(['example_xcom']) retrieved from /home/airflow/.local/lib/python3.7/site-packages/airflow/example_dags/example_xcom.py
[2023-07-02T12:18:27.665+0000] {logging_mixin.py:137} INFO - [2023-07-02T12:18:27.665+0000] {dag.py:2690} INFO - Sync 1 DAGs
[2023-07-02T12:18:27.826+0000] {logging_mixin.py:137} INFO - [2023-07-02T12:18:27.825+0000] {dag.py:3441} INFO - Setting next_dagrun for example_xcom to 2021-01-01T00:00:00+00:00, run_after=2021-01-01T00:00:00+00:00
[2023-07-02T12:18:27.938+0000] {processor.py:175} INFO - Processing /home/airflow/.local/lib/python3.7/site-packages/airflow/example_dags/example_xcom.py took 0.774 seconds
[2023-07-02T12:48:17.623+0000] {processor.py:153} INFO - Started process (PID=1566) to work on /home/airflow/.local/lib/python3.7/site-packages/airflow/example_dags/example_xcom.py
[2023-07-02T12:48:17.634+0000] {processor.py:743} INFO - Processing file /home/airflow/.local/lib/python3.7/site-packages/airflow/example_dags/example_xcom.py for tasks to queue
[2023-07-02T12:48:17.636+0000] {logging_mixin.py:137} INFO - [2023-07-02T12:48:17.636+0000] {dagbag.py:538} INFO - Filling up the DagBag from /home/airflow/.local/lib/python3.7/site-packages/airflow/example_dags/example_xcom.py
[2023-07-02T12:48:17.903+0000] {processor.py:753} INFO - DAG(s) dict_keys(['example_xcom']) retrieved from /home/airflow/.local/lib/python3.7/site-packages/airflow/example_dags/example_xcom.py
[2023-07-02T12:48:18.110+0000] {logging_mixin.py:137} INFO - [2023-07-02T12:48:18.109+0000] {dag.py:2690} INFO - Sync 1 DAGs
[2023-07-02T12:48:18.253+0000] {logging_mixin.py:137} INFO - [2023-07-02T12:48:18.253+0000] {dag.py:3441} INFO - Setting next_dagrun for example_xcom to 2021-01-01T00:00:00+00:00, run_after=2021-01-01T00:00:00+00:00
[2023-07-02T12:48:18.358+0000] {processor.py:175} INFO - Processing /home/airflow/.local/lib/python3.7/site-packages/airflow/example_dags/example_xcom.py took 0.747 seconds
[2023-07-02T13:45:19.608+0000] {processor.py:153} INFO - Started process (PID=1613) to work on /home/airflow/.local/lib/python3.7/site-packages/airflow/example_dags/example_xcom.py
[2023-07-02T13:45:19.619+0000] {processor.py:743} INFO - Processing file /home/airflow/.local/lib/python3.7/site-packages/airflow/example_dags/example_xcom.py for tasks to queue
[2023-07-02T13:45:19.626+0000] {logging_mixin.py:137} INFO - [2023-07-02T13:45:19.625+0000] {dagbag.py:538} INFO - Filling up the DagBag from /home/airflow/.local/lib/python3.7/site-packages/airflow/example_dags/example_xcom.py
[2023-07-02T13:45:19.859+0000] {processor.py:753} INFO - DAG(s) dict_keys(['example_xcom']) retrieved from /home/airflow/.local/lib/python3.7/site-packages/airflow/example_dags/example_xcom.py
[2023-07-02T13:45:20.089+0000] {logging_mixin.py:137} INFO - [2023-07-02T13:45:20.086+0000] {dag.py:2690} INFO - Sync 1 DAGs
[2023-07-02T13:45:20.234+0000] {logging_mixin.py:137} INFO - [2023-07-02T13:45:20.234+0000] {dag.py:3441} INFO - Setting next_dagrun for example_xcom to 2021-01-01T00:00:00+00:00, run_after=2021-01-01T00:00:00+00:00
[2023-07-02T13:45:20.399+0000] {processor.py:175} INFO - Processing /home/airflow/.local/lib/python3.7/site-packages/airflow/example_dags/example_xcom.py took 0.809 seconds
[2023-07-02T13:55:41.517+0000] {processor.py:153} INFO - Started process (PID=1652) to work on /home/airflow/.local/lib/python3.7/site-packages/airflow/example_dags/example_xcom.py
[2023-07-02T13:55:41.524+0000] {processor.py:743} INFO - Processing file /home/airflow/.local/lib/python3.7/site-packages/airflow/example_dags/example_xcom.py for tasks to queue
[2023-07-02T13:55:41.540+0000] {logging_mixin.py:137} INFO - [2023-07-02T13:55:41.537+0000] {dagbag.py:538} INFO - Filling up the DagBag from /home/airflow/.local/lib/python3.7/site-packages/airflow/example_dags/example_xcom.py
[2023-07-02T13:55:41.652+0000] {processor.py:753} INFO - DAG(s) dict_keys(['example_xcom']) retrieved from /home/airflow/.local/lib/python3.7/site-packages/airflow/example_dags/example_xcom.py
[2023-07-02T13:55:41.735+0000] {logging_mixin.py:137} INFO - [2023-07-02T13:55:41.734+0000] {dag.py:2690} INFO - Sync 1 DAGs
[2023-07-02T13:55:41.869+0000] {logging_mixin.py:137} INFO - [2023-07-02T13:55:41.869+0000] {dag.py:3441} INFO - Setting next_dagrun for example_xcom to 2021-01-01T00:00:00+00:00, run_after=2021-01-01T00:00:00+00:00
[2023-07-02T13:55:42.135+0000] {processor.py:175} INFO - Processing /home/airflow/.local/lib/python3.7/site-packages/airflow/example_dags/example_xcom.py took 0.653 seconds
[2023-07-02T13:56:12.757+0000] {processor.py:153} INFO - Started process (PID=1711) to work on /home/airflow/.local/lib/python3.7/site-packages/airflow/example_dags/example_xcom.py
[2023-07-02T13:56:12.762+0000] {processor.py:743} INFO - Processing file /home/airflow/.local/lib/python3.7/site-packages/airflow/example_dags/example_xcom.py for tasks to queue
[2023-07-02T13:56:12.765+0000] {logging_mixin.py:137} INFO - [2023-07-02T13:56:12.764+0000] {dagbag.py:538} INFO - Filling up the DagBag from /home/airflow/.local/lib/python3.7/site-packages/airflow/example_dags/example_xcom.py
[2023-07-02T13:56:12.802+0000] {processor.py:753} INFO - DAG(s) dict_keys(['example_xcom']) retrieved from /home/airflow/.local/lib/python3.7/site-packages/airflow/example_dags/example_xcom.py
[2023-07-02T13:56:12.842+0000] {logging_mixin.py:137} INFO - [2023-07-02T13:56:12.842+0000] {dag.py:2690} INFO - Sync 1 DAGs
[2023-07-02T13:56:12.877+0000] {logging_mixin.py:137} INFO - [2023-07-02T13:56:12.877+0000] {dag.py:3441} INFO - Setting next_dagrun for example_xcom to 2021-01-01T00:00:00+00:00, run_after=2021-01-01T00:00:00+00:00
[2023-07-02T13:56:12.918+0000] {processor.py:175} INFO - Processing /home/airflow/.local/lib/python3.7/site-packages/airflow/example_dags/example_xcom.py took 0.168 seconds
[2023-07-02T13:56:43.444+0000] {processor.py:153} INFO - Started process (PID=1781) to work on /home/airflow/.local/lib/python3.7/site-packages/airflow/example_dags/example_xcom.py
[2023-07-02T13:56:43.446+0000] {processor.py:743} INFO - Processing file /home/airflow/.local/lib/python3.7/site-packages/airflow/example_dags/example_xcom.py for tasks to queue
[2023-07-02T13:56:43.449+0000] {logging_mixin.py:137} INFO - [2023-07-02T13:56:43.449+0000] {dagbag.py:538} INFO - Filling up the DagBag from /home/airflow/.local/lib/python3.7/site-packages/airflow/example_dags/example_xcom.py
[2023-07-02T13:56:43.485+0000] {processor.py:753} INFO - DAG(s) dict_keys(['example_xcom']) retrieved from /home/airflow/.local/lib/python3.7/site-packages/airflow/example_dags/example_xcom.py
[2023-07-02T13:56:43.530+0000] {logging_mixin.py:137} INFO - [2023-07-02T13:56:43.530+0000] {dag.py:2690} INFO - Sync 1 DAGs
[2023-07-02T13:56:43.582+0000] {logging_mixin.py:137} INFO - [2023-07-02T13:56:43.582+0000] {dag.py:3441} INFO - Setting next_dagrun for example_xcom to 2021-01-01T00:00:00+00:00, run_after=2021-01-01T00:00:00+00:00
[2023-07-02T13:56:43.631+0000] {processor.py:175} INFO - Processing /home/airflow/.local/lib/python3.7/site-packages/airflow/example_dags/example_xcom.py took 0.197 seconds
[2023-07-02T13:57:14.192+0000] {processor.py:153} INFO - Started process (PID=1840) to work on /home/airflow/.local/lib/python3.7/site-packages/airflow/example_dags/example_xcom.py
[2023-07-02T13:57:14.199+0000] {processor.py:743} INFO - Processing file /home/airflow/.local/lib/python3.7/site-packages/airflow/example_dags/example_xcom.py for tasks to queue
[2023-07-02T13:57:14.203+0000] {logging_mixin.py:137} INFO - [2023-07-02T13:57:14.203+0000] {dagbag.py:538} INFO - Filling up the DagBag from /home/airflow/.local/lib/python3.7/site-packages/airflow/example_dags/example_xcom.py
[2023-07-02T13:57:14.327+0000] {processor.py:753} INFO - DAG(s) dict_keys(['example_xcom']) retrieved from /home/airflow/.local/lib/python3.7/site-packages/airflow/example_dags/example_xcom.py
[2023-07-02T13:57:14.463+0000] {logging_mixin.py:137} INFO - [2023-07-02T13:57:14.462+0000] {dag.py:2690} INFO - Sync 1 DAGs
[2023-07-02T13:57:14.567+0000] {logging_mixin.py:137} INFO - [2023-07-02T13:57:14.566+0000] {dag.py:3441} INFO - Setting next_dagrun for example_xcom to 2021-01-01T00:00:00+00:00, run_after=2021-01-01T00:00:00+00:00
[2023-07-02T13:57:14.978+0000] {processor.py:175} INFO - Processing /home/airflow/.local/lib/python3.7/site-packages/airflow/example_dags/example_xcom.py took 0.802 seconds
[2023-07-02T14:07:15.173+0000] {processor.py:153} INFO - Started process (PID=1901) to work on /home/airflow/.local/lib/python3.7/site-packages/airflow/example_dags/example_xcom.py
[2023-07-02T14:07:15.185+0000] {processor.py:743} INFO - Processing file /home/airflow/.local/lib/python3.7/site-packages/airflow/example_dags/example_xcom.py for tasks to queue
[2023-07-02T14:07:15.194+0000] {logging_mixin.py:137} INFO - [2023-07-02T14:07:15.192+0000] {dagbag.py:538} INFO - Filling up the DagBag from /home/airflow/.local/lib/python3.7/site-packages/airflow/example_dags/example_xcom.py
[2023-07-02T14:07:15.413+0000] {processor.py:753} INFO - DAG(s) dict_keys(['example_xcom']) retrieved from /home/airflow/.local/lib/python3.7/site-packages/airflow/example_dags/example_xcom.py
[2023-07-02T14:07:15.601+0000] {logging_mixin.py:137} INFO - [2023-07-02T14:07:15.601+0000] {dag.py:2690} INFO - Sync 1 DAGs
[2023-07-02T14:07:15.803+0000] {logging_mixin.py:137} INFO - [2023-07-02T14:07:15.803+0000] {dag.py:3441} INFO - Setting next_dagrun for example_xcom to 2021-01-01T00:00:00+00:00, run_after=2021-01-01T00:00:00+00:00
[2023-07-02T14:07:15.948+0000] {processor.py:175} INFO - Processing /home/airflow/.local/lib/python3.7/site-packages/airflow/example_dags/example_xcom.py took 0.802 seconds
[2023-07-02T15:57:37.164+0000] {processor.py:153} INFO - Started process (PID=1950) to work on /home/airflow/.local/lib/python3.7/site-packages/airflow/example_dags/example_xcom.py
[2023-07-02T15:57:37.168+0000] {processor.py:743} INFO - Processing file /home/airflow/.local/lib/python3.7/site-packages/airflow/example_dags/example_xcom.py for tasks to queue
[2023-07-02T15:57:37.171+0000] {logging_mixin.py:137} INFO - [2023-07-02T15:57:37.171+0000] {dagbag.py:538} INFO - Filling up the DagBag from /home/airflow/.local/lib/python3.7/site-packages/airflow/example_dags/example_xcom.py
[2023-07-02T15:57:37.265+0000] {processor.py:753} INFO - DAG(s) dict_keys(['example_xcom']) retrieved from /home/airflow/.local/lib/python3.7/site-packages/airflow/example_dags/example_xcom.py
[2023-07-02T15:57:37.361+0000] {logging_mixin.py:137} INFO - [2023-07-02T15:57:37.361+0000] {dag.py:2690} INFO - Sync 1 DAGs
[2023-07-02T15:57:37.434+0000] {logging_mixin.py:137} INFO - [2023-07-02T15:57:37.434+0000] {dag.py:3441} INFO - Setting next_dagrun for example_xcom to 2021-01-01T00:00:00+00:00, run_after=2021-01-01T00:00:00+00:00
[2023-07-02T15:57:37.500+0000] {processor.py:175} INFO - Processing /home/airflow/.local/lib/python3.7/site-packages/airflow/example_dags/example_xcom.py took 0.354 seconds
[2023-07-02T17:57:59.808+0000] {processor.py:153} INFO - Started process (PID=2010) to work on /home/airflow/.local/lib/python3.7/site-packages/airflow/example_dags/example_xcom.py
[2023-07-02T17:57:59.817+0000] {processor.py:743} INFO - Processing file /home/airflow/.local/lib/python3.7/site-packages/airflow/example_dags/example_xcom.py for tasks to queue
[2023-07-02T17:57:59.819+0000] {logging_mixin.py:137} INFO - [2023-07-02T17:57:59.819+0000] {dagbag.py:538} INFO - Filling up the DagBag from /home/airflow/.local/lib/python3.7/site-packages/airflow/example_dags/example_xcom.py
[2023-07-02T17:57:59.971+0000] {processor.py:753} INFO - DAG(s) dict_keys(['example_xcom']) retrieved from /home/airflow/.local/lib/python3.7/site-packages/airflow/example_dags/example_xcom.py
[2023-07-02T17:58:00.148+0000] {logging_mixin.py:137} INFO - [2023-07-02T17:58:00.148+0000] {dag.py:2690} INFO - Sync 1 DAGs
[2023-07-02T17:58:00.299+0000] {logging_mixin.py:137} INFO - [2023-07-02T17:58:00.298+0000] {dag.py:3441} INFO - Setting next_dagrun for example_xcom to 2021-01-01T00:00:00+00:00, run_after=2021-01-01T00:00:00+00:00
[2023-07-02T17:58:00.447+0000] {processor.py:175} INFO - Processing /home/airflow/.local/lib/python3.7/site-packages/airflow/example_dags/example_xcom.py took 0.654 seconds
[2023-07-02T18:10:17.445+0000] {processor.py:153} INFO - Started process (PID=2068) to work on /home/airflow/.local/lib/python3.7/site-packages/airflow/example_dags/example_xcom.py
[2023-07-02T18:10:17.455+0000] {processor.py:743} INFO - Processing file /home/airflow/.local/lib/python3.7/site-packages/airflow/example_dags/example_xcom.py for tasks to queue
[2023-07-02T18:10:17.463+0000] {logging_mixin.py:137} INFO - [2023-07-02T18:10:17.462+0000] {dagbag.py:538} INFO - Filling up the DagBag from /home/airflow/.local/lib/python3.7/site-packages/airflow/example_dags/example_xcom.py
[2023-07-02T18:10:17.674+0000] {processor.py:753} INFO - DAG(s) dict_keys(['example_xcom']) retrieved from /home/airflow/.local/lib/python3.7/site-packages/airflow/example_dags/example_xcom.py
[2023-07-02T18:10:17.940+0000] {logging_mixin.py:137} INFO - [2023-07-02T18:10:17.940+0000] {dag.py:2690} INFO - Sync 1 DAGs
[2023-07-02T18:10:18.134+0000] {logging_mixin.py:137} INFO - [2023-07-02T18:10:18.133+0000] {dag.py:3441} INFO - Setting next_dagrun for example_xcom to 2021-01-01T00:00:00+00:00, run_after=2021-01-01T00:00:00+00:00
[2023-07-02T18:10:18.269+0000] {processor.py:175} INFO - Processing /home/airflow/.local/lib/python3.7/site-packages/airflow/example_dags/example_xcom.py took 0.842 seconds
[2023-07-02T20:10:42.090+0000] {processor.py:153} INFO - Started process (PID=2118) to work on /home/airflow/.local/lib/python3.7/site-packages/airflow/example_dags/example_xcom.py
[2023-07-02T20:10:42.093+0000] {processor.py:743} INFO - Processing file /home/airflow/.local/lib/python3.7/site-packages/airflow/example_dags/example_xcom.py for tasks to queue
[2023-07-02T20:10:42.096+0000] {logging_mixin.py:137} INFO - [2023-07-02T20:10:42.095+0000] {dagbag.py:538} INFO - Filling up the DagBag from /home/airflow/.local/lib/python3.7/site-packages/airflow/example_dags/example_xcom.py
[2023-07-02T20:10:42.130+0000] {processor.py:753} INFO - DAG(s) dict_keys(['example_xcom']) retrieved from /home/airflow/.local/lib/python3.7/site-packages/airflow/example_dags/example_xcom.py
[2023-07-02T20:10:42.176+0000] {logging_mixin.py:137} INFO - [2023-07-02T20:10:42.176+0000] {dag.py:2690} INFO - Sync 1 DAGs
[2023-07-02T20:10:42.214+0000] {logging_mixin.py:137} INFO - [2023-07-02T20:10:42.214+0000] {dag.py:3441} INFO - Setting next_dagrun for example_xcom to 2021-01-01T00:00:00+00:00, run_after=2021-01-01T00:00:00+00:00
[2023-07-02T20:10:42.248+0000] {processor.py:175} INFO - Processing /home/airflow/.local/lib/python3.7/site-packages/airflow/example_dags/example_xcom.py took 0.162 seconds
[2023-07-02T22:11:06.547+0000] {processor.py:153} INFO - Started process (PID=2176) to work on /home/airflow/.local/lib/python3.7/site-packages/airflow/example_dags/example_xcom.py
[2023-07-02T22:11:06.553+0000] {processor.py:743} INFO - Processing file /home/airflow/.local/lib/python3.7/site-packages/airflow/example_dags/example_xcom.py for tasks to queue
[2023-07-02T22:11:06.557+0000] {logging_mixin.py:137} INFO - [2023-07-02T22:11:06.557+0000] {dagbag.py:538} INFO - Filling up the DagBag from /home/airflow/.local/lib/python3.7/site-packages/airflow/example_dags/example_xcom.py
[2023-07-02T22:11:06.650+0000] {processor.py:753} INFO - DAG(s) dict_keys(['example_xcom']) retrieved from /home/airflow/.local/lib/python3.7/site-packages/airflow/example_dags/example_xcom.py
[2023-07-02T22:11:06.725+0000] {logging_mixin.py:137} INFO - [2023-07-02T22:11:06.725+0000] {dag.py:2690} INFO - Sync 1 DAGs
[2023-07-02T22:11:06.784+0000] {logging_mixin.py:137} INFO - [2023-07-02T22:11:06.784+0000] {dag.py:3441} INFO - Setting next_dagrun for example_xcom to 2021-01-01T00:00:00+00:00, run_after=2021-01-01T00:00:00+00:00
[2023-07-02T22:11:06.853+0000] {processor.py:175} INFO - Processing /home/airflow/.local/lib/python3.7/site-packages/airflow/example_dags/example_xcom.py took 0.324 seconds
[2023-07-02T22:48:58.212+0000] {processor.py:153} INFO - Started process (PID=2233) to work on /home/airflow/.local/lib/python3.7/site-packages/airflow/example_dags/example_xcom.py
[2023-07-02T22:48:58.220+0000] {processor.py:743} INFO - Processing file /home/airflow/.local/lib/python3.7/site-packages/airflow/example_dags/example_xcom.py for tasks to queue
[2023-07-02T22:48:58.227+0000] {logging_mixin.py:137} INFO - [2023-07-02T22:48:58.226+0000] {dagbag.py:538} INFO - Filling up the DagBag from /home/airflow/.local/lib/python3.7/site-packages/airflow/example_dags/example_xcom.py
[2023-07-02T22:48:58.619+0000] {processor.py:753} INFO - DAG(s) dict_keys(['example_xcom']) retrieved from /home/airflow/.local/lib/python3.7/site-packages/airflow/example_dags/example_xcom.py
[2023-07-02T22:48:59.094+0000] {logging_mixin.py:137} INFO - [2023-07-02T22:48:59.091+0000] {dag.py:2690} INFO - Sync 1 DAGs
[2023-07-02T22:48:59.510+0000] {logging_mixin.py:137} INFO - [2023-07-02T22:48:59.500+0000] {dag.py:3441} INFO - Setting next_dagrun for example_xcom to 2021-01-01T00:00:00+00:00, run_after=2021-01-01T00:00:00+00:00
[2023-07-02T22:48:59.752+0000] {processor.py:175} INFO - Processing /home/airflow/.local/lib/python3.7/site-packages/airflow/example_dags/example_xcom.py took 1.635 seconds
[2023-07-02T22:49:30.125+0000] {processor.py:153} INFO - Started process (PID=2291) to work on /home/airflow/.local/lib/python3.7/site-packages/airflow/example_dags/example_xcom.py
[2023-07-02T22:49:30.128+0000] {processor.py:743} INFO - Processing file /home/airflow/.local/lib/python3.7/site-packages/airflow/example_dags/example_xcom.py for tasks to queue
[2023-07-02T22:49:30.131+0000] {logging_mixin.py:137} INFO - [2023-07-02T22:49:30.131+0000] {dagbag.py:538} INFO - Filling up the DagBag from /home/airflow/.local/lib/python3.7/site-packages/airflow/example_dags/example_xcom.py
[2023-07-02T22:49:30.160+0000] {processor.py:753} INFO - DAG(s) dict_keys(['example_xcom']) retrieved from /home/airflow/.local/lib/python3.7/site-packages/airflow/example_dags/example_xcom.py
[2023-07-02T22:49:30.196+0000] {logging_mixin.py:137} INFO - [2023-07-02T22:49:30.195+0000] {dag.py:2690} INFO - Sync 1 DAGs
[2023-07-02T22:49:30.230+0000] {logging_mixin.py:137} INFO - [2023-07-02T22:49:30.230+0000] {dag.py:3441} INFO - Setting next_dagrun for example_xcom to 2021-01-01T00:00:00+00:00, run_after=2021-01-01T00:00:00+00:00
[2023-07-02T22:49:30.257+0000] {processor.py:175} INFO - Processing /home/airflow/.local/lib/python3.7/site-packages/airflow/example_dags/example_xcom.py took 0.138 seconds
[2023-07-02T22:50:00.879+0000] {processor.py:153} INFO - Started process (PID=2349) to work on /home/airflow/.local/lib/python3.7/site-packages/airflow/example_dags/example_xcom.py
[2023-07-02T22:50:00.882+0000] {processor.py:743} INFO - Processing file /home/airflow/.local/lib/python3.7/site-packages/airflow/example_dags/example_xcom.py for tasks to queue
[2023-07-02T22:50:00.888+0000] {logging_mixin.py:137} INFO - [2023-07-02T22:50:00.887+0000] {dagbag.py:538} INFO - Filling up the DagBag from /home/airflow/.local/lib/python3.7/site-packages/airflow/example_dags/example_xcom.py
[2023-07-02T22:50:01.005+0000] {processor.py:753} INFO - DAG(s) dict_keys(['example_xcom']) retrieved from /home/airflow/.local/lib/python3.7/site-packages/airflow/example_dags/example_xcom.py
[2023-07-02T22:50:01.175+0000] {logging_mixin.py:137} INFO - [2023-07-02T22:50:01.175+0000] {dag.py:2690} INFO - Sync 1 DAGs
[2023-07-02T22:50:01.286+0000] {logging_mixin.py:137} INFO - [2023-07-02T22:50:01.286+0000] {dag.py:3441} INFO - Setting next_dagrun for example_xcom to 2021-01-01T00:00:00+00:00, run_after=2021-01-01T00:00:00+00:00
[2023-07-02T22:50:01.376+0000] {processor.py:175} INFO - Processing /home/airflow/.local/lib/python3.7/site-packages/airflow/example_dags/example_xcom.py took 0.519 seconds
[2023-07-02T22:50:32.289+0000] {processor.py:153} INFO - Started process (PID=2408) to work on /home/airflow/.local/lib/python3.7/site-packages/airflow/example_dags/example_xcom.py
[2023-07-02T22:50:32.292+0000] {processor.py:743} INFO - Processing file /home/airflow/.local/lib/python3.7/site-packages/airflow/example_dags/example_xcom.py for tasks to queue
[2023-07-02T22:50:32.295+0000] {logging_mixin.py:137} INFO - [2023-07-02T22:50:32.294+0000] {dagbag.py:538} INFO - Filling up the DagBag from /home/airflow/.local/lib/python3.7/site-packages/airflow/example_dags/example_xcom.py
[2023-07-02T22:50:32.334+0000] {processor.py:753} INFO - DAG(s) dict_keys(['example_xcom']) retrieved from /home/airflow/.local/lib/python3.7/site-packages/airflow/example_dags/example_xcom.py
[2023-07-02T22:50:32.383+0000] {logging_mixin.py:137} INFO - [2023-07-02T22:50:32.383+0000] {dag.py:2690} INFO - Sync 1 DAGs
[2023-07-02T22:50:32.421+0000] {logging_mixin.py:137} INFO - [2023-07-02T22:50:32.420+0000] {dag.py:3441} INFO - Setting next_dagrun for example_xcom to 2021-01-01T00:00:00+00:00, run_after=2021-01-01T00:00:00+00:00
[2023-07-02T22:50:32.454+0000] {processor.py:175} INFO - Processing /home/airflow/.local/lib/python3.7/site-packages/airflow/example_dags/example_xcom.py took 0.176 seconds
[2023-07-02T22:51:03.364+0000] {processor.py:153} INFO - Started process (PID=2468) to work on /home/airflow/.local/lib/python3.7/site-packages/airflow/example_dags/example_xcom.py
[2023-07-02T22:51:03.367+0000] {processor.py:743} INFO - Processing file /home/airflow/.local/lib/python3.7/site-packages/airflow/example_dags/example_xcom.py for tasks to queue
[2023-07-02T22:51:03.369+0000] {logging_mixin.py:137} INFO - [2023-07-02T22:51:03.369+0000] {dagbag.py:538} INFO - Filling up the DagBag from /home/airflow/.local/lib/python3.7/site-packages/airflow/example_dags/example_xcom.py
[2023-07-02T22:51:03.415+0000] {processor.py:753} INFO - DAG(s) dict_keys(['example_xcom']) retrieved from /home/airflow/.local/lib/python3.7/site-packages/airflow/example_dags/example_xcom.py
[2023-07-02T22:51:03.457+0000] {logging_mixin.py:137} INFO - [2023-07-02T22:51:03.457+0000] {dag.py:2690} INFO - Sync 1 DAGs
[2023-07-02T22:51:03.491+0000] {logging_mixin.py:137} INFO - [2023-07-02T22:51:03.490+0000] {dag.py:3441} INFO - Setting next_dagrun for example_xcom to 2021-01-01T00:00:00+00:00, run_after=2021-01-01T00:00:00+00:00
[2023-07-02T22:51:03.544+0000] {processor.py:175} INFO - Processing /home/airflow/.local/lib/python3.7/site-packages/airflow/example_dags/example_xcom.py took 0.189 seconds
[2023-07-02T22:55:11.925+0000] {processor.py:153} INFO - Started process (PID=2507) to work on /home/airflow/.local/lib/python3.7/site-packages/airflow/example_dags/example_xcom.py
[2023-07-02T22:55:11.935+0000] {processor.py:743} INFO - Processing file /home/airflow/.local/lib/python3.7/site-packages/airflow/example_dags/example_xcom.py for tasks to queue
[2023-07-02T22:55:11.945+0000] {logging_mixin.py:137} INFO - [2023-07-02T22:55:11.943+0000] {dagbag.py:538} INFO - Filling up the DagBag from /home/airflow/.local/lib/python3.7/site-packages/airflow/example_dags/example_xcom.py
[2023-07-02T22:55:12.115+0000] {processor.py:753} INFO - DAG(s) dict_keys(['example_xcom']) retrieved from /home/airflow/.local/lib/python3.7/site-packages/airflow/example_dags/example_xcom.py
[2023-07-02T22:55:12.297+0000] {logging_mixin.py:137} INFO - [2023-07-02T22:55:12.297+0000] {dag.py:2690} INFO - Sync 1 DAGs
[2023-07-02T22:55:12.427+0000] {logging_mixin.py:137} INFO - [2023-07-02T22:55:12.427+0000] {dag.py:3441} INFO - Setting next_dagrun for example_xcom to 2021-01-01T00:00:00+00:00, run_after=2021-01-01T00:00:00+00:00
[2023-07-02T22:55:12.559+0000] {processor.py:175} INFO - Processing /home/airflow/.local/lib/python3.7/site-packages/airflow/example_dags/example_xcom.py took 0.658 seconds
[2023-07-02T22:55:43.033+0000] {processor.py:153} INFO - Started process (PID=2566) to work on /home/airflow/.local/lib/python3.7/site-packages/airflow/example_dags/example_xcom.py
[2023-07-02T22:55:43.038+0000] {processor.py:743} INFO - Processing file /home/airflow/.local/lib/python3.7/site-packages/airflow/example_dags/example_xcom.py for tasks to queue
[2023-07-02T22:55:43.042+0000] {logging_mixin.py:137} INFO - [2023-07-02T22:55:43.041+0000] {dagbag.py:538} INFO - Filling up the DagBag from /home/airflow/.local/lib/python3.7/site-packages/airflow/example_dags/example_xcom.py
[2023-07-02T22:55:43.077+0000] {processor.py:753} INFO - DAG(s) dict_keys(['example_xcom']) retrieved from /home/airflow/.local/lib/python3.7/site-packages/airflow/example_dags/example_xcom.py
[2023-07-02T22:55:43.120+0000] {logging_mixin.py:137} INFO - [2023-07-02T22:55:43.120+0000] {dag.py:2690} INFO - Sync 1 DAGs
[2023-07-02T22:55:43.149+0000] {logging_mixin.py:137} INFO - [2023-07-02T22:55:43.149+0000] {dag.py:3441} INFO - Setting next_dagrun for example_xcom to 2021-01-01T00:00:00+00:00, run_after=2021-01-01T00:00:00+00:00
[2023-07-02T22:55:43.180+0000] {processor.py:175} INFO - Processing /home/airflow/.local/lib/python3.7/site-packages/airflow/example_dags/example_xcom.py took 0.151 seconds
[2023-07-02T22:56:14.170+0000] {processor.py:153} INFO - Started process (PID=2624) to work on /home/airflow/.local/lib/python3.7/site-packages/airflow/example_dags/example_xcom.py
[2023-07-02T22:56:14.173+0000] {processor.py:743} INFO - Processing file /home/airflow/.local/lib/python3.7/site-packages/airflow/example_dags/example_xcom.py for tasks to queue
[2023-07-02T22:56:14.176+0000] {logging_mixin.py:137} INFO - [2023-07-02T22:56:14.176+0000] {dagbag.py:538} INFO - Filling up the DagBag from /home/airflow/.local/lib/python3.7/site-packages/airflow/example_dags/example_xcom.py
[2023-07-02T22:56:14.214+0000] {processor.py:753} INFO - DAG(s) dict_keys(['example_xcom']) retrieved from /home/airflow/.local/lib/python3.7/site-packages/airflow/example_dags/example_xcom.py
[2023-07-02T22:56:14.264+0000] {logging_mixin.py:137} INFO - [2023-07-02T22:56:14.263+0000] {dag.py:2690} INFO - Sync 1 DAGs
[2023-07-02T22:56:14.305+0000] {logging_mixin.py:137} INFO - [2023-07-02T22:56:14.305+0000] {dag.py:3441} INFO - Setting next_dagrun for example_xcom to 2021-01-01T00:00:00+00:00, run_after=2021-01-01T00:00:00+00:00
[2023-07-02T22:56:14.334+0000] {processor.py:175} INFO - Processing /home/airflow/.local/lib/python3.7/site-packages/airflow/example_dags/example_xcom.py took 0.169 seconds
[2023-07-02T23:02:28.599+0000] {processor.py:153} INFO - Started process (PID=2680) to work on /home/airflow/.local/lib/python3.7/site-packages/airflow/example_dags/example_xcom.py
[2023-07-02T23:02:28.606+0000] {processor.py:743} INFO - Processing file /home/airflow/.local/lib/python3.7/site-packages/airflow/example_dags/example_xcom.py for tasks to queue
[2023-07-02T23:02:28.611+0000] {logging_mixin.py:137} INFO - [2023-07-02T23:02:28.611+0000] {dagbag.py:538} INFO - Filling up the DagBag from /home/airflow/.local/lib/python3.7/site-packages/airflow/example_dags/example_xcom.py
[2023-07-02T23:02:28.787+0000] {processor.py:753} INFO - DAG(s) dict_keys(['example_xcom']) retrieved from /home/airflow/.local/lib/python3.7/site-packages/airflow/example_dags/example_xcom.py
[2023-07-02T23:02:29.005+0000] {logging_mixin.py:137} INFO - [2023-07-02T23:02:29.005+0000] {dag.py:2690} INFO - Sync 1 DAGs
[2023-07-02T23:02:29.181+0000] {logging_mixin.py:137} INFO - [2023-07-02T23:02:29.180+0000] {dag.py:3441} INFO - Setting next_dagrun for example_xcom to 2021-01-01T00:00:00+00:00, run_after=2021-01-01T00:00:00+00:00
[2023-07-02T23:02:29.325+0000] {processor.py:175} INFO - Processing /home/airflow/.local/lib/python3.7/site-packages/airflow/example_dags/example_xcom.py took 0.746 seconds
[2023-07-02T23:02:59.494+0000] {processor.py:153} INFO - Started process (PID=2741) to work on /home/airflow/.local/lib/python3.7/site-packages/airflow/example_dags/example_xcom.py
[2023-07-02T23:02:59.497+0000] {processor.py:743} INFO - Processing file /home/airflow/.local/lib/python3.7/site-packages/airflow/example_dags/example_xcom.py for tasks to queue
[2023-07-02T23:02:59.501+0000] {logging_mixin.py:137} INFO - [2023-07-02T23:02:59.500+0000] {dagbag.py:538} INFO - Filling up the DagBag from /home/airflow/.local/lib/python3.7/site-packages/airflow/example_dags/example_xcom.py
[2023-07-02T23:02:59.534+0000] {processor.py:753} INFO - DAG(s) dict_keys(['example_xcom']) retrieved from /home/airflow/.local/lib/python3.7/site-packages/airflow/example_dags/example_xcom.py
[2023-07-02T23:02:59.573+0000] {logging_mixin.py:137} INFO - [2023-07-02T23:02:59.573+0000] {dag.py:2690} INFO - Sync 1 DAGs
[2023-07-02T23:02:59.599+0000] {logging_mixin.py:137} INFO - [2023-07-02T23:02:59.599+0000] {dag.py:3441} INFO - Setting next_dagrun for example_xcom to 2021-01-01T00:00:00+00:00, run_after=2021-01-01T00:00:00+00:00
[2023-07-02T23:02:59.625+0000] {processor.py:175} INFO - Processing /home/airflow/.local/lib/python3.7/site-packages/airflow/example_dags/example_xcom.py took 0.137 seconds
[2023-07-02T23:03:30.838+0000] {processor.py:153} INFO - Started process (PID=2800) to work on /home/airflow/.local/lib/python3.7/site-packages/airflow/example_dags/example_xcom.py
[2023-07-02T23:03:30.841+0000] {processor.py:743} INFO - Processing file /home/airflow/.local/lib/python3.7/site-packages/airflow/example_dags/example_xcom.py for tasks to queue
[2023-07-02T23:03:30.844+0000] {logging_mixin.py:137} INFO - [2023-07-02T23:03:30.844+0000] {dagbag.py:538} INFO - Filling up the DagBag from /home/airflow/.local/lib/python3.7/site-packages/airflow/example_dags/example_xcom.py
[2023-07-02T23:03:30.880+0000] {processor.py:753} INFO - DAG(s) dict_keys(['example_xcom']) retrieved from /home/airflow/.local/lib/python3.7/site-packages/airflow/example_dags/example_xcom.py
[2023-07-02T23:03:30.933+0000] {logging_mixin.py:137} INFO - [2023-07-02T23:03:30.933+0000] {dag.py:2690} INFO - Sync 1 DAGs
[2023-07-02T23:03:30.963+0000] {logging_mixin.py:137} INFO - [2023-07-02T23:03:30.963+0000] {dag.py:3441} INFO - Setting next_dagrun for example_xcom to 2021-01-01T00:00:00+00:00, run_after=2021-01-01T00:00:00+00:00
[2023-07-02T23:03:30.993+0000] {processor.py:175} INFO - Processing /home/airflow/.local/lib/python3.7/site-packages/airflow/example_dags/example_xcom.py took 0.165 seconds
[2023-07-02T23:04:02.341+0000] {processor.py:153} INFO - Started process (PID=2855) to work on /home/airflow/.local/lib/python3.7/site-packages/airflow/example_dags/example_xcom.py
[2023-07-02T23:04:02.346+0000] {processor.py:743} INFO - Processing file /home/airflow/.local/lib/python3.7/site-packages/airflow/example_dags/example_xcom.py for tasks to queue
[2023-07-02T23:04:02.349+0000] {logging_mixin.py:137} INFO - [2023-07-02T23:04:02.348+0000] {dagbag.py:538} INFO - Filling up the DagBag from /home/airflow/.local/lib/python3.7/site-packages/airflow/example_dags/example_xcom.py
[2023-07-02T23:04:02.397+0000] {processor.py:753} INFO - DAG(s) dict_keys(['example_xcom']) retrieved from /home/airflow/.local/lib/python3.7/site-packages/airflow/example_dags/example_xcom.py
[2023-07-02T23:04:02.448+0000] {logging_mixin.py:137} INFO - [2023-07-02T23:04:02.448+0000] {dag.py:2690} INFO - Sync 1 DAGs
[2023-07-02T23:04:02.480+0000] {logging_mixin.py:137} INFO - [2023-07-02T23:04:02.480+0000] {dag.py:3441} INFO - Setting next_dagrun for example_xcom to 2021-01-01T00:00:00+00:00, run_after=2021-01-01T00:00:00+00:00
[2023-07-02T23:04:02.518+0000] {processor.py:175} INFO - Processing /home/airflow/.local/lib/python3.7/site-packages/airflow/example_dags/example_xcom.py took 0.188 seconds
[2023-07-02T23:07:17.911+0000] {processor.py:153} INFO - Started process (PID=2870) to work on /home/airflow/.local/lib/python3.7/site-packages/airflow/example_dags/example_xcom.py
[2023-07-02T23:07:17.923+0000] {processor.py:743} INFO - Processing file /home/airflow/.local/lib/python3.7/site-packages/airflow/example_dags/example_xcom.py for tasks to queue
[2023-07-02T23:07:17.927+0000] {logging_mixin.py:137} INFO - [2023-07-02T23:07:17.927+0000] {dagbag.py:538} INFO - Filling up the DagBag from /home/airflow/.local/lib/python3.7/site-packages/airflow/example_dags/example_xcom.py
[2023-07-02T23:07:18.169+0000] {processor.py:753} INFO - DAG(s) dict_keys(['example_xcom']) retrieved from /home/airflow/.local/lib/python3.7/site-packages/airflow/example_dags/example_xcom.py
[2023-07-02T23:07:18.303+0000] {logging_mixin.py:137} INFO - [2023-07-02T23:07:18.303+0000] {dag.py:2690} INFO - Sync 1 DAGs
[2023-07-02T23:07:18.455+0000] {logging_mixin.py:137} INFO - [2023-07-02T23:07:18.455+0000] {dag.py:3441} INFO - Setting next_dagrun for example_xcom to 2021-01-01T00:00:00+00:00, run_after=2021-01-01T00:00:00+00:00
[2023-07-02T23:07:18.596+0000] {processor.py:175} INFO - Processing /home/airflow/.local/lib/python3.7/site-packages/airflow/example_dags/example_xcom.py took 0.750 seconds
[2023-07-02T23:07:48.848+0000] {processor.py:153} INFO - Started process (PID=2929) to work on /home/airflow/.local/lib/python3.7/site-packages/airflow/example_dags/example_xcom.py
[2023-07-02T23:07:48.854+0000] {processor.py:743} INFO - Processing file /home/airflow/.local/lib/python3.7/site-packages/airflow/example_dags/example_xcom.py for tasks to queue
[2023-07-02T23:07:48.862+0000] {logging_mixin.py:137} INFO - [2023-07-02T23:07:48.860+0000] {dagbag.py:538} INFO - Filling up the DagBag from /home/airflow/.local/lib/python3.7/site-packages/airflow/example_dags/example_xcom.py
[2023-07-02T23:07:49.011+0000] {processor.py:753} INFO - DAG(s) dict_keys(['example_xcom']) retrieved from /home/airflow/.local/lib/python3.7/site-packages/airflow/example_dags/example_xcom.py
[2023-07-02T23:07:49.143+0000] {logging_mixin.py:137} INFO - [2023-07-02T23:07:49.143+0000] {dag.py:2690} INFO - Sync 1 DAGs
[2023-07-02T23:07:49.248+0000] {logging_mixin.py:137} INFO - [2023-07-02T23:07:49.248+0000] {dag.py:3441} INFO - Setting next_dagrun for example_xcom to 2021-01-01T00:00:00+00:00, run_after=2021-01-01T00:00:00+00:00
[2023-07-02T23:07:49.301+0000] {processor.py:175} INFO - Processing /home/airflow/.local/lib/python3.7/site-packages/airflow/example_dags/example_xcom.py took 0.476 seconds
[2023-07-02T23:08:24.373+0000] {processor.py:153} INFO - Started process (PID=2979) to work on /home/airflow/.local/lib/python3.7/site-packages/airflow/example_dags/example_xcom.py
[2023-07-02T23:08:24.381+0000] {processor.py:743} INFO - Processing file /home/airflow/.local/lib/python3.7/site-packages/airflow/example_dags/example_xcom.py for tasks to queue
[2023-07-02T23:08:24.385+0000] {logging_mixin.py:137} INFO - [2023-07-02T23:08:24.385+0000] {dagbag.py:538} INFO - Filling up the DagBag from /home/airflow/.local/lib/python3.7/site-packages/airflow/example_dags/example_xcom.py
[2023-07-02T23:08:24.466+0000] {processor.py:753} INFO - DAG(s) dict_keys(['example_xcom']) retrieved from /home/airflow/.local/lib/python3.7/site-packages/airflow/example_dags/example_xcom.py
[2023-07-02T23:08:24.509+0000] {logging_mixin.py:137} INFO - [2023-07-02T23:08:24.509+0000] {dag.py:2690} INFO - Sync 1 DAGs
[2023-07-02T23:08:24.582+0000] {logging_mixin.py:137} INFO - [2023-07-02T23:08:24.582+0000] {dag.py:3441} INFO - Setting next_dagrun for example_xcom to 2021-01-01T00:00:00+00:00, run_after=2021-01-01T00:00:00+00:00
[2023-07-02T23:08:24.633+0000] {processor.py:175} INFO - Processing /home/airflow/.local/lib/python3.7/site-packages/airflow/example_dags/example_xcom.py took 0.265 seconds
[2023-07-02T23:09:02.225+0000] {processor.py:153} INFO - Started process (PID=3010) to work on /home/airflow/.local/lib/python3.7/site-packages/airflow/example_dags/example_xcom.py
[2023-07-02T23:09:02.236+0000] {processor.py:743} INFO - Processing file /home/airflow/.local/lib/python3.7/site-packages/airflow/example_dags/example_xcom.py for tasks to queue
[2023-07-02T23:09:02.246+0000] {logging_mixin.py:137} INFO - [2023-07-02T23:09:02.244+0000] {dagbag.py:538} INFO - Filling up the DagBag from /home/airflow/.local/lib/python3.7/site-packages/airflow/example_dags/example_xcom.py
[2023-07-02T23:09:02.476+0000] {processor.py:753} INFO - DAG(s) dict_keys(['example_xcom']) retrieved from /home/airflow/.local/lib/python3.7/site-packages/airflow/example_dags/example_xcom.py
[2023-07-02T23:09:02.654+0000] {logging_mixin.py:137} INFO - [2023-07-02T23:09:02.654+0000] {dag.py:2690} INFO - Sync 1 DAGs
[2023-07-02T23:09:02.783+0000] {logging_mixin.py:137} INFO - [2023-07-02T23:09:02.783+0000] {dag.py:3441} INFO - Setting next_dagrun for example_xcom to 2021-01-01T00:00:00+00:00, run_after=2021-01-01T00:00:00+00:00
[2023-07-02T23:09:03.830+0000] {processor.py:175} INFO - Processing /home/airflow/.local/lib/python3.7/site-packages/airflow/example_dags/example_xcom.py took 1.628 seconds
[2023-07-02T23:09:34.438+0000] {processor.py:153} INFO - Started process (PID=3072) to work on /home/airflow/.local/lib/python3.7/site-packages/airflow/example_dags/example_xcom.py
[2023-07-02T23:09:34.440+0000] {processor.py:743} INFO - Processing file /home/airflow/.local/lib/python3.7/site-packages/airflow/example_dags/example_xcom.py for tasks to queue
[2023-07-02T23:09:34.443+0000] {logging_mixin.py:137} INFO - [2023-07-02T23:09:34.443+0000] {dagbag.py:538} INFO - Filling up the DagBag from /home/airflow/.local/lib/python3.7/site-packages/airflow/example_dags/example_xcom.py
[2023-07-02T23:09:34.476+0000] {processor.py:753} INFO - DAG(s) dict_keys(['example_xcom']) retrieved from /home/airflow/.local/lib/python3.7/site-packages/airflow/example_dags/example_xcom.py
[2023-07-02T23:09:34.515+0000] {logging_mixin.py:137} INFO - [2023-07-02T23:09:34.514+0000] {dag.py:2690} INFO - Sync 1 DAGs
[2023-07-02T23:09:34.542+0000] {logging_mixin.py:137} INFO - [2023-07-02T23:09:34.542+0000] {dag.py:3441} INFO - Setting next_dagrun for example_xcom to 2021-01-01T00:00:00+00:00, run_after=2021-01-01T00:00:00+00:00
[2023-07-02T23:09:34.572+0000] {processor.py:175} INFO - Processing /home/airflow/.local/lib/python3.7/site-packages/airflow/example_dags/example_xcom.py took 0.145 seconds
