[2023-07-02T03:01:46.091+0000] {processor.py:153} INFO - Started process (PID=46) to work on /home/airflow/.local/lib/python3.7/site-packages/airflow/example_dags/example_task_group.py
[2023-07-02T03:01:46.096+0000] {processor.py:743} INFO - Processing file /home/airflow/.local/lib/python3.7/site-packages/airflow/example_dags/example_task_group.py for tasks to queue
[2023-07-02T03:01:46.108+0000] {logging_mixin.py:137} INFO - [2023-07-02T03:01:46.106+0000] {dagbag.py:538} INFO - Filling up the DagBag from /home/airflow/.local/lib/python3.7/site-packages/airflow/example_dags/example_task_group.py
[2023-07-02T03:01:46.193+0000] {processor.py:753} INFO - DAG(s) dict_keys(['example_task_group']) retrieved from /home/airflow/.local/lib/python3.7/site-packages/airflow/example_dags/example_task_group.py
[2023-07-02T03:01:46.301+0000] {logging_mixin.py:137} INFO - [2023-07-02T03:01:46.301+0000] {dag.py:2690} INFO - Sync 1 DAGs
[2023-07-02T03:01:46.464+0000] {logging_mixin.py:137} INFO - [2023-07-02T03:01:46.464+0000] {dag.py:3441} INFO - Setting next_dagrun for example_task_group to 2023-07-01T03:01:46.464155+00:00, run_after=2023-07-02T03:01:46.464155+00:00
[2023-07-02T03:01:46.572+0000] {processor.py:175} INFO - Processing /home/airflow/.local/lib/python3.7/site-packages/airflow/example_dags/example_task_group.py took 0.501 seconds
[2023-07-02T03:02:16.660+0000] {processor.py:153} INFO - Started process (PID=103) to work on /home/airflow/.local/lib/python3.7/site-packages/airflow/example_dags/example_task_group.py
[2023-07-02T03:02:16.663+0000] {processor.py:743} INFO - Processing file /home/airflow/.local/lib/python3.7/site-packages/airflow/example_dags/example_task_group.py for tasks to queue
[2023-07-02T03:02:16.665+0000] {logging_mixin.py:137} INFO - [2023-07-02T03:02:16.665+0000] {dagbag.py:538} INFO - Filling up the DagBag from /home/airflow/.local/lib/python3.7/site-packages/airflow/example_dags/example_task_group.py
[2023-07-02T03:02:16.692+0000] {processor.py:753} INFO - DAG(s) dict_keys(['example_task_group']) retrieved from /home/airflow/.local/lib/python3.7/site-packages/airflow/example_dags/example_task_group.py
[2023-07-02T03:02:16.750+0000] {logging_mixin.py:137} INFO - [2023-07-02T03:02:16.749+0000] {dag.py:2690} INFO - Sync 1 DAGs
[2023-07-02T03:02:16.810+0000] {logging_mixin.py:137} INFO - [2023-07-02T03:02:16.810+0000] {dag.py:3441} INFO - Setting next_dagrun for example_task_group to 2023-07-01T03:02:16.810131+00:00, run_after=2023-07-02T03:02:16.810131+00:00
[2023-07-02T03:02:16.843+0000] {processor.py:175} INFO - Processing /home/airflow/.local/lib/python3.7/site-packages/airflow/example_dags/example_task_group.py took 0.190 seconds
[2023-07-02T03:02:47.097+0000] {processor.py:153} INFO - Started process (PID=162) to work on /home/airflow/.local/lib/python3.7/site-packages/airflow/example_dags/example_task_group.py
[2023-07-02T03:02:47.100+0000] {processor.py:743} INFO - Processing file /home/airflow/.local/lib/python3.7/site-packages/airflow/example_dags/example_task_group.py for tasks to queue
[2023-07-02T03:02:47.105+0000] {logging_mixin.py:137} INFO - [2023-07-02T03:02:47.104+0000] {dagbag.py:538} INFO - Filling up the DagBag from /home/airflow/.local/lib/python3.7/site-packages/airflow/example_dags/example_task_group.py
[2023-07-02T03:02:47.156+0000] {processor.py:753} INFO - DAG(s) dict_keys(['example_task_group']) retrieved from /home/airflow/.local/lib/python3.7/site-packages/airflow/example_dags/example_task_group.py
[2023-07-02T03:02:47.198+0000] {logging_mixin.py:137} INFO - [2023-07-02T03:02:47.198+0000] {dag.py:2690} INFO - Sync 1 DAGs
[2023-07-02T03:02:47.259+0000] {logging_mixin.py:137} INFO - [2023-07-02T03:02:47.259+0000] {dag.py:3441} INFO - Setting next_dagrun for example_task_group to 2023-07-01T03:02:47.259125+00:00, run_after=2023-07-02T03:02:47.259125+00:00
[2023-07-02T03:02:47.380+0000] {processor.py:175} INFO - Processing /home/airflow/.local/lib/python3.7/site-packages/airflow/example_dags/example_task_group.py took 0.295 seconds
[2023-07-02T03:03:17.522+0000] {processor.py:153} INFO - Started process (PID=229) to work on /home/airflow/.local/lib/python3.7/site-packages/airflow/example_dags/example_task_group.py
[2023-07-02T03:03:17.528+0000] {processor.py:743} INFO - Processing file /home/airflow/.local/lib/python3.7/site-packages/airflow/example_dags/example_task_group.py for tasks to queue
[2023-07-02T03:03:17.532+0000] {logging_mixin.py:137} INFO - [2023-07-02T03:03:17.532+0000] {dagbag.py:538} INFO - Filling up the DagBag from /home/airflow/.local/lib/python3.7/site-packages/airflow/example_dags/example_task_group.py
[2023-07-02T03:03:17.570+0000] {processor.py:753} INFO - DAG(s) dict_keys(['example_task_group']) retrieved from /home/airflow/.local/lib/python3.7/site-packages/airflow/example_dags/example_task_group.py
[2023-07-02T03:03:17.612+0000] {logging_mixin.py:137} INFO - [2023-07-02T03:03:17.611+0000] {dag.py:2690} INFO - Sync 1 DAGs
[2023-07-02T03:03:17.655+0000] {logging_mixin.py:137} INFO - [2023-07-02T03:03:17.655+0000] {dag.py:3441} INFO - Setting next_dagrun for example_task_group to 2023-07-01T03:03:17.655230+00:00, run_after=2023-07-02T03:03:17.655230+00:00
[2023-07-02T03:03:17.688+0000] {processor.py:175} INFO - Processing /home/airflow/.local/lib/python3.7/site-packages/airflow/example_dags/example_task_group.py took 0.176 seconds
[2023-07-02T03:03:47.938+0000] {processor.py:153} INFO - Started process (PID=287) to work on /home/airflow/.local/lib/python3.7/site-packages/airflow/example_dags/example_task_group.py
[2023-07-02T03:03:47.941+0000] {processor.py:743} INFO - Processing file /home/airflow/.local/lib/python3.7/site-packages/airflow/example_dags/example_task_group.py for tasks to queue
[2023-07-02T03:03:47.944+0000] {logging_mixin.py:137} INFO - [2023-07-02T03:03:47.944+0000] {dagbag.py:538} INFO - Filling up the DagBag from /home/airflow/.local/lib/python3.7/site-packages/airflow/example_dags/example_task_group.py
[2023-07-02T03:03:47.968+0000] {processor.py:753} INFO - DAG(s) dict_keys(['example_task_group']) retrieved from /home/airflow/.local/lib/python3.7/site-packages/airflow/example_dags/example_task_group.py
[2023-07-02T03:03:48.014+0000] {logging_mixin.py:137} INFO - [2023-07-02T03:03:48.014+0000] {dag.py:2690} INFO - Sync 1 DAGs
[2023-07-02T03:03:48.045+0000] {logging_mixin.py:137} INFO - [2023-07-02T03:03:48.045+0000] {dag.py:3441} INFO - Setting next_dagrun for example_task_group to 2023-07-01T03:03:48.045335+00:00, run_after=2023-07-02T03:03:48.045335+00:00
[2023-07-02T03:03:48.078+0000] {processor.py:175} INFO - Processing /home/airflow/.local/lib/python3.7/site-packages/airflow/example_dags/example_task_group.py took 0.146 seconds
[2023-07-02T03:04:19.245+0000] {processor.py:153} INFO - Started process (PID=347) to work on /home/airflow/.local/lib/python3.7/site-packages/airflow/example_dags/example_task_group.py
[2023-07-02T03:04:19.251+0000] {processor.py:743} INFO - Processing file /home/airflow/.local/lib/python3.7/site-packages/airflow/example_dags/example_task_group.py for tasks to queue
[2023-07-02T03:04:19.261+0000] {logging_mixin.py:137} INFO - [2023-07-02T03:04:19.259+0000] {dagbag.py:538} INFO - Filling up the DagBag from /home/airflow/.local/lib/python3.7/site-packages/airflow/example_dags/example_task_group.py
[2023-07-02T03:04:19.320+0000] {processor.py:753} INFO - DAG(s) dict_keys(['example_task_group']) retrieved from /home/airflow/.local/lib/python3.7/site-packages/airflow/example_dags/example_task_group.py
[2023-07-02T03:04:19.363+0000] {logging_mixin.py:137} INFO - [2023-07-02T03:04:19.363+0000] {dag.py:2690} INFO - Sync 1 DAGs
[2023-07-02T03:04:19.406+0000] {logging_mixin.py:137} INFO - [2023-07-02T03:04:19.406+0000] {dag.py:3441} INFO - Setting next_dagrun for example_task_group to 2023-07-01T03:04:19.405995+00:00, run_after=2023-07-02T03:04:19.405995+00:00
[2023-07-02T03:04:19.440+0000] {processor.py:175} INFO - Processing /home/airflow/.local/lib/python3.7/site-packages/airflow/example_dags/example_task_group.py took 0.216 seconds
[2023-07-02T03:04:50.882+0000] {processor.py:153} INFO - Started process (PID=405) to work on /home/airflow/.local/lib/python3.7/site-packages/airflow/example_dags/example_task_group.py
[2023-07-02T03:04:50.920+0000] {processor.py:743} INFO - Processing file /home/airflow/.local/lib/python3.7/site-packages/airflow/example_dags/example_task_group.py for tasks to queue
[2023-07-02T03:04:50.935+0000] {logging_mixin.py:137} INFO - [2023-07-02T03:04:50.934+0000] {dagbag.py:538} INFO - Filling up the DagBag from /home/airflow/.local/lib/python3.7/site-packages/airflow/example_dags/example_task_group.py
[2023-07-02T03:04:51.333+0000] {processor.py:753} INFO - DAG(s) dict_keys(['example_task_group']) retrieved from /home/airflow/.local/lib/python3.7/site-packages/airflow/example_dags/example_task_group.py
[2023-07-02T03:04:51.507+0000] {logging_mixin.py:137} INFO - [2023-07-02T03:04:51.504+0000] {dag.py:2690} INFO - Sync 1 DAGs
[2023-07-02T03:04:51.699+0000] {logging_mixin.py:137} INFO - [2023-07-02T03:04:51.699+0000] {dag.py:3441} INFO - Setting next_dagrun for example_task_group to 2023-07-01T03:04:51.698986+00:00, run_after=2023-07-02T03:04:51.698986+00:00
[2023-07-02T03:04:51.932+0000] {processor.py:175} INFO - Processing /home/airflow/.local/lib/python3.7/site-packages/airflow/example_dags/example_task_group.py took 1.126 seconds
[2023-07-02T03:05:22.404+0000] {processor.py:153} INFO - Started process (PID=463) to work on /home/airflow/.local/lib/python3.7/site-packages/airflow/example_dags/example_task_group.py
[2023-07-02T03:05:22.410+0000] {processor.py:743} INFO - Processing file /home/airflow/.local/lib/python3.7/site-packages/airflow/example_dags/example_task_group.py for tasks to queue
[2023-07-02T03:05:22.414+0000] {logging_mixin.py:137} INFO - [2023-07-02T03:05:22.414+0000] {dagbag.py:538} INFO - Filling up the DagBag from /home/airflow/.local/lib/python3.7/site-packages/airflow/example_dags/example_task_group.py
[2023-07-02T03:05:22.453+0000] {processor.py:753} INFO - DAG(s) dict_keys(['example_task_group']) retrieved from /home/airflow/.local/lib/python3.7/site-packages/airflow/example_dags/example_task_group.py
[2023-07-02T03:05:22.493+0000] {logging_mixin.py:137} INFO - [2023-07-02T03:05:22.493+0000] {dag.py:2690} INFO - Sync 1 DAGs
[2023-07-02T03:05:22.532+0000] {logging_mixin.py:137} INFO - [2023-07-02T03:05:22.531+0000] {dag.py:3441} INFO - Setting next_dagrun for example_task_group to 2023-07-01T03:05:22.530903+00:00, run_after=2023-07-02T03:05:22.530903+00:00
[2023-07-02T03:05:22.565+0000] {processor.py:175} INFO - Processing /home/airflow/.local/lib/python3.7/site-packages/airflow/example_dags/example_task_group.py took 0.170 seconds
[2023-07-02T03:05:53.409+0000] {processor.py:153} INFO - Started process (PID=522) to work on /home/airflow/.local/lib/python3.7/site-packages/airflow/example_dags/example_task_group.py
[2023-07-02T03:05:53.412+0000] {processor.py:743} INFO - Processing file /home/airflow/.local/lib/python3.7/site-packages/airflow/example_dags/example_task_group.py for tasks to queue
[2023-07-02T03:05:53.417+0000] {logging_mixin.py:137} INFO - [2023-07-02T03:05:53.417+0000] {dagbag.py:538} INFO - Filling up the DagBag from /home/airflow/.local/lib/python3.7/site-packages/airflow/example_dags/example_task_group.py
[2023-07-02T03:05:53.486+0000] {processor.py:753} INFO - DAG(s) dict_keys(['example_task_group']) retrieved from /home/airflow/.local/lib/python3.7/site-packages/airflow/example_dags/example_task_group.py
[2023-07-02T03:05:53.639+0000] {logging_mixin.py:137} INFO - [2023-07-02T03:05:53.639+0000] {dag.py:2690} INFO - Sync 1 DAGs
[2023-07-02T03:05:53.754+0000] {logging_mixin.py:137} INFO - [2023-07-02T03:05:53.752+0000] {dag.py:3441} INFO - Setting next_dagrun for example_task_group to 2023-07-01T03:05:53.752518+00:00, run_after=2023-07-02T03:05:53.752518+00:00
[2023-07-02T03:05:53.802+0000] {processor.py:175} INFO - Processing /home/airflow/.local/lib/python3.7/site-packages/airflow/example_dags/example_task_group.py took 0.412 seconds
[2023-07-02T03:50:34.623+0000] {processor.py:153} INFO - Started process (PID=587) to work on /home/airflow/.local/lib/python3.7/site-packages/airflow/example_dags/example_task_group.py
[2023-07-02T03:50:34.671+0000] {processor.py:743} INFO - Processing file /home/airflow/.local/lib/python3.7/site-packages/airflow/example_dags/example_task_group.py for tasks to queue
[2023-07-02T03:50:34.697+0000] {logging_mixin.py:137} INFO - [2023-07-02T03:50:34.692+0000] {dagbag.py:538} INFO - Filling up the DagBag from /home/airflow/.local/lib/python3.7/site-packages/airflow/example_dags/example_task_group.py
[2023-07-02T03:50:35.486+0000] {processor.py:753} INFO - DAG(s) dict_keys(['example_task_group']) retrieved from /home/airflow/.local/lib/python3.7/site-packages/airflow/example_dags/example_task_group.py
[2023-07-02T03:50:37.039+0000] {logging_mixin.py:137} INFO - [2023-07-02T03:50:37.039+0000] {dag.py:2690} INFO - Sync 1 DAGs
[2023-07-02T03:50:38.023+0000] {logging_mixin.py:137} INFO - [2023-07-02T03:50:37.985+0000] {dag.py:3441} INFO - Setting next_dagrun for example_task_group to 2023-07-01T03:50:37.985058+00:00, run_after=2023-07-02T03:50:37.985058+00:00
[2023-07-02T03:50:38.496+0000] {processor.py:175} INFO - Processing /home/airflow/.local/lib/python3.7/site-packages/airflow/example_dags/example_task_group.py took 4.210 seconds
[2023-07-02T04:52:37.243+0000] {processor.py:153} INFO - Started process (PID=632) to work on /home/airflow/.local/lib/python3.7/site-packages/airflow/example_dags/example_task_group.py
[2023-07-02T04:52:37.251+0000] {processor.py:743} INFO - Processing file /home/airflow/.local/lib/python3.7/site-packages/airflow/example_dags/example_task_group.py for tasks to queue
[2023-07-02T04:52:37.266+0000] {logging_mixin.py:137} INFO - [2023-07-02T04:52:37.262+0000] {dagbag.py:538} INFO - Filling up the DagBag from /home/airflow/.local/lib/python3.7/site-packages/airflow/example_dags/example_task_group.py
[2023-07-02T04:52:37.485+0000] {processor.py:753} INFO - DAG(s) dict_keys(['example_task_group']) retrieved from /home/airflow/.local/lib/python3.7/site-packages/airflow/example_dags/example_task_group.py
[2023-07-02T04:52:37.866+0000] {logging_mixin.py:137} INFO - [2023-07-02T04:52:37.859+0000] {dag.py:2690} INFO - Sync 1 DAGs
[2023-07-02T04:52:38.249+0000] {logging_mixin.py:137} INFO - [2023-07-02T04:52:38.249+0000] {dag.py:3441} INFO - Setting next_dagrun for example_task_group to 2023-07-01T04:52:38.248807+00:00, run_after=2023-07-02T04:52:38.248807+00:00
[2023-07-02T04:52:40.764+0000] {processor.py:175} INFO - Processing /home/airflow/.local/lib/python3.7/site-packages/airflow/example_dags/example_task_group.py took 3.474 seconds
[2023-07-02T06:44:45.406+0000] {processor.py:153} INFO - Started process (PID=696) to work on /home/airflow/.local/lib/python3.7/site-packages/airflow/example_dags/example_task_group.py
[2023-07-02T06:44:45.436+0000] {processor.py:743} INFO - Processing file /home/airflow/.local/lib/python3.7/site-packages/airflow/example_dags/example_task_group.py for tasks to queue
[2023-07-02T06:44:45.479+0000] {logging_mixin.py:137} INFO - [2023-07-02T06:44:45.479+0000] {dagbag.py:538} INFO - Filling up the DagBag from /home/airflow/.local/lib/python3.7/site-packages/airflow/example_dags/example_task_group.py
[2023-07-02T06:44:46.127+0000] {processor.py:753} INFO - DAG(s) dict_keys(['example_task_group']) retrieved from /home/airflow/.local/lib/python3.7/site-packages/airflow/example_dags/example_task_group.py
[2023-07-02T06:44:47.146+0000] {logging_mixin.py:137} INFO - [2023-07-02T06:44:47.146+0000] {dag.py:2690} INFO - Sync 1 DAGs
[2023-07-02T06:44:48.298+0000] {logging_mixin.py:137} INFO - [2023-07-02T06:44:48.298+0000] {dag.py:3441} INFO - Setting next_dagrun for example_task_group to 2023-07-01T06:44:48.291356+00:00, run_after=2023-07-02T06:44:48.291356+00:00
[2023-07-02T06:44:49.235+0000] {processor.py:175} INFO - Processing /home/airflow/.local/lib/python3.7/site-packages/airflow/example_dags/example_task_group.py took 3.897 seconds
[2023-07-02T08:23:16.552+0000] {processor.py:153} INFO - Started process (PID=738) to work on /home/airflow/.local/lib/python3.7/site-packages/airflow/example_dags/example_task_group.py
[2023-07-02T08:23:16.556+0000] {processor.py:743} INFO - Processing file /home/airflow/.local/lib/python3.7/site-packages/airflow/example_dags/example_task_group.py for tasks to queue
[2023-07-02T08:23:16.562+0000] {logging_mixin.py:137} INFO - [2023-07-02T08:23:16.561+0000] {dagbag.py:538} INFO - Filling up the DagBag from /home/airflow/.local/lib/python3.7/site-packages/airflow/example_dags/example_task_group.py
[2023-07-02T08:23:16.616+0000] {processor.py:753} INFO - DAG(s) dict_keys(['example_task_group']) retrieved from /home/airflow/.local/lib/python3.7/site-packages/airflow/example_dags/example_task_group.py
[2023-07-02T08:23:16.700+0000] {logging_mixin.py:137} INFO - [2023-07-02T08:23:16.700+0000] {dag.py:2690} INFO - Sync 1 DAGs
[2023-07-02T08:23:16.773+0000] {logging_mixin.py:137} INFO - [2023-07-02T08:23:16.773+0000] {dag.py:3441} INFO - Setting next_dagrun for example_task_group to 2023-07-01T08:23:16.771958+00:00, run_after=2023-07-02T08:23:16.771958+00:00
[2023-07-02T08:23:16.841+0000] {processor.py:175} INFO - Processing /home/airflow/.local/lib/python3.7/site-packages/airflow/example_dags/example_task_group.py took 0.297 seconds
[2023-07-02T08:52:19.228+0000] {processor.py:153} INFO - Started process (PID=757) to work on /home/airflow/.local/lib/python3.7/site-packages/airflow/example_dags/example_task_group.py
[2023-07-02T08:52:19.232+0000] {processor.py:743} INFO - Processing file /home/airflow/.local/lib/python3.7/site-packages/airflow/example_dags/example_task_group.py for tasks to queue
[2023-07-02T08:52:19.236+0000] {logging_mixin.py:137} INFO - [2023-07-02T08:52:19.236+0000] {dagbag.py:538} INFO - Filling up the DagBag from /home/airflow/.local/lib/python3.7/site-packages/airflow/example_dags/example_task_group.py
[2023-07-02T08:52:19.274+0000] {processor.py:753} INFO - DAG(s) dict_keys(['example_task_group']) retrieved from /home/airflow/.local/lib/python3.7/site-packages/airflow/example_dags/example_task_group.py
[2023-07-02T08:52:19.360+0000] {logging_mixin.py:137} INFO - [2023-07-02T08:52:19.358+0000] {dag.py:2690} INFO - Sync 1 DAGs
[2023-07-02T08:52:19.427+0000] {logging_mixin.py:137} INFO - [2023-07-02T08:52:19.426+0000] {dag.py:3441} INFO - Setting next_dagrun for example_task_group to 2023-07-01T08:52:19.426414+00:00, run_after=2023-07-02T08:52:19.426414+00:00
[2023-07-02T08:52:19.499+0000] {processor.py:175} INFO - Processing /home/airflow/.local/lib/python3.7/site-packages/airflow/example_dags/example_task_group.py took 0.280 seconds
[2023-07-02T09:44:54.097+0000] {processor.py:153} INFO - Started process (PID=812) to work on /home/airflow/.local/lib/python3.7/site-packages/airflow/example_dags/example_task_group.py
[2023-07-02T09:44:54.103+0000] {processor.py:743} INFO - Processing file /home/airflow/.local/lib/python3.7/site-packages/airflow/example_dags/example_task_group.py for tasks to queue
[2023-07-02T09:44:54.118+0000] {logging_mixin.py:137} INFO - [2023-07-02T09:44:54.118+0000] {dagbag.py:538} INFO - Filling up the DagBag from /home/airflow/.local/lib/python3.7/site-packages/airflow/example_dags/example_task_group.py
[2023-07-02T09:44:54.364+0000] {processor.py:753} INFO - DAG(s) dict_keys(['example_task_group']) retrieved from /home/airflow/.local/lib/python3.7/site-packages/airflow/example_dags/example_task_group.py
[2023-07-02T09:44:54.699+0000] {logging_mixin.py:137} INFO - [2023-07-02T09:44:54.689+0000] {dag.py:2690} INFO - Sync 1 DAGs
[2023-07-02T09:44:55.091+0000] {logging_mixin.py:137} INFO - [2023-07-02T09:44:55.091+0000] {dag.py:3441} INFO - Setting next_dagrun for example_task_group to 2023-07-01T09:44:55.090910+00:00, run_after=2023-07-02T09:44:55.090910+00:00
[2023-07-02T09:44:55.347+0000] {processor.py:175} INFO - Processing /home/airflow/.local/lib/python3.7/site-packages/airflow/example_dags/example_task_group.py took 1.317 seconds
[2023-07-02T09:45:25.778+0000] {processor.py:153} INFO - Started process (PID=863) to work on /home/airflow/.local/lib/python3.7/site-packages/airflow/example_dags/example_task_group.py
[2023-07-02T09:45:25.782+0000] {processor.py:743} INFO - Processing file /home/airflow/.local/lib/python3.7/site-packages/airflow/example_dags/example_task_group.py for tasks to queue
[2023-07-02T09:45:25.788+0000] {logging_mixin.py:137} INFO - [2023-07-02T09:45:25.788+0000] {dagbag.py:538} INFO - Filling up the DagBag from /home/airflow/.local/lib/python3.7/site-packages/airflow/example_dags/example_task_group.py
[2023-07-02T09:45:25.817+0000] {processor.py:753} INFO - DAG(s) dict_keys(['example_task_group']) retrieved from /home/airflow/.local/lib/python3.7/site-packages/airflow/example_dags/example_task_group.py
[2023-07-02T09:45:25.869+0000] {logging_mixin.py:137} INFO - [2023-07-02T09:45:25.869+0000] {dag.py:2690} INFO - Sync 1 DAGs
[2023-07-02T09:45:25.918+0000] {logging_mixin.py:137} INFO - [2023-07-02T09:45:25.918+0000] {dag.py:3441} INFO - Setting next_dagrun for example_task_group to 2023-07-01T09:45:25.913579+00:00, run_after=2023-07-02T09:45:25.913579+00:00
[2023-07-02T09:45:25.957+0000] {processor.py:175} INFO - Processing /home/airflow/.local/lib/python3.7/site-packages/airflow/example_dags/example_task_group.py took 0.184 seconds
[2023-07-02T09:57:14.493+0000] {processor.py:153} INFO - Started process (PID=891) to work on /home/airflow/.local/lib/python3.7/site-packages/airflow/example_dags/example_task_group.py
[2023-07-02T09:57:14.511+0000] {processor.py:743} INFO - Processing file /home/airflow/.local/lib/python3.7/site-packages/airflow/example_dags/example_task_group.py for tasks to queue
[2023-07-02T09:57:14.516+0000] {logging_mixin.py:137} INFO - [2023-07-02T09:57:14.516+0000] {dagbag.py:538} INFO - Filling up the DagBag from /home/airflow/.local/lib/python3.7/site-packages/airflow/example_dags/example_task_group.py
[2023-07-02T09:57:14.617+0000] {processor.py:753} INFO - DAG(s) dict_keys(['example_task_group']) retrieved from /home/airflow/.local/lib/python3.7/site-packages/airflow/example_dags/example_task_group.py
[2023-07-02T09:57:14.780+0000] {logging_mixin.py:137} INFO - [2023-07-02T09:57:14.779+0000] {dag.py:2690} INFO - Sync 1 DAGs
[2023-07-02T09:57:14.894+0000] {logging_mixin.py:137} INFO - [2023-07-02T09:57:14.894+0000] {dag.py:3441} INFO - Setting next_dagrun for example_task_group to 2023-07-01T09:57:14.894061+00:00, run_after=2023-07-02T09:57:14.894061+00:00
[2023-07-02T09:57:14.977+0000] {processor.py:175} INFO - Processing /home/airflow/.local/lib/python3.7/site-packages/airflow/example_dags/example_task_group.py took 0.495 seconds
[2023-07-02T10:12:29.785+0000] {processor.py:153} INFO - Started process (PID=925) to work on /home/airflow/.local/lib/python3.7/site-packages/airflow/example_dags/example_task_group.py
[2023-07-02T10:12:29.793+0000] {processor.py:743} INFO - Processing file /home/airflow/.local/lib/python3.7/site-packages/airflow/example_dags/example_task_group.py for tasks to queue
[2023-07-02T10:12:29.799+0000] {logging_mixin.py:137} INFO - [2023-07-02T10:12:29.797+0000] {dagbag.py:538} INFO - Filling up the DagBag from /home/airflow/.local/lib/python3.7/site-packages/airflow/example_dags/example_task_group.py
[2023-07-02T10:12:29.833+0000] {processor.py:753} INFO - DAG(s) dict_keys(['example_task_group']) retrieved from /home/airflow/.local/lib/python3.7/site-packages/airflow/example_dags/example_task_group.py
[2023-07-02T10:12:29.889+0000] {logging_mixin.py:137} INFO - [2023-07-02T10:12:29.889+0000] {dag.py:2690} INFO - Sync 1 DAGs
[2023-07-02T10:12:29.954+0000] {logging_mixin.py:137} INFO - [2023-07-02T10:12:29.953+0000] {dag.py:3441} INFO - Setting next_dagrun for example_task_group to 2023-07-01T10:12:29.953541+00:00, run_after=2023-07-02T10:12:29.953541+00:00
[2023-07-02T10:12:29.996+0000] {processor.py:175} INFO - Processing /home/airflow/.local/lib/python3.7/site-packages/airflow/example_dags/example_task_group.py took 0.223 seconds
[2023-07-02T10:13:07.296+0000] {processor.py:153} INFO - Started process (PID=984) to work on /home/airflow/.local/lib/python3.7/site-packages/airflow/example_dags/example_task_group.py
[2023-07-02T10:13:07.301+0000] {processor.py:743} INFO - Processing file /home/airflow/.local/lib/python3.7/site-packages/airflow/example_dags/example_task_group.py for tasks to queue
[2023-07-02T10:13:07.310+0000] {logging_mixin.py:137} INFO - [2023-07-02T10:13:07.309+0000] {dagbag.py:538} INFO - Filling up the DagBag from /home/airflow/.local/lib/python3.7/site-packages/airflow/example_dags/example_task_group.py
[2023-07-02T10:13:07.427+0000] {processor.py:753} INFO - DAG(s) dict_keys(['example_task_group']) retrieved from /home/airflow/.local/lib/python3.7/site-packages/airflow/example_dags/example_task_group.py
[2023-07-02T10:13:07.593+0000] {logging_mixin.py:137} INFO - [2023-07-02T10:13:07.592+0000] {dag.py:2690} INFO - Sync 1 DAGs
[2023-07-02T10:13:07.741+0000] {logging_mixin.py:137} INFO - [2023-07-02T10:13:07.741+0000] {dag.py:3441} INFO - Setting next_dagrun for example_task_group to 2023-07-01T10:13:07.740408+00:00, run_after=2023-07-02T10:13:07.740408+00:00
[2023-07-02T10:13:07.845+0000] {processor.py:175} INFO - Processing /home/airflow/.local/lib/python3.7/site-packages/airflow/example_dags/example_task_group.py took 0.580 seconds
[2023-07-02T10:13:38.498+0000] {processor.py:153} INFO - Started process (PID=1042) to work on /home/airflow/.local/lib/python3.7/site-packages/airflow/example_dags/example_task_group.py
[2023-07-02T10:13:38.504+0000] {processor.py:743} INFO - Processing file /home/airflow/.local/lib/python3.7/site-packages/airflow/example_dags/example_task_group.py for tasks to queue
[2023-07-02T10:13:38.507+0000] {logging_mixin.py:137} INFO - [2023-07-02T10:13:38.506+0000] {dagbag.py:538} INFO - Filling up the DagBag from /home/airflow/.local/lib/python3.7/site-packages/airflow/example_dags/example_task_group.py
[2023-07-02T10:13:38.572+0000] {processor.py:753} INFO - DAG(s) dict_keys(['example_task_group']) retrieved from /home/airflow/.local/lib/python3.7/site-packages/airflow/example_dags/example_task_group.py
[2023-07-02T10:13:38.657+0000] {logging_mixin.py:137} INFO - [2023-07-02T10:13:38.656+0000] {dag.py:2690} INFO - Sync 1 DAGs
[2023-07-02T10:13:38.687+0000] {logging_mixin.py:137} INFO - [2023-07-02T10:13:38.687+0000] {dag.py:3441} INFO - Setting next_dagrun for example_task_group to 2023-07-01T10:13:38.686930+00:00, run_after=2023-07-02T10:13:38.686930+00:00
[2023-07-02T10:13:38.770+0000] {processor.py:175} INFO - Processing /home/airflow/.local/lib/python3.7/site-packages/airflow/example_dags/example_task_group.py took 0.285 seconds
[2023-07-02T10:19:47.398+0000] {processor.py:153} INFO - Started process (PID=1063) to work on /home/airflow/.local/lib/python3.7/site-packages/airflow/example_dags/example_task_group.py
[2023-07-02T10:19:47.402+0000] {processor.py:743} INFO - Processing file /home/airflow/.local/lib/python3.7/site-packages/airflow/example_dags/example_task_group.py for tasks to queue
[2023-07-02T10:19:47.413+0000] {logging_mixin.py:137} INFO - [2023-07-02T10:19:47.411+0000] {dagbag.py:538} INFO - Filling up the DagBag from /home/airflow/.local/lib/python3.7/site-packages/airflow/example_dags/example_task_group.py
[2023-07-02T10:19:47.602+0000] {processor.py:753} INFO - DAG(s) dict_keys(['example_task_group']) retrieved from /home/airflow/.local/lib/python3.7/site-packages/airflow/example_dags/example_task_group.py
[2023-07-02T10:19:47.777+0000] {logging_mixin.py:137} INFO - [2023-07-02T10:19:47.777+0000] {dag.py:2690} INFO - Sync 1 DAGs
[2023-07-02T10:19:48.030+0000] {logging_mixin.py:137} INFO - [2023-07-02T10:19:48.029+0000] {dag.py:3441} INFO - Setting next_dagrun for example_task_group to 2023-07-01T10:19:48.029613+00:00, run_after=2023-07-02T10:19:48.029613+00:00
[2023-07-02T10:19:48.203+0000] {processor.py:175} INFO - Processing /home/airflow/.local/lib/python3.7/site-packages/airflow/example_dags/example_task_group.py took 0.819 seconds
[2023-07-02T10:47:38.562+0000] {processor.py:153} INFO - Started process (PID=1117) to work on /home/airflow/.local/lib/python3.7/site-packages/airflow/example_dags/example_task_group.py
[2023-07-02T10:47:38.568+0000] {processor.py:743} INFO - Processing file /home/airflow/.local/lib/python3.7/site-packages/airflow/example_dags/example_task_group.py for tasks to queue
[2023-07-02T10:47:38.576+0000] {logging_mixin.py:137} INFO - [2023-07-02T10:47:38.574+0000] {dagbag.py:538} INFO - Filling up the DagBag from /home/airflow/.local/lib/python3.7/site-packages/airflow/example_dags/example_task_group.py
[2023-07-02T10:47:38.698+0000] {processor.py:753} INFO - DAG(s) dict_keys(['example_task_group']) retrieved from /home/airflow/.local/lib/python3.7/site-packages/airflow/example_dags/example_task_group.py
[2023-07-02T10:47:38.850+0000] {logging_mixin.py:137} INFO - [2023-07-02T10:47:38.850+0000] {dag.py:2690} INFO - Sync 1 DAGs
[2023-07-02T10:47:38.996+0000] {logging_mixin.py:137} INFO - [2023-07-02T10:47:38.996+0000] {dag.py:3441} INFO - Setting next_dagrun for example_task_group to 2023-07-01T10:47:38.996312+00:00, run_after=2023-07-02T10:47:38.996312+00:00
[2023-07-02T10:47:39.111+0000] {processor.py:175} INFO - Processing /home/airflow/.local/lib/python3.7/site-packages/airflow/example_dags/example_task_group.py took 0.582 seconds
[2023-07-02T11:39:50.186+0000] {processor.py:153} INFO - Started process (PID=1151) to work on /home/airflow/.local/lib/python3.7/site-packages/airflow/example_dags/example_task_group.py
[2023-07-02T11:39:50.191+0000] {processor.py:743} INFO - Processing file /home/airflow/.local/lib/python3.7/site-packages/airflow/example_dags/example_task_group.py for tasks to queue
[2023-07-02T11:39:50.195+0000] {logging_mixin.py:137} INFO - [2023-07-02T11:39:50.194+0000] {dagbag.py:538} INFO - Filling up the DagBag from /home/airflow/.local/lib/python3.7/site-packages/airflow/example_dags/example_task_group.py
[2023-07-02T11:39:50.246+0000] {processor.py:753} INFO - DAG(s) dict_keys(['example_task_group']) retrieved from /home/airflow/.local/lib/python3.7/site-packages/airflow/example_dags/example_task_group.py
[2023-07-02T11:39:50.309+0000] {logging_mixin.py:137} INFO - [2023-07-02T11:39:50.308+0000] {dag.py:2690} INFO - Sync 1 DAGs
[2023-07-02T11:39:50.366+0000] {logging_mixin.py:137} INFO - [2023-07-02T11:39:50.366+0000] {dag.py:3441} INFO - Setting next_dagrun for example_task_group to 2023-07-01T11:39:50.366323+00:00, run_after=2023-07-02T11:39:50.366323+00:00
[2023-07-02T11:39:50.457+0000] {processor.py:175} INFO - Processing /home/airflow/.local/lib/python3.7/site-packages/airflow/example_dags/example_task_group.py took 0.290 seconds
[2023-07-02T12:07:36.014+0000] {processor.py:153} INFO - Started process (PID=1206) to work on /home/airflow/.local/lib/python3.7/site-packages/airflow/example_dags/example_task_group.py
[2023-07-02T12:07:36.018+0000] {processor.py:743} INFO - Processing file /home/airflow/.local/lib/python3.7/site-packages/airflow/example_dags/example_task_group.py for tasks to queue
[2023-07-02T12:07:36.022+0000] {logging_mixin.py:137} INFO - [2023-07-02T12:07:36.021+0000] {dagbag.py:538} INFO - Filling up the DagBag from /home/airflow/.local/lib/python3.7/site-packages/airflow/example_dags/example_task_group.py
[2023-07-02T12:07:36.078+0000] {processor.py:753} INFO - DAG(s) dict_keys(['example_task_group']) retrieved from /home/airflow/.local/lib/python3.7/site-packages/airflow/example_dags/example_task_group.py
[2023-07-02T12:07:36.143+0000] {logging_mixin.py:137} INFO - [2023-07-02T12:07:36.142+0000] {dag.py:2690} INFO - Sync 1 DAGs
[2023-07-02T12:07:36.210+0000] {logging_mixin.py:137} INFO - [2023-07-02T12:07:36.210+0000] {dag.py:3441} INFO - Setting next_dagrun for example_task_group to 2023-07-01T12:07:36.210177+00:00, run_after=2023-07-02T12:07:36.210177+00:00
[2023-07-02T12:07:36.275+0000] {processor.py:175} INFO - Processing /home/airflow/.local/lib/python3.7/site-packages/airflow/example_dags/example_task_group.py took 0.280 seconds
[2023-07-02T12:08:06.699+0000] {processor.py:153} INFO - Started process (PID=1265) to work on /home/airflow/.local/lib/python3.7/site-packages/airflow/example_dags/example_task_group.py
[2023-07-02T12:08:06.702+0000] {processor.py:743} INFO - Processing file /home/airflow/.local/lib/python3.7/site-packages/airflow/example_dags/example_task_group.py for tasks to queue
[2023-07-02T12:08:06.705+0000] {logging_mixin.py:137} INFO - [2023-07-02T12:08:06.705+0000] {dagbag.py:538} INFO - Filling up the DagBag from /home/airflow/.local/lib/python3.7/site-packages/airflow/example_dags/example_task_group.py
[2023-07-02T12:08:06.740+0000] {processor.py:753} INFO - DAG(s) dict_keys(['example_task_group']) retrieved from /home/airflow/.local/lib/python3.7/site-packages/airflow/example_dags/example_task_group.py
[2023-07-02T12:08:06.811+0000] {logging_mixin.py:137} INFO - [2023-07-02T12:08:06.810+0000] {dag.py:2690} INFO - Sync 1 DAGs
[2023-07-02T12:08:06.917+0000] {logging_mixin.py:137} INFO - [2023-07-02T12:08:06.917+0000] {dag.py:3441} INFO - Setting next_dagrun for example_task_group to 2023-07-01T12:08:06.916598+00:00, run_after=2023-07-02T12:08:06.916598+00:00
[2023-07-02T12:08:06.972+0000] {processor.py:175} INFO - Processing /home/airflow/.local/lib/python3.7/site-packages/airflow/example_dags/example_task_group.py took 0.281 seconds
[2023-07-02T12:08:37.873+0000] {processor.py:153} INFO - Started process (PID=1323) to work on /home/airflow/.local/lib/python3.7/site-packages/airflow/example_dags/example_task_group.py
[2023-07-02T12:08:37.876+0000] {processor.py:743} INFO - Processing file /home/airflow/.local/lib/python3.7/site-packages/airflow/example_dags/example_task_group.py for tasks to queue
[2023-07-02T12:08:37.879+0000] {logging_mixin.py:137} INFO - [2023-07-02T12:08:37.878+0000] {dagbag.py:538} INFO - Filling up the DagBag from /home/airflow/.local/lib/python3.7/site-packages/airflow/example_dags/example_task_group.py
[2023-07-02T12:08:37.906+0000] {processor.py:753} INFO - DAG(s) dict_keys(['example_task_group']) retrieved from /home/airflow/.local/lib/python3.7/site-packages/airflow/example_dags/example_task_group.py
[2023-07-02T12:08:37.947+0000] {logging_mixin.py:137} INFO - [2023-07-02T12:08:37.947+0000] {dag.py:2690} INFO - Sync 1 DAGs
[2023-07-02T12:08:37.988+0000] {logging_mixin.py:137} INFO - [2023-07-02T12:08:37.988+0000] {dag.py:3441} INFO - Setting next_dagrun for example_task_group to 2023-07-01T12:08:37.987744+00:00, run_after=2023-07-02T12:08:37.987744+00:00
[2023-07-02T12:08:38.018+0000] {processor.py:175} INFO - Processing /home/airflow/.local/lib/python3.7/site-packages/airflow/example_dags/example_task_group.py took 0.152 seconds
[2023-07-02T12:09:08.121+0000] {processor.py:153} INFO - Started process (PID=1381) to work on /home/airflow/.local/lib/python3.7/site-packages/airflow/example_dags/example_task_group.py
[2023-07-02T12:09:08.124+0000] {processor.py:743} INFO - Processing file /home/airflow/.local/lib/python3.7/site-packages/airflow/example_dags/example_task_group.py for tasks to queue
[2023-07-02T12:09:08.127+0000] {logging_mixin.py:137} INFO - [2023-07-02T12:09:08.127+0000] {dagbag.py:538} INFO - Filling up the DagBag from /home/airflow/.local/lib/python3.7/site-packages/airflow/example_dags/example_task_group.py
[2023-07-02T12:09:08.155+0000] {processor.py:753} INFO - DAG(s) dict_keys(['example_task_group']) retrieved from /home/airflow/.local/lib/python3.7/site-packages/airflow/example_dags/example_task_group.py
[2023-07-02T12:09:08.197+0000] {logging_mixin.py:137} INFO - [2023-07-02T12:09:08.197+0000] {dag.py:2690} INFO - Sync 1 DAGs
[2023-07-02T12:09:08.237+0000] {logging_mixin.py:137} INFO - [2023-07-02T12:09:08.236+0000] {dag.py:3441} INFO - Setting next_dagrun for example_task_group to 2023-07-01T12:09:08.236591+00:00, run_after=2023-07-02T12:09:08.236591+00:00
[2023-07-02T12:09:08.265+0000] {processor.py:175} INFO - Processing /home/airflow/.local/lib/python3.7/site-packages/airflow/example_dags/example_task_group.py took 0.152 seconds
[2023-07-02T12:09:38.527+0000] {processor.py:153} INFO - Started process (PID=1439) to work on /home/airflow/.local/lib/python3.7/site-packages/airflow/example_dags/example_task_group.py
[2023-07-02T12:09:38.531+0000] {processor.py:743} INFO - Processing file /home/airflow/.local/lib/python3.7/site-packages/airflow/example_dags/example_task_group.py for tasks to queue
[2023-07-02T12:09:38.534+0000] {logging_mixin.py:137} INFO - [2023-07-02T12:09:38.534+0000] {dagbag.py:538} INFO - Filling up the DagBag from /home/airflow/.local/lib/python3.7/site-packages/airflow/example_dags/example_task_group.py
[2023-07-02T12:09:38.565+0000] {processor.py:753} INFO - DAG(s) dict_keys(['example_task_group']) retrieved from /home/airflow/.local/lib/python3.7/site-packages/airflow/example_dags/example_task_group.py
[2023-07-02T12:09:38.625+0000] {logging_mixin.py:137} INFO - [2023-07-02T12:09:38.625+0000] {dag.py:2690} INFO - Sync 1 DAGs
[2023-07-02T12:09:38.655+0000] {logging_mixin.py:137} INFO - [2023-07-02T12:09:38.655+0000] {dag.py:3441} INFO - Setting next_dagrun for example_task_group to 2023-07-01T12:09:38.654792+00:00, run_after=2023-07-02T12:09:38.654792+00:00
[2023-07-02T12:09:38.694+0000] {processor.py:175} INFO - Processing /home/airflow/.local/lib/python3.7/site-packages/airflow/example_dags/example_task_group.py took 0.177 seconds
[2023-07-02T12:10:10.461+0000] {processor.py:153} INFO - Started process (PID=1502) to work on /home/airflow/.local/lib/python3.7/site-packages/airflow/example_dags/example_task_group.py
[2023-07-02T12:10:10.476+0000] {processor.py:743} INFO - Processing file /home/airflow/.local/lib/python3.7/site-packages/airflow/example_dags/example_task_group.py for tasks to queue
[2023-07-02T12:10:10.492+0000] {logging_mixin.py:137} INFO - [2023-07-02T12:10:10.492+0000] {dagbag.py:538} INFO - Filling up the DagBag from /home/airflow/.local/lib/python3.7/site-packages/airflow/example_dags/example_task_group.py
[2023-07-02T12:10:10.617+0000] {processor.py:753} INFO - DAG(s) dict_keys(['example_task_group']) retrieved from /home/airflow/.local/lib/python3.7/site-packages/airflow/example_dags/example_task_group.py
[2023-07-02T12:10:10.694+0000] {logging_mixin.py:137} INFO - [2023-07-02T12:10:10.694+0000] {dag.py:2690} INFO - Sync 1 DAGs
[2023-07-02T12:10:10.749+0000] {logging_mixin.py:137} INFO - [2023-07-02T12:10:10.749+0000] {dag.py:3441} INFO - Setting next_dagrun for example_task_group to 2023-07-01T12:10:10.748827+00:00, run_after=2023-07-02T12:10:10.748827+00:00
[2023-07-02T12:10:10.807+0000] {processor.py:175} INFO - Processing /home/airflow/.local/lib/python3.7/site-packages/airflow/example_dags/example_task_group.py took 0.542 seconds
[2023-07-02T12:18:27.436+0000] {processor.py:153} INFO - Started process (PID=1528) to work on /home/airflow/.local/lib/python3.7/site-packages/airflow/example_dags/example_task_group.py
[2023-07-02T12:18:27.454+0000] {processor.py:743} INFO - Processing file /home/airflow/.local/lib/python3.7/site-packages/airflow/example_dags/example_task_group.py for tasks to queue
[2023-07-02T12:18:27.462+0000] {logging_mixin.py:137} INFO - [2023-07-02T12:18:27.462+0000] {dagbag.py:538} INFO - Filling up the DagBag from /home/airflow/.local/lib/python3.7/site-packages/airflow/example_dags/example_task_group.py
[2023-07-02T12:18:27.595+0000] {processor.py:753} INFO - DAG(s) dict_keys(['example_task_group']) retrieved from /home/airflow/.local/lib/python3.7/site-packages/airflow/example_dags/example_task_group.py
[2023-07-02T12:18:27.752+0000] {logging_mixin.py:137} INFO - [2023-07-02T12:18:27.751+0000] {dag.py:2690} INFO - Sync 1 DAGs
[2023-07-02T12:18:27.904+0000] {logging_mixin.py:137} INFO - [2023-07-02T12:18:27.904+0000] {dag.py:3441} INFO - Setting next_dagrun for example_task_group to 2023-07-01T12:18:27.904302+00:00, run_after=2023-07-02T12:18:27.904302+00:00
[2023-07-02T12:18:28.036+0000] {processor.py:175} INFO - Processing /home/airflow/.local/lib/python3.7/site-packages/airflow/example_dags/example_task_group.py took 0.635 seconds
[2023-07-02T12:48:17.717+0000] {processor.py:153} INFO - Started process (PID=1567) to work on /home/airflow/.local/lib/python3.7/site-packages/airflow/example_dags/example_task_group.py
[2023-07-02T12:48:17.727+0000] {processor.py:743} INFO - Processing file /home/airflow/.local/lib/python3.7/site-packages/airflow/example_dags/example_task_group.py for tasks to queue
[2023-07-02T12:48:17.742+0000] {logging_mixin.py:137} INFO - [2023-07-02T12:48:17.739+0000] {dagbag.py:538} INFO - Filling up the DagBag from /home/airflow/.local/lib/python3.7/site-packages/airflow/example_dags/example_task_group.py
[2023-07-02T12:48:17.978+0000] {processor.py:753} INFO - DAG(s) dict_keys(['example_task_group']) retrieved from /home/airflow/.local/lib/python3.7/site-packages/airflow/example_dags/example_task_group.py
[2023-07-02T12:48:18.172+0000] {logging_mixin.py:137} INFO - [2023-07-02T12:48:18.172+0000] {dag.py:2690} INFO - Sync 1 DAGs
[2023-07-02T12:48:18.328+0000] {logging_mixin.py:137} INFO - [2023-07-02T12:48:18.328+0000] {dag.py:3441} INFO - Setting next_dagrun for example_task_group to 2023-07-01T12:48:18.327842+00:00, run_after=2023-07-02T12:48:18.327842+00:00
[2023-07-02T12:48:18.475+0000] {processor.py:175} INFO - Processing /home/airflow/.local/lib/python3.7/site-packages/airflow/example_dags/example_task_group.py took 0.780 seconds
[2023-07-02T13:45:19.904+0000] {processor.py:153} INFO - Started process (PID=1614) to work on /home/airflow/.local/lib/python3.7/site-packages/airflow/example_dags/example_task_group.py
[2023-07-02T13:45:19.917+0000] {processor.py:743} INFO - Processing file /home/airflow/.local/lib/python3.7/site-packages/airflow/example_dags/example_task_group.py for tasks to queue
[2023-07-02T13:45:19.925+0000] {logging_mixin.py:137} INFO - [2023-07-02T13:45:19.924+0000] {dagbag.py:538} INFO - Filling up the DagBag from /home/airflow/.local/lib/python3.7/site-packages/airflow/example_dags/example_task_group.py
[2023-07-02T13:45:20.081+0000] {processor.py:753} INFO - DAG(s) dict_keys(['example_task_group']) retrieved from /home/airflow/.local/lib/python3.7/site-packages/airflow/example_dags/example_task_group.py
[2023-07-02T13:45:20.247+0000] {logging_mixin.py:137} INFO - [2023-07-02T13:45:20.246+0000] {dag.py:2690} INFO - Sync 1 DAGs
[2023-07-02T13:45:20.446+0000] {logging_mixin.py:137} INFO - [2023-07-02T13:45:20.446+0000] {dag.py:3441} INFO - Setting next_dagrun for example_task_group to 2023-07-01T13:45:20.446322+00:00, run_after=2023-07-02T13:45:20.446322+00:00
[2023-07-02T13:45:20.626+0000] {processor.py:175} INFO - Processing /home/airflow/.local/lib/python3.7/site-packages/airflow/example_dags/example_task_group.py took 0.776 seconds
[2023-07-02T13:55:41.631+0000] {processor.py:153} INFO - Started process (PID=1653) to work on /home/airflow/.local/lib/python3.7/site-packages/airflow/example_dags/example_task_group.py
[2023-07-02T13:55:41.635+0000] {processor.py:743} INFO - Processing file /home/airflow/.local/lib/python3.7/site-packages/airflow/example_dags/example_task_group.py for tasks to queue
[2023-07-02T13:55:41.641+0000] {logging_mixin.py:137} INFO - [2023-07-02T13:55:41.640+0000] {dagbag.py:538} INFO - Filling up the DagBag from /home/airflow/.local/lib/python3.7/site-packages/airflow/example_dags/example_task_group.py
[2023-07-02T13:55:41.710+0000] {processor.py:753} INFO - DAG(s) dict_keys(['example_task_group']) retrieved from /home/airflow/.local/lib/python3.7/site-packages/airflow/example_dags/example_task_group.py
[2023-07-02T13:55:41.830+0000] {logging_mixin.py:137} INFO - [2023-07-02T13:55:41.830+0000] {dag.py:2690} INFO - Sync 1 DAGs
[2023-07-02T13:55:42.132+0000] {logging_mixin.py:137} INFO - [2023-07-02T13:55:42.132+0000] {dag.py:3441} INFO - Setting next_dagrun for example_task_group to 2023-07-01T13:55:42.131648+00:00, run_after=2023-07-02T13:55:42.131648+00:00
[2023-07-02T13:55:42.406+0000] {processor.py:175} INFO - Processing /home/airflow/.local/lib/python3.7/site-packages/airflow/example_dags/example_task_group.py took 0.790 seconds
[2023-07-02T13:56:12.768+0000] {processor.py:153} INFO - Started process (PID=1712) to work on /home/airflow/.local/lib/python3.7/site-packages/airflow/example_dags/example_task_group.py
[2023-07-02T13:56:12.771+0000] {processor.py:743} INFO - Processing file /home/airflow/.local/lib/python3.7/site-packages/airflow/example_dags/example_task_group.py for tasks to queue
[2023-07-02T13:56:12.773+0000] {logging_mixin.py:137} INFO - [2023-07-02T13:56:12.773+0000] {dagbag.py:538} INFO - Filling up the DagBag from /home/airflow/.local/lib/python3.7/site-packages/airflow/example_dags/example_task_group.py
[2023-07-02T13:56:12.797+0000] {processor.py:753} INFO - DAG(s) dict_keys(['example_task_group']) retrieved from /home/airflow/.local/lib/python3.7/site-packages/airflow/example_dags/example_task_group.py
[2023-07-02T13:56:12.848+0000] {logging_mixin.py:137} INFO - [2023-07-02T13:56:12.848+0000] {dag.py:2690} INFO - Sync 1 DAGs
[2023-07-02T13:56:12.886+0000] {logging_mixin.py:137} INFO - [2023-07-02T13:56:12.886+0000] {dag.py:3441} INFO - Setting next_dagrun for example_task_group to 2023-07-01T13:56:12.886122+00:00, run_after=2023-07-02T13:56:12.886122+00:00
[2023-07-02T13:56:12.918+0000] {processor.py:175} INFO - Processing /home/airflow/.local/lib/python3.7/site-packages/airflow/example_dags/example_task_group.py took 0.158 seconds
[2023-07-02T13:56:43.453+0000] {processor.py:153} INFO - Started process (PID=1782) to work on /home/airflow/.local/lib/python3.7/site-packages/airflow/example_dags/example_task_group.py
[2023-07-02T13:56:43.456+0000] {processor.py:743} INFO - Processing file /home/airflow/.local/lib/python3.7/site-packages/airflow/example_dags/example_task_group.py for tasks to queue
[2023-07-02T13:56:43.459+0000] {logging_mixin.py:137} INFO - [2023-07-02T13:56:43.458+0000] {dagbag.py:538} INFO - Filling up the DagBag from /home/airflow/.local/lib/python3.7/site-packages/airflow/example_dags/example_task_group.py
[2023-07-02T13:56:43.494+0000] {processor.py:753} INFO - DAG(s) dict_keys(['example_task_group']) retrieved from /home/airflow/.local/lib/python3.7/site-packages/airflow/example_dags/example_task_group.py
[2023-07-02T13:56:43.540+0000] {logging_mixin.py:137} INFO - [2023-07-02T13:56:43.540+0000] {dag.py:2690} INFO - Sync 1 DAGs
[2023-07-02T13:56:43.577+0000] {logging_mixin.py:137} INFO - [2023-07-02T13:56:43.576+0000] {dag.py:3441} INFO - Setting next_dagrun for example_task_group to 2023-07-01T13:56:43.576622+00:00, run_after=2023-07-02T13:56:43.576622+00:00
[2023-07-02T13:56:43.622+0000] {processor.py:175} INFO - Processing /home/airflow/.local/lib/python3.7/site-packages/airflow/example_dags/example_task_group.py took 0.176 seconds
[2023-07-02T13:57:14.239+0000] {processor.py:153} INFO - Started process (PID=1841) to work on /home/airflow/.local/lib/python3.7/site-packages/airflow/example_dags/example_task_group.py
[2023-07-02T13:57:14.242+0000] {processor.py:743} INFO - Processing file /home/airflow/.local/lib/python3.7/site-packages/airflow/example_dags/example_task_group.py for tasks to queue
[2023-07-02T13:57:14.247+0000] {logging_mixin.py:137} INFO - [2023-07-02T13:57:14.245+0000] {dagbag.py:538} INFO - Filling up the DagBag from /home/airflow/.local/lib/python3.7/site-packages/airflow/example_dags/example_task_group.py
[2023-07-02T13:57:14.340+0000] {processor.py:753} INFO - DAG(s) dict_keys(['example_task_group']) retrieved from /home/airflow/.local/lib/python3.7/site-packages/airflow/example_dags/example_task_group.py
[2023-07-02T13:57:14.452+0000] {logging_mixin.py:137} INFO - [2023-07-02T13:57:14.452+0000] {dag.py:2690} INFO - Sync 1 DAGs
[2023-07-02T13:57:14.749+0000] {logging_mixin.py:137} INFO - [2023-07-02T13:57:14.747+0000] {dag.py:3441} INFO - Setting next_dagrun for example_task_group to 2023-07-01T13:57:14.747313+00:00, run_after=2023-07-02T13:57:14.747313+00:00
[2023-07-02T13:57:15.004+0000] {processor.py:175} INFO - Processing /home/airflow/.local/lib/python3.7/site-packages/airflow/example_dags/example_task_group.py took 0.785 seconds
[2023-07-02T14:07:15.331+0000] {processor.py:153} INFO - Started process (PID=1902) to work on /home/airflow/.local/lib/python3.7/site-packages/airflow/example_dags/example_task_group.py
[2023-07-02T14:07:15.345+0000] {processor.py:743} INFO - Processing file /home/airflow/.local/lib/python3.7/site-packages/airflow/example_dags/example_task_group.py for tasks to queue
[2023-07-02T14:07:15.354+0000] {logging_mixin.py:137} INFO - [2023-07-02T14:07:15.352+0000] {dagbag.py:538} INFO - Filling up the DagBag from /home/airflow/.local/lib/python3.7/site-packages/airflow/example_dags/example_task_group.py
[2023-07-02T14:07:15.488+0000] {processor.py:753} INFO - DAG(s) dict_keys(['example_task_group']) retrieved from /home/airflow/.local/lib/python3.7/site-packages/airflow/example_dags/example_task_group.py
[2023-07-02T14:07:15.684+0000] {logging_mixin.py:137} INFO - [2023-07-02T14:07:15.684+0000] {dag.py:2690} INFO - Sync 1 DAGs
[2023-07-02T14:07:15.866+0000] {logging_mixin.py:137} INFO - [2023-07-02T14:07:15.866+0000] {dag.py:3441} INFO - Setting next_dagrun for example_task_group to 2023-07-01T14:07:15.865545+00:00, run_after=2023-07-02T14:07:15.865545+00:00
[2023-07-02T14:07:16.033+0000] {processor.py:175} INFO - Processing /home/airflow/.local/lib/python3.7/site-packages/airflow/example_dags/example_task_group.py took 0.730 seconds
[2023-07-02T15:57:37.595+0000] {processor.py:153} INFO - Started process (PID=1951) to work on /home/airflow/.local/lib/python3.7/site-packages/airflow/example_dags/example_task_group.py
[2023-07-02T15:57:37.606+0000] {processor.py:743} INFO - Processing file /home/airflow/.local/lib/python3.7/site-packages/airflow/example_dags/example_task_group.py for tasks to queue
[2023-07-02T15:57:37.610+0000] {logging_mixin.py:137} INFO - [2023-07-02T15:57:37.610+0000] {dagbag.py:538} INFO - Filling up the DagBag from /home/airflow/.local/lib/python3.7/site-packages/airflow/example_dags/example_task_group.py
[2023-07-02T15:57:37.723+0000] {processor.py:753} INFO - DAG(s) dict_keys(['example_task_group']) retrieved from /home/airflow/.local/lib/python3.7/site-packages/airflow/example_dags/example_task_group.py
[2023-07-02T15:57:37.824+0000] {logging_mixin.py:137} INFO - [2023-07-02T15:57:37.824+0000] {dag.py:2690} INFO - Sync 1 DAGs
[2023-07-02T15:57:37.921+0000] {logging_mixin.py:137} INFO - [2023-07-02T15:57:37.921+0000] {dag.py:3441} INFO - Setting next_dagrun for example_task_group to 2023-07-01T15:57:37.921242+00:00, run_after=2023-07-02T15:57:37.921242+00:00
[2023-07-02T15:57:37.998+0000] {processor.py:175} INFO - Processing /home/airflow/.local/lib/python3.7/site-packages/airflow/example_dags/example_task_group.py took 0.417 seconds
[2023-07-02T17:58:00.569+0000] {processor.py:153} INFO - Started process (PID=2011) to work on /home/airflow/.local/lib/python3.7/site-packages/airflow/example_dags/example_task_group.py
[2023-07-02T17:58:00.572+0000] {processor.py:743} INFO - Processing file /home/airflow/.local/lib/python3.7/site-packages/airflow/example_dags/example_task_group.py for tasks to queue
[2023-07-02T17:58:00.576+0000] {logging_mixin.py:137} INFO - [2023-07-02T17:58:00.575+0000] {dagbag.py:538} INFO - Filling up the DagBag from /home/airflow/.local/lib/python3.7/site-packages/airflow/example_dags/example_task_group.py
[2023-07-02T17:58:00.651+0000] {processor.py:753} INFO - DAG(s) dict_keys(['example_task_group']) retrieved from /home/airflow/.local/lib/python3.7/site-packages/airflow/example_dags/example_task_group.py
[2023-07-02T17:58:00.750+0000] {logging_mixin.py:137} INFO - [2023-07-02T17:58:00.749+0000] {dag.py:2690} INFO - Sync 1 DAGs
[2023-07-02T17:58:00.806+0000] {logging_mixin.py:137} INFO - [2023-07-02T17:58:00.806+0000] {dag.py:3441} INFO - Setting next_dagrun for example_task_group to 2023-07-01T17:58:00.806119+00:00, run_after=2023-07-02T17:58:00.806119+00:00
[2023-07-02T17:58:00.892+0000] {processor.py:175} INFO - Processing /home/airflow/.local/lib/python3.7/site-packages/airflow/example_dags/example_task_group.py took 0.337 seconds
[2023-07-02T18:10:18.144+0000] {processor.py:153} INFO - Started process (PID=2069) to work on /home/airflow/.local/lib/python3.7/site-packages/airflow/example_dags/example_task_group.py
[2023-07-02T18:10:18.150+0000] {processor.py:743} INFO - Processing file /home/airflow/.local/lib/python3.7/site-packages/airflow/example_dags/example_task_group.py for tasks to queue
[2023-07-02T18:10:18.158+0000] {logging_mixin.py:137} INFO - [2023-07-02T18:10:18.157+0000] {dagbag.py:538} INFO - Filling up the DagBag from /home/airflow/.local/lib/python3.7/site-packages/airflow/example_dags/example_task_group.py
[2023-07-02T18:10:18.292+0000] {processor.py:753} INFO - DAG(s) dict_keys(['example_task_group']) retrieved from /home/airflow/.local/lib/python3.7/site-packages/airflow/example_dags/example_task_group.py
[2023-07-02T18:10:18.639+0000] {logging_mixin.py:137} INFO - [2023-07-02T18:10:18.638+0000] {dag.py:2690} INFO - Sync 1 DAGs
[2023-07-02T18:10:18.936+0000] {logging_mixin.py:137} INFO - [2023-07-02T18:10:18.936+0000] {dag.py:3441} INFO - Setting next_dagrun for example_task_group to 2023-07-01T18:10:18.935946+00:00, run_after=2023-07-02T18:10:18.935946+00:00
[2023-07-02T18:10:19.097+0000] {processor.py:175} INFO - Processing /home/airflow/.local/lib/python3.7/site-packages/airflow/example_dags/example_task_group.py took 0.979 seconds
[2023-07-02T20:10:42.169+0000] {processor.py:153} INFO - Started process (PID=2119) to work on /home/airflow/.local/lib/python3.7/site-packages/airflow/example_dags/example_task_group.py
[2023-07-02T20:10:42.171+0000] {processor.py:743} INFO - Processing file /home/airflow/.local/lib/python3.7/site-packages/airflow/example_dags/example_task_group.py for tasks to queue
[2023-07-02T20:10:42.174+0000] {logging_mixin.py:137} INFO - [2023-07-02T20:10:42.173+0000] {dagbag.py:538} INFO - Filling up the DagBag from /home/airflow/.local/lib/python3.7/site-packages/airflow/example_dags/example_task_group.py
[2023-07-02T20:10:42.196+0000] {processor.py:753} INFO - DAG(s) dict_keys(['example_task_group']) retrieved from /home/airflow/.local/lib/python3.7/site-packages/airflow/example_dags/example_task_group.py
[2023-07-02T20:10:42.233+0000] {logging_mixin.py:137} INFO - [2023-07-02T20:10:42.232+0000] {dag.py:2690} INFO - Sync 1 DAGs
[2023-07-02T20:10:42.271+0000] {logging_mixin.py:137} INFO - [2023-07-02T20:10:42.270+0000] {dag.py:3441} INFO - Setting next_dagrun for example_task_group to 2023-07-01T20:10:42.266045+00:00, run_after=2023-07-02T20:10:42.266045+00:00
[2023-07-02T20:10:42.316+0000] {processor.py:175} INFO - Processing /home/airflow/.local/lib/python3.7/site-packages/airflow/example_dags/example_task_group.py took 0.153 seconds
[2023-07-02T22:11:06.890+0000] {processor.py:153} INFO - Started process (PID=2177) to work on /home/airflow/.local/lib/python3.7/site-packages/airflow/example_dags/example_task_group.py
[2023-07-02T22:11:06.894+0000] {processor.py:743} INFO - Processing file /home/airflow/.local/lib/python3.7/site-packages/airflow/example_dags/example_task_group.py for tasks to queue
[2023-07-02T22:11:06.897+0000] {logging_mixin.py:137} INFO - [2023-07-02T22:11:06.897+0000] {dagbag.py:538} INFO - Filling up the DagBag from /home/airflow/.local/lib/python3.7/site-packages/airflow/example_dags/example_task_group.py
[2023-07-02T22:11:06.927+0000] {processor.py:753} INFO - DAG(s) dict_keys(['example_task_group']) retrieved from /home/airflow/.local/lib/python3.7/site-packages/airflow/example_dags/example_task_group.py
[2023-07-02T22:11:06.969+0000] {logging_mixin.py:137} INFO - [2023-07-02T22:11:06.969+0000] {dag.py:2690} INFO - Sync 1 DAGs
[2023-07-02T22:11:07.017+0000] {logging_mixin.py:137} INFO - [2023-07-02T22:11:07.016+0000] {dag.py:3441} INFO - Setting next_dagrun for example_task_group to 2023-07-01T22:11:07.016267+00:00, run_after=2023-07-02T22:11:07.016267+00:00
[2023-07-02T22:11:07.052+0000] {processor.py:175} INFO - Processing /home/airflow/.local/lib/python3.7/site-packages/airflow/example_dags/example_task_group.py took 0.182 seconds
[2023-07-02T22:48:58.779+0000] {processor.py:153} INFO - Started process (PID=2234) to work on /home/airflow/.local/lib/python3.7/site-packages/airflow/example_dags/example_task_group.py
[2023-07-02T22:48:58.787+0000] {processor.py:743} INFO - Processing file /home/airflow/.local/lib/python3.7/site-packages/airflow/example_dags/example_task_group.py for tasks to queue
[2023-07-02T22:48:58.792+0000] {logging_mixin.py:137} INFO - [2023-07-02T22:48:58.792+0000] {dagbag.py:538} INFO - Filling up the DagBag from /home/airflow/.local/lib/python3.7/site-packages/airflow/example_dags/example_task_group.py
[2023-07-02T22:48:58.848+0000] {processor.py:753} INFO - DAG(s) dict_keys(['example_task_group']) retrieved from /home/airflow/.local/lib/python3.7/site-packages/airflow/example_dags/example_task_group.py
[2023-07-02T22:48:59.445+0000] {logging_mixin.py:137} INFO - [2023-07-02T22:48:59.444+0000] {dag.py:2690} INFO - Sync 1 DAGs
[2023-07-02T22:48:59.806+0000] {logging_mixin.py:137} INFO - [2023-07-02T22:48:59.801+0000] {dag.py:3441} INFO - Setting next_dagrun for example_task_group to 2023-07-01T22:48:59.801286+00:00, run_after=2023-07-02T22:48:59.801286+00:00
[2023-07-02T22:49:00.052+0000] {processor.py:175} INFO - Processing /home/airflow/.local/lib/python3.7/site-packages/airflow/example_dags/example_task_group.py took 1.289 seconds
[2023-07-02T22:49:31.290+0000] {processor.py:153} INFO - Started process (PID=2292) to work on /home/airflow/.local/lib/python3.7/site-packages/airflow/example_dags/example_task_group.py
[2023-07-02T22:49:31.292+0000] {processor.py:743} INFO - Processing file /home/airflow/.local/lib/python3.7/site-packages/airflow/example_dags/example_task_group.py for tasks to queue
[2023-07-02T22:49:31.296+0000] {logging_mixin.py:137} INFO - [2023-07-02T22:49:31.296+0000] {dagbag.py:538} INFO - Filling up the DagBag from /home/airflow/.local/lib/python3.7/site-packages/airflow/example_dags/example_task_group.py
[2023-07-02T22:49:31.318+0000] {processor.py:753} INFO - DAG(s) dict_keys(['example_task_group']) retrieved from /home/airflow/.local/lib/python3.7/site-packages/airflow/example_dags/example_task_group.py
[2023-07-02T22:49:31.351+0000] {logging_mixin.py:137} INFO - [2023-07-02T22:49:31.351+0000] {dag.py:2690} INFO - Sync 1 DAGs
[2023-07-02T22:49:31.379+0000] {logging_mixin.py:137} INFO - [2023-07-02T22:49:31.379+0000] {dag.py:3441} INFO - Setting next_dagrun for example_task_group to 2023-07-01T22:49:31.379168+00:00, run_after=2023-07-02T22:49:31.379168+00:00
[2023-07-02T22:49:31.406+0000] {processor.py:175} INFO - Processing /home/airflow/.local/lib/python3.7/site-packages/airflow/example_dags/example_task_group.py took 0.122 seconds
[2023-07-02T22:50:01.518+0000] {processor.py:153} INFO - Started process (PID=2350) to work on /home/airflow/.local/lib/python3.7/site-packages/airflow/example_dags/example_task_group.py
[2023-07-02T22:50:01.521+0000] {processor.py:743} INFO - Processing file /home/airflow/.local/lib/python3.7/site-packages/airflow/example_dags/example_task_group.py for tasks to queue
[2023-07-02T22:50:01.532+0000] {logging_mixin.py:137} INFO - [2023-07-02T22:50:01.528+0000] {dagbag.py:538} INFO - Filling up the DagBag from /home/airflow/.local/lib/python3.7/site-packages/airflow/example_dags/example_task_group.py
[2023-07-02T22:50:01.663+0000] {processor.py:753} INFO - DAG(s) dict_keys(['example_task_group']) retrieved from /home/airflow/.local/lib/python3.7/site-packages/airflow/example_dags/example_task_group.py
[2023-07-02T22:50:01.846+0000] {logging_mixin.py:137} INFO - [2023-07-02T22:50:01.846+0000] {dag.py:2690} INFO - Sync 1 DAGs
[2023-07-02T22:50:01.974+0000] {logging_mixin.py:137} INFO - [2023-07-02T22:50:01.974+0000] {dag.py:3441} INFO - Setting next_dagrun for example_task_group to 2023-07-01T22:50:01.969697+00:00, run_after=2023-07-02T22:50:01.969697+00:00
[2023-07-02T22:50:02.124+0000] {processor.py:175} INFO - Processing /home/airflow/.local/lib/python3.7/site-packages/airflow/example_dags/example_task_group.py took 0.635 seconds
[2023-07-02T22:50:32.295+0000] {processor.py:153} INFO - Started process (PID=2409) to work on /home/airflow/.local/lib/python3.7/site-packages/airflow/example_dags/example_task_group.py
[2023-07-02T22:50:32.298+0000] {processor.py:743} INFO - Processing file /home/airflow/.local/lib/python3.7/site-packages/airflow/example_dags/example_task_group.py for tasks to queue
[2023-07-02T22:50:32.301+0000] {logging_mixin.py:137} INFO - [2023-07-02T22:50:32.301+0000] {dagbag.py:538} INFO - Filling up the DagBag from /home/airflow/.local/lib/python3.7/site-packages/airflow/example_dags/example_task_group.py
[2023-07-02T22:50:32.329+0000] {processor.py:753} INFO - DAG(s) dict_keys(['example_task_group']) retrieved from /home/airflow/.local/lib/python3.7/site-packages/airflow/example_dags/example_task_group.py
[2023-07-02T22:50:32.378+0000] {logging_mixin.py:137} INFO - [2023-07-02T22:50:32.378+0000] {dag.py:2690} INFO - Sync 1 DAGs
[2023-07-02T22:50:32.418+0000] {logging_mixin.py:137} INFO - [2023-07-02T22:50:32.418+0000] {dag.py:3441} INFO - Setting next_dagrun for example_task_group to 2023-07-01T22:50:32.418359+00:00, run_after=2023-07-02T22:50:32.418359+00:00
[2023-07-02T22:50:32.462+0000] {processor.py:175} INFO - Processing /home/airflow/.local/lib/python3.7/site-packages/airflow/example_dags/example_task_group.py took 0.174 seconds
[2023-07-02T22:51:03.373+0000] {processor.py:153} INFO - Started process (PID=2469) to work on /home/airflow/.local/lib/python3.7/site-packages/airflow/example_dags/example_task_group.py
[2023-07-02T22:51:03.376+0000] {processor.py:743} INFO - Processing file /home/airflow/.local/lib/python3.7/site-packages/airflow/example_dags/example_task_group.py for tasks to queue
[2023-07-02T22:51:03.390+0000] {logging_mixin.py:137} INFO - [2023-07-02T22:51:03.389+0000] {dagbag.py:538} INFO - Filling up the DagBag from /home/airflow/.local/lib/python3.7/site-packages/airflow/example_dags/example_task_group.py
[2023-07-02T22:51:03.421+0000] {processor.py:753} INFO - DAG(s) dict_keys(['example_task_group']) retrieved from /home/airflow/.local/lib/python3.7/site-packages/airflow/example_dags/example_task_group.py
[2023-07-02T22:51:03.458+0000] {logging_mixin.py:137} INFO - [2023-07-02T22:51:03.458+0000] {dag.py:2690} INFO - Sync 1 DAGs
[2023-07-02T22:51:03.486+0000] {logging_mixin.py:137} INFO - [2023-07-02T22:51:03.485+0000] {dag.py:3441} INFO - Setting next_dagrun for example_task_group to 2023-07-01T22:51:03.485661+00:00, run_after=2023-07-02T22:51:03.485661+00:00
[2023-07-02T22:51:03.521+0000] {processor.py:175} INFO - Processing /home/airflow/.local/lib/python3.7/site-packages/airflow/example_dags/example_task_group.py took 0.158 seconds
[2023-07-02T22:55:12.161+0000] {processor.py:153} INFO - Started process (PID=2508) to work on /home/airflow/.local/lib/python3.7/site-packages/airflow/example_dags/example_task_group.py
[2023-07-02T22:55:12.179+0000] {processor.py:743} INFO - Processing file /home/airflow/.local/lib/python3.7/site-packages/airflow/example_dags/example_task_group.py for tasks to queue
[2023-07-02T22:55:12.185+0000] {logging_mixin.py:137} INFO - [2023-07-02T22:55:12.183+0000] {dagbag.py:538} INFO - Filling up the DagBag from /home/airflow/.local/lib/python3.7/site-packages/airflow/example_dags/example_task_group.py
[2023-07-02T22:55:12.322+0000] {processor.py:753} INFO - DAG(s) dict_keys(['example_task_group']) retrieved from /home/airflow/.local/lib/python3.7/site-packages/airflow/example_dags/example_task_group.py
[2023-07-02T22:55:12.496+0000] {logging_mixin.py:137} INFO - [2023-07-02T22:55:12.496+0000] {dag.py:2690} INFO - Sync 1 DAGs
[2023-07-02T22:55:12.680+0000] {logging_mixin.py:137} INFO - [2023-07-02T22:55:12.680+0000] {dag.py:3441} INFO - Setting next_dagrun for example_task_group to 2023-07-01T22:55:12.680302+00:00, run_after=2023-07-02T22:55:12.680302+00:00
[2023-07-02T22:55:12.800+0000] {processor.py:175} INFO - Processing /home/airflow/.local/lib/python3.7/site-packages/airflow/example_dags/example_task_group.py took 0.665 seconds
[2023-07-02T22:55:43.121+0000] {processor.py:153} INFO - Started process (PID=2567) to work on /home/airflow/.local/lib/python3.7/site-packages/airflow/example_dags/example_task_group.py
[2023-07-02T22:55:43.124+0000] {processor.py:743} INFO - Processing file /home/airflow/.local/lib/python3.7/site-packages/airflow/example_dags/example_task_group.py for tasks to queue
[2023-07-02T22:55:43.127+0000] {logging_mixin.py:137} INFO - [2023-07-02T22:55:43.126+0000] {dagbag.py:538} INFO - Filling up the DagBag from /home/airflow/.local/lib/python3.7/site-packages/airflow/example_dags/example_task_group.py
[2023-07-02T22:55:43.154+0000] {processor.py:753} INFO - DAG(s) dict_keys(['example_task_group']) retrieved from /home/airflow/.local/lib/python3.7/site-packages/airflow/example_dags/example_task_group.py
[2023-07-02T22:55:43.197+0000] {logging_mixin.py:137} INFO - [2023-07-02T22:55:43.197+0000] {dag.py:2690} INFO - Sync 1 DAGs
[2023-07-02T22:55:43.227+0000] {logging_mixin.py:137} INFO - [2023-07-02T22:55:43.226+0000] {dag.py:3441} INFO - Setting next_dagrun for example_task_group to 2023-07-01T22:55:43.226580+00:00, run_after=2023-07-02T22:55:43.226580+00:00
[2023-07-02T22:55:43.252+0000] {processor.py:175} INFO - Processing /home/airflow/.local/lib/python3.7/site-packages/airflow/example_dags/example_task_group.py took 0.138 seconds
[2023-07-02T22:56:14.235+0000] {processor.py:153} INFO - Started process (PID=2625) to work on /home/airflow/.local/lib/python3.7/site-packages/airflow/example_dags/example_task_group.py
[2023-07-02T22:56:14.239+0000] {processor.py:743} INFO - Processing file /home/airflow/.local/lib/python3.7/site-packages/airflow/example_dags/example_task_group.py for tasks to queue
[2023-07-02T22:56:14.242+0000] {logging_mixin.py:137} INFO - [2023-07-02T22:56:14.242+0000] {dagbag.py:538} INFO - Filling up the DagBag from /home/airflow/.local/lib/python3.7/site-packages/airflow/example_dags/example_task_group.py
[2023-07-02T22:56:14.275+0000] {processor.py:753} INFO - DAG(s) dict_keys(['example_task_group']) retrieved from /home/airflow/.local/lib/python3.7/site-packages/airflow/example_dags/example_task_group.py
[2023-07-02T22:56:14.317+0000] {logging_mixin.py:137} INFO - [2023-07-02T22:56:14.316+0000] {dag.py:2690} INFO - Sync 1 DAGs
[2023-07-02T22:56:14.346+0000] {logging_mixin.py:137} INFO - [2023-07-02T22:56:14.345+0000] {dag.py:3441} INFO - Setting next_dagrun for example_task_group to 2023-07-01T22:56:14.345608+00:00, run_after=2023-07-02T22:56:14.345608+00:00
[2023-07-02T22:56:14.376+0000] {processor.py:175} INFO - Processing /home/airflow/.local/lib/python3.7/site-packages/airflow/example_dags/example_task_group.py took 0.147 seconds
[2023-07-02T23:02:29.063+0000] {processor.py:153} INFO - Started process (PID=2681) to work on /home/airflow/.local/lib/python3.7/site-packages/airflow/example_dags/example_task_group.py
[2023-07-02T23:02:29.070+0000] {processor.py:743} INFO - Processing file /home/airflow/.local/lib/python3.7/site-packages/airflow/example_dags/example_task_group.py for tasks to queue
[2023-07-02T23:02:29.082+0000] {logging_mixin.py:137} INFO - [2023-07-02T23:02:29.078+0000] {dagbag.py:538} INFO - Filling up the DagBag from /home/airflow/.local/lib/python3.7/site-packages/airflow/example_dags/example_task_group.py
[2023-07-02T23:02:29.198+0000] {processor.py:753} INFO - DAG(s) dict_keys(['example_task_group']) retrieved from /home/airflow/.local/lib/python3.7/site-packages/airflow/example_dags/example_task_group.py
[2023-07-02T23:02:29.367+0000] {logging_mixin.py:137} INFO - [2023-07-02T23:02:29.367+0000] {dag.py:2690} INFO - Sync 1 DAGs
[2023-07-02T23:02:29.528+0000] {logging_mixin.py:137} INFO - [2023-07-02T23:02:29.528+0000] {dag.py:3441} INFO - Setting next_dagrun for example_task_group to 2023-07-01T23:02:29.527922+00:00, run_after=2023-07-02T23:02:29.527922+00:00
[2023-07-02T23:02:29.676+0000] {processor.py:175} INFO - Processing /home/airflow/.local/lib/python3.7/site-packages/airflow/example_dags/example_task_group.py took 0.638 seconds
[2023-07-02T23:03:10.009+0000] {processor.py:153} INFO - Started process (PID=2742) to work on /home/airflow/.local/lib/python3.7/site-packages/airflow/example_dags/example_task_group.py
[2023-07-02T23:03:10.025+0000] {processor.py:743} INFO - Processing file /home/airflow/.local/lib/python3.7/site-packages/airflow/example_dags/example_task_group.py for tasks to queue
[2023-07-02T23:03:10.039+0000] {logging_mixin.py:137} INFO - [2023-07-02T23:03:10.033+0000] {dagbag.py:538} INFO - Filling up the DagBag from /home/airflow/.local/lib/python3.7/site-packages/airflow/example_dags/example_task_group.py
[2023-07-02T23:03:10.369+0000] {processor.py:753} INFO - DAG(s) dict_keys(['example_task_group']) retrieved from /home/airflow/.local/lib/python3.7/site-packages/airflow/example_dags/example_task_group.py
[2023-07-02T23:03:10.436+0000] {logging_mixin.py:137} INFO - [2023-07-02T23:03:10.436+0000] {dag.py:2690} INFO - Sync 1 DAGs
[2023-07-02T23:03:10.536+0000] {logging_mixin.py:137} INFO - [2023-07-02T23:03:10.535+0000] {dag.py:3441} INFO - Setting next_dagrun for example_task_group to 2023-07-01T23:03:10.535466+00:00, run_after=2023-07-02T23:03:10.535466+00:00
[2023-07-02T23:03:10.654+0000] {processor.py:175} INFO - Processing /home/airflow/.local/lib/python3.7/site-packages/airflow/example_dags/example_task_group.py took 0.702 seconds
[2023-07-02T23:03:41.032+0000] {processor.py:153} INFO - Started process (PID=2801) to work on /home/airflow/.local/lib/python3.7/site-packages/airflow/example_dags/example_task_group.py
[2023-07-02T23:03:41.035+0000] {processor.py:743} INFO - Processing file /home/airflow/.local/lib/python3.7/site-packages/airflow/example_dags/example_task_group.py for tasks to queue
[2023-07-02T23:03:41.042+0000] {logging_mixin.py:137} INFO - [2023-07-02T23:03:41.038+0000] {dagbag.py:538} INFO - Filling up the DagBag from /home/airflow/.local/lib/python3.7/site-packages/airflow/example_dags/example_task_group.py
[2023-07-02T23:03:41.121+0000] {processor.py:753} INFO - DAG(s) dict_keys(['example_task_group']) retrieved from /home/airflow/.local/lib/python3.7/site-packages/airflow/example_dags/example_task_group.py
[2023-07-02T23:03:41.213+0000] {logging_mixin.py:137} INFO - [2023-07-02T23:03:41.213+0000] {dag.py:2690} INFO - Sync 1 DAGs
[2023-07-02T23:03:41.280+0000] {logging_mixin.py:137} INFO - [2023-07-02T23:03:41.280+0000] {dag.py:3441} INFO - Setting next_dagrun for example_task_group to 2023-07-01T23:03:41.279782+00:00, run_after=2023-07-02T23:03:41.279782+00:00
[2023-07-02T23:03:41.357+0000] {processor.py:175} INFO - Processing /home/airflow/.local/lib/python3.7/site-packages/airflow/example_dags/example_task_group.py took 0.330 seconds
[2023-07-02T23:07:18.070+0000] {processor.py:153} INFO - Started process (PID=2873) to work on /home/airflow/.local/lib/python3.7/site-packages/airflow/example_dags/example_task_group.py
[2023-07-02T23:07:18.083+0000] {processor.py:743} INFO - Processing file /home/airflow/.local/lib/python3.7/site-packages/airflow/example_dags/example_task_group.py for tasks to queue
[2023-07-02T23:07:18.086+0000] {logging_mixin.py:137} INFO - [2023-07-02T23:07:18.085+0000] {dagbag.py:538} INFO - Filling up the DagBag from /home/airflow/.local/lib/python3.7/site-packages/airflow/example_dags/example_task_group.py
[2023-07-02T23:07:18.254+0000] {processor.py:753} INFO - DAG(s) dict_keys(['example_task_group']) retrieved from /home/airflow/.local/lib/python3.7/site-packages/airflow/example_dags/example_task_group.py
[2023-07-02T23:07:18.409+0000] {logging_mixin.py:137} INFO - [2023-07-02T23:07:18.409+0000] {dag.py:2690} INFO - Sync 1 DAGs
[2023-07-02T23:07:18.549+0000] {logging_mixin.py:137} INFO - [2023-07-02T23:07:18.549+0000] {dag.py:3441} INFO - Setting next_dagrun for example_task_group to 2023-07-01T23:07:18.548846+00:00, run_after=2023-07-02T23:07:18.548846+00:00
[2023-07-02T23:07:18.667+0000] {processor.py:175} INFO - Processing /home/airflow/.local/lib/python3.7/site-packages/airflow/example_dags/example_task_group.py took 0.626 seconds
[2023-07-02T23:07:48.921+0000] {processor.py:153} INFO - Started process (PID=2930) to work on /home/airflow/.local/lib/python3.7/site-packages/airflow/example_dags/example_task_group.py
[2023-07-02T23:07:48.927+0000] {processor.py:743} INFO - Processing file /home/airflow/.local/lib/python3.7/site-packages/airflow/example_dags/example_task_group.py for tasks to queue
[2023-07-02T23:07:48.933+0000] {logging_mixin.py:137} INFO - [2023-07-02T23:07:48.932+0000] {dagbag.py:538} INFO - Filling up the DagBag from /home/airflow/.local/lib/python3.7/site-packages/airflow/example_dags/example_task_group.py
[2023-07-02T23:07:48.969+0000] {processor.py:753} INFO - DAG(s) dict_keys(['example_task_group']) retrieved from /home/airflow/.local/lib/python3.7/site-packages/airflow/example_dags/example_task_group.py
[2023-07-02T23:07:49.007+0000] {logging_mixin.py:137} INFO - [2023-07-02T23:07:49.007+0000] {dag.py:2690} INFO - Sync 1 DAGs
[2023-07-02T23:07:49.044+0000] {logging_mixin.py:137} INFO - [2023-07-02T23:07:49.044+0000] {dag.py:3441} INFO - Setting next_dagrun for example_task_group to 2023-07-01T23:07:49.043778+00:00, run_after=2023-07-02T23:07:49.043778+00:00
[2023-07-02T23:07:49.081+0000] {processor.py:175} INFO - Processing /home/airflow/.local/lib/python3.7/site-packages/airflow/example_dags/example_task_group.py took 0.174 seconds
[2023-07-02T23:08:24.546+0000] {processor.py:153} INFO - Started process (PID=2980) to work on /home/airflow/.local/lib/python3.7/site-packages/airflow/example_dags/example_task_group.py
[2023-07-02T23:08:24.549+0000] {processor.py:743} INFO - Processing file /home/airflow/.local/lib/python3.7/site-packages/airflow/example_dags/example_task_group.py for tasks to queue
[2023-07-02T23:08:24.551+0000] {logging_mixin.py:137} INFO - [2023-07-02T23:08:24.551+0000] {dagbag.py:538} INFO - Filling up the DagBag from /home/airflow/.local/lib/python3.7/site-packages/airflow/example_dags/example_task_group.py
[2023-07-02T23:08:24.590+0000] {processor.py:753} INFO - DAG(s) dict_keys(['example_task_group']) retrieved from /home/airflow/.local/lib/python3.7/site-packages/airflow/example_dags/example_task_group.py
[2023-07-02T23:08:24.672+0000] {logging_mixin.py:137} INFO - [2023-07-02T23:08:24.672+0000] {dag.py:2690} INFO - Sync 1 DAGs
[2023-07-02T23:08:24.749+0000] {logging_mixin.py:137} INFO - [2023-07-02T23:08:24.749+0000] {dag.py:3441} INFO - Setting next_dagrun for example_task_group to 2023-07-01T23:08:24.749305+00:00, run_after=2023-07-02T23:08:24.749305+00:00
[2023-07-02T23:08:24.810+0000] {processor.py:175} INFO - Processing /home/airflow/.local/lib/python3.7/site-packages/airflow/example_dags/example_task_group.py took 0.274 seconds
[2023-07-02T23:09:02.570+0000] {processor.py:153} INFO - Started process (PID=3013) to work on /home/airflow/.local/lib/python3.7/site-packages/airflow/example_dags/example_task_group.py
[2023-07-02T23:09:02.578+0000] {processor.py:743} INFO - Processing file /home/airflow/.local/lib/python3.7/site-packages/airflow/example_dags/example_task_group.py for tasks to queue
[2023-07-02T23:09:02.594+0000] {logging_mixin.py:137} INFO - [2023-07-02T23:09:02.594+0000] {dagbag.py:538} INFO - Filling up the DagBag from /home/airflow/.local/lib/python3.7/site-packages/airflow/example_dags/example_task_group.py
[2023-07-02T23:09:02.722+0000] {processor.py:753} INFO - DAG(s) dict_keys(['example_task_group']) retrieved from /home/airflow/.local/lib/python3.7/site-packages/airflow/example_dags/example_task_group.py
[2023-07-02T23:09:03.299+0000] {logging_mixin.py:137} INFO - [2023-07-02T23:09:03.299+0000] {dag.py:2690} INFO - Sync 1 DAGs
[2023-07-02T23:09:03.433+0000] {logging_mixin.py:137} INFO - [2023-07-02T23:09:03.433+0000] {dag.py:3441} INFO - Setting next_dagrun for example_task_group to 2023-07-01T23:09:03.433264+00:00, run_after=2023-07-02T23:09:03.433264+00:00
[2023-07-02T23:09:03.617+0000] {processor.py:175} INFO - Processing /home/airflow/.local/lib/python3.7/site-packages/airflow/example_dags/example_task_group.py took 1.077 seconds
[2023-07-02T23:09:34.445+0000] {processor.py:153} INFO - Started process (PID=3073) to work on /home/airflow/.local/lib/python3.7/site-packages/airflow/example_dags/example_task_group.py
[2023-07-02T23:09:34.448+0000] {processor.py:743} INFO - Processing file /home/airflow/.local/lib/python3.7/site-packages/airflow/example_dags/example_task_group.py for tasks to queue
[2023-07-02T23:09:34.451+0000] {logging_mixin.py:137} INFO - [2023-07-02T23:09:34.450+0000] {dagbag.py:538} INFO - Filling up the DagBag from /home/airflow/.local/lib/python3.7/site-packages/airflow/example_dags/example_task_group.py
[2023-07-02T23:09:34.482+0000] {processor.py:753} INFO - DAG(s) dict_keys(['example_task_group']) retrieved from /home/airflow/.local/lib/python3.7/site-packages/airflow/example_dags/example_task_group.py
[2023-07-02T23:09:34.515+0000] {logging_mixin.py:137} INFO - [2023-07-02T23:09:34.515+0000] {dag.py:2690} INFO - Sync 1 DAGs
[2023-07-02T23:09:34.548+0000] {logging_mixin.py:137} INFO - [2023-07-02T23:09:34.547+0000] {dag.py:3441} INFO - Setting next_dagrun for example_task_group to 2023-07-01T23:09:34.547637+00:00, run_after=2023-07-02T23:09:34.547637+00:00
[2023-07-02T23:09:34.576+0000] {processor.py:175} INFO - Processing /home/airflow/.local/lib/python3.7/site-packages/airflow/example_dags/example_task_group.py took 0.137 seconds
