[2023-07-02T03:01:44.372+0000] {processor.py:153} INFO - Started process (PID=41) to work on /home/airflow/.local/lib/python3.7/site-packages/airflow/example_dags/example_skip_dag.py
[2023-07-02T03:01:44.379+0000] {processor.py:743} INFO - Processing file /home/airflow/.local/lib/python3.7/site-packages/airflow/example_dags/example_skip_dag.py for tasks to queue
[2023-07-02T03:01:44.388+0000] {logging_mixin.py:137} INFO - [2023-07-02T03:01:44.386+0000] {dagbag.py:538} INFO - Filling up the DagBag from /home/airflow/.local/lib/python3.7/site-packages/airflow/example_dags/example_skip_dag.py
[2023-07-02T03:01:44.590+0000] {processor.py:753} INFO - DAG(s) dict_keys(['example_skip_dag']) retrieved from /home/airflow/.local/lib/python3.7/site-packages/airflow/example_dags/example_skip_dag.py
[2023-07-02T03:01:44.820+0000] {logging_mixin.py:137} INFO - [2023-07-02T03:01:44.820+0000] {dag.py:2690} INFO - Sync 1 DAGs
[2023-07-02T03:01:44.959+0000] {logging_mixin.py:137} INFO - [2023-07-02T03:01:44.959+0000] {dag.py:3441} INFO - Setting next_dagrun for example_skip_dag to 2023-07-01T03:01:44.958724+00:00, run_after=2023-07-02T03:01:44.958724+00:00
[2023-07-02T03:01:45.076+0000] {processor.py:175} INFO - Processing /home/airflow/.local/lib/python3.7/site-packages/airflow/example_dags/example_skip_dag.py took 0.738 seconds
[2023-07-02T03:02:16.067+0000] {processor.py:153} INFO - Started process (PID=98) to work on /home/airflow/.local/lib/python3.7/site-packages/airflow/example_dags/example_skip_dag.py
[2023-07-02T03:02:16.072+0000] {processor.py:743} INFO - Processing file /home/airflow/.local/lib/python3.7/site-packages/airflow/example_dags/example_skip_dag.py for tasks to queue
[2023-07-02T03:02:16.075+0000] {logging_mixin.py:137} INFO - [2023-07-02T03:02:16.074+0000] {dagbag.py:538} INFO - Filling up the DagBag from /home/airflow/.local/lib/python3.7/site-packages/airflow/example_dags/example_skip_dag.py
[2023-07-02T03:02:16.101+0000] {processor.py:753} INFO - DAG(s) dict_keys(['example_skip_dag']) retrieved from /home/airflow/.local/lib/python3.7/site-packages/airflow/example_dags/example_skip_dag.py
[2023-07-02T03:02:16.142+0000] {logging_mixin.py:137} INFO - [2023-07-02T03:02:16.141+0000] {dag.py:2690} INFO - Sync 1 DAGs
[2023-07-02T03:02:16.182+0000] {logging_mixin.py:137} INFO - [2023-07-02T03:02:16.182+0000] {dag.py:3441} INFO - Setting next_dagrun for example_skip_dag to 2023-07-01T03:02:16.181887+00:00, run_after=2023-07-02T03:02:16.181887+00:00
[2023-07-02T03:02:16.208+0000] {processor.py:175} INFO - Processing /home/airflow/.local/lib/python3.7/site-packages/airflow/example_dags/example_skip_dag.py took 0.152 seconds
[2023-07-02T03:02:46.251+0000] {processor.py:153} INFO - Started process (PID=157) to work on /home/airflow/.local/lib/python3.7/site-packages/airflow/example_dags/example_skip_dag.py
[2023-07-02T03:02:46.254+0000] {processor.py:743} INFO - Processing file /home/airflow/.local/lib/python3.7/site-packages/airflow/example_dags/example_skip_dag.py for tasks to queue
[2023-07-02T03:02:46.257+0000] {logging_mixin.py:137} INFO - [2023-07-02T03:02:46.257+0000] {dagbag.py:538} INFO - Filling up the DagBag from /home/airflow/.local/lib/python3.7/site-packages/airflow/example_dags/example_skip_dag.py
[2023-07-02T03:02:46.284+0000] {processor.py:753} INFO - DAG(s) dict_keys(['example_skip_dag']) retrieved from /home/airflow/.local/lib/python3.7/site-packages/airflow/example_dags/example_skip_dag.py
[2023-07-02T03:02:46.324+0000] {logging_mixin.py:137} INFO - [2023-07-02T03:02:46.324+0000] {dag.py:2690} INFO - Sync 1 DAGs
[2023-07-02T03:02:46.363+0000] {logging_mixin.py:137} INFO - [2023-07-02T03:02:46.362+0000] {dag.py:3441} INFO - Setting next_dagrun for example_skip_dag to 2023-07-01T03:02:46.362690+00:00, run_after=2023-07-02T03:02:46.362690+00:00
[2023-07-02T03:02:46.394+0000] {processor.py:175} INFO - Processing /home/airflow/.local/lib/python3.7/site-packages/airflow/example_dags/example_skip_dag.py took 0.150 seconds
[2023-07-02T03:03:16.561+0000] {processor.py:153} INFO - Started process (PID=225) to work on /home/airflow/.local/lib/python3.7/site-packages/airflow/example_dags/example_skip_dag.py
[2023-07-02T03:03:16.569+0000] {processor.py:743} INFO - Processing file /home/airflow/.local/lib/python3.7/site-packages/airflow/example_dags/example_skip_dag.py for tasks to queue
[2023-07-02T03:03:16.572+0000] {logging_mixin.py:137} INFO - [2023-07-02T03:03:16.571+0000] {dagbag.py:538} INFO - Filling up the DagBag from /home/airflow/.local/lib/python3.7/site-packages/airflow/example_dags/example_skip_dag.py
[2023-07-02T03:03:16.634+0000] {processor.py:753} INFO - DAG(s) dict_keys(['example_skip_dag']) retrieved from /home/airflow/.local/lib/python3.7/site-packages/airflow/example_dags/example_skip_dag.py
[2023-07-02T03:03:16.697+0000] {logging_mixin.py:137} INFO - [2023-07-02T03:03:16.696+0000] {dag.py:2690} INFO - Sync 1 DAGs
[2023-07-02T03:03:16.769+0000] {logging_mixin.py:137} INFO - [2023-07-02T03:03:16.769+0000] {dag.py:3441} INFO - Setting next_dagrun for example_skip_dag to 2023-07-01T03:03:16.769038+00:00, run_after=2023-07-02T03:03:16.769038+00:00
[2023-07-02T03:03:16.814+0000] {processor.py:175} INFO - Processing /home/airflow/.local/lib/python3.7/site-packages/airflow/example_dags/example_skip_dag.py took 0.263 seconds
[2023-07-02T03:03:47.012+0000] {processor.py:153} INFO - Started process (PID=283) to work on /home/airflow/.local/lib/python3.7/site-packages/airflow/example_dags/example_skip_dag.py
[2023-07-02T03:03:47.016+0000] {processor.py:743} INFO - Processing file /home/airflow/.local/lib/python3.7/site-packages/airflow/example_dags/example_skip_dag.py for tasks to queue
[2023-07-02T03:03:47.018+0000] {logging_mixin.py:137} INFO - [2023-07-02T03:03:47.018+0000] {dagbag.py:538} INFO - Filling up the DagBag from /home/airflow/.local/lib/python3.7/site-packages/airflow/example_dags/example_skip_dag.py
[2023-07-02T03:03:47.036+0000] {processor.py:753} INFO - DAG(s) dict_keys(['example_skip_dag']) retrieved from /home/airflow/.local/lib/python3.7/site-packages/airflow/example_dags/example_skip_dag.py
[2023-07-02T03:03:47.074+0000] {logging_mixin.py:137} INFO - [2023-07-02T03:03:47.073+0000] {dag.py:2690} INFO - Sync 1 DAGs
[2023-07-02T03:03:47.125+0000] {logging_mixin.py:137} INFO - [2023-07-02T03:03:47.125+0000] {dag.py:3441} INFO - Setting next_dagrun for example_skip_dag to 2023-07-01T03:03:47.125104+00:00, run_after=2023-07-02T03:03:47.125104+00:00
[2023-07-02T03:03:47.173+0000] {processor.py:175} INFO - Processing /home/airflow/.local/lib/python3.7/site-packages/airflow/example_dags/example_skip_dag.py took 0.165 seconds
[2023-07-02T03:04:17.913+0000] {processor.py:153} INFO - Started process (PID=342) to work on /home/airflow/.local/lib/python3.7/site-packages/airflow/example_dags/example_skip_dag.py
[2023-07-02T03:04:17.925+0000] {processor.py:743} INFO - Processing file /home/airflow/.local/lib/python3.7/site-packages/airflow/example_dags/example_skip_dag.py for tasks to queue
[2023-07-02T03:04:17.940+0000] {logging_mixin.py:137} INFO - [2023-07-02T03:04:17.940+0000] {dagbag.py:538} INFO - Filling up the DagBag from /home/airflow/.local/lib/python3.7/site-packages/airflow/example_dags/example_skip_dag.py
[2023-07-02T03:04:18.082+0000] {processor.py:753} INFO - DAG(s) dict_keys(['example_skip_dag']) retrieved from /home/airflow/.local/lib/python3.7/site-packages/airflow/example_dags/example_skip_dag.py
[2023-07-02T03:04:18.176+0000] {logging_mixin.py:137} INFO - [2023-07-02T03:04:18.176+0000] {dag.py:2690} INFO - Sync 1 DAGs
[2023-07-02T03:04:18.265+0000] {logging_mixin.py:137} INFO - [2023-07-02T03:04:18.263+0000] {dag.py:3441} INFO - Setting next_dagrun for example_skip_dag to 2023-07-01T03:04:18.263154+00:00, run_after=2023-07-02T03:04:18.263154+00:00
[2023-07-02T03:04:18.334+0000] {processor.py:175} INFO - Processing /home/airflow/.local/lib/python3.7/site-packages/airflow/example_dags/example_skip_dag.py took 0.452 seconds
[2023-07-02T03:04:49.225+0000] {processor.py:153} INFO - Started process (PID=400) to work on /home/airflow/.local/lib/python3.7/site-packages/airflow/example_dags/example_skip_dag.py
[2023-07-02T03:04:49.229+0000] {processor.py:743} INFO - Processing file /home/airflow/.local/lib/python3.7/site-packages/airflow/example_dags/example_skip_dag.py for tasks to queue
[2023-07-02T03:04:49.234+0000] {logging_mixin.py:137} INFO - [2023-07-02T03:04:49.234+0000] {dagbag.py:538} INFO - Filling up the DagBag from /home/airflow/.local/lib/python3.7/site-packages/airflow/example_dags/example_skip_dag.py
[2023-07-02T03:04:49.335+0000] {processor.py:753} INFO - DAG(s) dict_keys(['example_skip_dag']) retrieved from /home/airflow/.local/lib/python3.7/site-packages/airflow/example_dags/example_skip_dag.py
[2023-07-02T03:04:49.432+0000] {logging_mixin.py:137} INFO - [2023-07-02T03:04:49.432+0000] {dag.py:2690} INFO - Sync 1 DAGs
[2023-07-02T03:04:49.517+0000] {logging_mixin.py:137} INFO - [2023-07-02T03:04:49.517+0000] {dag.py:3441} INFO - Setting next_dagrun for example_skip_dag to 2023-07-01T03:04:49.516934+00:00, run_after=2023-07-02T03:04:49.516934+00:00
[2023-07-02T03:04:49.579+0000] {processor.py:175} INFO - Processing /home/airflow/.local/lib/python3.7/site-packages/airflow/example_dags/example_skip_dag.py took 0.376 seconds
[2023-07-02T03:05:19.672+0000] {processor.py:153} INFO - Started process (PID=457) to work on /home/airflow/.local/lib/python3.7/site-packages/airflow/example_dags/example_skip_dag.py
[2023-07-02T03:05:19.682+0000] {processor.py:743} INFO - Processing file /home/airflow/.local/lib/python3.7/site-packages/airflow/example_dags/example_skip_dag.py for tasks to queue
[2023-07-02T03:05:19.686+0000] {logging_mixin.py:137} INFO - [2023-07-02T03:05:19.686+0000] {dagbag.py:538} INFO - Filling up the DagBag from /home/airflow/.local/lib/python3.7/site-packages/airflow/example_dags/example_skip_dag.py
[2023-07-02T03:05:19.750+0000] {processor.py:753} INFO - DAG(s) dict_keys(['example_skip_dag']) retrieved from /home/airflow/.local/lib/python3.7/site-packages/airflow/example_dags/example_skip_dag.py
[2023-07-02T03:05:19.789+0000] {logging_mixin.py:137} INFO - [2023-07-02T03:05:19.789+0000] {dag.py:2690} INFO - Sync 1 DAGs
[2023-07-02T03:05:19.828+0000] {logging_mixin.py:137} INFO - [2023-07-02T03:05:19.827+0000] {dag.py:3441} INFO - Setting next_dagrun for example_skip_dag to 2023-07-01T03:05:19.827641+00:00, run_after=2023-07-02T03:05:19.827641+00:00
[2023-07-02T03:05:19.860+0000] {processor.py:175} INFO - Processing /home/airflow/.local/lib/python3.7/site-packages/airflow/example_dags/example_skip_dag.py took 0.203 seconds
[2023-07-02T03:05:50.766+0000] {processor.py:153} INFO - Started process (PID=507) to work on /home/airflow/.local/lib/python3.7/site-packages/airflow/example_dags/example_skip_dag.py
[2023-07-02T03:05:50.788+0000] {processor.py:743} INFO - Processing file /home/airflow/.local/lib/python3.7/site-packages/airflow/example_dags/example_skip_dag.py for tasks to queue
[2023-07-02T03:05:50.797+0000] {logging_mixin.py:137} INFO - [2023-07-02T03:05:50.795+0000] {dagbag.py:538} INFO - Filling up the DagBag from /home/airflow/.local/lib/python3.7/site-packages/airflow/example_dags/example_skip_dag.py
[2023-07-02T03:05:50.833+0000] {processor.py:753} INFO - DAG(s) dict_keys(['example_skip_dag']) retrieved from /home/airflow/.local/lib/python3.7/site-packages/airflow/example_dags/example_skip_dag.py
[2023-07-02T03:05:50.929+0000] {logging_mixin.py:137} INFO - [2023-07-02T03:05:50.929+0000] {dag.py:2690} INFO - Sync 1 DAGs
[2023-07-02T03:05:51.046+0000] {logging_mixin.py:137} INFO - [2023-07-02T03:05:51.046+0000] {dag.py:3441} INFO - Setting next_dagrun for example_skip_dag to 2023-07-01T03:05:51.046339+00:00, run_after=2023-07-02T03:05:51.046339+00:00
[2023-07-02T03:05:51.130+0000] {processor.py:175} INFO - Processing /home/airflow/.local/lib/python3.7/site-packages/airflow/example_dags/example_skip_dag.py took 0.377 seconds
[2023-07-02T03:29:23.269+0000] {processor.py:153} INFO - Started process (PID=576) to work on /home/airflow/.local/lib/python3.7/site-packages/airflow/example_dags/example_skip_dag.py
[2023-07-02T03:29:23.297+0000] {processor.py:743} INFO - Processing file /home/airflow/.local/lib/python3.7/site-packages/airflow/example_dags/example_skip_dag.py for tasks to queue
[2023-07-02T03:29:23.318+0000] {logging_mixin.py:137} INFO - [2023-07-02T03:29:23.316+0000] {dagbag.py:538} INFO - Filling up the DagBag from /home/airflow/.local/lib/python3.7/site-packages/airflow/example_dags/example_skip_dag.py
[2023-07-02T03:29:23.824+0000] {processor.py:753} INFO - DAG(s) dict_keys(['example_skip_dag']) retrieved from /home/airflow/.local/lib/python3.7/site-packages/airflow/example_dags/example_skip_dag.py
[2023-07-02T03:29:24.610+0000] {logging_mixin.py:137} INFO - [2023-07-02T03:29:24.610+0000] {dag.py:2690} INFO - Sync 1 DAGs
[2023-07-02T03:29:24.997+0000] {logging_mixin.py:137} INFO - [2023-07-02T03:29:24.997+0000] {dag.py:3441} INFO - Setting next_dagrun for example_skip_dag to 2023-07-01T03:29:24.996850+00:00, run_after=2023-07-02T03:29:24.996850+00:00
[2023-07-02T03:29:25.274+0000] {processor.py:175} INFO - Processing /home/airflow/.local/lib/python3.7/site-packages/airflow/example_dags/example_skip_dag.py took 2.082 seconds
[2023-07-02T04:52:33.334+0000] {processor.py:153} INFO - Started process (PID=627) to work on /home/airflow/.local/lib/python3.7/site-packages/airflow/example_dags/example_skip_dag.py
[2023-07-02T04:52:33.341+0000] {processor.py:743} INFO - Processing file /home/airflow/.local/lib/python3.7/site-packages/airflow/example_dags/example_skip_dag.py for tasks to queue
[2023-07-02T04:52:33.349+0000] {logging_mixin.py:137} INFO - [2023-07-02T04:52:33.348+0000] {dagbag.py:538} INFO - Filling up the DagBag from /home/airflow/.local/lib/python3.7/site-packages/airflow/example_dags/example_skip_dag.py
[2023-07-02T04:52:33.527+0000] {processor.py:753} INFO - DAG(s) dict_keys(['example_skip_dag']) retrieved from /home/airflow/.local/lib/python3.7/site-packages/airflow/example_dags/example_skip_dag.py
[2023-07-02T04:52:33.775+0000] {logging_mixin.py:137} INFO - [2023-07-02T04:52:33.775+0000] {dag.py:2690} INFO - Sync 1 DAGs
[2023-07-02T04:52:34.062+0000] {logging_mixin.py:137} INFO - [2023-07-02T04:52:34.062+0000] {dag.py:3441} INFO - Setting next_dagrun for example_skip_dag to 2023-07-01T04:52:34.062421+00:00, run_after=2023-07-02T04:52:34.062421+00:00
[2023-07-02T04:52:34.408+0000] {processor.py:175} INFO - Processing /home/airflow/.local/lib/python3.7/site-packages/airflow/example_dags/example_skip_dag.py took 1.134 seconds
[2023-07-02T06:43:42.281+0000] {processor.py:153} INFO - Started process (PID=684) to work on /home/airflow/.local/lib/python3.7/site-packages/airflow/example_dags/example_skip_dag.py
[2023-07-02T06:43:42.303+0000] {processor.py:743} INFO - Processing file /home/airflow/.local/lib/python3.7/site-packages/airflow/example_dags/example_skip_dag.py for tasks to queue
[2023-07-02T06:43:42.315+0000] {logging_mixin.py:137} INFO - [2023-07-02T06:43:42.312+0000] {dagbag.py:538} INFO - Filling up the DagBag from /home/airflow/.local/lib/python3.7/site-packages/airflow/example_dags/example_skip_dag.py
[2023-07-02T06:43:42.529+0000] {processor.py:753} INFO - DAG(s) dict_keys(['example_skip_dag']) retrieved from /home/airflow/.local/lib/python3.7/site-packages/airflow/example_dags/example_skip_dag.py
[2023-07-02T06:43:42.742+0000] {logging_mixin.py:137} INFO - [2023-07-02T06:43:42.741+0000] {dag.py:2690} INFO - Sync 1 DAGs
[2023-07-02T06:43:42.861+0000] {logging_mixin.py:137} INFO - [2023-07-02T06:43:42.861+0000] {dag.py:3441} INFO - Setting next_dagrun for example_skip_dag to 2023-07-01T06:43:42.861028+00:00, run_after=2023-07-02T06:43:42.861028+00:00
[2023-07-02T06:43:43.038+0000] {processor.py:175} INFO - Processing /home/airflow/.local/lib/python3.7/site-packages/airflow/example_dags/example_skip_dag.py took 0.801 seconds
[2023-07-02T08:23:15.908+0000] {processor.py:153} INFO - Started process (PID=733) to work on /home/airflow/.local/lib/python3.7/site-packages/airflow/example_dags/example_skip_dag.py
[2023-07-02T08:23:15.913+0000] {processor.py:743} INFO - Processing file /home/airflow/.local/lib/python3.7/site-packages/airflow/example_dags/example_skip_dag.py for tasks to queue
[2023-07-02T08:23:15.917+0000] {logging_mixin.py:137} INFO - [2023-07-02T08:23:15.917+0000] {dagbag.py:538} INFO - Filling up the DagBag from /home/airflow/.local/lib/python3.7/site-packages/airflow/example_dags/example_skip_dag.py
[2023-07-02T08:23:15.943+0000] {processor.py:753} INFO - DAG(s) dict_keys(['example_skip_dag']) retrieved from /home/airflow/.local/lib/python3.7/site-packages/airflow/example_dags/example_skip_dag.py
[2023-07-02T08:23:15.986+0000] {logging_mixin.py:137} INFO - [2023-07-02T08:23:15.986+0000] {dag.py:2690} INFO - Sync 1 DAGs
[2023-07-02T08:23:16.020+0000] {logging_mixin.py:137} INFO - [2023-07-02T08:23:16.019+0000] {dag.py:3441} INFO - Setting next_dagrun for example_skip_dag to 2023-07-01T08:23:16.019486+00:00, run_after=2023-07-02T08:23:16.019486+00:00
[2023-07-02T08:23:16.054+0000] {processor.py:175} INFO - Processing /home/airflow/.local/lib/python3.7/site-packages/airflow/example_dags/example_skip_dag.py took 0.158 seconds
[2023-07-02T08:52:17.825+0000] {processor.py:153} INFO - Started process (PID=752) to work on /home/airflow/.local/lib/python3.7/site-packages/airflow/example_dags/example_skip_dag.py
[2023-07-02T08:52:17.831+0000] {processor.py:743} INFO - Processing file /home/airflow/.local/lib/python3.7/site-packages/airflow/example_dags/example_skip_dag.py for tasks to queue
[2023-07-02T08:52:17.844+0000] {logging_mixin.py:137} INFO - [2023-07-02T08:52:17.844+0000] {dagbag.py:538} INFO - Filling up the DagBag from /home/airflow/.local/lib/python3.7/site-packages/airflow/example_dags/example_skip_dag.py
[2023-07-02T08:52:17.998+0000] {processor.py:753} INFO - DAG(s) dict_keys(['example_skip_dag']) retrieved from /home/airflow/.local/lib/python3.7/site-packages/airflow/example_dags/example_skip_dag.py
[2023-07-02T08:52:18.081+0000] {logging_mixin.py:137} INFO - [2023-07-02T08:52:18.081+0000] {dag.py:2690} INFO - Sync 1 DAGs
[2023-07-02T08:52:18.143+0000] {logging_mixin.py:137} INFO - [2023-07-02T08:52:18.143+0000] {dag.py:3441} INFO - Setting next_dagrun for example_skip_dag to 2023-07-01T08:52:18.143140+00:00, run_after=2023-07-02T08:52:18.143140+00:00
[2023-07-02T08:52:18.208+0000] {processor.py:175} INFO - Processing /home/airflow/.local/lib/python3.7/site-packages/airflow/example_dags/example_skip_dag.py took 0.446 seconds
[2023-07-02T09:44:49.356+0000] {processor.py:153} INFO - Started process (PID=800) to work on /home/airflow/.local/lib/python3.7/site-packages/airflow/example_dags/example_skip_dag.py
[2023-07-02T09:44:49.370+0000] {processor.py:743} INFO - Processing file /home/airflow/.local/lib/python3.7/site-packages/airflow/example_dags/example_skip_dag.py for tasks to queue
[2023-07-02T09:44:49.383+0000] {logging_mixin.py:137} INFO - [2023-07-02T09:44:49.380+0000] {dagbag.py:538} INFO - Filling up the DagBag from /home/airflow/.local/lib/python3.7/site-packages/airflow/example_dags/example_skip_dag.py
[2023-07-02T09:44:49.596+0000] {processor.py:753} INFO - DAG(s) dict_keys(['example_skip_dag']) retrieved from /home/airflow/.local/lib/python3.7/site-packages/airflow/example_dags/example_skip_dag.py
[2023-07-02T09:44:49.768+0000] {logging_mixin.py:137} INFO - [2023-07-02T09:44:49.767+0000] {dag.py:2690} INFO - Sync 1 DAGs
[2023-07-02T09:44:49.897+0000] {logging_mixin.py:137} INFO - [2023-07-02T09:44:49.897+0000] {dag.py:3441} INFO - Setting next_dagrun for example_skip_dag to 2023-07-01T09:44:49.896998+00:00, run_after=2023-07-02T09:44:49.896998+00:00
[2023-07-02T09:44:50.173+0000] {processor.py:175} INFO - Processing /home/airflow/.local/lib/python3.7/site-packages/airflow/example_dags/example_skip_dag.py took 0.841 seconds
[2023-07-02T09:45:20.493+0000] {processor.py:153} INFO - Started process (PID=858) to work on /home/airflow/.local/lib/python3.7/site-packages/airflow/example_dags/example_skip_dag.py
[2023-07-02T09:45:20.497+0000] {processor.py:743} INFO - Processing file /home/airflow/.local/lib/python3.7/site-packages/airflow/example_dags/example_skip_dag.py for tasks to queue
[2023-07-02T09:45:20.499+0000] {logging_mixin.py:137} INFO - [2023-07-02T09:45:20.499+0000] {dagbag.py:538} INFO - Filling up the DagBag from /home/airflow/.local/lib/python3.7/site-packages/airflow/example_dags/example_skip_dag.py
[2023-07-02T09:45:20.520+0000] {processor.py:753} INFO - DAG(s) dict_keys(['example_skip_dag']) retrieved from /home/airflow/.local/lib/python3.7/site-packages/airflow/example_dags/example_skip_dag.py
[2023-07-02T09:45:20.568+0000] {logging_mixin.py:137} INFO - [2023-07-02T09:45:20.568+0000] {dag.py:2690} INFO - Sync 1 DAGs
[2023-07-02T09:45:20.603+0000] {logging_mixin.py:137} INFO - [2023-07-02T09:45:20.602+0000] {dag.py:3441} INFO - Setting next_dagrun for example_skip_dag to 2023-07-01T09:45:20.602374+00:00, run_after=2023-07-02T09:45:20.602374+00:00
[2023-07-02T09:45:20.651+0000] {processor.py:175} INFO - Processing /home/airflow/.local/lib/python3.7/site-packages/airflow/example_dags/example_skip_dag.py took 0.165 seconds
[2023-07-02T09:57:11.517+0000] {processor.py:153} INFO - Started process (PID=886) to work on /home/airflow/.local/lib/python3.7/site-packages/airflow/example_dags/example_skip_dag.py
[2023-07-02T09:57:11.544+0000] {processor.py:743} INFO - Processing file /home/airflow/.local/lib/python3.7/site-packages/airflow/example_dags/example_skip_dag.py for tasks to queue
[2023-07-02T09:57:11.560+0000] {logging_mixin.py:137} INFO - [2023-07-02T09:57:11.560+0000] {dagbag.py:538} INFO - Filling up the DagBag from /home/airflow/.local/lib/python3.7/site-packages/airflow/example_dags/example_skip_dag.py
[2023-07-02T09:57:12.078+0000] {processor.py:753} INFO - DAG(s) dict_keys(['example_skip_dag']) retrieved from /home/airflow/.local/lib/python3.7/site-packages/airflow/example_dags/example_skip_dag.py
[2023-07-02T09:57:12.667+0000] {logging_mixin.py:137} INFO - [2023-07-02T09:57:12.667+0000] {dag.py:2690} INFO - Sync 1 DAGs
[2023-07-02T09:57:12.968+0000] {logging_mixin.py:137} INFO - [2023-07-02T09:57:12.968+0000] {dag.py:3441} INFO - Setting next_dagrun for example_skip_dag to 2023-07-01T09:57:12.967642+00:00, run_after=2023-07-02T09:57:12.967642+00:00
[2023-07-02T09:57:13.157+0000] {processor.py:175} INFO - Processing /home/airflow/.local/lib/python3.7/site-packages/airflow/example_dags/example_skip_dag.py took 1.787 seconds
[2023-07-02T10:12:28.095+0000] {processor.py:153} INFO - Started process (PID=920) to work on /home/airflow/.local/lib/python3.7/site-packages/airflow/example_dags/example_skip_dag.py
[2023-07-02T10:12:28.105+0000] {processor.py:743} INFO - Processing file /home/airflow/.local/lib/python3.7/site-packages/airflow/example_dags/example_skip_dag.py for tasks to queue
[2023-07-02T10:12:28.114+0000] {logging_mixin.py:137} INFO - [2023-07-02T10:12:28.110+0000] {dagbag.py:538} INFO - Filling up the DagBag from /home/airflow/.local/lib/python3.7/site-packages/airflow/example_dags/example_skip_dag.py
[2023-07-02T10:12:28.261+0000] {processor.py:753} INFO - DAG(s) dict_keys(['example_skip_dag']) retrieved from /home/airflow/.local/lib/python3.7/site-packages/airflow/example_dags/example_skip_dag.py
[2023-07-02T10:12:28.408+0000] {logging_mixin.py:137} INFO - [2023-07-02T10:12:28.407+0000] {dag.py:2690} INFO - Sync 1 DAGs
[2023-07-02T10:12:28.442+0000] {logging_mixin.py:137} INFO - [2023-07-02T10:12:28.442+0000] {dag.py:3441} INFO - Setting next_dagrun for example_skip_dag to 2023-07-01T10:12:28.442217+00:00, run_after=2023-07-02T10:12:28.442217+00:00
[2023-07-02T10:12:28.479+0000] {processor.py:175} INFO - Processing /home/airflow/.local/lib/python3.7/site-packages/airflow/example_dags/example_skip_dag.py took 0.400 seconds
[2023-07-02T10:12:58.719+0000] {processor.py:153} INFO - Started process (PID=971) to work on /home/airflow/.local/lib/python3.7/site-packages/airflow/example_dags/example_skip_dag.py
[2023-07-02T10:12:58.740+0000] {processor.py:743} INFO - Processing file /home/airflow/.local/lib/python3.7/site-packages/airflow/example_dags/example_skip_dag.py for tasks to queue
[2023-07-02T10:12:58.754+0000] {logging_mixin.py:137} INFO - [2023-07-02T10:12:58.751+0000] {dagbag.py:538} INFO - Filling up the DagBag from /home/airflow/.local/lib/python3.7/site-packages/airflow/example_dags/example_skip_dag.py
[2023-07-02T10:12:58.953+0000] {processor.py:753} INFO - DAG(s) dict_keys(['example_skip_dag']) retrieved from /home/airflow/.local/lib/python3.7/site-packages/airflow/example_dags/example_skip_dag.py
[2023-07-02T10:12:59.559+0000] {logging_mixin.py:137} INFO - [2023-07-02T10:12:59.555+0000] {dag.py:2690} INFO - Sync 1 DAGs
[2023-07-02T10:12:59.827+0000] {logging_mixin.py:137} INFO - [2023-07-02T10:12:59.827+0000] {dag.py:3441} INFO - Setting next_dagrun for example_skip_dag to 2023-07-01T10:12:59.827272+00:00, run_after=2023-07-02T10:12:59.827272+00:00
[2023-07-02T10:12:59.991+0000] {processor.py:175} INFO - Processing /home/airflow/.local/lib/python3.7/site-packages/airflow/example_dags/example_skip_dag.py took 1.336 seconds
[2023-07-02T10:13:33.899+0000] {processor.py:153} INFO - Started process (PID=1028) to work on /home/airflow/.local/lib/python3.7/site-packages/airflow/example_dags/example_skip_dag.py
[2023-07-02T10:13:33.915+0000] {processor.py:743} INFO - Processing file /home/airflow/.local/lib/python3.7/site-packages/airflow/example_dags/example_skip_dag.py for tasks to queue
[2023-07-02T10:13:33.924+0000] {logging_mixin.py:137} INFO - [2023-07-02T10:13:33.924+0000] {dagbag.py:538} INFO - Filling up the DagBag from /home/airflow/.local/lib/python3.7/site-packages/airflow/example_dags/example_skip_dag.py
[2023-07-02T10:13:34.204+0000] {processor.py:753} INFO - DAG(s) dict_keys(['example_skip_dag']) retrieved from /home/airflow/.local/lib/python3.7/site-packages/airflow/example_dags/example_skip_dag.py
[2023-07-02T10:13:34.526+0000] {logging_mixin.py:137} INFO - [2023-07-02T10:13:34.525+0000] {dag.py:2690} INFO - Sync 1 DAGs
[2023-07-02T10:13:34.678+0000] {logging_mixin.py:137} INFO - [2023-07-02T10:13:34.677+0000] {dag.py:3441} INFO - Setting next_dagrun for example_skip_dag to 2023-07-01T10:13:34.673012+00:00, run_after=2023-07-02T10:13:34.673012+00:00
[2023-07-02T10:13:34.745+0000] {processor.py:175} INFO - Processing /home/airflow/.local/lib/python3.7/site-packages/airflow/example_dags/example_skip_dag.py took 0.897 seconds
[2023-07-02T10:19:44.521+0000] {processor.py:153} INFO - Started process (PID=1056) to work on /home/airflow/.local/lib/python3.7/site-packages/airflow/example_dags/example_skip_dag.py
[2023-07-02T10:19:44.533+0000] {processor.py:743} INFO - Processing file /home/airflow/.local/lib/python3.7/site-packages/airflow/example_dags/example_skip_dag.py for tasks to queue
[2023-07-02T10:19:44.537+0000] {logging_mixin.py:137} INFO - [2023-07-02T10:19:44.537+0000] {dagbag.py:538} INFO - Filling up the DagBag from /home/airflow/.local/lib/python3.7/site-packages/airflow/example_dags/example_skip_dag.py
[2023-07-02T10:19:44.719+0000] {processor.py:753} INFO - DAG(s) dict_keys(['example_skip_dag']) retrieved from /home/airflow/.local/lib/python3.7/site-packages/airflow/example_dags/example_skip_dag.py
[2023-07-02T10:19:44.915+0000] {logging_mixin.py:137} INFO - [2023-07-02T10:19:44.914+0000] {dag.py:2690} INFO - Sync 1 DAGs
[2023-07-02T10:19:45.067+0000] {logging_mixin.py:137} INFO - [2023-07-02T10:19:45.067+0000] {dag.py:3441} INFO - Setting next_dagrun for example_skip_dag to 2023-07-01T10:19:45.057376+00:00, run_after=2023-07-02T10:19:45.057376+00:00
[2023-07-02T10:19:45.213+0000] {processor.py:175} INFO - Processing /home/airflow/.local/lib/python3.7/site-packages/airflow/example_dags/example_skip_dag.py took 0.713 seconds
[2023-07-02T10:34:47.714+0000] {processor.py:153} INFO - Started process (PID=1104) to work on /home/airflow/.local/lib/python3.7/site-packages/airflow/example_dags/example_skip_dag.py
[2023-07-02T10:34:47.720+0000] {processor.py:743} INFO - Processing file /home/airflow/.local/lib/python3.7/site-packages/airflow/example_dags/example_skip_dag.py for tasks to queue
[2023-07-02T10:34:47.724+0000] {logging_mixin.py:137} INFO - [2023-07-02T10:34:47.723+0000] {dagbag.py:538} INFO - Filling up the DagBag from /home/airflow/.local/lib/python3.7/site-packages/airflow/example_dags/example_skip_dag.py
[2023-07-02T10:34:47.772+0000] {processor.py:753} INFO - DAG(s) dict_keys(['example_skip_dag']) retrieved from /home/airflow/.local/lib/python3.7/site-packages/airflow/example_dags/example_skip_dag.py
[2023-07-02T10:34:47.883+0000] {logging_mixin.py:137} INFO - [2023-07-02T10:34:47.883+0000] {dag.py:2690} INFO - Sync 1 DAGs
[2023-07-02T10:34:47.984+0000] {logging_mixin.py:137} INFO - [2023-07-02T10:34:47.983+0000] {dag.py:3441} INFO - Setting next_dagrun for example_skip_dag to 2023-07-01T10:34:47.983149+00:00, run_after=2023-07-02T10:34:47.983149+00:00
[2023-07-02T10:34:48.196+0000] {processor.py:175} INFO - Processing /home/airflow/.local/lib/python3.7/site-packages/airflow/example_dags/example_skip_dag.py took 0.500 seconds
[2023-07-02T11:39:48.230+0000] {processor.py:153} INFO - Started process (PID=1144) to work on /home/airflow/.local/lib/python3.7/site-packages/airflow/example_dags/example_skip_dag.py
[2023-07-02T11:39:48.262+0000] {processor.py:743} INFO - Processing file /home/airflow/.local/lib/python3.7/site-packages/airflow/example_dags/example_skip_dag.py for tasks to queue
[2023-07-02T11:39:48.266+0000] {logging_mixin.py:137} INFO - [2023-07-02T11:39:48.266+0000] {dagbag.py:538} INFO - Filling up the DagBag from /home/airflow/.local/lib/python3.7/site-packages/airflow/example_dags/example_skip_dag.py
[2023-07-02T11:39:48.470+0000] {processor.py:753} INFO - DAG(s) dict_keys(['example_skip_dag']) retrieved from /home/airflow/.local/lib/python3.7/site-packages/airflow/example_dags/example_skip_dag.py
[2023-07-02T11:39:48.630+0000] {logging_mixin.py:137} INFO - [2023-07-02T11:39:48.629+0000] {dag.py:2690} INFO - Sync 1 DAGs
[2023-07-02T11:39:48.750+0000] {logging_mixin.py:137} INFO - [2023-07-02T11:39:48.742+0000] {dag.py:3441} INFO - Setting next_dagrun for example_skip_dag to 2023-07-01T11:39:48.742288+00:00, run_after=2023-07-02T11:39:48.742288+00:00
[2023-07-02T11:39:49.019+0000] {processor.py:175} INFO - Processing /home/airflow/.local/lib/python3.7/site-packages/airflow/example_dags/example_skip_dag.py took 0.803 seconds
[2023-07-02T12:07:34.944+0000] {processor.py:153} INFO - Started process (PID=1200) to work on /home/airflow/.local/lib/python3.7/site-packages/airflow/example_dags/example_skip_dag.py
[2023-07-02T12:07:34.948+0000] {processor.py:743} INFO - Processing file /home/airflow/.local/lib/python3.7/site-packages/airflow/example_dags/example_skip_dag.py for tasks to queue
[2023-07-02T12:07:34.953+0000] {logging_mixin.py:137} INFO - [2023-07-02T12:07:34.952+0000] {dagbag.py:538} INFO - Filling up the DagBag from /home/airflow/.local/lib/python3.7/site-packages/airflow/example_dags/example_skip_dag.py
[2023-07-02T12:07:35.020+0000] {processor.py:753} INFO - DAG(s) dict_keys(['example_skip_dag']) retrieved from /home/airflow/.local/lib/python3.7/site-packages/airflow/example_dags/example_skip_dag.py
[2023-07-02T12:07:35.107+0000] {logging_mixin.py:137} INFO - [2023-07-02T12:07:35.107+0000] {dag.py:2690} INFO - Sync 1 DAGs
[2023-07-02T12:07:35.146+0000] {logging_mixin.py:137} INFO - [2023-07-02T12:07:35.145+0000] {dag.py:3441} INFO - Setting next_dagrun for example_skip_dag to 2023-07-01T12:07:35.145146+00:00, run_after=2023-07-02T12:07:35.145146+00:00
[2023-07-02T12:07:35.182+0000] {processor.py:175} INFO - Processing /home/airflow/.local/lib/python3.7/site-packages/airflow/example_dags/example_skip_dag.py took 0.260 seconds
[2023-07-02T12:08:05.780+0000] {processor.py:153} INFO - Started process (PID=1260) to work on /home/airflow/.local/lib/python3.7/site-packages/airflow/example_dags/example_skip_dag.py
[2023-07-02T12:08:05.792+0000] {processor.py:743} INFO - Processing file /home/airflow/.local/lib/python3.7/site-packages/airflow/example_dags/example_skip_dag.py for tasks to queue
[2023-07-02T12:08:05.805+0000] {logging_mixin.py:137} INFO - [2023-07-02T12:08:05.800+0000] {dagbag.py:538} INFO - Filling up the DagBag from /home/airflow/.local/lib/python3.7/site-packages/airflow/example_dags/example_skip_dag.py
[2023-07-02T12:08:05.940+0000] {processor.py:753} INFO - DAG(s) dict_keys(['example_skip_dag']) retrieved from /home/airflow/.local/lib/python3.7/site-packages/airflow/example_dags/example_skip_dag.py
[2023-07-02T12:08:06.002+0000] {logging_mixin.py:137} INFO - [2023-07-02T12:08:06.002+0000] {dag.py:2690} INFO - Sync 1 DAGs
[2023-07-02T12:08:06.062+0000] {logging_mixin.py:137} INFO - [2023-07-02T12:08:06.062+0000] {dag.py:3441} INFO - Setting next_dagrun for example_skip_dag to 2023-07-01T12:08:06.060689+00:00, run_after=2023-07-02T12:08:06.060689+00:00
[2023-07-02T12:08:06.107+0000] {processor.py:175} INFO - Processing /home/airflow/.local/lib/python3.7/site-packages/airflow/example_dags/example_skip_dag.py took 0.351 seconds
[2023-07-02T12:08:36.881+0000] {processor.py:153} INFO - Started process (PID=1318) to work on /home/airflow/.local/lib/python3.7/site-packages/airflow/example_dags/example_skip_dag.py
[2023-07-02T12:08:36.887+0000] {processor.py:743} INFO - Processing file /home/airflow/.local/lib/python3.7/site-packages/airflow/example_dags/example_skip_dag.py for tasks to queue
[2023-07-02T12:08:36.891+0000] {logging_mixin.py:137} INFO - [2023-07-02T12:08:36.890+0000] {dagbag.py:538} INFO - Filling up the DagBag from /home/airflow/.local/lib/python3.7/site-packages/airflow/example_dags/example_skip_dag.py
[2023-07-02T12:08:36.947+0000] {processor.py:753} INFO - DAG(s) dict_keys(['example_skip_dag']) retrieved from /home/airflow/.local/lib/python3.7/site-packages/airflow/example_dags/example_skip_dag.py
[2023-07-02T12:08:37.021+0000] {logging_mixin.py:137} INFO - [2023-07-02T12:08:37.020+0000] {dag.py:2690} INFO - Sync 1 DAGs
[2023-07-02T12:08:37.062+0000] {logging_mixin.py:137} INFO - [2023-07-02T12:08:37.062+0000] {dag.py:3441} INFO - Setting next_dagrun for example_skip_dag to 2023-07-01T12:08:37.061948+00:00, run_after=2023-07-02T12:08:37.061948+00:00
[2023-07-02T12:08:37.148+0000] {processor.py:175} INFO - Processing /home/airflow/.local/lib/python3.7/site-packages/airflow/example_dags/example_skip_dag.py took 0.283 seconds
[2023-07-02T12:09:07.476+0000] {processor.py:153} INFO - Started process (PID=1376) to work on /home/airflow/.local/lib/python3.7/site-packages/airflow/example_dags/example_skip_dag.py
[2023-07-02T12:09:07.480+0000] {processor.py:743} INFO - Processing file /home/airflow/.local/lib/python3.7/site-packages/airflow/example_dags/example_skip_dag.py for tasks to queue
[2023-07-02T12:09:07.483+0000] {logging_mixin.py:137} INFO - [2023-07-02T12:09:07.483+0000] {dagbag.py:538} INFO - Filling up the DagBag from /home/airflow/.local/lib/python3.7/site-packages/airflow/example_dags/example_skip_dag.py
[2023-07-02T12:09:07.514+0000] {processor.py:753} INFO - DAG(s) dict_keys(['example_skip_dag']) retrieved from /home/airflow/.local/lib/python3.7/site-packages/airflow/example_dags/example_skip_dag.py
[2023-07-02T12:09:07.559+0000] {logging_mixin.py:137} INFO - [2023-07-02T12:09:07.559+0000] {dag.py:2690} INFO - Sync 1 DAGs
[2023-07-02T12:09:07.592+0000] {logging_mixin.py:137} INFO - [2023-07-02T12:09:07.592+0000] {dag.py:3441} INFO - Setting next_dagrun for example_skip_dag to 2023-07-01T12:09:07.592237+00:00, run_after=2023-07-02T12:09:07.592237+00:00
[2023-07-02T12:09:07.636+0000] {processor.py:175} INFO - Processing /home/airflow/.local/lib/python3.7/site-packages/airflow/example_dags/example_skip_dag.py took 0.170 seconds
[2023-07-02T12:09:38.008+0000] {processor.py:153} INFO - Started process (PID=1434) to work on /home/airflow/.local/lib/python3.7/site-packages/airflow/example_dags/example_skip_dag.py
[2023-07-02T12:09:38.015+0000] {processor.py:743} INFO - Processing file /home/airflow/.local/lib/python3.7/site-packages/airflow/example_dags/example_skip_dag.py for tasks to queue
[2023-07-02T12:09:38.017+0000] {logging_mixin.py:137} INFO - [2023-07-02T12:09:38.017+0000] {dagbag.py:538} INFO - Filling up the DagBag from /home/airflow/.local/lib/python3.7/site-packages/airflow/example_dags/example_skip_dag.py
[2023-07-02T12:09:38.045+0000] {processor.py:753} INFO - DAG(s) dict_keys(['example_skip_dag']) retrieved from /home/airflow/.local/lib/python3.7/site-packages/airflow/example_dags/example_skip_dag.py
[2023-07-02T12:09:38.090+0000] {logging_mixin.py:137} INFO - [2023-07-02T12:09:38.090+0000] {dag.py:2690} INFO - Sync 1 DAGs
[2023-07-02T12:09:38.126+0000] {logging_mixin.py:137} INFO - [2023-07-02T12:09:38.126+0000] {dag.py:3441} INFO - Setting next_dagrun for example_skip_dag to 2023-07-01T12:09:38.126174+00:00, run_after=2023-07-02T12:09:38.126174+00:00
[2023-07-02T12:09:38.162+0000] {processor.py:175} INFO - Processing /home/airflow/.local/lib/python3.7/site-packages/airflow/example_dags/example_skip_dag.py took 0.161 seconds
[2023-07-02T12:10:08.503+0000] {processor.py:153} INFO - Started process (PID=1491) to work on /home/airflow/.local/lib/python3.7/site-packages/airflow/example_dags/example_skip_dag.py
[2023-07-02T12:10:08.508+0000] {processor.py:743} INFO - Processing file /home/airflow/.local/lib/python3.7/site-packages/airflow/example_dags/example_skip_dag.py for tasks to queue
[2023-07-02T12:10:08.512+0000] {logging_mixin.py:137} INFO - [2023-07-02T12:10:08.511+0000] {dagbag.py:538} INFO - Filling up the DagBag from /home/airflow/.local/lib/python3.7/site-packages/airflow/example_dags/example_skip_dag.py
[2023-07-02T12:10:08.550+0000] {processor.py:753} INFO - DAG(s) dict_keys(['example_skip_dag']) retrieved from /home/airflow/.local/lib/python3.7/site-packages/airflow/example_dags/example_skip_dag.py
[2023-07-02T12:10:08.628+0000] {logging_mixin.py:137} INFO - [2023-07-02T12:10:08.627+0000] {dag.py:2690} INFO - Sync 1 DAGs
[2023-07-02T12:10:08.672+0000] {logging_mixin.py:137} INFO - [2023-07-02T12:10:08.671+0000] {dag.py:3441} INFO - Setting next_dagrun for example_skip_dag to 2023-07-01T12:10:08.670819+00:00, run_after=2023-07-02T12:10:08.670819+00:00
[2023-07-02T12:10:08.703+0000] {processor.py:175} INFO - Processing /home/airflow/.local/lib/python3.7/site-packages/airflow/example_dags/example_skip_dag.py took 0.229 seconds
[2023-07-02T12:18:25.153+0000] {processor.py:153} INFO - Started process (PID=1523) to work on /home/airflow/.local/lib/python3.7/site-packages/airflow/example_dags/example_skip_dag.py
[2023-07-02T12:18:25.176+0000] {processor.py:743} INFO - Processing file /home/airflow/.local/lib/python3.7/site-packages/airflow/example_dags/example_skip_dag.py for tasks to queue
[2023-07-02T12:18:25.196+0000] {logging_mixin.py:137} INFO - [2023-07-02T12:18:25.195+0000] {dagbag.py:538} INFO - Filling up the DagBag from /home/airflow/.local/lib/python3.7/site-packages/airflow/example_dags/example_skip_dag.py
[2023-07-02T12:18:25.374+0000] {processor.py:753} INFO - DAG(s) dict_keys(['example_skip_dag']) retrieved from /home/airflow/.local/lib/python3.7/site-packages/airflow/example_dags/example_skip_dag.py
[2023-07-02T12:18:25.620+0000] {logging_mixin.py:137} INFO - [2023-07-02T12:18:25.615+0000] {dag.py:2690} INFO - Sync 1 DAGs
[2023-07-02T12:18:25.833+0000] {logging_mixin.py:137} INFO - [2023-07-02T12:18:25.832+0000] {dag.py:3441} INFO - Setting next_dagrun for example_skip_dag to 2023-07-01T12:18:25.832429+00:00, run_after=2023-07-02T12:18:25.832429+00:00
[2023-07-02T12:18:25.963+0000] {processor.py:175} INFO - Processing /home/airflow/.local/lib/python3.7/site-packages/airflow/example_dags/example_skip_dag.py took 0.839 seconds
[2023-07-02T12:48:15.848+0000] {processor.py:153} INFO - Started process (PID=1562) to work on /home/airflow/.local/lib/python3.7/site-packages/airflow/example_dags/example_skip_dag.py
[2023-07-02T12:48:15.852+0000] {processor.py:743} INFO - Processing file /home/airflow/.local/lib/python3.7/site-packages/airflow/example_dags/example_skip_dag.py for tasks to queue
[2023-07-02T12:48:15.860+0000] {logging_mixin.py:137} INFO - [2023-07-02T12:48:15.858+0000] {dagbag.py:538} INFO - Filling up the DagBag from /home/airflow/.local/lib/python3.7/site-packages/airflow/example_dags/example_skip_dag.py
[2023-07-02T12:48:15.976+0000] {processor.py:753} INFO - DAG(s) dict_keys(['example_skip_dag']) retrieved from /home/airflow/.local/lib/python3.7/site-packages/airflow/example_dags/example_skip_dag.py
[2023-07-02T12:48:16.112+0000] {logging_mixin.py:137} INFO - [2023-07-02T12:48:16.112+0000] {dag.py:2690} INFO - Sync 1 DAGs
[2023-07-02T12:48:16.257+0000] {logging_mixin.py:137} INFO - [2023-07-02T12:48:16.257+0000] {dag.py:3441} INFO - Setting next_dagrun for example_skip_dag to 2023-07-01T12:48:16.256530+00:00, run_after=2023-07-02T12:48:16.256530+00:00
[2023-07-02T12:48:16.358+0000] {processor.py:175} INFO - Processing /home/airflow/.local/lib/python3.7/site-packages/airflow/example_dags/example_skip_dag.py took 0.582 seconds
[2023-07-02T13:45:17.528+0000] {processor.py:153} INFO - Started process (PID=1607) to work on /home/airflow/.local/lib/python3.7/site-packages/airflow/example_dags/example_skip_dag.py
[2023-07-02T13:45:17.557+0000] {processor.py:743} INFO - Processing file /home/airflow/.local/lib/python3.7/site-packages/airflow/example_dags/example_skip_dag.py for tasks to queue
[2023-07-02T13:45:17.564+0000] {logging_mixin.py:137} INFO - [2023-07-02T13:45:17.564+0000] {dagbag.py:538} INFO - Filling up the DagBag from /home/airflow/.local/lib/python3.7/site-packages/airflow/example_dags/example_skip_dag.py
[2023-07-02T13:45:17.760+0000] {processor.py:753} INFO - DAG(s) dict_keys(['example_skip_dag']) retrieved from /home/airflow/.local/lib/python3.7/site-packages/airflow/example_dags/example_skip_dag.py
[2023-07-02T13:45:17.970+0000] {logging_mixin.py:137} INFO - [2023-07-02T13:45:17.970+0000] {dag.py:2690} INFO - Sync 1 DAGs
[2023-07-02T13:45:18.203+0000] {logging_mixin.py:137} INFO - [2023-07-02T13:45:18.203+0000] {dag.py:3441} INFO - Setting next_dagrun for example_skip_dag to 2023-07-01T13:45:18.202893+00:00, run_after=2023-07-02T13:45:18.202893+00:00
[2023-07-02T13:45:18.403+0000] {processor.py:175} INFO - Processing /home/airflow/.local/lib/python3.7/site-packages/airflow/example_dags/example_skip_dag.py took 0.935 seconds
[2023-07-02T13:55:39.387+0000] {processor.py:153} INFO - Started process (PID=1648) to work on /home/airflow/.local/lib/python3.7/site-packages/airflow/example_dags/example_skip_dag.py
[2023-07-02T13:55:39.401+0000] {processor.py:743} INFO - Processing file /home/airflow/.local/lib/python3.7/site-packages/airflow/example_dags/example_skip_dag.py for tasks to queue
[2023-07-02T13:55:39.414+0000] {logging_mixin.py:137} INFO - [2023-07-02T13:55:39.414+0000] {dagbag.py:538} INFO - Filling up the DagBag from /home/airflow/.local/lib/python3.7/site-packages/airflow/example_dags/example_skip_dag.py
[2023-07-02T13:55:39.600+0000] {processor.py:753} INFO - DAG(s) dict_keys(['example_skip_dag']) retrieved from /home/airflow/.local/lib/python3.7/site-packages/airflow/example_dags/example_skip_dag.py
[2023-07-02T13:55:39.874+0000] {logging_mixin.py:137} INFO - [2023-07-02T13:55:39.874+0000] {dag.py:2690} INFO - Sync 1 DAGs
[2023-07-02T13:55:40.038+0000] {logging_mixin.py:137} INFO - [2023-07-02T13:55:40.037+0000] {dag.py:3441} INFO - Setting next_dagrun for example_skip_dag to 2023-07-01T13:55:40.037090+00:00, run_after=2023-07-02T13:55:40.037090+00:00
[2023-07-02T13:55:40.163+0000] {processor.py:175} INFO - Processing /home/airflow/.local/lib/python3.7/site-packages/airflow/example_dags/example_skip_dag.py took 0.794 seconds
[2023-07-02T13:56:10.307+0000] {processor.py:153} INFO - Started process (PID=1707) to work on /home/airflow/.local/lib/python3.7/site-packages/airflow/example_dags/example_skip_dag.py
[2023-07-02T13:56:10.310+0000] {processor.py:743} INFO - Processing file /home/airflow/.local/lib/python3.7/site-packages/airflow/example_dags/example_skip_dag.py for tasks to queue
[2023-07-02T13:56:10.313+0000] {logging_mixin.py:137} INFO - [2023-07-02T13:56:10.313+0000] {dagbag.py:538} INFO - Filling up the DagBag from /home/airflow/.local/lib/python3.7/site-packages/airflow/example_dags/example_skip_dag.py
[2023-07-02T13:56:10.337+0000] {processor.py:753} INFO - DAG(s) dict_keys(['example_skip_dag']) retrieved from /home/airflow/.local/lib/python3.7/site-packages/airflow/example_dags/example_skip_dag.py
[2023-07-02T13:56:10.393+0000] {logging_mixin.py:137} INFO - [2023-07-02T13:56:10.392+0000] {dag.py:2690} INFO - Sync 1 DAGs
[2023-07-02T13:56:10.437+0000] {logging_mixin.py:137} INFO - [2023-07-02T13:56:10.437+0000] {dag.py:3441} INFO - Setting next_dagrun for example_skip_dag to 2023-07-01T13:56:10.436881+00:00, run_after=2023-07-02T13:56:10.436881+00:00
[2023-07-02T13:56:10.464+0000] {processor.py:175} INFO - Processing /home/airflow/.local/lib/python3.7/site-packages/airflow/example_dags/example_skip_dag.py took 0.161 seconds
[2023-07-02T13:56:40.619+0000] {processor.py:153} INFO - Started process (PID=1772) to work on /home/airflow/.local/lib/python3.7/site-packages/airflow/example_dags/example_skip_dag.py
[2023-07-02T13:56:40.624+0000] {processor.py:743} INFO - Processing file /home/airflow/.local/lib/python3.7/site-packages/airflow/example_dags/example_skip_dag.py for tasks to queue
[2023-07-02T13:56:40.626+0000] {logging_mixin.py:137} INFO - [2023-07-02T13:56:40.626+0000] {dagbag.py:538} INFO - Filling up the DagBag from /home/airflow/.local/lib/python3.7/site-packages/airflow/example_dags/example_skip_dag.py
[2023-07-02T13:56:40.666+0000] {processor.py:753} INFO - DAG(s) dict_keys(['example_skip_dag']) retrieved from /home/airflow/.local/lib/python3.7/site-packages/airflow/example_dags/example_skip_dag.py
[2023-07-02T13:56:40.714+0000] {logging_mixin.py:137} INFO - [2023-07-02T13:56:40.714+0000] {dag.py:2690} INFO - Sync 1 DAGs
[2023-07-02T13:56:40.783+0000] {logging_mixin.py:137} INFO - [2023-07-02T13:56:40.783+0000] {dag.py:3441} INFO - Setting next_dagrun for example_skip_dag to 2023-07-01T13:56:40.783080+00:00, run_after=2023-07-02T13:56:40.783080+00:00
[2023-07-02T13:56:40.838+0000] {processor.py:175} INFO - Processing /home/airflow/.local/lib/python3.7/site-packages/airflow/example_dags/example_skip_dag.py took 0.240 seconds
[2023-07-02T13:57:11.363+0000] {processor.py:153} INFO - Started process (PID=1834) to work on /home/airflow/.local/lib/python3.7/site-packages/airflow/example_dags/example_skip_dag.py
[2023-07-02T13:57:11.366+0000] {processor.py:743} INFO - Processing file /home/airflow/.local/lib/python3.7/site-packages/airflow/example_dags/example_skip_dag.py for tasks to queue
[2023-07-02T13:57:11.371+0000] {logging_mixin.py:137} INFO - [2023-07-02T13:57:11.370+0000] {dagbag.py:538} INFO - Filling up the DagBag from /home/airflow/.local/lib/python3.7/site-packages/airflow/example_dags/example_skip_dag.py
[2023-07-02T13:57:11.394+0000] {processor.py:753} INFO - DAG(s) dict_keys(['example_skip_dag']) retrieved from /home/airflow/.local/lib/python3.7/site-packages/airflow/example_dags/example_skip_dag.py
[2023-07-02T13:57:11.435+0000] {logging_mixin.py:137} INFO - [2023-07-02T13:57:11.435+0000] {dag.py:2690} INFO - Sync 1 DAGs
[2023-07-02T13:57:11.506+0000] {logging_mixin.py:137} INFO - [2023-07-02T13:57:11.506+0000] {dag.py:3441} INFO - Setting next_dagrun for example_skip_dag to 2023-07-01T13:57:11.506351+00:00, run_after=2023-07-02T13:57:11.506351+00:00
[2023-07-02T13:57:11.557+0000] {processor.py:175} INFO - Processing /home/airflow/.local/lib/python3.7/site-packages/airflow/example_dags/example_skip_dag.py took 0.199 seconds
[2023-07-02T14:07:13.414+0000] {processor.py:153} INFO - Started process (PID=1895) to work on /home/airflow/.local/lib/python3.7/site-packages/airflow/example_dags/example_skip_dag.py
[2023-07-02T14:07:13.417+0000] {processor.py:743} INFO - Processing file /home/airflow/.local/lib/python3.7/site-packages/airflow/example_dags/example_skip_dag.py for tasks to queue
[2023-07-02T14:07:13.423+0000] {logging_mixin.py:137} INFO - [2023-07-02T14:07:13.420+0000] {dagbag.py:538} INFO - Filling up the DagBag from /home/airflow/.local/lib/python3.7/site-packages/airflow/example_dags/example_skip_dag.py
[2023-07-02T14:07:13.587+0000] {processor.py:753} INFO - DAG(s) dict_keys(['example_skip_dag']) retrieved from /home/airflow/.local/lib/python3.7/site-packages/airflow/example_dags/example_skip_dag.py
[2023-07-02T14:07:13.742+0000] {logging_mixin.py:137} INFO - [2023-07-02T14:07:13.742+0000] {dag.py:2690} INFO - Sync 1 DAGs
[2023-07-02T14:07:13.857+0000] {logging_mixin.py:137} INFO - [2023-07-02T14:07:13.857+0000] {dag.py:3441} INFO - Setting next_dagrun for example_skip_dag to 2023-07-01T14:07:13.857430+00:00, run_after=2023-07-02T14:07:13.857430+00:00
[2023-07-02T14:07:13.973+0000] {processor.py:175} INFO - Processing /home/airflow/.local/lib/python3.7/site-packages/airflow/example_dags/example_skip_dag.py took 0.587 seconds
[2023-07-02T15:57:35.281+0000] {processor.py:153} INFO - Started process (PID=1944) to work on /home/airflow/.local/lib/python3.7/site-packages/airflow/example_dags/example_skip_dag.py
[2023-07-02T15:57:35.298+0000] {processor.py:743} INFO - Processing file /home/airflow/.local/lib/python3.7/site-packages/airflow/example_dags/example_skip_dag.py for tasks to queue
[2023-07-02T15:57:35.301+0000] {logging_mixin.py:137} INFO - [2023-07-02T15:57:35.301+0000] {dagbag.py:538} INFO - Filling up the DagBag from /home/airflow/.local/lib/python3.7/site-packages/airflow/example_dags/example_skip_dag.py
[2023-07-02T15:57:35.409+0000] {processor.py:753} INFO - DAG(s) dict_keys(['example_skip_dag']) retrieved from /home/airflow/.local/lib/python3.7/site-packages/airflow/example_dags/example_skip_dag.py
[2023-07-02T15:57:35.652+0000] {logging_mixin.py:137} INFO - [2023-07-02T15:57:35.652+0000] {dag.py:2690} INFO - Sync 1 DAGs
[2023-07-02T15:57:36.015+0000] {logging_mixin.py:137} INFO - [2023-07-02T15:57:36.009+0000] {dag.py:3441} INFO - Setting next_dagrun for example_skip_dag to 2023-07-01T15:57:35.998430+00:00, run_after=2023-07-02T15:57:35.998430+00:00
[2023-07-02T15:57:36.246+0000] {processor.py:175} INFO - Processing /home/airflow/.local/lib/python3.7/site-packages/airflow/example_dags/example_skip_dag.py took 0.976 seconds
[2023-07-02T17:57:52.997+0000] {processor.py:153} INFO - Started process (PID=2003) to work on /home/airflow/.local/lib/python3.7/site-packages/airflow/example_dags/example_skip_dag.py
[2023-07-02T17:57:53.027+0000] {processor.py:743} INFO - Processing file /home/airflow/.local/lib/python3.7/site-packages/airflow/example_dags/example_skip_dag.py for tasks to queue
[2023-07-02T17:57:53.059+0000] {logging_mixin.py:137} INFO - [2023-07-02T17:57:53.050+0000] {dagbag.py:538} INFO - Filling up the DagBag from /home/airflow/.local/lib/python3.7/site-packages/airflow/example_dags/example_skip_dag.py
[2023-07-02T17:57:53.887+0000] {processor.py:753} INFO - DAG(s) dict_keys(['example_skip_dag']) retrieved from /home/airflow/.local/lib/python3.7/site-packages/airflow/example_dags/example_skip_dag.py
[2023-07-02T17:57:58.262+0000] {logging_mixin.py:137} INFO - [2023-07-02T17:57:58.261+0000] {dag.py:2690} INFO - Sync 1 DAGs
[2023-07-02T17:57:58.612+0000] {logging_mixin.py:137} INFO - [2023-07-02T17:57:58.612+0000] {dag.py:3441} INFO - Setting next_dagrun for example_skip_dag to 2023-07-01T17:57:58.608991+00:00, run_after=2023-07-02T17:57:58.608991+00:00
[2023-07-02T17:57:58.783+0000] {processor.py:175} INFO - Processing /home/airflow/.local/lib/python3.7/site-packages/airflow/example_dags/example_skip_dag.py took 6.102 seconds
[2023-07-02T18:10:14.550+0000] {processor.py:153} INFO - Started process (PID=2062) to work on /home/airflow/.local/lib/python3.7/site-packages/airflow/example_dags/example_skip_dag.py
[2023-07-02T18:10:14.559+0000] {processor.py:743} INFO - Processing file /home/airflow/.local/lib/python3.7/site-packages/airflow/example_dags/example_skip_dag.py for tasks to queue
[2023-07-02T18:10:14.586+0000] {logging_mixin.py:137} INFO - [2023-07-02T18:10:14.572+0000] {dagbag.py:538} INFO - Filling up the DagBag from /home/airflow/.local/lib/python3.7/site-packages/airflow/example_dags/example_skip_dag.py
[2023-07-02T18:10:15.337+0000] {processor.py:753} INFO - DAG(s) dict_keys(['example_skip_dag']) retrieved from /home/airflow/.local/lib/python3.7/site-packages/airflow/example_dags/example_skip_dag.py
[2023-07-02T18:10:15.658+0000] {logging_mixin.py:137} INFO - [2023-07-02T18:10:15.658+0000] {dag.py:2690} INFO - Sync 1 DAGs
[2023-07-02T18:10:15.948+0000] {logging_mixin.py:137} INFO - [2023-07-02T18:10:15.943+0000] {dag.py:3441} INFO - Setting next_dagrun for example_skip_dag to 2023-07-01T18:10:15.942384+00:00, run_after=2023-07-02T18:10:15.942384+00:00
[2023-07-02T18:10:16.187+0000] {processor.py:175} INFO - Processing /home/airflow/.local/lib/python3.7/site-packages/airflow/example_dags/example_skip_dag.py took 1.756 seconds
[2023-07-02T20:10:41.419+0000] {processor.py:153} INFO - Started process (PID=2114) to work on /home/airflow/.local/lib/python3.7/site-packages/airflow/example_dags/example_skip_dag.py
[2023-07-02T20:10:41.427+0000] {processor.py:743} INFO - Processing file /home/airflow/.local/lib/python3.7/site-packages/airflow/example_dags/example_skip_dag.py for tasks to queue
[2023-07-02T20:10:41.443+0000] {logging_mixin.py:137} INFO - [2023-07-02T20:10:41.439+0000] {dagbag.py:538} INFO - Filling up the DagBag from /home/airflow/.local/lib/python3.7/site-packages/airflow/example_dags/example_skip_dag.py
[2023-07-02T20:10:41.533+0000] {processor.py:753} INFO - DAG(s) dict_keys(['example_skip_dag']) retrieved from /home/airflow/.local/lib/python3.7/site-packages/airflow/example_dags/example_skip_dag.py
[2023-07-02T20:10:41.626+0000] {logging_mixin.py:137} INFO - [2023-07-02T20:10:41.626+0000] {dag.py:2690} INFO - Sync 1 DAGs
[2023-07-02T20:10:41.684+0000] {logging_mixin.py:137} INFO - [2023-07-02T20:10:41.684+0000] {dag.py:3441} INFO - Setting next_dagrun for example_skip_dag to 2023-07-01T20:10:41.684137+00:00, run_after=2023-07-02T20:10:41.684137+00:00
[2023-07-02T20:10:41.752+0000] {processor.py:175} INFO - Processing /home/airflow/.local/lib/python3.7/site-packages/airflow/example_dags/example_skip_dag.py took 0.405 seconds
[2023-07-02T22:11:04.830+0000] {processor.py:153} INFO - Started process (PID=2172) to work on /home/airflow/.local/lib/python3.7/site-packages/airflow/example_dags/example_skip_dag.py
[2023-07-02T22:11:04.857+0000] {processor.py:743} INFO - Processing file /home/airflow/.local/lib/python3.7/site-packages/airflow/example_dags/example_skip_dag.py for tasks to queue
[2023-07-02T22:11:04.882+0000] {logging_mixin.py:137} INFO - [2023-07-02T22:11:04.881+0000] {dagbag.py:538} INFO - Filling up the DagBag from /home/airflow/.local/lib/python3.7/site-packages/airflow/example_dags/example_skip_dag.py
[2023-07-02T22:11:05.409+0000] {processor.py:753} INFO - DAG(s) dict_keys(['example_skip_dag']) retrieved from /home/airflow/.local/lib/python3.7/site-packages/airflow/example_dags/example_skip_dag.py
[2023-07-02T22:11:05.724+0000] {logging_mixin.py:137} INFO - [2023-07-02T22:11:05.724+0000] {dag.py:2690} INFO - Sync 1 DAGs
[2023-07-02T22:11:05.935+0000] {logging_mixin.py:137} INFO - [2023-07-02T22:11:05.934+0000] {dag.py:3441} INFO - Setting next_dagrun for example_skip_dag to 2023-07-01T22:11:05.931589+00:00, run_after=2023-07-02T22:11:05.931589+00:00
[2023-07-02T22:11:06.050+0000] {processor.py:175} INFO - Processing /home/airflow/.local/lib/python3.7/site-packages/airflow/example_dags/example_skip_dag.py took 1.348 seconds
[2023-07-02T22:48:52.219+0000] {processor.py:153} INFO - Started process (PID=2227) to work on /home/airflow/.local/lib/python3.7/site-packages/airflow/example_dags/example_skip_dag.py
[2023-07-02T22:48:52.228+0000] {processor.py:743} INFO - Processing file /home/airflow/.local/lib/python3.7/site-packages/airflow/example_dags/example_skip_dag.py for tasks to queue
[2023-07-02T22:48:52.266+0000] {logging_mixin.py:137} INFO - [2023-07-02T22:48:52.242+0000] {dagbag.py:538} INFO - Filling up the DagBag from /home/airflow/.local/lib/python3.7/site-packages/airflow/example_dags/example_skip_dag.py
[2023-07-02T22:48:52.732+0000] {processor.py:753} INFO - DAG(s) dict_keys(['example_skip_dag']) retrieved from /home/airflow/.local/lib/python3.7/site-packages/airflow/example_dags/example_skip_dag.py
[2023-07-02T22:48:53.448+0000] {logging_mixin.py:137} INFO - [2023-07-02T22:48:53.448+0000] {dag.py:2690} INFO - Sync 1 DAGs
[2023-07-02T22:48:54.020+0000] {logging_mixin.py:137} INFO - [2023-07-02T22:48:54.008+0000] {dag.py:3441} INFO - Setting next_dagrun for example_skip_dag to 2023-07-01T22:48:54.005073+00:00, run_after=2023-07-02T22:48:54.005073+00:00
[2023-07-02T22:48:54.277+0000] {processor.py:175} INFO - Processing /home/airflow/.local/lib/python3.7/site-packages/airflow/example_dags/example_skip_dag.py took 2.291 seconds
[2023-07-02T22:49:25.262+0000] {processor.py:153} INFO - Started process (PID=2284) to work on /home/airflow/.local/lib/python3.7/site-packages/airflow/example_dags/example_skip_dag.py
[2023-07-02T22:49:25.288+0000] {processor.py:743} INFO - Processing file /home/airflow/.local/lib/python3.7/site-packages/airflow/example_dags/example_skip_dag.py for tasks to queue
[2023-07-02T22:49:25.304+0000] {logging_mixin.py:137} INFO - [2023-07-02T22:49:25.304+0000] {dagbag.py:538} INFO - Filling up the DagBag from /home/airflow/.local/lib/python3.7/site-packages/airflow/example_dags/example_skip_dag.py
[2023-07-02T22:49:25.419+0000] {processor.py:753} INFO - DAG(s) dict_keys(['example_skip_dag']) retrieved from /home/airflow/.local/lib/python3.7/site-packages/airflow/example_dags/example_skip_dag.py
[2023-07-02T22:49:25.601+0000] {logging_mixin.py:137} INFO - [2023-07-02T22:49:25.601+0000] {dag.py:2690} INFO - Sync 1 DAGs
[2023-07-02T22:49:25.746+0000] {logging_mixin.py:137} INFO - [2023-07-02T22:49:25.746+0000] {dag.py:3441} INFO - Setting next_dagrun for example_skip_dag to 2023-07-01T22:49:25.746095+00:00, run_after=2023-07-02T22:49:25.746095+00:00
[2023-07-02T22:49:25.879+0000] {processor.py:175} INFO - Processing /home/airflow/.local/lib/python3.7/site-packages/airflow/example_dags/example_skip_dag.py took 0.635 seconds
[2023-07-02T22:49:57.204+0000] {processor.py:153} INFO - Started process (PID=2343) to work on /home/airflow/.local/lib/python3.7/site-packages/airflow/example_dags/example_skip_dag.py
[2023-07-02T22:49:57.246+0000] {processor.py:743} INFO - Processing file /home/airflow/.local/lib/python3.7/site-packages/airflow/example_dags/example_skip_dag.py for tasks to queue
[2023-07-02T22:49:57.302+0000] {logging_mixin.py:137} INFO - [2023-07-02T22:49:57.285+0000] {dagbag.py:538} INFO - Filling up the DagBag from /home/airflow/.local/lib/python3.7/site-packages/airflow/example_dags/example_skip_dag.py
[2023-07-02T22:49:57.680+0000] {processor.py:753} INFO - DAG(s) dict_keys(['example_skip_dag']) retrieved from /home/airflow/.local/lib/python3.7/site-packages/airflow/example_dags/example_skip_dag.py
[2023-07-02T22:49:58.047+0000] {logging_mixin.py:137} INFO - [2023-07-02T22:49:58.047+0000] {dag.py:2690} INFO - Sync 1 DAGs
[2023-07-02T22:49:58.178+0000] {logging_mixin.py:137} INFO - [2023-07-02T22:49:58.178+0000] {dag.py:3441} INFO - Setting next_dagrun for example_skip_dag to 2023-07-01T22:49:58.172706+00:00, run_after=2023-07-02T22:49:58.172706+00:00
[2023-07-02T22:49:58.331+0000] {processor.py:175} INFO - Processing /home/airflow/.local/lib/python3.7/site-packages/airflow/example_dags/example_skip_dag.py took 1.262 seconds
[2023-07-02T22:50:28.549+0000] {processor.py:153} INFO - Started process (PID=2403) to work on /home/airflow/.local/lib/python3.7/site-packages/airflow/example_dags/example_skip_dag.py
[2023-07-02T22:50:28.553+0000] {processor.py:743} INFO - Processing file /home/airflow/.local/lib/python3.7/site-packages/airflow/example_dags/example_skip_dag.py for tasks to queue
[2023-07-02T22:50:28.558+0000] {logging_mixin.py:137} INFO - [2023-07-02T22:50:28.557+0000] {dagbag.py:538} INFO - Filling up the DagBag from /home/airflow/.local/lib/python3.7/site-packages/airflow/example_dags/example_skip_dag.py
[2023-07-02T22:50:28.619+0000] {processor.py:753} INFO - DAG(s) dict_keys(['example_skip_dag']) retrieved from /home/airflow/.local/lib/python3.7/site-packages/airflow/example_dags/example_skip_dag.py
[2023-07-02T22:50:28.687+0000] {logging_mixin.py:137} INFO - [2023-07-02T22:50:28.686+0000] {dag.py:2690} INFO - Sync 1 DAGs
[2023-07-02T22:50:28.747+0000] {logging_mixin.py:137} INFO - [2023-07-02T22:50:28.747+0000] {dag.py:3441} INFO - Setting next_dagrun for example_skip_dag to 2023-07-01T22:50:28.746774+00:00, run_after=2023-07-02T22:50:28.746774+00:00
[2023-07-02T22:50:28.806+0000] {processor.py:175} INFO - Processing /home/airflow/.local/lib/python3.7/site-packages/airflow/example_dags/example_skip_dag.py took 0.269 seconds
[2023-07-02T22:50:59.794+0000] {processor.py:153} INFO - Started process (PID=2464) to work on /home/airflow/.local/lib/python3.7/site-packages/airflow/example_dags/example_skip_dag.py
[2023-07-02T22:50:59.804+0000] {processor.py:743} INFO - Processing file /home/airflow/.local/lib/python3.7/site-packages/airflow/example_dags/example_skip_dag.py for tasks to queue
[2023-07-02T22:50:59.824+0000] {logging_mixin.py:137} INFO - [2023-07-02T22:50:59.824+0000] {dagbag.py:538} INFO - Filling up the DagBag from /home/airflow/.local/lib/python3.7/site-packages/airflow/example_dags/example_skip_dag.py
[2023-07-02T22:50:59.857+0000] {processor.py:753} INFO - DAG(s) dict_keys(['example_skip_dag']) retrieved from /home/airflow/.local/lib/python3.7/site-packages/airflow/example_dags/example_skip_dag.py
[2023-07-02T22:50:59.933+0000] {logging_mixin.py:137} INFO - [2023-07-02T22:50:59.932+0000] {dag.py:2690} INFO - Sync 1 DAGs
[2023-07-02T22:50:59.985+0000] {logging_mixin.py:137} INFO - [2023-07-02T22:50:59.985+0000] {dag.py:3441} INFO - Setting next_dagrun for example_skip_dag to 2023-07-01T22:50:59.984720+00:00, run_after=2023-07-02T22:50:59.984720+00:00
[2023-07-02T22:51:00.030+0000] {processor.py:175} INFO - Processing /home/airflow/.local/lib/python3.7/site-packages/airflow/example_dags/example_skip_dag.py took 0.248 seconds
[2023-07-02T22:55:09.973+0000] {processor.py:153} INFO - Started process (PID=2503) to work on /home/airflow/.local/lib/python3.7/site-packages/airflow/example_dags/example_skip_dag.py
[2023-07-02T22:55:09.981+0000] {processor.py:743} INFO - Processing file /home/airflow/.local/lib/python3.7/site-packages/airflow/example_dags/example_skip_dag.py for tasks to queue
[2023-07-02T22:55:09.988+0000] {logging_mixin.py:137} INFO - [2023-07-02T22:55:09.988+0000] {dagbag.py:538} INFO - Filling up the DagBag from /home/airflow/.local/lib/python3.7/site-packages/airflow/example_dags/example_skip_dag.py
[2023-07-02T22:55:10.122+0000] {processor.py:753} INFO - DAG(s) dict_keys(['example_skip_dag']) retrieved from /home/airflow/.local/lib/python3.7/site-packages/airflow/example_dags/example_skip_dag.py
[2023-07-02T22:55:10.298+0000] {logging_mixin.py:137} INFO - [2023-07-02T22:55:10.298+0000] {dag.py:2690} INFO - Sync 1 DAGs
[2023-07-02T22:55:10.483+0000] {logging_mixin.py:137} INFO - [2023-07-02T22:55:10.483+0000] {dag.py:3441} INFO - Setting next_dagrun for example_skip_dag to 2023-07-01T22:55:10.482691+00:00, run_after=2023-07-02T22:55:10.482691+00:00
[2023-07-02T22:55:10.638+0000] {processor.py:175} INFO - Processing /home/airflow/.local/lib/python3.7/site-packages/airflow/example_dags/example_skip_dag.py took 0.692 seconds
[2023-07-02T22:55:41.602+0000] {processor.py:153} INFO - Started process (PID=2562) to work on /home/airflow/.local/lib/python3.7/site-packages/airflow/example_dags/example_skip_dag.py
[2023-07-02T22:55:41.606+0000] {processor.py:743} INFO - Processing file /home/airflow/.local/lib/python3.7/site-packages/airflow/example_dags/example_skip_dag.py for tasks to queue
[2023-07-02T22:55:41.608+0000] {logging_mixin.py:137} INFO - [2023-07-02T22:55:41.607+0000] {dagbag.py:538} INFO - Filling up the DagBag from /home/airflow/.local/lib/python3.7/site-packages/airflow/example_dags/example_skip_dag.py
[2023-07-02T22:55:41.628+0000] {processor.py:753} INFO - DAG(s) dict_keys(['example_skip_dag']) retrieved from /home/airflow/.local/lib/python3.7/site-packages/airflow/example_dags/example_skip_dag.py
[2023-07-02T22:55:41.669+0000] {logging_mixin.py:137} INFO - [2023-07-02T22:55:41.669+0000] {dag.py:2690} INFO - Sync 1 DAGs
[2023-07-02T22:55:41.698+0000] {logging_mixin.py:137} INFO - [2023-07-02T22:55:41.698+0000] {dag.py:3441} INFO - Setting next_dagrun for example_skip_dag to 2023-07-01T22:55:41.698141+00:00, run_after=2023-07-02T22:55:41.698141+00:00
[2023-07-02T22:55:41.734+0000] {processor.py:175} INFO - Processing /home/airflow/.local/lib/python3.7/site-packages/airflow/example_dags/example_skip_dag.py took 0.144 seconds
[2023-07-02T22:56:12.706+0000] {processor.py:153} INFO - Started process (PID=2620) to work on /home/airflow/.local/lib/python3.7/site-packages/airflow/example_dags/example_skip_dag.py
[2023-07-02T22:56:12.711+0000] {processor.py:743} INFO - Processing file /home/airflow/.local/lib/python3.7/site-packages/airflow/example_dags/example_skip_dag.py for tasks to queue
[2023-07-02T22:56:12.714+0000] {logging_mixin.py:137} INFO - [2023-07-02T22:56:12.714+0000] {dagbag.py:538} INFO - Filling up the DagBag from /home/airflow/.local/lib/python3.7/site-packages/airflow/example_dags/example_skip_dag.py
[2023-07-02T22:56:12.749+0000] {processor.py:753} INFO - DAG(s) dict_keys(['example_skip_dag']) retrieved from /home/airflow/.local/lib/python3.7/site-packages/airflow/example_dags/example_skip_dag.py
[2023-07-02T22:56:12.781+0000] {logging_mixin.py:137} INFO - [2023-07-02T22:56:12.781+0000] {dag.py:2690} INFO - Sync 1 DAGs
[2023-07-02T22:56:12.819+0000] {logging_mixin.py:137} INFO - [2023-07-02T22:56:12.818+0000] {dag.py:3441} INFO - Setting next_dagrun for example_skip_dag to 2023-07-01T22:56:12.818635+00:00, run_after=2023-07-02T22:56:12.818635+00:00
[2023-07-02T22:56:12.857+0000] {processor.py:175} INFO - Processing /home/airflow/.local/lib/python3.7/site-packages/airflow/example_dags/example_skip_dag.py took 0.165 seconds
[2023-07-02T23:02:26.765+0000] {processor.py:153} INFO - Started process (PID=2674) to work on /home/airflow/.local/lib/python3.7/site-packages/airflow/example_dags/example_skip_dag.py
[2023-07-02T23:02:26.774+0000] {processor.py:743} INFO - Processing file /home/airflow/.local/lib/python3.7/site-packages/airflow/example_dags/example_skip_dag.py for tasks to queue
[2023-07-02T23:02:26.780+0000] {logging_mixin.py:137} INFO - [2023-07-02T23:02:26.779+0000] {dagbag.py:538} INFO - Filling up the DagBag from /home/airflow/.local/lib/python3.7/site-packages/airflow/example_dags/example_skip_dag.py
[2023-07-02T23:02:26.827+0000] {processor.py:753} INFO - DAG(s) dict_keys(['example_skip_dag']) retrieved from /home/airflow/.local/lib/python3.7/site-packages/airflow/example_dags/example_skip_dag.py
[2023-07-02T23:02:26.911+0000] {logging_mixin.py:137} INFO - [2023-07-02T23:02:26.910+0000] {dag.py:2690} INFO - Sync 1 DAGs
[2023-07-02T23:02:26.978+0000] {logging_mixin.py:137} INFO - [2023-07-02T23:02:26.978+0000] {dag.py:3441} INFO - Setting next_dagrun for example_skip_dag to 2023-07-01T23:02:26.977932+00:00, run_after=2023-07-02T23:02:26.977932+00:00
[2023-07-02T23:02:27.060+0000] {processor.py:175} INFO - Processing /home/airflow/.local/lib/python3.7/site-packages/airflow/example_dags/example_skip_dag.py took 0.302 seconds
[2023-07-02T23:02:58.031+0000] {processor.py:153} INFO - Started process (PID=2737) to work on /home/airflow/.local/lib/python3.7/site-packages/airflow/example_dags/example_skip_dag.py
[2023-07-02T23:02:58.034+0000] {processor.py:743} INFO - Processing file /home/airflow/.local/lib/python3.7/site-packages/airflow/example_dags/example_skip_dag.py for tasks to queue
[2023-07-02T23:02:58.036+0000] {logging_mixin.py:137} INFO - [2023-07-02T23:02:58.036+0000] {dagbag.py:538} INFO - Filling up the DagBag from /home/airflow/.local/lib/python3.7/site-packages/airflow/example_dags/example_skip_dag.py
[2023-07-02T23:02:58.067+0000] {processor.py:753} INFO - DAG(s) dict_keys(['example_skip_dag']) retrieved from /home/airflow/.local/lib/python3.7/site-packages/airflow/example_dags/example_skip_dag.py
[2023-07-02T23:02:58.107+0000] {logging_mixin.py:137} INFO - [2023-07-02T23:02:58.106+0000] {dag.py:2690} INFO - Sync 1 DAGs
[2023-07-02T23:02:58.144+0000] {logging_mixin.py:137} INFO - [2023-07-02T23:02:58.144+0000] {dag.py:3441} INFO - Setting next_dagrun for example_skip_dag to 2023-07-01T23:02:58.143885+00:00, run_after=2023-07-02T23:02:58.143885+00:00
[2023-07-02T23:02:58.214+0000] {processor.py:175} INFO - Processing /home/airflow/.local/lib/python3.7/site-packages/airflow/example_dags/example_skip_dag.py took 0.190 seconds
[2023-07-02T23:03:28.932+0000] {processor.py:153} INFO - Started process (PID=2794) to work on /home/airflow/.local/lib/python3.7/site-packages/airflow/example_dags/example_skip_dag.py
[2023-07-02T23:03:28.936+0000] {processor.py:743} INFO - Processing file /home/airflow/.local/lib/python3.7/site-packages/airflow/example_dags/example_skip_dag.py for tasks to queue
[2023-07-02T23:03:28.941+0000] {logging_mixin.py:137} INFO - [2023-07-02T23:03:28.940+0000] {dagbag.py:538} INFO - Filling up the DagBag from /home/airflow/.local/lib/python3.7/site-packages/airflow/example_dags/example_skip_dag.py
[2023-07-02T23:03:29.032+0000] {processor.py:753} INFO - DAG(s) dict_keys(['example_skip_dag']) retrieved from /home/airflow/.local/lib/python3.7/site-packages/airflow/example_dags/example_skip_dag.py
[2023-07-02T23:03:29.114+0000] {logging_mixin.py:137} INFO - [2023-07-02T23:03:29.114+0000] {dag.py:2690} INFO - Sync 1 DAGs
[2023-07-02T23:03:29.169+0000] {logging_mixin.py:137} INFO - [2023-07-02T23:03:29.169+0000] {dag.py:3441} INFO - Setting next_dagrun for example_skip_dag to 2023-07-01T23:03:29.169256+00:00, run_after=2023-07-02T23:03:29.169256+00:00
[2023-07-02T23:03:29.229+0000] {processor.py:175} INFO - Processing /home/airflow/.local/lib/python3.7/site-packages/airflow/example_dags/example_skip_dag.py took 0.318 seconds
[2023-07-02T23:04:01.650+0000] {processor.py:153} INFO - Started process (PID=2851) to work on /home/airflow/.local/lib/python3.7/site-packages/airflow/example_dags/example_skip_dag.py
[2023-07-02T23:04:01.654+0000] {processor.py:743} INFO - Processing file /home/airflow/.local/lib/python3.7/site-packages/airflow/example_dags/example_skip_dag.py for tasks to queue
[2023-07-02T23:04:01.659+0000] {logging_mixin.py:137} INFO - [2023-07-02T23:04:01.658+0000] {dagbag.py:538} INFO - Filling up the DagBag from /home/airflow/.local/lib/python3.7/site-packages/airflow/example_dags/example_skip_dag.py
[2023-07-02T23:04:01.704+0000] {processor.py:753} INFO - DAG(s) dict_keys(['example_skip_dag']) retrieved from /home/airflow/.local/lib/python3.7/site-packages/airflow/example_dags/example_skip_dag.py
[2023-07-02T23:04:01.746+0000] {logging_mixin.py:137} INFO - [2023-07-02T23:04:01.746+0000] {dag.py:2690} INFO - Sync 1 DAGs
[2023-07-02T23:04:01.789+0000] {logging_mixin.py:137} INFO - [2023-07-02T23:04:01.788+0000] {dag.py:3441} INFO - Setting next_dagrun for example_skip_dag to 2023-07-01T23:04:01.788490+00:00, run_after=2023-07-02T23:04:01.788490+00:00
[2023-07-02T23:04:01.830+0000] {processor.py:175} INFO - Processing /home/airflow/.local/lib/python3.7/site-packages/airflow/example_dags/example_skip_dag.py took 0.199 seconds
[2023-07-02T23:07:15.318+0000] {processor.py:153} INFO - Started process (PID=2859) to work on /home/airflow/.local/lib/python3.7/site-packages/airflow/example_dags/example_skip_dag.py
[2023-07-02T23:07:15.321+0000] {processor.py:743} INFO - Processing file /home/airflow/.local/lib/python3.7/site-packages/airflow/example_dags/example_skip_dag.py for tasks to queue
[2023-07-02T23:07:15.328+0000] {logging_mixin.py:137} INFO - [2023-07-02T23:07:15.327+0000] {dagbag.py:538} INFO - Filling up the DagBag from /home/airflow/.local/lib/python3.7/site-packages/airflow/example_dags/example_skip_dag.py
[2023-07-02T23:07:15.723+0000] {processor.py:753} INFO - DAG(s) dict_keys(['example_skip_dag']) retrieved from /home/airflow/.local/lib/python3.7/site-packages/airflow/example_dags/example_skip_dag.py
[2023-07-02T23:07:15.974+0000] {logging_mixin.py:137} INFO - [2023-07-02T23:07:15.974+0000] {dag.py:2690} INFO - Sync 1 DAGs
[2023-07-02T23:07:16.173+0000] {logging_mixin.py:137} INFO - [2023-07-02T23:07:16.173+0000] {dag.py:3441} INFO - Setting next_dagrun for example_skip_dag to 2023-07-01T23:07:16.172687+00:00, run_after=2023-07-02T23:07:16.172687+00:00
[2023-07-02T23:07:16.358+0000] {processor.py:175} INFO - Processing /home/airflow/.local/lib/python3.7/site-packages/airflow/example_dags/example_skip_dag.py took 1.158 seconds
[2023-07-02T23:07:46.820+0000] {processor.py:153} INFO - Started process (PID=2917) to work on /home/airflow/.local/lib/python3.7/site-packages/airflow/example_dags/example_skip_dag.py
[2023-07-02T23:07:46.823+0000] {processor.py:743} INFO - Processing file /home/airflow/.local/lib/python3.7/site-packages/airflow/example_dags/example_skip_dag.py for tasks to queue
[2023-07-02T23:07:46.827+0000] {logging_mixin.py:137} INFO - [2023-07-02T23:07:46.826+0000] {dagbag.py:538} INFO - Filling up the DagBag from /home/airflow/.local/lib/python3.7/site-packages/airflow/example_dags/example_skip_dag.py
[2023-07-02T23:07:46.854+0000] {processor.py:753} INFO - DAG(s) dict_keys(['example_skip_dag']) retrieved from /home/airflow/.local/lib/python3.7/site-packages/airflow/example_dags/example_skip_dag.py
[2023-07-02T23:07:46.891+0000] {logging_mixin.py:137} INFO - [2023-07-02T23:07:46.891+0000] {dag.py:2690} INFO - Sync 1 DAGs
[2023-07-02T23:07:46.922+0000] {logging_mixin.py:137} INFO - [2023-07-02T23:07:46.922+0000] {dag.py:3441} INFO - Setting next_dagrun for example_skip_dag to 2023-07-01T23:07:46.921759+00:00, run_after=2023-07-02T23:07:46.921759+00:00
[2023-07-02T23:07:46.950+0000] {processor.py:175} INFO - Processing /home/airflow/.local/lib/python3.7/site-packages/airflow/example_dags/example_skip_dag.py took 0.139 seconds
[2023-07-02T23:08:18.789+0000] {processor.py:153} INFO - Started process (PID=2951) to work on /home/airflow/.local/lib/python3.7/site-packages/airflow/example_dags/example_skip_dag.py
[2023-07-02T23:08:18.798+0000] {processor.py:743} INFO - Processing file /home/airflow/.local/lib/python3.7/site-packages/airflow/example_dags/example_skip_dag.py for tasks to queue
[2023-07-02T23:08:18.818+0000] {logging_mixin.py:137} INFO - [2023-07-02T23:08:18.817+0000] {dagbag.py:538} INFO - Filling up the DagBag from /home/airflow/.local/lib/python3.7/site-packages/airflow/example_dags/example_skip_dag.py
[2023-07-02T23:08:19.218+0000] {processor.py:753} INFO - DAG(s) dict_keys(['example_skip_dag']) retrieved from /home/airflow/.local/lib/python3.7/site-packages/airflow/example_dags/example_skip_dag.py
[2023-07-02T23:08:19.438+0000] {logging_mixin.py:137} INFO - [2023-07-02T23:08:19.438+0000] {dag.py:2690} INFO - Sync 1 DAGs
[2023-07-02T23:08:19.578+0000] {logging_mixin.py:137} INFO - [2023-07-02T23:08:19.578+0000] {dag.py:3441} INFO - Setting next_dagrun for example_skip_dag to 2023-07-01T23:08:19.578339+00:00, run_after=2023-07-02T23:08:19.578339+00:00
[2023-07-02T23:08:19.709+0000] {processor.py:175} INFO - Processing /home/airflow/.local/lib/python3.7/site-packages/airflow/example_dags/example_skip_dag.py took 0.962 seconds
[2023-07-02T23:08:59.818+0000] {processor.py:153} INFO - Started process (PID=2999) to work on /home/airflow/.local/lib/python3.7/site-packages/airflow/example_dags/example_skip_dag.py
[2023-07-02T23:08:59.841+0000] {processor.py:743} INFO - Processing file /home/airflow/.local/lib/python3.7/site-packages/airflow/example_dags/example_skip_dag.py for tasks to queue
[2023-07-02T23:08:59.853+0000] {logging_mixin.py:137} INFO - [2023-07-02T23:08:59.852+0000] {dagbag.py:538} INFO - Filling up the DagBag from /home/airflow/.local/lib/python3.7/site-packages/airflow/example_dags/example_skip_dag.py
[2023-07-02T23:08:59.964+0000] {processor.py:753} INFO - DAG(s) dict_keys(['example_skip_dag']) retrieved from /home/airflow/.local/lib/python3.7/site-packages/airflow/example_dags/example_skip_dag.py
[2023-07-02T23:09:00.125+0000] {logging_mixin.py:137} INFO - [2023-07-02T23:09:00.125+0000] {dag.py:2690} INFO - Sync 1 DAGs
[2023-07-02T23:09:00.408+0000] {logging_mixin.py:137} INFO - [2023-07-02T23:09:00.408+0000] {dag.py:3441} INFO - Setting next_dagrun for example_skip_dag to 2023-07-01T23:09:00.407858+00:00, run_after=2023-07-02T23:09:00.407858+00:00
[2023-07-02T23:09:00.796+0000] {processor.py:175} INFO - Processing /home/airflow/.local/lib/python3.7/site-packages/airflow/example_dags/example_skip_dag.py took 0.984 seconds
[2023-07-02T23:09:31.814+0000] {processor.py:153} INFO - Started process (PID=3067) to work on /home/airflow/.local/lib/python3.7/site-packages/airflow/example_dags/example_skip_dag.py
[2023-07-02T23:09:31.819+0000] {processor.py:743} INFO - Processing file /home/airflow/.local/lib/python3.7/site-packages/airflow/example_dags/example_skip_dag.py for tasks to queue
[2023-07-02T23:09:31.822+0000] {logging_mixin.py:137} INFO - [2023-07-02T23:09:31.822+0000] {dagbag.py:538} INFO - Filling up the DagBag from /home/airflow/.local/lib/python3.7/site-packages/airflow/example_dags/example_skip_dag.py
[2023-07-02T23:09:31.862+0000] {processor.py:753} INFO - DAG(s) dict_keys(['example_skip_dag']) retrieved from /home/airflow/.local/lib/python3.7/site-packages/airflow/example_dags/example_skip_dag.py
[2023-07-02T23:09:31.928+0000] {logging_mixin.py:137} INFO - [2023-07-02T23:09:31.928+0000] {dag.py:2690} INFO - Sync 1 DAGs
[2023-07-02T23:09:31.980+0000] {logging_mixin.py:137} INFO - [2023-07-02T23:09:31.980+0000] {dag.py:3441} INFO - Setting next_dagrun for example_skip_dag to 2023-07-01T23:09:31.979931+00:00, run_after=2023-07-02T23:09:31.979931+00:00
[2023-07-02T23:09:32.019+0000] {processor.py:175} INFO - Processing /home/airflow/.local/lib/python3.7/site-packages/airflow/example_dags/example_skip_dag.py took 0.217 seconds
