[2023-07-02T03:01:57.480+0000] {processor.py:153} INFO - Started process (PID=77) to work on /home/airflow/.local/lib/python3.7/site-packages/airflow/example_dags/example_time_delta_sensor_async.py
[2023-07-02T03:01:57.491+0000] {processor.py:743} INFO - Processing file /home/airflow/.local/lib/python3.7/site-packages/airflow/example_dags/example_time_delta_sensor_async.py for tasks to queue
[2023-07-02T03:01:57.504+0000] {logging_mixin.py:137} INFO - [2023-07-02T03:01:57.504+0000] {dagbag.py:538} INFO - Filling up the DagBag from /home/airflow/.local/lib/python3.7/site-packages/airflow/example_dags/example_time_delta_sensor_async.py
[2023-07-02T03:01:57.575+0000] {processor.py:753} INFO - DAG(s) dict_keys(['example_time_delta_sensor_async']) retrieved from /home/airflow/.local/lib/python3.7/site-packages/airflow/example_dags/example_time_delta_sensor_async.py
[2023-07-02T03:01:57.719+0000] {logging_mixin.py:137} INFO - [2023-07-02T03:01:57.719+0000] {dag.py:2690} INFO - Sync 1 DAGs
[2023-07-02T03:01:57.853+0000] {logging_mixin.py:137} INFO - [2023-07-02T03:01:57.852+0000] {dag.py:3441} INFO - Setting next_dagrun for example_time_delta_sensor_async to None, run_after=None
[2023-07-02T03:01:57.973+0000] {processor.py:175} INFO - Processing /home/airflow/.local/lib/python3.7/site-packages/airflow/example_dags/example_time_delta_sensor_async.py took 0.516 seconds
[2023-07-02T03:02:28.661+0000] {processor.py:153} INFO - Started process (PID=136) to work on /home/airflow/.local/lib/python3.7/site-packages/airflow/example_dags/example_time_delta_sensor_async.py
[2023-07-02T03:02:28.663+0000] {processor.py:743} INFO - Processing file /home/airflow/.local/lib/python3.7/site-packages/airflow/example_dags/example_time_delta_sensor_async.py for tasks to queue
[2023-07-02T03:02:28.667+0000] {logging_mixin.py:137} INFO - [2023-07-02T03:02:28.666+0000] {dagbag.py:538} INFO - Filling up the DagBag from /home/airflow/.local/lib/python3.7/site-packages/airflow/example_dags/example_time_delta_sensor_async.py
[2023-07-02T03:02:28.694+0000] {processor.py:753} INFO - DAG(s) dict_keys(['example_time_delta_sensor_async']) retrieved from /home/airflow/.local/lib/python3.7/site-packages/airflow/example_dags/example_time_delta_sensor_async.py
[2023-07-02T03:02:28.746+0000] {logging_mixin.py:137} INFO - [2023-07-02T03:02:28.746+0000] {dag.py:2690} INFO - Sync 1 DAGs
[2023-07-02T03:02:28.800+0000] {logging_mixin.py:137} INFO - [2023-07-02T03:02:28.800+0000] {dag.py:3441} INFO - Setting next_dagrun for example_time_delta_sensor_async to None, run_after=None
[2023-07-02T03:02:28.834+0000] {processor.py:175} INFO - Processing /home/airflow/.local/lib/python3.7/site-packages/airflow/example_dags/example_time_delta_sensor_async.py took 0.180 seconds
[2023-07-02T03:02:59.452+0000] {processor.py:153} INFO - Started process (PID=195) to work on /home/airflow/.local/lib/python3.7/site-packages/airflow/example_dags/example_time_delta_sensor_async.py
[2023-07-02T03:02:59.457+0000] {processor.py:743} INFO - Processing file /home/airflow/.local/lib/python3.7/site-packages/airflow/example_dags/example_time_delta_sensor_async.py for tasks to queue
[2023-07-02T03:02:59.462+0000] {logging_mixin.py:137} INFO - [2023-07-02T03:02:59.461+0000] {dagbag.py:538} INFO - Filling up the DagBag from /home/airflow/.local/lib/python3.7/site-packages/airflow/example_dags/example_time_delta_sensor_async.py
[2023-07-02T03:02:59.513+0000] {processor.py:753} INFO - DAG(s) dict_keys(['example_time_delta_sensor_async']) retrieved from /home/airflow/.local/lib/python3.7/site-packages/airflow/example_dags/example_time_delta_sensor_async.py
[2023-07-02T03:02:59.608+0000] {logging_mixin.py:137} INFO - [2023-07-02T03:02:59.607+0000] {dag.py:2690} INFO - Sync 1 DAGs
[2023-07-02T03:02:59.685+0000] {logging_mixin.py:137} INFO - [2023-07-02T03:02:59.684+0000] {dag.py:3441} INFO - Setting next_dagrun for example_time_delta_sensor_async to None, run_after=None
[2023-07-02T03:02:59.748+0000] {processor.py:175} INFO - Processing /home/airflow/.local/lib/python3.7/site-packages/airflow/example_dags/example_time_delta_sensor_async.py took 0.317 seconds
[2023-07-02T03:03:30.250+0000] {processor.py:153} INFO - Started process (PID=262) to work on /home/airflow/.local/lib/python3.7/site-packages/airflow/example_dags/example_time_delta_sensor_async.py
[2023-07-02T03:03:30.254+0000] {processor.py:743} INFO - Processing file /home/airflow/.local/lib/python3.7/site-packages/airflow/example_dags/example_time_delta_sensor_async.py for tasks to queue
[2023-07-02T03:03:30.259+0000] {logging_mixin.py:137} INFO - [2023-07-02T03:03:30.258+0000] {dagbag.py:538} INFO - Filling up the DagBag from /home/airflow/.local/lib/python3.7/site-packages/airflow/example_dags/example_time_delta_sensor_async.py
[2023-07-02T03:03:30.301+0000] {processor.py:753} INFO - DAG(s) dict_keys(['example_time_delta_sensor_async']) retrieved from /home/airflow/.local/lib/python3.7/site-packages/airflow/example_dags/example_time_delta_sensor_async.py
[2023-07-02T03:03:30.375+0000] {logging_mixin.py:137} INFO - [2023-07-02T03:03:30.375+0000] {dag.py:2690} INFO - Sync 1 DAGs
[2023-07-02T03:03:30.455+0000] {logging_mixin.py:137} INFO - [2023-07-02T03:03:30.454+0000] {dag.py:3441} INFO - Setting next_dagrun for example_time_delta_sensor_async to None, run_after=None
[2023-07-02T03:03:30.550+0000] {processor.py:175} INFO - Processing /home/airflow/.local/lib/python3.7/site-packages/airflow/example_dags/example_time_delta_sensor_async.py took 0.317 seconds
[2023-07-02T03:04:00.909+0000] {processor.py:153} INFO - Started process (PID=321) to work on /home/airflow/.local/lib/python3.7/site-packages/airflow/example_dags/example_time_delta_sensor_async.py
[2023-07-02T03:04:00.919+0000] {processor.py:743} INFO - Processing file /home/airflow/.local/lib/python3.7/site-packages/airflow/example_dags/example_time_delta_sensor_async.py for tasks to queue
[2023-07-02T03:04:00.922+0000] {logging_mixin.py:137} INFO - [2023-07-02T03:04:00.922+0000] {dagbag.py:538} INFO - Filling up the DagBag from /home/airflow/.local/lib/python3.7/site-packages/airflow/example_dags/example_time_delta_sensor_async.py
[2023-07-02T03:04:01.025+0000] {processor.py:753} INFO - DAG(s) dict_keys(['example_time_delta_sensor_async']) retrieved from /home/airflow/.local/lib/python3.7/site-packages/airflow/example_dags/example_time_delta_sensor_async.py
[2023-07-02T03:04:01.156+0000] {logging_mixin.py:137} INFO - [2023-07-02T03:04:01.156+0000] {dag.py:2690} INFO - Sync 1 DAGs
[2023-07-02T03:04:01.269+0000] {logging_mixin.py:137} INFO - [2023-07-02T03:04:01.268+0000] {dag.py:3441} INFO - Setting next_dagrun for example_time_delta_sensor_async to None, run_after=None
[2023-07-02T03:04:01.331+0000] {processor.py:175} INFO - Processing /home/airflow/.local/lib/python3.7/site-packages/airflow/example_dags/example_time_delta_sensor_async.py took 0.428 seconds
[2023-07-02T03:04:38.533+0000] {processor.py:153} INFO - Started process (PID=379) to work on /home/airflow/.local/lib/python3.7/site-packages/airflow/example_dags/example_time_delta_sensor_async.py
[2023-07-02T03:04:38.538+0000] {processor.py:743} INFO - Processing file /home/airflow/.local/lib/python3.7/site-packages/airflow/example_dags/example_time_delta_sensor_async.py for tasks to queue
[2023-07-02T03:04:38.544+0000] {logging_mixin.py:137} INFO - [2023-07-02T03:04:38.542+0000] {dagbag.py:538} INFO - Filling up the DagBag from /home/airflow/.local/lib/python3.7/site-packages/airflow/example_dags/example_time_delta_sensor_async.py
[2023-07-02T03:04:38.730+0000] {processor.py:753} INFO - DAG(s) dict_keys(['example_time_delta_sensor_async']) retrieved from /home/airflow/.local/lib/python3.7/site-packages/airflow/example_dags/example_time_delta_sensor_async.py
[2023-07-02T03:04:38.983+0000] {logging_mixin.py:137} INFO - [2023-07-02T03:04:38.983+0000] {dag.py:2690} INFO - Sync 1 DAGs
[2023-07-02T03:04:39.375+0000] {logging_mixin.py:137} INFO - [2023-07-02T03:04:39.375+0000] {dag.py:3441} INFO - Setting next_dagrun for example_time_delta_sensor_async to None, run_after=None
[2023-07-02T03:04:39.636+0000] {processor.py:175} INFO - Processing /home/airflow/.local/lib/python3.7/site-packages/airflow/example_dags/example_time_delta_sensor_async.py took 1.172 seconds
[2023-07-02T03:05:10.081+0000] {processor.py:153} INFO - Started process (PID=438) to work on /home/airflow/.local/lib/python3.7/site-packages/airflow/example_dags/example_time_delta_sensor_async.py
[2023-07-02T03:05:10.084+0000] {processor.py:743} INFO - Processing file /home/airflow/.local/lib/python3.7/site-packages/airflow/example_dags/example_time_delta_sensor_async.py for tasks to queue
[2023-07-02T03:05:10.087+0000] {logging_mixin.py:137} INFO - [2023-07-02T03:05:10.086+0000] {dagbag.py:538} INFO - Filling up the DagBag from /home/airflow/.local/lib/python3.7/site-packages/airflow/example_dags/example_time_delta_sensor_async.py
[2023-07-02T03:05:10.109+0000] {processor.py:753} INFO - DAG(s) dict_keys(['example_time_delta_sensor_async']) retrieved from /home/airflow/.local/lib/python3.7/site-packages/airflow/example_dags/example_time_delta_sensor_async.py
[2023-07-02T03:05:10.162+0000] {logging_mixin.py:137} INFO - [2023-07-02T03:05:10.161+0000] {dag.py:2690} INFO - Sync 1 DAGs
[2023-07-02T03:05:10.199+0000] {logging_mixin.py:137} INFO - [2023-07-02T03:05:10.198+0000] {dag.py:3441} INFO - Setting next_dagrun for example_time_delta_sensor_async to None, run_after=None
[2023-07-02T03:05:10.246+0000] {processor.py:175} INFO - Processing /home/airflow/.local/lib/python3.7/site-packages/airflow/example_dags/example_time_delta_sensor_async.py took 0.172 seconds
[2023-07-02T03:05:40.575+0000] {processor.py:153} INFO - Started process (PID=496) to work on /home/airflow/.local/lib/python3.7/site-packages/airflow/example_dags/example_time_delta_sensor_async.py
[2023-07-02T03:05:40.587+0000] {processor.py:743} INFO - Processing file /home/airflow/.local/lib/python3.7/site-packages/airflow/example_dags/example_time_delta_sensor_async.py for tasks to queue
[2023-07-02T03:05:40.600+0000] {logging_mixin.py:137} INFO - [2023-07-02T03:05:40.600+0000] {dagbag.py:538} INFO - Filling up the DagBag from /home/airflow/.local/lib/python3.7/site-packages/airflow/example_dags/example_time_delta_sensor_async.py
[2023-07-02T03:05:40.698+0000] {processor.py:753} INFO - DAG(s) dict_keys(['example_time_delta_sensor_async']) retrieved from /home/airflow/.local/lib/python3.7/site-packages/airflow/example_dags/example_time_delta_sensor_async.py
[2023-07-02T03:05:40.872+0000] {logging_mixin.py:137} INFO - [2023-07-02T03:05:40.865+0000] {dag.py:2690} INFO - Sync 1 DAGs
[2023-07-02T03:05:41.029+0000] {logging_mixin.py:137} INFO - [2023-07-02T03:05:41.029+0000] {dag.py:3441} INFO - Setting next_dagrun for example_time_delta_sensor_async to None, run_after=None
[2023-07-02T03:05:41.192+0000] {processor.py:175} INFO - Processing /home/airflow/.local/lib/python3.7/site-packages/airflow/example_dags/example_time_delta_sensor_async.py took 0.726 seconds
[2023-07-02T03:06:11.635+0000] {processor.py:153} INFO - Started process (PID=555) to work on /home/airflow/.local/lib/python3.7/site-packages/airflow/example_dags/example_time_delta_sensor_async.py
[2023-07-02T03:06:11.660+0000] {processor.py:743} INFO - Processing file /home/airflow/.local/lib/python3.7/site-packages/airflow/example_dags/example_time_delta_sensor_async.py for tasks to queue
[2023-07-02T03:06:11.668+0000] {logging_mixin.py:137} INFO - [2023-07-02T03:06:11.667+0000] {dagbag.py:538} INFO - Filling up the DagBag from /home/airflow/.local/lib/python3.7/site-packages/airflow/example_dags/example_time_delta_sensor_async.py
[2023-07-02T03:06:11.958+0000] {processor.py:753} INFO - DAG(s) dict_keys(['example_time_delta_sensor_async']) retrieved from /home/airflow/.local/lib/python3.7/site-packages/airflow/example_dags/example_time_delta_sensor_async.py
[2023-07-02T03:06:12.355+0000] {logging_mixin.py:137} INFO - [2023-07-02T03:06:12.354+0000] {dag.py:2690} INFO - Sync 1 DAGs
[2023-07-02T03:06:12.648+0000] {logging_mixin.py:137} INFO - [2023-07-02T03:06:12.646+0000] {dag.py:3441} INFO - Setting next_dagrun for example_time_delta_sensor_async to None, run_after=None
[2023-07-02T03:06:12.748+0000] {processor.py:175} INFO - Processing /home/airflow/.local/lib/python3.7/site-packages/airflow/example_dags/example_time_delta_sensor_async.py took 1.151 seconds
[2023-07-02T04:53:09.817+0000] {processor.py:153} INFO - Started process (PID=664) to work on /home/airflow/.local/lib/python3.7/site-packages/airflow/example_dags/example_time_delta_sensor_async.py
[2023-07-02T04:53:09.824+0000] {processor.py:743} INFO - Processing file /home/airflow/.local/lib/python3.7/site-packages/airflow/example_dags/example_time_delta_sensor_async.py for tasks to queue
[2023-07-02T04:53:09.830+0000] {logging_mixin.py:137} INFO - [2023-07-02T04:53:09.830+0000] {dagbag.py:538} INFO - Filling up the DagBag from /home/airflow/.local/lib/python3.7/site-packages/airflow/example_dags/example_time_delta_sensor_async.py
[2023-07-02T04:53:09.920+0000] {processor.py:753} INFO - DAG(s) dict_keys(['example_time_delta_sensor_async']) retrieved from /home/airflow/.local/lib/python3.7/site-packages/airflow/example_dags/example_time_delta_sensor_async.py
[2023-07-02T04:53:10.061+0000] {logging_mixin.py:137} INFO - [2023-07-02T04:53:10.061+0000] {dag.py:2690} INFO - Sync 1 DAGs
[2023-07-02T04:53:10.196+0000] {logging_mixin.py:137} INFO - [2023-07-02T04:53:10.196+0000] {dag.py:3441} INFO - Setting next_dagrun for example_time_delta_sensor_async to None, run_after=None
[2023-07-02T04:53:10.292+0000] {processor.py:175} INFO - Processing /home/airflow/.local/lib/python3.7/site-packages/airflow/example_dags/example_time_delta_sensor_async.py took 0.507 seconds
[2023-07-02T08:23:15.538+0000] {processor.py:153} INFO - Started process (PID=731) to work on /home/airflow/.local/lib/python3.7/site-packages/airflow/example_dags/example_time_delta_sensor_async.py
[2023-07-02T08:23:15.543+0000] {processor.py:743} INFO - Processing file /home/airflow/.local/lib/python3.7/site-packages/airflow/example_dags/example_time_delta_sensor_async.py for tasks to queue
[2023-07-02T08:23:15.548+0000] {logging_mixin.py:137} INFO - [2023-07-02T08:23:15.547+0000] {dagbag.py:538} INFO - Filling up the DagBag from /home/airflow/.local/lib/python3.7/site-packages/airflow/example_dags/example_time_delta_sensor_async.py
[2023-07-02T08:23:15.597+0000] {processor.py:753} INFO - DAG(s) dict_keys(['example_time_delta_sensor_async']) retrieved from /home/airflow/.local/lib/python3.7/site-packages/airflow/example_dags/example_time_delta_sensor_async.py
[2023-07-02T08:23:15.673+0000] {logging_mixin.py:137} INFO - [2023-07-02T08:23:15.673+0000] {dag.py:2690} INFO - Sync 1 DAGs
[2023-07-02T08:23:15.751+0000] {logging_mixin.py:137} INFO - [2023-07-02T08:23:15.751+0000] {dag.py:3441} INFO - Setting next_dagrun for example_time_delta_sensor_async to None, run_after=None
[2023-07-02T08:23:15.829+0000] {processor.py:175} INFO - Processing /home/airflow/.local/lib/python3.7/site-packages/airflow/example_dags/example_time_delta_sensor_async.py took 0.301 seconds
[2023-07-02T09:44:31.342+0000] {processor.py:153} INFO - Started process (PID=787) to work on /home/airflow/.local/lib/python3.7/site-packages/airflow/example_dags/example_time_delta_sensor_async.py
[2023-07-02T09:44:31.354+0000] {processor.py:743} INFO - Processing file /home/airflow/.local/lib/python3.7/site-packages/airflow/example_dags/example_time_delta_sensor_async.py for tasks to queue
[2023-07-02T09:44:31.385+0000] {logging_mixin.py:137} INFO - [2023-07-02T09:44:31.384+0000] {dagbag.py:538} INFO - Filling up the DagBag from /home/airflow/.local/lib/python3.7/site-packages/airflow/example_dags/example_time_delta_sensor_async.py
[2023-07-02T09:44:31.720+0000] {processor.py:753} INFO - DAG(s) dict_keys(['example_time_delta_sensor_async']) retrieved from /home/airflow/.local/lib/python3.7/site-packages/airflow/example_dags/example_time_delta_sensor_async.py
[2023-07-02T09:44:32.377+0000] {logging_mixin.py:137} INFO - [2023-07-02T09:44:32.376+0000] {dag.py:2690} INFO - Sync 1 DAGs
[2023-07-02T09:44:33.322+0000] {logging_mixin.py:137} INFO - [2023-07-02T09:44:33.322+0000] {dag.py:3441} INFO - Setting next_dagrun for example_time_delta_sensor_async to None, run_after=None
[2023-07-02T09:44:33.721+0000] {processor.py:175} INFO - Processing /home/airflow/.local/lib/python3.7/site-packages/airflow/example_dags/example_time_delta_sensor_async.py took 2.494 seconds
[2023-07-02T09:45:04.619+0000] {processor.py:153} INFO - Started process (PID=838) to work on /home/airflow/.local/lib/python3.7/site-packages/airflow/example_dags/example_time_delta_sensor_async.py
[2023-07-02T09:45:04.626+0000] {processor.py:743} INFO - Processing file /home/airflow/.local/lib/python3.7/site-packages/airflow/example_dags/example_time_delta_sensor_async.py for tasks to queue
[2023-07-02T09:45:04.644+0000] {logging_mixin.py:137} INFO - [2023-07-02T09:45:04.642+0000] {dagbag.py:538} INFO - Filling up the DagBag from /home/airflow/.local/lib/python3.7/site-packages/airflow/example_dags/example_time_delta_sensor_async.py
[2023-07-02T09:45:04.716+0000] {processor.py:753} INFO - DAG(s) dict_keys(['example_time_delta_sensor_async']) retrieved from /home/airflow/.local/lib/python3.7/site-packages/airflow/example_dags/example_time_delta_sensor_async.py
[2023-07-02T09:45:04.841+0000] {logging_mixin.py:137} INFO - [2023-07-02T09:45:04.841+0000] {dag.py:2690} INFO - Sync 1 DAGs
[2023-07-02T09:45:04.908+0000] {logging_mixin.py:137} INFO - [2023-07-02T09:45:04.906+0000] {dag.py:3441} INFO - Setting next_dagrun for example_time_delta_sensor_async to None, run_after=None
[2023-07-02T09:45:04.982+0000] {processor.py:175} INFO - Processing /home/airflow/.local/lib/python3.7/site-packages/airflow/example_dags/example_time_delta_sensor_async.py took 0.378 seconds
[2023-07-02T10:12:24.131+0000] {processor.py:153} INFO - Started process (PID=909) to work on /home/airflow/.local/lib/python3.7/site-packages/airflow/example_dags/example_time_delta_sensor_async.py
[2023-07-02T10:12:24.137+0000] {processor.py:743} INFO - Processing file /home/airflow/.local/lib/python3.7/site-packages/airflow/example_dags/example_time_delta_sensor_async.py for tasks to queue
[2023-07-02T10:12:24.191+0000] {logging_mixin.py:137} INFO - [2023-07-02T10:12:24.190+0000] {dagbag.py:538} INFO - Filling up the DagBag from /home/airflow/.local/lib/python3.7/site-packages/airflow/example_dags/example_time_delta_sensor_async.py
[2023-07-02T10:12:24.586+0000] {processor.py:753} INFO - DAG(s) dict_keys(['example_time_delta_sensor_async']) retrieved from /home/airflow/.local/lib/python3.7/site-packages/airflow/example_dags/example_time_delta_sensor_async.py
[2023-07-02T10:12:55.433+0000] {processor.py:153} INFO - Started process (PID=967) to work on /home/airflow/.local/lib/python3.7/site-packages/airflow/example_dags/example_time_delta_sensor_async.py
[2023-07-02T10:12:55.440+0000] {processor.py:743} INFO - Processing file /home/airflow/.local/lib/python3.7/site-packages/airflow/example_dags/example_time_delta_sensor_async.py for tasks to queue
[2023-07-02T10:12:55.468+0000] {logging_mixin.py:137} INFO - [2023-07-02T10:12:55.459+0000] {dagbag.py:538} INFO - Filling up the DagBag from /home/airflow/.local/lib/python3.7/site-packages/airflow/example_dags/example_time_delta_sensor_async.py
[2023-07-02T10:12:55.601+0000] {processor.py:753} INFO - DAG(s) dict_keys(['example_time_delta_sensor_async']) retrieved from /home/airflow/.local/lib/python3.7/site-packages/airflow/example_dags/example_time_delta_sensor_async.py
[2023-07-02T10:12:56.122+0000] {logging_mixin.py:137} INFO - [2023-07-02T10:12:56.121+0000] {dag.py:2690} INFO - Sync 1 DAGs
[2023-07-02T10:12:56.274+0000] {logging_mixin.py:137} INFO - [2023-07-02T10:12:56.274+0000] {dag.py:3441} INFO - Setting next_dagrun for example_time_delta_sensor_async to None, run_after=None
[2023-07-02T10:12:56.523+0000] {processor.py:175} INFO - Processing /home/airflow/.local/lib/python3.7/site-packages/airflow/example_dags/example_time_delta_sensor_async.py took 1.204 seconds
[2023-07-02T10:13:31.012+0000] {processor.py:153} INFO - Started process (PID=1016) to work on /home/airflow/.local/lib/python3.7/site-packages/airflow/example_dags/example_time_delta_sensor_async.py
[2023-07-02T10:13:31.047+0000] {processor.py:743} INFO - Processing file /home/airflow/.local/lib/python3.7/site-packages/airflow/example_dags/example_time_delta_sensor_async.py for tasks to queue
[2023-07-02T10:13:31.070+0000] {logging_mixin.py:137} INFO - [2023-07-02T10:13:31.070+0000] {dagbag.py:538} INFO - Filling up the DagBag from /home/airflow/.local/lib/python3.7/site-packages/airflow/example_dags/example_time_delta_sensor_async.py
[2023-07-02T10:13:31.324+0000] {processor.py:753} INFO - DAG(s) dict_keys(['example_time_delta_sensor_async']) retrieved from /home/airflow/.local/lib/python3.7/site-packages/airflow/example_dags/example_time_delta_sensor_async.py
[2023-07-02T10:13:31.520+0000] {logging_mixin.py:137} INFO - [2023-07-02T10:13:31.515+0000] {dag.py:2690} INFO - Sync 1 DAGs
[2023-07-02T10:13:31.743+0000] {logging_mixin.py:137} INFO - [2023-07-02T10:13:31.734+0000] {dag.py:3441} INFO - Setting next_dagrun for example_time_delta_sensor_async to None, run_after=None
[2023-07-02T10:13:31.972+0000] {processor.py:175} INFO - Processing /home/airflow/.local/lib/python3.7/site-packages/airflow/example_dags/example_time_delta_sensor_async.py took 1.172 seconds
[2023-07-02T10:34:43.565+0000] {processor.py:153} INFO - Started process (PID=1093) to work on /home/airflow/.local/lib/python3.7/site-packages/airflow/example_dags/example_time_delta_sensor_async.py
[2023-07-02T10:34:43.578+0000] {processor.py:743} INFO - Processing file /home/airflow/.local/lib/python3.7/site-packages/airflow/example_dags/example_time_delta_sensor_async.py for tasks to queue
[2023-07-02T10:34:43.589+0000] {logging_mixin.py:137} INFO - [2023-07-02T10:34:43.589+0000] {dagbag.py:538} INFO - Filling up the DagBag from /home/airflow/.local/lib/python3.7/site-packages/airflow/example_dags/example_time_delta_sensor_async.py
[2023-07-02T10:34:43.728+0000] {processor.py:753} INFO - DAG(s) dict_keys(['example_time_delta_sensor_async']) retrieved from /home/airflow/.local/lib/python3.7/site-packages/airflow/example_dags/example_time_delta_sensor_async.py
[2023-07-02T10:34:43.979+0000] {logging_mixin.py:137} INFO - [2023-07-02T10:34:43.979+0000] {dag.py:2690} INFO - Sync 1 DAGs
[2023-07-02T10:34:44.240+0000] {logging_mixin.py:137} INFO - [2023-07-02T10:34:44.240+0000] {dag.py:3441} INFO - Setting next_dagrun for example_time_delta_sensor_async to None, run_after=None
[2023-07-02T10:34:44.458+0000] {processor.py:175} INFO - Processing /home/airflow/.local/lib/python3.7/site-packages/airflow/example_dags/example_time_delta_sensor_async.py took 0.942 seconds
[2023-07-02T12:07:25.778+0000] {processor.py:153} INFO - Started process (PID=1187) to work on /home/airflow/.local/lib/python3.7/site-packages/airflow/example_dags/example_time_delta_sensor_async.py
[2023-07-02T12:07:25.795+0000] {processor.py:743} INFO - Processing file /home/airflow/.local/lib/python3.7/site-packages/airflow/example_dags/example_time_delta_sensor_async.py for tasks to queue
[2023-07-02T12:07:25.807+0000] {logging_mixin.py:137} INFO - [2023-07-02T12:07:25.807+0000] {dagbag.py:538} INFO - Filling up the DagBag from /home/airflow/.local/lib/python3.7/site-packages/airflow/example_dags/example_time_delta_sensor_async.py
[2023-07-02T12:07:26.292+0000] {processor.py:753} INFO - DAG(s) dict_keys(['example_time_delta_sensor_async']) retrieved from /home/airflow/.local/lib/python3.7/site-packages/airflow/example_dags/example_time_delta_sensor_async.py
[2023-07-02T12:07:26.503+0000] {logging_mixin.py:137} INFO - [2023-07-02T12:07:26.502+0000] {dag.py:2690} INFO - Sync 1 DAGs
[2023-07-02T12:07:26.730+0000] {logging_mixin.py:137} INFO - [2023-07-02T12:07:26.730+0000] {dag.py:3441} INFO - Setting next_dagrun for example_time_delta_sensor_async to None, run_after=None
[2023-07-02T12:07:26.952+0000] {processor.py:175} INFO - Processing /home/airflow/.local/lib/python3.7/site-packages/airflow/example_dags/example_time_delta_sensor_async.py took 1.315 seconds
[2023-07-02T12:07:57.439+0000] {processor.py:153} INFO - Started process (PID=1239) to work on /home/airflow/.local/lib/python3.7/site-packages/airflow/example_dags/example_time_delta_sensor_async.py
[2023-07-02T12:07:57.456+0000] {processor.py:743} INFO - Processing file /home/airflow/.local/lib/python3.7/site-packages/airflow/example_dags/example_time_delta_sensor_async.py for tasks to queue
[2023-07-02T12:07:57.458+0000] {logging_mixin.py:137} INFO - [2023-07-02T12:07:57.458+0000] {dagbag.py:538} INFO - Filling up the DagBag from /home/airflow/.local/lib/python3.7/site-packages/airflow/example_dags/example_time_delta_sensor_async.py
[2023-07-02T12:07:57.598+0000] {processor.py:753} INFO - DAG(s) dict_keys(['example_time_delta_sensor_async']) retrieved from /home/airflow/.local/lib/python3.7/site-packages/airflow/example_dags/example_time_delta_sensor_async.py
[2023-07-02T12:07:57.979+0000] {logging_mixin.py:137} INFO - [2023-07-02T12:07:57.979+0000] {dag.py:2690} INFO - Sync 1 DAGs
[2023-07-02T12:07:58.193+0000] {logging_mixin.py:137} INFO - [2023-07-02T12:07:58.193+0000] {dag.py:3441} INFO - Setting next_dagrun for example_time_delta_sensor_async to None, run_after=None
[2023-07-02T12:08:00.767+0000] {processor.py:175} INFO - Processing /home/airflow/.local/lib/python3.7/site-packages/airflow/example_dags/example_time_delta_sensor_async.py took 3.373 seconds
[2023-07-02T12:08:31.198+0000] {processor.py:153} INFO - Started process (PID=1297) to work on /home/airflow/.local/lib/python3.7/site-packages/airflow/example_dags/example_time_delta_sensor_async.py
[2023-07-02T12:08:31.207+0000] {processor.py:743} INFO - Processing file /home/airflow/.local/lib/python3.7/site-packages/airflow/example_dags/example_time_delta_sensor_async.py for tasks to queue
[2023-07-02T12:08:31.211+0000] {logging_mixin.py:137} INFO - [2023-07-02T12:08:31.210+0000] {dagbag.py:538} INFO - Filling up the DagBag from /home/airflow/.local/lib/python3.7/site-packages/airflow/example_dags/example_time_delta_sensor_async.py
[2023-07-02T12:08:31.249+0000] {processor.py:753} INFO - DAG(s) dict_keys(['example_time_delta_sensor_async']) retrieved from /home/airflow/.local/lib/python3.7/site-packages/airflow/example_dags/example_time_delta_sensor_async.py
[2023-07-02T12:08:31.329+0000] {logging_mixin.py:137} INFO - [2023-07-02T12:08:31.329+0000] {dag.py:2690} INFO - Sync 1 DAGs
[2023-07-02T12:08:31.392+0000] {logging_mixin.py:137} INFO - [2023-07-02T12:08:31.391+0000] {dag.py:3441} INFO - Setting next_dagrun for example_time_delta_sensor_async to None, run_after=None
[2023-07-02T12:08:31.463+0000] {processor.py:175} INFO - Processing /home/airflow/.local/lib/python3.7/site-packages/airflow/example_dags/example_time_delta_sensor_async.py took 0.274 seconds
[2023-07-02T12:09:01.980+0000] {processor.py:153} INFO - Started process (PID=1365) to work on /home/airflow/.local/lib/python3.7/site-packages/airflow/example_dags/example_time_delta_sensor_async.py
[2023-07-02T12:09:01.987+0000] {processor.py:743} INFO - Processing file /home/airflow/.local/lib/python3.7/site-packages/airflow/example_dags/example_time_delta_sensor_async.py for tasks to queue
[2023-07-02T12:09:01.991+0000] {logging_mixin.py:137} INFO - [2023-07-02T12:09:01.990+0000] {dagbag.py:538} INFO - Filling up the DagBag from /home/airflow/.local/lib/python3.7/site-packages/airflow/example_dags/example_time_delta_sensor_async.py
[2023-07-02T12:09:02.032+0000] {processor.py:753} INFO - DAG(s) dict_keys(['example_time_delta_sensor_async']) retrieved from /home/airflow/.local/lib/python3.7/site-packages/airflow/example_dags/example_time_delta_sensor_async.py
[2023-07-02T12:09:02.123+0000] {logging_mixin.py:137} INFO - [2023-07-02T12:09:02.123+0000] {dag.py:2690} INFO - Sync 1 DAGs
[2023-07-02T12:09:02.178+0000] {logging_mixin.py:137} INFO - [2023-07-02T12:09:02.178+0000] {dag.py:3441} INFO - Setting next_dagrun for example_time_delta_sensor_async to None, run_after=None
[2023-07-02T12:09:02.241+0000] {processor.py:175} INFO - Processing /home/airflow/.local/lib/python3.7/site-packages/airflow/example_dags/example_time_delta_sensor_async.py took 0.277 seconds
[2023-07-02T12:09:32.671+0000] {processor.py:153} INFO - Started process (PID=1423) to work on /home/airflow/.local/lib/python3.7/site-packages/airflow/example_dags/example_time_delta_sensor_async.py
[2023-07-02T12:09:32.683+0000] {processor.py:743} INFO - Processing file /home/airflow/.local/lib/python3.7/site-packages/airflow/example_dags/example_time_delta_sensor_async.py for tasks to queue
[2023-07-02T12:09:32.689+0000] {logging_mixin.py:137} INFO - [2023-07-02T12:09:32.686+0000] {dagbag.py:538} INFO - Filling up the DagBag from /home/airflow/.local/lib/python3.7/site-packages/airflow/example_dags/example_time_delta_sensor_async.py
[2023-07-02T12:09:32.779+0000] {processor.py:753} INFO - DAG(s) dict_keys(['example_time_delta_sensor_async']) retrieved from /home/airflow/.local/lib/python3.7/site-packages/airflow/example_dags/example_time_delta_sensor_async.py
[2023-07-02T12:09:32.911+0000] {logging_mixin.py:137} INFO - [2023-07-02T12:09:32.911+0000] {dag.py:2690} INFO - Sync 1 DAGs
[2023-07-02T12:09:33.020+0000] {logging_mixin.py:137} INFO - [2023-07-02T12:09:33.019+0000] {dag.py:3441} INFO - Setting next_dagrun for example_time_delta_sensor_async to None, run_after=None
[2023-07-02T12:09:33.080+0000] {processor.py:175} INFO - Processing /home/airflow/.local/lib/python3.7/site-packages/airflow/example_dags/example_time_delta_sensor_async.py took 0.453 seconds
[2023-07-02T12:10:03.851+0000] {processor.py:153} INFO - Started process (PID=1480) to work on /home/airflow/.local/lib/python3.7/site-packages/airflow/example_dags/example_time_delta_sensor_async.py
[2023-07-02T12:10:03.854+0000] {processor.py:743} INFO - Processing file /home/airflow/.local/lib/python3.7/site-packages/airflow/example_dags/example_time_delta_sensor_async.py for tasks to queue
[2023-07-02T12:10:03.857+0000] {logging_mixin.py:137} INFO - [2023-07-02T12:10:03.857+0000] {dagbag.py:538} INFO - Filling up the DagBag from /home/airflow/.local/lib/python3.7/site-packages/airflow/example_dags/example_time_delta_sensor_async.py
[2023-07-02T12:10:03.887+0000] {processor.py:753} INFO - DAG(s) dict_keys(['example_time_delta_sensor_async']) retrieved from /home/airflow/.local/lib/python3.7/site-packages/airflow/example_dags/example_time_delta_sensor_async.py
[2023-07-02T12:10:03.937+0000] {logging_mixin.py:137} INFO - [2023-07-02T12:10:03.937+0000] {dag.py:2690} INFO - Sync 1 DAGs
[2023-07-02T12:10:03.997+0000] {logging_mixin.py:137} INFO - [2023-07-02T12:10:03.997+0000] {dag.py:3441} INFO - Setting next_dagrun for example_time_delta_sensor_async to None, run_after=None
[2023-07-02T12:10:04.032+0000] {processor.py:175} INFO - Processing /home/airflow/.local/lib/python3.7/site-packages/airflow/example_dags/example_time_delta_sensor_async.py took 0.186 seconds
[2023-07-02T12:18:31.771+0000] {processor.py:153} INFO - Started process (PID=1551) to work on /home/airflow/.local/lib/python3.7/site-packages/airflow/example_dags/example_time_delta_sensor_async.py
[2023-07-02T12:18:31.774+0000] {processor.py:743} INFO - Processing file /home/airflow/.local/lib/python3.7/site-packages/airflow/example_dags/example_time_delta_sensor_async.py for tasks to queue
[2023-07-02T12:18:31.777+0000] {logging_mixin.py:137} INFO - [2023-07-02T12:18:31.776+0000] {dagbag.py:538} INFO - Filling up the DagBag from /home/airflow/.local/lib/python3.7/site-packages/airflow/example_dags/example_time_delta_sensor_async.py
[2023-07-02T12:18:31.803+0000] {processor.py:753} INFO - DAG(s) dict_keys(['example_time_delta_sensor_async']) retrieved from /home/airflow/.local/lib/python3.7/site-packages/airflow/example_dags/example_time_delta_sensor_async.py
[2023-07-02T12:18:31.863+0000] {logging_mixin.py:137} INFO - [2023-07-02T12:18:31.862+0000] {dag.py:2690} INFO - Sync 1 DAGs
[2023-07-02T12:18:31.901+0000] {logging_mixin.py:137} INFO - [2023-07-02T12:18:31.901+0000] {dag.py:3441} INFO - Setting next_dagrun for example_time_delta_sensor_async to None, run_after=None
[2023-07-02T12:18:31.934+0000] {processor.py:175} INFO - Processing /home/airflow/.local/lib/python3.7/site-packages/airflow/example_dags/example_time_delta_sensor_async.py took 0.168 seconds
[2023-07-02T12:48:23.101+0000] {processor.py:153} INFO - Started process (PID=1590) to work on /home/airflow/.local/lib/python3.7/site-packages/airflow/example_dags/example_time_delta_sensor_async.py
[2023-07-02T12:48:23.104+0000] {processor.py:743} INFO - Processing file /home/airflow/.local/lib/python3.7/site-packages/airflow/example_dags/example_time_delta_sensor_async.py for tasks to queue
[2023-07-02T12:48:23.109+0000] {logging_mixin.py:137} INFO - [2023-07-02T12:48:23.109+0000] {dagbag.py:538} INFO - Filling up the DagBag from /home/airflow/.local/lib/python3.7/site-packages/airflow/example_dags/example_time_delta_sensor_async.py
[2023-07-02T12:48:23.139+0000] {processor.py:753} INFO - DAG(s) dict_keys(['example_time_delta_sensor_async']) retrieved from /home/airflow/.local/lib/python3.7/site-packages/airflow/example_dags/example_time_delta_sensor_async.py
[2023-07-02T12:48:23.192+0000] {logging_mixin.py:137} INFO - [2023-07-02T12:48:23.191+0000] {dag.py:2690} INFO - Sync 1 DAGs
[2023-07-02T12:48:23.230+0000] {logging_mixin.py:137} INFO - [2023-07-02T12:48:23.230+0000] {dag.py:3441} INFO - Setting next_dagrun for example_time_delta_sensor_async to None, run_after=None
[2023-07-02T12:48:23.258+0000] {processor.py:175} INFO - Processing /home/airflow/.local/lib/python3.7/site-packages/airflow/example_dags/example_time_delta_sensor_async.py took 0.163 seconds
[2023-07-02T13:45:25.408+0000] {processor.py:153} INFO - Started process (PID=1637) to work on /home/airflow/.local/lib/python3.7/site-packages/airflow/example_dags/example_time_delta_sensor_async.py
[2023-07-02T13:45:25.416+0000] {processor.py:743} INFO - Processing file /home/airflow/.local/lib/python3.7/site-packages/airflow/example_dags/example_time_delta_sensor_async.py for tasks to queue
[2023-07-02T13:45:25.422+0000] {logging_mixin.py:137} INFO - [2023-07-02T13:45:25.421+0000] {dagbag.py:538} INFO - Filling up the DagBag from /home/airflow/.local/lib/python3.7/site-packages/airflow/example_dags/example_time_delta_sensor_async.py
[2023-07-02T13:45:25.452+0000] {processor.py:753} INFO - DAG(s) dict_keys(['example_time_delta_sensor_async']) retrieved from /home/airflow/.local/lib/python3.7/site-packages/airflow/example_dags/example_time_delta_sensor_async.py
[2023-07-02T13:45:25.493+0000] {logging_mixin.py:137} INFO - [2023-07-02T13:45:25.493+0000] {dag.py:2690} INFO - Sync 1 DAGs
[2023-07-02T13:45:25.529+0000] {logging_mixin.py:137} INFO - [2023-07-02T13:45:25.529+0000] {dag.py:3441} INFO - Setting next_dagrun for example_time_delta_sensor_async to None, run_after=None
[2023-07-02T13:45:25.556+0000] {processor.py:175} INFO - Processing /home/airflow/.local/lib/python3.7/site-packages/airflow/example_dags/example_time_delta_sensor_async.py took 0.159 seconds
[2023-07-02T13:55:51.288+0000] {processor.py:153} INFO - Started process (PID=1686) to work on /home/airflow/.local/lib/python3.7/site-packages/airflow/example_dags/example_time_delta_sensor_async.py
[2023-07-02T13:55:51.292+0000] {processor.py:743} INFO - Processing file /home/airflow/.local/lib/python3.7/site-packages/airflow/example_dags/example_time_delta_sensor_async.py for tasks to queue
[2023-07-02T13:55:51.296+0000] {logging_mixin.py:137} INFO - [2023-07-02T13:55:51.295+0000] {dagbag.py:538} INFO - Filling up the DagBag from /home/airflow/.local/lib/python3.7/site-packages/airflow/example_dags/example_time_delta_sensor_async.py
[2023-07-02T13:55:51.326+0000] {processor.py:753} INFO - DAG(s) dict_keys(['example_time_delta_sensor_async']) retrieved from /home/airflow/.local/lib/python3.7/site-packages/airflow/example_dags/example_time_delta_sensor_async.py
[2023-07-02T13:55:51.382+0000] {logging_mixin.py:137} INFO - [2023-07-02T13:55:51.382+0000] {dag.py:2690} INFO - Sync 1 DAGs
[2023-07-02T13:55:51.441+0000] {logging_mixin.py:137} INFO - [2023-07-02T13:55:51.440+0000] {dag.py:3441} INFO - Setting next_dagrun for example_time_delta_sensor_async to None, run_after=None
[2023-07-02T13:55:51.529+0000] {processor.py:175} INFO - Processing /home/airflow/.local/lib/python3.7/site-packages/airflow/example_dags/example_time_delta_sensor_async.py took 0.257 seconds
[2023-07-02T13:56:22.793+0000] {processor.py:153} INFO - Started process (PID=1745) to work on /home/airflow/.local/lib/python3.7/site-packages/airflow/example_dags/example_time_delta_sensor_async.py
[2023-07-02T13:56:22.805+0000] {processor.py:743} INFO - Processing file /home/airflow/.local/lib/python3.7/site-packages/airflow/example_dags/example_time_delta_sensor_async.py for tasks to queue
[2023-07-02T13:56:22.811+0000] {logging_mixin.py:137} INFO - [2023-07-02T13:56:22.809+0000] {dagbag.py:538} INFO - Filling up the DagBag from /home/airflow/.local/lib/python3.7/site-packages/airflow/example_dags/example_time_delta_sensor_async.py
[2023-07-02T13:56:22.871+0000] {processor.py:753} INFO - DAG(s) dict_keys(['example_time_delta_sensor_async']) retrieved from /home/airflow/.local/lib/python3.7/site-packages/airflow/example_dags/example_time_delta_sensor_async.py
[2023-07-02T13:56:23.014+0000] {logging_mixin.py:137} INFO - [2023-07-02T13:56:23.014+0000] {dag.py:2690} INFO - Sync 1 DAGs
[2023-07-02T13:56:23.128+0000] {logging_mixin.py:137} INFO - [2023-07-02T13:56:23.128+0000] {dag.py:3441} INFO - Setting next_dagrun for example_time_delta_sensor_async to None, run_after=None
[2023-07-02T13:56:23.206+0000] {processor.py:175} INFO - Processing /home/airflow/.local/lib/python3.7/site-packages/airflow/example_dags/example_time_delta_sensor_async.py took 0.431 seconds
[2023-07-02T13:56:54.080+0000] {processor.py:153} INFO - Started process (PID=1814) to work on /home/airflow/.local/lib/python3.7/site-packages/airflow/example_dags/example_time_delta_sensor_async.py
[2023-07-02T13:56:54.087+0000] {processor.py:743} INFO - Processing file /home/airflow/.local/lib/python3.7/site-packages/airflow/example_dags/example_time_delta_sensor_async.py for tasks to queue
[2023-07-02T13:56:54.090+0000] {logging_mixin.py:137} INFO - [2023-07-02T13:56:54.090+0000] {dagbag.py:538} INFO - Filling up the DagBag from /home/airflow/.local/lib/python3.7/site-packages/airflow/example_dags/example_time_delta_sensor_async.py
[2023-07-02T13:56:54.131+0000] {processor.py:753} INFO - DAG(s) dict_keys(['example_time_delta_sensor_async']) retrieved from /home/airflow/.local/lib/python3.7/site-packages/airflow/example_dags/example_time_delta_sensor_async.py
[2023-07-02T13:56:54.216+0000] {logging_mixin.py:137} INFO - [2023-07-02T13:56:54.215+0000] {dag.py:2690} INFO - Sync 1 DAGs
[2023-07-02T13:56:54.281+0000] {logging_mixin.py:137} INFO - [2023-07-02T13:56:54.281+0000] {dag.py:3441} INFO - Setting next_dagrun for example_time_delta_sensor_async to None, run_after=None
[2023-07-02T13:56:54.325+0000] {processor.py:175} INFO - Processing /home/airflow/.local/lib/python3.7/site-packages/airflow/example_dags/example_time_delta_sensor_async.py took 0.258 seconds
[2023-07-02T13:57:24.446+0000] {processor.py:153} INFO - Started process (PID=1873) to work on /home/airflow/.local/lib/python3.7/site-packages/airflow/example_dags/example_time_delta_sensor_async.py
[2023-07-02T13:57:24.449+0000] {processor.py:743} INFO - Processing file /home/airflow/.local/lib/python3.7/site-packages/airflow/example_dags/example_time_delta_sensor_async.py for tasks to queue
[2023-07-02T13:57:24.452+0000] {logging_mixin.py:137} INFO - [2023-07-02T13:57:24.451+0000] {dagbag.py:538} INFO - Filling up the DagBag from /home/airflow/.local/lib/python3.7/site-packages/airflow/example_dags/example_time_delta_sensor_async.py
[2023-07-02T13:57:24.477+0000] {processor.py:753} INFO - DAG(s) dict_keys(['example_time_delta_sensor_async']) retrieved from /home/airflow/.local/lib/python3.7/site-packages/airflow/example_dags/example_time_delta_sensor_async.py
[2023-07-02T13:57:24.520+0000] {logging_mixin.py:137} INFO - [2023-07-02T13:57:24.520+0000] {dag.py:2690} INFO - Sync 1 DAGs
[2023-07-02T13:57:24.555+0000] {logging_mixin.py:137} INFO - [2023-07-02T13:57:24.555+0000] {dag.py:3441} INFO - Setting next_dagrun for example_time_delta_sensor_async to None, run_after=None
[2023-07-02T13:57:24.603+0000] {processor.py:175} INFO - Processing /home/airflow/.local/lib/python3.7/site-packages/airflow/example_dags/example_time_delta_sensor_async.py took 0.167 seconds
[2023-07-02T14:07:20.571+0000] {processor.py:153} INFO - Started process (PID=1926) to work on /home/airflow/.local/lib/python3.7/site-packages/airflow/example_dags/example_time_delta_sensor_async.py
[2023-07-02T14:07:20.575+0000] {processor.py:743} INFO - Processing file /home/airflow/.local/lib/python3.7/site-packages/airflow/example_dags/example_time_delta_sensor_async.py for tasks to queue
[2023-07-02T14:07:20.580+0000] {logging_mixin.py:137} INFO - [2023-07-02T14:07:20.579+0000] {dagbag.py:538} INFO - Filling up the DagBag from /home/airflow/.local/lib/python3.7/site-packages/airflow/example_dags/example_time_delta_sensor_async.py
[2023-07-02T14:07:20.616+0000] {processor.py:753} INFO - DAG(s) dict_keys(['example_time_delta_sensor_async']) retrieved from /home/airflow/.local/lib/python3.7/site-packages/airflow/example_dags/example_time_delta_sensor_async.py
[2023-07-02T14:07:20.663+0000] {logging_mixin.py:137} INFO - [2023-07-02T14:07:20.663+0000] {dag.py:2690} INFO - Sync 1 DAGs
[2023-07-02T14:07:20.742+0000] {logging_mixin.py:137} INFO - [2023-07-02T14:07:20.742+0000] {dag.py:3441} INFO - Setting next_dagrun for example_time_delta_sensor_async to None, run_after=None
[2023-07-02T14:07:20.793+0000] {processor.py:175} INFO - Processing /home/airflow/.local/lib/python3.7/site-packages/airflow/example_dags/example_time_delta_sensor_async.py took 0.233 seconds
[2023-07-02T15:57:41.883+0000] {processor.py:153} INFO - Started process (PID=1975) to work on /home/airflow/.local/lib/python3.7/site-packages/airflow/example_dags/example_time_delta_sensor_async.py
[2023-07-02T15:57:41.892+0000] {processor.py:743} INFO - Processing file /home/airflow/.local/lib/python3.7/site-packages/airflow/example_dags/example_time_delta_sensor_async.py for tasks to queue
[2023-07-02T15:57:41.897+0000] {logging_mixin.py:137} INFO - [2023-07-02T15:57:41.896+0000] {dagbag.py:538} INFO - Filling up the DagBag from /home/airflow/.local/lib/python3.7/site-packages/airflow/example_dags/example_time_delta_sensor_async.py
[2023-07-02T15:57:41.921+0000] {processor.py:753} INFO - DAG(s) dict_keys(['example_time_delta_sensor_async']) retrieved from /home/airflow/.local/lib/python3.7/site-packages/airflow/example_dags/example_time_delta_sensor_async.py
[2023-07-02T15:57:41.967+0000] {logging_mixin.py:137} INFO - [2023-07-02T15:57:41.966+0000] {dag.py:2690} INFO - Sync 1 DAGs
[2023-07-02T15:57:41.999+0000] {logging_mixin.py:137} INFO - [2023-07-02T15:57:41.999+0000] {dag.py:3441} INFO - Setting next_dagrun for example_time_delta_sensor_async to None, run_after=None
[2023-07-02T15:57:42.035+0000] {processor.py:175} INFO - Processing /home/airflow/.local/lib/python3.7/site-packages/airflow/example_dags/example_time_delta_sensor_async.py took 0.157 seconds
[2023-07-02T17:58:05.178+0000] {processor.py:153} INFO - Started process (PID=2034) to work on /home/airflow/.local/lib/python3.7/site-packages/airflow/example_dags/example_time_delta_sensor_async.py
[2023-07-02T17:58:05.181+0000] {processor.py:743} INFO - Processing file /home/airflow/.local/lib/python3.7/site-packages/airflow/example_dags/example_time_delta_sensor_async.py for tasks to queue
[2023-07-02T17:58:05.184+0000] {logging_mixin.py:137} INFO - [2023-07-02T17:58:05.184+0000] {dagbag.py:538} INFO - Filling up the DagBag from /home/airflow/.local/lib/python3.7/site-packages/airflow/example_dags/example_time_delta_sensor_async.py
[2023-07-02T17:58:05.222+0000] {processor.py:753} INFO - DAG(s) dict_keys(['example_time_delta_sensor_async']) retrieved from /home/airflow/.local/lib/python3.7/site-packages/airflow/example_dags/example_time_delta_sensor_async.py
[2023-07-02T17:58:05.261+0000] {logging_mixin.py:137} INFO - [2023-07-02T17:58:05.260+0000] {dag.py:2690} INFO - Sync 1 DAGs
[2023-07-02T17:58:05.304+0000] {logging_mixin.py:137} INFO - [2023-07-02T17:58:05.304+0000] {dag.py:3441} INFO - Setting next_dagrun for example_time_delta_sensor_async to None, run_after=None
[2023-07-02T17:58:05.336+0000] {processor.py:175} INFO - Processing /home/airflow/.local/lib/python3.7/site-packages/airflow/example_dags/example_time_delta_sensor_async.py took 0.166 seconds
[2023-07-02T18:10:23.050+0000] {processor.py:153} INFO - Started process (PID=2093) to work on /home/airflow/.local/lib/python3.7/site-packages/airflow/example_dags/example_time_delta_sensor_async.py
[2023-07-02T18:10:23.054+0000] {processor.py:743} INFO - Processing file /home/airflow/.local/lib/python3.7/site-packages/airflow/example_dags/example_time_delta_sensor_async.py for tasks to queue
[2023-07-02T18:10:23.059+0000] {logging_mixin.py:137} INFO - [2023-07-02T18:10:23.058+0000] {dagbag.py:538} INFO - Filling up the DagBag from /home/airflow/.local/lib/python3.7/site-packages/airflow/example_dags/example_time_delta_sensor_async.py
[2023-07-02T18:10:23.108+0000] {processor.py:753} INFO - DAG(s) dict_keys(['example_time_delta_sensor_async']) retrieved from /home/airflow/.local/lib/python3.7/site-packages/airflow/example_dags/example_time_delta_sensor_async.py
[2023-07-02T18:10:23.187+0000] {logging_mixin.py:137} INFO - [2023-07-02T18:10:23.187+0000] {dag.py:2690} INFO - Sync 1 DAGs
[2023-07-02T18:10:23.254+0000] {logging_mixin.py:137} INFO - [2023-07-02T18:10:23.254+0000] {dag.py:3441} INFO - Setting next_dagrun for example_time_delta_sensor_async to None, run_after=None
[2023-07-02T18:10:23.330+0000] {processor.py:175} INFO - Processing /home/airflow/.local/lib/python3.7/site-packages/airflow/example_dags/example_time_delta_sensor_async.py took 0.287 seconds
[2023-07-02T20:10:44.857+0000] {processor.py:153} INFO - Started process (PID=2142) to work on /home/airflow/.local/lib/python3.7/site-packages/airflow/example_dags/example_time_delta_sensor_async.py
[2023-07-02T20:10:44.859+0000] {processor.py:743} INFO - Processing file /home/airflow/.local/lib/python3.7/site-packages/airflow/example_dags/example_time_delta_sensor_async.py for tasks to queue
[2023-07-02T20:10:44.860+0000] {logging_mixin.py:137} INFO - [2023-07-02T20:10:44.860+0000] {dagbag.py:538} INFO - Filling up the DagBag from /home/airflow/.local/lib/python3.7/site-packages/airflow/example_dags/example_time_delta_sensor_async.py
[2023-07-02T20:10:44.879+0000] {processor.py:753} INFO - DAG(s) dict_keys(['example_time_delta_sensor_async']) retrieved from /home/airflow/.local/lib/python3.7/site-packages/airflow/example_dags/example_time_delta_sensor_async.py
[2023-07-02T20:10:44.920+0000] {logging_mixin.py:137} INFO - [2023-07-02T20:10:44.920+0000] {dag.py:2690} INFO - Sync 1 DAGs
[2023-07-02T20:10:44.961+0000] {logging_mixin.py:137} INFO - [2023-07-02T20:10:44.961+0000] {dag.py:3441} INFO - Setting next_dagrun for example_time_delta_sensor_async to None, run_after=None
[2023-07-02T20:10:45.006+0000] {processor.py:175} INFO - Processing /home/airflow/.local/lib/python3.7/site-packages/airflow/example_dags/example_time_delta_sensor_async.py took 0.157 seconds
[2023-07-02T22:11:10.015+0000] {processor.py:153} INFO - Started process (PID=2200) to work on /home/airflow/.local/lib/python3.7/site-packages/airflow/example_dags/example_time_delta_sensor_async.py
[2023-07-02T22:11:10.018+0000] {processor.py:743} INFO - Processing file /home/airflow/.local/lib/python3.7/site-packages/airflow/example_dags/example_time_delta_sensor_async.py for tasks to queue
[2023-07-02T22:11:10.020+0000] {logging_mixin.py:137} INFO - [2023-07-02T22:11:10.020+0000] {dagbag.py:538} INFO - Filling up the DagBag from /home/airflow/.local/lib/python3.7/site-packages/airflow/example_dags/example_time_delta_sensor_async.py
[2023-07-02T22:11:10.040+0000] {processor.py:753} INFO - DAG(s) dict_keys(['example_time_delta_sensor_async']) retrieved from /home/airflow/.local/lib/python3.7/site-packages/airflow/example_dags/example_time_delta_sensor_async.py
[2023-07-02T22:11:10.079+0000] {logging_mixin.py:137} INFO - [2023-07-02T22:11:10.078+0000] {dag.py:2690} INFO - Sync 1 DAGs
[2023-07-02T22:11:10.115+0000] {logging_mixin.py:137} INFO - [2023-07-02T22:11:10.115+0000] {dag.py:3441} INFO - Setting next_dagrun for example_time_delta_sensor_async to None, run_after=None
[2023-07-02T22:11:10.165+0000] {processor.py:175} INFO - Processing /home/airflow/.local/lib/python3.7/site-packages/airflow/example_dags/example_time_delta_sensor_async.py took 0.156 seconds
[2023-07-02T22:49:07.393+0000] {processor.py:153} INFO - Started process (PID=2257) to work on /home/airflow/.local/lib/python3.7/site-packages/airflow/example_dags/example_time_delta_sensor_async.py
[2023-07-02T22:49:07.398+0000] {processor.py:743} INFO - Processing file /home/airflow/.local/lib/python3.7/site-packages/airflow/example_dags/example_time_delta_sensor_async.py for tasks to queue
[2023-07-02T22:49:07.402+0000] {logging_mixin.py:137} INFO - [2023-07-02T22:49:07.401+0000] {dagbag.py:538} INFO - Filling up the DagBag from /home/airflow/.local/lib/python3.7/site-packages/airflow/example_dags/example_time_delta_sensor_async.py
[2023-07-02T22:49:07.430+0000] {processor.py:753} INFO - DAG(s) dict_keys(['example_time_delta_sensor_async']) retrieved from /home/airflow/.local/lib/python3.7/site-packages/airflow/example_dags/example_time_delta_sensor_async.py
[2023-07-02T22:49:07.483+0000] {logging_mixin.py:137} INFO - [2023-07-02T22:49:07.482+0000] {dag.py:2690} INFO - Sync 1 DAGs
[2023-07-02T22:49:07.528+0000] {logging_mixin.py:137} INFO - [2023-07-02T22:49:07.527+0000] {dag.py:3441} INFO - Setting next_dagrun for example_time_delta_sensor_async to None, run_after=None
[2023-07-02T22:49:07.585+0000] {processor.py:175} INFO - Processing /home/airflow/.local/lib/python3.7/site-packages/airflow/example_dags/example_time_delta_sensor_async.py took 0.205 seconds
[2023-07-02T22:49:38.461+0000] {processor.py:153} INFO - Started process (PID=2315) to work on /home/airflow/.local/lib/python3.7/site-packages/airflow/example_dags/example_time_delta_sensor_async.py
[2023-07-02T22:49:38.480+0000] {processor.py:743} INFO - Processing file /home/airflow/.local/lib/python3.7/site-packages/airflow/example_dags/example_time_delta_sensor_async.py for tasks to queue
[2023-07-02T22:49:38.483+0000] {logging_mixin.py:137} INFO - [2023-07-02T22:49:38.482+0000] {dagbag.py:538} INFO - Filling up the DagBag from /home/airflow/.local/lib/python3.7/site-packages/airflow/example_dags/example_time_delta_sensor_async.py
[2023-07-02T22:49:38.555+0000] {processor.py:753} INFO - DAG(s) dict_keys(['example_time_delta_sensor_async']) retrieved from /home/airflow/.local/lib/python3.7/site-packages/airflow/example_dags/example_time_delta_sensor_async.py
[2023-07-02T22:49:38.691+0000] {logging_mixin.py:137} INFO - [2023-07-02T22:49:38.691+0000] {dag.py:2690} INFO - Sync 1 DAGs
[2023-07-02T22:49:38.890+0000] {logging_mixin.py:137} INFO - [2023-07-02T22:49:38.890+0000] {dag.py:3441} INFO - Setting next_dagrun for example_time_delta_sensor_async to None, run_after=None
[2023-07-02T22:49:39.124+0000] {processor.py:175} INFO - Processing /home/airflow/.local/lib/python3.7/site-packages/airflow/example_dags/example_time_delta_sensor_async.py took 0.693 seconds
[2023-07-02T22:50:09.515+0000] {processor.py:153} INFO - Started process (PID=2374) to work on /home/airflow/.local/lib/python3.7/site-packages/airflow/example_dags/example_time_delta_sensor_async.py
[2023-07-02T22:50:09.517+0000] {processor.py:743} INFO - Processing file /home/airflow/.local/lib/python3.7/site-packages/airflow/example_dags/example_time_delta_sensor_async.py for tasks to queue
[2023-07-02T22:50:09.520+0000] {logging_mixin.py:137} INFO - [2023-07-02T22:50:09.519+0000] {dagbag.py:538} INFO - Filling up the DagBag from /home/airflow/.local/lib/python3.7/site-packages/airflow/example_dags/example_time_delta_sensor_async.py
[2023-07-02T22:50:09.538+0000] {processor.py:753} INFO - DAG(s) dict_keys(['example_time_delta_sensor_async']) retrieved from /home/airflow/.local/lib/python3.7/site-packages/airflow/example_dags/example_time_delta_sensor_async.py
[2023-07-02T22:50:09.582+0000] {logging_mixin.py:137} INFO - [2023-07-02T22:50:09.582+0000] {dag.py:2690} INFO - Sync 1 DAGs
[2023-07-02T22:50:09.620+0000] {logging_mixin.py:137} INFO - [2023-07-02T22:50:09.619+0000] {dag.py:3441} INFO - Setting next_dagrun for example_time_delta_sensor_async to None, run_after=None
[2023-07-02T22:50:09.662+0000] {processor.py:175} INFO - Processing /home/airflow/.local/lib/python3.7/site-packages/airflow/example_dags/example_time_delta_sensor_async.py took 0.154 seconds
[2023-07-02T22:50:42.371+0000] {processor.py:153} INFO - Started process (PID=2440) to work on /home/airflow/.local/lib/python3.7/site-packages/airflow/example_dags/example_time_delta_sensor_async.py
[2023-07-02T22:50:42.380+0000] {processor.py:743} INFO - Processing file /home/airflow/.local/lib/python3.7/site-packages/airflow/example_dags/example_time_delta_sensor_async.py for tasks to queue
[2023-07-02T22:50:42.386+0000] {logging_mixin.py:137} INFO - [2023-07-02T22:50:42.386+0000] {dagbag.py:538} INFO - Filling up the DagBag from /home/airflow/.local/lib/python3.7/site-packages/airflow/example_dags/example_time_delta_sensor_async.py
[2023-07-02T22:50:42.486+0000] {processor.py:753} INFO - DAG(s) dict_keys(['example_time_delta_sensor_async']) retrieved from /home/airflow/.local/lib/python3.7/site-packages/airflow/example_dags/example_time_delta_sensor_async.py
[2023-07-02T22:50:42.624+0000] {logging_mixin.py:137} INFO - [2023-07-02T22:50:42.624+0000] {dag.py:2690} INFO - Sync 1 DAGs
[2023-07-02T22:50:42.740+0000] {logging_mixin.py:137} INFO - [2023-07-02T22:50:42.740+0000] {dag.py:3441} INFO - Setting next_dagrun for example_time_delta_sensor_async to None, run_after=None
[2023-07-02T22:50:43.014+0000] {processor.py:175} INFO - Processing /home/airflow/.local/lib/python3.7/site-packages/airflow/example_dags/example_time_delta_sensor_async.py took 0.671 seconds
[2023-07-02T22:51:13.534+0000] {processor.py:153} INFO - Started process (PID=2501) to work on /home/airflow/.local/lib/python3.7/site-packages/airflow/example_dags/example_time_delta_sensor_async.py
[2023-07-02T22:51:13.537+0000] {processor.py:743} INFO - Processing file /home/airflow/.local/lib/python3.7/site-packages/airflow/example_dags/example_time_delta_sensor_async.py for tasks to queue
[2023-07-02T22:51:13.541+0000] {logging_mixin.py:137} INFO - [2023-07-02T22:51:13.541+0000] {dagbag.py:538} INFO - Filling up the DagBag from /home/airflow/.local/lib/python3.7/site-packages/airflow/example_dags/example_time_delta_sensor_async.py
[2023-07-02T22:51:13.579+0000] {processor.py:753} INFO - DAG(s) dict_keys(['example_time_delta_sensor_async']) retrieved from /home/airflow/.local/lib/python3.7/site-packages/airflow/example_dags/example_time_delta_sensor_async.py
[2023-07-02T22:55:09.598+0000] {logging_mixin.py:137} INFO - [2023-07-02T22:55:09.597+0000] {dag.py:2690} INFO - Sync 1 DAGs
[2023-07-02T22:55:40.325+0000] {processor.py:153} INFO - Started process (PID=2560) to work on /home/airflow/.local/lib/python3.7/site-packages/airflow/example_dags/example_time_delta_sensor_async.py
[2023-07-02T22:55:40.337+0000] {processor.py:743} INFO - Processing file /home/airflow/.local/lib/python3.7/site-packages/airflow/example_dags/example_time_delta_sensor_async.py for tasks to queue
[2023-07-02T22:55:40.354+0000] {logging_mixin.py:137} INFO - [2023-07-02T22:55:40.352+0000] {dagbag.py:538} INFO - Filling up the DagBag from /home/airflow/.local/lib/python3.7/site-packages/airflow/example_dags/example_time_delta_sensor_async.py
[2023-07-02T22:55:40.420+0000] {processor.py:753} INFO - DAG(s) dict_keys(['example_time_delta_sensor_async']) retrieved from /home/airflow/.local/lib/python3.7/site-packages/airflow/example_dags/example_time_delta_sensor_async.py
[2023-07-02T22:55:40.478+0000] {logging_mixin.py:137} INFO - [2023-07-02T22:55:40.477+0000] {dag.py:2690} INFO - Sync 1 DAGs
[2023-07-02T22:55:40.507+0000] {logging_mixin.py:137} INFO - [2023-07-02T22:55:40.507+0000] {dag.py:3441} INFO - Setting next_dagrun for example_time_delta_sensor_async to None, run_after=None
[2023-07-02T22:55:40.541+0000] {processor.py:175} INFO - Processing /home/airflow/.local/lib/python3.7/site-packages/airflow/example_dags/example_time_delta_sensor_async.py took 0.224 seconds
[2023-07-02T22:56:11.513+0000] {processor.py:153} INFO - Started process (PID=2618) to work on /home/airflow/.local/lib/python3.7/site-packages/airflow/example_dags/example_time_delta_sensor_async.py
[2023-07-02T22:56:11.517+0000] {processor.py:743} INFO - Processing file /home/airflow/.local/lib/python3.7/site-packages/airflow/example_dags/example_time_delta_sensor_async.py for tasks to queue
[2023-07-02T22:56:11.520+0000] {logging_mixin.py:137} INFO - [2023-07-02T22:56:11.520+0000] {dagbag.py:538} INFO - Filling up the DagBag from /home/airflow/.local/lib/python3.7/site-packages/airflow/example_dags/example_time_delta_sensor_async.py
[2023-07-02T22:56:11.542+0000] {processor.py:753} INFO - DAG(s) dict_keys(['example_time_delta_sensor_async']) retrieved from /home/airflow/.local/lib/python3.7/site-packages/airflow/example_dags/example_time_delta_sensor_async.py
[2023-07-02T22:56:11.575+0000] {logging_mixin.py:137} INFO - [2023-07-02T22:56:11.575+0000] {dag.py:2690} INFO - Sync 1 DAGs
[2023-07-02T22:56:11.615+0000] {logging_mixin.py:137} INFO - [2023-07-02T22:56:11.614+0000] {dag.py:3441} INFO - Setting next_dagrun for example_time_delta_sensor_async to None, run_after=None
[2023-07-02T22:56:11.648+0000] {processor.py:175} INFO - Processing /home/airflow/.local/lib/python3.7/site-packages/airflow/example_dags/example_time_delta_sensor_async.py took 0.146 seconds
[2023-07-02T23:02:34.551+0000] {processor.py:153} INFO - Started process (PID=2705) to work on /home/airflow/.local/lib/python3.7/site-packages/airflow/example_dags/example_time_delta_sensor_async.py
[2023-07-02T23:02:34.555+0000] {processor.py:743} INFO - Processing file /home/airflow/.local/lib/python3.7/site-packages/airflow/example_dags/example_time_delta_sensor_async.py for tasks to queue
[2023-07-02T23:02:34.559+0000] {logging_mixin.py:137} INFO - [2023-07-02T23:02:34.558+0000] {dagbag.py:538} INFO - Filling up the DagBag from /home/airflow/.local/lib/python3.7/site-packages/airflow/example_dags/example_time_delta_sensor_async.py
[2023-07-02T23:02:34.584+0000] {processor.py:753} INFO - DAG(s) dict_keys(['example_time_delta_sensor_async']) retrieved from /home/airflow/.local/lib/python3.7/site-packages/airflow/example_dags/example_time_delta_sensor_async.py
[2023-07-02T23:02:34.636+0000] {logging_mixin.py:137} INFO - [2023-07-02T23:02:34.636+0000] {dag.py:2690} INFO - Sync 1 DAGs
[2023-07-02T23:02:34.672+0000] {logging_mixin.py:137} INFO - [2023-07-02T23:02:34.672+0000] {dag.py:3441} INFO - Setting next_dagrun for example_time_delta_sensor_async to None, run_after=None
[2023-07-02T23:02:34.712+0000] {processor.py:175} INFO - Processing /home/airflow/.local/lib/python3.7/site-packages/airflow/example_dags/example_time_delta_sensor_async.py took 0.168 seconds
[2023-07-02T23:03:17.250+0000] {processor.py:153} INFO - Started process (PID=2775) to work on /home/airflow/.local/lib/python3.7/site-packages/airflow/example_dags/example_time_delta_sensor_async.py
[2023-07-02T23:03:17.252+0000] {processor.py:743} INFO - Processing file /home/airflow/.local/lib/python3.7/site-packages/airflow/example_dags/example_time_delta_sensor_async.py for tasks to queue
[2023-07-02T23:03:17.254+0000] {logging_mixin.py:137} INFO - [2023-07-02T23:03:17.254+0000] {dagbag.py:538} INFO - Filling up the DagBag from /home/airflow/.local/lib/python3.7/site-packages/airflow/example_dags/example_time_delta_sensor_async.py
[2023-07-02T23:03:17.279+0000] {processor.py:753} INFO - DAG(s) dict_keys(['example_time_delta_sensor_async']) retrieved from /home/airflow/.local/lib/python3.7/site-packages/airflow/example_dags/example_time_delta_sensor_async.py
[2023-07-02T23:03:17.343+0000] {logging_mixin.py:137} INFO - [2023-07-02T23:03:17.342+0000] {dag.py:2690} INFO - Sync 1 DAGs
[2023-07-02T23:03:17.421+0000] {logging_mixin.py:137} INFO - [2023-07-02T23:03:17.421+0000] {dag.py:3441} INFO - Setting next_dagrun for example_time_delta_sensor_async to None, run_after=None
[2023-07-02T23:03:17.471+0000] {processor.py:175} INFO - Processing /home/airflow/.local/lib/python3.7/site-packages/airflow/example_dags/example_time_delta_sensor_async.py took 0.228 seconds
[2023-07-02T23:03:59.858+0000] {processor.py:153} INFO - Started process (PID=2842) to work on /home/airflow/.local/lib/python3.7/site-packages/airflow/example_dags/example_time_delta_sensor_async.py
[2023-07-02T23:03:59.883+0000] {processor.py:743} INFO - Processing file /home/airflow/.local/lib/python3.7/site-packages/airflow/example_dags/example_time_delta_sensor_async.py for tasks to queue
[2023-07-02T23:03:59.887+0000] {logging_mixin.py:137} INFO - [2023-07-02T23:03:59.887+0000] {dagbag.py:538} INFO - Filling up the DagBag from /home/airflow/.local/lib/python3.7/site-packages/airflow/example_dags/example_time_delta_sensor_async.py
[2023-07-02T23:04:00.007+0000] {processor.py:753} INFO - DAG(s) dict_keys(['example_time_delta_sensor_async']) retrieved from /home/airflow/.local/lib/python3.7/site-packages/airflow/example_dags/example_time_delta_sensor_async.py
[2023-07-02T23:04:00.156+0000] {logging_mixin.py:137} INFO - [2023-07-02T23:04:00.155+0000] {dag.py:2690} INFO - Sync 1 DAGs
[2023-07-02T23:04:00.252+0000] {logging_mixin.py:137} INFO - [2023-07-02T23:04:00.252+0000] {dag.py:3441} INFO - Setting next_dagrun for example_time_delta_sensor_async to None, run_after=None
[2023-07-02T23:04:00.336+0000] {processor.py:175} INFO - Processing /home/airflow/.local/lib/python3.7/site-packages/airflow/example_dags/example_time_delta_sensor_async.py took 0.507 seconds
[2023-07-02T23:07:23.890+0000] {processor.py:153} INFO - Started process (PID=2897) to work on /home/airflow/.local/lib/python3.7/site-packages/airflow/example_dags/example_time_delta_sensor_async.py
[2023-07-02T23:07:23.894+0000] {processor.py:743} INFO - Processing file /home/airflow/.local/lib/python3.7/site-packages/airflow/example_dags/example_time_delta_sensor_async.py for tasks to queue
[2023-07-02T23:07:23.903+0000] {logging_mixin.py:137} INFO - [2023-07-02T23:07:23.901+0000] {dagbag.py:538} INFO - Filling up the DagBag from /home/airflow/.local/lib/python3.7/site-packages/airflow/example_dags/example_time_delta_sensor_async.py
[2023-07-02T23:07:23.939+0000] {processor.py:753} INFO - DAG(s) dict_keys(['example_time_delta_sensor_async']) retrieved from /home/airflow/.local/lib/python3.7/site-packages/airflow/example_dags/example_time_delta_sensor_async.py
[2023-07-02T23:07:24.030+0000] {logging_mixin.py:137} INFO - [2023-07-02T23:07:24.029+0000] {dag.py:2690} INFO - Sync 1 DAGs
[2023-07-02T23:07:24.113+0000] {logging_mixin.py:137} INFO - [2023-07-02T23:07:24.113+0000] {dag.py:3441} INFO - Setting next_dagrun for example_time_delta_sensor_async to None, run_after=None
[2023-07-02T23:07:24.150+0000] {processor.py:175} INFO - Processing /home/airflow/.local/lib/python3.7/site-packages/airflow/example_dags/example_time_delta_sensor_async.py took 0.292 seconds
[2023-07-02T23:08:21.389+0000] {processor.py:153} INFO - Started process (PID=2965) to work on /home/airflow/.local/lib/python3.7/site-packages/airflow/example_dags/example_time_delta_sensor_async.py
[2023-07-02T23:08:21.403+0000] {processor.py:743} INFO - Processing file /home/airflow/.local/lib/python3.7/site-packages/airflow/example_dags/example_time_delta_sensor_async.py for tasks to queue
[2023-07-02T23:08:21.414+0000] {logging_mixin.py:137} INFO - [2023-07-02T23:08:21.411+0000] {dagbag.py:538} INFO - Filling up the DagBag from /home/airflow/.local/lib/python3.7/site-packages/airflow/example_dags/example_time_delta_sensor_async.py
[2023-07-02T23:08:21.507+0000] {processor.py:753} INFO - DAG(s) dict_keys(['example_time_delta_sensor_async']) retrieved from /home/airflow/.local/lib/python3.7/site-packages/airflow/example_dags/example_time_delta_sensor_async.py
[2023-07-02T23:08:21.705+0000] {logging_mixin.py:137} INFO - [2023-07-02T23:08:21.705+0000] {dag.py:2690} INFO - Sync 1 DAGs
[2023-07-02T23:08:21.825+0000] {logging_mixin.py:137} INFO - [2023-07-02T23:08:21.825+0000] {dag.py:3441} INFO - Setting next_dagrun for example_time_delta_sensor_async to None, run_after=None
[2023-07-02T23:08:21.943+0000] {processor.py:175} INFO - Processing /home/airflow/.local/lib/python3.7/site-packages/airflow/example_dags/example_time_delta_sensor_async.py took 0.593 seconds
[2023-07-02T23:09:08.633+0000] {processor.py:153} INFO - Started process (PID=3037) to work on /home/airflow/.local/lib/python3.7/site-packages/airflow/example_dags/example_time_delta_sensor_async.py
[2023-07-02T23:09:08.641+0000] {processor.py:743} INFO - Processing file /home/airflow/.local/lib/python3.7/site-packages/airflow/example_dags/example_time_delta_sensor_async.py for tasks to queue
[2023-07-02T23:09:08.644+0000] {logging_mixin.py:137} INFO - [2023-07-02T23:09:08.643+0000] {dagbag.py:538} INFO - Filling up the DagBag from /home/airflow/.local/lib/python3.7/site-packages/airflow/example_dags/example_time_delta_sensor_async.py
[2023-07-02T23:09:08.685+0000] {processor.py:753} INFO - DAG(s) dict_keys(['example_time_delta_sensor_async']) retrieved from /home/airflow/.local/lib/python3.7/site-packages/airflow/example_dags/example_time_delta_sensor_async.py
[2023-07-02T23:09:08.733+0000] {logging_mixin.py:137} INFO - [2023-07-02T23:09:08.733+0000] {dag.py:2690} INFO - Sync 1 DAGs
[2023-07-02T23:09:08.780+0000] {logging_mixin.py:137} INFO - [2023-07-02T23:09:08.779+0000] {dag.py:3441} INFO - Setting next_dagrun for example_time_delta_sensor_async to None, run_after=None
[2023-07-02T23:09:08.846+0000] {processor.py:175} INFO - Processing /home/airflow/.local/lib/python3.7/site-packages/airflow/example_dags/example_time_delta_sensor_async.py took 0.220 seconds
