[2023-07-02T03:01:55.696+0000] {processor.py:153} INFO - Started process (PID=74) to work on /home/airflow/.local/lib/python3.7/site-packages/airflow/example_dags/example_sensors.py
[2023-07-02T03:01:55.716+0000] {processor.py:743} INFO - Processing file /home/airflow/.local/lib/python3.7/site-packages/airflow/example_dags/example_sensors.py for tasks to queue
[2023-07-02T03:01:55.721+0000] {logging_mixin.py:137} INFO - [2023-07-02T03:01:55.721+0000] {dagbag.py:538} INFO - Filling up the DagBag from /home/airflow/.local/lib/python3.7/site-packages/airflow/example_dags/example_sensors.py
[2023-07-02T03:01:56.056+0000] {processor.py:753} INFO - DAG(s) dict_keys(['example_sensors']) retrieved from /home/airflow/.local/lib/python3.7/site-packages/airflow/example_dags/example_sensors.py
[2023-07-02T03:01:56.316+0000] {logging_mixin.py:137} INFO - [2023-07-02T03:01:56.315+0000] {dag.py:2690} INFO - Sync 1 DAGs
[2023-07-02T03:01:56.635+0000] {logging_mixin.py:137} INFO - [2023-07-02T03:01:56.635+0000] {dag.py:3441} INFO - Setting next_dagrun for example_sensors to None, run_after=None
[2023-07-02T03:01:56.894+0000] {processor.py:175} INFO - Processing /home/airflow/.local/lib/python3.7/site-packages/airflow/example_dags/example_sensors.py took 1.247 seconds
[2023-07-02T03:02:27.258+0000] {processor.py:153} INFO - Started process (PID=133) to work on /home/airflow/.local/lib/python3.7/site-packages/airflow/example_dags/example_sensors.py
[2023-07-02T03:02:27.263+0000] {processor.py:743} INFO - Processing file /home/airflow/.local/lib/python3.7/site-packages/airflow/example_dags/example_sensors.py for tasks to queue
[2023-07-02T03:02:27.265+0000] {logging_mixin.py:137} INFO - [2023-07-02T03:02:27.265+0000] {dagbag.py:538} INFO - Filling up the DagBag from /home/airflow/.local/lib/python3.7/site-packages/airflow/example_dags/example_sensors.py
[2023-07-02T03:02:27.324+0000] {processor.py:753} INFO - DAG(s) dict_keys(['example_sensors']) retrieved from /home/airflow/.local/lib/python3.7/site-packages/airflow/example_dags/example_sensors.py
[2023-07-02T03:02:27.406+0000] {logging_mixin.py:137} INFO - [2023-07-02T03:02:27.406+0000] {dag.py:2690} INFO - Sync 1 DAGs
[2023-07-02T03:02:27.484+0000] {logging_mixin.py:137} INFO - [2023-07-02T03:02:27.484+0000] {dag.py:3441} INFO - Setting next_dagrun for example_sensors to None, run_after=None
[2023-07-02T03:02:27.530+0000] {processor.py:175} INFO - Processing /home/airflow/.local/lib/python3.7/site-packages/airflow/example_dags/example_sensors.py took 0.287 seconds
[2023-07-02T03:02:58.104+0000] {processor.py:153} INFO - Started process (PID=192) to work on /home/airflow/.local/lib/python3.7/site-packages/airflow/example_dags/example_sensors.py
[2023-07-02T03:02:58.107+0000] {processor.py:743} INFO - Processing file /home/airflow/.local/lib/python3.7/site-packages/airflow/example_dags/example_sensors.py for tasks to queue
[2023-07-02T03:02:58.110+0000] {logging_mixin.py:137} INFO - [2023-07-02T03:02:58.110+0000] {dagbag.py:538} INFO - Filling up the DagBag from /home/airflow/.local/lib/python3.7/site-packages/airflow/example_dags/example_sensors.py
[2023-07-02T03:02:58.142+0000] {processor.py:753} INFO - DAG(s) dict_keys(['example_sensors']) retrieved from /home/airflow/.local/lib/python3.7/site-packages/airflow/example_dags/example_sensors.py
[2023-07-02T03:02:58.186+0000] {logging_mixin.py:137} INFO - [2023-07-02T03:02:58.186+0000] {dag.py:2690} INFO - Sync 1 DAGs
[2023-07-02T03:02:58.220+0000] {logging_mixin.py:137} INFO - [2023-07-02T03:02:58.220+0000] {dag.py:3441} INFO - Setting next_dagrun for example_sensors to None, run_after=None
[2023-07-02T03:02:58.275+0000] {processor.py:175} INFO - Processing /home/airflow/.local/lib/python3.7/site-packages/airflow/example_dags/example_sensors.py took 0.174 seconds
[2023-07-02T03:03:28.549+0000] {processor.py:153} INFO - Started process (PID=259) to work on /home/airflow/.local/lib/python3.7/site-packages/airflow/example_dags/example_sensors.py
[2023-07-02T03:03:28.556+0000] {processor.py:743} INFO - Processing file /home/airflow/.local/lib/python3.7/site-packages/airflow/example_dags/example_sensors.py for tasks to queue
[2023-07-02T03:03:28.561+0000] {logging_mixin.py:137} INFO - [2023-07-02T03:03:28.561+0000] {dagbag.py:538} INFO - Filling up the DagBag from /home/airflow/.local/lib/python3.7/site-packages/airflow/example_dags/example_sensors.py
[2023-07-02T03:03:28.676+0000] {processor.py:753} INFO - DAG(s) dict_keys(['example_sensors']) retrieved from /home/airflow/.local/lib/python3.7/site-packages/airflow/example_dags/example_sensors.py
[2023-07-02T03:03:28.758+0000] {logging_mixin.py:137} INFO - [2023-07-02T03:03:28.758+0000] {dag.py:2690} INFO - Sync 1 DAGs
[2023-07-02T03:03:28.825+0000] {logging_mixin.py:137} INFO - [2023-07-02T03:03:28.825+0000] {dag.py:3441} INFO - Setting next_dagrun for example_sensors to None, run_after=None
[2023-07-02T03:03:28.884+0000] {processor.py:175} INFO - Processing /home/airflow/.local/lib/python3.7/site-packages/airflow/example_dags/example_sensors.py took 0.367 seconds
[2023-07-02T03:03:59.558+0000] {processor.py:153} INFO - Started process (PID=318) to work on /home/airflow/.local/lib/python3.7/site-packages/airflow/example_dags/example_sensors.py
[2023-07-02T03:03:59.562+0000] {processor.py:743} INFO - Processing file /home/airflow/.local/lib/python3.7/site-packages/airflow/example_dags/example_sensors.py for tasks to queue
[2023-07-02T03:03:59.567+0000] {logging_mixin.py:137} INFO - [2023-07-02T03:03:59.566+0000] {dagbag.py:538} INFO - Filling up the DagBag from /home/airflow/.local/lib/python3.7/site-packages/airflow/example_dags/example_sensors.py
[2023-07-02T03:03:59.699+0000] {processor.py:753} INFO - DAG(s) dict_keys(['example_sensors']) retrieved from /home/airflow/.local/lib/python3.7/site-packages/airflow/example_dags/example_sensors.py
[2023-07-02T03:03:59.987+0000] {logging_mixin.py:137} INFO - [2023-07-02T03:03:59.986+0000] {dag.py:2690} INFO - Sync 1 DAGs
[2023-07-02T03:04:00.088+0000] {logging_mixin.py:137} INFO - [2023-07-02T03:04:00.088+0000] {dag.py:3441} INFO - Setting next_dagrun for example_sensors to None, run_after=None
[2023-07-02T03:04:00.256+0000] {processor.py:175} INFO - Processing /home/airflow/.local/lib/python3.7/site-packages/airflow/example_dags/example_sensors.py took 0.717 seconds
[2023-07-02T03:04:32.946+0000] {processor.py:153} INFO - Started process (PID=375) to work on /home/airflow/.local/lib/python3.7/site-packages/airflow/example_dags/example_sensors.py
[2023-07-02T03:04:32.978+0000] {processor.py:743} INFO - Processing file /home/airflow/.local/lib/python3.7/site-packages/airflow/example_dags/example_sensors.py for tasks to queue
[2023-07-02T03:04:32.992+0000] {logging_mixin.py:137} INFO - [2023-07-02T03:04:32.992+0000] {dagbag.py:538} INFO - Filling up the DagBag from /home/airflow/.local/lib/python3.7/site-packages/airflow/example_dags/example_sensors.py
[2023-07-02T03:04:33.387+0000] {processor.py:753} INFO - DAG(s) dict_keys(['example_sensors']) retrieved from /home/airflow/.local/lib/python3.7/site-packages/airflow/example_dags/example_sensors.py
[2023-07-02T03:04:33.858+0000] {logging_mixin.py:137} INFO - [2023-07-02T03:04:33.858+0000] {dag.py:2690} INFO - Sync 1 DAGs
[2023-07-02T03:04:34.617+0000] {logging_mixin.py:137} INFO - [2023-07-02T03:04:34.617+0000] {dag.py:3441} INFO - Setting next_dagrun for example_sensors to None, run_after=None
[2023-07-02T03:04:36.941+0000] {processor.py:175} INFO - Processing /home/airflow/.local/lib/python3.7/site-packages/airflow/example_dags/example_sensors.py took 4.068 seconds
[2023-07-02T03:05:07.703+0000] {processor.py:153} INFO - Started process (PID=435) to work on /home/airflow/.local/lib/python3.7/site-packages/airflow/example_dags/example_sensors.py
[2023-07-02T03:05:07.712+0000] {processor.py:743} INFO - Processing file /home/airflow/.local/lib/python3.7/site-packages/airflow/example_dags/example_sensors.py for tasks to queue
[2023-07-02T03:05:07.715+0000] {logging_mixin.py:137} INFO - [2023-07-02T03:05:07.715+0000] {dagbag.py:538} INFO - Filling up the DagBag from /home/airflow/.local/lib/python3.7/site-packages/airflow/example_dags/example_sensors.py
[2023-07-02T03:05:07.759+0000] {processor.py:753} INFO - DAG(s) dict_keys(['example_sensors']) retrieved from /home/airflow/.local/lib/python3.7/site-packages/airflow/example_dags/example_sensors.py
[2023-07-02T03:05:07.830+0000] {logging_mixin.py:137} INFO - [2023-07-02T03:05:07.830+0000] {dag.py:2690} INFO - Sync 1 DAGs
[2023-07-02T03:05:07.892+0000] {logging_mixin.py:137} INFO - [2023-07-02T03:05:07.891+0000] {dag.py:3441} INFO - Setting next_dagrun for example_sensors to None, run_after=None
[2023-07-02T03:05:07.952+0000] {processor.py:175} INFO - Processing /home/airflow/.local/lib/python3.7/site-packages/airflow/example_dags/example_sensors.py took 0.266 seconds
[2023-07-02T03:05:38.274+0000] {processor.py:153} INFO - Started process (PID=493) to work on /home/airflow/.local/lib/python3.7/site-packages/airflow/example_dags/example_sensors.py
[2023-07-02T03:05:38.282+0000] {processor.py:743} INFO - Processing file /home/airflow/.local/lib/python3.7/site-packages/airflow/example_dags/example_sensors.py for tasks to queue
[2023-07-02T03:05:38.290+0000] {logging_mixin.py:137} INFO - [2023-07-02T03:05:38.288+0000] {dagbag.py:538} INFO - Filling up the DagBag from /home/airflow/.local/lib/python3.7/site-packages/airflow/example_dags/example_sensors.py
[2023-07-02T03:05:38.451+0000] {processor.py:753} INFO - DAG(s) dict_keys(['example_sensors']) retrieved from /home/airflow/.local/lib/python3.7/site-packages/airflow/example_dags/example_sensors.py
[2023-07-02T03:05:38.679+0000] {logging_mixin.py:137} INFO - [2023-07-02T03:05:38.679+0000] {dag.py:2690} INFO - Sync 1 DAGs
[2023-07-02T03:05:38.843+0000] {logging_mixin.py:137} INFO - [2023-07-02T03:05:38.843+0000] {dag.py:3441} INFO - Setting next_dagrun for example_sensors to None, run_after=None
[2023-07-02T03:05:39.007+0000] {processor.py:175} INFO - Processing /home/airflow/.local/lib/python3.7/site-packages/airflow/example_dags/example_sensors.py took 0.768 seconds
[2023-07-02T03:06:09.989+0000] {processor.py:153} INFO - Started process (PID=552) to work on /home/airflow/.local/lib/python3.7/site-packages/airflow/example_dags/example_sensors.py
[2023-07-02T03:06:10.006+0000] {processor.py:743} INFO - Processing file /home/airflow/.local/lib/python3.7/site-packages/airflow/example_dags/example_sensors.py for tasks to queue
[2023-07-02T03:06:10.020+0000] {logging_mixin.py:137} INFO - [2023-07-02T03:06:10.020+0000] {dagbag.py:538} INFO - Filling up the DagBag from /home/airflow/.local/lib/python3.7/site-packages/airflow/example_dags/example_sensors.py
[2023-07-02T03:06:10.266+0000] {processor.py:753} INFO - DAG(s) dict_keys(['example_sensors']) retrieved from /home/airflow/.local/lib/python3.7/site-packages/airflow/example_dags/example_sensors.py
[2023-07-02T03:06:10.564+0000] {logging_mixin.py:137} INFO - [2023-07-02T03:06:10.559+0000] {dag.py:2690} INFO - Sync 1 DAGs
[2023-07-02T03:06:10.786+0000] {logging_mixin.py:137} INFO - [2023-07-02T03:06:10.785+0000] {dag.py:3441} INFO - Setting next_dagrun for example_sensors to None, run_after=None
[2023-07-02T03:06:10.989+0000] {processor.py:175} INFO - Processing /home/airflow/.local/lib/python3.7/site-packages/airflow/example_dags/example_sensors.py took 1.037 seconds
[2023-07-02T04:53:08.833+0000] {processor.py:153} INFO - Started process (PID=661) to work on /home/airflow/.local/lib/python3.7/site-packages/airflow/example_dags/example_sensors.py
[2023-07-02T04:53:08.837+0000] {processor.py:743} INFO - Processing file /home/airflow/.local/lib/python3.7/site-packages/airflow/example_dags/example_sensors.py for tasks to queue
[2023-07-02T04:53:08.841+0000] {logging_mixin.py:137} INFO - [2023-07-02T04:53:08.840+0000] {dagbag.py:538} INFO - Filling up the DagBag from /home/airflow/.local/lib/python3.7/site-packages/airflow/example_dags/example_sensors.py
[2023-07-02T04:53:08.881+0000] {processor.py:753} INFO - DAG(s) dict_keys(['example_sensors']) retrieved from /home/airflow/.local/lib/python3.7/site-packages/airflow/example_dags/example_sensors.py
[2023-07-02T04:53:09.010+0000] {logging_mixin.py:137} INFO - [2023-07-02T04:53:09.010+0000] {dag.py:2690} INFO - Sync 1 DAGs
[2023-07-02T04:53:09.118+0000] {logging_mixin.py:137} INFO - [2023-07-02T04:53:09.113+0000] {dag.py:3441} INFO - Setting next_dagrun for example_sensors to None, run_after=None
[2023-07-02T04:53:09.238+0000] {processor.py:175} INFO - Processing /home/airflow/.local/lib/python3.7/site-packages/airflow/example_dags/example_sensors.py took 0.416 seconds
[2023-07-02T08:23:14.861+0000] {processor.py:153} INFO - Started process (PID=728) to work on /home/airflow/.local/lib/python3.7/site-packages/airflow/example_dags/example_sensors.py
[2023-07-02T08:23:14.864+0000] {processor.py:743} INFO - Processing file /home/airflow/.local/lib/python3.7/site-packages/airflow/example_dags/example_sensors.py for tasks to queue
[2023-07-02T08:23:14.867+0000] {logging_mixin.py:137} INFO - [2023-07-02T08:23:14.867+0000] {dagbag.py:538} INFO - Filling up the DagBag from /home/airflow/.local/lib/python3.7/site-packages/airflow/example_dags/example_sensors.py
[2023-07-02T08:23:14.904+0000] {processor.py:753} INFO - DAG(s) dict_keys(['example_sensors']) retrieved from /home/airflow/.local/lib/python3.7/site-packages/airflow/example_dags/example_sensors.py
[2023-07-02T08:23:14.964+0000] {logging_mixin.py:137} INFO - [2023-07-02T08:23:14.964+0000] {dag.py:2690} INFO - Sync 1 DAGs
[2023-07-02T08:23:14.999+0000] {logging_mixin.py:137} INFO - [2023-07-02T08:23:14.999+0000] {dag.py:3441} INFO - Setting next_dagrun for example_sensors to None, run_after=None
[2023-07-02T08:23:15.043+0000] {processor.py:175} INFO - Processing /home/airflow/.local/lib/python3.7/site-packages/airflow/example_dags/example_sensors.py took 0.189 seconds
[2023-07-02T08:52:26.600+0000] {processor.py:153} INFO - Started process (PID=777) to work on /home/airflow/.local/lib/python3.7/site-packages/airflow/example_dags/example_sensors.py
[2023-07-02T08:52:26.615+0000] {processor.py:743} INFO - Processing file /home/airflow/.local/lib/python3.7/site-packages/airflow/example_dags/example_sensors.py for tasks to queue
[2023-07-02T08:52:26.620+0000] {logging_mixin.py:137} INFO - [2023-07-02T08:52:26.620+0000] {dagbag.py:538} INFO - Filling up the DagBag from /home/airflow/.local/lib/python3.7/site-packages/airflow/example_dags/example_sensors.py
[2023-07-02T08:52:26.704+0000] {processor.py:753} INFO - DAG(s) dict_keys(['example_sensors']) retrieved from /home/airflow/.local/lib/python3.7/site-packages/airflow/example_dags/example_sensors.py
[2023-07-02T08:52:26.794+0000] {logging_mixin.py:137} INFO - [2023-07-02T08:52:26.794+0000] {dag.py:2690} INFO - Sync 1 DAGs
[2023-07-02T08:52:26.883+0000] {logging_mixin.py:137} INFO - [2023-07-02T08:52:26.881+0000] {dag.py:3441} INFO - Setting next_dagrun for example_sensors to None, run_after=None
[2023-07-02T08:52:26.956+0000] {processor.py:175} INFO - Processing /home/airflow/.local/lib/python3.7/site-packages/airflow/example_dags/example_sensors.py took 0.379 seconds
[2023-07-02T09:45:02.623+0000] {processor.py:153} INFO - Started process (PID=835) to work on /home/airflow/.local/lib/python3.7/site-packages/airflow/example_dags/example_sensors.py
[2023-07-02T09:45:02.630+0000] {processor.py:743} INFO - Processing file /home/airflow/.local/lib/python3.7/site-packages/airflow/example_dags/example_sensors.py for tasks to queue
[2023-07-02T09:45:02.632+0000] {logging_mixin.py:137} INFO - [2023-07-02T09:45:02.632+0000] {dagbag.py:538} INFO - Filling up the DagBag from /home/airflow/.local/lib/python3.7/site-packages/airflow/example_dags/example_sensors.py
[2023-07-02T09:45:02.721+0000] {processor.py:753} INFO - DAG(s) dict_keys(['example_sensors']) retrieved from /home/airflow/.local/lib/python3.7/site-packages/airflow/example_dags/example_sensors.py
[2023-07-02T09:45:02.868+0000] {logging_mixin.py:137} INFO - [2023-07-02T09:45:02.868+0000] {dag.py:2690} INFO - Sync 1 DAGs
[2023-07-02T09:45:02.953+0000] {logging_mixin.py:137} INFO - [2023-07-02T09:45:02.953+0000] {dag.py:3441} INFO - Setting next_dagrun for example_sensors to None, run_after=None
[2023-07-02T09:45:03.164+0000] {processor.py:175} INFO - Processing /home/airflow/.local/lib/python3.7/site-packages/airflow/example_dags/example_sensors.py took 0.558 seconds
[2023-07-02T09:57:16.504+0000] {processor.py:153} INFO - Started process (PID=906) to work on /home/airflow/.local/lib/python3.7/site-packages/airflow/example_dags/example_sensors.py
[2023-07-02T09:57:16.507+0000] {processor.py:743} INFO - Processing file /home/airflow/.local/lib/python3.7/site-packages/airflow/example_dags/example_sensors.py for tasks to queue
[2023-07-02T09:57:16.510+0000] {logging_mixin.py:137} INFO - [2023-07-02T09:57:16.510+0000] {dagbag.py:538} INFO - Filling up the DagBag from /home/airflow/.local/lib/python3.7/site-packages/airflow/example_dags/example_sensors.py
[2023-07-02T09:57:16.541+0000] {processor.py:753} INFO - DAG(s) dict_keys(['example_sensors']) retrieved from /home/airflow/.local/lib/python3.7/site-packages/airflow/example_dags/example_sensors.py
[2023-07-02T09:57:16.597+0000] {logging_mixin.py:137} INFO - [2023-07-02T09:57:16.597+0000] {dag.py:2690} INFO - Sync 1 DAGs
[2023-07-02T09:57:16.632+0000] {logging_mixin.py:137} INFO - [2023-07-02T09:57:16.631+0000] {dag.py:3441} INFO - Setting next_dagrun for example_sensors to None, run_after=None
[2023-07-02T09:57:16.665+0000] {processor.py:175} INFO - Processing /home/airflow/.local/lib/python3.7/site-packages/airflow/example_dags/example_sensors.py took 0.167 seconds
[2023-07-02T10:12:41.768+0000] {processor.py:153} INFO - Started process (PID=954) to work on /home/airflow/.local/lib/python3.7/site-packages/airflow/example_dags/example_sensors.py
[2023-07-02T10:12:41.784+0000] {processor.py:743} INFO - Processing file /home/airflow/.local/lib/python3.7/site-packages/airflow/example_dags/example_sensors.py for tasks to queue
[2023-07-02T10:12:41.798+0000] {logging_mixin.py:137} INFO - [2023-07-02T10:12:41.797+0000] {dagbag.py:538} INFO - Filling up the DagBag from /home/airflow/.local/lib/python3.7/site-packages/airflow/example_dags/example_sensors.py
[2023-07-02T10:12:42.072+0000] {processor.py:753} INFO - DAG(s) dict_keys(['example_sensors']) retrieved from /home/airflow/.local/lib/python3.7/site-packages/airflow/example_dags/example_sensors.py
[2023-07-02T10:12:42.387+0000] {logging_mixin.py:137} INFO - [2023-07-02T10:12:42.387+0000] {dag.py:2690} INFO - Sync 1 DAGs
[2023-07-02T10:12:42.579+0000] {logging_mixin.py:137} INFO - [2023-07-02T10:12:42.577+0000] {dag.py:3441} INFO - Setting next_dagrun for example_sensors to None, run_after=None
[2023-07-02T10:12:42.788+0000] {processor.py:175} INFO - Processing /home/airflow/.local/lib/python3.7/site-packages/airflow/example_dags/example_sensors.py took 1.082 seconds
[2023-07-02T10:13:13.091+0000] {processor.py:153} INFO - Started process (PID=1004) to work on /home/airflow/.local/lib/python3.7/site-packages/airflow/example_dags/example_sensors.py
[2023-07-02T10:13:13.095+0000] {processor.py:743} INFO - Processing file /home/airflow/.local/lib/python3.7/site-packages/airflow/example_dags/example_sensors.py for tasks to queue
[2023-07-02T10:13:13.098+0000] {logging_mixin.py:137} INFO - [2023-07-02T10:13:13.098+0000] {dagbag.py:538} INFO - Filling up the DagBag from /home/airflow/.local/lib/python3.7/site-packages/airflow/example_dags/example_sensors.py
[2023-07-02T10:13:13.130+0000] {processor.py:753} INFO - DAG(s) dict_keys(['example_sensors']) retrieved from /home/airflow/.local/lib/python3.7/site-packages/airflow/example_dags/example_sensors.py
[2023-07-02T10:13:13.171+0000] {logging_mixin.py:137} INFO - [2023-07-02T10:13:13.171+0000] {dag.py:2690} INFO - Sync 1 DAGs
[2023-07-02T10:13:13.205+0000] {logging_mixin.py:137} INFO - [2023-07-02T10:13:13.205+0000] {dag.py:3441} INFO - Setting next_dagrun for example_sensors to None, run_after=None
[2023-07-02T10:13:13.242+0000] {processor.py:175} INFO - Processing /home/airflow/.local/lib/python3.7/site-packages/airflow/example_dags/example_sensors.py took 0.160 seconds
[2023-07-02T10:34:41.732+0000] {processor.py:153} INFO - Started process (PID=1088) to work on /home/airflow/.local/lib/python3.7/site-packages/airflow/example_dags/example_sensors.py
[2023-07-02T10:34:41.751+0000] {processor.py:743} INFO - Processing file /home/airflow/.local/lib/python3.7/site-packages/airflow/example_dags/example_sensors.py for tasks to queue
[2023-07-02T10:34:41.761+0000] {logging_mixin.py:137} INFO - [2023-07-02T10:34:41.760+0000] {dagbag.py:538} INFO - Filling up the DagBag from /home/airflow/.local/lib/python3.7/site-packages/airflow/example_dags/example_sensors.py
[2023-07-02T10:34:41.946+0000] {processor.py:753} INFO - DAG(s) dict_keys(['example_sensors']) retrieved from /home/airflow/.local/lib/python3.7/site-packages/airflow/example_dags/example_sensors.py
[2023-07-02T10:34:42.237+0000] {logging_mixin.py:137} INFO - [2023-07-02T10:34:42.237+0000] {dag.py:2690} INFO - Sync 1 DAGs
[2023-07-02T10:34:42.563+0000] {logging_mixin.py:137} INFO - [2023-07-02T10:34:42.563+0000] {dag.py:3441} INFO - Setting next_dagrun for example_sensors to None, run_after=None
[2023-07-02T10:34:42.766+0000] {processor.py:175} INFO - Processing /home/airflow/.local/lib/python3.7/site-packages/airflow/example_dags/example_sensors.py took 1.058 seconds
[2023-07-02T12:07:23.564+0000] {processor.py:153} INFO - Started process (PID=1175) to work on /home/airflow/.local/lib/python3.7/site-packages/airflow/example_dags/example_sensors.py
[2023-07-02T12:07:23.610+0000] {processor.py:743} INFO - Processing file /home/airflow/.local/lib/python3.7/site-packages/airflow/example_dags/example_sensors.py for tasks to queue
[2023-07-02T12:07:23.631+0000] {logging_mixin.py:137} INFO - [2023-07-02T12:07:23.631+0000] {dagbag.py:538} INFO - Filling up the DagBag from /home/airflow/.local/lib/python3.7/site-packages/airflow/example_dags/example_sensors.py
[2023-07-02T12:07:24.107+0000] {processor.py:753} INFO - DAG(s) dict_keys(['example_sensors']) retrieved from /home/airflow/.local/lib/python3.7/site-packages/airflow/example_dags/example_sensors.py
[2023-07-02T12:07:24.370+0000] {logging_mixin.py:137} INFO - [2023-07-02T12:07:24.370+0000] {dag.py:2690} INFO - Sync 1 DAGs
[2023-07-02T12:07:24.689+0000] {logging_mixin.py:137} INFO - [2023-07-02T12:07:24.689+0000] {dag.py:3441} INFO - Setting next_dagrun for example_sensors to None, run_after=None
[2023-07-02T12:07:25.261+0000] {processor.py:175} INFO - Processing /home/airflow/.local/lib/python3.7/site-packages/airflow/example_dags/example_sensors.py took 1.773 seconds
[2023-07-02T12:07:55.489+0000] {processor.py:153} INFO - Started process (PID=1236) to work on /home/airflow/.local/lib/python3.7/site-packages/airflow/example_dags/example_sensors.py
[2023-07-02T12:07:55.495+0000] {processor.py:743} INFO - Processing file /home/airflow/.local/lib/python3.7/site-packages/airflow/example_dags/example_sensors.py for tasks to queue
[2023-07-02T12:07:55.508+0000] {logging_mixin.py:137} INFO - [2023-07-02T12:07:55.504+0000] {dagbag.py:538} INFO - Filling up the DagBag from /home/airflow/.local/lib/python3.7/site-packages/airflow/example_dags/example_sensors.py
[2023-07-02T12:07:55.720+0000] {processor.py:753} INFO - DAG(s) dict_keys(['example_sensors']) retrieved from /home/airflow/.local/lib/python3.7/site-packages/airflow/example_dags/example_sensors.py
[2023-07-02T12:07:55.991+0000] {logging_mixin.py:137} INFO - [2023-07-02T12:07:55.989+0000] {dag.py:2690} INFO - Sync 1 DAGs
[2023-07-02T12:07:56.114+0000] {logging_mixin.py:137} INFO - [2023-07-02T12:07:56.113+0000] {dag.py:3441} INFO - Setting next_dagrun for example_sensors to None, run_after=None
[2023-07-02T12:07:56.237+0000] {processor.py:175} INFO - Processing /home/airflow/.local/lib/python3.7/site-packages/airflow/example_dags/example_sensors.py took 0.767 seconds
[2023-07-02T12:08:26.835+0000] {processor.py:153} INFO - Started process (PID=1294) to work on /home/airflow/.local/lib/python3.7/site-packages/airflow/example_dags/example_sensors.py
[2023-07-02T12:08:26.838+0000] {processor.py:743} INFO - Processing file /home/airflow/.local/lib/python3.7/site-packages/airflow/example_dags/example_sensors.py for tasks to queue
[2023-07-02T12:08:26.842+0000] {logging_mixin.py:137} INFO - [2023-07-02T12:08:26.841+0000] {dagbag.py:538} INFO - Filling up the DagBag from /home/airflow/.local/lib/python3.7/site-packages/airflow/example_dags/example_sensors.py
[2023-07-02T12:08:26.928+0000] {processor.py:753} INFO - DAG(s) dict_keys(['example_sensors']) retrieved from /home/airflow/.local/lib/python3.7/site-packages/airflow/example_dags/example_sensors.py
[2023-07-02T12:08:27.029+0000] {logging_mixin.py:137} INFO - [2023-07-02T12:08:27.029+0000] {dag.py:2690} INFO - Sync 1 DAGs
[2023-07-02T12:08:27.073+0000] {logging_mixin.py:137} INFO - [2023-07-02T12:08:27.073+0000] {dag.py:3441} INFO - Setting next_dagrun for example_sensors to None, run_after=None
[2023-07-02T12:08:27.109+0000] {processor.py:175} INFO - Processing /home/airflow/.local/lib/python3.7/site-packages/airflow/example_dags/example_sensors.py took 0.284 seconds
[2023-07-02T12:08:57.363+0000] {processor.py:153} INFO - Started process (PID=1353) to work on /home/airflow/.local/lib/python3.7/site-packages/airflow/example_dags/example_sensors.py
[2023-07-02T12:08:57.366+0000] {processor.py:743} INFO - Processing file /home/airflow/.local/lib/python3.7/site-packages/airflow/example_dags/example_sensors.py for tasks to queue
[2023-07-02T12:08:57.368+0000] {logging_mixin.py:137} INFO - [2023-07-02T12:08:57.368+0000] {dagbag.py:538} INFO - Filling up the DagBag from /home/airflow/.local/lib/python3.7/site-packages/airflow/example_dags/example_sensors.py
[2023-07-02T12:08:57.463+0000] {processor.py:753} INFO - DAG(s) dict_keys(['example_sensors']) retrieved from /home/airflow/.local/lib/python3.7/site-packages/airflow/example_dags/example_sensors.py
[2023-07-02T12:08:57.581+0000] {logging_mixin.py:137} INFO - [2023-07-02T12:08:57.581+0000] {dag.py:2690} INFO - Sync 1 DAGs
[2023-07-02T12:08:57.693+0000] {logging_mixin.py:137} INFO - [2023-07-02T12:08:57.693+0000] {dag.py:3441} INFO - Setting next_dagrun for example_sensors to None, run_after=None
[2023-07-02T12:08:57.823+0000] {processor.py:175} INFO - Processing /home/airflow/.local/lib/python3.7/site-packages/airflow/example_dags/example_sensors.py took 0.467 seconds
[2023-07-02T12:09:27.960+0000] {processor.py:153} INFO - Started process (PID=1420) to work on /home/airflow/.local/lib/python3.7/site-packages/airflow/example_dags/example_sensors.py
[2023-07-02T12:09:27.968+0000] {processor.py:743} INFO - Processing file /home/airflow/.local/lib/python3.7/site-packages/airflow/example_dags/example_sensors.py for tasks to queue
[2023-07-02T12:09:27.974+0000] {logging_mixin.py:137} INFO - [2023-07-02T12:09:27.974+0000] {dagbag.py:538} INFO - Filling up the DagBag from /home/airflow/.local/lib/python3.7/site-packages/airflow/example_dags/example_sensors.py
[2023-07-02T12:09:28.219+0000] {processor.py:753} INFO - DAG(s) dict_keys(['example_sensors']) retrieved from /home/airflow/.local/lib/python3.7/site-packages/airflow/example_dags/example_sensors.py
[2023-07-02T12:09:28.567+0000] {logging_mixin.py:137} INFO - [2023-07-02T12:09:28.567+0000] {dag.py:2690} INFO - Sync 1 DAGs
[2023-07-02T12:09:29.147+0000] {logging_mixin.py:137} INFO - [2023-07-02T12:09:29.142+0000] {dag.py:3441} INFO - Setting next_dagrun for example_sensors to None, run_after=None
[2023-07-02T12:09:29.406+0000] {processor.py:175} INFO - Processing /home/airflow/.local/lib/python3.7/site-packages/airflow/example_dags/example_sensors.py took 1.474 seconds
[2023-07-02T12:09:59.604+0000] {processor.py:153} INFO - Started process (PID=1477) to work on /home/airflow/.local/lib/python3.7/site-packages/airflow/example_dags/example_sensors.py
[2023-07-02T12:09:59.608+0000] {processor.py:743} INFO - Processing file /home/airflow/.local/lib/python3.7/site-packages/airflow/example_dags/example_sensors.py for tasks to queue
[2023-07-02T12:09:59.611+0000] {logging_mixin.py:137} INFO - [2023-07-02T12:09:59.610+0000] {dagbag.py:538} INFO - Filling up the DagBag from /home/airflow/.local/lib/python3.7/site-packages/airflow/example_dags/example_sensors.py
[2023-07-02T12:09:59.636+0000] {processor.py:753} INFO - DAG(s) dict_keys(['example_sensors']) retrieved from /home/airflow/.local/lib/python3.7/site-packages/airflow/example_dags/example_sensors.py
[2023-07-02T12:09:59.675+0000] {logging_mixin.py:137} INFO - [2023-07-02T12:09:59.675+0000] {dag.py:2690} INFO - Sync 1 DAGs
[2023-07-02T12:09:59.705+0000] {logging_mixin.py:137} INFO - [2023-07-02T12:09:59.705+0000] {dag.py:3441} INFO - Setting next_dagrun for example_sensors to None, run_after=None
[2023-07-02T12:09:59.735+0000] {processor.py:175} INFO - Processing /home/airflow/.local/lib/python3.7/site-packages/airflow/example_dags/example_sensors.py took 0.137 seconds
[2023-07-02T12:18:31.424+0000] {processor.py:153} INFO - Started process (PID=1548) to work on /home/airflow/.local/lib/python3.7/site-packages/airflow/example_dags/example_sensors.py
[2023-07-02T12:18:31.427+0000] {processor.py:743} INFO - Processing file /home/airflow/.local/lib/python3.7/site-packages/airflow/example_dags/example_sensors.py for tasks to queue
[2023-07-02T12:18:31.430+0000] {logging_mixin.py:137} INFO - [2023-07-02T12:18:31.429+0000] {dagbag.py:538} INFO - Filling up the DagBag from /home/airflow/.local/lib/python3.7/site-packages/airflow/example_dags/example_sensors.py
[2023-07-02T12:18:31.464+0000] {processor.py:753} INFO - DAG(s) dict_keys(['example_sensors']) retrieved from /home/airflow/.local/lib/python3.7/site-packages/airflow/example_dags/example_sensors.py
[2023-07-02T12:18:31.519+0000] {logging_mixin.py:137} INFO - [2023-07-02T12:18:31.518+0000] {dag.py:2690} INFO - Sync 1 DAGs
[2023-07-02T12:18:31.580+0000] {logging_mixin.py:137} INFO - [2023-07-02T12:18:31.580+0000] {dag.py:3441} INFO - Setting next_dagrun for example_sensors to None, run_after=None
[2023-07-02T12:18:31.621+0000] {processor.py:175} INFO - Processing /home/airflow/.local/lib/python3.7/site-packages/airflow/example_dags/example_sensors.py took 0.205 seconds
[2023-07-02T12:48:22.648+0000] {processor.py:153} INFO - Started process (PID=1587) to work on /home/airflow/.local/lib/python3.7/site-packages/airflow/example_dags/example_sensors.py
[2023-07-02T12:48:22.665+0000] {processor.py:743} INFO - Processing file /home/airflow/.local/lib/python3.7/site-packages/airflow/example_dags/example_sensors.py for tasks to queue
[2023-07-02T12:48:22.670+0000] {logging_mixin.py:137} INFO - [2023-07-02T12:48:22.669+0000] {dagbag.py:538} INFO - Filling up the DagBag from /home/airflow/.local/lib/python3.7/site-packages/airflow/example_dags/example_sensors.py
[2023-07-02T12:48:22.731+0000] {processor.py:753} INFO - DAG(s) dict_keys(['example_sensors']) retrieved from /home/airflow/.local/lib/python3.7/site-packages/airflow/example_dags/example_sensors.py
[2023-07-02T12:48:22.793+0000] {logging_mixin.py:137} INFO - [2023-07-02T12:48:22.793+0000] {dag.py:2690} INFO - Sync 1 DAGs
[2023-07-02T12:48:22.832+0000] {logging_mixin.py:137} INFO - [2023-07-02T12:48:22.832+0000] {dag.py:3441} INFO - Setting next_dagrun for example_sensors to None, run_after=None
[2023-07-02T12:48:22.880+0000] {processor.py:175} INFO - Processing /home/airflow/.local/lib/python3.7/site-packages/airflow/example_dags/example_sensors.py took 0.239 seconds
[2023-07-02T13:45:24.861+0000] {processor.py:153} INFO - Started process (PID=1634) to work on /home/airflow/.local/lib/python3.7/site-packages/airflow/example_dags/example_sensors.py
[2023-07-02T13:45:24.864+0000] {processor.py:743} INFO - Processing file /home/airflow/.local/lib/python3.7/site-packages/airflow/example_dags/example_sensors.py for tasks to queue
[2023-07-02T13:45:24.867+0000] {logging_mixin.py:137} INFO - [2023-07-02T13:45:24.867+0000] {dagbag.py:538} INFO - Filling up the DagBag from /home/airflow/.local/lib/python3.7/site-packages/airflow/example_dags/example_sensors.py
[2023-07-02T13:45:24.909+0000] {processor.py:753} INFO - DAG(s) dict_keys(['example_sensors']) retrieved from /home/airflow/.local/lib/python3.7/site-packages/airflow/example_dags/example_sensors.py
[2023-07-02T13:45:24.958+0000] {logging_mixin.py:137} INFO - [2023-07-02T13:45:24.957+0000] {dag.py:2690} INFO - Sync 1 DAGs
[2023-07-02T13:45:25.007+0000] {logging_mixin.py:137} INFO - [2023-07-02T13:45:25.007+0000] {dag.py:3441} INFO - Setting next_dagrun for example_sensors to None, run_after=None
[2023-07-02T13:45:25.043+0000] {processor.py:175} INFO - Processing /home/airflow/.local/lib/python3.7/site-packages/airflow/example_dags/example_sensors.py took 0.186 seconds
[2023-07-02T13:55:50.749+0000] {processor.py:153} INFO - Started process (PID=1683) to work on /home/airflow/.local/lib/python3.7/site-packages/airflow/example_dags/example_sensors.py
[2023-07-02T13:55:50.753+0000] {processor.py:743} INFO - Processing file /home/airflow/.local/lib/python3.7/site-packages/airflow/example_dags/example_sensors.py for tasks to queue
[2023-07-02T13:55:50.760+0000] {logging_mixin.py:137} INFO - [2023-07-02T13:55:50.759+0000] {dagbag.py:538} INFO - Filling up the DagBag from /home/airflow/.local/lib/python3.7/site-packages/airflow/example_dags/example_sensors.py
[2023-07-02T13:55:50.801+0000] {processor.py:753} INFO - DAG(s) dict_keys(['example_sensors']) retrieved from /home/airflow/.local/lib/python3.7/site-packages/airflow/example_dags/example_sensors.py
[2023-07-02T13:55:50.861+0000] {logging_mixin.py:137} INFO - [2023-07-02T13:55:50.860+0000] {dag.py:2690} INFO - Sync 1 DAGs
[2023-07-02T13:55:50.927+0000] {logging_mixin.py:137} INFO - [2023-07-02T13:55:50.926+0000] {dag.py:3441} INFO - Setting next_dagrun for example_sensors to None, run_after=None
[2023-07-02T13:55:50.980+0000] {processor.py:175} INFO - Processing /home/airflow/.local/lib/python3.7/site-packages/airflow/example_dags/example_sensors.py took 0.239 seconds
[2023-07-02T13:56:21.708+0000] {processor.py:153} INFO - Started process (PID=1742) to work on /home/airflow/.local/lib/python3.7/site-packages/airflow/example_dags/example_sensors.py
[2023-07-02T13:56:21.713+0000] {processor.py:743} INFO - Processing file /home/airflow/.local/lib/python3.7/site-packages/airflow/example_dags/example_sensors.py for tasks to queue
[2023-07-02T13:56:21.721+0000] {logging_mixin.py:137} INFO - [2023-07-02T13:56:21.719+0000] {dagbag.py:538} INFO - Filling up the DagBag from /home/airflow/.local/lib/python3.7/site-packages/airflow/example_dags/example_sensors.py
[2023-07-02T13:56:21.844+0000] {processor.py:753} INFO - DAG(s) dict_keys(['example_sensors']) retrieved from /home/airflow/.local/lib/python3.7/site-packages/airflow/example_dags/example_sensors.py
[2023-07-02T13:56:22.021+0000] {logging_mixin.py:137} INFO - [2023-07-02T13:56:22.021+0000] {dag.py:2690} INFO - Sync 1 DAGs
[2023-07-02T13:56:22.130+0000] {logging_mixin.py:137} INFO - [2023-07-02T13:56:22.129+0000] {dag.py:3441} INFO - Setting next_dagrun for example_sensors to None, run_after=None
[2023-07-02T13:56:22.243+0000] {processor.py:175} INFO - Processing /home/airflow/.local/lib/python3.7/site-packages/airflow/example_dags/example_sensors.py took 0.556 seconds
[2023-07-02T13:56:52.797+0000] {processor.py:153} INFO - Started process (PID=1802) to work on /home/airflow/.local/lib/python3.7/site-packages/airflow/example_dags/example_sensors.py
[2023-07-02T13:56:52.802+0000] {processor.py:743} INFO - Processing file /home/airflow/.local/lib/python3.7/site-packages/airflow/example_dags/example_sensors.py for tasks to queue
[2023-07-02T13:56:52.805+0000] {logging_mixin.py:137} INFO - [2023-07-02T13:56:52.804+0000] {dagbag.py:538} INFO - Filling up the DagBag from /home/airflow/.local/lib/python3.7/site-packages/airflow/example_dags/example_sensors.py
[2023-07-02T13:56:52.845+0000] {processor.py:753} INFO - DAG(s) dict_keys(['example_sensors']) retrieved from /home/airflow/.local/lib/python3.7/site-packages/airflow/example_dags/example_sensors.py
[2023-07-02T13:56:52.899+0000] {logging_mixin.py:137} INFO - [2023-07-02T13:56:52.899+0000] {dag.py:2690} INFO - Sync 1 DAGs
[2023-07-02T13:56:52.930+0000] {logging_mixin.py:137} INFO - [2023-07-02T13:56:52.930+0000] {dag.py:3441} INFO - Setting next_dagrun for example_sensors to None, run_after=None
[2023-07-02T13:56:52.957+0000] {processor.py:175} INFO - Processing /home/airflow/.local/lib/python3.7/site-packages/airflow/example_dags/example_sensors.py took 0.168 seconds
[2023-07-02T13:57:23.189+0000] {processor.py:153} INFO - Started process (PID=1870) to work on /home/airflow/.local/lib/python3.7/site-packages/airflow/example_dags/example_sensors.py
[2023-07-02T13:57:23.194+0000] {processor.py:743} INFO - Processing file /home/airflow/.local/lib/python3.7/site-packages/airflow/example_dags/example_sensors.py for tasks to queue
[2023-07-02T13:57:23.197+0000] {logging_mixin.py:137} INFO - [2023-07-02T13:57:23.196+0000] {dagbag.py:538} INFO - Filling up the DagBag from /home/airflow/.local/lib/python3.7/site-packages/airflow/example_dags/example_sensors.py
[2023-07-02T13:57:23.249+0000] {processor.py:753} INFO - DAG(s) dict_keys(['example_sensors']) retrieved from /home/airflow/.local/lib/python3.7/site-packages/airflow/example_dags/example_sensors.py
[2023-07-02T13:57:23.296+0000] {logging_mixin.py:137} INFO - [2023-07-02T13:57:23.296+0000] {dag.py:2690} INFO - Sync 1 DAGs
[2023-07-02T13:57:23.333+0000] {logging_mixin.py:137} INFO - [2023-07-02T13:57:23.333+0000] {dag.py:3441} INFO - Setting next_dagrun for example_sensors to None, run_after=None
[2023-07-02T13:57:23.371+0000] {processor.py:175} INFO - Processing /home/airflow/.local/lib/python3.7/site-packages/airflow/example_dags/example_sensors.py took 0.190 seconds
[2023-07-02T14:07:20.122+0000] {processor.py:153} INFO - Started process (PID=1923) to work on /home/airflow/.local/lib/python3.7/site-packages/airflow/example_dags/example_sensors.py
[2023-07-02T14:07:20.125+0000] {processor.py:743} INFO - Processing file /home/airflow/.local/lib/python3.7/site-packages/airflow/example_dags/example_sensors.py for tasks to queue
[2023-07-02T14:07:20.128+0000] {logging_mixin.py:137} INFO - [2023-07-02T14:07:20.128+0000] {dagbag.py:538} INFO - Filling up the DagBag from /home/airflow/.local/lib/python3.7/site-packages/airflow/example_dags/example_sensors.py
[2023-07-02T14:07:20.157+0000] {processor.py:753} INFO - DAG(s) dict_keys(['example_sensors']) retrieved from /home/airflow/.local/lib/python3.7/site-packages/airflow/example_dags/example_sensors.py
[2023-07-02T14:07:20.206+0000] {logging_mixin.py:137} INFO - [2023-07-02T14:07:20.206+0000] {dag.py:2690} INFO - Sync 1 DAGs
[2023-07-02T14:07:20.258+0000] {logging_mixin.py:137} INFO - [2023-07-02T14:07:20.258+0000] {dag.py:3441} INFO - Setting next_dagrun for example_sensors to None, run_after=None
[2023-07-02T14:07:20.319+0000] {processor.py:175} INFO - Processing /home/airflow/.local/lib/python3.7/site-packages/airflow/example_dags/example_sensors.py took 0.208 seconds
[2023-07-02T15:57:41.490+0000] {processor.py:153} INFO - Started process (PID=1972) to work on /home/airflow/.local/lib/python3.7/site-packages/airflow/example_dags/example_sensors.py
[2023-07-02T15:57:41.501+0000] {processor.py:743} INFO - Processing file /home/airflow/.local/lib/python3.7/site-packages/airflow/example_dags/example_sensors.py for tasks to queue
[2023-07-02T15:57:41.503+0000] {logging_mixin.py:137} INFO - [2023-07-02T15:57:41.503+0000] {dagbag.py:538} INFO - Filling up the DagBag from /home/airflow/.local/lib/python3.7/site-packages/airflow/example_dags/example_sensors.py
[2023-07-02T15:57:41.561+0000] {processor.py:753} INFO - DAG(s) dict_keys(['example_sensors']) retrieved from /home/airflow/.local/lib/python3.7/site-packages/airflow/example_dags/example_sensors.py
[2023-07-02T15:57:41.638+0000] {logging_mixin.py:137} INFO - [2023-07-02T15:57:41.638+0000] {dag.py:2690} INFO - Sync 1 DAGs
[2023-07-02T15:57:41.693+0000] {logging_mixin.py:137} INFO - [2023-07-02T15:57:41.693+0000] {dag.py:3441} INFO - Setting next_dagrun for example_sensors to None, run_after=None
[2023-07-02T15:57:41.745+0000] {processor.py:175} INFO - Processing /home/airflow/.local/lib/python3.7/site-packages/airflow/example_dags/example_sensors.py took 0.259 seconds
[2023-07-02T17:58:04.772+0000] {processor.py:153} INFO - Started process (PID=2031) to work on /home/airflow/.local/lib/python3.7/site-packages/airflow/example_dags/example_sensors.py
[2023-07-02T17:58:04.775+0000] {processor.py:743} INFO - Processing file /home/airflow/.local/lib/python3.7/site-packages/airflow/example_dags/example_sensors.py for tasks to queue
[2023-07-02T17:58:04.779+0000] {logging_mixin.py:137} INFO - [2023-07-02T17:58:04.779+0000] {dagbag.py:538} INFO - Filling up the DagBag from /home/airflow/.local/lib/python3.7/site-packages/airflow/example_dags/example_sensors.py
[2023-07-02T17:58:04.813+0000] {processor.py:753} INFO - DAG(s) dict_keys(['example_sensors']) retrieved from /home/airflow/.local/lib/python3.7/site-packages/airflow/example_dags/example_sensors.py
[2023-07-02T17:58:04.856+0000] {logging_mixin.py:137} INFO - [2023-07-02T17:58:04.856+0000] {dag.py:2690} INFO - Sync 1 DAGs
[2023-07-02T17:58:04.887+0000] {logging_mixin.py:137} INFO - [2023-07-02T17:58:04.887+0000] {dag.py:3441} INFO - Setting next_dagrun for example_sensors to None, run_after=None
[2023-07-02T17:58:04.931+0000] {processor.py:175} INFO - Processing /home/airflow/.local/lib/python3.7/site-packages/airflow/example_dags/example_sensors.py took 0.163 seconds
[2023-07-02T18:10:22.544+0000] {processor.py:153} INFO - Started process (PID=2090) to work on /home/airflow/.local/lib/python3.7/site-packages/airflow/example_dags/example_sensors.py
[2023-07-02T18:10:22.548+0000] {processor.py:743} INFO - Processing file /home/airflow/.local/lib/python3.7/site-packages/airflow/example_dags/example_sensors.py for tasks to queue
[2023-07-02T18:10:22.551+0000] {logging_mixin.py:137} INFO - [2023-07-02T18:10:22.550+0000] {dagbag.py:538} INFO - Filling up the DagBag from /home/airflow/.local/lib/python3.7/site-packages/airflow/example_dags/example_sensors.py
[2023-07-02T18:10:22.599+0000] {processor.py:753} INFO - DAG(s) dict_keys(['example_sensors']) retrieved from /home/airflow/.local/lib/python3.7/site-packages/airflow/example_dags/example_sensors.py
[2023-07-02T18:10:22.639+0000] {logging_mixin.py:137} INFO - [2023-07-02T18:10:22.639+0000] {dag.py:2690} INFO - Sync 1 DAGs
[2023-07-02T18:10:22.677+0000] {logging_mixin.py:137} INFO - [2023-07-02T18:10:22.677+0000] {dag.py:3441} INFO - Setting next_dagrun for example_sensors to None, run_after=None
[2023-07-02T18:10:22.706+0000] {processor.py:175} INFO - Processing /home/airflow/.local/lib/python3.7/site-packages/airflow/example_dags/example_sensors.py took 0.169 seconds
[2023-07-02T20:10:44.522+0000] {processor.py:153} INFO - Started process (PID=2139) to work on /home/airflow/.local/lib/python3.7/site-packages/airflow/example_dags/example_sensors.py
[2023-07-02T20:10:44.525+0000] {processor.py:743} INFO - Processing file /home/airflow/.local/lib/python3.7/site-packages/airflow/example_dags/example_sensors.py for tasks to queue
[2023-07-02T20:10:44.528+0000] {logging_mixin.py:137} INFO - [2023-07-02T20:10:44.528+0000] {dagbag.py:538} INFO - Filling up the DagBag from /home/airflow/.local/lib/python3.7/site-packages/airflow/example_dags/example_sensors.py
[2023-07-02T20:10:44.564+0000] {processor.py:753} INFO - DAG(s) dict_keys(['example_sensors']) retrieved from /home/airflow/.local/lib/python3.7/site-packages/airflow/example_dags/example_sensors.py
[2023-07-02T20:10:44.613+0000] {logging_mixin.py:137} INFO - [2023-07-02T20:10:44.613+0000] {dag.py:2690} INFO - Sync 1 DAGs
[2023-07-02T20:10:44.674+0000] {logging_mixin.py:137} INFO - [2023-07-02T20:10:44.674+0000] {dag.py:3441} INFO - Setting next_dagrun for example_sensors to None, run_after=None
[2023-07-02T20:10:44.709+0000] {processor.py:175} INFO - Processing /home/airflow/.local/lib/python3.7/site-packages/airflow/example_dags/example_sensors.py took 0.196 seconds
[2023-07-02T22:11:09.650+0000] {processor.py:153} INFO - Started process (PID=2197) to work on /home/airflow/.local/lib/python3.7/site-packages/airflow/example_dags/example_sensors.py
[2023-07-02T22:11:09.653+0000] {processor.py:743} INFO - Processing file /home/airflow/.local/lib/python3.7/site-packages/airflow/example_dags/example_sensors.py for tasks to queue
[2023-07-02T22:11:09.655+0000] {logging_mixin.py:137} INFO - [2023-07-02T22:11:09.655+0000] {dagbag.py:538} INFO - Filling up the DagBag from /home/airflow/.local/lib/python3.7/site-packages/airflow/example_dags/example_sensors.py
[2023-07-02T22:11:09.688+0000] {processor.py:753} INFO - DAG(s) dict_keys(['example_sensors']) retrieved from /home/airflow/.local/lib/python3.7/site-packages/airflow/example_dags/example_sensors.py
[2023-07-02T22:11:09.734+0000] {logging_mixin.py:137} INFO - [2023-07-02T22:11:09.734+0000] {dag.py:2690} INFO - Sync 1 DAGs
[2023-07-02T22:11:09.762+0000] {logging_mixin.py:137} INFO - [2023-07-02T22:11:09.762+0000] {dag.py:3441} INFO - Setting next_dagrun for example_sensors to None, run_after=None
[2023-07-02T22:11:09.803+0000] {processor.py:175} INFO - Processing /home/airflow/.local/lib/python3.7/site-packages/airflow/example_dags/example_sensors.py took 0.157 seconds
[2023-07-02T22:49:06.764+0000] {processor.py:153} INFO - Started process (PID=2254) to work on /home/airflow/.local/lib/python3.7/site-packages/airflow/example_dags/example_sensors.py
[2023-07-02T22:49:06.769+0000] {processor.py:743} INFO - Processing file /home/airflow/.local/lib/python3.7/site-packages/airflow/example_dags/example_sensors.py for tasks to queue
[2023-07-02T22:49:06.773+0000] {logging_mixin.py:137} INFO - [2023-07-02T22:49:06.773+0000] {dagbag.py:538} INFO - Filling up the DagBag from /home/airflow/.local/lib/python3.7/site-packages/airflow/example_dags/example_sensors.py
[2023-07-02T22:49:06.828+0000] {processor.py:753} INFO - DAG(s) dict_keys(['example_sensors']) retrieved from /home/airflow/.local/lib/python3.7/site-packages/airflow/example_dags/example_sensors.py
[2023-07-02T22:49:06.911+0000] {logging_mixin.py:137} INFO - [2023-07-02T22:49:06.910+0000] {dag.py:2690} INFO - Sync 1 DAGs
[2023-07-02T22:49:06.962+0000] {logging_mixin.py:137} INFO - [2023-07-02T22:49:06.962+0000] {dag.py:3441} INFO - Setting next_dagrun for example_sensors to None, run_after=None
[2023-07-02T22:49:07.041+0000] {processor.py:175} INFO - Processing /home/airflow/.local/lib/python3.7/site-packages/airflow/example_dags/example_sensors.py took 0.287 seconds
[2023-07-02T22:49:37.651+0000] {processor.py:153} INFO - Started process (PID=2312) to work on /home/airflow/.local/lib/python3.7/site-packages/airflow/example_dags/example_sensors.py
[2023-07-02T22:49:37.656+0000] {processor.py:743} INFO - Processing file /home/airflow/.local/lib/python3.7/site-packages/airflow/example_dags/example_sensors.py for tasks to queue
[2023-07-02T22:49:37.662+0000] {logging_mixin.py:137} INFO - [2023-07-02T22:49:37.661+0000] {dagbag.py:538} INFO - Filling up the DagBag from /home/airflow/.local/lib/python3.7/site-packages/airflow/example_dags/example_sensors.py
[2023-07-02T22:49:37.720+0000] {processor.py:753} INFO - DAG(s) dict_keys(['example_sensors']) retrieved from /home/airflow/.local/lib/python3.7/site-packages/airflow/example_dags/example_sensors.py
[2023-07-02T22:49:37.838+0000] {logging_mixin.py:137} INFO - [2023-07-02T22:49:37.830+0000] {dag.py:2690} INFO - Sync 1 DAGs
[2023-07-02T22:49:38.016+0000] {logging_mixin.py:137} INFO - [2023-07-02T22:49:38.016+0000] {dag.py:3441} INFO - Setting next_dagrun for example_sensors to None, run_after=None
[2023-07-02T22:49:38.103+0000] {processor.py:175} INFO - Processing /home/airflow/.local/lib/python3.7/site-packages/airflow/example_dags/example_sensors.py took 0.469 seconds
[2023-07-02T22:50:08.270+0000] {processor.py:153} INFO - Started process (PID=2371) to work on /home/airflow/.local/lib/python3.7/site-packages/airflow/example_dags/example_sensors.py
[2023-07-02T22:50:08.273+0000] {processor.py:743} INFO - Processing file /home/airflow/.local/lib/python3.7/site-packages/airflow/example_dags/example_sensors.py for tasks to queue
[2023-07-02T22:50:08.276+0000] {logging_mixin.py:137} INFO - [2023-07-02T22:50:08.275+0000] {dagbag.py:538} INFO - Filling up the DagBag from /home/airflow/.local/lib/python3.7/site-packages/airflow/example_dags/example_sensors.py
[2023-07-02T22:50:08.304+0000] {processor.py:753} INFO - DAG(s) dict_keys(['example_sensors']) retrieved from /home/airflow/.local/lib/python3.7/site-packages/airflow/example_dags/example_sensors.py
[2023-07-02T22:50:08.359+0000] {logging_mixin.py:137} INFO - [2023-07-02T22:50:08.358+0000] {dag.py:2690} INFO - Sync 1 DAGs
[2023-07-02T22:50:08.394+0000] {logging_mixin.py:137} INFO - [2023-07-02T22:50:08.394+0000] {dag.py:3441} INFO - Setting next_dagrun for example_sensors to None, run_after=None
[2023-07-02T22:50:08.424+0000] {processor.py:175} INFO - Processing /home/airflow/.local/lib/python3.7/site-packages/airflow/example_dags/example_sensors.py took 0.160 seconds
[2023-07-02T22:50:41.117+0000] {processor.py:153} INFO - Started process (PID=2429) to work on /home/airflow/.local/lib/python3.7/site-packages/airflow/example_dags/example_sensors.py
[2023-07-02T22:50:41.128+0000] {processor.py:743} INFO - Processing file /home/airflow/.local/lib/python3.7/site-packages/airflow/example_dags/example_sensors.py for tasks to queue
[2023-07-02T22:50:41.138+0000] {logging_mixin.py:137} INFO - [2023-07-02T22:50:41.137+0000] {dagbag.py:538} INFO - Filling up the DagBag from /home/airflow/.local/lib/python3.7/site-packages/airflow/example_dags/example_sensors.py
[2023-07-02T22:50:41.182+0000] {processor.py:753} INFO - DAG(s) dict_keys(['example_sensors']) retrieved from /home/airflow/.local/lib/python3.7/site-packages/airflow/example_dags/example_sensors.py
[2023-07-02T22:50:41.314+0000] {logging_mixin.py:137} INFO - [2023-07-02T22:50:41.314+0000] {dag.py:2690} INFO - Sync 1 DAGs
[2023-07-02T22:50:41.427+0000] {logging_mixin.py:137} INFO - [2023-07-02T22:50:41.427+0000] {dag.py:3441} INFO - Setting next_dagrun for example_sensors to None, run_after=None
[2023-07-02T22:50:41.548+0000] {processor.py:175} INFO - Processing /home/airflow/.local/lib/python3.7/site-packages/airflow/example_dags/example_sensors.py took 0.450 seconds
[2023-07-02T22:51:12.822+0000] {processor.py:153} INFO - Started process (PID=2497) to work on /home/airflow/.local/lib/python3.7/site-packages/airflow/example_dags/example_sensors.py
[2023-07-02T22:51:12.828+0000] {processor.py:743} INFO - Processing file /home/airflow/.local/lib/python3.7/site-packages/airflow/example_dags/example_sensors.py for tasks to queue
[2023-07-02T22:51:12.835+0000] {logging_mixin.py:137} INFO - [2023-07-02T22:51:12.834+0000] {dagbag.py:538} INFO - Filling up the DagBag from /home/airflow/.local/lib/python3.7/site-packages/airflow/example_dags/example_sensors.py
[2023-07-02T22:51:12.897+0000] {processor.py:753} INFO - DAG(s) dict_keys(['example_sensors']) retrieved from /home/airflow/.local/lib/python3.7/site-packages/airflow/example_dags/example_sensors.py
[2023-07-02T22:51:12.984+0000] {logging_mixin.py:137} INFO - [2023-07-02T22:51:12.983+0000] {dag.py:2690} INFO - Sync 1 DAGs
[2023-07-02T22:51:13.051+0000] {logging_mixin.py:137} INFO - [2023-07-02T22:51:13.051+0000] {dag.py:3441} INFO - Setting next_dagrun for example_sensors to None, run_after=None
[2023-07-02T22:51:13.124+0000] {processor.py:175} INFO - Processing /home/airflow/.local/lib/python3.7/site-packages/airflow/example_dags/example_sensors.py took 0.315 seconds
[2023-07-02T22:55:16.570+0000] {processor.py:153} INFO - Started process (PID=2528) to work on /home/airflow/.local/lib/python3.7/site-packages/airflow/example_dags/example_sensors.py
[2023-07-02T22:55:16.574+0000] {processor.py:743} INFO - Processing file /home/airflow/.local/lib/python3.7/site-packages/airflow/example_dags/example_sensors.py for tasks to queue
[2023-07-02T22:55:16.577+0000] {logging_mixin.py:137} INFO - [2023-07-02T22:55:16.577+0000] {dagbag.py:538} INFO - Filling up the DagBag from /home/airflow/.local/lib/python3.7/site-packages/airflow/example_dags/example_sensors.py
[2023-07-02T22:55:16.617+0000] {processor.py:753} INFO - DAG(s) dict_keys(['example_sensors']) retrieved from /home/airflow/.local/lib/python3.7/site-packages/airflow/example_dags/example_sensors.py
[2023-07-02T22:55:16.662+0000] {logging_mixin.py:137} INFO - [2023-07-02T22:55:16.662+0000] {dag.py:2690} INFO - Sync 1 DAGs
[2023-07-02T22:55:16.704+0000] {logging_mixin.py:137} INFO - [2023-07-02T22:55:16.704+0000] {dag.py:3441} INFO - Setting next_dagrun for example_sensors to None, run_after=None
[2023-07-02T22:55:16.762+0000] {processor.py:175} INFO - Processing /home/airflow/.local/lib/python3.7/site-packages/airflow/example_dags/example_sensors.py took 0.200 seconds
[2023-07-02T22:55:55.310+0000] {processor.py:153} INFO - Started process (PID=2596) to work on /home/airflow/.local/lib/python3.7/site-packages/airflow/example_dags/example_sensors.py
[2023-07-02T22:55:55.313+0000] {processor.py:743} INFO - Processing file /home/airflow/.local/lib/python3.7/site-packages/airflow/example_dags/example_sensors.py for tasks to queue
[2023-07-02T22:55:55.321+0000] {logging_mixin.py:137} INFO - [2023-07-02T22:55:55.319+0000] {dagbag.py:538} INFO - Filling up the DagBag from /home/airflow/.local/lib/python3.7/site-packages/airflow/example_dags/example_sensors.py
[2023-07-02T22:55:55.433+0000] {processor.py:753} INFO - DAG(s) dict_keys(['example_sensors']) retrieved from /home/airflow/.local/lib/python3.7/site-packages/airflow/example_dags/example_sensors.py
[2023-07-02T22:55:55.603+0000] {logging_mixin.py:137} INFO - [2023-07-02T22:55:55.602+0000] {dag.py:2690} INFO - Sync 1 DAGs
[2023-07-02T22:55:55.634+0000] {logging_mixin.py:137} INFO - [2023-07-02T22:55:55.633+0000] {dag.py:3441} INFO - Setting next_dagrun for example_sensors to None, run_after=None
[2023-07-02T22:55:55.679+0000] {processor.py:175} INFO - Processing /home/airflow/.local/lib/python3.7/site-packages/airflow/example_dags/example_sensors.py took 0.399 seconds
[2023-07-02T22:56:26.422+0000] {processor.py:153} INFO - Started process (PID=2655) to work on /home/airflow/.local/lib/python3.7/site-packages/airflow/example_dags/example_sensors.py
[2023-07-02T22:56:26.424+0000] {processor.py:743} INFO - Processing file /home/airflow/.local/lib/python3.7/site-packages/airflow/example_dags/example_sensors.py for tasks to queue
[2023-07-02T22:56:26.428+0000] {logging_mixin.py:137} INFO - [2023-07-02T22:56:26.428+0000] {dagbag.py:538} INFO - Filling up the DagBag from /home/airflow/.local/lib/python3.7/site-packages/airflow/example_dags/example_sensors.py
[2023-07-02T22:56:26.475+0000] {processor.py:753} INFO - DAG(s) dict_keys(['example_sensors']) retrieved from /home/airflow/.local/lib/python3.7/site-packages/airflow/example_dags/example_sensors.py
[2023-07-02T22:56:26.528+0000] {logging_mixin.py:137} INFO - [2023-07-02T22:56:26.528+0000] {dag.py:2690} INFO - Sync 1 DAGs
[2023-07-02T22:56:26.578+0000] {logging_mixin.py:137} INFO - [2023-07-02T22:56:26.578+0000] {dag.py:3441} INFO - Setting next_dagrun for example_sensors to None, run_after=None
[2023-07-02T22:56:26.632+0000] {processor.py:175} INFO - Processing /home/airflow/.local/lib/python3.7/site-packages/airflow/example_dags/example_sensors.py took 0.222 seconds
[2023-07-02T23:02:34.297+0000] {processor.py:153} INFO - Started process (PID=2702) to work on /home/airflow/.local/lib/python3.7/site-packages/airflow/example_dags/example_sensors.py
[2023-07-02T23:02:34.304+0000] {processor.py:743} INFO - Processing file /home/airflow/.local/lib/python3.7/site-packages/airflow/example_dags/example_sensors.py for tasks to queue
[2023-07-02T23:02:34.308+0000] {logging_mixin.py:137} INFO - [2023-07-02T23:02:34.307+0000] {dagbag.py:538} INFO - Filling up the DagBag from /home/airflow/.local/lib/python3.7/site-packages/airflow/example_dags/example_sensors.py
[2023-07-02T23:02:34.341+0000] {processor.py:753} INFO - DAG(s) dict_keys(['example_sensors']) retrieved from /home/airflow/.local/lib/python3.7/site-packages/airflow/example_dags/example_sensors.py
[2023-07-02T23:02:34.387+0000] {logging_mixin.py:137} INFO - [2023-07-02T23:02:34.386+0000] {dag.py:2690} INFO - Sync 1 DAGs
[2023-07-02T23:02:34.425+0000] {logging_mixin.py:137} INFO - [2023-07-02T23:02:34.424+0000] {dag.py:3441} INFO - Setting next_dagrun for example_sensors to None, run_after=None
[2023-07-02T23:02:34.464+0000] {processor.py:175} INFO - Processing /home/airflow/.local/lib/python3.7/site-packages/airflow/example_dags/example_sensors.py took 0.179 seconds
[2023-07-02T23:03:16.846+0000] {processor.py:153} INFO - Started process (PID=2772) to work on /home/airflow/.local/lib/python3.7/site-packages/airflow/example_dags/example_sensors.py
[2023-07-02T23:03:16.850+0000] {processor.py:743} INFO - Processing file /home/airflow/.local/lib/python3.7/site-packages/airflow/example_dags/example_sensors.py for tasks to queue
[2023-07-02T23:03:16.855+0000] {logging_mixin.py:137} INFO - [2023-07-02T23:03:16.855+0000] {dagbag.py:538} INFO - Filling up the DagBag from /home/airflow/.local/lib/python3.7/site-packages/airflow/example_dags/example_sensors.py
[2023-07-02T23:03:16.902+0000] {processor.py:753} INFO - DAG(s) dict_keys(['example_sensors']) retrieved from /home/airflow/.local/lib/python3.7/site-packages/airflow/example_dags/example_sensors.py
[2023-07-02T23:03:16.980+0000] {logging_mixin.py:137} INFO - [2023-07-02T23:03:16.979+0000] {dag.py:2690} INFO - Sync 1 DAGs
[2023-07-02T23:03:17.008+0000] {logging_mixin.py:137} INFO - [2023-07-02T23:03:17.007+0000] {dag.py:3441} INFO - Setting next_dagrun for example_sensors to None, run_after=None
[2023-07-02T23:03:17.044+0000] {processor.py:175} INFO - Processing /home/airflow/.local/lib/python3.7/site-packages/airflow/example_dags/example_sensors.py took 0.207 seconds
[2023-07-02T23:03:58.301+0000] {processor.py:153} INFO - Started process (PID=2839) to work on /home/airflow/.local/lib/python3.7/site-packages/airflow/example_dags/example_sensors.py
[2023-07-02T23:03:58.314+0000] {processor.py:743} INFO - Processing file /home/airflow/.local/lib/python3.7/site-packages/airflow/example_dags/example_sensors.py for tasks to queue
[2023-07-02T23:03:58.324+0000] {logging_mixin.py:137} INFO - [2023-07-02T23:03:58.321+0000] {dagbag.py:538} INFO - Filling up the DagBag from /home/airflow/.local/lib/python3.7/site-packages/airflow/example_dags/example_sensors.py
[2023-07-02T23:03:58.401+0000] {processor.py:753} INFO - DAG(s) dict_keys(['example_sensors']) retrieved from /home/airflow/.local/lib/python3.7/site-packages/airflow/example_dags/example_sensors.py
[2023-07-02T23:03:58.542+0000] {logging_mixin.py:137} INFO - [2023-07-02T23:03:58.541+0000] {dag.py:2690} INFO - Sync 1 DAGs
[2023-07-02T23:03:58.724+0000] {logging_mixin.py:137} INFO - [2023-07-02T23:03:58.724+0000] {dag.py:3441} INFO - Setting next_dagrun for example_sensors to None, run_after=None
[2023-07-02T23:03:58.882+0000] {processor.py:175} INFO - Processing /home/airflow/.local/lib/python3.7/site-packages/airflow/example_dags/example_sensors.py took 0.596 seconds
[2023-07-02T23:07:23.196+0000] {processor.py:153} INFO - Started process (PID=2894) to work on /home/airflow/.local/lib/python3.7/site-packages/airflow/example_dags/example_sensors.py
[2023-07-02T23:07:23.205+0000] {processor.py:743} INFO - Processing file /home/airflow/.local/lib/python3.7/site-packages/airflow/example_dags/example_sensors.py for tasks to queue
[2023-07-02T23:07:23.208+0000] {logging_mixin.py:137} INFO - [2023-07-02T23:07:23.208+0000] {dagbag.py:538} INFO - Filling up the DagBag from /home/airflow/.local/lib/python3.7/site-packages/airflow/example_dags/example_sensors.py
[2023-07-02T23:07:23.270+0000] {processor.py:753} INFO - DAG(s) dict_keys(['example_sensors']) retrieved from /home/airflow/.local/lib/python3.7/site-packages/airflow/example_dags/example_sensors.py
[2023-07-02T23:07:23.343+0000] {logging_mixin.py:137} INFO - [2023-07-02T23:07:23.342+0000] {dag.py:2690} INFO - Sync 1 DAGs
[2023-07-02T23:07:23.405+0000] {logging_mixin.py:137} INFO - [2023-07-02T23:07:23.404+0000] {dag.py:3441} INFO - Setting next_dagrun for example_sensors to None, run_after=None
[2023-07-02T23:07:23.463+0000] {processor.py:175} INFO - Processing /home/airflow/.local/lib/python3.7/site-packages/airflow/example_dags/example_sensors.py took 0.279 seconds
[2023-07-02T23:08:18.775+0000] {processor.py:153} INFO - Started process (PID=2950) to work on /home/airflow/.local/lib/python3.7/site-packages/airflow/example_dags/example_sensors.py
[2023-07-02T23:08:18.786+0000] {processor.py:743} INFO - Processing file /home/airflow/.local/lib/python3.7/site-packages/airflow/example_dags/example_sensors.py for tasks to queue
[2023-07-02T23:08:18.813+0000] {logging_mixin.py:137} INFO - [2023-07-02T23:08:18.813+0000] {dagbag.py:538} INFO - Filling up the DagBag from /home/airflow/.local/lib/python3.7/site-packages/airflow/example_dags/example_sensors.py
[2023-07-02T23:08:19.316+0000] {processor.py:753} INFO - DAG(s) dict_keys(['example_sensors']) retrieved from /home/airflow/.local/lib/python3.7/site-packages/airflow/example_dags/example_sensors.py
[2023-07-02T23:08:19.507+0000] {logging_mixin.py:137} INFO - [2023-07-02T23:08:19.499+0000] {dag.py:2690} INFO - Sync 1 DAGs
[2023-07-02T23:08:19.643+0000] {logging_mixin.py:137} INFO - [2023-07-02T23:08:19.643+0000] {dag.py:3441} INFO - Setting next_dagrun for example_sensors to None, run_after=None
[2023-07-02T23:08:19.788+0000] {processor.py:175} INFO - Processing /home/airflow/.local/lib/python3.7/site-packages/airflow/example_dags/example_sensors.py took 1.053 seconds
[2023-07-02T23:09:08.155+0000] {processor.py:153} INFO - Started process (PID=3034) to work on /home/airflow/.local/lib/python3.7/site-packages/airflow/example_dags/example_sensors.py
[2023-07-02T23:09:08.161+0000] {processor.py:743} INFO - Processing file /home/airflow/.local/lib/python3.7/site-packages/airflow/example_dags/example_sensors.py for tasks to queue
[2023-07-02T23:09:08.165+0000] {logging_mixin.py:137} INFO - [2023-07-02T23:09:08.165+0000] {dagbag.py:538} INFO - Filling up the DagBag from /home/airflow/.local/lib/python3.7/site-packages/airflow/example_dags/example_sensors.py
[2023-07-02T23:09:08.230+0000] {processor.py:753} INFO - DAG(s) dict_keys(['example_sensors']) retrieved from /home/airflow/.local/lib/python3.7/site-packages/airflow/example_dags/example_sensors.py
[2023-07-02T23:09:08.296+0000] {logging_mixin.py:137} INFO - [2023-07-02T23:09:08.295+0000] {dag.py:2690} INFO - Sync 1 DAGs
[2023-07-02T23:09:08.330+0000] {logging_mixin.py:137} INFO - [2023-07-02T23:09:08.330+0000] {dag.py:3441} INFO - Setting next_dagrun for example_sensors to None, run_after=None
[2023-07-02T23:09:08.382+0000] {processor.py:175} INFO - Processing /home/airflow/.local/lib/python3.7/site-packages/airflow/example_dags/example_sensors.py took 0.237 seconds
