[2023-07-02T03:01:49.202+0000] {processor.py:153} INFO - Started process (PID=61) to work on /home/airflow/.local/lib/python3.7/site-packages/airflow/example_dags/example_nested_branch_dag.py
[2023-07-02T03:01:49.215+0000] {processor.py:743} INFO - Processing file /home/airflow/.local/lib/python3.7/site-packages/airflow/example_dags/example_nested_branch_dag.py for tasks to queue
[2023-07-02T03:01:49.234+0000] {logging_mixin.py:137} INFO - [2023-07-02T03:01:49.232+0000] {dagbag.py:538} INFO - Filling up the DagBag from /home/airflow/.local/lib/python3.7/site-packages/airflow/example_dags/example_nested_branch_dag.py
[2023-07-02T03:01:49.453+0000] {processor.py:753} INFO - DAG(s) dict_keys(['example_nested_branch_dag']) retrieved from /home/airflow/.local/lib/python3.7/site-packages/airflow/example_dags/example_nested_branch_dag.py
[2023-07-02T03:01:49.679+0000] {logging_mixin.py:137} INFO - [2023-07-02T03:01:49.679+0000] {dag.py:2690} INFO - Sync 1 DAGs
[2023-07-02T03:01:49.963+0000] {logging_mixin.py:137} INFO - [2023-07-02T03:01:49.955+0000] {dag.py:3441} INFO - Setting next_dagrun for example_nested_branch_dag to 2023-07-01T00:00:00+00:00, run_after=2023-07-02T00:00:00+00:00
[2023-07-02T03:01:50.154+0000] {processor.py:175} INFO - Processing /home/airflow/.local/lib/python3.7/site-packages/airflow/example_dags/example_nested_branch_dag.py took 0.973 seconds
[2023-07-02T03:02:20.987+0000] {processor.py:153} INFO - Started process (PID=113) to work on /home/airflow/.local/lib/python3.7/site-packages/airflow/example_dags/example_nested_branch_dag.py
[2023-07-02T03:02:20.991+0000] {processor.py:743} INFO - Processing file /home/airflow/.local/lib/python3.7/site-packages/airflow/example_dags/example_nested_branch_dag.py for tasks to queue
[2023-07-02T03:02:20.994+0000] {logging_mixin.py:137} INFO - [2023-07-02T03:02:20.993+0000] {dagbag.py:538} INFO - Filling up the DagBag from /home/airflow/.local/lib/python3.7/site-packages/airflow/example_dags/example_nested_branch_dag.py
[2023-07-02T03:02:21.055+0000] {processor.py:753} INFO - DAG(s) dict_keys(['example_nested_branch_dag']) retrieved from /home/airflow/.local/lib/python3.7/site-packages/airflow/example_dags/example_nested_branch_dag.py
[2023-07-02T03:02:21.109+0000] {logging_mixin.py:137} INFO - [2023-07-02T03:02:21.109+0000] {dag.py:2690} INFO - Sync 1 DAGs
[2023-07-02T03:02:21.201+0000] {logging_mixin.py:137} INFO - [2023-07-02T03:02:21.201+0000] {dag.py:3441} INFO - Setting next_dagrun for example_nested_branch_dag to 2023-07-01T00:00:00+00:00, run_after=2023-07-02T00:00:00+00:00
[2023-07-02T03:02:21.259+0000] {processor.py:175} INFO - Processing /home/airflow/.local/lib/python3.7/site-packages/airflow/example_dags/example_nested_branch_dag.py took 0.278 seconds
[2023-07-02T03:02:51.990+0000] {processor.py:153} INFO - Started process (PID=182) to work on /home/airflow/.local/lib/python3.7/site-packages/airflow/example_dags/example_nested_branch_dag.py
[2023-07-02T03:02:51.994+0000] {processor.py:743} INFO - Processing file /home/airflow/.local/lib/python3.7/site-packages/airflow/example_dags/example_nested_branch_dag.py for tasks to queue
[2023-07-02T03:02:51.997+0000] {logging_mixin.py:137} INFO - [2023-07-02T03:02:51.996+0000] {dagbag.py:538} INFO - Filling up the DagBag from /home/airflow/.local/lib/python3.7/site-packages/airflow/example_dags/example_nested_branch_dag.py
[2023-07-02T03:02:52.066+0000] {processor.py:753} INFO - DAG(s) dict_keys(['example_nested_branch_dag']) retrieved from /home/airflow/.local/lib/python3.7/site-packages/airflow/example_dags/example_nested_branch_dag.py
[2023-07-02T03:02:52.170+0000] {logging_mixin.py:137} INFO - [2023-07-02T03:02:52.170+0000] {dag.py:2690} INFO - Sync 1 DAGs
[2023-07-02T03:02:52.294+0000] {logging_mixin.py:137} INFO - [2023-07-02T03:02:52.294+0000] {dag.py:3441} INFO - Setting next_dagrun for example_nested_branch_dag to 2023-07-01T00:00:00+00:00, run_after=2023-07-02T00:00:00+00:00
[2023-07-02T03:02:52.370+0000] {processor.py:175} INFO - Processing /home/airflow/.local/lib/python3.7/site-packages/airflow/example_dags/example_nested_branch_dag.py took 0.395 seconds
[2023-07-02T03:03:23.104+0000] {processor.py:153} INFO - Started process (PID=240) to work on /home/airflow/.local/lib/python3.7/site-packages/airflow/example_dags/example_nested_branch_dag.py
[2023-07-02T03:03:23.114+0000] {processor.py:743} INFO - Processing file /home/airflow/.local/lib/python3.7/site-packages/airflow/example_dags/example_nested_branch_dag.py for tasks to queue
[2023-07-02T03:03:23.118+0000] {logging_mixin.py:137} INFO - [2023-07-02T03:03:23.117+0000] {dagbag.py:538} INFO - Filling up the DagBag from /home/airflow/.local/lib/python3.7/site-packages/airflow/example_dags/example_nested_branch_dag.py
[2023-07-02T03:03:23.158+0000] {processor.py:753} INFO - DAG(s) dict_keys(['example_nested_branch_dag']) retrieved from /home/airflow/.local/lib/python3.7/site-packages/airflow/example_dags/example_nested_branch_dag.py
[2023-07-02T03:03:23.201+0000] {logging_mixin.py:137} INFO - [2023-07-02T03:03:23.201+0000] {dag.py:2690} INFO - Sync 1 DAGs
[2023-07-02T03:03:23.281+0000] {logging_mixin.py:137} INFO - [2023-07-02T03:03:23.281+0000] {dag.py:3441} INFO - Setting next_dagrun for example_nested_branch_dag to 2023-07-01T00:00:00+00:00, run_after=2023-07-02T00:00:00+00:00
[2023-07-02T03:03:23.350+0000] {processor.py:175} INFO - Processing /home/airflow/.local/lib/python3.7/site-packages/airflow/example_dags/example_nested_branch_dag.py took 0.256 seconds
[2023-07-02T03:03:54.043+0000] {processor.py:153} INFO - Started process (PID=298) to work on /home/airflow/.local/lib/python3.7/site-packages/airflow/example_dags/example_nested_branch_dag.py
[2023-07-02T03:03:54.049+0000] {processor.py:743} INFO - Processing file /home/airflow/.local/lib/python3.7/site-packages/airflow/example_dags/example_nested_branch_dag.py for tasks to queue
[2023-07-02T03:03:54.053+0000] {logging_mixin.py:137} INFO - [2023-07-02T03:03:54.052+0000] {dagbag.py:538} INFO - Filling up the DagBag from /home/airflow/.local/lib/python3.7/site-packages/airflow/example_dags/example_nested_branch_dag.py
[2023-07-02T03:03:54.143+0000] {processor.py:753} INFO - DAG(s) dict_keys(['example_nested_branch_dag']) retrieved from /home/airflow/.local/lib/python3.7/site-packages/airflow/example_dags/example_nested_branch_dag.py
[2023-07-02T03:03:54.202+0000] {logging_mixin.py:137} INFO - [2023-07-02T03:03:54.202+0000] {dag.py:2690} INFO - Sync 1 DAGs
[2023-07-02T03:03:54.281+0000] {logging_mixin.py:137} INFO - [2023-07-02T03:03:54.281+0000] {dag.py:3441} INFO - Setting next_dagrun for example_nested_branch_dag to 2023-07-01T00:00:00+00:00, run_after=2023-07-02T00:00:00+00:00
[2023-07-02T03:03:54.318+0000] {processor.py:175} INFO - Processing /home/airflow/.local/lib/python3.7/site-packages/airflow/example_dags/example_nested_branch_dag.py took 0.288 seconds
[2023-07-02T03:04:25.079+0000] {processor.py:153} INFO - Started process (PID=357) to work on /home/airflow/.local/lib/python3.7/site-packages/airflow/example_dags/example_nested_branch_dag.py
[2023-07-02T03:04:25.098+0000] {processor.py:743} INFO - Processing file /home/airflow/.local/lib/python3.7/site-packages/airflow/example_dags/example_nested_branch_dag.py for tasks to queue
[2023-07-02T03:04:25.119+0000] {logging_mixin.py:137} INFO - [2023-07-02T03:04:25.114+0000] {dagbag.py:538} INFO - Filling up the DagBag from /home/airflow/.local/lib/python3.7/site-packages/airflow/example_dags/example_nested_branch_dag.py
[2023-07-02T03:04:25.366+0000] {processor.py:753} INFO - DAG(s) dict_keys(['example_nested_branch_dag']) retrieved from /home/airflow/.local/lib/python3.7/site-packages/airflow/example_dags/example_nested_branch_dag.py
[2023-07-02T03:04:25.734+0000] {logging_mixin.py:137} INFO - [2023-07-02T03:04:25.733+0000] {dag.py:2690} INFO - Sync 1 DAGs
[2023-07-02T03:04:26.138+0000] {logging_mixin.py:137} INFO - [2023-07-02T03:04:26.135+0000] {dag.py:3441} INFO - Setting next_dagrun for example_nested_branch_dag to 2023-07-01T00:00:00+00:00, run_after=2023-07-02T00:00:00+00:00
[2023-07-02T03:04:26.331+0000] {processor.py:175} INFO - Processing /home/airflow/.local/lib/python3.7/site-packages/airflow/example_dags/example_nested_branch_dag.py took 1.314 seconds
[2023-07-02T03:05:02.211+0000] {processor.py:153} INFO - Started process (PID=415) to work on /home/airflow/.local/lib/python3.7/site-packages/airflow/example_dags/example_nested_branch_dag.py
[2023-07-02T03:05:02.219+0000] {processor.py:743} INFO - Processing file /home/airflow/.local/lib/python3.7/site-packages/airflow/example_dags/example_nested_branch_dag.py for tasks to queue
[2023-07-02T03:05:02.225+0000] {logging_mixin.py:137} INFO - [2023-07-02T03:05:02.224+0000] {dagbag.py:538} INFO - Filling up the DagBag from /home/airflow/.local/lib/python3.7/site-packages/airflow/example_dags/example_nested_branch_dag.py
[2023-07-02T03:05:02.533+0000] {processor.py:753} INFO - DAG(s) dict_keys(['example_nested_branch_dag']) retrieved from /home/airflow/.local/lib/python3.7/site-packages/airflow/example_dags/example_nested_branch_dag.py
[2023-07-02T03:05:02.843+0000] {logging_mixin.py:137} INFO - [2023-07-02T03:05:02.843+0000] {dag.py:2690} INFO - Sync 1 DAGs
[2023-07-02T03:05:03.178+0000] {logging_mixin.py:137} INFO - [2023-07-02T03:05:03.177+0000] {dag.py:3441} INFO - Setting next_dagrun for example_nested_branch_dag to 2023-07-01T00:00:00+00:00, run_after=2023-07-02T00:00:00+00:00
[2023-07-02T03:05:03.666+0000] {processor.py:175} INFO - Processing /home/airflow/.local/lib/python3.7/site-packages/airflow/example_dags/example_nested_branch_dag.py took 1.500 seconds
[2023-07-02T03:05:35.008+0000] {processor.py:153} INFO - Started process (PID=482) to work on /home/airflow/.local/lib/python3.7/site-packages/airflow/example_dags/example_nested_branch_dag.py
[2023-07-02T03:05:35.013+0000] {processor.py:743} INFO - Processing file /home/airflow/.local/lib/python3.7/site-packages/airflow/example_dags/example_nested_branch_dag.py for tasks to queue
[2023-07-02T03:05:35.021+0000] {logging_mixin.py:137} INFO - [2023-07-02T03:05:35.020+0000] {dagbag.py:538} INFO - Filling up the DagBag from /home/airflow/.local/lib/python3.7/site-packages/airflow/example_dags/example_nested_branch_dag.py
[2023-07-02T03:05:35.125+0000] {processor.py:753} INFO - DAG(s) dict_keys(['example_nested_branch_dag']) retrieved from /home/airflow/.local/lib/python3.7/site-packages/airflow/example_dags/example_nested_branch_dag.py
[2023-07-02T03:05:35.201+0000] {logging_mixin.py:137} INFO - [2023-07-02T03:05:35.200+0000] {dag.py:2690} INFO - Sync 1 DAGs
[2023-07-02T03:05:35.285+0000] {logging_mixin.py:137} INFO - [2023-07-02T03:05:35.285+0000] {dag.py:3441} INFO - Setting next_dagrun for example_nested_branch_dag to 2023-07-01T00:00:00+00:00, run_after=2023-07-02T00:00:00+00:00
[2023-07-02T03:05:35.365+0000] {processor.py:175} INFO - Processing /home/airflow/.local/lib/python3.7/site-packages/airflow/example_dags/example_nested_branch_dag.py took 0.375 seconds
[2023-07-02T03:06:06.033+0000] {processor.py:153} INFO - Started process (PID=533) to work on /home/airflow/.local/lib/python3.7/site-packages/airflow/example_dags/example_nested_branch_dag.py
[2023-07-02T03:06:06.035+0000] {processor.py:743} INFO - Processing file /home/airflow/.local/lib/python3.7/site-packages/airflow/example_dags/example_nested_branch_dag.py for tasks to queue
[2023-07-02T03:06:06.038+0000] {logging_mixin.py:137} INFO - [2023-07-02T03:06:06.038+0000] {dagbag.py:538} INFO - Filling up the DagBag from /home/airflow/.local/lib/python3.7/site-packages/airflow/example_dags/example_nested_branch_dag.py
[2023-07-02T03:06:06.073+0000] {processor.py:753} INFO - DAG(s) dict_keys(['example_nested_branch_dag']) retrieved from /home/airflow/.local/lib/python3.7/site-packages/airflow/example_dags/example_nested_branch_dag.py
[2023-07-02T03:06:06.138+0000] {logging_mixin.py:137} INFO - [2023-07-02T03:06:06.138+0000] {dag.py:2690} INFO - Sync 1 DAGs
[2023-07-02T03:06:06.222+0000] {logging_mixin.py:137} INFO - [2023-07-02T03:06:06.221+0000] {dag.py:3441} INFO - Setting next_dagrun for example_nested_branch_dag to 2023-07-01T00:00:00+00:00, run_after=2023-07-02T00:00:00+00:00
[2023-07-02T03:06:06.255+0000] {processor.py:175} INFO - Processing /home/airflow/.local/lib/python3.7/site-packages/airflow/example_dags/example_nested_branch_dag.py took 0.229 seconds
[2023-07-02T04:06:33.924+0000] {processor.py:153} INFO - Started process (PID=609) to work on /home/airflow/.local/lib/python3.7/site-packages/airflow/example_dags/example_nested_branch_dag.py
[2023-07-02T04:06:33.962+0000] {processor.py:743} INFO - Processing file /home/airflow/.local/lib/python3.7/site-packages/airflow/example_dags/example_nested_branch_dag.py for tasks to queue
[2023-07-02T04:06:34.041+0000] {logging_mixin.py:137} INFO - [2023-07-02T04:06:34.041+0000] {dagbag.py:538} INFO - Filling up the DagBag from /home/airflow/.local/lib/python3.7/site-packages/airflow/example_dags/example_nested_branch_dag.py
[2023-07-02T04:06:34.453+0000] {processor.py:753} INFO - DAG(s) dict_keys(['example_nested_branch_dag']) retrieved from /home/airflow/.local/lib/python3.7/site-packages/airflow/example_dags/example_nested_branch_dag.py
[2023-07-02T04:06:34.637+0000] {logging_mixin.py:137} INFO - [2023-07-02T04:06:34.637+0000] {dag.py:2690} INFO - Sync 1 DAGs
[2023-07-02T04:06:35.177+0000] {logging_mixin.py:137} INFO - [2023-07-02T04:06:35.177+0000] {dag.py:3441} INFO - Setting next_dagrun for example_nested_branch_dag to 2023-07-01T00:00:00+00:00, run_after=2023-07-02T00:00:00+00:00
[2023-07-02T04:06:35.671+0000] {processor.py:175} INFO - Processing /home/airflow/.local/lib/python3.7/site-packages/airflow/example_dags/example_nested_branch_dag.py took 1.883 seconds
[2023-07-02T04:53:05.456+0000] {processor.py:153} INFO - Started process (PID=650) to work on /home/airflow/.local/lib/python3.7/site-packages/airflow/example_dags/example_nested_branch_dag.py
[2023-07-02T04:53:05.467+0000] {processor.py:743} INFO - Processing file /home/airflow/.local/lib/python3.7/site-packages/airflow/example_dags/example_nested_branch_dag.py for tasks to queue
[2023-07-02T04:53:05.471+0000] {logging_mixin.py:137} INFO - [2023-07-02T04:53:05.471+0000] {dagbag.py:538} INFO - Filling up the DagBag from /home/airflow/.local/lib/python3.7/site-packages/airflow/example_dags/example_nested_branch_dag.py
[2023-07-02T04:53:05.597+0000] {processor.py:753} INFO - DAG(s) dict_keys(['example_nested_branch_dag']) retrieved from /home/airflow/.local/lib/python3.7/site-packages/airflow/example_dags/example_nested_branch_dag.py
[2023-07-02T04:53:05.815+0000] {logging_mixin.py:137} INFO - [2023-07-02T04:53:05.815+0000] {dag.py:2690} INFO - Sync 1 DAGs
[2023-07-02T04:53:06.023+0000] {logging_mixin.py:137} INFO - [2023-07-02T04:53:06.023+0000] {dag.py:3441} INFO - Setting next_dagrun for example_nested_branch_dag to 2023-07-01T00:00:00+00:00, run_after=2023-07-02T00:00:00+00:00
[2023-07-02T04:53:06.158+0000] {processor.py:175} INFO - Processing /home/airflow/.local/lib/python3.7/site-packages/airflow/example_dags/example_nested_branch_dag.py took 0.732 seconds
[2023-07-02T08:23:12.732+0000] {processor.py:153} INFO - Started process (PID=718) to work on /home/airflow/.local/lib/python3.7/site-packages/airflow/example_dags/example_nested_branch_dag.py
[2023-07-02T08:23:12.735+0000] {processor.py:743} INFO - Processing file /home/airflow/.local/lib/python3.7/site-packages/airflow/example_dags/example_nested_branch_dag.py for tasks to queue
[2023-07-02T08:23:12.743+0000] {logging_mixin.py:137} INFO - [2023-07-02T08:23:12.742+0000] {dagbag.py:538} INFO - Filling up the DagBag from /home/airflow/.local/lib/python3.7/site-packages/airflow/example_dags/example_nested_branch_dag.py
[2023-07-02T08:23:12.839+0000] {processor.py:753} INFO - DAG(s) dict_keys(['example_nested_branch_dag']) retrieved from /home/airflow/.local/lib/python3.7/site-packages/airflow/example_dags/example_nested_branch_dag.py
[2023-07-02T08:23:12.957+0000] {logging_mixin.py:137} INFO - [2023-07-02T08:23:12.957+0000] {dag.py:2690} INFO - Sync 1 DAGs
[2023-07-02T08:23:13.069+0000] {logging_mixin.py:137} INFO - [2023-07-02T08:23:13.069+0000] {dag.py:3441} INFO - Setting next_dagrun for example_nested_branch_dag to 2023-07-01T00:00:00+00:00, run_after=2023-07-02T00:00:00+00:00
[2023-07-02T08:23:13.139+0000] {processor.py:175} INFO - Processing /home/airflow/.local/lib/python3.7/site-packages/airflow/example_dags/example_nested_branch_dag.py took 0.428 seconds
[2023-07-02T08:52:22.958+0000] {processor.py:153} INFO - Started process (PID=767) to work on /home/airflow/.local/lib/python3.7/site-packages/airflow/example_dags/example_nested_branch_dag.py
[2023-07-02T08:52:22.970+0000] {processor.py:743} INFO - Processing file /home/airflow/.local/lib/python3.7/site-packages/airflow/example_dags/example_nested_branch_dag.py for tasks to queue
[2023-07-02T08:52:22.980+0000] {logging_mixin.py:137} INFO - [2023-07-02T08:52:22.980+0000] {dagbag.py:538} INFO - Filling up the DagBag from /home/airflow/.local/lib/python3.7/site-packages/airflow/example_dags/example_nested_branch_dag.py
[2023-07-02T08:52:23.141+0000] {processor.py:753} INFO - DAG(s) dict_keys(['example_nested_branch_dag']) retrieved from /home/airflow/.local/lib/python3.7/site-packages/airflow/example_dags/example_nested_branch_dag.py
[2023-07-02T08:52:23.358+0000] {logging_mixin.py:137} INFO - [2023-07-02T08:52:23.358+0000] {dag.py:2690} INFO - Sync 1 DAGs
[2023-07-02T08:52:23.573+0000] {logging_mixin.py:137} INFO - [2023-07-02T08:52:23.569+0000] {dag.py:3441} INFO - Setting next_dagrun for example_nested_branch_dag to 2023-07-01T00:00:00+00:00, run_after=2023-07-02T00:00:00+00:00
[2023-07-02T08:52:23.754+0000] {processor.py:175} INFO - Processing /home/airflow/.local/lib/python3.7/site-packages/airflow/example_dags/example_nested_branch_dag.py took 0.856 seconds
[2023-07-02T09:44:59.709+0000] {processor.py:153} INFO - Started process (PID=824) to work on /home/airflow/.local/lib/python3.7/site-packages/airflow/example_dags/example_nested_branch_dag.py
[2023-07-02T09:44:59.712+0000] {processor.py:743} INFO - Processing file /home/airflow/.local/lib/python3.7/site-packages/airflow/example_dags/example_nested_branch_dag.py for tasks to queue
[2023-07-02T09:44:59.717+0000] {logging_mixin.py:137} INFO - [2023-07-02T09:44:59.716+0000] {dagbag.py:538} INFO - Filling up the DagBag from /home/airflow/.local/lib/python3.7/site-packages/airflow/example_dags/example_nested_branch_dag.py
[2023-07-02T09:44:59.756+0000] {processor.py:753} INFO - DAG(s) dict_keys(['example_nested_branch_dag']) retrieved from /home/airflow/.local/lib/python3.7/site-packages/airflow/example_dags/example_nested_branch_dag.py
[2023-07-02T09:44:59.862+0000] {logging_mixin.py:137} INFO - [2023-07-02T09:44:59.862+0000] {dag.py:2690} INFO - Sync 1 DAGs
[2023-07-02T09:45:00.043+0000] {logging_mixin.py:137} INFO - [2023-07-02T09:45:00.042+0000] {dag.py:3441} INFO - Setting next_dagrun for example_nested_branch_dag to 2023-07-01T00:00:00+00:00, run_after=2023-07-02T00:00:00+00:00
[2023-07-02T09:45:00.169+0000] {processor.py:175} INFO - Processing /home/airflow/.local/lib/python3.7/site-packages/airflow/example_dags/example_nested_branch_dag.py took 0.468 seconds
[2023-07-02T09:45:32.204+0000] {processor.py:153} INFO - Started process (PID=879) to work on /home/airflow/.local/lib/python3.7/site-packages/airflow/example_dags/example_nested_branch_dag.py
[2023-07-02T09:45:32.234+0000] {processor.py:743} INFO - Processing file /home/airflow/.local/lib/python3.7/site-packages/airflow/example_dags/example_nested_branch_dag.py for tasks to queue
[2023-07-02T09:45:32.259+0000] {logging_mixin.py:137} INFO - [2023-07-02T09:45:32.245+0000] {dagbag.py:538} INFO - Filling up the DagBag from /home/airflow/.local/lib/python3.7/site-packages/airflow/example_dags/example_nested_branch_dag.py
[2023-07-02T09:45:32.839+0000] {processor.py:753} INFO - DAG(s) dict_keys(['example_nested_branch_dag']) retrieved from /home/airflow/.local/lib/python3.7/site-packages/airflow/example_dags/example_nested_branch_dag.py
[2023-07-02T09:45:33.105+0000] {logging_mixin.py:137} INFO - [2023-07-02T09:45:33.103+0000] {dag.py:2690} INFO - Sync 1 DAGs
[2023-07-02T09:57:08.263+0000] {logging_mixin.py:137} INFO - [2023-07-02T09:57:08.263+0000] {dag.py:3441} INFO - Setting next_dagrun for example_nested_branch_dag to 2023-07-01T00:00:00+00:00, run_after=2023-07-02T00:00:00+00:00
[2023-07-02T10:12:32.150+0000] {processor.py:153} INFO - Started process (PID=935) to work on /home/airflow/.local/lib/python3.7/site-packages/airflow/example_dags/example_nested_branch_dag.py
[2023-07-02T10:12:32.154+0000] {processor.py:743} INFO - Processing file /home/airflow/.local/lib/python3.7/site-packages/airflow/example_dags/example_nested_branch_dag.py for tasks to queue
[2023-07-02T10:12:32.161+0000] {logging_mixin.py:137} INFO - [2023-07-02T10:12:32.160+0000] {dagbag.py:538} INFO - Filling up the DagBag from /home/airflow/.local/lib/python3.7/site-packages/airflow/example_dags/example_nested_branch_dag.py
[2023-07-02T10:12:32.223+0000] {processor.py:753} INFO - DAG(s) dict_keys(['example_nested_branch_dag']) retrieved from /home/airflow/.local/lib/python3.7/site-packages/airflow/example_dags/example_nested_branch_dag.py
[2023-07-02T10:12:32.422+0000] {logging_mixin.py:137} INFO - [2023-07-02T10:12:32.422+0000] {dag.py:2690} INFO - Sync 1 DAGs
[2023-07-02T10:12:32.463+0000] {logging_mixin.py:137} INFO - [2023-07-02T10:12:32.463+0000] {dag.py:3441} INFO - Setting next_dagrun for example_nested_branch_dag to 2023-07-01T00:00:00+00:00, run_after=2023-07-02T00:00:00+00:00
[2023-07-02T10:12:32.513+0000] {processor.py:175} INFO - Processing /home/airflow/.local/lib/python3.7/site-packages/airflow/example_dags/example_nested_branch_dag.py took 0.370 seconds
[2023-07-02T10:13:10.856+0000] {processor.py:153} INFO - Started process (PID=994) to work on /home/airflow/.local/lib/python3.7/site-packages/airflow/example_dags/example_nested_branch_dag.py
[2023-07-02T10:13:10.859+0000] {processor.py:743} INFO - Processing file /home/airflow/.local/lib/python3.7/site-packages/airflow/example_dags/example_nested_branch_dag.py for tasks to queue
[2023-07-02T10:13:10.862+0000] {logging_mixin.py:137} INFO - [2023-07-02T10:13:10.862+0000] {dagbag.py:538} INFO - Filling up the DagBag from /home/airflow/.local/lib/python3.7/site-packages/airflow/example_dags/example_nested_branch_dag.py
[2023-07-02T10:13:10.905+0000] {processor.py:753} INFO - DAG(s) dict_keys(['example_nested_branch_dag']) retrieved from /home/airflow/.local/lib/python3.7/site-packages/airflow/example_dags/example_nested_branch_dag.py
[2023-07-02T10:13:10.941+0000] {logging_mixin.py:137} INFO - [2023-07-02T10:13:10.940+0000] {dag.py:2690} INFO - Sync 1 DAGs
[2023-07-02T10:13:10.970+0000] {logging_mixin.py:137} INFO - [2023-07-02T10:13:10.970+0000] {dag.py:3441} INFO - Setting next_dagrun for example_nested_branch_dag to 2023-07-01T00:00:00+00:00, run_after=2023-07-02T00:00:00+00:00
[2023-07-02T10:13:10.998+0000] {processor.py:175} INFO - Processing /home/airflow/.local/lib/python3.7/site-packages/airflow/example_dags/example_nested_branch_dag.py took 0.163 seconds
[2023-07-02T10:19:50.881+0000] {processor.py:153} INFO - Started process (PID=1071) to work on /home/airflow/.local/lib/python3.7/site-packages/airflow/example_dags/example_nested_branch_dag.py
[2023-07-02T10:19:50.888+0000] {processor.py:743} INFO - Processing file /home/airflow/.local/lib/python3.7/site-packages/airflow/example_dags/example_nested_branch_dag.py for tasks to queue
[2023-07-02T10:19:50.896+0000] {logging_mixin.py:137} INFO - [2023-07-02T10:19:50.894+0000] {dagbag.py:538} INFO - Filling up the DagBag from /home/airflow/.local/lib/python3.7/site-packages/airflow/example_dags/example_nested_branch_dag.py
[2023-07-02T10:19:50.999+0000] {processor.py:753} INFO - DAG(s) dict_keys(['example_nested_branch_dag']) retrieved from /home/airflow/.local/lib/python3.7/site-packages/airflow/example_dags/example_nested_branch_dag.py
[2023-07-02T10:19:51.118+0000] {logging_mixin.py:137} INFO - [2023-07-02T10:19:51.117+0000] {dag.py:2690} INFO - Sync 1 DAGs
[2023-07-02T10:19:51.185+0000] {logging_mixin.py:137} INFO - [2023-07-02T10:19:51.184+0000] {dag.py:3441} INFO - Setting next_dagrun for example_nested_branch_dag to 2023-07-01T00:00:00+00:00, run_after=2023-07-02T00:00:00+00:00
[2023-07-02T10:19:51.283+0000] {processor.py:175} INFO - Processing /home/airflow/.local/lib/python3.7/site-packages/airflow/example_dags/example_nested_branch_dag.py took 0.428 seconds
[2023-07-02T10:47:43.991+0000] {processor.py:153} INFO - Started process (PID=1129) to work on /home/airflow/.local/lib/python3.7/site-packages/airflow/example_dags/example_nested_branch_dag.py
[2023-07-02T10:47:43.996+0000] {processor.py:743} INFO - Processing file /home/airflow/.local/lib/python3.7/site-packages/airflow/example_dags/example_nested_branch_dag.py for tasks to queue
[2023-07-02T10:47:44.001+0000] {logging_mixin.py:137} INFO - [2023-07-02T10:47:44.000+0000] {dagbag.py:538} INFO - Filling up the DagBag from /home/airflow/.local/lib/python3.7/site-packages/airflow/example_dags/example_nested_branch_dag.py
[2023-07-02T10:47:44.189+0000] {processor.py:753} INFO - DAG(s) dict_keys(['example_nested_branch_dag']) retrieved from /home/airflow/.local/lib/python3.7/site-packages/airflow/example_dags/example_nested_branch_dag.py
[2023-07-02T10:47:44.490+0000] {logging_mixin.py:137} INFO - [2023-07-02T10:47:44.488+0000] {dag.py:2690} INFO - Sync 1 DAGs
[2023-07-02T10:47:44.670+0000] {logging_mixin.py:137} INFO - [2023-07-02T10:47:44.668+0000] {dag.py:3441} INFO - Setting next_dagrun for example_nested_branch_dag to 2023-07-01T00:00:00+00:00, run_after=2023-07-02T00:00:00+00:00
[2023-07-02T10:47:44.814+0000] {processor.py:175} INFO - Processing /home/airflow/.local/lib/python3.7/site-packages/airflow/example_dags/example_nested_branch_dag.py took 0.834 seconds
[2023-07-02T11:39:52.292+0000] {processor.py:153} INFO - Started process (PID=1162) to work on /home/airflow/.local/lib/python3.7/site-packages/airflow/example_dags/example_nested_branch_dag.py
[2023-07-02T11:39:52.295+0000] {processor.py:743} INFO - Processing file /home/airflow/.local/lib/python3.7/site-packages/airflow/example_dags/example_nested_branch_dag.py for tasks to queue
[2023-07-02T11:39:52.297+0000] {logging_mixin.py:137} INFO - [2023-07-02T11:39:52.297+0000] {dagbag.py:538} INFO - Filling up the DagBag from /home/airflow/.local/lib/python3.7/site-packages/airflow/example_dags/example_nested_branch_dag.py
[2023-07-02T11:39:52.485+0000] {processor.py:753} INFO - DAG(s) dict_keys(['example_nested_branch_dag']) retrieved from /home/airflow/.local/lib/python3.7/site-packages/airflow/example_dags/example_nested_branch_dag.py
[2023-07-02T11:39:52.684+0000] {logging_mixin.py:137} INFO - [2023-07-02T11:39:52.684+0000] {dag.py:2690} INFO - Sync 1 DAGs
[2023-07-02T11:39:52.805+0000] {logging_mixin.py:137} INFO - [2023-07-02T11:39:52.805+0000] {dag.py:3441} INFO - Setting next_dagrun for example_nested_branch_dag to 2023-07-01T00:00:00+00:00, run_after=2023-07-02T00:00:00+00:00
[2023-07-02T11:39:53.349+0000] {processor.py:175} INFO - Processing /home/airflow/.local/lib/python3.7/site-packages/airflow/example_dags/example_nested_branch_dag.py took 1.071 seconds
[2023-07-02T12:07:37.764+0000] {processor.py:153} INFO - Started process (PID=1216) to work on /home/airflow/.local/lib/python3.7/site-packages/airflow/example_dags/example_nested_branch_dag.py
[2023-07-02T12:07:37.767+0000] {processor.py:743} INFO - Processing file /home/airflow/.local/lib/python3.7/site-packages/airflow/example_dags/example_nested_branch_dag.py for tasks to queue
[2023-07-02T12:07:37.771+0000] {logging_mixin.py:137} INFO - [2023-07-02T12:07:37.770+0000] {dagbag.py:538} INFO - Filling up the DagBag from /home/airflow/.local/lib/python3.7/site-packages/airflow/example_dags/example_nested_branch_dag.py
[2023-07-02T12:07:37.847+0000] {processor.py:753} INFO - DAG(s) dict_keys(['example_nested_branch_dag']) retrieved from /home/airflow/.local/lib/python3.7/site-packages/airflow/example_dags/example_nested_branch_dag.py
[2023-07-02T12:07:37.903+0000] {logging_mixin.py:137} INFO - [2023-07-02T12:07:37.903+0000] {dag.py:2690} INFO - Sync 1 DAGs
[2023-07-02T12:07:37.977+0000] {logging_mixin.py:137} INFO - [2023-07-02T12:07:37.977+0000] {dag.py:3441} INFO - Setting next_dagrun for example_nested_branch_dag to 2023-07-01T00:00:00+00:00, run_after=2023-07-02T00:00:00+00:00
[2023-07-02T12:07:38.066+0000] {processor.py:175} INFO - Processing /home/airflow/.local/lib/python3.7/site-packages/airflow/example_dags/example_nested_branch_dag.py took 0.307 seconds
[2023-07-02T12:08:08.466+0000] {processor.py:153} INFO - Started process (PID=1275) to work on /home/airflow/.local/lib/python3.7/site-packages/airflow/example_dags/example_nested_branch_dag.py
[2023-07-02T12:08:08.470+0000] {processor.py:743} INFO - Processing file /home/airflow/.local/lib/python3.7/site-packages/airflow/example_dags/example_nested_branch_dag.py for tasks to queue
[2023-07-02T12:08:08.475+0000] {logging_mixin.py:137} INFO - [2023-07-02T12:08:08.474+0000] {dagbag.py:538} INFO - Filling up the DagBag from /home/airflow/.local/lib/python3.7/site-packages/airflow/example_dags/example_nested_branch_dag.py
[2023-07-02T12:08:08.525+0000] {processor.py:753} INFO - DAG(s) dict_keys(['example_nested_branch_dag']) retrieved from /home/airflow/.local/lib/python3.7/site-packages/airflow/example_dags/example_nested_branch_dag.py
[2023-07-02T12:08:08.599+0000] {logging_mixin.py:137} INFO - [2023-07-02T12:08:08.599+0000] {dag.py:2690} INFO - Sync 1 DAGs
[2023-07-02T12:08:08.650+0000] {logging_mixin.py:137} INFO - [2023-07-02T12:08:08.649+0000] {dag.py:3441} INFO - Setting next_dagrun for example_nested_branch_dag to 2023-07-01T00:00:00+00:00, run_after=2023-07-02T00:00:00+00:00
[2023-07-02T12:08:08.702+0000] {processor.py:175} INFO - Processing /home/airflow/.local/lib/python3.7/site-packages/airflow/example_dags/example_nested_branch_dag.py took 0.245 seconds
[2023-07-02T12:08:39.690+0000] {processor.py:153} INFO - Started process (PID=1333) to work on /home/airflow/.local/lib/python3.7/site-packages/airflow/example_dags/example_nested_branch_dag.py
[2023-07-02T12:08:39.694+0000] {processor.py:743} INFO - Processing file /home/airflow/.local/lib/python3.7/site-packages/airflow/example_dags/example_nested_branch_dag.py for tasks to queue
[2023-07-02T12:08:39.697+0000] {logging_mixin.py:137} INFO - [2023-07-02T12:08:39.697+0000] {dagbag.py:538} INFO - Filling up the DagBag from /home/airflow/.local/lib/python3.7/site-packages/airflow/example_dags/example_nested_branch_dag.py
[2023-07-02T12:08:39.760+0000] {processor.py:753} INFO - DAG(s) dict_keys(['example_nested_branch_dag']) retrieved from /home/airflow/.local/lib/python3.7/site-packages/airflow/example_dags/example_nested_branch_dag.py
[2023-07-02T12:08:39.835+0000] {logging_mixin.py:137} INFO - [2023-07-02T12:08:39.835+0000] {dag.py:2690} INFO - Sync 1 DAGs
[2023-07-02T12:08:39.916+0000] {logging_mixin.py:137} INFO - [2023-07-02T12:08:39.916+0000] {dag.py:3441} INFO - Setting next_dagrun for example_nested_branch_dag to 2023-07-01T00:00:00+00:00, run_after=2023-07-02T00:00:00+00:00
[2023-07-02T12:08:39.970+0000] {processor.py:175} INFO - Processing /home/airflow/.local/lib/python3.7/site-packages/airflow/example_dags/example_nested_branch_dag.py took 0.287 seconds
[2023-07-02T12:09:10.246+0000] {processor.py:153} INFO - Started process (PID=1391) to work on /home/airflow/.local/lib/python3.7/site-packages/airflow/example_dags/example_nested_branch_dag.py
[2023-07-02T12:09:10.250+0000] {processor.py:743} INFO - Processing file /home/airflow/.local/lib/python3.7/site-packages/airflow/example_dags/example_nested_branch_dag.py for tasks to queue
[2023-07-02T12:09:10.253+0000] {logging_mixin.py:137} INFO - [2023-07-02T12:09:10.252+0000] {dagbag.py:538} INFO - Filling up the DagBag from /home/airflow/.local/lib/python3.7/site-packages/airflow/example_dags/example_nested_branch_dag.py
[2023-07-02T12:09:10.297+0000] {processor.py:753} INFO - DAG(s) dict_keys(['example_nested_branch_dag']) retrieved from /home/airflow/.local/lib/python3.7/site-packages/airflow/example_dags/example_nested_branch_dag.py
[2023-07-02T12:09:10.340+0000] {logging_mixin.py:137} INFO - [2023-07-02T12:09:10.340+0000] {dag.py:2690} INFO - Sync 1 DAGs
[2023-07-02T12:09:10.386+0000] {logging_mixin.py:137} INFO - [2023-07-02T12:09:10.386+0000] {dag.py:3441} INFO - Setting next_dagrun for example_nested_branch_dag to 2023-07-01T00:00:00+00:00, run_after=2023-07-02T00:00:00+00:00
[2023-07-02T12:09:10.424+0000] {processor.py:175} INFO - Processing /home/airflow/.local/lib/python3.7/site-packages/airflow/example_dags/example_nested_branch_dag.py took 0.185 seconds
[2023-07-02T12:09:41.150+0000] {processor.py:153} INFO - Started process (PID=1449) to work on /home/airflow/.local/lib/python3.7/site-packages/airflow/example_dags/example_nested_branch_dag.py
[2023-07-02T12:09:41.154+0000] {processor.py:743} INFO - Processing file /home/airflow/.local/lib/python3.7/site-packages/airflow/example_dags/example_nested_branch_dag.py for tasks to queue
[2023-07-02T12:09:41.157+0000] {logging_mixin.py:137} INFO - [2023-07-02T12:09:41.157+0000] {dagbag.py:538} INFO - Filling up the DagBag from /home/airflow/.local/lib/python3.7/site-packages/airflow/example_dags/example_nested_branch_dag.py
[2023-07-02T12:09:41.245+0000] {processor.py:753} INFO - DAG(s) dict_keys(['example_nested_branch_dag']) retrieved from /home/airflow/.local/lib/python3.7/site-packages/airflow/example_dags/example_nested_branch_dag.py
[2023-07-02T12:09:41.331+0000] {logging_mixin.py:137} INFO - [2023-07-02T12:09:41.331+0000] {dag.py:2690} INFO - Sync 1 DAGs
[2023-07-02T12:09:41.392+0000] {logging_mixin.py:137} INFO - [2023-07-02T12:09:41.392+0000] {dag.py:3441} INFO - Setting next_dagrun for example_nested_branch_dag to 2023-07-01T00:00:00+00:00, run_after=2023-07-02T00:00:00+00:00
[2023-07-02T12:09:41.467+0000] {processor.py:175} INFO - Processing /home/airflow/.local/lib/python3.7/site-packages/airflow/example_dags/example_nested_branch_dag.py took 0.333 seconds
[2023-07-02T12:10:12.821+0000] {processor.py:153} INFO - Started process (PID=1514) to work on /home/airflow/.local/lib/python3.7/site-packages/airflow/example_dags/example_nested_branch_dag.py
[2023-07-02T12:10:12.825+0000] {processor.py:743} INFO - Processing file /home/airflow/.local/lib/python3.7/site-packages/airflow/example_dags/example_nested_branch_dag.py for tasks to queue
[2023-07-02T12:10:12.828+0000] {logging_mixin.py:137} INFO - [2023-07-02T12:10:12.827+0000] {dagbag.py:538} INFO - Filling up the DagBag from /home/airflow/.local/lib/python3.7/site-packages/airflow/example_dags/example_nested_branch_dag.py
[2023-07-02T12:10:12.877+0000] {processor.py:753} INFO - DAG(s) dict_keys(['example_nested_branch_dag']) retrieved from /home/airflow/.local/lib/python3.7/site-packages/airflow/example_dags/example_nested_branch_dag.py
[2023-07-02T12:10:12.952+0000] {logging_mixin.py:137} INFO - [2023-07-02T12:10:12.952+0000] {dag.py:2690} INFO - Sync 1 DAGs
[2023-07-02T12:10:13.020+0000] {logging_mixin.py:137} INFO - [2023-07-02T12:10:13.019+0000] {dag.py:3441} INFO - Setting next_dagrun for example_nested_branch_dag to 2023-07-01T00:00:00+00:00, run_after=2023-07-02T00:00:00+00:00
[2023-07-02T12:10:13.076+0000] {processor.py:175} INFO - Processing /home/airflow/.local/lib/python3.7/site-packages/airflow/example_dags/example_nested_branch_dag.py took 0.262 seconds
[2023-07-02T12:18:30.324+0000] {processor.py:153} INFO - Started process (PID=1538) to work on /home/airflow/.local/lib/python3.7/site-packages/airflow/example_dags/example_nested_branch_dag.py
[2023-07-02T12:18:30.332+0000] {processor.py:743} INFO - Processing file /home/airflow/.local/lib/python3.7/site-packages/airflow/example_dags/example_nested_branch_dag.py for tasks to queue
[2023-07-02T12:18:30.334+0000] {logging_mixin.py:137} INFO - [2023-07-02T12:18:30.334+0000] {dagbag.py:538} INFO - Filling up the DagBag from /home/airflow/.local/lib/python3.7/site-packages/airflow/example_dags/example_nested_branch_dag.py
[2023-07-02T12:18:30.376+0000] {processor.py:753} INFO - DAG(s) dict_keys(['example_nested_branch_dag']) retrieved from /home/airflow/.local/lib/python3.7/site-packages/airflow/example_dags/example_nested_branch_dag.py
[2023-07-02T12:18:30.420+0000] {logging_mixin.py:137} INFO - [2023-07-02T12:18:30.420+0000] {dag.py:2690} INFO - Sync 1 DAGs
[2023-07-02T12:18:30.452+0000] {logging_mixin.py:137} INFO - [2023-07-02T12:18:30.452+0000] {dag.py:3441} INFO - Setting next_dagrun for example_nested_branch_dag to 2023-07-01T00:00:00+00:00, run_after=2023-07-02T00:00:00+00:00
[2023-07-02T12:18:30.486+0000] {processor.py:175} INFO - Processing /home/airflow/.local/lib/python3.7/site-packages/airflow/example_dags/example_nested_branch_dag.py took 0.167 seconds
[2023-07-02T12:48:21.257+0000] {processor.py:153} INFO - Started process (PID=1577) to work on /home/airflow/.local/lib/python3.7/site-packages/airflow/example_dags/example_nested_branch_dag.py
[2023-07-02T12:48:21.266+0000] {processor.py:743} INFO - Processing file /home/airflow/.local/lib/python3.7/site-packages/airflow/example_dags/example_nested_branch_dag.py for tasks to queue
[2023-07-02T12:48:21.269+0000] {logging_mixin.py:137} INFO - [2023-07-02T12:48:21.269+0000] {dagbag.py:538} INFO - Filling up the DagBag from /home/airflow/.local/lib/python3.7/site-packages/airflow/example_dags/example_nested_branch_dag.py
[2023-07-02T12:48:21.347+0000] {processor.py:753} INFO - DAG(s) dict_keys(['example_nested_branch_dag']) retrieved from /home/airflow/.local/lib/python3.7/site-packages/airflow/example_dags/example_nested_branch_dag.py
[2023-07-02T12:48:21.435+0000] {logging_mixin.py:137} INFO - [2023-07-02T12:48:21.434+0000] {dag.py:2690} INFO - Sync 1 DAGs
[2023-07-02T12:48:21.511+0000] {logging_mixin.py:137} INFO - [2023-07-02T12:48:21.510+0000] {dag.py:3441} INFO - Setting next_dagrun for example_nested_branch_dag to 2023-07-01T00:00:00+00:00, run_after=2023-07-02T00:00:00+00:00
[2023-07-02T12:48:21.557+0000] {processor.py:175} INFO - Processing /home/airflow/.local/lib/python3.7/site-packages/airflow/example_dags/example_nested_branch_dag.py took 0.312 seconds
[2023-07-02T13:45:23.199+0000] {processor.py:153} INFO - Started process (PID=1624) to work on /home/airflow/.local/lib/python3.7/site-packages/airflow/example_dags/example_nested_branch_dag.py
[2023-07-02T13:45:23.204+0000] {processor.py:743} INFO - Processing file /home/airflow/.local/lib/python3.7/site-packages/airflow/example_dags/example_nested_branch_dag.py for tasks to queue
[2023-07-02T13:45:23.208+0000] {logging_mixin.py:137} INFO - [2023-07-02T13:45:23.207+0000] {dagbag.py:538} INFO - Filling up the DagBag from /home/airflow/.local/lib/python3.7/site-packages/airflow/example_dags/example_nested_branch_dag.py
[2023-07-02T13:45:23.263+0000] {processor.py:753} INFO - DAG(s) dict_keys(['example_nested_branch_dag']) retrieved from /home/airflow/.local/lib/python3.7/site-packages/airflow/example_dags/example_nested_branch_dag.py
[2023-07-02T13:45:23.385+0000] {logging_mixin.py:137} INFO - [2023-07-02T13:45:23.384+0000] {dag.py:2690} INFO - Sync 1 DAGs
[2023-07-02T13:45:23.443+0000] {logging_mixin.py:137} INFO - [2023-07-02T13:45:23.443+0000] {dag.py:3441} INFO - Setting next_dagrun for example_nested_branch_dag to 2023-07-01T00:00:00+00:00, run_after=2023-07-02T00:00:00+00:00
[2023-07-02T13:45:23.527+0000] {processor.py:175} INFO - Processing /home/airflow/.local/lib/python3.7/site-packages/airflow/example_dags/example_nested_branch_dag.py took 0.334 seconds
[2023-07-02T13:55:47.331+0000] {processor.py:153} INFO - Started process (PID=1670) to work on /home/airflow/.local/lib/python3.7/site-packages/airflow/example_dags/example_nested_branch_dag.py
[2023-07-02T13:55:47.337+0000] {processor.py:743} INFO - Processing file /home/airflow/.local/lib/python3.7/site-packages/airflow/example_dags/example_nested_branch_dag.py for tasks to queue
[2023-07-02T13:55:47.346+0000] {logging_mixin.py:137} INFO - [2023-07-02T13:55:47.344+0000] {dagbag.py:538} INFO - Filling up the DagBag from /home/airflow/.local/lib/python3.7/site-packages/airflow/example_dags/example_nested_branch_dag.py
[2023-07-02T13:55:47.446+0000] {processor.py:753} INFO - DAG(s) dict_keys(['example_nested_branch_dag']) retrieved from /home/airflow/.local/lib/python3.7/site-packages/airflow/example_dags/example_nested_branch_dag.py
[2023-07-02T13:55:47.546+0000] {logging_mixin.py:137} INFO - [2023-07-02T13:55:47.546+0000] {dag.py:2690} INFO - Sync 1 DAGs
[2023-07-02T13:55:48.083+0000] {logging_mixin.py:137} INFO - [2023-07-02T13:55:48.083+0000] {dag.py:3441} INFO - Setting next_dagrun for example_nested_branch_dag to 2023-07-01T00:00:00+00:00, run_after=2023-07-02T00:00:00+00:00
[2023-07-02T13:55:48.195+0000] {processor.py:175} INFO - Processing /home/airflow/.local/lib/python3.7/site-packages/airflow/example_dags/example_nested_branch_dag.py took 0.883 seconds
[2023-07-02T13:56:19.013+0000] {processor.py:153} INFO - Started process (PID=1732) to work on /home/airflow/.local/lib/python3.7/site-packages/airflow/example_dags/example_nested_branch_dag.py
[2023-07-02T13:56:19.017+0000] {processor.py:743} INFO - Processing file /home/airflow/.local/lib/python3.7/site-packages/airflow/example_dags/example_nested_branch_dag.py for tasks to queue
[2023-07-02T13:56:19.020+0000] {logging_mixin.py:137} INFO - [2023-07-02T13:56:19.020+0000] {dagbag.py:538} INFO - Filling up the DagBag from /home/airflow/.local/lib/python3.7/site-packages/airflow/example_dags/example_nested_branch_dag.py
[2023-07-02T13:56:19.091+0000] {processor.py:753} INFO - DAG(s) dict_keys(['example_nested_branch_dag']) retrieved from /home/airflow/.local/lib/python3.7/site-packages/airflow/example_dags/example_nested_branch_dag.py
[2023-07-02T13:56:19.178+0000] {logging_mixin.py:137} INFO - [2023-07-02T13:56:19.177+0000] {dag.py:2690} INFO - Sync 1 DAGs
[2023-07-02T13:56:19.240+0000] {logging_mixin.py:137} INFO - [2023-07-02T13:56:19.240+0000] {dag.py:3441} INFO - Setting next_dagrun for example_nested_branch_dag to 2023-07-01T00:00:00+00:00, run_after=2023-07-02T00:00:00+00:00
[2023-07-02T13:56:19.302+0000] {processor.py:175} INFO - Processing /home/airflow/.local/lib/python3.7/site-packages/airflow/example_dags/example_nested_branch_dag.py took 0.293 seconds
[2023-07-02T13:56:49.549+0000] {processor.py:153} INFO - Started process (PID=1792) to work on /home/airflow/.local/lib/python3.7/site-packages/airflow/example_dags/example_nested_branch_dag.py
[2023-07-02T13:56:49.552+0000] {processor.py:743} INFO - Processing file /home/airflow/.local/lib/python3.7/site-packages/airflow/example_dags/example_nested_branch_dag.py for tasks to queue
[2023-07-02T13:56:49.560+0000] {logging_mixin.py:137} INFO - [2023-07-02T13:56:49.559+0000] {dagbag.py:538} INFO - Filling up the DagBag from /home/airflow/.local/lib/python3.7/site-packages/airflow/example_dags/example_nested_branch_dag.py
[2023-07-02T13:56:49.678+0000] {processor.py:753} INFO - DAG(s) dict_keys(['example_nested_branch_dag']) retrieved from /home/airflow/.local/lib/python3.7/site-packages/airflow/example_dags/example_nested_branch_dag.py
[2023-07-02T13:56:49.784+0000] {logging_mixin.py:137} INFO - [2023-07-02T13:56:49.783+0000] {dag.py:2690} INFO - Sync 1 DAGs
[2023-07-02T13:56:49.842+0000] {logging_mixin.py:137} INFO - [2023-07-02T13:56:49.842+0000] {dag.py:3441} INFO - Setting next_dagrun for example_nested_branch_dag to 2023-07-01T00:00:00+00:00, run_after=2023-07-02T00:00:00+00:00
[2023-07-02T13:56:49.897+0000] {processor.py:175} INFO - Processing /home/airflow/.local/lib/python3.7/site-packages/airflow/example_dags/example_nested_branch_dag.py took 0.367 seconds
[2023-07-02T13:57:20.714+0000] {processor.py:153} INFO - Started process (PID=1860) to work on /home/airflow/.local/lib/python3.7/site-packages/airflow/example_dags/example_nested_branch_dag.py
[2023-07-02T13:57:20.719+0000] {processor.py:743} INFO - Processing file /home/airflow/.local/lib/python3.7/site-packages/airflow/example_dags/example_nested_branch_dag.py for tasks to queue
[2023-07-02T13:57:20.727+0000] {logging_mixin.py:137} INFO - [2023-07-02T13:57:20.727+0000] {dagbag.py:538} INFO - Filling up the DagBag from /home/airflow/.local/lib/python3.7/site-packages/airflow/example_dags/example_nested_branch_dag.py
[2023-07-02T13:57:20.794+0000] {processor.py:753} INFO - DAG(s) dict_keys(['example_nested_branch_dag']) retrieved from /home/airflow/.local/lib/python3.7/site-packages/airflow/example_dags/example_nested_branch_dag.py
[2023-07-02T13:57:20.840+0000] {logging_mixin.py:137} INFO - [2023-07-02T13:57:20.840+0000] {dag.py:2690} INFO - Sync 1 DAGs
[2023-07-02T13:57:20.879+0000] {logging_mixin.py:137} INFO - [2023-07-02T13:57:20.879+0000] {dag.py:3441} INFO - Setting next_dagrun for example_nested_branch_dag to 2023-07-01T00:00:00+00:00, run_after=2023-07-02T00:00:00+00:00
[2023-07-02T13:57:20.914+0000] {processor.py:175} INFO - Processing /home/airflow/.local/lib/python3.7/site-packages/airflow/example_dags/example_nested_branch_dag.py took 0.208 seconds
[2023-07-02T14:07:18.628+0000] {processor.py:153} INFO - Started process (PID=1913) to work on /home/airflow/.local/lib/python3.7/site-packages/airflow/example_dags/example_nested_branch_dag.py
[2023-07-02T14:07:18.630+0000] {processor.py:743} INFO - Processing file /home/airflow/.local/lib/python3.7/site-packages/airflow/example_dags/example_nested_branch_dag.py for tasks to queue
[2023-07-02T14:07:18.632+0000] {logging_mixin.py:137} INFO - [2023-07-02T14:07:18.632+0000] {dagbag.py:538} INFO - Filling up the DagBag from /home/airflow/.local/lib/python3.7/site-packages/airflow/example_dags/example_nested_branch_dag.py
[2023-07-02T14:07:18.707+0000] {processor.py:753} INFO - DAG(s) dict_keys(['example_nested_branch_dag']) retrieved from /home/airflow/.local/lib/python3.7/site-packages/airflow/example_dags/example_nested_branch_dag.py
[2023-07-02T14:07:18.753+0000] {logging_mixin.py:137} INFO - [2023-07-02T14:07:18.753+0000] {dag.py:2690} INFO - Sync 1 DAGs
[2023-07-02T14:07:18.808+0000] {logging_mixin.py:137} INFO - [2023-07-02T14:07:18.808+0000] {dag.py:3441} INFO - Setting next_dagrun for example_nested_branch_dag to 2023-07-01T00:00:00+00:00, run_after=2023-07-02T00:00:00+00:00
[2023-07-02T14:07:18.883+0000] {processor.py:175} INFO - Processing /home/airflow/.local/lib/python3.7/site-packages/airflow/example_dags/example_nested_branch_dag.py took 0.269 seconds
[2023-07-02T15:57:39.960+0000] {processor.py:153} INFO - Started process (PID=1962) to work on /home/airflow/.local/lib/python3.7/site-packages/airflow/example_dags/example_nested_branch_dag.py
[2023-07-02T15:57:39.967+0000] {processor.py:743} INFO - Processing file /home/airflow/.local/lib/python3.7/site-packages/airflow/example_dags/example_nested_branch_dag.py for tasks to queue
[2023-07-02T15:57:39.973+0000] {logging_mixin.py:137} INFO - [2023-07-02T15:57:39.972+0000] {dagbag.py:538} INFO - Filling up the DagBag from /home/airflow/.local/lib/python3.7/site-packages/airflow/example_dags/example_nested_branch_dag.py
[2023-07-02T15:57:40.102+0000] {processor.py:753} INFO - DAG(s) dict_keys(['example_nested_branch_dag']) retrieved from /home/airflow/.local/lib/python3.7/site-packages/airflow/example_dags/example_nested_branch_dag.py
[2023-07-02T15:57:40.189+0000] {logging_mixin.py:137} INFO - [2023-07-02T15:57:40.189+0000] {dag.py:2690} INFO - Sync 1 DAGs
[2023-07-02T15:57:40.227+0000] {logging_mixin.py:137} INFO - [2023-07-02T15:57:40.226+0000] {dag.py:3441} INFO - Setting next_dagrun for example_nested_branch_dag to 2023-07-01T00:00:00+00:00, run_after=2023-07-02T00:00:00+00:00
[2023-07-02T15:57:40.267+0000] {processor.py:175} INFO - Processing /home/airflow/.local/lib/python3.7/site-packages/airflow/example_dags/example_nested_branch_dag.py took 0.326 seconds
[2023-07-02T17:58:03.540+0000] {processor.py:153} INFO - Started process (PID=2021) to work on /home/airflow/.local/lib/python3.7/site-packages/airflow/example_dags/example_nested_branch_dag.py
[2023-07-02T17:58:03.544+0000] {processor.py:743} INFO - Processing file /home/airflow/.local/lib/python3.7/site-packages/airflow/example_dags/example_nested_branch_dag.py for tasks to queue
[2023-07-02T17:58:03.548+0000] {logging_mixin.py:137} INFO - [2023-07-02T17:58:03.547+0000] {dagbag.py:538} INFO - Filling up the DagBag from /home/airflow/.local/lib/python3.7/site-packages/airflow/example_dags/example_nested_branch_dag.py
[2023-07-02T17:58:03.644+0000] {processor.py:753} INFO - DAG(s) dict_keys(['example_nested_branch_dag']) retrieved from /home/airflow/.local/lib/python3.7/site-packages/airflow/example_dags/example_nested_branch_dag.py
[2023-07-02T17:58:03.740+0000] {logging_mixin.py:137} INFO - [2023-07-02T17:58:03.740+0000] {dag.py:2690} INFO - Sync 1 DAGs
[2023-07-02T17:58:03.807+0000] {logging_mixin.py:137} INFO - [2023-07-02T17:58:03.807+0000] {dag.py:3441} INFO - Setting next_dagrun for example_nested_branch_dag to 2023-07-01T00:00:00+00:00, run_after=2023-07-02T00:00:00+00:00
[2023-07-02T17:58:03.864+0000] {processor.py:175} INFO - Processing /home/airflow/.local/lib/python3.7/site-packages/airflow/example_dags/example_nested_branch_dag.py took 0.350 seconds
[2023-07-02T18:10:21.080+0000] {processor.py:153} INFO - Started process (PID=2080) to work on /home/airflow/.local/lib/python3.7/site-packages/airflow/example_dags/example_nested_branch_dag.py
[2023-07-02T18:10:21.088+0000] {processor.py:743} INFO - Processing file /home/airflow/.local/lib/python3.7/site-packages/airflow/example_dags/example_nested_branch_dag.py for tasks to queue
[2023-07-02T18:10:21.090+0000] {logging_mixin.py:137} INFO - [2023-07-02T18:10:21.090+0000] {dagbag.py:538} INFO - Filling up the DagBag from /home/airflow/.local/lib/python3.7/site-packages/airflow/example_dags/example_nested_branch_dag.py
[2023-07-02T18:10:21.168+0000] {processor.py:753} INFO - DAG(s) dict_keys(['example_nested_branch_dag']) retrieved from /home/airflow/.local/lib/python3.7/site-packages/airflow/example_dags/example_nested_branch_dag.py
[2023-07-02T18:10:21.240+0000] {logging_mixin.py:137} INFO - [2023-07-02T18:10:21.240+0000] {dag.py:2690} INFO - Sync 1 DAGs
[2023-07-02T18:10:21.274+0000] {logging_mixin.py:137} INFO - [2023-07-02T18:10:21.274+0000] {dag.py:3441} INFO - Setting next_dagrun for example_nested_branch_dag to 2023-07-01T00:00:00+00:00, run_after=2023-07-02T00:00:00+00:00
[2023-07-02T18:10:21.313+0000] {processor.py:175} INFO - Processing /home/airflow/.local/lib/python3.7/site-packages/airflow/example_dags/example_nested_branch_dag.py took 0.238 seconds
[2023-07-02T20:10:43.264+0000] {processor.py:153} INFO - Started process (PID=2129) to work on /home/airflow/.local/lib/python3.7/site-packages/airflow/example_dags/example_nested_branch_dag.py
[2023-07-02T20:10:43.269+0000] {processor.py:743} INFO - Processing file /home/airflow/.local/lib/python3.7/site-packages/airflow/example_dags/example_nested_branch_dag.py for tasks to queue
[2023-07-02T20:10:43.272+0000] {logging_mixin.py:137} INFO - [2023-07-02T20:10:43.272+0000] {dagbag.py:538} INFO - Filling up the DagBag from /home/airflow/.local/lib/python3.7/site-packages/airflow/example_dags/example_nested_branch_dag.py
[2023-07-02T20:10:43.309+0000] {processor.py:753} INFO - DAG(s) dict_keys(['example_nested_branch_dag']) retrieved from /home/airflow/.local/lib/python3.7/site-packages/airflow/example_dags/example_nested_branch_dag.py
[2023-07-02T20:10:43.347+0000] {logging_mixin.py:137} INFO - [2023-07-02T20:10:43.347+0000] {dag.py:2690} INFO - Sync 1 DAGs
[2023-07-02T20:10:43.378+0000] {logging_mixin.py:137} INFO - [2023-07-02T20:10:43.378+0000] {dag.py:3441} INFO - Setting next_dagrun for example_nested_branch_dag to 2023-07-01T00:00:00+00:00, run_after=2023-07-02T00:00:00+00:00
[2023-07-02T20:10:43.419+0000] {processor.py:175} INFO - Processing /home/airflow/.local/lib/python3.7/site-packages/airflow/example_dags/example_nested_branch_dag.py took 0.164 seconds
[2023-07-02T22:11:08.309+0000] {processor.py:153} INFO - Started process (PID=2187) to work on /home/airflow/.local/lib/python3.7/site-packages/airflow/example_dags/example_nested_branch_dag.py
[2023-07-02T22:11:08.313+0000] {processor.py:743} INFO - Processing file /home/airflow/.local/lib/python3.7/site-packages/airflow/example_dags/example_nested_branch_dag.py for tasks to queue
[2023-07-02T22:11:08.316+0000] {logging_mixin.py:137} INFO - [2023-07-02T22:11:08.316+0000] {dagbag.py:538} INFO - Filling up the DagBag from /home/airflow/.local/lib/python3.7/site-packages/airflow/example_dags/example_nested_branch_dag.py
[2023-07-02T22:11:08.365+0000] {processor.py:753} INFO - DAG(s) dict_keys(['example_nested_branch_dag']) retrieved from /home/airflow/.local/lib/python3.7/site-packages/airflow/example_dags/example_nested_branch_dag.py
[2023-07-02T22:11:08.409+0000] {logging_mixin.py:137} INFO - [2023-07-02T22:11:08.409+0000] {dag.py:2690} INFO - Sync 1 DAGs
[2023-07-02T22:11:08.458+0000] {logging_mixin.py:137} INFO - [2023-07-02T22:11:08.458+0000] {dag.py:3441} INFO - Setting next_dagrun for example_nested_branch_dag to 2023-07-01T00:00:00+00:00, run_after=2023-07-02T00:00:00+00:00
[2023-07-02T22:11:08.545+0000] {processor.py:175} INFO - Processing /home/airflow/.local/lib/python3.7/site-packages/airflow/example_dags/example_nested_branch_dag.py took 0.240 seconds
[2023-07-02T22:49:04.529+0000] {processor.py:153} INFO - Started process (PID=2244) to work on /home/airflow/.local/lib/python3.7/site-packages/airflow/example_dags/example_nested_branch_dag.py
[2023-07-02T22:49:04.661+0000] {processor.py:743} INFO - Processing file /home/airflow/.local/lib/python3.7/site-packages/airflow/example_dags/example_nested_branch_dag.py for tasks to queue
[2023-07-02T22:49:04.784+0000] {logging_mixin.py:137} INFO - [2023-07-02T22:49:04.781+0000] {dagbag.py:538} INFO - Filling up the DagBag from /home/airflow/.local/lib/python3.7/site-packages/airflow/example_dags/example_nested_branch_dag.py
[2023-07-02T22:49:04.877+0000] {processor.py:753} INFO - DAG(s) dict_keys(['example_nested_branch_dag']) retrieved from /home/airflow/.local/lib/python3.7/site-packages/airflow/example_dags/example_nested_branch_dag.py
[2023-07-02T22:49:04.948+0000] {logging_mixin.py:137} INFO - [2023-07-02T22:49:04.948+0000] {dag.py:2690} INFO - Sync 1 DAGs
[2023-07-02T22:49:05.024+0000] {logging_mixin.py:137} INFO - [2023-07-02T22:49:05.024+0000] {dag.py:3441} INFO - Setting next_dagrun for example_nested_branch_dag to 2023-07-01T00:00:00+00:00, run_after=2023-07-02T00:00:00+00:00
[2023-07-02T22:49:05.068+0000] {processor.py:175} INFO - Processing /home/airflow/.local/lib/python3.7/site-packages/airflow/example_dags/example_nested_branch_dag.py took 0.643 seconds
[2023-07-02T22:49:35.269+0000] {processor.py:153} INFO - Started process (PID=2302) to work on /home/airflow/.local/lib/python3.7/site-packages/airflow/example_dags/example_nested_branch_dag.py
[2023-07-02T22:49:35.271+0000] {processor.py:743} INFO - Processing file /home/airflow/.local/lib/python3.7/site-packages/airflow/example_dags/example_nested_branch_dag.py for tasks to queue
[2023-07-02T22:49:35.275+0000] {logging_mixin.py:137} INFO - [2023-07-02T22:49:35.275+0000] {dagbag.py:538} INFO - Filling up the DagBag from /home/airflow/.local/lib/python3.7/site-packages/airflow/example_dags/example_nested_branch_dag.py
[2023-07-02T22:49:35.307+0000] {processor.py:753} INFO - DAG(s) dict_keys(['example_nested_branch_dag']) retrieved from /home/airflow/.local/lib/python3.7/site-packages/airflow/example_dags/example_nested_branch_dag.py
[2023-07-02T22:49:35.346+0000] {logging_mixin.py:137} INFO - [2023-07-02T22:49:35.346+0000] {dag.py:2690} INFO - Sync 1 DAGs
[2023-07-02T22:49:35.375+0000] {logging_mixin.py:137} INFO - [2023-07-02T22:49:35.374+0000] {dag.py:3441} INFO - Setting next_dagrun for example_nested_branch_dag to 2023-07-01T00:00:00+00:00, run_after=2023-07-02T00:00:00+00:00
[2023-07-02T22:49:35.400+0000] {processor.py:175} INFO - Processing /home/airflow/.local/lib/python3.7/site-packages/airflow/example_dags/example_nested_branch_dag.py took 0.139 seconds
[2023-07-02T22:50:06.295+0000] {processor.py:153} INFO - Started process (PID=2361) to work on /home/airflow/.local/lib/python3.7/site-packages/airflow/example_dags/example_nested_branch_dag.py
[2023-07-02T22:50:06.298+0000] {processor.py:743} INFO - Processing file /home/airflow/.local/lib/python3.7/site-packages/airflow/example_dags/example_nested_branch_dag.py for tasks to queue
[2023-07-02T22:50:06.308+0000] {logging_mixin.py:137} INFO - [2023-07-02T22:50:06.308+0000] {dagbag.py:538} INFO - Filling up the DagBag from /home/airflow/.local/lib/python3.7/site-packages/airflow/example_dags/example_nested_branch_dag.py
[2023-07-02T22:50:06.347+0000] {processor.py:753} INFO - DAG(s) dict_keys(['example_nested_branch_dag']) retrieved from /home/airflow/.local/lib/python3.7/site-packages/airflow/example_dags/example_nested_branch_dag.py
[2023-07-02T22:50:06.383+0000] {logging_mixin.py:137} INFO - [2023-07-02T22:50:06.383+0000] {dag.py:2690} INFO - Sync 1 DAGs
[2023-07-02T22:50:06.413+0000] {logging_mixin.py:137} INFO - [2023-07-02T22:50:06.413+0000] {dag.py:3441} INFO - Setting next_dagrun for example_nested_branch_dag to 2023-07-01T00:00:00+00:00, run_after=2023-07-02T00:00:00+00:00
[2023-07-02T22:50:06.441+0000] {processor.py:175} INFO - Processing /home/airflow/.local/lib/python3.7/site-packages/airflow/example_dags/example_nested_branch_dag.py took 0.155 seconds
[2023-07-02T22:50:38.960+0000] {processor.py:153} INFO - Started process (PID=2419) to work on /home/airflow/.local/lib/python3.7/site-packages/airflow/example_dags/example_nested_branch_dag.py
[2023-07-02T22:50:38.963+0000] {processor.py:743} INFO - Processing file /home/airflow/.local/lib/python3.7/site-packages/airflow/example_dags/example_nested_branch_dag.py for tasks to queue
[2023-07-02T22:50:38.972+0000] {logging_mixin.py:137} INFO - [2023-07-02T22:50:38.970+0000] {dagbag.py:538} INFO - Filling up the DagBag from /home/airflow/.local/lib/python3.7/site-packages/airflow/example_dags/example_nested_branch_dag.py
[2023-07-02T22:50:39.017+0000] {processor.py:753} INFO - DAG(s) dict_keys(['example_nested_branch_dag']) retrieved from /home/airflow/.local/lib/python3.7/site-packages/airflow/example_dags/example_nested_branch_dag.py
[2023-07-02T22:50:39.066+0000] {logging_mixin.py:137} INFO - [2023-07-02T22:50:39.066+0000] {dag.py:2690} INFO - Sync 1 DAGs
[2023-07-02T22:50:39.102+0000] {logging_mixin.py:137} INFO - [2023-07-02T22:50:39.101+0000] {dag.py:3441} INFO - Setting next_dagrun for example_nested_branch_dag to 2023-07-01T00:00:00+00:00, run_after=2023-07-02T00:00:00+00:00
[2023-07-02T22:50:39.140+0000] {processor.py:175} INFO - Processing /home/airflow/.local/lib/python3.7/site-packages/airflow/example_dags/example_nested_branch_dag.py took 0.193 seconds
[2023-07-02T22:51:10.705+0000] {processor.py:153} INFO - Started process (PID=2485) to work on /home/airflow/.local/lib/python3.7/site-packages/airflow/example_dags/example_nested_branch_dag.py
[2023-07-02T22:51:10.711+0000] {processor.py:743} INFO - Processing file /home/airflow/.local/lib/python3.7/site-packages/airflow/example_dags/example_nested_branch_dag.py for tasks to queue
[2023-07-02T22:51:10.716+0000] {logging_mixin.py:137} INFO - [2023-07-02T22:51:10.716+0000] {dagbag.py:538} INFO - Filling up the DagBag from /home/airflow/.local/lib/python3.7/site-packages/airflow/example_dags/example_nested_branch_dag.py
[2023-07-02T22:51:10.786+0000] {processor.py:753} INFO - DAG(s) dict_keys(['example_nested_branch_dag']) retrieved from /home/airflow/.local/lib/python3.7/site-packages/airflow/example_dags/example_nested_branch_dag.py
[2023-07-02T22:51:10.867+0000] {logging_mixin.py:137} INFO - [2023-07-02T22:51:10.865+0000] {dag.py:2690} INFO - Sync 1 DAGs
[2023-07-02T22:51:10.935+0000] {logging_mixin.py:137} INFO - [2023-07-02T22:51:10.935+0000] {dag.py:3441} INFO - Setting next_dagrun for example_nested_branch_dag to 2023-07-01T00:00:00+00:00, run_after=2023-07-02T00:00:00+00:00
[2023-07-02T22:51:11.055+0000] {processor.py:175} INFO - Processing /home/airflow/.local/lib/python3.7/site-packages/airflow/example_dags/example_nested_branch_dag.py took 0.361 seconds
[2023-07-02T22:55:15.382+0000] {processor.py:153} INFO - Started process (PID=2518) to work on /home/airflow/.local/lib/python3.7/site-packages/airflow/example_dags/example_nested_branch_dag.py
[2023-07-02T22:55:15.385+0000] {processor.py:743} INFO - Processing file /home/airflow/.local/lib/python3.7/site-packages/airflow/example_dags/example_nested_branch_dag.py for tasks to queue
[2023-07-02T22:55:15.389+0000] {logging_mixin.py:137} INFO - [2023-07-02T22:55:15.389+0000] {dagbag.py:538} INFO - Filling up the DagBag from /home/airflow/.local/lib/python3.7/site-packages/airflow/example_dags/example_nested_branch_dag.py
[2023-07-02T22:55:15.436+0000] {processor.py:753} INFO - DAG(s) dict_keys(['example_nested_branch_dag']) retrieved from /home/airflow/.local/lib/python3.7/site-packages/airflow/example_dags/example_nested_branch_dag.py
[2023-07-02T22:55:15.489+0000] {logging_mixin.py:137} INFO - [2023-07-02T22:55:15.489+0000] {dag.py:2690} INFO - Sync 1 DAGs
[2023-07-02T22:55:15.529+0000] {logging_mixin.py:137} INFO - [2023-07-02T22:55:15.529+0000] {dag.py:3441} INFO - Setting next_dagrun for example_nested_branch_dag to 2023-07-01T00:00:00+00:00, run_after=2023-07-02T00:00:00+00:00
[2023-07-02T22:55:15.561+0000] {processor.py:175} INFO - Processing /home/airflow/.local/lib/python3.7/site-packages/airflow/example_dags/example_nested_branch_dag.py took 0.187 seconds
[2023-07-02T22:55:50.826+0000] {processor.py:153} INFO - Started process (PID=2585) to work on /home/airflow/.local/lib/python3.7/site-packages/airflow/example_dags/example_nested_branch_dag.py
[2023-07-02T22:55:50.845+0000] {processor.py:743} INFO - Processing file /home/airflow/.local/lib/python3.7/site-packages/airflow/example_dags/example_nested_branch_dag.py for tasks to queue
[2023-07-02T22:55:50.855+0000] {logging_mixin.py:137} INFO - [2023-07-02T22:55:50.852+0000] {dagbag.py:538} INFO - Filling up the DagBag from /home/airflow/.local/lib/python3.7/site-packages/airflow/example_dags/example_nested_branch_dag.py
[2023-07-02T22:55:50.967+0000] {processor.py:753} INFO - DAG(s) dict_keys(['example_nested_branch_dag']) retrieved from /home/airflow/.local/lib/python3.7/site-packages/airflow/example_dags/example_nested_branch_dag.py
[2023-07-02T22:55:51.526+0000] {logging_mixin.py:137} INFO - [2023-07-02T22:55:51.526+0000] {dag.py:2690} INFO - Sync 1 DAGs
[2023-07-02T22:55:51.755+0000] {logging_mixin.py:137} INFO - [2023-07-02T22:55:51.755+0000] {dag.py:3441} INFO - Setting next_dagrun for example_nested_branch_dag to 2023-07-01T00:00:00+00:00, run_after=2023-07-02T00:00:00+00:00
[2023-07-02T22:55:51.908+0000] {processor.py:175} INFO - Processing /home/airflow/.local/lib/python3.7/site-packages/airflow/example_dags/example_nested_branch_dag.py took 1.114 seconds
[2023-07-02T22:56:22.408+0000] {processor.py:153} INFO - Started process (PID=2645) to work on /home/airflow/.local/lib/python3.7/site-packages/airflow/example_dags/example_nested_branch_dag.py
[2023-07-02T22:56:22.413+0000] {processor.py:743} INFO - Processing file /home/airflow/.local/lib/python3.7/site-packages/airflow/example_dags/example_nested_branch_dag.py for tasks to queue
[2023-07-02T22:56:22.421+0000] {logging_mixin.py:137} INFO - [2023-07-02T22:56:22.419+0000] {dagbag.py:538} INFO - Filling up the DagBag from /home/airflow/.local/lib/python3.7/site-packages/airflow/example_dags/example_nested_branch_dag.py
[2023-07-02T22:56:22.525+0000] {processor.py:753} INFO - DAG(s) dict_keys(['example_nested_branch_dag']) retrieved from /home/airflow/.local/lib/python3.7/site-packages/airflow/example_dags/example_nested_branch_dag.py
[2023-07-02T22:56:22.605+0000] {logging_mixin.py:137} INFO - [2023-07-02T22:56:22.605+0000] {dag.py:2690} INFO - Sync 1 DAGs
[2023-07-02T22:56:22.690+0000] {logging_mixin.py:137} INFO - [2023-07-02T22:56:22.690+0000] {dag.py:3441} INFO - Setting next_dagrun for example_nested_branch_dag to 2023-07-01T00:00:00+00:00, run_after=2023-07-02T00:00:00+00:00
[2023-07-02T22:56:22.747+0000] {processor.py:175} INFO - Processing /home/airflow/.local/lib/python3.7/site-packages/airflow/example_dags/example_nested_branch_dag.py took 0.361 seconds
[2023-07-02T23:02:32.472+0000] {processor.py:153} INFO - Started process (PID=2692) to work on /home/airflow/.local/lib/python3.7/site-packages/airflow/example_dags/example_nested_branch_dag.py
[2023-07-02T23:02:32.477+0000] {processor.py:743} INFO - Processing file /home/airflow/.local/lib/python3.7/site-packages/airflow/example_dags/example_nested_branch_dag.py for tasks to queue
[2023-07-02T23:02:32.480+0000] {logging_mixin.py:137} INFO - [2023-07-02T23:02:32.480+0000] {dagbag.py:538} INFO - Filling up the DagBag from /home/airflow/.local/lib/python3.7/site-packages/airflow/example_dags/example_nested_branch_dag.py
[2023-07-02T23:02:32.546+0000] {processor.py:753} INFO - DAG(s) dict_keys(['example_nested_branch_dag']) retrieved from /home/airflow/.local/lib/python3.7/site-packages/airflow/example_dags/example_nested_branch_dag.py
[2023-07-02T23:02:32.624+0000] {logging_mixin.py:137} INFO - [2023-07-02T23:02:32.624+0000] {dag.py:2690} INFO - Sync 1 DAGs
[2023-07-02T23:02:32.682+0000] {logging_mixin.py:137} INFO - [2023-07-02T23:02:32.682+0000] {dag.py:3441} INFO - Setting next_dagrun for example_nested_branch_dag to 2023-07-01T00:00:00+00:00, run_after=2023-07-02T00:00:00+00:00
[2023-07-02T23:02:32.763+0000] {processor.py:175} INFO - Processing /home/airflow/.local/lib/python3.7/site-packages/airflow/example_dags/example_nested_branch_dag.py took 0.309 seconds
[2023-07-02T23:03:14.249+0000] {processor.py:153} INFO - Started process (PID=2761) to work on /home/airflow/.local/lib/python3.7/site-packages/airflow/example_dags/example_nested_branch_dag.py
[2023-07-02T23:03:14.256+0000] {processor.py:743} INFO - Processing file /home/airflow/.local/lib/python3.7/site-packages/airflow/example_dags/example_nested_branch_dag.py for tasks to queue
[2023-07-02T23:03:14.265+0000] {logging_mixin.py:137} INFO - [2023-07-02T23:03:14.264+0000] {dagbag.py:538} INFO - Filling up the DagBag from /home/airflow/.local/lib/python3.7/site-packages/airflow/example_dags/example_nested_branch_dag.py
[2023-07-02T23:03:14.442+0000] {processor.py:753} INFO - DAG(s) dict_keys(['example_nested_branch_dag']) retrieved from /home/airflow/.local/lib/python3.7/site-packages/airflow/example_dags/example_nested_branch_dag.py
[2023-07-02T23:03:14.665+0000] {logging_mixin.py:137} INFO - [2023-07-02T23:03:14.665+0000] {dag.py:2690} INFO - Sync 1 DAGs
[2023-07-02T23:03:14.823+0000] {logging_mixin.py:137} INFO - [2023-07-02T23:03:14.823+0000] {dag.py:3441} INFO - Setting next_dagrun for example_nested_branch_dag to 2023-07-01T00:00:00+00:00, run_after=2023-07-02T00:00:00+00:00
[2023-07-02T23:03:14.986+0000] {processor.py:175} INFO - Processing /home/airflow/.local/lib/python3.7/site-packages/airflow/example_dags/example_nested_branch_dag.py took 0.768 seconds
[2023-07-02T23:03:45.552+0000] {processor.py:153} INFO - Started process (PID=2820) to work on /home/airflow/.local/lib/python3.7/site-packages/airflow/example_dags/example_nested_branch_dag.py
[2023-07-02T23:03:45.557+0000] {processor.py:743} INFO - Processing file /home/airflow/.local/lib/python3.7/site-packages/airflow/example_dags/example_nested_branch_dag.py for tasks to queue
[2023-07-02T23:03:45.560+0000] {logging_mixin.py:137} INFO - [2023-07-02T23:03:45.559+0000] {dagbag.py:538} INFO - Filling up the DagBag from /home/airflow/.local/lib/python3.7/site-packages/airflow/example_dags/example_nested_branch_dag.py
[2023-07-02T23:03:45.602+0000] {processor.py:753} INFO - DAG(s) dict_keys(['example_nested_branch_dag']) retrieved from /home/airflow/.local/lib/python3.7/site-packages/airflow/example_dags/example_nested_branch_dag.py
[2023-07-02T23:03:45.649+0000] {logging_mixin.py:137} INFO - [2023-07-02T23:03:45.649+0000] {dag.py:2690} INFO - Sync 1 DAGs
[2023-07-02T23:03:45.695+0000] {logging_mixin.py:137} INFO - [2023-07-02T23:03:45.695+0000] {dag.py:3441} INFO - Setting next_dagrun for example_nested_branch_dag to 2023-07-01T00:00:00+00:00, run_after=2023-07-02T00:00:00+00:00
[2023-07-02T23:03:45.747+0000] {processor.py:175} INFO - Processing /home/airflow/.local/lib/python3.7/site-packages/airflow/example_dags/example_nested_branch_dag.py took 0.200 seconds
[2023-07-02T23:07:21.759+0000] {processor.py:153} INFO - Started process (PID=2884) to work on /home/airflow/.local/lib/python3.7/site-packages/airflow/example_dags/example_nested_branch_dag.py
[2023-07-02T23:07:21.762+0000] {processor.py:743} INFO - Processing file /home/airflow/.local/lib/python3.7/site-packages/airflow/example_dags/example_nested_branch_dag.py for tasks to queue
[2023-07-02T23:07:21.766+0000] {logging_mixin.py:137} INFO - [2023-07-02T23:07:21.765+0000] {dagbag.py:538} INFO - Filling up the DagBag from /home/airflow/.local/lib/python3.7/site-packages/airflow/example_dags/example_nested_branch_dag.py
[2023-07-02T23:07:21.809+0000] {processor.py:753} INFO - DAG(s) dict_keys(['example_nested_branch_dag']) retrieved from /home/airflow/.local/lib/python3.7/site-packages/airflow/example_dags/example_nested_branch_dag.py
[2023-07-02T23:07:21.876+0000] {logging_mixin.py:137} INFO - [2023-07-02T23:07:21.876+0000] {dag.py:2690} INFO - Sync 1 DAGs
[2023-07-02T23:07:21.916+0000] {logging_mixin.py:137} INFO - [2023-07-02T23:07:21.916+0000] {dag.py:3441} INFO - Setting next_dagrun for example_nested_branch_dag to 2023-07-01T00:00:00+00:00, run_after=2023-07-02T00:00:00+00:00
[2023-07-02T23:07:21.964+0000] {processor.py:175} INFO - Processing /home/airflow/.local/lib/python3.7/site-packages/airflow/example_dags/example_nested_branch_dag.py took 0.213 seconds
[2023-07-02T23:07:52.128+0000] {processor.py:153} INFO - Started process (PID=2941) to work on /home/airflow/.local/lib/python3.7/site-packages/airflow/example_dags/example_nested_branch_dag.py
[2023-07-02T23:07:52.136+0000] {processor.py:743} INFO - Processing file /home/airflow/.local/lib/python3.7/site-packages/airflow/example_dags/example_nested_branch_dag.py for tasks to queue
[2023-07-02T23:07:52.138+0000] {logging_mixin.py:137} INFO - [2023-07-02T23:07:52.138+0000] {dagbag.py:538} INFO - Filling up the DagBag from /home/airflow/.local/lib/python3.7/site-packages/airflow/example_dags/example_nested_branch_dag.py
[2023-07-02T23:07:52.181+0000] {processor.py:753} INFO - DAG(s) dict_keys(['example_nested_branch_dag']) retrieved from /home/airflow/.local/lib/python3.7/site-packages/airflow/example_dags/example_nested_branch_dag.py
[2023-07-02T23:07:52.225+0000] {logging_mixin.py:137} INFO - [2023-07-02T23:07:52.225+0000] {dag.py:2690} INFO - Sync 1 DAGs
[2023-07-02T23:07:52.259+0000] {logging_mixin.py:137} INFO - [2023-07-02T23:07:52.259+0000] {dag.py:3441} INFO - Setting next_dagrun for example_nested_branch_dag to 2023-07-01T00:00:00+00:00, run_after=2023-07-02T00:00:00+00:00
[2023-07-02T23:07:52.308+0000] {processor.py:175} INFO - Processing /home/airflow/.local/lib/python3.7/site-packages/airflow/example_dags/example_nested_branch_dag.py took 0.184 seconds
[2023-07-02T23:08:26.172+0000] {processor.py:153} INFO - Started process (PID=2990) to work on /home/airflow/.local/lib/python3.7/site-packages/airflow/example_dags/example_nested_branch_dag.py
[2023-07-02T23:08:26.179+0000] {processor.py:743} INFO - Processing file /home/airflow/.local/lib/python3.7/site-packages/airflow/example_dags/example_nested_branch_dag.py for tasks to queue
[2023-07-02T23:08:26.182+0000] {logging_mixin.py:137} INFO - [2023-07-02T23:08:26.181+0000] {dagbag.py:538} INFO - Filling up the DagBag from /home/airflow/.local/lib/python3.7/site-packages/airflow/example_dags/example_nested_branch_dag.py
[2023-07-02T23:08:26.249+0000] {processor.py:753} INFO - DAG(s) dict_keys(['example_nested_branch_dag']) retrieved from /home/airflow/.local/lib/python3.7/site-packages/airflow/example_dags/example_nested_branch_dag.py
[2023-07-02T23:08:26.317+0000] {logging_mixin.py:137} INFO - [2023-07-02T23:08:26.316+0000] {dag.py:2690} INFO - Sync 1 DAGs
[2023-07-02T23:08:26.370+0000] {logging_mixin.py:137} INFO - [2023-07-02T23:08:26.370+0000] {dag.py:3441} INFO - Setting next_dagrun for example_nested_branch_dag to 2023-07-01T00:00:00+00:00, run_after=2023-07-02T00:00:00+00:00
[2023-07-02T23:08:26.400+0000] {processor.py:175} INFO - Processing /home/airflow/.local/lib/python3.7/site-packages/airflow/example_dags/example_nested_branch_dag.py took 0.233 seconds
[2023-07-02T23:09:06.660+0000] {processor.py:153} INFO - Started process (PID=3024) to work on /home/airflow/.local/lib/python3.7/site-packages/airflow/example_dags/example_nested_branch_dag.py
[2023-07-02T23:09:06.664+0000] {processor.py:743} INFO - Processing file /home/airflow/.local/lib/python3.7/site-packages/airflow/example_dags/example_nested_branch_dag.py for tasks to queue
[2023-07-02T23:09:06.671+0000] {logging_mixin.py:137} INFO - [2023-07-02T23:09:06.669+0000] {dagbag.py:538} INFO - Filling up the DagBag from /home/airflow/.local/lib/python3.7/site-packages/airflow/example_dags/example_nested_branch_dag.py
[2023-07-02T23:09:06.719+0000] {processor.py:753} INFO - DAG(s) dict_keys(['example_nested_branch_dag']) retrieved from /home/airflow/.local/lib/python3.7/site-packages/airflow/example_dags/example_nested_branch_dag.py
[2023-07-02T23:09:06.803+0000] {logging_mixin.py:137} INFO - [2023-07-02T23:09:06.803+0000] {dag.py:2690} INFO - Sync 1 DAGs
[2023-07-02T23:09:06.871+0000] {logging_mixin.py:137} INFO - [2023-07-02T23:09:06.871+0000] {dag.py:3441} INFO - Setting next_dagrun for example_nested_branch_dag to 2023-07-01T00:00:00+00:00, run_after=2023-07-02T00:00:00+00:00
[2023-07-02T23:09:06.921+0000] {processor.py:175} INFO - Processing /home/airflow/.local/lib/python3.7/site-packages/airflow/example_dags/example_nested_branch_dag.py took 0.267 seconds
