[2023-03-08T01:49:42.784+0000] {processor.py:153} INFO - Started process (PID=12207) to work on /home/airflow/.local/lib/python3.7/site-packages/airflow/example_dags/example_branch_day_of_week_operator.py
[2023-03-08T01:49:42.788+0000] {processor.py:743} INFO - Processing file /home/airflow/.local/lib/python3.7/site-packages/airflow/example_dags/example_branch_day_of_week_operator.py for tasks to queue
[2023-03-08T01:49:42.792+0000] {logging_mixin.py:137} INFO - [2023-03-08T01:49:42.792+0000] {dagbag.py:538} INFO - Filling up the DagBag from /home/airflow/.local/lib/python3.7/site-packages/airflow/example_dags/example_branch_day_of_week_operator.py
[2023-03-08T01:49:42.836+0000] {processor.py:753} INFO - DAG(s) dict_keys(['example_weekday_branch_operator']) retrieved from /home/airflow/.local/lib/python3.7/site-packages/airflow/example_dags/example_branch_day_of_week_operator.py
[2023-03-08T01:49:42.951+0000] {logging_mixin.py:137} INFO - [2023-03-08T01:49:42.951+0000] {dag.py:2690} INFO - Sync 1 DAGs
[2023-03-08T01:49:43.034+0000] {logging_mixin.py:137} INFO - [2023-03-08T01:49:43.033+0000] {dag.py:3441} INFO - Setting next_dagrun for example_weekday_branch_operator to 2023-03-07T00:00:00+00:00, run_after=2023-03-08T00:00:00+00:00
[2023-03-08T01:49:43.093+0000] {processor.py:175} INFO - Processing /home/airflow/.local/lib/python3.7/site-packages/airflow/example_dags/example_branch_day_of_week_operator.py took 0.324 seconds
[2023-03-08T03:17:59.718+0000] {processor.py:153} INFO - Started process (PID=12246) to work on /home/airflow/.local/lib/python3.7/site-packages/airflow/example_dags/example_branch_day_of_week_operator.py
[2023-03-08T03:17:59.728+0000] {processor.py:743} INFO - Processing file /home/airflow/.local/lib/python3.7/site-packages/airflow/example_dags/example_branch_day_of_week_operator.py for tasks to queue
[2023-03-08T03:17:59.730+0000] {logging_mixin.py:137} INFO - [2023-03-08T03:17:59.729+0000] {dagbag.py:538} INFO - Filling up the DagBag from /home/airflow/.local/lib/python3.7/site-packages/airflow/example_dags/example_branch_day_of_week_operator.py
[2023-03-08T03:17:59.796+0000] {processor.py:753} INFO - DAG(s) dict_keys(['example_weekday_branch_operator']) retrieved from /home/airflow/.local/lib/python3.7/site-packages/airflow/example_dags/example_branch_day_of_week_operator.py
[2023-03-08T03:17:59.883+0000] {logging_mixin.py:137} INFO - [2023-03-08T03:17:59.883+0000] {dag.py:2690} INFO - Sync 1 DAGs
[2023-03-08T03:17:59.946+0000] {logging_mixin.py:137} INFO - [2023-03-08T03:17:59.946+0000] {dag.py:3441} INFO - Setting next_dagrun for example_weekday_branch_operator to 2023-03-07T00:00:00+00:00, run_after=2023-03-08T00:00:00+00:00
[2023-03-08T03:17:59.985+0000] {processor.py:175} INFO - Processing /home/airflow/.local/lib/python3.7/site-packages/airflow/example_dags/example_branch_day_of_week_operator.py took 0.280 seconds
[2023-03-08T11:56:23.218+0000] {processor.py:153} INFO - Started process (PID=12294) to work on /home/airflow/.local/lib/python3.7/site-packages/airflow/example_dags/example_branch_day_of_week_operator.py
[2023-03-08T11:56:23.232+0000] {processor.py:743} INFO - Processing file /home/airflow/.local/lib/python3.7/site-packages/airflow/example_dags/example_branch_day_of_week_operator.py for tasks to queue
[2023-03-08T11:56:23.245+0000] {logging_mixin.py:137} INFO - [2023-03-08T11:56:23.245+0000] {dagbag.py:538} INFO - Filling up the DagBag from /home/airflow/.local/lib/python3.7/site-packages/airflow/example_dags/example_branch_day_of_week_operator.py
[2023-03-08T11:56:23.702+0000] {processor.py:753} INFO - DAG(s) dict_keys(['example_weekday_branch_operator']) retrieved from /home/airflow/.local/lib/python3.7/site-packages/airflow/example_dags/example_branch_day_of_week_operator.py
[2023-03-08T11:56:25.625+0000] {logging_mixin.py:137} INFO - [2023-03-08T11:56:25.621+0000] {dag.py:2690} INFO - Sync 1 DAGs
[2023-03-08T11:56:26.480+0000] {logging_mixin.py:137} INFO - [2023-03-08T11:56:26.480+0000] {dag.py:3441} INFO - Setting next_dagrun for example_weekday_branch_operator to 2023-03-07T00:00:00+00:00, run_after=2023-03-08T00:00:00+00:00
[2023-03-08T11:56:26.873+0000] {processor.py:175} INFO - Processing /home/airflow/.local/lib/python3.7/site-packages/airflow/example_dags/example_branch_day_of_week_operator.py took 3.723 seconds
[2023-03-08T11:56:58.387+0000] {processor.py:153} INFO - Started process (PID=12351) to work on /home/airflow/.local/lib/python3.7/site-packages/airflow/example_dags/example_branch_day_of_week_operator.py
[2023-03-08T11:56:58.425+0000] {processor.py:743} INFO - Processing file /home/airflow/.local/lib/python3.7/site-packages/airflow/example_dags/example_branch_day_of_week_operator.py for tasks to queue
[2023-03-08T11:56:58.478+0000] {logging_mixin.py:137} INFO - [2023-03-08T11:56:58.474+0000] {dagbag.py:538} INFO - Filling up the DagBag from /home/airflow/.local/lib/python3.7/site-packages/airflow/example_dags/example_branch_day_of_week_operator.py
[2023-03-08T11:56:58.810+0000] {processor.py:753} INFO - DAG(s) dict_keys(['example_weekday_branch_operator']) retrieved from /home/airflow/.local/lib/python3.7/site-packages/airflow/example_dags/example_branch_day_of_week_operator.py
[2023-03-08T11:56:59.122+0000] {logging_mixin.py:137} INFO - [2023-03-08T11:56:59.122+0000] {dag.py:2690} INFO - Sync 1 DAGs
[2023-03-08T11:56:59.494+0000] {logging_mixin.py:137} INFO - [2023-03-08T11:56:59.480+0000] {dag.py:3441} INFO - Setting next_dagrun for example_weekday_branch_operator to 2023-03-07T00:00:00+00:00, run_after=2023-03-08T00:00:00+00:00
[2023-03-08T11:56:59.758+0000] {processor.py:175} INFO - Processing /home/airflow/.local/lib/python3.7/site-packages/airflow/example_dags/example_branch_day_of_week_operator.py took 1.474 seconds
[2023-03-08T11:57:30.651+0000] {processor.py:153} INFO - Started process (PID=12402) to work on /home/airflow/.local/lib/python3.7/site-packages/airflow/example_dags/example_branch_day_of_week_operator.py
[2023-03-08T11:57:30.653+0000] {processor.py:743} INFO - Processing file /home/airflow/.local/lib/python3.7/site-packages/airflow/example_dags/example_branch_day_of_week_operator.py for tasks to queue
[2023-03-08T11:57:30.656+0000] {logging_mixin.py:137} INFO - [2023-03-08T11:57:30.656+0000] {dagbag.py:538} INFO - Filling up the DagBag from /home/airflow/.local/lib/python3.7/site-packages/airflow/example_dags/example_branch_day_of_week_operator.py
[2023-03-08T11:57:30.727+0000] {processor.py:753} INFO - DAG(s) dict_keys(['example_weekday_branch_operator']) retrieved from /home/airflow/.local/lib/python3.7/site-packages/airflow/example_dags/example_branch_day_of_week_operator.py
[2023-03-08T11:57:30.800+0000] {logging_mixin.py:137} INFO - [2023-03-08T11:57:30.799+0000] {dag.py:2690} INFO - Sync 1 DAGs
[2023-03-08T11:57:30.850+0000] {logging_mixin.py:137} INFO - [2023-03-08T11:57:30.850+0000] {dag.py:3441} INFO - Setting next_dagrun for example_weekday_branch_operator to 2023-03-07T00:00:00+00:00, run_after=2023-03-08T00:00:00+00:00
[2023-03-08T11:57:30.905+0000] {processor.py:175} INFO - Processing /home/airflow/.local/lib/python3.7/site-packages/airflow/example_dags/example_branch_day_of_week_operator.py took 0.272 seconds
[2023-03-08T11:58:01.072+0000] {processor.py:153} INFO - Started process (PID=12471) to work on /home/airflow/.local/lib/python3.7/site-packages/airflow/example_dags/example_branch_day_of_week_operator.py
[2023-03-08T11:58:01.077+0000] {processor.py:743} INFO - Processing file /home/airflow/.local/lib/python3.7/site-packages/airflow/example_dags/example_branch_day_of_week_operator.py for tasks to queue
[2023-03-08T11:58:01.089+0000] {logging_mixin.py:137} INFO - [2023-03-08T11:58:01.088+0000] {dagbag.py:538} INFO - Filling up the DagBag from /home/airflow/.local/lib/python3.7/site-packages/airflow/example_dags/example_branch_day_of_week_operator.py
[2023-03-08T11:58:01.187+0000] {processor.py:753} INFO - DAG(s) dict_keys(['example_weekday_branch_operator']) retrieved from /home/airflow/.local/lib/python3.7/site-packages/airflow/example_dags/example_branch_day_of_week_operator.py
[2023-03-08T11:58:01.294+0000] {logging_mixin.py:137} INFO - [2023-03-08T11:58:01.294+0000] {dag.py:2690} INFO - Sync 1 DAGs
[2023-03-08T11:58:01.365+0000] {logging_mixin.py:137} INFO - [2023-03-08T11:58:01.365+0000] {dag.py:3441} INFO - Setting next_dagrun for example_weekday_branch_operator to 2023-03-07T00:00:00+00:00, run_after=2023-03-08T00:00:00+00:00
[2023-03-08T11:58:01.416+0000] {processor.py:175} INFO - Processing /home/airflow/.local/lib/python3.7/site-packages/airflow/example_dags/example_branch_day_of_week_operator.py took 0.369 seconds
[2023-03-08T11:58:32.055+0000] {processor.py:153} INFO - Started process (PID=12530) to work on /home/airflow/.local/lib/python3.7/site-packages/airflow/example_dags/example_branch_day_of_week_operator.py
[2023-03-08T11:58:32.060+0000] {processor.py:743} INFO - Processing file /home/airflow/.local/lib/python3.7/site-packages/airflow/example_dags/example_branch_day_of_week_operator.py for tasks to queue
[2023-03-08T11:58:32.065+0000] {logging_mixin.py:137} INFO - [2023-03-08T11:58:32.064+0000] {dagbag.py:538} INFO - Filling up the DagBag from /home/airflow/.local/lib/python3.7/site-packages/airflow/example_dags/example_branch_day_of_week_operator.py
[2023-03-08T11:58:32.118+0000] {processor.py:753} INFO - DAG(s) dict_keys(['example_weekday_branch_operator']) retrieved from /home/airflow/.local/lib/python3.7/site-packages/airflow/example_dags/example_branch_day_of_week_operator.py
[2023-03-08T11:58:32.205+0000] {logging_mixin.py:137} INFO - [2023-03-08T11:58:32.200+0000] {dag.py:2690} INFO - Sync 1 DAGs
[2023-03-08T11:58:32.301+0000] {logging_mixin.py:137} INFO - [2023-03-08T11:58:32.300+0000] {dag.py:3441} INFO - Setting next_dagrun for example_weekday_branch_operator to 2023-03-07T00:00:00+00:00, run_after=2023-03-08T00:00:00+00:00
[2023-03-08T11:58:32.370+0000] {processor.py:175} INFO - Processing /home/airflow/.local/lib/python3.7/site-packages/airflow/example_dags/example_branch_day_of_week_operator.py took 0.337 seconds
[2023-03-08T11:59:02.595+0000] {processor.py:153} INFO - Started process (PID=12588) to work on /home/airflow/.local/lib/python3.7/site-packages/airflow/example_dags/example_branch_day_of_week_operator.py
[2023-03-08T11:59:02.598+0000] {processor.py:743} INFO - Processing file /home/airflow/.local/lib/python3.7/site-packages/airflow/example_dags/example_branch_day_of_week_operator.py for tasks to queue
[2023-03-08T11:59:02.601+0000] {logging_mixin.py:137} INFO - [2023-03-08T11:59:02.600+0000] {dagbag.py:538} INFO - Filling up the DagBag from /home/airflow/.local/lib/python3.7/site-packages/airflow/example_dags/example_branch_day_of_week_operator.py
[2023-03-08T11:59:02.658+0000] {processor.py:753} INFO - DAG(s) dict_keys(['example_weekday_branch_operator']) retrieved from /home/airflow/.local/lib/python3.7/site-packages/airflow/example_dags/example_branch_day_of_week_operator.py
[2023-03-08T11:59:02.709+0000] {logging_mixin.py:137} INFO - [2023-03-08T11:59:02.709+0000] {dag.py:2690} INFO - Sync 1 DAGs
[2023-03-08T11:59:02.752+0000] {logging_mixin.py:137} INFO - [2023-03-08T11:59:02.752+0000] {dag.py:3441} INFO - Setting next_dagrun for example_weekday_branch_operator to 2023-03-07T00:00:00+00:00, run_after=2023-03-08T00:00:00+00:00
[2023-03-08T11:59:02.787+0000] {processor.py:175} INFO - Processing /home/airflow/.local/lib/python3.7/site-packages/airflow/example_dags/example_branch_day_of_week_operator.py took 0.207 seconds
[2023-03-08T11:59:32.984+0000] {processor.py:153} INFO - Started process (PID=12646) to work on /home/airflow/.local/lib/python3.7/site-packages/airflow/example_dags/example_branch_day_of_week_operator.py
[2023-03-08T11:59:32.988+0000] {processor.py:743} INFO - Processing file /home/airflow/.local/lib/python3.7/site-packages/airflow/example_dags/example_branch_day_of_week_operator.py for tasks to queue
[2023-03-08T11:59:32.991+0000] {logging_mixin.py:137} INFO - [2023-03-08T11:59:32.990+0000] {dagbag.py:538} INFO - Filling up the DagBag from /home/airflow/.local/lib/python3.7/site-packages/airflow/example_dags/example_branch_day_of_week_operator.py
[2023-03-08T11:59:33.018+0000] {processor.py:753} INFO - DAG(s) dict_keys(['example_weekday_branch_operator']) retrieved from /home/airflow/.local/lib/python3.7/site-packages/airflow/example_dags/example_branch_day_of_week_operator.py
[2023-03-08T11:59:33.077+0000] {logging_mixin.py:137} INFO - [2023-03-08T11:59:33.077+0000] {dag.py:2690} INFO - Sync 1 DAGs
[2023-03-08T11:59:33.116+0000] {logging_mixin.py:137} INFO - [2023-03-08T11:59:33.116+0000] {dag.py:3441} INFO - Setting next_dagrun for example_weekday_branch_operator to 2023-03-07T00:00:00+00:00, run_after=2023-03-08T00:00:00+00:00
[2023-03-08T11:59:33.143+0000] {processor.py:175} INFO - Processing /home/airflow/.local/lib/python3.7/site-packages/airflow/example_dags/example_branch_day_of_week_operator.py took 0.170 seconds
[2023-03-08T12:00:03.775+0000] {processor.py:153} INFO - Started process (PID=12704) to work on /home/airflow/.local/lib/python3.7/site-packages/airflow/example_dags/example_branch_day_of_week_operator.py
[2023-03-08T12:00:03.778+0000] {processor.py:743} INFO - Processing file /home/airflow/.local/lib/python3.7/site-packages/airflow/example_dags/example_branch_day_of_week_operator.py for tasks to queue
[2023-03-08T12:00:03.780+0000] {logging_mixin.py:137} INFO - [2023-03-08T12:00:03.780+0000] {dagbag.py:538} INFO - Filling up the DagBag from /home/airflow/.local/lib/python3.7/site-packages/airflow/example_dags/example_branch_day_of_week_operator.py
[2023-03-08T12:00:03.805+0000] {processor.py:753} INFO - DAG(s) dict_keys(['example_weekday_branch_operator']) retrieved from /home/airflow/.local/lib/python3.7/site-packages/airflow/example_dags/example_branch_day_of_week_operator.py
[2023-03-08T12:00:03.845+0000] {logging_mixin.py:137} INFO - [2023-03-08T12:00:03.845+0000] {dag.py:2690} INFO - Sync 1 DAGs
[2023-03-08T12:00:03.888+0000] {logging_mixin.py:137} INFO - [2023-03-08T12:00:03.888+0000] {dag.py:3441} INFO - Setting next_dagrun for example_weekday_branch_operator to 2023-03-07T00:00:00+00:00, run_after=2023-03-08T00:00:00+00:00
[2023-03-08T12:00:03.917+0000] {processor.py:175} INFO - Processing /home/airflow/.local/lib/python3.7/site-packages/airflow/example_dags/example_branch_day_of_week_operator.py took 0.150 seconds
[2023-03-08T12:00:34.163+0000] {processor.py:153} INFO - Started process (PID=12770) to work on /home/airflow/.local/lib/python3.7/site-packages/airflow/example_dags/example_branch_day_of_week_operator.py
[2023-03-08T12:00:34.175+0000] {processor.py:743} INFO - Processing file /home/airflow/.local/lib/python3.7/site-packages/airflow/example_dags/example_branch_day_of_week_operator.py for tasks to queue
[2023-03-08T12:00:34.177+0000] {logging_mixin.py:137} INFO - [2023-03-08T12:00:34.176+0000] {dagbag.py:538} INFO - Filling up the DagBag from /home/airflow/.local/lib/python3.7/site-packages/airflow/example_dags/example_branch_day_of_week_operator.py
[2023-03-08T12:00:34.292+0000] {processor.py:753} INFO - DAG(s) dict_keys(['example_weekday_branch_operator']) retrieved from /home/airflow/.local/lib/python3.7/site-packages/airflow/example_dags/example_branch_day_of_week_operator.py
[2023-03-08T12:00:34.395+0000] {logging_mixin.py:137} INFO - [2023-03-08T12:00:34.394+0000] {dag.py:2690} INFO - Sync 1 DAGs
[2023-03-08T12:00:34.449+0000] {logging_mixin.py:137} INFO - [2023-03-08T12:00:34.449+0000] {dag.py:3441} INFO - Setting next_dagrun for example_weekday_branch_operator to 2023-03-07T00:00:00+00:00, run_after=2023-03-08T00:00:00+00:00
[2023-03-08T12:00:34.483+0000] {processor.py:175} INFO - Processing /home/airflow/.local/lib/python3.7/site-packages/airflow/example_dags/example_branch_day_of_week_operator.py took 0.334 seconds
[2023-03-08T12:01:04.922+0000] {processor.py:153} INFO - Started process (PID=12828) to work on /home/airflow/.local/lib/python3.7/site-packages/airflow/example_dags/example_branch_day_of_week_operator.py
[2023-03-08T12:01:04.924+0000] {processor.py:743} INFO - Processing file /home/airflow/.local/lib/python3.7/site-packages/airflow/example_dags/example_branch_day_of_week_operator.py for tasks to queue
[2023-03-08T12:01:04.927+0000] {logging_mixin.py:137} INFO - [2023-03-08T12:01:04.927+0000] {dagbag.py:538} INFO - Filling up the DagBag from /home/airflow/.local/lib/python3.7/site-packages/airflow/example_dags/example_branch_day_of_week_operator.py
[2023-03-08T12:01:04.951+0000] {processor.py:753} INFO - DAG(s) dict_keys(['example_weekday_branch_operator']) retrieved from /home/airflow/.local/lib/python3.7/site-packages/airflow/example_dags/example_branch_day_of_week_operator.py
[2023-03-08T12:01:04.997+0000] {logging_mixin.py:137} INFO - [2023-03-08T12:01:04.996+0000] {dag.py:2690} INFO - Sync 1 DAGs
[2023-03-08T12:01:05.037+0000] {logging_mixin.py:137} INFO - [2023-03-08T12:01:05.034+0000] {dag.py:3441} INFO - Setting next_dagrun for example_weekday_branch_operator to 2023-03-07T00:00:00+00:00, run_after=2023-03-08T00:00:00+00:00
[2023-03-08T12:01:05.078+0000] {processor.py:175} INFO - Processing /home/airflow/.local/lib/python3.7/site-packages/airflow/example_dags/example_branch_day_of_week_operator.py took 0.166 seconds
[2023-03-08T12:01:35.376+0000] {processor.py:153} INFO - Started process (PID=12887) to work on /home/airflow/.local/lib/python3.7/site-packages/airflow/example_dags/example_branch_day_of_week_operator.py
[2023-03-08T12:01:35.378+0000] {processor.py:743} INFO - Processing file /home/airflow/.local/lib/python3.7/site-packages/airflow/example_dags/example_branch_day_of_week_operator.py for tasks to queue
[2023-03-08T12:01:35.385+0000] {logging_mixin.py:137} INFO - [2023-03-08T12:01:35.385+0000] {dagbag.py:538} INFO - Filling up the DagBag from /home/airflow/.local/lib/python3.7/site-packages/airflow/example_dags/example_branch_day_of_week_operator.py
[2023-03-08T12:01:35.412+0000] {processor.py:753} INFO - DAG(s) dict_keys(['example_weekday_branch_operator']) retrieved from /home/airflow/.local/lib/python3.7/site-packages/airflow/example_dags/example_branch_day_of_week_operator.py
[2023-03-08T12:01:35.456+0000] {logging_mixin.py:137} INFO - [2023-03-08T12:01:35.456+0000] {dag.py:2690} INFO - Sync 1 DAGs
[2023-03-08T12:01:35.524+0000] {logging_mixin.py:137} INFO - [2023-03-08T12:01:35.523+0000] {dag.py:3441} INFO - Setting next_dagrun for example_weekday_branch_operator to 2023-03-07T00:00:00+00:00, run_after=2023-03-08T00:00:00+00:00
[2023-03-08T12:01:35.575+0000] {processor.py:175} INFO - Processing /home/airflow/.local/lib/python3.7/site-packages/airflow/example_dags/example_branch_day_of_week_operator.py took 0.208 seconds
[2023-03-08T12:02:06.339+0000] {processor.py:153} INFO - Started process (PID=12953) to work on /home/airflow/.local/lib/python3.7/site-packages/airflow/example_dags/example_branch_day_of_week_operator.py
[2023-03-08T12:02:06.342+0000] {processor.py:743} INFO - Processing file /home/airflow/.local/lib/python3.7/site-packages/airflow/example_dags/example_branch_day_of_week_operator.py for tasks to queue
[2023-03-08T12:02:06.344+0000] {logging_mixin.py:137} INFO - [2023-03-08T12:02:06.344+0000] {dagbag.py:538} INFO - Filling up the DagBag from /home/airflow/.local/lib/python3.7/site-packages/airflow/example_dags/example_branch_day_of_week_operator.py
[2023-03-08T12:02:06.423+0000] {processor.py:753} INFO - DAG(s) dict_keys(['example_weekday_branch_operator']) retrieved from /home/airflow/.local/lib/python3.7/site-packages/airflow/example_dags/example_branch_day_of_week_operator.py
[2023-03-08T12:02:06.574+0000] {logging_mixin.py:137} INFO - [2023-03-08T12:02:06.574+0000] {dag.py:2690} INFO - Sync 1 DAGs
[2023-03-08T12:02:06.687+0000] {logging_mixin.py:137} INFO - [2023-03-08T12:02:06.687+0000] {dag.py:3441} INFO - Setting next_dagrun for example_weekday_branch_operator to 2023-03-07T00:00:00+00:00, run_after=2023-03-08T00:00:00+00:00
[2023-03-08T12:02:06.813+0000] {processor.py:175} INFO - Processing /home/airflow/.local/lib/python3.7/site-packages/airflow/example_dags/example_branch_day_of_week_operator.py took 0.479 seconds
[2023-03-08T12:02:36.952+0000] {processor.py:153} INFO - Started process (PID=13012) to work on /home/airflow/.local/lib/python3.7/site-packages/airflow/example_dags/example_branch_day_of_week_operator.py
[2023-03-08T12:02:36.954+0000] {processor.py:743} INFO - Processing file /home/airflow/.local/lib/python3.7/site-packages/airflow/example_dags/example_branch_day_of_week_operator.py for tasks to queue
[2023-03-08T12:02:36.958+0000] {logging_mixin.py:137} INFO - [2023-03-08T12:02:36.958+0000] {dagbag.py:538} INFO - Filling up the DagBag from /home/airflow/.local/lib/python3.7/site-packages/airflow/example_dags/example_branch_day_of_week_operator.py
[2023-03-08T12:02:36.986+0000] {processor.py:753} INFO - DAG(s) dict_keys(['example_weekday_branch_operator']) retrieved from /home/airflow/.local/lib/python3.7/site-packages/airflow/example_dags/example_branch_day_of_week_operator.py
[2023-03-08T12:02:37.027+0000] {logging_mixin.py:137} INFO - [2023-03-08T12:02:37.027+0000] {dag.py:2690} INFO - Sync 1 DAGs
[2023-03-08T12:02:37.066+0000] {logging_mixin.py:137} INFO - [2023-03-08T12:02:37.065+0000] {dag.py:3441} INFO - Setting next_dagrun for example_weekday_branch_operator to 2023-03-07T00:00:00+00:00, run_after=2023-03-08T00:00:00+00:00
[2023-03-08T12:02:37.109+0000] {processor.py:175} INFO - Processing /home/airflow/.local/lib/python3.7/site-packages/airflow/example_dags/example_branch_day_of_week_operator.py took 0.169 seconds
[2023-03-08T12:03:08.005+0000] {processor.py:153} INFO - Started process (PID=13072) to work on /home/airflow/.local/lib/python3.7/site-packages/airflow/example_dags/example_branch_day_of_week_operator.py
[2023-03-08T12:03:08.014+0000] {processor.py:743} INFO - Processing file /home/airflow/.local/lib/python3.7/site-packages/airflow/example_dags/example_branch_day_of_week_operator.py for tasks to queue
[2023-03-08T12:03:08.018+0000] {logging_mixin.py:137} INFO - [2023-03-08T12:03:08.017+0000] {dagbag.py:538} INFO - Filling up the DagBag from /home/airflow/.local/lib/python3.7/site-packages/airflow/example_dags/example_branch_day_of_week_operator.py
[2023-03-08T12:03:08.076+0000] {processor.py:753} INFO - DAG(s) dict_keys(['example_weekday_branch_operator']) retrieved from /home/airflow/.local/lib/python3.7/site-packages/airflow/example_dags/example_branch_day_of_week_operator.py
[2023-03-08T12:03:08.164+0000] {logging_mixin.py:137} INFO - [2023-03-08T12:03:08.164+0000] {dag.py:2690} INFO - Sync 1 DAGs
[2023-03-08T12:03:08.226+0000] {logging_mixin.py:137} INFO - [2023-03-08T12:03:08.225+0000] {dag.py:3441} INFO - Setting next_dagrun for example_weekday_branch_operator to 2023-03-07T00:00:00+00:00, run_after=2023-03-08T00:00:00+00:00
[2023-03-08T12:03:08.279+0000] {processor.py:175} INFO - Processing /home/airflow/.local/lib/python3.7/site-packages/airflow/example_dags/example_branch_day_of_week_operator.py took 0.286 seconds
[2023-03-08T12:03:38.802+0000] {processor.py:153} INFO - Started process (PID=13140) to work on /home/airflow/.local/lib/python3.7/site-packages/airflow/example_dags/example_branch_day_of_week_operator.py
[2023-03-08T12:03:38.805+0000] {processor.py:743} INFO - Processing file /home/airflow/.local/lib/python3.7/site-packages/airflow/example_dags/example_branch_day_of_week_operator.py for tasks to queue
[2023-03-08T12:03:38.808+0000] {logging_mixin.py:137} INFO - [2023-03-08T12:03:38.808+0000] {dagbag.py:538} INFO - Filling up the DagBag from /home/airflow/.local/lib/python3.7/site-packages/airflow/example_dags/example_branch_day_of_week_operator.py
[2023-03-08T12:03:38.833+0000] {processor.py:753} INFO - DAG(s) dict_keys(['example_weekday_branch_operator']) retrieved from /home/airflow/.local/lib/python3.7/site-packages/airflow/example_dags/example_branch_day_of_week_operator.py
[2023-03-08T12:03:38.878+0000] {logging_mixin.py:137} INFO - [2023-03-08T12:03:38.878+0000] {dag.py:2690} INFO - Sync 1 DAGs
[2023-03-08T12:03:38.912+0000] {logging_mixin.py:137} INFO - [2023-03-08T12:03:38.912+0000] {dag.py:3441} INFO - Setting next_dagrun for example_weekday_branch_operator to 2023-03-07T00:00:00+00:00, run_after=2023-03-08T00:00:00+00:00
[2023-03-08T12:03:38.946+0000] {processor.py:175} INFO - Processing /home/airflow/.local/lib/python3.7/site-packages/airflow/example_dags/example_branch_day_of_week_operator.py took 0.156 seconds
[2023-03-08T12:04:09.248+0000] {processor.py:153} INFO - Started process (PID=13198) to work on /home/airflow/.local/lib/python3.7/site-packages/airflow/example_dags/example_branch_day_of_week_operator.py
[2023-03-08T12:04:09.252+0000] {processor.py:743} INFO - Processing file /home/airflow/.local/lib/python3.7/site-packages/airflow/example_dags/example_branch_day_of_week_operator.py for tasks to queue
[2023-03-08T12:04:09.255+0000] {logging_mixin.py:137} INFO - [2023-03-08T12:04:09.255+0000] {dagbag.py:538} INFO - Filling up the DagBag from /home/airflow/.local/lib/python3.7/site-packages/airflow/example_dags/example_branch_day_of_week_operator.py
[2023-03-08T12:04:09.280+0000] {processor.py:753} INFO - DAG(s) dict_keys(['example_weekday_branch_operator']) retrieved from /home/airflow/.local/lib/python3.7/site-packages/airflow/example_dags/example_branch_day_of_week_operator.py
[2023-03-08T12:04:09.336+0000] {logging_mixin.py:137} INFO - [2023-03-08T12:04:09.336+0000] {dag.py:2690} INFO - Sync 1 DAGs
[2023-03-08T12:04:09.371+0000] {logging_mixin.py:137} INFO - [2023-03-08T12:04:09.371+0000] {dag.py:3441} INFO - Setting next_dagrun for example_weekday_branch_operator to 2023-03-07T00:00:00+00:00, run_after=2023-03-08T00:00:00+00:00
[2023-03-08T12:04:09.407+0000] {processor.py:175} INFO - Processing /home/airflow/.local/lib/python3.7/site-packages/airflow/example_dags/example_branch_day_of_week_operator.py took 0.172 seconds
[2023-03-08T12:04:39.619+0000] {processor.py:153} INFO - Started process (PID=13266) to work on /home/airflow/.local/lib/python3.7/site-packages/airflow/example_dags/example_branch_day_of_week_operator.py
[2023-03-08T12:04:39.623+0000] {processor.py:743} INFO - Processing file /home/airflow/.local/lib/python3.7/site-packages/airflow/example_dags/example_branch_day_of_week_operator.py for tasks to queue
[2023-03-08T12:04:39.629+0000] {logging_mixin.py:137} INFO - [2023-03-08T12:04:39.629+0000] {dagbag.py:538} INFO - Filling up the DagBag from /home/airflow/.local/lib/python3.7/site-packages/airflow/example_dags/example_branch_day_of_week_operator.py
[2023-03-08T12:04:39.672+0000] {processor.py:753} INFO - DAG(s) dict_keys(['example_weekday_branch_operator']) retrieved from /home/airflow/.local/lib/python3.7/site-packages/airflow/example_dags/example_branch_day_of_week_operator.py
[2023-03-08T12:04:39.736+0000] {logging_mixin.py:137} INFO - [2023-03-08T12:04:39.735+0000] {dag.py:2690} INFO - Sync 1 DAGs
[2023-03-08T12:04:39.797+0000] {logging_mixin.py:137} INFO - [2023-03-08T12:04:39.797+0000] {dag.py:3441} INFO - Setting next_dagrun for example_weekday_branch_operator to 2023-03-07T00:00:00+00:00, run_after=2023-03-08T00:00:00+00:00
[2023-03-08T12:04:39.826+0000] {processor.py:175} INFO - Processing /home/airflow/.local/lib/python3.7/site-packages/airflow/example_dags/example_branch_day_of_week_operator.py took 0.212 seconds
[2023-03-08T12:05:10.134+0000] {processor.py:153} INFO - Started process (PID=13325) to work on /home/airflow/.local/lib/python3.7/site-packages/airflow/example_dags/example_branch_day_of_week_operator.py
[2023-03-08T12:05:10.136+0000] {processor.py:743} INFO - Processing file /home/airflow/.local/lib/python3.7/site-packages/airflow/example_dags/example_branch_day_of_week_operator.py for tasks to queue
[2023-03-08T12:05:10.139+0000] {logging_mixin.py:137} INFO - [2023-03-08T12:05:10.138+0000] {dagbag.py:538} INFO - Filling up the DagBag from /home/airflow/.local/lib/python3.7/site-packages/airflow/example_dags/example_branch_day_of_week_operator.py
[2023-03-08T12:05:10.163+0000] {processor.py:753} INFO - DAG(s) dict_keys(['example_weekday_branch_operator']) retrieved from /home/airflow/.local/lib/python3.7/site-packages/airflow/example_dags/example_branch_day_of_week_operator.py
[2023-03-08T12:05:10.210+0000] {logging_mixin.py:137} INFO - [2023-03-08T12:05:10.210+0000] {dag.py:2690} INFO - Sync 1 DAGs
[2023-03-08T12:05:10.254+0000] {logging_mixin.py:137} INFO - [2023-03-08T12:05:10.254+0000] {dag.py:3441} INFO - Setting next_dagrun for example_weekday_branch_operator to 2023-03-07T00:00:00+00:00, run_after=2023-03-08T00:00:00+00:00
[2023-03-08T12:05:10.293+0000] {processor.py:175} INFO - Processing /home/airflow/.local/lib/python3.7/site-packages/airflow/example_dags/example_branch_day_of_week_operator.py took 0.167 seconds
[2023-03-08T12:05:40.530+0000] {processor.py:153} INFO - Started process (PID=13383) to work on /home/airflow/.local/lib/python3.7/site-packages/airflow/example_dags/example_branch_day_of_week_operator.py
[2023-03-08T12:05:40.534+0000] {processor.py:743} INFO - Processing file /home/airflow/.local/lib/python3.7/site-packages/airflow/example_dags/example_branch_day_of_week_operator.py for tasks to queue
[2023-03-08T12:05:40.542+0000] {logging_mixin.py:137} INFO - [2023-03-08T12:05:40.540+0000] {dagbag.py:538} INFO - Filling up the DagBag from /home/airflow/.local/lib/python3.7/site-packages/airflow/example_dags/example_branch_day_of_week_operator.py
[2023-03-08T12:05:40.620+0000] {processor.py:753} INFO - DAG(s) dict_keys(['example_weekday_branch_operator']) retrieved from /home/airflow/.local/lib/python3.7/site-packages/airflow/example_dags/example_branch_day_of_week_operator.py
[2023-03-08T12:05:40.716+0000] {logging_mixin.py:137} INFO - [2023-03-08T12:05:40.714+0000] {dag.py:2690} INFO - Sync 1 DAGs
[2023-03-08T12:05:40.783+0000] {logging_mixin.py:137} INFO - [2023-03-08T12:05:40.783+0000] {dag.py:3441} INFO - Setting next_dagrun for example_weekday_branch_operator to 2023-03-07T00:00:00+00:00, run_after=2023-03-08T00:00:00+00:00
[2023-03-08T12:05:40.847+0000] {processor.py:175} INFO - Processing /home/airflow/.local/lib/python3.7/site-packages/airflow/example_dags/example_branch_day_of_week_operator.py took 0.334 seconds
[2023-03-08T12:06:11.466+0000] {processor.py:153} INFO - Started process (PID=13450) to work on /home/airflow/.local/lib/python3.7/site-packages/airflow/example_dags/example_branch_day_of_week_operator.py
[2023-03-08T12:06:11.471+0000] {processor.py:743} INFO - Processing file /home/airflow/.local/lib/python3.7/site-packages/airflow/example_dags/example_branch_day_of_week_operator.py for tasks to queue
[2023-03-08T12:06:11.477+0000] {logging_mixin.py:137} INFO - [2023-03-08T12:06:11.476+0000] {dagbag.py:538} INFO - Filling up the DagBag from /home/airflow/.local/lib/python3.7/site-packages/airflow/example_dags/example_branch_day_of_week_operator.py
[2023-03-08T12:06:11.541+0000] {processor.py:753} INFO - DAG(s) dict_keys(['example_weekday_branch_operator']) retrieved from /home/airflow/.local/lib/python3.7/site-packages/airflow/example_dags/example_branch_day_of_week_operator.py
[2023-03-08T12:06:11.653+0000] {logging_mixin.py:137} INFO - [2023-03-08T12:06:11.653+0000] {dag.py:2690} INFO - Sync 1 DAGs
[2023-03-08T12:06:11.785+0000] {logging_mixin.py:137} INFO - [2023-03-08T12:06:11.784+0000] {dag.py:3441} INFO - Setting next_dagrun for example_weekday_branch_operator to 2023-03-07T00:00:00+00:00, run_after=2023-03-08T00:00:00+00:00
[2023-03-08T12:06:11.874+0000] {processor.py:175} INFO - Processing /home/airflow/.local/lib/python3.7/site-packages/airflow/example_dags/example_branch_day_of_week_operator.py took 0.425 seconds
[2023-03-08T12:06:42.305+0000] {processor.py:153} INFO - Started process (PID=13508) to work on /home/airflow/.local/lib/python3.7/site-packages/airflow/example_dags/example_branch_day_of_week_operator.py
[2023-03-08T12:06:42.309+0000] {processor.py:743} INFO - Processing file /home/airflow/.local/lib/python3.7/site-packages/airflow/example_dags/example_branch_day_of_week_operator.py for tasks to queue
[2023-03-08T12:06:42.315+0000] {logging_mixin.py:137} INFO - [2023-03-08T12:06:42.314+0000] {dagbag.py:538} INFO - Filling up the DagBag from /home/airflow/.local/lib/python3.7/site-packages/airflow/example_dags/example_branch_day_of_week_operator.py
[2023-03-08T12:06:42.383+0000] {processor.py:753} INFO - DAG(s) dict_keys(['example_weekday_branch_operator']) retrieved from /home/airflow/.local/lib/python3.7/site-packages/airflow/example_dags/example_branch_day_of_week_operator.py
[2023-03-08T12:06:42.452+0000] {logging_mixin.py:137} INFO - [2023-03-08T12:06:42.452+0000] {dag.py:2690} INFO - Sync 1 DAGs
[2023-03-08T12:06:42.523+0000] {logging_mixin.py:137} INFO - [2023-03-08T12:06:42.523+0000] {dag.py:3441} INFO - Setting next_dagrun for example_weekday_branch_operator to 2023-03-07T00:00:00+00:00, run_after=2023-03-08T00:00:00+00:00
[2023-03-08T12:06:42.576+0000] {processor.py:175} INFO - Processing /home/airflow/.local/lib/python3.7/site-packages/airflow/example_dags/example_branch_day_of_week_operator.py took 0.286 seconds
[2023-03-08T12:07:12.677+0000] {processor.py:153} INFO - Started process (PID=13566) to work on /home/airflow/.local/lib/python3.7/site-packages/airflow/example_dags/example_branch_day_of_week_operator.py
[2023-03-08T12:07:12.679+0000] {processor.py:743} INFO - Processing file /home/airflow/.local/lib/python3.7/site-packages/airflow/example_dags/example_branch_day_of_week_operator.py for tasks to queue
[2023-03-08T12:07:12.684+0000] {logging_mixin.py:137} INFO - [2023-03-08T12:07:12.683+0000] {dagbag.py:538} INFO - Filling up the DagBag from /home/airflow/.local/lib/python3.7/site-packages/airflow/example_dags/example_branch_day_of_week_operator.py
[2023-03-08T12:07:12.727+0000] {processor.py:753} INFO - DAG(s) dict_keys(['example_weekday_branch_operator']) retrieved from /home/airflow/.local/lib/python3.7/site-packages/airflow/example_dags/example_branch_day_of_week_operator.py
[2023-03-08T12:07:12.813+0000] {logging_mixin.py:137} INFO - [2023-03-08T12:07:12.813+0000] {dag.py:2690} INFO - Sync 1 DAGs
[2023-03-08T12:07:12.907+0000] {logging_mixin.py:137} INFO - [2023-03-08T12:07:12.907+0000] {dag.py:3441} INFO - Setting next_dagrun for example_weekday_branch_operator to 2023-03-07T00:00:00+00:00, run_after=2023-03-08T00:00:00+00:00
[2023-03-08T12:07:12.961+0000] {processor.py:175} INFO - Processing /home/airflow/.local/lib/python3.7/site-packages/airflow/example_dags/example_branch_day_of_week_operator.py took 0.295 seconds
[2023-03-08T12:07:43.484+0000] {processor.py:153} INFO - Started process (PID=13625) to work on /home/airflow/.local/lib/python3.7/site-packages/airflow/example_dags/example_branch_day_of_week_operator.py
[2023-03-08T12:07:43.487+0000] {processor.py:743} INFO - Processing file /home/airflow/.local/lib/python3.7/site-packages/airflow/example_dags/example_branch_day_of_week_operator.py for tasks to queue
[2023-03-08T12:07:43.490+0000] {logging_mixin.py:137} INFO - [2023-03-08T12:07:43.489+0000] {dagbag.py:538} INFO - Filling up the DagBag from /home/airflow/.local/lib/python3.7/site-packages/airflow/example_dags/example_branch_day_of_week_operator.py
[2023-03-08T12:07:43.518+0000] {processor.py:753} INFO - DAG(s) dict_keys(['example_weekday_branch_operator']) retrieved from /home/airflow/.local/lib/python3.7/site-packages/airflow/example_dags/example_branch_day_of_week_operator.py
[2023-03-08T12:07:43.566+0000] {logging_mixin.py:137} INFO - [2023-03-08T12:07:43.566+0000] {dag.py:2690} INFO - Sync 1 DAGs
[2023-03-08T12:07:43.606+0000] {logging_mixin.py:137} INFO - [2023-03-08T12:07:43.606+0000] {dag.py:3441} INFO - Setting next_dagrun for example_weekday_branch_operator to 2023-03-07T00:00:00+00:00, run_after=2023-03-08T00:00:00+00:00
[2023-03-08T12:07:43.642+0000] {processor.py:175} INFO - Processing /home/airflow/.local/lib/python3.7/site-packages/airflow/example_dags/example_branch_day_of_week_operator.py took 0.171 seconds
[2023-03-08T12:08:14.170+0000] {processor.py:153} INFO - Started process (PID=13683) to work on /home/airflow/.local/lib/python3.7/site-packages/airflow/example_dags/example_branch_day_of_week_operator.py
[2023-03-08T12:08:14.172+0000] {processor.py:743} INFO - Processing file /home/airflow/.local/lib/python3.7/site-packages/airflow/example_dags/example_branch_day_of_week_operator.py for tasks to queue
[2023-03-08T12:08:14.182+0000] {logging_mixin.py:137} INFO - [2023-03-08T12:08:14.177+0000] {dagbag.py:538} INFO - Filling up the DagBag from /home/airflow/.local/lib/python3.7/site-packages/airflow/example_dags/example_branch_day_of_week_operator.py
[2023-03-08T12:08:14.236+0000] {processor.py:753} INFO - DAG(s) dict_keys(['example_weekday_branch_operator']) retrieved from /home/airflow/.local/lib/python3.7/site-packages/airflow/example_dags/example_branch_day_of_week_operator.py
[2023-03-08T12:08:14.315+0000] {logging_mixin.py:137} INFO - [2023-03-08T12:08:14.315+0000] {dag.py:2690} INFO - Sync 1 DAGs
[2023-03-08T12:08:14.378+0000] {logging_mixin.py:137} INFO - [2023-03-08T12:08:14.378+0000] {dag.py:3441} INFO - Setting next_dagrun for example_weekday_branch_operator to 2023-03-07T00:00:00+00:00, run_after=2023-03-08T00:00:00+00:00
[2023-03-08T12:08:14.429+0000] {processor.py:175} INFO - Processing /home/airflow/.local/lib/python3.7/site-packages/airflow/example_dags/example_branch_day_of_week_operator.py took 0.265 seconds
[2023-03-08T12:08:44.983+0000] {processor.py:153} INFO - Started process (PID=13751) to work on /home/airflow/.local/lib/python3.7/site-packages/airflow/example_dags/example_branch_day_of_week_operator.py
[2023-03-08T12:08:44.992+0000] {processor.py:743} INFO - Processing file /home/airflow/.local/lib/python3.7/site-packages/airflow/example_dags/example_branch_day_of_week_operator.py for tasks to queue
[2023-03-08T12:08:44.994+0000] {logging_mixin.py:137} INFO - [2023-03-08T12:08:44.994+0000] {dagbag.py:538} INFO - Filling up the DagBag from /home/airflow/.local/lib/python3.7/site-packages/airflow/example_dags/example_branch_day_of_week_operator.py
[2023-03-08T12:08:45.065+0000] {processor.py:753} INFO - DAG(s) dict_keys(['example_weekday_branch_operator']) retrieved from /home/airflow/.local/lib/python3.7/site-packages/airflow/example_dags/example_branch_day_of_week_operator.py
[2023-03-08T12:08:45.179+0000] {logging_mixin.py:137} INFO - [2023-03-08T12:08:45.179+0000] {dag.py:2690} INFO - Sync 1 DAGs
[2023-03-08T12:08:45.312+0000] {logging_mixin.py:137} INFO - [2023-03-08T12:08:45.309+0000] {dag.py:3441} INFO - Setting next_dagrun for example_weekday_branch_operator to 2023-03-07T00:00:00+00:00, run_after=2023-03-08T00:00:00+00:00
[2023-03-08T12:08:45.392+0000] {processor.py:175} INFO - Processing /home/airflow/.local/lib/python3.7/site-packages/airflow/example_dags/example_branch_day_of_week_operator.py took 0.422 seconds
[2023-03-08T12:09:15.542+0000] {processor.py:153} INFO - Started process (PID=13811) to work on /home/airflow/.local/lib/python3.7/site-packages/airflow/example_dags/example_branch_day_of_week_operator.py
[2023-03-08T12:09:15.546+0000] {processor.py:743} INFO - Processing file /home/airflow/.local/lib/python3.7/site-packages/airflow/example_dags/example_branch_day_of_week_operator.py for tasks to queue
[2023-03-08T12:09:15.549+0000] {logging_mixin.py:137} INFO - [2023-03-08T12:09:15.549+0000] {dagbag.py:538} INFO - Filling up the DagBag from /home/airflow/.local/lib/python3.7/site-packages/airflow/example_dags/example_branch_day_of_week_operator.py
[2023-03-08T12:09:15.579+0000] {processor.py:753} INFO - DAG(s) dict_keys(['example_weekday_branch_operator']) retrieved from /home/airflow/.local/lib/python3.7/site-packages/airflow/example_dags/example_branch_day_of_week_operator.py
[2023-03-08T12:09:15.629+0000] {logging_mixin.py:137} INFO - [2023-03-08T12:09:15.628+0000] {dag.py:2690} INFO - Sync 1 DAGs
[2023-03-08T12:09:15.666+0000] {logging_mixin.py:137} INFO - [2023-03-08T12:09:15.666+0000] {dag.py:3441} INFO - Setting next_dagrun for example_weekday_branch_operator to 2023-03-07T00:00:00+00:00, run_after=2023-03-08T00:00:00+00:00
[2023-03-08T12:09:15.704+0000] {processor.py:175} INFO - Processing /home/airflow/.local/lib/python3.7/site-packages/airflow/example_dags/example_branch_day_of_week_operator.py took 0.170 seconds
[2023-03-08T12:09:45.887+0000] {processor.py:153} INFO - Started process (PID=13869) to work on /home/airflow/.local/lib/python3.7/site-packages/airflow/example_dags/example_branch_day_of_week_operator.py
[2023-03-08T12:09:45.889+0000] {processor.py:743} INFO - Processing file /home/airflow/.local/lib/python3.7/site-packages/airflow/example_dags/example_branch_day_of_week_operator.py for tasks to queue
[2023-03-08T12:09:45.892+0000] {logging_mixin.py:137} INFO - [2023-03-08T12:09:45.892+0000] {dagbag.py:538} INFO - Filling up the DagBag from /home/airflow/.local/lib/python3.7/site-packages/airflow/example_dags/example_branch_day_of_week_operator.py
[2023-03-08T12:09:45.924+0000] {processor.py:753} INFO - DAG(s) dict_keys(['example_weekday_branch_operator']) retrieved from /home/airflow/.local/lib/python3.7/site-packages/airflow/example_dags/example_branch_day_of_week_operator.py
[2023-03-08T12:09:45.966+0000] {logging_mixin.py:137} INFO - [2023-03-08T12:09:45.965+0000] {dag.py:2690} INFO - Sync 1 DAGs
[2023-03-08T12:09:46.004+0000] {logging_mixin.py:137} INFO - [2023-03-08T12:09:46.003+0000] {dag.py:3441} INFO - Setting next_dagrun for example_weekday_branch_operator to 2023-03-07T00:00:00+00:00, run_after=2023-03-08T00:00:00+00:00
[2023-03-08T12:09:46.040+0000] {processor.py:175} INFO - Processing /home/airflow/.local/lib/python3.7/site-packages/airflow/example_dags/example_branch_day_of_week_operator.py took 0.160 seconds
[2023-03-08T12:10:16.671+0000] {processor.py:153} INFO - Started process (PID=13938) to work on /home/airflow/.local/lib/python3.7/site-packages/airflow/example_dags/example_branch_day_of_week_operator.py
[2023-03-08T12:10:16.674+0000] {processor.py:743} INFO - Processing file /home/airflow/.local/lib/python3.7/site-packages/airflow/example_dags/example_branch_day_of_week_operator.py for tasks to queue
[2023-03-08T12:10:16.678+0000] {logging_mixin.py:137} INFO - [2023-03-08T12:10:16.678+0000] {dagbag.py:538} INFO - Filling up the DagBag from /home/airflow/.local/lib/python3.7/site-packages/airflow/example_dags/example_branch_day_of_week_operator.py
[2023-03-08T12:10:16.707+0000] {processor.py:753} INFO - DAG(s) dict_keys(['example_weekday_branch_operator']) retrieved from /home/airflow/.local/lib/python3.7/site-packages/airflow/example_dags/example_branch_day_of_week_operator.py
[2023-03-08T12:10:16.748+0000] {logging_mixin.py:137} INFO - [2023-03-08T12:10:16.748+0000] {dag.py:2690} INFO - Sync 1 DAGs
[2023-03-08T12:10:16.788+0000] {logging_mixin.py:137} INFO - [2023-03-08T12:10:16.788+0000] {dag.py:3441} INFO - Setting next_dagrun for example_weekday_branch_operator to 2023-03-07T00:00:00+00:00, run_after=2023-03-08T00:00:00+00:00
[2023-03-08T12:10:16.820+0000] {processor.py:175} INFO - Processing /home/airflow/.local/lib/python3.7/site-packages/airflow/example_dags/example_branch_day_of_week_operator.py took 0.164 seconds
[2023-03-08T12:10:47.350+0000] {processor.py:153} INFO - Started process (PID=13996) to work on /home/airflow/.local/lib/python3.7/site-packages/airflow/example_dags/example_branch_day_of_week_operator.py
[2023-03-08T12:10:47.352+0000] {processor.py:743} INFO - Processing file /home/airflow/.local/lib/python3.7/site-packages/airflow/example_dags/example_branch_day_of_week_operator.py for tasks to queue
[2023-03-08T12:10:47.356+0000] {logging_mixin.py:137} INFO - [2023-03-08T12:10:47.355+0000] {dagbag.py:538} INFO - Filling up the DagBag from /home/airflow/.local/lib/python3.7/site-packages/airflow/example_dags/example_branch_day_of_week_operator.py
[2023-03-08T12:10:47.388+0000] {processor.py:753} INFO - DAG(s) dict_keys(['example_weekday_branch_operator']) retrieved from /home/airflow/.local/lib/python3.7/site-packages/airflow/example_dags/example_branch_day_of_week_operator.py
[2023-03-08T12:10:47.436+0000] {logging_mixin.py:137} INFO - [2023-03-08T12:10:47.436+0000] {dag.py:2690} INFO - Sync 1 DAGs
[2023-03-08T12:10:47.475+0000] {logging_mixin.py:137} INFO - [2023-03-08T12:10:47.475+0000] {dag.py:3441} INFO - Setting next_dagrun for example_weekday_branch_operator to 2023-03-07T00:00:00+00:00, run_after=2023-03-08T00:00:00+00:00
[2023-03-08T12:10:47.516+0000] {processor.py:175} INFO - Processing /home/airflow/.local/lib/python3.7/site-packages/airflow/example_dags/example_branch_day_of_week_operator.py took 0.171 seconds
[2023-03-08T12:11:18.584+0000] {processor.py:153} INFO - Started process (PID=14062) to work on /home/airflow/.local/lib/python3.7/site-packages/airflow/example_dags/example_branch_day_of_week_operator.py
[2023-03-08T12:11:18.587+0000] {processor.py:743} INFO - Processing file /home/airflow/.local/lib/python3.7/site-packages/airflow/example_dags/example_branch_day_of_week_operator.py for tasks to queue
[2023-03-08T12:11:18.590+0000] {logging_mixin.py:137} INFO - [2023-03-08T12:11:18.589+0000] {dagbag.py:538} INFO - Filling up the DagBag from /home/airflow/.local/lib/python3.7/site-packages/airflow/example_dags/example_branch_day_of_week_operator.py
[2023-03-08T12:11:18.615+0000] {processor.py:753} INFO - DAG(s) dict_keys(['example_weekday_branch_operator']) retrieved from /home/airflow/.local/lib/python3.7/site-packages/airflow/example_dags/example_branch_day_of_week_operator.py
[2023-03-08T12:11:18.663+0000] {logging_mixin.py:137} INFO - [2023-03-08T12:11:18.663+0000] {dag.py:2690} INFO - Sync 1 DAGs
[2023-03-08T12:11:18.701+0000] {logging_mixin.py:137} INFO - [2023-03-08T12:11:18.701+0000] {dag.py:3441} INFO - Setting next_dagrun for example_weekday_branch_operator to 2023-03-07T00:00:00+00:00, run_after=2023-03-08T00:00:00+00:00
[2023-03-08T12:11:18.749+0000] {processor.py:175} INFO - Processing /home/airflow/.local/lib/python3.7/site-packages/airflow/example_dags/example_branch_day_of_week_operator.py took 0.172 seconds
[2023-03-08T12:11:49.158+0000] {processor.py:153} INFO - Started process (PID=14124) to work on /home/airflow/.local/lib/python3.7/site-packages/airflow/example_dags/example_branch_day_of_week_operator.py
[2023-03-08T12:11:49.160+0000] {processor.py:743} INFO - Processing file /home/airflow/.local/lib/python3.7/site-packages/airflow/example_dags/example_branch_day_of_week_operator.py for tasks to queue
[2023-03-08T12:11:49.162+0000] {logging_mixin.py:137} INFO - [2023-03-08T12:11:49.162+0000] {dagbag.py:538} INFO - Filling up the DagBag from /home/airflow/.local/lib/python3.7/site-packages/airflow/example_dags/example_branch_day_of_week_operator.py
[2023-03-08T12:11:49.191+0000] {processor.py:753} INFO - DAG(s) dict_keys(['example_weekday_branch_operator']) retrieved from /home/airflow/.local/lib/python3.7/site-packages/airflow/example_dags/example_branch_day_of_week_operator.py
[2023-03-08T12:11:49.229+0000] {logging_mixin.py:137} INFO - [2023-03-08T12:11:49.229+0000] {dag.py:2690} INFO - Sync 1 DAGs
[2023-03-08T12:11:49.269+0000] {logging_mixin.py:137} INFO - [2023-03-08T12:11:49.269+0000] {dag.py:3441} INFO - Setting next_dagrun for example_weekday_branch_operator to 2023-03-07T00:00:00+00:00, run_after=2023-03-08T00:00:00+00:00
[2023-03-08T12:11:49.306+0000] {processor.py:175} INFO - Processing /home/airflow/.local/lib/python3.7/site-packages/airflow/example_dags/example_branch_day_of_week_operator.py took 0.155 seconds
[2023-03-08T12:12:19.891+0000] {processor.py:153} INFO - Started process (PID=14183) to work on /home/airflow/.local/lib/python3.7/site-packages/airflow/example_dags/example_branch_day_of_week_operator.py
[2023-03-08T12:12:19.895+0000] {processor.py:743} INFO - Processing file /home/airflow/.local/lib/python3.7/site-packages/airflow/example_dags/example_branch_day_of_week_operator.py for tasks to queue
[2023-03-08T12:12:19.900+0000] {logging_mixin.py:137} INFO - [2023-03-08T12:12:19.899+0000] {dagbag.py:538} INFO - Filling up the DagBag from /home/airflow/.local/lib/python3.7/site-packages/airflow/example_dags/example_branch_day_of_week_operator.py
[2023-03-08T12:12:19.957+0000] {processor.py:753} INFO - DAG(s) dict_keys(['example_weekday_branch_operator']) retrieved from /home/airflow/.local/lib/python3.7/site-packages/airflow/example_dags/example_branch_day_of_week_operator.py
[2023-03-08T12:12:20.033+0000] {logging_mixin.py:137} INFO - [2023-03-08T12:12:20.032+0000] {dag.py:2690} INFO - Sync 1 DAGs
[2023-03-08T12:12:20.073+0000] {logging_mixin.py:137} INFO - [2023-03-08T12:12:20.073+0000] {dag.py:3441} INFO - Setting next_dagrun for example_weekday_branch_operator to 2023-03-07T00:00:00+00:00, run_after=2023-03-08T00:00:00+00:00
[2023-03-08T12:12:20.183+0000] {processor.py:175} INFO - Processing /home/airflow/.local/lib/python3.7/site-packages/airflow/example_dags/example_branch_day_of_week_operator.py took 0.303 seconds
[2023-03-08T12:12:50.606+0000] {processor.py:153} INFO - Started process (PID=14241) to work on /home/airflow/.local/lib/python3.7/site-packages/airflow/example_dags/example_branch_day_of_week_operator.py
[2023-03-08T12:12:50.612+0000] {processor.py:743} INFO - Processing file /home/airflow/.local/lib/python3.7/site-packages/airflow/example_dags/example_branch_day_of_week_operator.py for tasks to queue
[2023-03-08T12:12:50.616+0000] {logging_mixin.py:137} INFO - [2023-03-08T12:12:50.615+0000] {dagbag.py:538} INFO - Filling up the DagBag from /home/airflow/.local/lib/python3.7/site-packages/airflow/example_dags/example_branch_day_of_week_operator.py
[2023-03-08T12:12:50.704+0000] {processor.py:753} INFO - DAG(s) dict_keys(['example_weekday_branch_operator']) retrieved from /home/airflow/.local/lib/python3.7/site-packages/airflow/example_dags/example_branch_day_of_week_operator.py
[2023-03-08T12:12:50.789+0000] {logging_mixin.py:137} INFO - [2023-03-08T12:12:50.789+0000] {dag.py:2690} INFO - Sync 1 DAGs
[2023-03-08T12:12:50.858+0000] {logging_mixin.py:137} INFO - [2023-03-08T12:12:50.858+0000] {dag.py:3441} INFO - Setting next_dagrun for example_weekday_branch_operator to 2023-03-07T00:00:00+00:00, run_after=2023-03-08T00:00:00+00:00
[2023-03-08T12:12:50.914+0000] {processor.py:175} INFO - Processing /home/airflow/.local/lib/python3.7/site-packages/airflow/example_dags/example_branch_day_of_week_operator.py took 0.326 seconds
[2023-03-08T12:13:21.695+0000] {processor.py:153} INFO - Started process (PID=14310) to work on /home/airflow/.local/lib/python3.7/site-packages/airflow/example_dags/example_branch_day_of_week_operator.py
[2023-03-08T12:13:21.698+0000] {processor.py:743} INFO - Processing file /home/airflow/.local/lib/python3.7/site-packages/airflow/example_dags/example_branch_day_of_week_operator.py for tasks to queue
[2023-03-08T12:13:21.703+0000] {logging_mixin.py:137} INFO - [2023-03-08T12:13:21.703+0000] {dagbag.py:538} INFO - Filling up the DagBag from /home/airflow/.local/lib/python3.7/site-packages/airflow/example_dags/example_branch_day_of_week_operator.py
[2023-03-08T12:13:21.731+0000] {processor.py:753} INFO - DAG(s) dict_keys(['example_weekday_branch_operator']) retrieved from /home/airflow/.local/lib/python3.7/site-packages/airflow/example_dags/example_branch_day_of_week_operator.py
[2023-03-08T12:13:21.772+0000] {logging_mixin.py:137} INFO - [2023-03-08T12:13:21.772+0000] {dag.py:2690} INFO - Sync 1 DAGs
[2023-03-08T12:13:21.811+0000] {logging_mixin.py:137} INFO - [2023-03-08T12:13:21.811+0000] {dag.py:3441} INFO - Setting next_dagrun for example_weekday_branch_operator to 2023-03-07T00:00:00+00:00, run_after=2023-03-08T00:00:00+00:00
[2023-03-08T12:13:21.872+0000] {processor.py:175} INFO - Processing /home/airflow/.local/lib/python3.7/site-packages/airflow/example_dags/example_branch_day_of_week_operator.py took 0.183 seconds
[2023-03-08T12:13:52.003+0000] {processor.py:153} INFO - Started process (PID=14369) to work on /home/airflow/.local/lib/python3.7/site-packages/airflow/example_dags/example_branch_day_of_week_operator.py
[2023-03-08T12:13:52.007+0000] {processor.py:743} INFO - Processing file /home/airflow/.local/lib/python3.7/site-packages/airflow/example_dags/example_branch_day_of_week_operator.py for tasks to queue
[2023-03-08T12:13:52.012+0000] {logging_mixin.py:137} INFO - [2023-03-08T12:13:52.011+0000] {dagbag.py:538} INFO - Filling up the DagBag from /home/airflow/.local/lib/python3.7/site-packages/airflow/example_dags/example_branch_day_of_week_operator.py
[2023-03-08T12:13:52.044+0000] {processor.py:753} INFO - DAG(s) dict_keys(['example_weekday_branch_operator']) retrieved from /home/airflow/.local/lib/python3.7/site-packages/airflow/example_dags/example_branch_day_of_week_operator.py
[2023-03-08T12:13:52.100+0000] {logging_mixin.py:137} INFO - [2023-03-08T12:13:52.100+0000] {dag.py:2690} INFO - Sync 1 DAGs
[2023-03-08T12:13:52.160+0000] {logging_mixin.py:137} INFO - [2023-03-08T12:13:52.159+0000] {dag.py:3441} INFO - Setting next_dagrun for example_weekday_branch_operator to 2023-03-07T00:00:00+00:00, run_after=2023-03-08T00:00:00+00:00
[2023-03-08T12:13:52.211+0000] {processor.py:175} INFO - Processing /home/airflow/.local/lib/python3.7/site-packages/airflow/example_dags/example_branch_day_of_week_operator.py took 0.213 seconds
[2023-03-08T12:14:25.458+0000] {processor.py:153} INFO - Started process (PID=14427) to work on /home/airflow/.local/lib/python3.7/site-packages/airflow/example_dags/example_branch_day_of_week_operator.py
[2023-03-08T12:14:25.463+0000] {processor.py:743} INFO - Processing file /home/airflow/.local/lib/python3.7/site-packages/airflow/example_dags/example_branch_day_of_week_operator.py for tasks to queue
[2023-03-08T12:14:25.467+0000] {logging_mixin.py:137} INFO - [2023-03-08T12:14:25.467+0000] {dagbag.py:538} INFO - Filling up the DagBag from /home/airflow/.local/lib/python3.7/site-packages/airflow/example_dags/example_branch_day_of_week_operator.py
[2023-03-08T12:14:25.522+0000] {processor.py:753} INFO - DAG(s) dict_keys(['example_weekday_branch_operator']) retrieved from /home/airflow/.local/lib/python3.7/site-packages/airflow/example_dags/example_branch_day_of_week_operator.py
[2023-03-08T12:14:25.610+0000] {logging_mixin.py:137} INFO - [2023-03-08T12:14:25.609+0000] {dag.py:2690} INFO - Sync 1 DAGs
[2023-03-08T12:14:25.680+0000] {logging_mixin.py:137} INFO - [2023-03-08T12:14:25.679+0000] {dag.py:3441} INFO - Setting next_dagrun for example_weekday_branch_operator to 2023-03-07T00:00:00+00:00, run_after=2023-03-08T00:00:00+00:00
[2023-03-08T12:14:25.785+0000] {processor.py:175} INFO - Processing /home/airflow/.local/lib/python3.7/site-packages/airflow/example_dags/example_branch_day_of_week_operator.py took 0.351 seconds
[2023-03-08T12:14:56.598+0000] {processor.py:153} INFO - Started process (PID=14494) to work on /home/airflow/.local/lib/python3.7/site-packages/airflow/example_dags/example_branch_day_of_week_operator.py
[2023-03-08T12:14:56.602+0000] {processor.py:743} INFO - Processing file /home/airflow/.local/lib/python3.7/site-packages/airflow/example_dags/example_branch_day_of_week_operator.py for tasks to queue
[2023-03-08T12:14:56.604+0000] {logging_mixin.py:137} INFO - [2023-03-08T12:14:56.603+0000] {dagbag.py:538} INFO - Filling up the DagBag from /home/airflow/.local/lib/python3.7/site-packages/airflow/example_dags/example_branch_day_of_week_operator.py
[2023-03-08T12:14:56.645+0000] {processor.py:753} INFO - DAG(s) dict_keys(['example_weekday_branch_operator']) retrieved from /home/airflow/.local/lib/python3.7/site-packages/airflow/example_dags/example_branch_day_of_week_operator.py
[2023-03-08T12:14:56.728+0000] {logging_mixin.py:137} INFO - [2023-03-08T12:14:56.727+0000] {dag.py:2690} INFO - Sync 1 DAGs
[2023-03-08T12:14:56.779+0000] {logging_mixin.py:137} INFO - [2023-03-08T12:14:56.778+0000] {dag.py:3441} INFO - Setting next_dagrun for example_weekday_branch_operator to 2023-03-07T00:00:00+00:00, run_after=2023-03-08T00:00:00+00:00
[2023-03-08T12:14:56.848+0000] {processor.py:175} INFO - Processing /home/airflow/.local/lib/python3.7/site-packages/airflow/example_dags/example_branch_day_of_week_operator.py took 0.270 seconds
[2023-03-08T12:15:27.215+0000] {processor.py:153} INFO - Started process (PID=14555) to work on /home/airflow/.local/lib/python3.7/site-packages/airflow/example_dags/example_branch_day_of_week_operator.py
[2023-03-08T12:15:27.217+0000] {processor.py:743} INFO - Processing file /home/airflow/.local/lib/python3.7/site-packages/airflow/example_dags/example_branch_day_of_week_operator.py for tasks to queue
[2023-03-08T12:15:27.221+0000] {logging_mixin.py:137} INFO - [2023-03-08T12:15:27.220+0000] {dagbag.py:538} INFO - Filling up the DagBag from /home/airflow/.local/lib/python3.7/site-packages/airflow/example_dags/example_branch_day_of_week_operator.py
[2023-03-08T12:15:27.272+0000] {processor.py:753} INFO - DAG(s) dict_keys(['example_weekday_branch_operator']) retrieved from /home/airflow/.local/lib/python3.7/site-packages/airflow/example_dags/example_branch_day_of_week_operator.py
[2023-03-08T12:15:27.334+0000] {logging_mixin.py:137} INFO - [2023-03-08T12:15:27.334+0000] {dag.py:2690} INFO - Sync 1 DAGs
[2023-03-08T12:15:27.373+0000] {logging_mixin.py:137} INFO - [2023-03-08T12:15:27.373+0000] {dag.py:3441} INFO - Setting next_dagrun for example_weekday_branch_operator to 2023-03-07T00:00:00+00:00, run_after=2023-03-08T00:00:00+00:00
[2023-03-08T12:15:27.404+0000] {processor.py:175} INFO - Processing /home/airflow/.local/lib/python3.7/site-packages/airflow/example_dags/example_branch_day_of_week_operator.py took 0.195 seconds
[2023-03-08T12:15:57.795+0000] {processor.py:153} INFO - Started process (PID=14614) to work on /home/airflow/.local/lib/python3.7/site-packages/airflow/example_dags/example_branch_day_of_week_operator.py
[2023-03-08T12:15:57.798+0000] {processor.py:743} INFO - Processing file /home/airflow/.local/lib/python3.7/site-packages/airflow/example_dags/example_branch_day_of_week_operator.py for tasks to queue
[2023-03-08T12:15:57.803+0000] {logging_mixin.py:137} INFO - [2023-03-08T12:15:57.802+0000] {dagbag.py:538} INFO - Filling up the DagBag from /home/airflow/.local/lib/python3.7/site-packages/airflow/example_dags/example_branch_day_of_week_operator.py
[2023-03-08T12:15:57.888+0000] {processor.py:753} INFO - DAG(s) dict_keys(['example_weekday_branch_operator']) retrieved from /home/airflow/.local/lib/python3.7/site-packages/airflow/example_dags/example_branch_day_of_week_operator.py
[2023-03-08T12:15:57.994+0000] {logging_mixin.py:137} INFO - [2023-03-08T12:15:57.994+0000] {dag.py:2690} INFO - Sync 1 DAGs
[2023-03-08T12:15:58.076+0000] {logging_mixin.py:137} INFO - [2023-03-08T12:15:58.075+0000] {dag.py:3441} INFO - Setting next_dagrun for example_weekday_branch_operator to 2023-03-07T00:00:00+00:00, run_after=2023-03-08T00:00:00+00:00
[2023-03-08T12:15:58.138+0000] {processor.py:175} INFO - Processing /home/airflow/.local/lib/python3.7/site-packages/airflow/example_dags/example_branch_day_of_week_operator.py took 0.355 seconds
[2023-03-08T12:16:28.640+0000] {processor.py:153} INFO - Started process (PID=14683) to work on /home/airflow/.local/lib/python3.7/site-packages/airflow/example_dags/example_branch_day_of_week_operator.py
[2023-03-08T12:16:28.646+0000] {processor.py:743} INFO - Processing file /home/airflow/.local/lib/python3.7/site-packages/airflow/example_dags/example_branch_day_of_week_operator.py for tasks to queue
[2023-03-08T12:16:28.648+0000] {logging_mixin.py:137} INFO - [2023-03-08T12:16:28.648+0000] {dagbag.py:538} INFO - Filling up the DagBag from /home/airflow/.local/lib/python3.7/site-packages/airflow/example_dags/example_branch_day_of_week_operator.py
[2023-03-08T12:16:28.675+0000] {processor.py:753} INFO - DAG(s) dict_keys(['example_weekday_branch_operator']) retrieved from /home/airflow/.local/lib/python3.7/site-packages/airflow/example_dags/example_branch_day_of_week_operator.py
[2023-03-08T12:16:28.717+0000] {logging_mixin.py:137} INFO - [2023-03-08T12:16:28.717+0000] {dag.py:2690} INFO - Sync 1 DAGs
[2023-03-08T12:16:28.755+0000] {logging_mixin.py:137} INFO - [2023-03-08T12:16:28.755+0000] {dag.py:3441} INFO - Setting next_dagrun for example_weekday_branch_operator to 2023-03-07T00:00:00+00:00, run_after=2023-03-08T00:00:00+00:00
[2023-03-08T12:16:28.794+0000] {processor.py:175} INFO - Processing /home/airflow/.local/lib/python3.7/site-packages/airflow/example_dags/example_branch_day_of_week_operator.py took 0.163 seconds
[2023-03-08T12:16:59.674+0000] {processor.py:153} INFO - Started process (PID=14741) to work on /home/airflow/.local/lib/python3.7/site-packages/airflow/example_dags/example_branch_day_of_week_operator.py
[2023-03-08T12:16:59.677+0000] {processor.py:743} INFO - Processing file /home/airflow/.local/lib/python3.7/site-packages/airflow/example_dags/example_branch_day_of_week_operator.py for tasks to queue
[2023-03-08T12:16:59.680+0000] {logging_mixin.py:137} INFO - [2023-03-08T12:16:59.680+0000] {dagbag.py:538} INFO - Filling up the DagBag from /home/airflow/.local/lib/python3.7/site-packages/airflow/example_dags/example_branch_day_of_week_operator.py
[2023-03-08T12:16:59.741+0000] {processor.py:753} INFO - DAG(s) dict_keys(['example_weekday_branch_operator']) retrieved from /home/airflow/.local/lib/python3.7/site-packages/airflow/example_dags/example_branch_day_of_week_operator.py
[2023-03-08T12:16:59.840+0000] {logging_mixin.py:137} INFO - [2023-03-08T12:16:59.840+0000] {dag.py:2690} INFO - Sync 1 DAGs
[2023-03-08T12:16:59.907+0000] {logging_mixin.py:137} INFO - [2023-03-08T12:16:59.903+0000] {dag.py:3441} INFO - Setting next_dagrun for example_weekday_branch_operator to 2023-03-07T00:00:00+00:00, run_after=2023-03-08T00:00:00+00:00
[2023-03-08T12:16:59.967+0000] {processor.py:175} INFO - Processing /home/airflow/.local/lib/python3.7/site-packages/airflow/example_dags/example_branch_day_of_week_operator.py took 0.311 seconds
[2023-03-08T12:17:30.194+0000] {processor.py:153} INFO - Started process (PID=14808) to work on /home/airflow/.local/lib/python3.7/site-packages/airflow/example_dags/example_branch_day_of_week_operator.py
[2023-03-08T12:17:30.199+0000] {processor.py:743} INFO - Processing file /home/airflow/.local/lib/python3.7/site-packages/airflow/example_dags/example_branch_day_of_week_operator.py for tasks to queue
[2023-03-08T12:17:30.202+0000] {logging_mixin.py:137} INFO - [2023-03-08T12:17:30.202+0000] {dagbag.py:538} INFO - Filling up the DagBag from /home/airflow/.local/lib/python3.7/site-packages/airflow/example_dags/example_branch_day_of_week_operator.py
[2023-03-08T12:17:30.269+0000] {processor.py:753} INFO - DAG(s) dict_keys(['example_weekday_branch_operator']) retrieved from /home/airflow/.local/lib/python3.7/site-packages/airflow/example_dags/example_branch_day_of_week_operator.py
[2023-03-08T12:17:30.342+0000] {logging_mixin.py:137} INFO - [2023-03-08T12:17:30.342+0000] {dag.py:2690} INFO - Sync 1 DAGs
[2023-03-08T12:17:30.415+0000] {logging_mixin.py:137} INFO - [2023-03-08T12:17:30.414+0000] {dag.py:3441} INFO - Setting next_dagrun for example_weekday_branch_operator to 2023-03-07T00:00:00+00:00, run_after=2023-03-08T00:00:00+00:00
[2023-03-08T12:17:30.493+0000] {processor.py:175} INFO - Processing /home/airflow/.local/lib/python3.7/site-packages/airflow/example_dags/example_branch_day_of_week_operator.py took 0.310 seconds
