[2023-03-08T01:49:41.326+0000] {processor.py:153} INFO - Started process (PID=12196) to work on /home/airflow/.local/lib/python3.7/site-packages/airflow/example_dags/example_branch_python_dop_operator_3.py
[2023-03-08T01:49:41.329+0000] {processor.py:743} INFO - Processing file /home/airflow/.local/lib/python3.7/site-packages/airflow/example_dags/example_branch_python_dop_operator_3.py for tasks to queue
[2023-03-08T01:49:41.333+0000] {logging_mixin.py:137} INFO - [2023-03-08T01:49:41.333+0000] {dagbag.py:538} INFO - Filling up the DagBag from /home/airflow/.local/lib/python3.7/site-packages/airflow/example_dags/example_branch_python_dop_operator_3.py
[2023-03-08T01:49:41.382+0000] {processor.py:753} INFO - DAG(s) dict_keys(['example_branch_dop_operator_v3']) retrieved from /home/airflow/.local/lib/python3.7/site-packages/airflow/example_dags/example_branch_python_dop_operator_3.py
[2023-03-08T01:49:41.425+0000] {logging_mixin.py:137} INFO - [2023-03-08T01:49:41.424+0000] {dag.py:2690} INFO - Sync 1 DAGs
[2023-03-08T01:49:41.464+0000] {logging_mixin.py:137} INFO - [2023-03-08T01:49:41.463+0000] {dag.py:3441} INFO - Setting next_dagrun for example_branch_dop_operator_v3 to 2023-03-08T01:48:00+00:00, run_after=2023-03-08T01:49:00+00:00
[2023-03-08T01:49:41.495+0000] {processor.py:175} INFO - Processing /home/airflow/.local/lib/python3.7/site-packages/airflow/example_dags/example_branch_python_dop_operator_3.py took 0.187 seconds
[2023-03-08T03:17:57.647+0000] {processor.py:153} INFO - Started process (PID=12235) to work on /home/airflow/.local/lib/python3.7/site-packages/airflow/example_dags/example_branch_python_dop_operator_3.py
[2023-03-08T03:17:57.671+0000] {processor.py:743} INFO - Processing file /home/airflow/.local/lib/python3.7/site-packages/airflow/example_dags/example_branch_python_dop_operator_3.py for tasks to queue
[2023-03-08T03:17:57.675+0000] {logging_mixin.py:137} INFO - [2023-03-08T03:17:57.675+0000] {dagbag.py:538} INFO - Filling up the DagBag from /home/airflow/.local/lib/python3.7/site-packages/airflow/example_dags/example_branch_python_dop_operator_3.py
[2023-03-08T03:17:57.776+0000] {processor.py:753} INFO - DAG(s) dict_keys(['example_branch_dop_operator_v3']) retrieved from /home/airflow/.local/lib/python3.7/site-packages/airflow/example_dags/example_branch_python_dop_operator_3.py
[2023-03-08T03:17:57.838+0000] {logging_mixin.py:137} INFO - [2023-03-08T03:17:57.837+0000] {dag.py:2690} INFO - Sync 1 DAGs
[2023-03-08T03:17:57.884+0000] {logging_mixin.py:137} INFO - [2023-03-08T03:17:57.884+0000] {dag.py:3441} INFO - Setting next_dagrun for example_branch_dop_operator_v3 to 2023-03-08T03:16:00+00:00, run_after=2023-03-08T03:17:00+00:00
[2023-03-08T03:17:57.920+0000] {processor.py:175} INFO - Processing /home/airflow/.local/lib/python3.7/site-packages/airflow/example_dags/example_branch_python_dop_operator_3.py took 0.285 seconds
[2023-03-08T11:47:13.144+0000] {processor.py:153} INFO - Started process (PID=12274) to work on /home/airflow/.local/lib/python3.7/site-packages/airflow/example_dags/example_branch_python_dop_operator_3.py
[2023-03-08T11:47:13.159+0000] {processor.py:743} INFO - Processing file /home/airflow/.local/lib/python3.7/site-packages/airflow/example_dags/example_branch_python_dop_operator_3.py for tasks to queue
[2023-03-08T11:47:13.174+0000] {logging_mixin.py:137} INFO - [2023-03-08T11:47:13.170+0000] {dagbag.py:538} INFO - Filling up the DagBag from /home/airflow/.local/lib/python3.7/site-packages/airflow/example_dags/example_branch_python_dop_operator_3.py
[2023-03-08T11:47:13.618+0000] {processor.py:753} INFO - DAG(s) dict_keys(['example_branch_dop_operator_v3']) retrieved from /home/airflow/.local/lib/python3.7/site-packages/airflow/example_dags/example_branch_python_dop_operator_3.py
[2023-03-08T11:47:13.886+0000] {logging_mixin.py:137} INFO - [2023-03-08T11:47:13.886+0000] {dag.py:2690} INFO - Sync 1 DAGs
[2023-03-08T11:47:14.062+0000] {logging_mixin.py:137} INFO - [2023-03-08T11:47:14.061+0000] {dag.py:3441} INFO - Setting next_dagrun for example_branch_dop_operator_v3 to 2023-03-08T11:46:00+00:00, run_after=2023-03-08T11:47:00+00:00
[2023-03-08T11:47:14.484+0000] {processor.py:175} INFO - Processing /home/airflow/.local/lib/python3.7/site-packages/airflow/example_dags/example_branch_python_dop_operator_3.py took 1.377 seconds
[2023-03-08T11:56:51.534+0000] {processor.py:153} INFO - Started process (PID=12333) to work on /home/airflow/.local/lib/python3.7/site-packages/airflow/example_dags/example_branch_python_dop_operator_3.py
[2023-03-08T11:56:51.545+0000] {processor.py:743} INFO - Processing file /home/airflow/.local/lib/python3.7/site-packages/airflow/example_dags/example_branch_python_dop_operator_3.py for tasks to queue
[2023-03-08T11:56:51.597+0000] {logging_mixin.py:137} INFO - [2023-03-08T11:56:51.596+0000] {dagbag.py:538} INFO - Filling up the DagBag from /home/airflow/.local/lib/python3.7/site-packages/airflow/example_dags/example_branch_python_dop_operator_3.py
[2023-03-08T11:56:51.806+0000] {processor.py:753} INFO - DAG(s) dict_keys(['example_branch_dop_operator_v3']) retrieved from /home/airflow/.local/lib/python3.7/site-packages/airflow/example_dags/example_branch_python_dop_operator_3.py
[2023-03-08T11:56:52.060+0000] {logging_mixin.py:137} INFO - [2023-03-08T11:56:52.059+0000] {dag.py:2690} INFO - Sync 1 DAGs
[2023-03-08T11:56:52.313+0000] {logging_mixin.py:137} INFO - [2023-03-08T11:56:52.313+0000] {dag.py:3441} INFO - Setting next_dagrun for example_branch_dop_operator_v3 to 2023-03-08T11:55:00+00:00, run_after=2023-03-08T11:56:00+00:00
[2023-03-08T11:56:52.425+0000] {processor.py:175} INFO - Processing /home/airflow/.local/lib/python3.7/site-packages/airflow/example_dags/example_branch_python_dop_operator_3.py took 0.936 seconds
[2023-03-08T11:57:23.027+0000] {processor.py:153} INFO - Started process (PID=12391) to work on /home/airflow/.local/lib/python3.7/site-packages/airflow/example_dags/example_branch_python_dop_operator_3.py
[2023-03-08T11:57:23.029+0000] {processor.py:743} INFO - Processing file /home/airflow/.local/lib/python3.7/site-packages/airflow/example_dags/example_branch_python_dop_operator_3.py for tasks to queue
[2023-03-08T11:57:23.033+0000] {logging_mixin.py:137} INFO - [2023-03-08T11:57:23.032+0000] {dagbag.py:538} INFO - Filling up the DagBag from /home/airflow/.local/lib/python3.7/site-packages/airflow/example_dags/example_branch_python_dop_operator_3.py
[2023-03-08T11:57:23.082+0000] {processor.py:753} INFO - DAG(s) dict_keys(['example_branch_dop_operator_v3']) retrieved from /home/airflow/.local/lib/python3.7/site-packages/airflow/example_dags/example_branch_python_dop_operator_3.py
[2023-03-08T11:57:23.136+0000] {logging_mixin.py:137} INFO - [2023-03-08T11:57:23.135+0000] {dag.py:2690} INFO - Sync 1 DAGs
[2023-03-08T11:57:23.191+0000] {logging_mixin.py:137} INFO - [2023-03-08T11:57:23.190+0000] {dag.py:3441} INFO - Setting next_dagrun for example_branch_dop_operator_v3 to 2023-03-08T11:56:00+00:00, run_after=2023-03-08T11:57:00+00:00
[2023-03-08T11:57:23.229+0000] {processor.py:175} INFO - Processing /home/airflow/.local/lib/python3.7/site-packages/airflow/example_dags/example_branch_python_dop_operator_3.py took 0.209 seconds
[2023-03-08T11:57:53.369+0000] {processor.py:153} INFO - Started process (PID=12451) to work on /home/airflow/.local/lib/python3.7/site-packages/airflow/example_dags/example_branch_python_dop_operator_3.py
[2023-03-08T11:57:53.372+0000] {processor.py:743} INFO - Processing file /home/airflow/.local/lib/python3.7/site-packages/airflow/example_dags/example_branch_python_dop_operator_3.py for tasks to queue
[2023-03-08T11:57:53.380+0000] {logging_mixin.py:137} INFO - [2023-03-08T11:57:53.380+0000] {dagbag.py:538} INFO - Filling up the DagBag from /home/airflow/.local/lib/python3.7/site-packages/airflow/example_dags/example_branch_python_dop_operator_3.py
[2023-03-08T11:57:53.525+0000] {processor.py:753} INFO - DAG(s) dict_keys(['example_branch_dop_operator_v3']) retrieved from /home/airflow/.local/lib/python3.7/site-packages/airflow/example_dags/example_branch_python_dop_operator_3.py
[2023-03-08T11:57:53.621+0000] {logging_mixin.py:137} INFO - [2023-03-08T11:57:53.620+0000] {dag.py:2690} INFO - Sync 1 DAGs
[2023-03-08T11:57:53.759+0000] {logging_mixin.py:137} INFO - [2023-03-08T11:57:53.758+0000] {dag.py:3441} INFO - Setting next_dagrun for example_branch_dop_operator_v3 to 2023-03-08T11:56:00+00:00, run_after=2023-03-08T11:57:00+00:00
[2023-03-08T11:57:53.841+0000] {processor.py:175} INFO - Processing /home/airflow/.local/lib/python3.7/site-packages/airflow/example_dags/example_branch_python_dop_operator_3.py took 0.502 seconds
[2023-03-08T11:58:24.258+0000] {processor.py:153} INFO - Started process (PID=12509) to work on /home/airflow/.local/lib/python3.7/site-packages/airflow/example_dags/example_branch_python_dop_operator_3.py
[2023-03-08T11:58:24.264+0000] {processor.py:743} INFO - Processing file /home/airflow/.local/lib/python3.7/site-packages/airflow/example_dags/example_branch_python_dop_operator_3.py for tasks to queue
[2023-03-08T11:58:24.267+0000] {logging_mixin.py:137} INFO - [2023-03-08T11:58:24.267+0000] {dagbag.py:538} INFO - Filling up the DagBag from /home/airflow/.local/lib/python3.7/site-packages/airflow/example_dags/example_branch_python_dop_operator_3.py
[2023-03-08T11:58:24.304+0000] {processor.py:753} INFO - DAG(s) dict_keys(['example_branch_dop_operator_v3']) retrieved from /home/airflow/.local/lib/python3.7/site-packages/airflow/example_dags/example_branch_python_dop_operator_3.py
[2023-03-08T11:58:24.341+0000] {logging_mixin.py:137} INFO - [2023-03-08T11:58:24.341+0000] {dag.py:2690} INFO - Sync 1 DAGs
[2023-03-08T11:58:24.378+0000] {logging_mixin.py:137} INFO - [2023-03-08T11:58:24.378+0000] {dag.py:3441} INFO - Setting next_dagrun for example_branch_dop_operator_v3 to 2023-03-08T11:57:00+00:00, run_after=2023-03-08T11:58:00+00:00
[2023-03-08T11:58:24.417+0000] {processor.py:175} INFO - Processing /home/airflow/.local/lib/python3.7/site-packages/airflow/example_dags/example_branch_python_dop_operator_3.py took 0.166 seconds
[2023-03-08T11:58:55.308+0000] {processor.py:153} INFO - Started process (PID=12577) to work on /home/airflow/.local/lib/python3.7/site-packages/airflow/example_dags/example_branch_python_dop_operator_3.py
[2023-03-08T11:58:55.313+0000] {processor.py:743} INFO - Processing file /home/airflow/.local/lib/python3.7/site-packages/airflow/example_dags/example_branch_python_dop_operator_3.py for tasks to queue
[2023-03-08T11:58:55.324+0000] {logging_mixin.py:137} INFO - [2023-03-08T11:58:55.324+0000] {dagbag.py:538} INFO - Filling up the DagBag from /home/airflow/.local/lib/python3.7/site-packages/airflow/example_dags/example_branch_python_dop_operator_3.py
[2023-03-08T11:58:55.381+0000] {processor.py:753} INFO - DAG(s) dict_keys(['example_branch_dop_operator_v3']) retrieved from /home/airflow/.local/lib/python3.7/site-packages/airflow/example_dags/example_branch_python_dop_operator_3.py
[2023-03-08T11:58:55.455+0000] {logging_mixin.py:137} INFO - [2023-03-08T11:58:55.454+0000] {dag.py:2690} INFO - Sync 1 DAGs
[2023-03-08T11:58:55.521+0000] {logging_mixin.py:137} INFO - [2023-03-08T11:58:55.520+0000] {dag.py:3441} INFO - Setting next_dagrun for example_branch_dop_operator_v3 to 2023-03-08T11:57:00+00:00, run_after=2023-03-08T11:58:00+00:00
[2023-03-08T11:58:55.584+0000] {processor.py:175} INFO - Processing /home/airflow/.local/lib/python3.7/site-packages/airflow/example_dags/example_branch_python_dop_operator_3.py took 0.280 seconds
[2023-03-08T11:59:27.541+0000] {processor.py:153} INFO - Started process (PID=12634) to work on /home/airflow/.local/lib/python3.7/site-packages/airflow/example_dags/example_branch_python_dop_operator_3.py
[2023-03-08T11:59:27.552+0000] {processor.py:743} INFO - Processing file /home/airflow/.local/lib/python3.7/site-packages/airflow/example_dags/example_branch_python_dop_operator_3.py for tasks to queue
[2023-03-08T11:59:27.555+0000] {logging_mixin.py:137} INFO - [2023-03-08T11:59:27.555+0000] {dagbag.py:538} INFO - Filling up the DagBag from /home/airflow/.local/lib/python3.7/site-packages/airflow/example_dags/example_branch_python_dop_operator_3.py
[2023-03-08T11:59:27.724+0000] {processor.py:753} INFO - DAG(s) dict_keys(['example_branch_dop_operator_v3']) retrieved from /home/airflow/.local/lib/python3.7/site-packages/airflow/example_dags/example_branch_python_dop_operator_3.py
[2023-03-08T11:59:27.857+0000] {logging_mixin.py:137} INFO - [2023-03-08T11:59:27.857+0000] {dag.py:2690} INFO - Sync 1 DAGs
[2023-03-08T11:59:28.003+0000] {logging_mixin.py:137} INFO - [2023-03-08T11:59:28.002+0000] {dag.py:3441} INFO - Setting next_dagrun for example_branch_dop_operator_v3 to 2023-03-08T11:58:00+00:00, run_after=2023-03-08T11:59:00+00:00
[2023-03-08T11:59:28.108+0000] {processor.py:175} INFO - Processing /home/airflow/.local/lib/python3.7/site-packages/airflow/example_dags/example_branch_python_dop_operator_3.py took 0.587 seconds
[2023-03-08T11:59:58.548+0000] {processor.py:153} INFO - Started process (PID=12693) to work on /home/airflow/.local/lib/python3.7/site-packages/airflow/example_dags/example_branch_python_dop_operator_3.py
[2023-03-08T11:59:58.550+0000] {processor.py:743} INFO - Processing file /home/airflow/.local/lib/python3.7/site-packages/airflow/example_dags/example_branch_python_dop_operator_3.py for tasks to queue
[2023-03-08T11:59:58.553+0000] {logging_mixin.py:137} INFO - [2023-03-08T11:59:58.553+0000] {dagbag.py:538} INFO - Filling up the DagBag from /home/airflow/.local/lib/python3.7/site-packages/airflow/example_dags/example_branch_python_dop_operator_3.py
[2023-03-08T11:59:58.586+0000] {processor.py:753} INFO - DAG(s) dict_keys(['example_branch_dop_operator_v3']) retrieved from /home/airflow/.local/lib/python3.7/site-packages/airflow/example_dags/example_branch_python_dop_operator_3.py
[2023-03-08T11:59:58.621+0000] {logging_mixin.py:137} INFO - [2023-03-08T11:59:58.621+0000] {dag.py:2690} INFO - Sync 1 DAGs
[2023-03-08T11:59:58.657+0000] {logging_mixin.py:137} INFO - [2023-03-08T11:59:58.657+0000] {dag.py:3441} INFO - Setting next_dagrun for example_branch_dop_operator_v3 to 2023-03-08T11:58:00+00:00, run_after=2023-03-08T11:59:00+00:00
[2023-03-08T11:59:58.684+0000] {processor.py:175} INFO - Processing /home/airflow/.local/lib/python3.7/site-packages/airflow/example_dags/example_branch_python_dop_operator_3.py took 0.144 seconds
[2023-03-08T12:00:29.692+0000] {processor.py:153} INFO - Started process (PID=12751) to work on /home/airflow/.local/lib/python3.7/site-packages/airflow/example_dags/example_branch_python_dop_operator_3.py
[2023-03-08T12:00:29.694+0000] {processor.py:743} INFO - Processing file /home/airflow/.local/lib/python3.7/site-packages/airflow/example_dags/example_branch_python_dop_operator_3.py for tasks to queue
[2023-03-08T12:00:29.696+0000] {logging_mixin.py:137} INFO - [2023-03-08T12:00:29.695+0000] {dagbag.py:538} INFO - Filling up the DagBag from /home/airflow/.local/lib/python3.7/site-packages/airflow/example_dags/example_branch_python_dop_operator_3.py
[2023-03-08T12:00:29.729+0000] {processor.py:753} INFO - DAG(s) dict_keys(['example_branch_dop_operator_v3']) retrieved from /home/airflow/.local/lib/python3.7/site-packages/airflow/example_dags/example_branch_python_dop_operator_3.py
[2023-03-08T12:00:29.768+0000] {logging_mixin.py:137} INFO - [2023-03-08T12:00:29.767+0000] {dag.py:2690} INFO - Sync 1 DAGs
[2023-03-08T12:00:29.822+0000] {logging_mixin.py:137} INFO - [2023-03-08T12:00:29.822+0000] {dag.py:3441} INFO - Setting next_dagrun for example_branch_dop_operator_v3 to 2023-03-08T11:59:00+00:00, run_after=2023-03-08T12:00:00+00:00
[2023-03-08T12:00:29.849+0000] {processor.py:175} INFO - Processing /home/airflow/.local/lib/python3.7/site-packages/airflow/example_dags/example_branch_python_dop_operator_3.py took 0.162 seconds
[2023-03-08T12:01:00.775+0000] {processor.py:153} INFO - Started process (PID=12816) to work on /home/airflow/.local/lib/python3.7/site-packages/airflow/example_dags/example_branch_python_dop_operator_3.py
[2023-03-08T12:01:00.785+0000] {processor.py:743} INFO - Processing file /home/airflow/.local/lib/python3.7/site-packages/airflow/example_dags/example_branch_python_dop_operator_3.py for tasks to queue
[2023-03-08T12:01:00.787+0000] {logging_mixin.py:137} INFO - [2023-03-08T12:01:00.787+0000] {dagbag.py:538} INFO - Filling up the DagBag from /home/airflow/.local/lib/python3.7/site-packages/airflow/example_dags/example_branch_python_dop_operator_3.py
[2023-03-08T12:01:00.933+0000] {processor.py:753} INFO - DAG(s) dict_keys(['example_branch_dop_operator_v3']) retrieved from /home/airflow/.local/lib/python3.7/site-packages/airflow/example_dags/example_branch_python_dop_operator_3.py
[2023-03-08T12:01:01.057+0000] {logging_mixin.py:137} INFO - [2023-03-08T12:01:01.056+0000] {dag.py:2690} INFO - Sync 1 DAGs
[2023-03-08T12:01:01.185+0000] {logging_mixin.py:137} INFO - [2023-03-08T12:01:01.184+0000] {dag.py:3441} INFO - Setting next_dagrun for example_branch_dop_operator_v3 to 2023-03-08T12:00:00+00:00, run_after=2023-03-08T12:01:00+00:00
[2023-03-08T12:01:01.282+0000] {processor.py:175} INFO - Processing /home/airflow/.local/lib/python3.7/site-packages/airflow/example_dags/example_branch_python_dop_operator_3.py took 0.533 seconds
[2023-03-08T12:01:31.915+0000] {processor.py:153} INFO - Started process (PID=12876) to work on /home/airflow/.local/lib/python3.7/site-packages/airflow/example_dags/example_branch_python_dop_operator_3.py
[2023-03-08T12:01:31.920+0000] {processor.py:743} INFO - Processing file /home/airflow/.local/lib/python3.7/site-packages/airflow/example_dags/example_branch_python_dop_operator_3.py for tasks to queue
[2023-03-08T12:01:31.922+0000] {logging_mixin.py:137} INFO - [2023-03-08T12:01:31.922+0000] {dagbag.py:538} INFO - Filling up the DagBag from /home/airflow/.local/lib/python3.7/site-packages/airflow/example_dags/example_branch_python_dop_operator_3.py
[2023-03-08T12:01:31.957+0000] {processor.py:753} INFO - DAG(s) dict_keys(['example_branch_dop_operator_v3']) retrieved from /home/airflow/.local/lib/python3.7/site-packages/airflow/example_dags/example_branch_python_dop_operator_3.py
[2023-03-08T12:01:31.994+0000] {logging_mixin.py:137} INFO - [2023-03-08T12:01:31.993+0000] {dag.py:2690} INFO - Sync 1 DAGs
[2023-03-08T12:01:32.034+0000] {logging_mixin.py:137} INFO - [2023-03-08T12:01:32.034+0000] {dag.py:3441} INFO - Setting next_dagrun for example_branch_dop_operator_v3 to 2023-03-08T12:00:00+00:00, run_after=2023-03-08T12:01:00+00:00
[2023-03-08T12:01:32.066+0000] {processor.py:175} INFO - Processing /home/airflow/.local/lib/python3.7/site-packages/airflow/example_dags/example_branch_python_dop_operator_3.py took 0.154 seconds
[2023-03-08T12:02:02.458+0000] {processor.py:153} INFO - Started process (PID=12934) to work on /home/airflow/.local/lib/python3.7/site-packages/airflow/example_dags/example_branch_python_dop_operator_3.py
[2023-03-08T12:02:02.462+0000] {processor.py:743} INFO - Processing file /home/airflow/.local/lib/python3.7/site-packages/airflow/example_dags/example_branch_python_dop_operator_3.py for tasks to queue
[2023-03-08T12:02:02.465+0000] {logging_mixin.py:137} INFO - [2023-03-08T12:02:02.465+0000] {dagbag.py:538} INFO - Filling up the DagBag from /home/airflow/.local/lib/python3.7/site-packages/airflow/example_dags/example_branch_python_dop_operator_3.py
[2023-03-08T12:02:02.532+0000] {processor.py:753} INFO - DAG(s) dict_keys(['example_branch_dop_operator_v3']) retrieved from /home/airflow/.local/lib/python3.7/site-packages/airflow/example_dags/example_branch_python_dop_operator_3.py
[2023-03-08T12:02:02.606+0000] {logging_mixin.py:137} INFO - [2023-03-08T12:02:02.605+0000] {dag.py:2690} INFO - Sync 1 DAGs
[2023-03-08T12:02:02.728+0000] {logging_mixin.py:137} INFO - [2023-03-08T12:02:02.728+0000] {dag.py:3441} INFO - Setting next_dagrun for example_branch_dop_operator_v3 to 2023-03-08T12:01:00+00:00, run_after=2023-03-08T12:02:00+00:00
[2023-03-08T12:02:02.783+0000] {processor.py:175} INFO - Processing /home/airflow/.local/lib/python3.7/site-packages/airflow/example_dags/example_branch_python_dop_operator_3.py took 0.340 seconds
[2023-03-08T12:02:33.505+0000] {processor.py:153} INFO - Started process (PID=13001) to work on /home/airflow/.local/lib/python3.7/site-packages/airflow/example_dags/example_branch_python_dop_operator_3.py
[2023-03-08T12:02:33.507+0000] {processor.py:743} INFO - Processing file /home/airflow/.local/lib/python3.7/site-packages/airflow/example_dags/example_branch_python_dop_operator_3.py for tasks to queue
[2023-03-08T12:02:33.509+0000] {logging_mixin.py:137} INFO - [2023-03-08T12:02:33.509+0000] {dagbag.py:538} INFO - Filling up the DagBag from /home/airflow/.local/lib/python3.7/site-packages/airflow/example_dags/example_branch_python_dop_operator_3.py
[2023-03-08T12:02:33.565+0000] {processor.py:753} INFO - DAG(s) dict_keys(['example_branch_dop_operator_v3']) retrieved from /home/airflow/.local/lib/python3.7/site-packages/airflow/example_dags/example_branch_python_dop_operator_3.py
[2023-03-08T12:02:33.620+0000] {logging_mixin.py:137} INFO - [2023-03-08T12:02:33.620+0000] {dag.py:2690} INFO - Sync 1 DAGs
[2023-03-08T12:02:33.693+0000] {logging_mixin.py:137} INFO - [2023-03-08T12:02:33.693+0000] {dag.py:3441} INFO - Setting next_dagrun for example_branch_dop_operator_v3 to 2023-03-08T12:01:00+00:00, run_after=2023-03-08T12:02:00+00:00
[2023-03-08T12:02:33.738+0000] {processor.py:175} INFO - Processing /home/airflow/.local/lib/python3.7/site-packages/airflow/example_dags/example_branch_python_dop_operator_3.py took 0.248 seconds
[2023-03-08T12:03:04.026+0000] {processor.py:153} INFO - Started process (PID=13061) to work on /home/airflow/.local/lib/python3.7/site-packages/airflow/example_dags/example_branch_python_dop_operator_3.py
[2023-03-08T12:03:04.028+0000] {processor.py:743} INFO - Processing file /home/airflow/.local/lib/python3.7/site-packages/airflow/example_dags/example_branch_python_dop_operator_3.py for tasks to queue
[2023-03-08T12:03:04.032+0000] {logging_mixin.py:137} INFO - [2023-03-08T12:03:04.032+0000] {dagbag.py:538} INFO - Filling up the DagBag from /home/airflow/.local/lib/python3.7/site-packages/airflow/example_dags/example_branch_python_dop_operator_3.py
[2023-03-08T12:03:04.069+0000] {processor.py:753} INFO - DAG(s) dict_keys(['example_branch_dop_operator_v3']) retrieved from /home/airflow/.local/lib/python3.7/site-packages/airflow/example_dags/example_branch_python_dop_operator_3.py
[2023-03-08T12:03:04.107+0000] {logging_mixin.py:137} INFO - [2023-03-08T12:03:04.107+0000] {dag.py:2690} INFO - Sync 1 DAGs
[2023-03-08T12:03:04.145+0000] {logging_mixin.py:137} INFO - [2023-03-08T12:03:04.145+0000] {dag.py:3441} INFO - Setting next_dagrun for example_branch_dop_operator_v3 to 2023-03-08T12:02:00+00:00, run_after=2023-03-08T12:03:00+00:00
[2023-03-08T12:03:04.177+0000] {processor.py:175} INFO - Processing /home/airflow/.local/lib/python3.7/site-packages/airflow/example_dags/example_branch_python_dop_operator_3.py took 0.159 seconds
[2023-03-08T12:03:34.892+0000] {processor.py:153} INFO - Started process (PID=13120) to work on /home/airflow/.local/lib/python3.7/site-packages/airflow/example_dags/example_branch_python_dop_operator_3.py
[2023-03-08T12:03:34.905+0000] {processor.py:743} INFO - Processing file /home/airflow/.local/lib/python3.7/site-packages/airflow/example_dags/example_branch_python_dop_operator_3.py for tasks to queue
[2023-03-08T12:03:34.907+0000] {logging_mixin.py:137} INFO - [2023-03-08T12:03:34.907+0000] {dagbag.py:538} INFO - Filling up the DagBag from /home/airflow/.local/lib/python3.7/site-packages/airflow/example_dags/example_branch_python_dop_operator_3.py
[2023-03-08T12:03:35.001+0000] {processor.py:753} INFO - DAG(s) dict_keys(['example_branch_dop_operator_v3']) retrieved from /home/airflow/.local/lib/python3.7/site-packages/airflow/example_dags/example_branch_python_dop_operator_3.py
[2023-03-08T12:03:35.065+0000] {logging_mixin.py:137} INFO - [2023-03-08T12:03:35.065+0000] {dag.py:2690} INFO - Sync 1 DAGs
[2023-03-08T12:03:35.103+0000] {logging_mixin.py:137} INFO - [2023-03-08T12:03:35.103+0000] {dag.py:3441} INFO - Setting next_dagrun for example_branch_dop_operator_v3 to 2023-03-08T12:02:00+00:00, run_after=2023-03-08T12:03:00+00:00
[2023-03-08T12:03:35.148+0000] {processor.py:175} INFO - Processing /home/airflow/.local/lib/python3.7/site-packages/airflow/example_dags/example_branch_python_dop_operator_3.py took 0.271 seconds
[2023-03-08T12:04:05.391+0000] {processor.py:153} INFO - Started process (PID=13187) to work on /home/airflow/.local/lib/python3.7/site-packages/airflow/example_dags/example_branch_python_dop_operator_3.py
[2023-03-08T12:04:05.398+0000] {processor.py:743} INFO - Processing file /home/airflow/.local/lib/python3.7/site-packages/airflow/example_dags/example_branch_python_dop_operator_3.py for tasks to queue
[2023-03-08T12:04:05.403+0000] {logging_mixin.py:137} INFO - [2023-03-08T12:04:05.402+0000] {dagbag.py:538} INFO - Filling up the DagBag from /home/airflow/.local/lib/python3.7/site-packages/airflow/example_dags/example_branch_python_dop_operator_3.py
[2023-03-08T12:04:05.476+0000] {processor.py:753} INFO - DAG(s) dict_keys(['example_branch_dop_operator_v3']) retrieved from /home/airflow/.local/lib/python3.7/site-packages/airflow/example_dags/example_branch_python_dop_operator_3.py
[2023-03-08T12:04:05.577+0000] {logging_mixin.py:137} INFO - [2023-03-08T12:04:05.577+0000] {dag.py:2690} INFO - Sync 1 DAGs
[2023-03-08T12:04:05.642+0000] {logging_mixin.py:137} INFO - [2023-03-08T12:04:05.642+0000] {dag.py:3441} INFO - Setting next_dagrun for example_branch_dop_operator_v3 to 2023-03-08T12:03:00+00:00, run_after=2023-03-08T12:04:00+00:00
[2023-03-08T12:04:05.714+0000] {processor.py:175} INFO - Processing /home/airflow/.local/lib/python3.7/site-packages/airflow/example_dags/example_branch_python_dop_operator_3.py took 0.345 seconds
[2023-03-08T12:04:35.849+0000] {processor.py:153} INFO - Started process (PID=13246) to work on /home/airflow/.local/lib/python3.7/site-packages/airflow/example_dags/example_branch_python_dop_operator_3.py
[2023-03-08T12:04:35.851+0000] {processor.py:743} INFO - Processing file /home/airflow/.local/lib/python3.7/site-packages/airflow/example_dags/example_branch_python_dop_operator_3.py for tasks to queue
[2023-03-08T12:04:35.854+0000] {logging_mixin.py:137} INFO - [2023-03-08T12:04:35.853+0000] {dagbag.py:538} INFO - Filling up the DagBag from /home/airflow/.local/lib/python3.7/site-packages/airflow/example_dags/example_branch_python_dop_operator_3.py
[2023-03-08T12:04:35.887+0000] {processor.py:753} INFO - DAG(s) dict_keys(['example_branch_dop_operator_v3']) retrieved from /home/airflow/.local/lib/python3.7/site-packages/airflow/example_dags/example_branch_python_dop_operator_3.py
[2023-03-08T12:04:35.923+0000] {logging_mixin.py:137} INFO - [2023-03-08T12:04:35.922+0000] {dag.py:2690} INFO - Sync 1 DAGs
[2023-03-08T12:04:35.955+0000] {logging_mixin.py:137} INFO - [2023-03-08T12:04:35.955+0000] {dag.py:3441} INFO - Setting next_dagrun for example_branch_dop_operator_v3 to 2023-03-08T12:03:00+00:00, run_after=2023-03-08T12:04:00+00:00
[2023-03-08T12:04:35.981+0000] {processor.py:175} INFO - Processing /home/airflow/.local/lib/python3.7/site-packages/airflow/example_dags/example_branch_python_dop_operator_3.py took 0.140 seconds
[2023-03-08T12:05:06.459+0000] {processor.py:153} INFO - Started process (PID=13314) to work on /home/airflow/.local/lib/python3.7/site-packages/airflow/example_dags/example_branch_python_dop_operator_3.py
[2023-03-08T12:05:06.462+0000] {processor.py:743} INFO - Processing file /home/airflow/.local/lib/python3.7/site-packages/airflow/example_dags/example_branch_python_dop_operator_3.py for tasks to queue
[2023-03-08T12:05:06.464+0000] {logging_mixin.py:137} INFO - [2023-03-08T12:05:06.463+0000] {dagbag.py:538} INFO - Filling up the DagBag from /home/airflow/.local/lib/python3.7/site-packages/airflow/example_dags/example_branch_python_dop_operator_3.py
[2023-03-08T12:05:06.551+0000] {processor.py:753} INFO - DAG(s) dict_keys(['example_branch_dop_operator_v3']) retrieved from /home/airflow/.local/lib/python3.7/site-packages/airflow/example_dags/example_branch_python_dop_operator_3.py
[2023-03-08T12:05:06.596+0000] {logging_mixin.py:137} INFO - [2023-03-08T12:05:06.596+0000] {dag.py:2690} INFO - Sync 1 DAGs
[2023-03-08T12:05:06.667+0000] {logging_mixin.py:137} INFO - [2023-03-08T12:05:06.667+0000] {dag.py:3441} INFO - Setting next_dagrun for example_branch_dop_operator_v3 to 2023-03-08T12:04:00+00:00, run_after=2023-03-08T12:05:00+00:00
[2023-03-08T12:05:06.721+0000] {processor.py:175} INFO - Processing /home/airflow/.local/lib/python3.7/site-packages/airflow/example_dags/example_branch_python_dop_operator_3.py took 0.274 seconds
[2023-03-08T12:05:37.064+0000] {processor.py:153} INFO - Started process (PID=13372) to work on /home/airflow/.local/lib/python3.7/site-packages/airflow/example_dags/example_branch_python_dop_operator_3.py
[2023-03-08T12:05:37.067+0000] {processor.py:743} INFO - Processing file /home/airflow/.local/lib/python3.7/site-packages/airflow/example_dags/example_branch_python_dop_operator_3.py for tasks to queue
[2023-03-08T12:05:37.070+0000] {logging_mixin.py:137} INFO - [2023-03-08T12:05:37.070+0000] {dagbag.py:538} INFO - Filling up the DagBag from /home/airflow/.local/lib/python3.7/site-packages/airflow/example_dags/example_branch_python_dop_operator_3.py
[2023-03-08T12:05:37.110+0000] {processor.py:753} INFO - DAG(s) dict_keys(['example_branch_dop_operator_v3']) retrieved from /home/airflow/.local/lib/python3.7/site-packages/airflow/example_dags/example_branch_python_dop_operator_3.py
[2023-03-08T12:05:37.145+0000] {logging_mixin.py:137} INFO - [2023-03-08T12:05:37.144+0000] {dag.py:2690} INFO - Sync 1 DAGs
[2023-03-08T12:05:37.182+0000] {logging_mixin.py:137} INFO - [2023-03-08T12:05:37.182+0000] {dag.py:3441} INFO - Setting next_dagrun for example_branch_dop_operator_v3 to 2023-03-08T12:04:00+00:00, run_after=2023-03-08T12:05:00+00:00
[2023-03-08T12:05:37.220+0000] {processor.py:175} INFO - Processing /home/airflow/.local/lib/python3.7/site-packages/airflow/example_dags/example_branch_python_dop_operator_3.py took 0.162 seconds
[2023-03-08T12:06:08.126+0000] {processor.py:153} INFO - Started process (PID=13431) to work on /home/airflow/.local/lib/python3.7/site-packages/airflow/example_dags/example_branch_python_dop_operator_3.py
[2023-03-08T12:06:08.128+0000] {processor.py:743} INFO - Processing file /home/airflow/.local/lib/python3.7/site-packages/airflow/example_dags/example_branch_python_dop_operator_3.py for tasks to queue
[2023-03-08T12:06:08.131+0000] {logging_mixin.py:137} INFO - [2023-03-08T12:06:08.130+0000] {dagbag.py:538} INFO - Filling up the DagBag from /home/airflow/.local/lib/python3.7/site-packages/airflow/example_dags/example_branch_python_dop_operator_3.py
[2023-03-08T12:06:08.167+0000] {processor.py:753} INFO - DAG(s) dict_keys(['example_branch_dop_operator_v3']) retrieved from /home/airflow/.local/lib/python3.7/site-packages/airflow/example_dags/example_branch_python_dop_operator_3.py
[2023-03-08T12:06:08.210+0000] {logging_mixin.py:137} INFO - [2023-03-08T12:06:08.209+0000] {dag.py:2690} INFO - Sync 1 DAGs
[2023-03-08T12:06:08.249+0000] {logging_mixin.py:137} INFO - [2023-03-08T12:06:08.248+0000] {dag.py:3441} INFO - Setting next_dagrun for example_branch_dop_operator_v3 to 2023-03-08T12:05:00+00:00, run_after=2023-03-08T12:06:00+00:00
[2023-03-08T12:06:08.283+0000] {processor.py:175} INFO - Processing /home/airflow/.local/lib/python3.7/site-packages/airflow/example_dags/example_branch_python_dop_operator_3.py took 0.161 seconds
[2023-03-08T12:06:38.923+0000] {processor.py:153} INFO - Started process (PID=13496) to work on /home/airflow/.local/lib/python3.7/site-packages/airflow/example_dags/example_branch_python_dop_operator_3.py
[2023-03-08T12:06:38.938+0000] {processor.py:743} INFO - Processing file /home/airflow/.local/lib/python3.7/site-packages/airflow/example_dags/example_branch_python_dop_operator_3.py for tasks to queue
[2023-03-08T12:06:38.950+0000] {logging_mixin.py:137} INFO - [2023-03-08T12:06:38.945+0000] {dagbag.py:538} INFO - Filling up the DagBag from /home/airflow/.local/lib/python3.7/site-packages/airflow/example_dags/example_branch_python_dop_operator_3.py
[2023-03-08T12:06:39.235+0000] {processor.py:753} INFO - DAG(s) dict_keys(['example_branch_dop_operator_v3']) retrieved from /home/airflow/.local/lib/python3.7/site-packages/airflow/example_dags/example_branch_python_dop_operator_3.py
[2023-03-08T12:06:39.371+0000] {logging_mixin.py:137} INFO - [2023-03-08T12:06:39.371+0000] {dag.py:2690} INFO - Sync 1 DAGs
[2023-03-08T12:06:39.458+0000] {logging_mixin.py:137} INFO - [2023-03-08T12:06:39.458+0000] {dag.py:3441} INFO - Setting next_dagrun for example_branch_dop_operator_v3 to 2023-03-08T12:05:00+00:00, run_after=2023-03-08T12:06:00+00:00
[2023-03-08T12:06:39.550+0000] {processor.py:175} INFO - Processing /home/airflow/.local/lib/python3.7/site-packages/airflow/example_dags/example_branch_python_dop_operator_3.py took 0.646 seconds
[2023-03-08T12:07:10.198+0000] {processor.py:153} INFO - Started process (PID=13555) to work on /home/airflow/.local/lib/python3.7/site-packages/airflow/example_dags/example_branch_python_dop_operator_3.py
[2023-03-08T12:07:10.202+0000] {processor.py:743} INFO - Processing file /home/airflow/.local/lib/python3.7/site-packages/airflow/example_dags/example_branch_python_dop_operator_3.py for tasks to queue
[2023-03-08T12:07:10.208+0000] {logging_mixin.py:137} INFO - [2023-03-08T12:07:10.207+0000] {dagbag.py:538} INFO - Filling up the DagBag from /home/airflow/.local/lib/python3.7/site-packages/airflow/example_dags/example_branch_python_dop_operator_3.py
[2023-03-08T12:07:10.251+0000] {processor.py:753} INFO - DAG(s) dict_keys(['example_branch_dop_operator_v3']) retrieved from /home/airflow/.local/lib/python3.7/site-packages/airflow/example_dags/example_branch_python_dop_operator_3.py
[2023-03-08T12:07:10.299+0000] {logging_mixin.py:137} INFO - [2023-03-08T12:07:10.299+0000] {dag.py:2690} INFO - Sync 1 DAGs
[2023-03-08T12:07:10.337+0000] {logging_mixin.py:137} INFO - [2023-03-08T12:07:10.337+0000] {dag.py:3441} INFO - Setting next_dagrun for example_branch_dop_operator_v3 to 2023-03-08T12:06:00+00:00, run_after=2023-03-08T12:07:00+00:00
[2023-03-08T12:07:10.379+0000] {processor.py:175} INFO - Processing /home/airflow/.local/lib/python3.7/site-packages/airflow/example_dags/example_branch_python_dop_operator_3.py took 0.195 seconds
[2023-03-08T12:07:40.879+0000] {processor.py:153} INFO - Started process (PID=13614) to work on /home/airflow/.local/lib/python3.7/site-packages/airflow/example_dags/example_branch_python_dop_operator_3.py
[2023-03-08T12:07:40.883+0000] {processor.py:743} INFO - Processing file /home/airflow/.local/lib/python3.7/site-packages/airflow/example_dags/example_branch_python_dop_operator_3.py for tasks to queue
[2023-03-08T12:07:40.888+0000] {logging_mixin.py:137} INFO - [2023-03-08T12:07:40.887+0000] {dagbag.py:538} INFO - Filling up the DagBag from /home/airflow/.local/lib/python3.7/site-packages/airflow/example_dags/example_branch_python_dop_operator_3.py
[2023-03-08T12:07:41.005+0000] {processor.py:753} INFO - DAG(s) dict_keys(['example_branch_dop_operator_v3']) retrieved from /home/airflow/.local/lib/python3.7/site-packages/airflow/example_dags/example_branch_python_dop_operator_3.py
[2023-03-08T12:07:41.105+0000] {logging_mixin.py:137} INFO - [2023-03-08T12:07:41.105+0000] {dag.py:2690} INFO - Sync 1 DAGs
[2023-03-08T12:07:41.204+0000] {logging_mixin.py:137} INFO - [2023-03-08T12:07:41.203+0000] {dag.py:3441} INFO - Setting next_dagrun for example_branch_dop_operator_v3 to 2023-03-08T12:06:00+00:00, run_after=2023-03-08T12:07:00+00:00
[2023-03-08T12:07:41.266+0000] {processor.py:175} INFO - Processing /home/airflow/.local/lib/python3.7/site-packages/airflow/example_dags/example_branch_python_dop_operator_3.py took 0.408 seconds
[2023-03-08T12:08:11.732+0000] {processor.py:153} INFO - Started process (PID=13672) to work on /home/airflow/.local/lib/python3.7/site-packages/airflow/example_dags/example_branch_python_dop_operator_3.py
[2023-03-08T12:08:11.734+0000] {processor.py:743} INFO - Processing file /home/airflow/.local/lib/python3.7/site-packages/airflow/example_dags/example_branch_python_dop_operator_3.py for tasks to queue
[2023-03-08T12:08:11.738+0000] {logging_mixin.py:137} INFO - [2023-03-08T12:08:11.737+0000] {dagbag.py:538} INFO - Filling up the DagBag from /home/airflow/.local/lib/python3.7/site-packages/airflow/example_dags/example_branch_python_dop_operator_3.py
[2023-03-08T12:08:11.783+0000] {processor.py:753} INFO - DAG(s) dict_keys(['example_branch_dop_operator_v3']) retrieved from /home/airflow/.local/lib/python3.7/site-packages/airflow/example_dags/example_branch_python_dop_operator_3.py
[2023-03-08T12:08:11.833+0000] {logging_mixin.py:137} INFO - [2023-03-08T12:08:11.833+0000] {dag.py:2690} INFO - Sync 1 DAGs
[2023-03-08T12:08:11.875+0000] {logging_mixin.py:137} INFO - [2023-03-08T12:08:11.875+0000] {dag.py:3441} INFO - Setting next_dagrun for example_branch_dop_operator_v3 to 2023-03-08T12:07:00+00:00, run_after=2023-03-08T12:08:00+00:00
[2023-03-08T12:08:11.907+0000] {processor.py:175} INFO - Processing /home/airflow/.local/lib/python3.7/site-packages/airflow/example_dags/example_branch_python_dop_operator_3.py took 0.180 seconds
[2023-03-08T12:08:42.247+0000] {processor.py:153} INFO - Started process (PID=13731) to work on /home/airflow/.local/lib/python3.7/site-packages/airflow/example_dags/example_branch_python_dop_operator_3.py
[2023-03-08T12:08:42.250+0000] {processor.py:743} INFO - Processing file /home/airflow/.local/lib/python3.7/site-packages/airflow/example_dags/example_branch_python_dop_operator_3.py for tasks to queue
[2023-03-08T12:08:42.253+0000] {logging_mixin.py:137} INFO - [2023-03-08T12:08:42.252+0000] {dagbag.py:538} INFO - Filling up the DagBag from /home/airflow/.local/lib/python3.7/site-packages/airflow/example_dags/example_branch_python_dop_operator_3.py
[2023-03-08T12:08:42.343+0000] {processor.py:753} INFO - DAG(s) dict_keys(['example_branch_dop_operator_v3']) retrieved from /home/airflow/.local/lib/python3.7/site-packages/airflow/example_dags/example_branch_python_dop_operator_3.py
[2023-03-08T12:08:42.427+0000] {logging_mixin.py:137} INFO - [2023-03-08T12:08:42.427+0000] {dag.py:2690} INFO - Sync 1 DAGs
[2023-03-08T12:08:42.501+0000] {logging_mixin.py:137} INFO - [2023-03-08T12:08:42.501+0000] {dag.py:3441} INFO - Setting next_dagrun for example_branch_dop_operator_v3 to 2023-03-08T12:07:00+00:00, run_after=2023-03-08T12:08:00+00:00
[2023-03-08T12:08:42.561+0000] {processor.py:175} INFO - Processing /home/airflow/.local/lib/python3.7/site-packages/airflow/example_dags/example_branch_python_dop_operator_3.py took 0.325 seconds
[2023-03-08T12:09:13.138+0000] {processor.py:153} INFO - Started process (PID=13800) to work on /home/airflow/.local/lib/python3.7/site-packages/airflow/example_dags/example_branch_python_dop_operator_3.py
[2023-03-08T12:09:13.143+0000] {processor.py:743} INFO - Processing file /home/airflow/.local/lib/python3.7/site-packages/airflow/example_dags/example_branch_python_dop_operator_3.py for tasks to queue
[2023-03-08T12:09:13.148+0000] {logging_mixin.py:137} INFO - [2023-03-08T12:09:13.146+0000] {dagbag.py:538} INFO - Filling up the DagBag from /home/airflow/.local/lib/python3.7/site-packages/airflow/example_dags/example_branch_python_dop_operator_3.py
[2023-03-08T12:09:13.204+0000] {processor.py:753} INFO - DAG(s) dict_keys(['example_branch_dop_operator_v3']) retrieved from /home/airflow/.local/lib/python3.7/site-packages/airflow/example_dags/example_branch_python_dop_operator_3.py
[2023-03-08T12:09:13.244+0000] {logging_mixin.py:137} INFO - [2023-03-08T12:09:13.244+0000] {dag.py:2690} INFO - Sync 1 DAGs
[2023-03-08T12:09:13.291+0000] {logging_mixin.py:137} INFO - [2023-03-08T12:09:13.291+0000] {dag.py:3441} INFO - Setting next_dagrun for example_branch_dop_operator_v3 to 2023-03-08T12:08:00+00:00, run_after=2023-03-08T12:09:00+00:00
[2023-03-08T12:09:13.324+0000] {processor.py:175} INFO - Processing /home/airflow/.local/lib/python3.7/site-packages/airflow/example_dags/example_branch_python_dop_operator_3.py took 0.203 seconds
[2023-03-08T12:09:43.432+0000] {processor.py:153} INFO - Started process (PID=13858) to work on /home/airflow/.local/lib/python3.7/site-packages/airflow/example_dags/example_branch_python_dop_operator_3.py
[2023-03-08T12:09:43.436+0000] {processor.py:743} INFO - Processing file /home/airflow/.local/lib/python3.7/site-packages/airflow/example_dags/example_branch_python_dop_operator_3.py for tasks to queue
[2023-03-08T12:09:43.441+0000] {logging_mixin.py:137} INFO - [2023-03-08T12:09:43.440+0000] {dagbag.py:538} INFO - Filling up the DagBag from /home/airflow/.local/lib/python3.7/site-packages/airflow/example_dags/example_branch_python_dop_operator_3.py
[2023-03-08T12:09:43.526+0000] {processor.py:753} INFO - DAG(s) dict_keys(['example_branch_dop_operator_v3']) retrieved from /home/airflow/.local/lib/python3.7/site-packages/airflow/example_dags/example_branch_python_dop_operator_3.py
[2023-03-08T12:09:43.605+0000] {logging_mixin.py:137} INFO - [2023-03-08T12:09:43.605+0000] {dag.py:2690} INFO - Sync 1 DAGs
[2023-03-08T12:09:43.683+0000] {logging_mixin.py:137} INFO - [2023-03-08T12:09:43.683+0000] {dag.py:3441} INFO - Setting next_dagrun for example_branch_dop_operator_v3 to 2023-03-08T12:08:00+00:00, run_after=2023-03-08T12:09:00+00:00
[2023-03-08T12:09:43.788+0000] {processor.py:175} INFO - Processing /home/airflow/.local/lib/python3.7/site-packages/airflow/example_dags/example_branch_python_dop_operator_3.py took 0.367 seconds
[2023-03-08T12:10:14.058+0000] {processor.py:153} INFO - Started process (PID=13917) to work on /home/airflow/.local/lib/python3.7/site-packages/airflow/example_dags/example_branch_python_dop_operator_3.py
[2023-03-08T12:10:14.060+0000] {processor.py:743} INFO - Processing file /home/airflow/.local/lib/python3.7/site-packages/airflow/example_dags/example_branch_python_dop_operator_3.py for tasks to queue
[2023-03-08T12:10:14.063+0000] {logging_mixin.py:137} INFO - [2023-03-08T12:10:14.062+0000] {dagbag.py:538} INFO - Filling up the DagBag from /home/airflow/.local/lib/python3.7/site-packages/airflow/example_dags/example_branch_python_dop_operator_3.py
[2023-03-08T12:10:14.189+0000] {processor.py:753} INFO - DAG(s) dict_keys(['example_branch_dop_operator_v3']) retrieved from /home/airflow/.local/lib/python3.7/site-packages/airflow/example_dags/example_branch_python_dop_operator_3.py
[2023-03-08T12:10:14.264+0000] {logging_mixin.py:137} INFO - [2023-03-08T12:10:14.264+0000] {dag.py:2690} INFO - Sync 1 DAGs
[2023-03-08T12:10:14.329+0000] {logging_mixin.py:137} INFO - [2023-03-08T12:10:14.329+0000] {dag.py:3441} INFO - Setting next_dagrun for example_branch_dop_operator_v3 to 2023-03-08T12:09:00+00:00, run_after=2023-03-08T12:10:00+00:00
[2023-03-08T12:10:14.391+0000] {processor.py:175} INFO - Processing /home/airflow/.local/lib/python3.7/site-packages/airflow/example_dags/example_branch_python_dop_operator_3.py took 0.343 seconds
[2023-03-08T12:10:45.105+0000] {processor.py:153} INFO - Started process (PID=13986) to work on /home/airflow/.local/lib/python3.7/site-packages/airflow/example_dags/example_branch_python_dop_operator_3.py
[2023-03-08T12:10:45.107+0000] {processor.py:743} INFO - Processing file /home/airflow/.local/lib/python3.7/site-packages/airflow/example_dags/example_branch_python_dop_operator_3.py for tasks to queue
[2023-03-08T12:10:45.111+0000] {logging_mixin.py:137} INFO - [2023-03-08T12:10:45.110+0000] {dagbag.py:538} INFO - Filling up the DagBag from /home/airflow/.local/lib/python3.7/site-packages/airflow/example_dags/example_branch_python_dop_operator_3.py
[2023-03-08T12:10:45.196+0000] {processor.py:753} INFO - DAG(s) dict_keys(['example_branch_dop_operator_v3']) retrieved from /home/airflow/.local/lib/python3.7/site-packages/airflow/example_dags/example_branch_python_dop_operator_3.py
[2023-03-08T12:10:45.282+0000] {logging_mixin.py:137} INFO - [2023-03-08T12:10:45.282+0000] {dag.py:2690} INFO - Sync 1 DAGs
[2023-03-08T12:10:45.336+0000] {logging_mixin.py:137} INFO - [2023-03-08T12:10:45.336+0000] {dag.py:3441} INFO - Setting next_dagrun for example_branch_dop_operator_v3 to 2023-03-08T12:09:00+00:00, run_after=2023-03-08T12:10:00+00:00
[2023-03-08T12:10:45.393+0000] {processor.py:175} INFO - Processing /home/airflow/.local/lib/python3.7/site-packages/airflow/example_dags/example_branch_python_dop_operator_3.py took 0.294 seconds
[2023-03-08T12:11:15.825+0000] {processor.py:153} INFO - Started process (PID=14044) to work on /home/airflow/.local/lib/python3.7/site-packages/airflow/example_dags/example_branch_python_dop_operator_3.py
[2023-03-08T12:11:15.829+0000] {processor.py:743} INFO - Processing file /home/airflow/.local/lib/python3.7/site-packages/airflow/example_dags/example_branch_python_dop_operator_3.py for tasks to queue
[2023-03-08T12:11:15.833+0000] {logging_mixin.py:137} INFO - [2023-03-08T12:11:15.832+0000] {dagbag.py:538} INFO - Filling up the DagBag from /home/airflow/.local/lib/python3.7/site-packages/airflow/example_dags/example_branch_python_dop_operator_3.py
[2023-03-08T12:11:15.893+0000] {processor.py:753} INFO - DAG(s) dict_keys(['example_branch_dop_operator_v3']) retrieved from /home/airflow/.local/lib/python3.7/site-packages/airflow/example_dags/example_branch_python_dop_operator_3.py
[2023-03-08T12:11:15.968+0000] {logging_mixin.py:137} INFO - [2023-03-08T12:11:15.968+0000] {dag.py:2690} INFO - Sync 1 DAGs
[2023-03-08T12:11:16.055+0000] {logging_mixin.py:137} INFO - [2023-03-08T12:11:16.055+0000] {dag.py:3441} INFO - Setting next_dagrun for example_branch_dop_operator_v3 to 2023-03-08T12:10:00+00:00, run_after=2023-03-08T12:11:00+00:00
[2023-03-08T12:11:16.113+0000] {processor.py:175} INFO - Processing /home/airflow/.local/lib/python3.7/site-packages/airflow/example_dags/example_branch_python_dop_operator_3.py took 0.309 seconds
[2023-03-08T12:11:46.428+0000] {processor.py:153} INFO - Started process (PID=14113) to work on /home/airflow/.local/lib/python3.7/site-packages/airflow/example_dags/example_branch_python_dop_operator_3.py
[2023-03-08T12:11:46.431+0000] {processor.py:743} INFO - Processing file /home/airflow/.local/lib/python3.7/site-packages/airflow/example_dags/example_branch_python_dop_operator_3.py for tasks to queue
[2023-03-08T12:11:46.432+0000] {logging_mixin.py:137} INFO - [2023-03-08T12:11:46.432+0000] {dagbag.py:538} INFO - Filling up the DagBag from /home/airflow/.local/lib/python3.7/site-packages/airflow/example_dags/example_branch_python_dop_operator_3.py
[2023-03-08T12:11:46.540+0000] {processor.py:753} INFO - DAG(s) dict_keys(['example_branch_dop_operator_v3']) retrieved from /home/airflow/.local/lib/python3.7/site-packages/airflow/example_dags/example_branch_python_dop_operator_3.py
[2023-03-08T12:11:46.635+0000] {logging_mixin.py:137} INFO - [2023-03-08T12:11:46.635+0000] {dag.py:2690} INFO - Sync 1 DAGs
[2023-03-08T12:11:46.702+0000] {logging_mixin.py:137} INFO - [2023-03-08T12:11:46.702+0000] {dag.py:3441} INFO - Setting next_dagrun for example_branch_dop_operator_v3 to 2023-03-08T12:10:00+00:00, run_after=2023-03-08T12:11:00+00:00
[2023-03-08T12:11:46.768+0000] {processor.py:175} INFO - Processing /home/airflow/.local/lib/python3.7/site-packages/airflow/example_dags/example_branch_python_dop_operator_3.py took 0.364 seconds
[2023-03-08T12:12:17.241+0000] {processor.py:153} INFO - Started process (PID=14172) to work on /home/airflow/.local/lib/python3.7/site-packages/airflow/example_dags/example_branch_python_dop_operator_3.py
[2023-03-08T12:12:17.245+0000] {processor.py:743} INFO - Processing file /home/airflow/.local/lib/python3.7/site-packages/airflow/example_dags/example_branch_python_dop_operator_3.py for tasks to queue
[2023-03-08T12:12:17.247+0000] {logging_mixin.py:137} INFO - [2023-03-08T12:12:17.247+0000] {dagbag.py:538} INFO - Filling up the DagBag from /home/airflow/.local/lib/python3.7/site-packages/airflow/example_dags/example_branch_python_dop_operator_3.py
[2023-03-08T12:12:17.284+0000] {processor.py:753} INFO - DAG(s) dict_keys(['example_branch_dop_operator_v3']) retrieved from /home/airflow/.local/lib/python3.7/site-packages/airflow/example_dags/example_branch_python_dop_operator_3.py
[2023-03-08T12:12:17.323+0000] {logging_mixin.py:137} INFO - [2023-03-08T12:12:17.323+0000] {dag.py:2690} INFO - Sync 1 DAGs
[2023-03-08T12:12:17.371+0000] {logging_mixin.py:137} INFO - [2023-03-08T12:12:17.371+0000] {dag.py:3441} INFO - Setting next_dagrun for example_branch_dop_operator_v3 to 2023-03-08T12:11:00+00:00, run_after=2023-03-08T12:12:00+00:00
[2023-03-08T12:12:17.400+0000] {processor.py:175} INFO - Processing /home/airflow/.local/lib/python3.7/site-packages/airflow/example_dags/example_branch_python_dop_operator_3.py took 0.164 seconds
[2023-03-08T12:12:47.759+0000] {processor.py:153} INFO - Started process (PID=14230) to work on /home/airflow/.local/lib/python3.7/site-packages/airflow/example_dags/example_branch_python_dop_operator_3.py
[2023-03-08T12:12:47.763+0000] {processor.py:743} INFO - Processing file /home/airflow/.local/lib/python3.7/site-packages/airflow/example_dags/example_branch_python_dop_operator_3.py for tasks to queue
[2023-03-08T12:12:47.768+0000] {logging_mixin.py:137} INFO - [2023-03-08T12:12:47.767+0000] {dagbag.py:538} INFO - Filling up the DagBag from /home/airflow/.local/lib/python3.7/site-packages/airflow/example_dags/example_branch_python_dop_operator_3.py
[2023-03-08T12:12:47.821+0000] {processor.py:753} INFO - DAG(s) dict_keys(['example_branch_dop_operator_v3']) retrieved from /home/airflow/.local/lib/python3.7/site-packages/airflow/example_dags/example_branch_python_dop_operator_3.py
[2023-03-08T12:12:47.864+0000] {logging_mixin.py:137} INFO - [2023-03-08T12:12:47.864+0000] {dag.py:2690} INFO - Sync 1 DAGs
[2023-03-08T12:12:47.911+0000] {logging_mixin.py:137} INFO - [2023-03-08T12:12:47.910+0000] {dag.py:3441} INFO - Setting next_dagrun for example_branch_dop_operator_v3 to 2023-03-08T12:11:00+00:00, run_after=2023-03-08T12:12:00+00:00
[2023-03-08T12:12:47.942+0000] {processor.py:175} INFO - Processing /home/airflow/.local/lib/python3.7/site-packages/airflow/example_dags/example_branch_python_dop_operator_3.py took 0.192 seconds
[2023-03-08T12:13:18.733+0000] {processor.py:153} INFO - Started process (PID=14298) to work on /home/airflow/.local/lib/python3.7/site-packages/airflow/example_dags/example_branch_python_dop_operator_3.py
[2023-03-08T12:13:18.739+0000] {processor.py:743} INFO - Processing file /home/airflow/.local/lib/python3.7/site-packages/airflow/example_dags/example_branch_python_dop_operator_3.py for tasks to queue
[2023-03-08T12:13:18.742+0000] {logging_mixin.py:137} INFO - [2023-03-08T12:13:18.741+0000] {dagbag.py:538} INFO - Filling up the DagBag from /home/airflow/.local/lib/python3.7/site-packages/airflow/example_dags/example_branch_python_dop_operator_3.py
[2023-03-08T12:13:18.806+0000] {processor.py:753} INFO - DAG(s) dict_keys(['example_branch_dop_operator_v3']) retrieved from /home/airflow/.local/lib/python3.7/site-packages/airflow/example_dags/example_branch_python_dop_operator_3.py
[2023-03-08T12:13:18.854+0000] {logging_mixin.py:137} INFO - [2023-03-08T12:13:18.854+0000] {dag.py:2690} INFO - Sync 1 DAGs
[2023-03-08T12:13:18.924+0000] {logging_mixin.py:137} INFO - [2023-03-08T12:13:18.923+0000] {dag.py:3441} INFO - Setting next_dagrun for example_branch_dop_operator_v3 to 2023-03-08T12:12:00+00:00, run_after=2023-03-08T12:13:00+00:00
[2023-03-08T12:13:18.988+0000] {processor.py:175} INFO - Processing /home/airflow/.local/lib/python3.7/site-packages/airflow/example_dags/example_branch_python_dop_operator_3.py took 0.266 seconds
[2023-03-08T12:13:49.392+0000] {processor.py:153} INFO - Started process (PID=14358) to work on /home/airflow/.local/lib/python3.7/site-packages/airflow/example_dags/example_branch_python_dop_operator_3.py
[2023-03-08T12:13:49.416+0000] {processor.py:743} INFO - Processing file /home/airflow/.local/lib/python3.7/site-packages/airflow/example_dags/example_branch_python_dop_operator_3.py for tasks to queue
[2023-03-08T12:13:49.429+0000] {logging_mixin.py:137} INFO - [2023-03-08T12:13:49.429+0000] {dagbag.py:538} INFO - Filling up the DagBag from /home/airflow/.local/lib/python3.7/site-packages/airflow/example_dags/example_branch_python_dop_operator_3.py
[2023-03-08T12:13:49.637+0000] {processor.py:753} INFO - DAG(s) dict_keys(['example_branch_dop_operator_v3']) retrieved from /home/airflow/.local/lib/python3.7/site-packages/airflow/example_dags/example_branch_python_dop_operator_3.py
[2023-03-08T12:13:49.739+0000] {logging_mixin.py:137} INFO - [2023-03-08T12:13:49.739+0000] {dag.py:2690} INFO - Sync 1 DAGs
[2023-03-08T12:13:49.917+0000] {logging_mixin.py:137} INFO - [2023-03-08T12:13:49.917+0000] {dag.py:3441} INFO - Setting next_dagrun for example_branch_dop_operator_v3 to 2023-03-08T12:12:00+00:00, run_after=2023-03-08T12:13:00+00:00
[2023-03-08T12:13:49.991+0000] {processor.py:175} INFO - Processing /home/airflow/.local/lib/python3.7/site-packages/airflow/example_dags/example_branch_python_dop_operator_3.py took 0.610 seconds
[2023-03-08T12:14:21.266+0000] {processor.py:153} INFO - Started process (PID=14416) to work on /home/airflow/.local/lib/python3.7/site-packages/airflow/example_dags/example_branch_python_dop_operator_3.py
[2023-03-08T12:14:21.283+0000] {processor.py:743} INFO - Processing file /home/airflow/.local/lib/python3.7/site-packages/airflow/example_dags/example_branch_python_dop_operator_3.py for tasks to queue
[2023-03-08T12:14:21.295+0000] {logging_mixin.py:137} INFO - [2023-03-08T12:14:21.292+0000] {dagbag.py:538} INFO - Filling up the DagBag from /home/airflow/.local/lib/python3.7/site-packages/airflow/example_dags/example_branch_python_dop_operator_3.py
[2023-03-08T12:14:21.679+0000] {processor.py:753} INFO - DAG(s) dict_keys(['example_branch_dop_operator_v3']) retrieved from /home/airflow/.local/lib/python3.7/site-packages/airflow/example_dags/example_branch_python_dop_operator_3.py
[2023-03-08T12:14:22.090+0000] {logging_mixin.py:137} INFO - [2023-03-08T12:14:22.089+0000] {dag.py:2690} INFO - Sync 1 DAGs
[2023-03-08T12:14:22.342+0000] {logging_mixin.py:137} INFO - [2023-03-08T12:14:22.342+0000] {dag.py:3441} INFO - Setting next_dagrun for example_branch_dop_operator_v3 to 2023-03-08T12:13:00+00:00, run_after=2023-03-08T12:14:00+00:00
[2023-03-08T12:14:22.500+0000] {processor.py:175} INFO - Processing /home/airflow/.local/lib/python3.7/site-packages/airflow/example_dags/example_branch_python_dop_operator_3.py took 1.256 seconds
[2023-03-08T12:14:53.270+0000] {processor.py:153} INFO - Started process (PID=14475) to work on /home/airflow/.local/lib/python3.7/site-packages/airflow/example_dags/example_branch_python_dop_operator_3.py
[2023-03-08T12:14:53.273+0000] {processor.py:743} INFO - Processing file /home/airflow/.local/lib/python3.7/site-packages/airflow/example_dags/example_branch_python_dop_operator_3.py for tasks to queue
[2023-03-08T12:14:53.276+0000] {logging_mixin.py:137} INFO - [2023-03-08T12:14:53.276+0000] {dagbag.py:538} INFO - Filling up the DagBag from /home/airflow/.local/lib/python3.7/site-packages/airflow/example_dags/example_branch_python_dop_operator_3.py
[2023-03-08T12:14:53.319+0000] {processor.py:753} INFO - DAG(s) dict_keys(['example_branch_dop_operator_v3']) retrieved from /home/airflow/.local/lib/python3.7/site-packages/airflow/example_dags/example_branch_python_dop_operator_3.py
[2023-03-08T12:14:53.380+0000] {logging_mixin.py:137} INFO - [2023-03-08T12:14:53.380+0000] {dag.py:2690} INFO - Sync 1 DAGs
[2023-03-08T12:14:53.420+0000] {logging_mixin.py:137} INFO - [2023-03-08T12:14:53.420+0000] {dag.py:3441} INFO - Setting next_dagrun for example_branch_dop_operator_v3 to 2023-03-08T12:13:00+00:00, run_after=2023-03-08T12:14:00+00:00
[2023-03-08T12:14:53.452+0000] {processor.py:175} INFO - Processing /home/airflow/.local/lib/python3.7/site-packages/airflow/example_dags/example_branch_python_dop_operator_3.py took 0.188 seconds
[2023-03-08T12:15:23.891+0000] {processor.py:153} INFO - Started process (PID=14544) to work on /home/airflow/.local/lib/python3.7/site-packages/airflow/example_dags/example_branch_python_dop_operator_3.py
[2023-03-08T12:15:23.905+0000] {processor.py:743} INFO - Processing file /home/airflow/.local/lib/python3.7/site-packages/airflow/example_dags/example_branch_python_dop_operator_3.py for tasks to queue
[2023-03-08T12:15:23.912+0000] {logging_mixin.py:137} INFO - [2023-03-08T12:15:23.911+0000] {dagbag.py:538} INFO - Filling up the DagBag from /home/airflow/.local/lib/python3.7/site-packages/airflow/example_dags/example_branch_python_dop_operator_3.py
[2023-03-08T12:15:23.995+0000] {processor.py:753} INFO - DAG(s) dict_keys(['example_branch_dop_operator_v3']) retrieved from /home/airflow/.local/lib/python3.7/site-packages/airflow/example_dags/example_branch_python_dop_operator_3.py
[2023-03-08T12:15:24.076+0000] {logging_mixin.py:137} INFO - [2023-03-08T12:15:24.076+0000] {dag.py:2690} INFO - Sync 1 DAGs
[2023-03-08T12:15:24.133+0000] {logging_mixin.py:137} INFO - [2023-03-08T12:15:24.132+0000] {dag.py:3441} INFO - Setting next_dagrun for example_branch_dop_operator_v3 to 2023-03-08T12:14:00+00:00, run_after=2023-03-08T12:15:00+00:00
[2023-03-08T12:15:24.191+0000] {processor.py:175} INFO - Processing /home/airflow/.local/lib/python3.7/site-packages/airflow/example_dags/example_branch_python_dop_operator_3.py took 0.318 seconds
[2023-03-08T12:15:55.059+0000] {processor.py:153} INFO - Started process (PID=14603) to work on /home/airflow/.local/lib/python3.7/site-packages/airflow/example_dags/example_branch_python_dop_operator_3.py
[2023-03-08T12:15:55.065+0000] {processor.py:743} INFO - Processing file /home/airflow/.local/lib/python3.7/site-packages/airflow/example_dags/example_branch_python_dop_operator_3.py for tasks to queue
[2023-03-08T12:15:55.067+0000] {logging_mixin.py:137} INFO - [2023-03-08T12:15:55.066+0000] {dagbag.py:538} INFO - Filling up the DagBag from /home/airflow/.local/lib/python3.7/site-packages/airflow/example_dags/example_branch_python_dop_operator_3.py
[2023-03-08T12:15:55.180+0000] {processor.py:753} INFO - DAG(s) dict_keys(['example_branch_dop_operator_v3']) retrieved from /home/airflow/.local/lib/python3.7/site-packages/airflow/example_dags/example_branch_python_dop_operator_3.py
[2023-03-08T12:15:55.280+0000] {logging_mixin.py:137} INFO - [2023-03-08T12:15:55.280+0000] {dag.py:2690} INFO - Sync 1 DAGs
[2023-03-08T12:15:55.388+0000] {logging_mixin.py:137} INFO - [2023-03-08T12:15:55.388+0000] {dag.py:3441} INFO - Setting next_dagrun for example_branch_dop_operator_v3 to 2023-03-08T12:14:00+00:00, run_after=2023-03-08T12:15:00+00:00
[2023-03-08T12:15:55.470+0000] {processor.py:175} INFO - Processing /home/airflow/.local/lib/python3.7/site-packages/airflow/example_dags/example_branch_python_dop_operator_3.py took 0.418 seconds
[2023-03-08T12:16:26.239+0000] {processor.py:153} INFO - Started process (PID=14672) to work on /home/airflow/.local/lib/python3.7/site-packages/airflow/example_dags/example_branch_python_dop_operator_3.py
[2023-03-08T12:16:26.242+0000] {processor.py:743} INFO - Processing file /home/airflow/.local/lib/python3.7/site-packages/airflow/example_dags/example_branch_python_dop_operator_3.py for tasks to queue
[2023-03-08T12:16:26.244+0000] {logging_mixin.py:137} INFO - [2023-03-08T12:16:26.244+0000] {dagbag.py:538} INFO - Filling up the DagBag from /home/airflow/.local/lib/python3.7/site-packages/airflow/example_dags/example_branch_python_dop_operator_3.py
[2023-03-08T12:16:26.328+0000] {processor.py:753} INFO - DAG(s) dict_keys(['example_branch_dop_operator_v3']) retrieved from /home/airflow/.local/lib/python3.7/site-packages/airflow/example_dags/example_branch_python_dop_operator_3.py
[2023-03-08T12:16:26.395+0000] {logging_mixin.py:137} INFO - [2023-03-08T12:16:26.395+0000] {dag.py:2690} INFO - Sync 1 DAGs
[2023-03-08T12:16:26.466+0000] {logging_mixin.py:137} INFO - [2023-03-08T12:16:26.466+0000] {dag.py:3441} INFO - Setting next_dagrun for example_branch_dop_operator_v3 to 2023-03-08T12:15:00+00:00, run_after=2023-03-08T12:16:00+00:00
[2023-03-08T12:16:26.538+0000] {processor.py:175} INFO - Processing /home/airflow/.local/lib/python3.7/site-packages/airflow/example_dags/example_branch_python_dop_operator_3.py took 0.316 seconds
[2023-03-08T12:16:57.161+0000] {processor.py:153} INFO - Started process (PID=14730) to work on /home/airflow/.local/lib/python3.7/site-packages/airflow/example_dags/example_branch_python_dop_operator_3.py
[2023-03-08T12:16:57.164+0000] {processor.py:743} INFO - Processing file /home/airflow/.local/lib/python3.7/site-packages/airflow/example_dags/example_branch_python_dop_operator_3.py for tasks to queue
[2023-03-08T12:16:57.169+0000] {logging_mixin.py:137} INFO - [2023-03-08T12:16:57.168+0000] {dagbag.py:538} INFO - Filling up the DagBag from /home/airflow/.local/lib/python3.7/site-packages/airflow/example_dags/example_branch_python_dop_operator_3.py
[2023-03-08T12:16:57.219+0000] {processor.py:753} INFO - DAG(s) dict_keys(['example_branch_dop_operator_v3']) retrieved from /home/airflow/.local/lib/python3.7/site-packages/airflow/example_dags/example_branch_python_dop_operator_3.py
[2023-03-08T12:16:57.273+0000] {logging_mixin.py:137} INFO - [2023-03-08T12:16:57.272+0000] {dag.py:2690} INFO - Sync 1 DAGs
[2023-03-08T12:16:57.316+0000] {logging_mixin.py:137} INFO - [2023-03-08T12:16:57.315+0000] {dag.py:3441} INFO - Setting next_dagrun for example_branch_dop_operator_v3 to 2023-03-08T12:15:00+00:00, run_after=2023-03-08T12:16:00+00:00
[2023-03-08T12:16:57.350+0000] {processor.py:175} INFO - Processing /home/airflow/.local/lib/python3.7/site-packages/airflow/example_dags/example_branch_python_dop_operator_3.py took 0.194 seconds
[2023-03-08T12:17:27.955+0000] {processor.py:153} INFO - Started process (PID=14788) to work on /home/airflow/.local/lib/python3.7/site-packages/airflow/example_dags/example_branch_python_dop_operator_3.py
[2023-03-08T12:17:27.959+0000] {processor.py:743} INFO - Processing file /home/airflow/.local/lib/python3.7/site-packages/airflow/example_dags/example_branch_python_dop_operator_3.py for tasks to queue
[2023-03-08T12:17:27.962+0000] {logging_mixin.py:137} INFO - [2023-03-08T12:17:27.962+0000] {dagbag.py:538} INFO - Filling up the DagBag from /home/airflow/.local/lib/python3.7/site-packages/airflow/example_dags/example_branch_python_dop_operator_3.py
[2023-03-08T12:17:28.039+0000] {processor.py:753} INFO - DAG(s) dict_keys(['example_branch_dop_operator_v3']) retrieved from /home/airflow/.local/lib/python3.7/site-packages/airflow/example_dags/example_branch_python_dop_operator_3.py
[2023-03-08T12:17:28.100+0000] {logging_mixin.py:137} INFO - [2023-03-08T12:17:28.100+0000] {dag.py:2690} INFO - Sync 1 DAGs
[2023-03-08T12:17:28.140+0000] {logging_mixin.py:137} INFO - [2023-03-08T12:17:28.140+0000] {dag.py:3441} INFO - Setting next_dagrun for example_branch_dop_operator_v3 to 2023-03-08T12:16:00+00:00, run_after=2023-03-08T12:17:00+00:00
[2023-03-08T12:17:28.191+0000] {processor.py:175} INFO - Processing /home/airflow/.local/lib/python3.7/site-packages/airflow/example_dags/example_branch_python_dop_operator_3.py took 0.253 seconds
[2023-03-08T12:17:58.327+0000] {processor.py:153} INFO - Started process (PID=14857) to work on /home/airflow/.local/lib/python3.7/site-packages/airflow/example_dags/example_branch_python_dop_operator_3.py
[2023-03-08T12:17:58.330+0000] {processor.py:743} INFO - Processing file /home/airflow/.local/lib/python3.7/site-packages/airflow/example_dags/example_branch_python_dop_operator_3.py for tasks to queue
[2023-03-08T12:17:58.332+0000] {logging_mixin.py:137} INFO - [2023-03-08T12:17:58.332+0000] {dagbag.py:538} INFO - Filling up the DagBag from /home/airflow/.local/lib/python3.7/site-packages/airflow/example_dags/example_branch_python_dop_operator_3.py
[2023-03-08T12:17:58.363+0000] {processor.py:753} INFO - DAG(s) dict_keys(['example_branch_dop_operator_v3']) retrieved from /home/airflow/.local/lib/python3.7/site-packages/airflow/example_dags/example_branch_python_dop_operator_3.py
[2023-03-08T12:17:58.400+0000] {logging_mixin.py:137} INFO - [2023-03-08T12:17:58.399+0000] {dag.py:2690} INFO - Sync 1 DAGs
[2023-03-08T12:17:58.432+0000] {logging_mixin.py:137} INFO - [2023-03-08T12:17:58.432+0000] {dag.py:3441} INFO - Setting next_dagrun for example_branch_dop_operator_v3 to 2023-03-08T12:16:00+00:00, run_after=2023-03-08T12:17:00+00:00
[2023-03-08T12:17:58.465+0000] {processor.py:175} INFO - Processing /home/airflow/.local/lib/python3.7/site-packages/airflow/example_dags/example_branch_python_dop_operator_3.py took 0.143 seconds
