[2023-03-08T03:17:55.139+0000] {processor.py:153} INFO - Started process (PID=12223) to work on /home/airflow/.local/lib/python3.7/site-packages/airflow/example_dags/example_branch_labels.py
[2023-03-08T03:17:55.144+0000] {processor.py:743} INFO - Processing file /home/airflow/.local/lib/python3.7/site-packages/airflow/example_dags/example_branch_labels.py for tasks to queue
[2023-03-08T03:17:55.154+0000] {logging_mixin.py:137} INFO - [2023-03-08T03:17:55.154+0000] {dagbag.py:538} INFO - Filling up the DagBag from /home/airflow/.local/lib/python3.7/site-packages/airflow/example_dags/example_branch_labels.py
[2023-03-08T03:17:55.235+0000] {processor.py:753} INFO - DAG(s) dict_keys(['example_branch_labels']) retrieved from /home/airflow/.local/lib/python3.7/site-packages/airflow/example_dags/example_branch_labels.py
[2023-03-08T03:17:55.396+0000] {logging_mixin.py:137} INFO - [2023-03-08T03:17:55.396+0000] {dag.py:2690} INFO - Sync 1 DAGs
[2023-03-08T03:17:55.504+0000] {logging_mixin.py:137} INFO - [2023-03-08T03:17:55.504+0000] {dag.py:3441} INFO - Setting next_dagrun for example_branch_labels to 2023-03-07T00:00:00+00:00, run_after=2023-03-08T00:00:00+00:00
[2023-03-08T03:17:55.670+0000] {processor.py:175} INFO - Processing /home/airflow/.local/lib/python3.7/site-packages/airflow/example_dags/example_branch_labels.py took 0.559 seconds
[2023-03-08T11:56:41.462+0000] {processor.py:153} INFO - Started process (PID=12320) to work on /home/airflow/.local/lib/python3.7/site-packages/airflow/example_dags/example_branch_labels.py
[2023-03-08T11:56:41.475+0000] {processor.py:743} INFO - Processing file /home/airflow/.local/lib/python3.7/site-packages/airflow/example_dags/example_branch_labels.py for tasks to queue
[2023-03-08T11:56:41.486+0000] {logging_mixin.py:137} INFO - [2023-03-08T11:56:41.485+0000] {dagbag.py:538} INFO - Filling up the DagBag from /home/airflow/.local/lib/python3.7/site-packages/airflow/example_dags/example_branch_labels.py
[2023-03-08T11:56:41.654+0000] {processor.py:753} INFO - DAG(s) dict_keys(['example_branch_labels']) retrieved from /home/airflow/.local/lib/python3.7/site-packages/airflow/example_dags/example_branch_labels.py
[2023-03-08T11:56:41.932+0000] {logging_mixin.py:137} INFO - [2023-03-08T11:56:41.931+0000] {dag.py:2690} INFO - Sync 1 DAGs
[2023-03-08T11:56:42.243+0000] {logging_mixin.py:137} INFO - [2023-03-08T11:56:42.242+0000] {dag.py:3441} INFO - Setting next_dagrun for example_branch_labels to 2023-03-07T00:00:00+00:00, run_after=2023-03-08T00:00:00+00:00
[2023-03-08T11:56:42.465+0000] {processor.py:175} INFO - Processing /home/airflow/.local/lib/python3.7/site-packages/airflow/example_dags/example_branch_labels.py took 1.059 seconds
[2023-03-08T11:57:12.702+0000] {processor.py:153} INFO - Started process (PID=12370) to work on /home/airflow/.local/lib/python3.7/site-packages/airflow/example_dags/example_branch_labels.py
[2023-03-08T11:57:12.709+0000] {processor.py:743} INFO - Processing file /home/airflow/.local/lib/python3.7/site-packages/airflow/example_dags/example_branch_labels.py for tasks to queue
[2023-03-08T11:57:12.715+0000] {logging_mixin.py:137} INFO - [2023-03-08T11:57:12.714+0000] {dagbag.py:538} INFO - Filling up the DagBag from /home/airflow/.local/lib/python3.7/site-packages/airflow/example_dags/example_branch_labels.py
[2023-03-08T11:57:12.747+0000] {processor.py:753} INFO - DAG(s) dict_keys(['example_branch_labels']) retrieved from /home/airflow/.local/lib/python3.7/site-packages/airflow/example_dags/example_branch_labels.py
[2023-03-08T11:57:12.871+0000] {logging_mixin.py:137} INFO - [2023-03-08T11:57:12.869+0000] {dag.py:2690} INFO - Sync 1 DAGs
[2023-03-08T11:57:12.958+0000] {logging_mixin.py:137} INFO - [2023-03-08T11:57:12.958+0000] {dag.py:3441} INFO - Setting next_dagrun for example_branch_labels to 2023-03-07T00:00:00+00:00, run_after=2023-03-08T00:00:00+00:00
[2023-03-08T11:57:13.019+0000] {processor.py:175} INFO - Processing /home/airflow/.local/lib/python3.7/site-packages/airflow/example_dags/example_branch_labels.py took 0.332 seconds
[2023-03-08T11:57:43.377+0000] {processor.py:153} INFO - Started process (PID=12429) to work on /home/airflow/.local/lib/python3.7/site-packages/airflow/example_dags/example_branch_labels.py
[2023-03-08T11:57:43.383+0000] {processor.py:743} INFO - Processing file /home/airflow/.local/lib/python3.7/site-packages/airflow/example_dags/example_branch_labels.py for tasks to queue
[2023-03-08T11:57:43.386+0000] {logging_mixin.py:137} INFO - [2023-03-08T11:57:43.386+0000] {dagbag.py:538} INFO - Filling up the DagBag from /home/airflow/.local/lib/python3.7/site-packages/airflow/example_dags/example_branch_labels.py
[2023-03-08T11:57:43.436+0000] {processor.py:753} INFO - DAG(s) dict_keys(['example_branch_labels']) retrieved from /home/airflow/.local/lib/python3.7/site-packages/airflow/example_dags/example_branch_labels.py
[2023-03-08T11:57:43.506+0000] {logging_mixin.py:137} INFO - [2023-03-08T11:57:43.506+0000] {dag.py:2690} INFO - Sync 1 DAGs
[2023-03-08T11:57:43.547+0000] {logging_mixin.py:137} INFO - [2023-03-08T11:57:43.546+0000] {dag.py:3441} INFO - Setting next_dagrun for example_branch_labels to 2023-03-07T00:00:00+00:00, run_after=2023-03-08T00:00:00+00:00
[2023-03-08T11:57:43.594+0000] {processor.py:175} INFO - Processing /home/airflow/.local/lib/python3.7/site-packages/airflow/example_dags/example_branch_labels.py took 0.235 seconds
[2023-03-08T11:58:14.003+0000] {processor.py:153} INFO - Started process (PID=12488) to work on /home/airflow/.local/lib/python3.7/site-packages/airflow/example_dags/example_branch_labels.py
[2023-03-08T11:58:14.011+0000] {processor.py:743} INFO - Processing file /home/airflow/.local/lib/python3.7/site-packages/airflow/example_dags/example_branch_labels.py for tasks to queue
[2023-03-08T11:58:14.019+0000] {logging_mixin.py:137} INFO - [2023-03-08T11:58:14.018+0000] {dagbag.py:538} INFO - Filling up the DagBag from /home/airflow/.local/lib/python3.7/site-packages/airflow/example_dags/example_branch_labels.py
[2023-03-08T11:58:14.075+0000] {processor.py:753} INFO - DAG(s) dict_keys(['example_branch_labels']) retrieved from /home/airflow/.local/lib/python3.7/site-packages/airflow/example_dags/example_branch_labels.py
[2023-03-08T11:58:14.233+0000] {logging_mixin.py:137} INFO - [2023-03-08T11:58:14.233+0000] {dag.py:2690} INFO - Sync 1 DAGs
[2023-03-08T11:58:14.416+0000] {logging_mixin.py:137} INFO - [2023-03-08T11:58:14.416+0000] {dag.py:3441} INFO - Setting next_dagrun for example_branch_labels to 2023-03-07T00:00:00+00:00, run_after=2023-03-08T00:00:00+00:00
[2023-03-08T11:58:14.516+0000] {processor.py:175} INFO - Processing /home/airflow/.local/lib/python3.7/site-packages/airflow/example_dags/example_branch_labels.py took 0.528 seconds
[2023-03-08T11:58:45.366+0000] {processor.py:153} INFO - Started process (PID=12556) to work on /home/airflow/.local/lib/python3.7/site-packages/airflow/example_dags/example_branch_labels.py
[2023-03-08T11:58:45.370+0000] {processor.py:743} INFO - Processing file /home/airflow/.local/lib/python3.7/site-packages/airflow/example_dags/example_branch_labels.py for tasks to queue
[2023-03-08T11:58:45.378+0000] {logging_mixin.py:137} INFO - [2023-03-08T11:58:45.375+0000] {dagbag.py:538} INFO - Filling up the DagBag from /home/airflow/.local/lib/python3.7/site-packages/airflow/example_dags/example_branch_labels.py
[2023-03-08T11:58:45.426+0000] {processor.py:753} INFO - DAG(s) dict_keys(['example_branch_labels']) retrieved from /home/airflow/.local/lib/python3.7/site-packages/airflow/example_dags/example_branch_labels.py
[2023-03-08T11:58:45.509+0000] {logging_mixin.py:137} INFO - [2023-03-08T11:58:45.509+0000] {dag.py:2690} INFO - Sync 1 DAGs
[2023-03-08T11:58:45.597+0000] {logging_mixin.py:137} INFO - [2023-03-08T11:58:45.597+0000] {dag.py:3441} INFO - Setting next_dagrun for example_branch_labels to 2023-03-07T00:00:00+00:00, run_after=2023-03-08T00:00:00+00:00
[2023-03-08T11:58:45.654+0000] {processor.py:175} INFO - Processing /home/airflow/.local/lib/python3.7/site-packages/airflow/example_dags/example_branch_labels.py took 0.300 seconds
[2023-03-08T11:59:16.409+0000] {processor.py:153} INFO - Started process (PID=12613) to work on /home/airflow/.local/lib/python3.7/site-packages/airflow/example_dags/example_branch_labels.py
[2023-03-08T11:59:16.427+0000] {processor.py:743} INFO - Processing file /home/airflow/.local/lib/python3.7/site-packages/airflow/example_dags/example_branch_labels.py for tasks to queue
[2023-03-08T11:59:16.447+0000] {logging_mixin.py:137} INFO - [2023-03-08T11:59:16.446+0000] {dagbag.py:538} INFO - Filling up the DagBag from /home/airflow/.local/lib/python3.7/site-packages/airflow/example_dags/example_branch_labels.py
[2023-03-08T11:59:16.560+0000] {processor.py:753} INFO - DAG(s) dict_keys(['example_branch_labels']) retrieved from /home/airflow/.local/lib/python3.7/site-packages/airflow/example_dags/example_branch_labels.py
[2023-03-08T11:59:16.720+0000] {logging_mixin.py:137} INFO - [2023-03-08T11:59:16.719+0000] {dag.py:2690} INFO - Sync 1 DAGs
[2023-03-08T11:59:17.015+0000] {logging_mixin.py:137} INFO - [2023-03-08T11:59:17.007+0000] {dag.py:3441} INFO - Setting next_dagrun for example_branch_labels to 2023-03-07T00:00:00+00:00, run_after=2023-03-08T00:00:00+00:00
[2023-03-08T11:59:18.003+0000] {processor.py:175} INFO - Processing /home/airflow/.local/lib/python3.7/site-packages/airflow/example_dags/example_branch_labels.py took 1.696 seconds
[2023-03-08T11:59:48.944+0000] {processor.py:153} INFO - Started process (PID=12672) to work on /home/airflow/.local/lib/python3.7/site-packages/airflow/example_dags/example_branch_labels.py
[2023-03-08T11:59:48.947+0000] {processor.py:743} INFO - Processing file /home/airflow/.local/lib/python3.7/site-packages/airflow/example_dags/example_branch_labels.py for tasks to queue
[2023-03-08T11:59:48.950+0000] {logging_mixin.py:137} INFO - [2023-03-08T11:59:48.949+0000] {dagbag.py:538} INFO - Filling up the DagBag from /home/airflow/.local/lib/python3.7/site-packages/airflow/example_dags/example_branch_labels.py
[2023-03-08T11:59:48.974+0000] {processor.py:753} INFO - DAG(s) dict_keys(['example_branch_labels']) retrieved from /home/airflow/.local/lib/python3.7/site-packages/airflow/example_dags/example_branch_labels.py
[2023-03-08T11:59:49.021+0000] {logging_mixin.py:137} INFO - [2023-03-08T11:59:49.021+0000] {dag.py:2690} INFO - Sync 1 DAGs
[2023-03-08T11:59:49.049+0000] {logging_mixin.py:137} INFO - [2023-03-08T11:59:49.049+0000] {dag.py:3441} INFO - Setting next_dagrun for example_branch_labels to 2023-03-07T00:00:00+00:00, run_after=2023-03-08T00:00:00+00:00
[2023-03-08T11:59:49.074+0000] {processor.py:175} INFO - Processing /home/airflow/.local/lib/python3.7/site-packages/airflow/example_dags/example_branch_labels.py took 0.141 seconds
[2023-03-08T12:00:19.419+0000] {processor.py:153} INFO - Started process (PID=12730) to work on /home/airflow/.local/lib/python3.7/site-packages/airflow/example_dags/example_branch_labels.py
[2023-03-08T12:00:19.428+0000] {processor.py:743} INFO - Processing file /home/airflow/.local/lib/python3.7/site-packages/airflow/example_dags/example_branch_labels.py for tasks to queue
[2023-03-08T12:00:19.430+0000] {logging_mixin.py:137} INFO - [2023-03-08T12:00:19.430+0000] {dagbag.py:538} INFO - Filling up the DagBag from /home/airflow/.local/lib/python3.7/site-packages/airflow/example_dags/example_branch_labels.py
[2023-03-08T12:00:19.523+0000] {processor.py:753} INFO - DAG(s) dict_keys(['example_branch_labels']) retrieved from /home/airflow/.local/lib/python3.7/site-packages/airflow/example_dags/example_branch_labels.py
[2023-03-08T12:00:19.638+0000] {logging_mixin.py:137} INFO - [2023-03-08T12:00:19.638+0000] {dag.py:2690} INFO - Sync 1 DAGs
[2023-03-08T12:00:19.701+0000] {logging_mixin.py:137} INFO - [2023-03-08T12:00:19.701+0000] {dag.py:3441} INFO - Setting next_dagrun for example_branch_labels to 2023-03-07T00:00:00+00:00, run_after=2023-03-08T00:00:00+00:00
[2023-03-08T12:00:19.748+0000] {processor.py:175} INFO - Processing /home/airflow/.local/lib/python3.7/site-packages/airflow/example_dags/example_branch_labels.py took 0.334 seconds
[2023-03-08T12:00:50.045+0000] {processor.py:153} INFO - Started process (PID=12796) to work on /home/airflow/.local/lib/python3.7/site-packages/airflow/example_dags/example_branch_labels.py
[2023-03-08T12:00:50.048+0000] {processor.py:743} INFO - Processing file /home/airflow/.local/lib/python3.7/site-packages/airflow/example_dags/example_branch_labels.py for tasks to queue
[2023-03-08T12:00:50.051+0000] {logging_mixin.py:137} INFO - [2023-03-08T12:00:50.050+0000] {dagbag.py:538} INFO - Filling up the DagBag from /home/airflow/.local/lib/python3.7/site-packages/airflow/example_dags/example_branch_labels.py
[2023-03-08T12:00:50.079+0000] {processor.py:753} INFO - DAG(s) dict_keys(['example_branch_labels']) retrieved from /home/airflow/.local/lib/python3.7/site-packages/airflow/example_dags/example_branch_labels.py
[2023-03-08T12:00:50.121+0000] {logging_mixin.py:137} INFO - [2023-03-08T12:00:50.121+0000] {dag.py:2690} INFO - Sync 1 DAGs
[2023-03-08T12:00:50.149+0000] {logging_mixin.py:137} INFO - [2023-03-08T12:00:50.149+0000] {dag.py:3441} INFO - Setting next_dagrun for example_branch_labels to 2023-03-07T00:00:00+00:00, run_after=2023-03-08T00:00:00+00:00
[2023-03-08T12:00:50.173+0000] {processor.py:175} INFO - Processing /home/airflow/.local/lib/python3.7/site-packages/airflow/example_dags/example_branch_labels.py took 0.132 seconds
[2023-03-08T12:01:21.072+0000] {processor.py:153} INFO - Started process (PID=12854) to work on /home/airflow/.local/lib/python3.7/site-packages/airflow/example_dags/example_branch_labels.py
[2023-03-08T12:01:21.076+0000] {processor.py:743} INFO - Processing file /home/airflow/.local/lib/python3.7/site-packages/airflow/example_dags/example_branch_labels.py for tasks to queue
[2023-03-08T12:01:21.079+0000] {logging_mixin.py:137} INFO - [2023-03-08T12:01:21.078+0000] {dagbag.py:538} INFO - Filling up the DagBag from /home/airflow/.local/lib/python3.7/site-packages/airflow/example_dags/example_branch_labels.py
[2023-03-08T12:01:21.144+0000] {processor.py:753} INFO - DAG(s) dict_keys(['example_branch_labels']) retrieved from /home/airflow/.local/lib/python3.7/site-packages/airflow/example_dags/example_branch_labels.py
[2023-03-08T12:01:21.193+0000] {logging_mixin.py:137} INFO - [2023-03-08T12:01:21.193+0000] {dag.py:2690} INFO - Sync 1 DAGs
[2023-03-08T12:01:21.223+0000] {logging_mixin.py:137} INFO - [2023-03-08T12:01:21.223+0000] {dag.py:3441} INFO - Setting next_dagrun for example_branch_labels to 2023-03-07T00:00:00+00:00, run_after=2023-03-08T00:00:00+00:00
[2023-03-08T12:01:21.249+0000] {processor.py:175} INFO - Processing /home/airflow/.local/lib/python3.7/site-packages/airflow/example_dags/example_branch_labels.py took 0.191 seconds
[2023-03-08T12:01:51.339+0000] {processor.py:153} INFO - Started process (PID=12913) to work on /home/airflow/.local/lib/python3.7/site-packages/airflow/example_dags/example_branch_labels.py
[2023-03-08T12:01:51.342+0000] {processor.py:743} INFO - Processing file /home/airflow/.local/lib/python3.7/site-packages/airflow/example_dags/example_branch_labels.py for tasks to queue
[2023-03-08T12:01:51.346+0000] {logging_mixin.py:137} INFO - [2023-03-08T12:01:51.345+0000] {dagbag.py:538} INFO - Filling up the DagBag from /home/airflow/.local/lib/python3.7/site-packages/airflow/example_dags/example_branch_labels.py
[2023-03-08T12:01:51.424+0000] {processor.py:753} INFO - DAG(s) dict_keys(['example_branch_labels']) retrieved from /home/airflow/.local/lib/python3.7/site-packages/airflow/example_dags/example_branch_labels.py
[2023-03-08T12:01:51.499+0000] {logging_mixin.py:137} INFO - [2023-03-08T12:01:51.499+0000] {dag.py:2690} INFO - Sync 1 DAGs
[2023-03-08T12:01:51.570+0000] {logging_mixin.py:137} INFO - [2023-03-08T12:01:51.570+0000] {dag.py:3441} INFO - Setting next_dagrun for example_branch_labels to 2023-03-07T00:00:00+00:00, run_after=2023-03-08T00:00:00+00:00
[2023-03-08T12:01:51.602+0000] {processor.py:175} INFO - Processing /home/airflow/.local/lib/python3.7/site-packages/airflow/example_dags/example_branch_labels.py took 0.268 seconds
[2023-03-08T12:02:21.785+0000] {processor.py:153} INFO - Started process (PID=12980) to work on /home/airflow/.local/lib/python3.7/site-packages/airflow/example_dags/example_branch_labels.py
[2023-03-08T12:02:21.790+0000] {processor.py:743} INFO - Processing file /home/airflow/.local/lib/python3.7/site-packages/airflow/example_dags/example_branch_labels.py for tasks to queue
[2023-03-08T12:02:21.794+0000] {logging_mixin.py:137} INFO - [2023-03-08T12:02:21.793+0000] {dagbag.py:538} INFO - Filling up the DagBag from /home/airflow/.local/lib/python3.7/site-packages/airflow/example_dags/example_branch_labels.py
[2023-03-08T12:02:21.833+0000] {processor.py:753} INFO - DAG(s) dict_keys(['example_branch_labels']) retrieved from /home/airflow/.local/lib/python3.7/site-packages/airflow/example_dags/example_branch_labels.py
[2023-03-08T12:02:21.913+0000] {logging_mixin.py:137} INFO - [2023-03-08T12:02:21.913+0000] {dag.py:2690} INFO - Sync 1 DAGs
[2023-03-08T12:02:21.964+0000] {logging_mixin.py:137} INFO - [2023-03-08T12:02:21.964+0000] {dag.py:3441} INFO - Setting next_dagrun for example_branch_labels to 2023-03-07T00:00:00+00:00, run_after=2023-03-08T00:00:00+00:00
[2023-03-08T12:02:21.998+0000] {processor.py:175} INFO - Processing /home/airflow/.local/lib/python3.7/site-packages/airflow/example_dags/example_branch_labels.py took 0.223 seconds
[2023-03-08T12:02:52.074+0000] {processor.py:153} INFO - Started process (PID=13038) to work on /home/airflow/.local/lib/python3.7/site-packages/airflow/example_dags/example_branch_labels.py
[2023-03-08T12:02:52.081+0000] {processor.py:743} INFO - Processing file /home/airflow/.local/lib/python3.7/site-packages/airflow/example_dags/example_branch_labels.py for tasks to queue
[2023-03-08T12:02:52.083+0000] {logging_mixin.py:137} INFO - [2023-03-08T12:02:52.083+0000] {dagbag.py:538} INFO - Filling up the DagBag from /home/airflow/.local/lib/python3.7/site-packages/airflow/example_dags/example_branch_labels.py
[2023-03-08T12:02:52.133+0000] {processor.py:753} INFO - DAG(s) dict_keys(['example_branch_labels']) retrieved from /home/airflow/.local/lib/python3.7/site-packages/airflow/example_dags/example_branch_labels.py
[2023-03-08T12:02:52.221+0000] {logging_mixin.py:137} INFO - [2023-03-08T12:02:52.220+0000] {dag.py:2690} INFO - Sync 1 DAGs
[2023-03-08T12:02:52.305+0000] {logging_mixin.py:137} INFO - [2023-03-08T12:02:52.305+0000] {dag.py:3441} INFO - Setting next_dagrun for example_branch_labels to 2023-03-07T00:00:00+00:00, run_after=2023-03-08T00:00:00+00:00
[2023-03-08T12:02:52.395+0000] {processor.py:175} INFO - Processing /home/airflow/.local/lib/python3.7/site-packages/airflow/example_dags/example_branch_labels.py took 0.327 seconds
[2023-03-08T12:03:22.541+0000] {processor.py:153} INFO - Started process (PID=13099) to work on /home/airflow/.local/lib/python3.7/site-packages/airflow/example_dags/example_branch_labels.py
[2023-03-08T12:03:22.551+0000] {processor.py:743} INFO - Processing file /home/airflow/.local/lib/python3.7/site-packages/airflow/example_dags/example_branch_labels.py for tasks to queue
[2023-03-08T12:03:22.553+0000] {logging_mixin.py:137} INFO - [2023-03-08T12:03:22.553+0000] {dagbag.py:538} INFO - Filling up the DagBag from /home/airflow/.local/lib/python3.7/site-packages/airflow/example_dags/example_branch_labels.py
[2023-03-08T12:03:22.614+0000] {processor.py:753} INFO - DAG(s) dict_keys(['example_branch_labels']) retrieved from /home/airflow/.local/lib/python3.7/site-packages/airflow/example_dags/example_branch_labels.py
[2023-03-08T12:03:22.652+0000] {logging_mixin.py:137} INFO - [2023-03-08T12:03:22.652+0000] {dag.py:2690} INFO - Sync 1 DAGs
[2023-03-08T12:03:22.686+0000] {logging_mixin.py:137} INFO - [2023-03-08T12:03:22.686+0000] {dag.py:3441} INFO - Setting next_dagrun for example_branch_labels to 2023-03-07T00:00:00+00:00, run_after=2023-03-08T00:00:00+00:00
[2023-03-08T12:03:22.713+0000] {processor.py:175} INFO - Processing /home/airflow/.local/lib/python3.7/site-packages/airflow/example_dags/example_branch_labels.py took 0.183 seconds
[2023-03-08T12:03:52.831+0000] {processor.py:153} INFO - Started process (PID=13165) to work on /home/airflow/.local/lib/python3.7/site-packages/airflow/example_dags/example_branch_labels.py
[2023-03-08T12:03:52.834+0000] {processor.py:743} INFO - Processing file /home/airflow/.local/lib/python3.7/site-packages/airflow/example_dags/example_branch_labels.py for tasks to queue
[2023-03-08T12:03:52.841+0000] {logging_mixin.py:137} INFO - [2023-03-08T12:03:52.841+0000] {dagbag.py:538} INFO - Filling up the DagBag from /home/airflow/.local/lib/python3.7/site-packages/airflow/example_dags/example_branch_labels.py
[2023-03-08T12:03:52.872+0000] {processor.py:753} INFO - DAG(s) dict_keys(['example_branch_labels']) retrieved from /home/airflow/.local/lib/python3.7/site-packages/airflow/example_dags/example_branch_labels.py
[2023-03-08T12:03:52.921+0000] {logging_mixin.py:137} INFO - [2023-03-08T12:03:52.920+0000] {dag.py:2690} INFO - Sync 1 DAGs
[2023-03-08T12:03:52.986+0000] {logging_mixin.py:137} INFO - [2023-03-08T12:03:52.985+0000] {dag.py:3441} INFO - Setting next_dagrun for example_branch_labels to 2023-03-07T00:00:00+00:00, run_after=2023-03-08T00:00:00+00:00
[2023-03-08T12:03:53.021+0000] {processor.py:175} INFO - Processing /home/airflow/.local/lib/python3.7/site-packages/airflow/example_dags/example_branch_labels.py took 0.200 seconds
[2023-03-08T12:04:23.451+0000] {processor.py:153} INFO - Started process (PID=13224) to work on /home/airflow/.local/lib/python3.7/site-packages/airflow/example_dags/example_branch_labels.py
[2023-03-08T12:04:23.453+0000] {processor.py:743} INFO - Processing file /home/airflow/.local/lib/python3.7/site-packages/airflow/example_dags/example_branch_labels.py for tasks to queue
[2023-03-08T12:04:23.457+0000] {logging_mixin.py:137} INFO - [2023-03-08T12:04:23.456+0000] {dagbag.py:538} INFO - Filling up the DagBag from /home/airflow/.local/lib/python3.7/site-packages/airflow/example_dags/example_branch_labels.py
[2023-03-08T12:04:23.501+0000] {processor.py:753} INFO - DAG(s) dict_keys(['example_branch_labels']) retrieved from /home/airflow/.local/lib/python3.7/site-packages/airflow/example_dags/example_branch_labels.py
[2023-03-08T12:04:23.545+0000] {logging_mixin.py:137} INFO - [2023-03-08T12:04:23.545+0000] {dag.py:2690} INFO - Sync 1 DAGs
[2023-03-08T12:04:23.584+0000] {logging_mixin.py:137} INFO - [2023-03-08T12:04:23.583+0000] {dag.py:3441} INFO - Setting next_dagrun for example_branch_labels to 2023-03-07T00:00:00+00:00, run_after=2023-03-08T00:00:00+00:00
[2023-03-08T12:04:23.619+0000] {processor.py:175} INFO - Processing /home/airflow/.local/lib/python3.7/site-packages/airflow/example_dags/example_branch_labels.py took 0.173 seconds
[2023-03-08T12:04:54.052+0000] {processor.py:153} INFO - Started process (PID=13292) to work on /home/airflow/.local/lib/python3.7/site-packages/airflow/example_dags/example_branch_labels.py
[2023-03-08T12:04:54.063+0000] {processor.py:743} INFO - Processing file /home/airflow/.local/lib/python3.7/site-packages/airflow/example_dags/example_branch_labels.py for tasks to queue
[2023-03-08T12:04:54.079+0000] {logging_mixin.py:137} INFO - [2023-03-08T12:04:54.077+0000] {dagbag.py:538} INFO - Filling up the DagBag from /home/airflow/.local/lib/python3.7/site-packages/airflow/example_dags/example_branch_labels.py
[2023-03-08T12:04:54.125+0000] {processor.py:753} INFO - DAG(s) dict_keys(['example_branch_labels']) retrieved from /home/airflow/.local/lib/python3.7/site-packages/airflow/example_dags/example_branch_labels.py
[2023-03-08T12:04:54.209+0000] {logging_mixin.py:137} INFO - [2023-03-08T12:04:54.209+0000] {dag.py:2690} INFO - Sync 1 DAGs
[2023-03-08T12:04:54.280+0000] {logging_mixin.py:137} INFO - [2023-03-08T12:04:54.280+0000] {dag.py:3441} INFO - Setting next_dagrun for example_branch_labels to 2023-03-07T00:00:00+00:00, run_after=2023-03-08T00:00:00+00:00
[2023-03-08T12:04:54.309+0000] {processor.py:175} INFO - Processing /home/airflow/.local/lib/python3.7/site-packages/airflow/example_dags/example_branch_labels.py took 0.284 seconds
[2023-03-08T12:05:24.365+0000] {processor.py:153} INFO - Started process (PID=13351) to work on /home/airflow/.local/lib/python3.7/site-packages/airflow/example_dags/example_branch_labels.py
[2023-03-08T12:05:24.369+0000] {processor.py:743} INFO - Processing file /home/airflow/.local/lib/python3.7/site-packages/airflow/example_dags/example_branch_labels.py for tasks to queue
[2023-03-08T12:05:24.372+0000] {logging_mixin.py:137} INFO - [2023-03-08T12:05:24.372+0000] {dagbag.py:538} INFO - Filling up the DagBag from /home/airflow/.local/lib/python3.7/site-packages/airflow/example_dags/example_branch_labels.py
[2023-03-08T12:05:24.414+0000] {processor.py:753} INFO - DAG(s) dict_keys(['example_branch_labels']) retrieved from /home/airflow/.local/lib/python3.7/site-packages/airflow/example_dags/example_branch_labels.py
[2023-03-08T12:05:24.458+0000] {logging_mixin.py:137} INFO - [2023-03-08T12:05:24.458+0000] {dag.py:2690} INFO - Sync 1 DAGs
[2023-03-08T12:05:24.501+0000] {logging_mixin.py:137} INFO - [2023-03-08T12:05:24.499+0000] {dag.py:3441} INFO - Setting next_dagrun for example_branch_labels to 2023-03-07T00:00:00+00:00, run_after=2023-03-08T00:00:00+00:00
[2023-03-08T12:05:24.543+0000] {processor.py:175} INFO - Processing /home/airflow/.local/lib/python3.7/site-packages/airflow/example_dags/example_branch_labels.py took 0.191 seconds
[2023-03-08T12:05:54.768+0000] {processor.py:153} INFO - Started process (PID=13409) to work on /home/airflow/.local/lib/python3.7/site-packages/airflow/example_dags/example_branch_labels.py
[2023-03-08T12:05:54.777+0000] {processor.py:743} INFO - Processing file /home/airflow/.local/lib/python3.7/site-packages/airflow/example_dags/example_branch_labels.py for tasks to queue
[2023-03-08T12:05:54.780+0000] {logging_mixin.py:137} INFO - [2023-03-08T12:05:54.780+0000] {dagbag.py:538} INFO - Filling up the DagBag from /home/airflow/.local/lib/python3.7/site-packages/airflow/example_dags/example_branch_labels.py
[2023-03-08T12:05:54.849+0000] {processor.py:753} INFO - DAG(s) dict_keys(['example_branch_labels']) retrieved from /home/airflow/.local/lib/python3.7/site-packages/airflow/example_dags/example_branch_labels.py
[2023-03-08T12:05:54.940+0000] {logging_mixin.py:137} INFO - [2023-03-08T12:05:54.940+0000] {dag.py:2690} INFO - Sync 1 DAGs
[2023-03-08T12:05:54.995+0000] {logging_mixin.py:137} INFO - [2023-03-08T12:05:54.994+0000] {dag.py:3441} INFO - Setting next_dagrun for example_branch_labels to 2023-03-07T00:00:00+00:00, run_after=2023-03-08T00:00:00+00:00
[2023-03-08T12:05:55.021+0000] {processor.py:175} INFO - Processing /home/airflow/.local/lib/python3.7/site-packages/airflow/example_dags/example_branch_labels.py took 0.263 seconds
[2023-03-08T12:06:25.224+0000] {processor.py:153} INFO - Started process (PID=13477) to work on /home/airflow/.local/lib/python3.7/site-packages/airflow/example_dags/example_branch_labels.py
[2023-03-08T12:06:25.227+0000] {processor.py:743} INFO - Processing file /home/airflow/.local/lib/python3.7/site-packages/airflow/example_dags/example_branch_labels.py for tasks to queue
[2023-03-08T12:06:25.232+0000] {logging_mixin.py:137} INFO - [2023-03-08T12:06:25.232+0000] {dagbag.py:538} INFO - Filling up the DagBag from /home/airflow/.local/lib/python3.7/site-packages/airflow/example_dags/example_branch_labels.py
[2023-03-08T12:06:25.286+0000] {processor.py:753} INFO - DAG(s) dict_keys(['example_branch_labels']) retrieved from /home/airflow/.local/lib/python3.7/site-packages/airflow/example_dags/example_branch_labels.py
[2023-03-08T12:06:25.357+0000] {logging_mixin.py:137} INFO - [2023-03-08T12:06:25.349+0000] {dag.py:2690} INFO - Sync 1 DAGs
[2023-03-08T12:06:25.420+0000] {logging_mixin.py:137} INFO - [2023-03-08T12:06:25.420+0000] {dag.py:3441} INFO - Setting next_dagrun for example_branch_labels to 2023-03-07T00:00:00+00:00, run_after=2023-03-08T00:00:00+00:00
[2023-03-08T12:06:25.472+0000] {processor.py:175} INFO - Processing /home/airflow/.local/lib/python3.7/site-packages/airflow/example_dags/example_branch_labels.py took 0.257 seconds
[2023-03-08T12:06:55.763+0000] {processor.py:153} INFO - Started process (PID=13534) to work on /home/airflow/.local/lib/python3.7/site-packages/airflow/example_dags/example_branch_labels.py
[2023-03-08T12:06:55.768+0000] {processor.py:743} INFO - Processing file /home/airflow/.local/lib/python3.7/site-packages/airflow/example_dags/example_branch_labels.py for tasks to queue
[2023-03-08T12:06:55.773+0000] {logging_mixin.py:137} INFO - [2023-03-08T12:06:55.772+0000] {dagbag.py:538} INFO - Filling up the DagBag from /home/airflow/.local/lib/python3.7/site-packages/airflow/example_dags/example_branch_labels.py
[2023-03-08T12:06:55.806+0000] {processor.py:753} INFO - DAG(s) dict_keys(['example_branch_labels']) retrieved from /home/airflow/.local/lib/python3.7/site-packages/airflow/example_dags/example_branch_labels.py
[2023-03-08T12:06:55.894+0000] {logging_mixin.py:137} INFO - [2023-03-08T12:06:55.889+0000] {dag.py:2690} INFO - Sync 1 DAGs
[2023-03-08T12:06:55.937+0000] {logging_mixin.py:137} INFO - [2023-03-08T12:06:55.937+0000] {dag.py:3441} INFO - Setting next_dagrun for example_branch_labels to 2023-03-07T00:00:00+00:00, run_after=2023-03-08T00:00:00+00:00
[2023-03-08T12:06:55.987+0000] {processor.py:175} INFO - Processing /home/airflow/.local/lib/python3.7/site-packages/airflow/example_dags/example_branch_labels.py took 0.231 seconds
[2023-03-08T12:07:26.836+0000] {processor.py:153} INFO - Started process (PID=13592) to work on /home/airflow/.local/lib/python3.7/site-packages/airflow/example_dags/example_branch_labels.py
[2023-03-08T12:07:26.846+0000] {processor.py:743} INFO - Processing file /home/airflow/.local/lib/python3.7/site-packages/airflow/example_dags/example_branch_labels.py for tasks to queue
[2023-03-08T12:07:26.849+0000] {logging_mixin.py:137} INFO - [2023-03-08T12:07:26.849+0000] {dagbag.py:538} INFO - Filling up the DagBag from /home/airflow/.local/lib/python3.7/site-packages/airflow/example_dags/example_branch_labels.py
[2023-03-08T12:07:26.913+0000] {processor.py:753} INFO - DAG(s) dict_keys(['example_branch_labels']) retrieved from /home/airflow/.local/lib/python3.7/site-packages/airflow/example_dags/example_branch_labels.py
[2023-03-08T12:07:27.012+0000] {logging_mixin.py:137} INFO - [2023-03-08T12:07:27.012+0000] {dag.py:2690} INFO - Sync 1 DAGs
[2023-03-08T12:07:27.094+0000] {logging_mixin.py:137} INFO - [2023-03-08T12:07:27.094+0000] {dag.py:3441} INFO - Setting next_dagrun for example_branch_labels to 2023-03-07T00:00:00+00:00, run_after=2023-03-08T00:00:00+00:00
[2023-03-08T12:07:27.133+0000] {processor.py:175} INFO - Processing /home/airflow/.local/lib/python3.7/site-packages/airflow/example_dags/example_branch_labels.py took 0.305 seconds
[2023-03-08T12:07:57.348+0000] {processor.py:153} INFO - Started process (PID=13651) to work on /home/airflow/.local/lib/python3.7/site-packages/airflow/example_dags/example_branch_labels.py
[2023-03-08T12:07:57.351+0000] {processor.py:743} INFO - Processing file /home/airflow/.local/lib/python3.7/site-packages/airflow/example_dags/example_branch_labels.py for tasks to queue
[2023-03-08T12:07:57.354+0000] {logging_mixin.py:137} INFO - [2023-03-08T12:07:57.354+0000] {dagbag.py:538} INFO - Filling up the DagBag from /home/airflow/.local/lib/python3.7/site-packages/airflow/example_dags/example_branch_labels.py
[2023-03-08T12:07:57.383+0000] {processor.py:753} INFO - DAG(s) dict_keys(['example_branch_labels']) retrieved from /home/airflow/.local/lib/python3.7/site-packages/airflow/example_dags/example_branch_labels.py
[2023-03-08T12:07:57.422+0000] {logging_mixin.py:137} INFO - [2023-03-08T12:07:57.422+0000] {dag.py:2690} INFO - Sync 1 DAGs
[2023-03-08T12:07:57.456+0000] {logging_mixin.py:137} INFO - [2023-03-08T12:07:57.456+0000] {dag.py:3441} INFO - Setting next_dagrun for example_branch_labels to 2023-03-07T00:00:00+00:00, run_after=2023-03-08T00:00:00+00:00
[2023-03-08T12:07:57.484+0000] {processor.py:175} INFO - Processing /home/airflow/.local/lib/python3.7/site-packages/airflow/example_dags/example_branch_labels.py took 0.146 seconds
[2023-03-08T12:08:28.577+0000] {processor.py:153} INFO - Started process (PID=13709) to work on /home/airflow/.local/lib/python3.7/site-packages/airflow/example_dags/example_branch_labels.py
[2023-03-08T12:08:28.582+0000] {processor.py:743} INFO - Processing file /home/airflow/.local/lib/python3.7/site-packages/airflow/example_dags/example_branch_labels.py for tasks to queue
[2023-03-08T12:08:28.584+0000] {logging_mixin.py:137} INFO - [2023-03-08T12:08:28.584+0000] {dagbag.py:538} INFO - Filling up the DagBag from /home/airflow/.local/lib/python3.7/site-packages/airflow/example_dags/example_branch_labels.py
[2023-03-08T12:08:28.657+0000] {processor.py:753} INFO - DAG(s) dict_keys(['example_branch_labels']) retrieved from /home/airflow/.local/lib/python3.7/site-packages/airflow/example_dags/example_branch_labels.py
[2023-03-08T12:08:28.817+0000] {logging_mixin.py:137} INFO - [2023-03-08T12:08:28.816+0000] {dag.py:2690} INFO - Sync 1 DAGs
[2023-03-08T12:08:28.966+0000] {logging_mixin.py:137} INFO - [2023-03-08T12:08:28.966+0000] {dag.py:3441} INFO - Setting next_dagrun for example_branch_labels to 2023-03-07T00:00:00+00:00, run_after=2023-03-08T00:00:00+00:00
[2023-03-08T12:08:29.089+0000] {processor.py:175} INFO - Processing /home/airflow/.local/lib/python3.7/site-packages/airflow/example_dags/example_branch_labels.py took 0.534 seconds
[2023-03-08T12:08:59.635+0000] {processor.py:153} INFO - Started process (PID=13778) to work on /home/airflow/.local/lib/python3.7/site-packages/airflow/example_dags/example_branch_labels.py
[2023-03-08T12:08:59.655+0000] {processor.py:743} INFO - Processing file /home/airflow/.local/lib/python3.7/site-packages/airflow/example_dags/example_branch_labels.py for tasks to queue
[2023-03-08T12:08:59.657+0000] {logging_mixin.py:137} INFO - [2023-03-08T12:08:59.657+0000] {dagbag.py:538} INFO - Filling up the DagBag from /home/airflow/.local/lib/python3.7/site-packages/airflow/example_dags/example_branch_labels.py
[2023-03-08T12:08:59.700+0000] {processor.py:753} INFO - DAG(s) dict_keys(['example_branch_labels']) retrieved from /home/airflow/.local/lib/python3.7/site-packages/airflow/example_dags/example_branch_labels.py
[2023-03-08T12:08:59.758+0000] {logging_mixin.py:137} INFO - [2023-03-08T12:08:59.758+0000] {dag.py:2690} INFO - Sync 1 DAGs
[2023-03-08T12:08:59.805+0000] {logging_mixin.py:137} INFO - [2023-03-08T12:08:59.804+0000] {dag.py:3441} INFO - Setting next_dagrun for example_branch_labels to 2023-03-07T00:00:00+00:00, run_after=2023-03-08T00:00:00+00:00
[2023-03-08T12:08:59.843+0000] {processor.py:175} INFO - Processing /home/airflow/.local/lib/python3.7/site-packages/airflow/example_dags/example_branch_labels.py took 0.212 seconds
[2023-03-08T12:09:30.062+0000] {processor.py:153} INFO - Started process (PID=13837) to work on /home/airflow/.local/lib/python3.7/site-packages/airflow/example_dags/example_branch_labels.py
[2023-03-08T12:09:30.068+0000] {processor.py:743} INFO - Processing file /home/airflow/.local/lib/python3.7/site-packages/airflow/example_dags/example_branch_labels.py for tasks to queue
[2023-03-08T12:09:30.073+0000] {logging_mixin.py:137} INFO - [2023-03-08T12:09:30.072+0000] {dagbag.py:538} INFO - Filling up the DagBag from /home/airflow/.local/lib/python3.7/site-packages/airflow/example_dags/example_branch_labels.py
[2023-03-08T12:09:30.143+0000] {processor.py:753} INFO - DAG(s) dict_keys(['example_branch_labels']) retrieved from /home/airflow/.local/lib/python3.7/site-packages/airflow/example_dags/example_branch_labels.py
[2023-03-08T12:09:30.224+0000] {logging_mixin.py:137} INFO - [2023-03-08T12:09:30.223+0000] {dag.py:2690} INFO - Sync 1 DAGs
[2023-03-08T12:09:30.295+0000] {logging_mixin.py:137} INFO - [2023-03-08T12:09:30.295+0000] {dag.py:3441} INFO - Setting next_dagrun for example_branch_labels to 2023-03-07T00:00:00+00:00, run_after=2023-03-08T00:00:00+00:00
[2023-03-08T12:09:30.337+0000] {processor.py:175} INFO - Processing /home/airflow/.local/lib/python3.7/site-packages/airflow/example_dags/example_branch_labels.py took 0.286 seconds
[2023-03-08T12:10:01.435+0000] {processor.py:153} INFO - Started process (PID=13896) to work on /home/airflow/.local/lib/python3.7/site-packages/airflow/example_dags/example_branch_labels.py
[2023-03-08T12:10:01.439+0000] {processor.py:743} INFO - Processing file /home/airflow/.local/lib/python3.7/site-packages/airflow/example_dags/example_branch_labels.py for tasks to queue
[2023-03-08T12:10:01.446+0000] {logging_mixin.py:137} INFO - [2023-03-08T12:10:01.445+0000] {dagbag.py:538} INFO - Filling up the DagBag from /home/airflow/.local/lib/python3.7/site-packages/airflow/example_dags/example_branch_labels.py
[2023-03-08T12:10:01.510+0000] {processor.py:753} INFO - DAG(s) dict_keys(['example_branch_labels']) retrieved from /home/airflow/.local/lib/python3.7/site-packages/airflow/example_dags/example_branch_labels.py
[2023-03-08T12:10:01.599+0000] {logging_mixin.py:137} INFO - [2023-03-08T12:10:01.599+0000] {dag.py:2690} INFO - Sync 1 DAGs
[2023-03-08T12:10:01.693+0000] {logging_mixin.py:137} INFO - [2023-03-08T12:10:01.693+0000] {dag.py:3441} INFO - Setting next_dagrun for example_branch_labels to 2023-03-07T00:00:00+00:00, run_after=2023-03-08T00:00:00+00:00
[2023-03-08T12:10:01.744+0000] {processor.py:175} INFO - Processing /home/airflow/.local/lib/python3.7/site-packages/airflow/example_dags/example_branch_labels.py took 0.321 seconds
[2023-03-08T12:10:31.866+0000] {processor.py:153} INFO - Started process (PID=13966) to work on /home/airflow/.local/lib/python3.7/site-packages/airflow/example_dags/example_branch_labels.py
[2023-03-08T12:10:31.869+0000] {processor.py:743} INFO - Processing file /home/airflow/.local/lib/python3.7/site-packages/airflow/example_dags/example_branch_labels.py for tasks to queue
[2023-03-08T12:10:31.874+0000] {logging_mixin.py:137} INFO - [2023-03-08T12:10:31.874+0000] {dagbag.py:538} INFO - Filling up the DagBag from /home/airflow/.local/lib/python3.7/site-packages/airflow/example_dags/example_branch_labels.py
[2023-03-08T12:10:31.896+0000] {processor.py:753} INFO - DAG(s) dict_keys(['example_branch_labels']) retrieved from /home/airflow/.local/lib/python3.7/site-packages/airflow/example_dags/example_branch_labels.py
[2023-03-08T12:10:31.943+0000] {logging_mixin.py:137} INFO - [2023-03-08T12:10:31.942+0000] {dag.py:2690} INFO - Sync 1 DAGs
[2023-03-08T12:10:31.989+0000] {logging_mixin.py:137} INFO - [2023-03-08T12:10:31.989+0000] {dag.py:3441} INFO - Setting next_dagrun for example_branch_labels to 2023-03-07T00:00:00+00:00, run_after=2023-03-08T00:00:00+00:00
[2023-03-08T12:10:32.026+0000] {processor.py:175} INFO - Processing /home/airflow/.local/lib/python3.7/site-packages/airflow/example_dags/example_branch_labels.py took 0.167 seconds
[2023-03-08T12:11:02.671+0000] {processor.py:153} INFO - Started process (PID=14023) to work on /home/airflow/.local/lib/python3.7/site-packages/airflow/example_dags/example_branch_labels.py
[2023-03-08T12:11:02.677+0000] {processor.py:743} INFO - Processing file /home/airflow/.local/lib/python3.7/site-packages/airflow/example_dags/example_branch_labels.py for tasks to queue
[2023-03-08T12:11:02.683+0000] {logging_mixin.py:137} INFO - [2023-03-08T12:11:02.681+0000] {dagbag.py:538} INFO - Filling up the DagBag from /home/airflow/.local/lib/python3.7/site-packages/airflow/example_dags/example_branch_labels.py
[2023-03-08T12:11:02.749+0000] {processor.py:753} INFO - DAG(s) dict_keys(['example_branch_labels']) retrieved from /home/airflow/.local/lib/python3.7/site-packages/airflow/example_dags/example_branch_labels.py
[2023-03-08T12:11:02.834+0000] {logging_mixin.py:137} INFO - [2023-03-08T12:11:02.834+0000] {dag.py:2690} INFO - Sync 1 DAGs
[2023-03-08T12:11:02.919+0000] {logging_mixin.py:137} INFO - [2023-03-08T12:11:02.919+0000] {dag.py:3441} INFO - Setting next_dagrun for example_branch_labels to 2023-03-07T00:00:00+00:00, run_after=2023-03-08T00:00:00+00:00
[2023-03-08T12:11:02.993+0000] {processor.py:175} INFO - Processing /home/airflow/.local/lib/python3.7/site-packages/airflow/example_dags/example_branch_labels.py took 0.332 seconds
[2023-03-08T12:11:33.316+0000] {processor.py:153} INFO - Started process (PID=14092) to work on /home/airflow/.local/lib/python3.7/site-packages/airflow/example_dags/example_branch_labels.py
[2023-03-08T12:11:33.319+0000] {processor.py:743} INFO - Processing file /home/airflow/.local/lib/python3.7/site-packages/airflow/example_dags/example_branch_labels.py for tasks to queue
[2023-03-08T12:11:33.323+0000] {logging_mixin.py:137} INFO - [2023-03-08T12:11:33.322+0000] {dagbag.py:538} INFO - Filling up the DagBag from /home/airflow/.local/lib/python3.7/site-packages/airflow/example_dags/example_branch_labels.py
[2023-03-08T12:11:33.371+0000] {processor.py:753} INFO - DAG(s) dict_keys(['example_branch_labels']) retrieved from /home/airflow/.local/lib/python3.7/site-packages/airflow/example_dags/example_branch_labels.py
[2023-03-08T12:11:33.446+0000] {logging_mixin.py:137} INFO - [2023-03-08T12:11:33.446+0000] {dag.py:2690} INFO - Sync 1 DAGs
[2023-03-08T12:11:33.511+0000] {logging_mixin.py:137} INFO - [2023-03-08T12:11:33.511+0000] {dag.py:3441} INFO - Setting next_dagrun for example_branch_labels to 2023-03-07T00:00:00+00:00, run_after=2023-03-08T00:00:00+00:00
[2023-03-08T12:11:33.569+0000] {processor.py:175} INFO - Processing /home/airflow/.local/lib/python3.7/site-packages/airflow/example_dags/example_branch_labels.py took 0.266 seconds
[2023-03-08T12:12:03.783+0000] {processor.py:153} INFO - Started process (PID=14151) to work on /home/airflow/.local/lib/python3.7/site-packages/airflow/example_dags/example_branch_labels.py
[2023-03-08T12:12:03.785+0000] {processor.py:743} INFO - Processing file /home/airflow/.local/lib/python3.7/site-packages/airflow/example_dags/example_branch_labels.py for tasks to queue
[2023-03-08T12:12:03.788+0000] {logging_mixin.py:137} INFO - [2023-03-08T12:12:03.788+0000] {dagbag.py:538} INFO - Filling up the DagBag from /home/airflow/.local/lib/python3.7/site-packages/airflow/example_dags/example_branch_labels.py
[2023-03-08T12:12:03.814+0000] {processor.py:753} INFO - DAG(s) dict_keys(['example_branch_labels']) retrieved from /home/airflow/.local/lib/python3.7/site-packages/airflow/example_dags/example_branch_labels.py
[2023-03-08T12:12:03.877+0000] {logging_mixin.py:137} INFO - [2023-03-08T12:12:03.877+0000] {dag.py:2690} INFO - Sync 1 DAGs
[2023-03-08T12:12:03.922+0000] {logging_mixin.py:137} INFO - [2023-03-08T12:12:03.922+0000] {dag.py:3441} INFO - Setting next_dagrun for example_branch_labels to 2023-03-07T00:00:00+00:00, run_after=2023-03-08T00:00:00+00:00
[2023-03-08T12:12:03.951+0000] {processor.py:175} INFO - Processing /home/airflow/.local/lib/python3.7/site-packages/airflow/example_dags/example_branch_labels.py took 0.174 seconds
[2023-03-08T12:12:34.481+0000] {processor.py:153} INFO - Started process (PID=14210) to work on /home/airflow/.local/lib/python3.7/site-packages/airflow/example_dags/example_branch_labels.py
[2023-03-08T12:12:34.491+0000] {processor.py:743} INFO - Processing file /home/airflow/.local/lib/python3.7/site-packages/airflow/example_dags/example_branch_labels.py for tasks to queue
[2023-03-08T12:12:34.494+0000] {logging_mixin.py:137} INFO - [2023-03-08T12:12:34.494+0000] {dagbag.py:538} INFO - Filling up the DagBag from /home/airflow/.local/lib/python3.7/site-packages/airflow/example_dags/example_branch_labels.py
[2023-03-08T12:12:34.529+0000] {processor.py:753} INFO - DAG(s) dict_keys(['example_branch_labels']) retrieved from /home/airflow/.local/lib/python3.7/site-packages/airflow/example_dags/example_branch_labels.py
[2023-03-08T12:12:34.607+0000] {logging_mixin.py:137} INFO - [2023-03-08T12:12:34.606+0000] {dag.py:2690} INFO - Sync 1 DAGs
[2023-03-08T12:12:34.646+0000] {logging_mixin.py:137} INFO - [2023-03-08T12:12:34.646+0000] {dag.py:3441} INFO - Setting next_dagrun for example_branch_labels to 2023-03-07T00:00:00+00:00, run_after=2023-03-08T00:00:00+00:00
[2023-03-08T12:12:34.692+0000] {processor.py:175} INFO - Processing /home/airflow/.local/lib/python3.7/site-packages/airflow/example_dags/example_branch_labels.py took 0.218 seconds
[2023-03-08T12:13:05.473+0000] {processor.py:153} INFO - Started process (PID=14274) to work on /home/airflow/.local/lib/python3.7/site-packages/airflow/example_dags/example_branch_labels.py
[2023-03-08T12:13:05.482+0000] {processor.py:743} INFO - Processing file /home/airflow/.local/lib/python3.7/site-packages/airflow/example_dags/example_branch_labels.py for tasks to queue
[2023-03-08T12:13:05.486+0000] {logging_mixin.py:137} INFO - [2023-03-08T12:13:05.485+0000] {dagbag.py:538} INFO - Filling up the DagBag from /home/airflow/.local/lib/python3.7/site-packages/airflow/example_dags/example_branch_labels.py
[2023-03-08T12:13:05.534+0000] {processor.py:753} INFO - DAG(s) dict_keys(['example_branch_labels']) retrieved from /home/airflow/.local/lib/python3.7/site-packages/airflow/example_dags/example_branch_labels.py
[2023-03-08T12:13:05.583+0000] {logging_mixin.py:137} INFO - [2023-03-08T12:13:05.583+0000] {dag.py:2690} INFO - Sync 1 DAGs
[2023-03-08T12:13:05.626+0000] {logging_mixin.py:137} INFO - [2023-03-08T12:13:05.626+0000] {dag.py:3441} INFO - Setting next_dagrun for example_branch_labels to 2023-03-07T00:00:00+00:00, run_after=2023-03-08T00:00:00+00:00
[2023-03-08T12:13:05.671+0000] {processor.py:175} INFO - Processing /home/airflow/.local/lib/python3.7/site-packages/airflow/example_dags/example_branch_labels.py took 0.202 seconds
[2023-03-08T12:13:35.759+0000] {processor.py:153} INFO - Started process (PID=14337) to work on /home/airflow/.local/lib/python3.7/site-packages/airflow/example_dags/example_branch_labels.py
[2023-03-08T12:13:35.763+0000] {processor.py:743} INFO - Processing file /home/airflow/.local/lib/python3.7/site-packages/airflow/example_dags/example_branch_labels.py for tasks to queue
[2023-03-08T12:13:35.769+0000] {logging_mixin.py:137} INFO - [2023-03-08T12:13:35.767+0000] {dagbag.py:538} INFO - Filling up the DagBag from /home/airflow/.local/lib/python3.7/site-packages/airflow/example_dags/example_branch_labels.py
[2023-03-08T12:13:35.801+0000] {processor.py:753} INFO - DAG(s) dict_keys(['example_branch_labels']) retrieved from /home/airflow/.local/lib/python3.7/site-packages/airflow/example_dags/example_branch_labels.py
[2023-03-08T12:13:35.845+0000] {logging_mixin.py:137} INFO - [2023-03-08T12:13:35.845+0000] {dag.py:2690} INFO - Sync 1 DAGs
[2023-03-08T12:13:35.876+0000] {logging_mixin.py:137} INFO - [2023-03-08T12:13:35.876+0000] {dag.py:3441} INFO - Setting next_dagrun for example_branch_labels to 2023-03-07T00:00:00+00:00, run_after=2023-03-08T00:00:00+00:00
[2023-03-08T12:13:35.908+0000] {processor.py:175} INFO - Processing /home/airflow/.local/lib/python3.7/site-packages/airflow/example_dags/example_branch_labels.py took 0.160 seconds
[2023-03-08T12:14:06.238+0000] {processor.py:153} INFO - Started process (PID=14396) to work on /home/airflow/.local/lib/python3.7/site-packages/airflow/example_dags/example_branch_labels.py
[2023-03-08T12:14:06.250+0000] {processor.py:743} INFO - Processing file /home/airflow/.local/lib/python3.7/site-packages/airflow/example_dags/example_branch_labels.py for tasks to queue
[2023-03-08T12:14:06.256+0000] {logging_mixin.py:137} INFO - [2023-03-08T12:14:06.255+0000] {dagbag.py:538} INFO - Filling up the DagBag from /home/airflow/.local/lib/python3.7/site-packages/airflow/example_dags/example_branch_labels.py
[2023-03-08T12:14:06.385+0000] {processor.py:753} INFO - DAG(s) dict_keys(['example_branch_labels']) retrieved from /home/airflow/.local/lib/python3.7/site-packages/airflow/example_dags/example_branch_labels.py
[2023-03-08T12:14:06.529+0000] {logging_mixin.py:137} INFO - [2023-03-08T12:14:06.527+0000] {dag.py:2690} INFO - Sync 1 DAGs
[2023-03-08T12:14:06.650+0000] {logging_mixin.py:137} INFO - [2023-03-08T12:14:06.650+0000] {dag.py:3441} INFO - Setting next_dagrun for example_branch_labels to 2023-03-07T00:00:00+00:00, run_after=2023-03-08T00:00:00+00:00
[2023-03-08T12:14:06.763+0000] {processor.py:175} INFO - Processing /home/airflow/.local/lib/python3.7/site-packages/airflow/example_dags/example_branch_labels.py took 0.560 seconds
[2023-03-08T12:14:37.010+0000] {processor.py:153} INFO - Started process (PID=14453) to work on /home/airflow/.local/lib/python3.7/site-packages/airflow/example_dags/example_branch_labels.py
[2023-03-08T12:14:37.038+0000] {processor.py:743} INFO - Processing file /home/airflow/.local/lib/python3.7/site-packages/airflow/example_dags/example_branch_labels.py for tasks to queue
[2023-03-08T12:14:37.040+0000] {logging_mixin.py:137} INFO - [2023-03-08T12:14:37.040+0000] {dagbag.py:538} INFO - Filling up the DagBag from /home/airflow/.local/lib/python3.7/site-packages/airflow/example_dags/example_branch_labels.py
[2023-03-08T12:14:37.087+0000] {processor.py:753} INFO - DAG(s) dict_keys(['example_branch_labels']) retrieved from /home/airflow/.local/lib/python3.7/site-packages/airflow/example_dags/example_branch_labels.py
[2023-03-08T12:14:37.172+0000] {logging_mixin.py:137} INFO - [2023-03-08T12:14:37.169+0000] {dag.py:2690} INFO - Sync 1 DAGs
[2023-03-08T12:14:37.270+0000] {logging_mixin.py:137} INFO - [2023-03-08T12:14:37.270+0000] {dag.py:3441} INFO - Setting next_dagrun for example_branch_labels to 2023-03-07T00:00:00+00:00, run_after=2023-03-08T00:00:00+00:00
[2023-03-08T12:14:37.355+0000] {processor.py:175} INFO - Processing /home/airflow/.local/lib/python3.7/site-packages/airflow/example_dags/example_branch_labels.py took 0.351 seconds
[2023-03-08T12:15:07.435+0000] {processor.py:153} INFO - Started process (PID=14511) to work on /home/airflow/.local/lib/python3.7/site-packages/airflow/example_dags/example_branch_labels.py
[2023-03-08T12:15:07.440+0000] {processor.py:743} INFO - Processing file /home/airflow/.local/lib/python3.7/site-packages/airflow/example_dags/example_branch_labels.py for tasks to queue
[2023-03-08T12:15:07.445+0000] {logging_mixin.py:137} INFO - [2023-03-08T12:15:07.445+0000] {dagbag.py:538} INFO - Filling up the DagBag from /home/airflow/.local/lib/python3.7/site-packages/airflow/example_dags/example_branch_labels.py
[2023-03-08T12:15:07.487+0000] {processor.py:753} INFO - DAG(s) dict_keys(['example_branch_labels']) retrieved from /home/airflow/.local/lib/python3.7/site-packages/airflow/example_dags/example_branch_labels.py
[2023-03-08T12:15:07.532+0000] {logging_mixin.py:137} INFO - [2023-03-08T12:15:07.531+0000] {dag.py:2690} INFO - Sync 1 DAGs
[2023-03-08T12:15:07.567+0000] {logging_mixin.py:137} INFO - [2023-03-08T12:15:07.567+0000] {dag.py:3441} INFO - Setting next_dagrun for example_branch_labels to 2023-03-07T00:00:00+00:00, run_after=2023-03-08T00:00:00+00:00
[2023-03-08T12:15:07.599+0000] {processor.py:175} INFO - Processing /home/airflow/.local/lib/python3.7/site-packages/airflow/example_dags/example_branch_labels.py took 0.170 seconds
[2023-03-08T12:15:37.682+0000] {processor.py:153} INFO - Started process (PID=14581) to work on /home/airflow/.local/lib/python3.7/site-packages/airflow/example_dags/example_branch_labels.py
[2023-03-08T12:15:37.684+0000] {processor.py:743} INFO - Processing file /home/airflow/.local/lib/python3.7/site-packages/airflow/example_dags/example_branch_labels.py for tasks to queue
[2023-03-08T12:15:37.686+0000] {logging_mixin.py:137} INFO - [2023-03-08T12:15:37.686+0000] {dagbag.py:538} INFO - Filling up the DagBag from /home/airflow/.local/lib/python3.7/site-packages/airflow/example_dags/example_branch_labels.py
[2023-03-08T12:15:37.708+0000] {processor.py:753} INFO - DAG(s) dict_keys(['example_branch_labels']) retrieved from /home/airflow/.local/lib/python3.7/site-packages/airflow/example_dags/example_branch_labels.py
[2023-03-08T12:15:37.744+0000] {logging_mixin.py:137} INFO - [2023-03-08T12:15:37.744+0000] {dag.py:2690} INFO - Sync 1 DAGs
[2023-03-08T12:15:37.774+0000] {logging_mixin.py:137} INFO - [2023-03-08T12:15:37.774+0000] {dag.py:3441} INFO - Setting next_dagrun for example_branch_labels to 2023-03-07T00:00:00+00:00, run_after=2023-03-08T00:00:00+00:00
[2023-03-08T12:15:37.798+0000] {processor.py:175} INFO - Processing /home/airflow/.local/lib/python3.7/site-packages/airflow/example_dags/example_branch_labels.py took 0.122 seconds
[2023-03-08T12:16:09.250+0000] {processor.py:153} INFO - Started process (PID=14640) to work on /home/airflow/.local/lib/python3.7/site-packages/airflow/example_dags/example_branch_labels.py
[2023-03-08T12:16:09.263+0000] {processor.py:743} INFO - Processing file /home/airflow/.local/lib/python3.7/site-packages/airflow/example_dags/example_branch_labels.py for tasks to queue
[2023-03-08T12:16:09.269+0000] {logging_mixin.py:137} INFO - [2023-03-08T12:16:09.269+0000] {dagbag.py:538} INFO - Filling up the DagBag from /home/airflow/.local/lib/python3.7/site-packages/airflow/example_dags/example_branch_labels.py
[2023-03-08T12:16:09.369+0000] {processor.py:753} INFO - DAG(s) dict_keys(['example_branch_labels']) retrieved from /home/airflow/.local/lib/python3.7/site-packages/airflow/example_dags/example_branch_labels.py
[2023-03-08T12:16:09.439+0000] {logging_mixin.py:137} INFO - [2023-03-08T12:16:09.439+0000] {dag.py:2690} INFO - Sync 1 DAGs
[2023-03-08T12:16:09.505+0000] {logging_mixin.py:137} INFO - [2023-03-08T12:16:09.505+0000] {dag.py:3441} INFO - Setting next_dagrun for example_branch_labels to 2023-03-07T00:00:00+00:00, run_after=2023-03-08T00:00:00+00:00
[2023-03-08T12:16:09.563+0000] {processor.py:175} INFO - Processing /home/airflow/.local/lib/python3.7/site-packages/airflow/example_dags/example_branch_labels.py took 0.328 seconds
[2023-03-08T12:16:39.878+0000] {processor.py:153} INFO - Started process (PID=14708) to work on /home/airflow/.local/lib/python3.7/site-packages/airflow/example_dags/example_branch_labels.py
[2023-03-08T12:16:39.884+0000] {processor.py:743} INFO - Processing file /home/airflow/.local/lib/python3.7/site-packages/airflow/example_dags/example_branch_labels.py for tasks to queue
[2023-03-08T12:16:39.887+0000] {logging_mixin.py:137} INFO - [2023-03-08T12:16:39.887+0000] {dagbag.py:538} INFO - Filling up the DagBag from /home/airflow/.local/lib/python3.7/site-packages/airflow/example_dags/example_branch_labels.py
[2023-03-08T12:16:39.927+0000] {processor.py:753} INFO - DAG(s) dict_keys(['example_branch_labels']) retrieved from /home/airflow/.local/lib/python3.7/site-packages/airflow/example_dags/example_branch_labels.py
[2023-03-08T12:16:39.973+0000] {logging_mixin.py:137} INFO - [2023-03-08T12:16:39.972+0000] {dag.py:2690} INFO - Sync 1 DAGs
[2023-03-08T12:16:40.018+0000] {logging_mixin.py:137} INFO - [2023-03-08T12:16:40.017+0000] {dag.py:3441} INFO - Setting next_dagrun for example_branch_labels to 2023-03-07T00:00:00+00:00, run_after=2023-03-08T00:00:00+00:00
[2023-03-08T12:16:40.061+0000] {processor.py:175} INFO - Processing /home/airflow/.local/lib/python3.7/site-packages/airflow/example_dags/example_branch_labels.py took 0.195 seconds
[2023-03-08T12:17:10.234+0000] {processor.py:153} INFO - Started process (PID=14766) to work on /home/airflow/.local/lib/python3.7/site-packages/airflow/example_dags/example_branch_labels.py
[2023-03-08T12:17:10.237+0000] {processor.py:743} INFO - Processing file /home/airflow/.local/lib/python3.7/site-packages/airflow/example_dags/example_branch_labels.py for tasks to queue
[2023-03-08T12:17:10.239+0000] {logging_mixin.py:137} INFO - [2023-03-08T12:17:10.239+0000] {dagbag.py:538} INFO - Filling up the DagBag from /home/airflow/.local/lib/python3.7/site-packages/airflow/example_dags/example_branch_labels.py
[2023-03-08T12:17:10.259+0000] {processor.py:753} INFO - DAG(s) dict_keys(['example_branch_labels']) retrieved from /home/airflow/.local/lib/python3.7/site-packages/airflow/example_dags/example_branch_labels.py
[2023-03-08T12:17:10.295+0000] {logging_mixin.py:137} INFO - [2023-03-08T12:17:10.295+0000] {dag.py:2690} INFO - Sync 1 DAGs
[2023-03-08T12:17:10.324+0000] {logging_mixin.py:137} INFO - [2023-03-08T12:17:10.324+0000] {dag.py:3441} INFO - Setting next_dagrun for example_branch_labels to 2023-03-07T00:00:00+00:00, run_after=2023-03-08T00:00:00+00:00
[2023-03-08T12:17:10.352+0000] {processor.py:175} INFO - Processing /home/airflow/.local/lib/python3.7/site-packages/airflow/example_dags/example_branch_labels.py took 0.122 seconds
[2023-03-08T12:17:40.659+0000] {processor.py:153} INFO - Started process (PID=14825) to work on /home/airflow/.local/lib/python3.7/site-packages/airflow/example_dags/example_branch_labels.py
[2023-03-08T12:17:40.662+0000] {processor.py:743} INFO - Processing file /home/airflow/.local/lib/python3.7/site-packages/airflow/example_dags/example_branch_labels.py for tasks to queue
[2023-03-08T12:17:40.666+0000] {logging_mixin.py:137} INFO - [2023-03-08T12:17:40.666+0000] {dagbag.py:538} INFO - Filling up the DagBag from /home/airflow/.local/lib/python3.7/site-packages/airflow/example_dags/example_branch_labels.py
[2023-03-08T12:17:40.692+0000] {processor.py:753} INFO - DAG(s) dict_keys(['example_branch_labels']) retrieved from /home/airflow/.local/lib/python3.7/site-packages/airflow/example_dags/example_branch_labels.py
[2023-03-08T12:17:40.765+0000] {logging_mixin.py:137} INFO - [2023-03-08T12:17:40.765+0000] {dag.py:2690} INFO - Sync 1 DAGs
[2023-03-08T12:17:40.810+0000] {logging_mixin.py:137} INFO - [2023-03-08T12:17:40.810+0000] {dag.py:3441} INFO - Setting next_dagrun for example_branch_labels to 2023-03-07T00:00:00+00:00, run_after=2023-03-08T00:00:00+00:00
[2023-03-08T12:17:40.858+0000] {processor.py:175} INFO - Processing /home/airflow/.local/lib/python3.7/site-packages/airflow/example_dags/example_branch_labels.py took 0.205 seconds
