[2023-03-08T01:49:42.464+0000] {processor.py:153} INFO - Started process (PID=12205) to work on /home/airflow/.local/lib/python3.7/site-packages/airflow/example_dags/example_latest_only_with_trigger.py
[2023-03-08T01:49:42.466+0000] {processor.py:743} INFO - Processing file /home/airflow/.local/lib/python3.7/site-packages/airflow/example_dags/example_latest_only_with_trigger.py for tasks to queue
[2023-03-08T01:49:42.468+0000] {logging_mixin.py:137} INFO - [2023-03-08T01:49:42.468+0000] {dagbag.py:538} INFO - Filling up the DagBag from /home/airflow/.local/lib/python3.7/site-packages/airflow/example_dags/example_latest_only_with_trigger.py
[2023-03-08T01:49:42.495+0000] {processor.py:753} INFO - DAG(s) dict_keys(['latest_only_with_trigger']) retrieved from /home/airflow/.local/lib/python3.7/site-packages/airflow/example_dags/example_latest_only_with_trigger.py
[2023-03-08T01:49:42.546+0000] {logging_mixin.py:137} INFO - [2023-03-08T01:49:42.546+0000] {dag.py:2690} INFO - Sync 1 DAGs
[2023-03-08T01:49:42.625+0000] {logging_mixin.py:137} INFO - [2023-03-08T01:49:42.623+0000] {dag.py:3441} INFO - Setting next_dagrun for latest_only_with_trigger to 2023-03-07T21:49:42.623194+00:00, run_after=2023-03-08T01:49:42.623194+00:00
[2023-03-08T01:49:42.684+0000] {processor.py:175} INFO - Processing /home/airflow/.local/lib/python3.7/site-packages/airflow/example_dags/example_latest_only_with_trigger.py took 0.227 seconds
[2023-03-08T03:17:59.371+0000] {processor.py:153} INFO - Started process (PID=12244) to work on /home/airflow/.local/lib/python3.7/site-packages/airflow/example_dags/example_latest_only_with_trigger.py
[2023-03-08T03:17:59.374+0000] {processor.py:743} INFO - Processing file /home/airflow/.local/lib/python3.7/site-packages/airflow/example_dags/example_latest_only_with_trigger.py for tasks to queue
[2023-03-08T03:17:59.380+0000] {logging_mixin.py:137} INFO - [2023-03-08T03:17:59.379+0000] {dagbag.py:538} INFO - Filling up the DagBag from /home/airflow/.local/lib/python3.7/site-packages/airflow/example_dags/example_latest_only_with_trigger.py
[2023-03-08T03:17:59.409+0000] {processor.py:753} INFO - DAG(s) dict_keys(['latest_only_with_trigger']) retrieved from /home/airflow/.local/lib/python3.7/site-packages/airflow/example_dags/example_latest_only_with_trigger.py
[2023-03-08T03:17:59.474+0000] {logging_mixin.py:137} INFO - [2023-03-08T03:17:59.474+0000] {dag.py:2690} INFO - Sync 1 DAGs
[2023-03-08T03:17:59.542+0000] {logging_mixin.py:137} INFO - [2023-03-08T03:17:59.542+0000] {dag.py:3441} INFO - Setting next_dagrun for latest_only_with_trigger to 2023-03-07T23:17:59.541667+00:00, run_after=2023-03-08T03:17:59.541667+00:00
[2023-03-08T03:17:59.614+0000] {processor.py:175} INFO - Processing /home/airflow/.local/lib/python3.7/site-packages/airflow/example_dags/example_latest_only_with_trigger.py took 0.250 seconds
[2023-03-08T11:47:17.574+0000] {processor.py:153} INFO - Started process (PID=12285) to work on /home/airflow/.local/lib/python3.7/site-packages/airflow/example_dags/example_latest_only_with_trigger.py
[2023-03-08T11:47:17.580+0000] {processor.py:743} INFO - Processing file /home/airflow/.local/lib/python3.7/site-packages/airflow/example_dags/example_latest_only_with_trigger.py for tasks to queue
[2023-03-08T11:47:17.588+0000] {logging_mixin.py:137} INFO - [2023-03-08T11:47:17.587+0000] {dagbag.py:538} INFO - Filling up the DagBag from /home/airflow/.local/lib/python3.7/site-packages/airflow/example_dags/example_latest_only_with_trigger.py
[2023-03-08T11:47:17.659+0000] {processor.py:753} INFO - DAG(s) dict_keys(['latest_only_with_trigger']) retrieved from /home/airflow/.local/lib/python3.7/site-packages/airflow/example_dags/example_latest_only_with_trigger.py
[2023-03-08T11:56:21.326+0000] {logging_mixin.py:137} INFO - [2023-03-08T11:56:21.320+0000] {dag.py:2690} INFO - Sync 1 DAGs
[2023-03-08T11:56:56.320+0000] {processor.py:153} INFO - Started process (PID=12342) to work on /home/airflow/.local/lib/python3.7/site-packages/airflow/example_dags/example_latest_only_with_trigger.py
[2023-03-08T11:56:56.350+0000] {processor.py:743} INFO - Processing file /home/airflow/.local/lib/python3.7/site-packages/airflow/example_dags/example_latest_only_with_trigger.py for tasks to queue
[2023-03-08T11:56:56.370+0000] {logging_mixin.py:137} INFO - [2023-03-08T11:56:56.369+0000] {dagbag.py:538} INFO - Filling up the DagBag from /home/airflow/.local/lib/python3.7/site-packages/airflow/example_dags/example_latest_only_with_trigger.py
[2023-03-08T11:56:56.532+0000] {processor.py:753} INFO - DAG(s) dict_keys(['latest_only_with_trigger']) retrieved from /home/airflow/.local/lib/python3.7/site-packages/airflow/example_dags/example_latest_only_with_trigger.py
[2023-03-08T11:56:56.982+0000] {logging_mixin.py:137} INFO - [2023-03-08T11:56:56.982+0000] {dag.py:2690} INFO - Sync 1 DAGs
[2023-03-08T11:56:57.415+0000] {logging_mixin.py:137} INFO - [2023-03-08T11:56:57.415+0000] {dag.py:3441} INFO - Setting next_dagrun for latest_only_with_trigger to 2023-03-08T07:56:57.404954+00:00, run_after=2023-03-08T11:56:57.404954+00:00
[2023-03-08T11:56:57.835+0000] {processor.py:175} INFO - Processing /home/airflow/.local/lib/python3.7/site-packages/airflow/example_dags/example_latest_only_with_trigger.py took 1.550 seconds
[2023-03-08T11:57:28.265+0000] {processor.py:153} INFO - Started process (PID=12400) to work on /home/airflow/.local/lib/python3.7/site-packages/airflow/example_dags/example_latest_only_with_trigger.py
[2023-03-08T11:57:28.270+0000] {processor.py:743} INFO - Processing file /home/airflow/.local/lib/python3.7/site-packages/airflow/example_dags/example_latest_only_with_trigger.py for tasks to queue
[2023-03-08T11:57:28.275+0000] {logging_mixin.py:137} INFO - [2023-03-08T11:57:28.274+0000] {dagbag.py:538} INFO - Filling up the DagBag from /home/airflow/.local/lib/python3.7/site-packages/airflow/example_dags/example_latest_only_with_trigger.py
[2023-03-08T11:57:28.327+0000] {processor.py:753} INFO - DAG(s) dict_keys(['latest_only_with_trigger']) retrieved from /home/airflow/.local/lib/python3.7/site-packages/airflow/example_dags/example_latest_only_with_trigger.py
[2023-03-08T11:57:28.452+0000] {logging_mixin.py:137} INFO - [2023-03-08T11:57:28.452+0000] {dag.py:2690} INFO - Sync 1 DAGs
[2023-03-08T11:57:28.510+0000] {logging_mixin.py:137} INFO - [2023-03-08T11:57:28.510+0000] {dag.py:3441} INFO - Setting next_dagrun for latest_only_with_trigger to 2023-03-08T07:57:28.510007+00:00, run_after=2023-03-08T11:57:28.510007+00:00
[2023-03-08T11:57:28.545+0000] {processor.py:175} INFO - Processing /home/airflow/.local/lib/python3.7/site-packages/airflow/example_dags/example_latest_only_with_trigger.py took 0.292 seconds
[2023-03-08T11:57:58.801+0000] {processor.py:153} INFO - Started process (PID=12460) to work on /home/airflow/.local/lib/python3.7/site-packages/airflow/example_dags/example_latest_only_with_trigger.py
[2023-03-08T11:57:58.809+0000] {processor.py:743} INFO - Processing file /home/airflow/.local/lib/python3.7/site-packages/airflow/example_dags/example_latest_only_with_trigger.py for tasks to queue
[2023-03-08T11:57:58.821+0000] {logging_mixin.py:137} INFO - [2023-03-08T11:57:58.820+0000] {dagbag.py:538} INFO - Filling up the DagBag from /home/airflow/.local/lib/python3.7/site-packages/airflow/example_dags/example_latest_only_with_trigger.py
[2023-03-08T11:57:58.917+0000] {processor.py:753} INFO - DAG(s) dict_keys(['latest_only_with_trigger']) retrieved from /home/airflow/.local/lib/python3.7/site-packages/airflow/example_dags/example_latest_only_with_trigger.py
[2023-03-08T11:57:59.041+0000] {logging_mixin.py:137} INFO - [2023-03-08T11:57:59.040+0000] {dag.py:2690} INFO - Sync 1 DAGs
[2023-03-08T11:57:59.166+0000] {logging_mixin.py:137} INFO - [2023-03-08T11:57:59.166+0000] {dag.py:3441} INFO - Setting next_dagrun for latest_only_with_trigger to 2023-03-08T07:57:59.165731+00:00, run_after=2023-03-08T11:57:59.165731+00:00
[2023-03-08T11:57:59.268+0000] {processor.py:175} INFO - Processing /home/airflow/.local/lib/python3.7/site-packages/airflow/example_dags/example_latest_only_with_trigger.py took 0.495 seconds
[2023-03-08T11:58:29.542+0000] {processor.py:153} INFO - Started process (PID=12527) to work on /home/airflow/.local/lib/python3.7/site-packages/airflow/example_dags/example_latest_only_with_trigger.py
[2023-03-08T11:58:29.547+0000] {processor.py:743} INFO - Processing file /home/airflow/.local/lib/python3.7/site-packages/airflow/example_dags/example_latest_only_with_trigger.py for tasks to queue
[2023-03-08T11:58:29.552+0000] {logging_mixin.py:137} INFO - [2023-03-08T11:58:29.551+0000] {dagbag.py:538} INFO - Filling up the DagBag from /home/airflow/.local/lib/python3.7/site-packages/airflow/example_dags/example_latest_only_with_trigger.py
[2023-03-08T11:58:29.585+0000] {processor.py:753} INFO - DAG(s) dict_keys(['latest_only_with_trigger']) retrieved from /home/airflow/.local/lib/python3.7/site-packages/airflow/example_dags/example_latest_only_with_trigger.py
[2023-03-08T11:58:29.648+0000] {logging_mixin.py:137} INFO - [2023-03-08T11:58:29.648+0000] {dag.py:2690} INFO - Sync 1 DAGs
[2023-03-08T11:58:29.703+0000] {logging_mixin.py:137} INFO - [2023-03-08T11:58:29.702+0000] {dag.py:3441} INFO - Setting next_dagrun for latest_only_with_trigger to 2023-03-08T07:58:29.702488+00:00, run_after=2023-03-08T11:58:29.702488+00:00
[2023-03-08T11:58:29.742+0000] {processor.py:175} INFO - Processing /home/airflow/.local/lib/python3.7/site-packages/airflow/example_dags/example_latest_only_with_trigger.py took 0.212 seconds
[2023-03-08T11:59:00.297+0000] {processor.py:153} INFO - Started process (PID=12586) to work on /home/airflow/.local/lib/python3.7/site-packages/airflow/example_dags/example_latest_only_with_trigger.py
[2023-03-08T11:59:00.300+0000] {processor.py:743} INFO - Processing file /home/airflow/.local/lib/python3.7/site-packages/airflow/example_dags/example_latest_only_with_trigger.py for tasks to queue
[2023-03-08T11:59:00.304+0000] {logging_mixin.py:137} INFO - [2023-03-08T11:59:00.304+0000] {dagbag.py:538} INFO - Filling up the DagBag from /home/airflow/.local/lib/python3.7/site-packages/airflow/example_dags/example_latest_only_with_trigger.py
[2023-03-08T11:59:00.334+0000] {processor.py:753} INFO - DAG(s) dict_keys(['latest_only_with_trigger']) retrieved from /home/airflow/.local/lib/python3.7/site-packages/airflow/example_dags/example_latest_only_with_trigger.py
[2023-03-08T11:59:00.393+0000] {logging_mixin.py:137} INFO - [2023-03-08T11:59:00.392+0000] {dag.py:2690} INFO - Sync 1 DAGs
[2023-03-08T11:59:00.445+0000] {logging_mixin.py:137} INFO - [2023-03-08T11:59:00.445+0000] {dag.py:3441} INFO - Setting next_dagrun for latest_only_with_trigger to 2023-03-08T07:59:00.444865+00:00, run_after=2023-03-08T11:59:00.444865+00:00
[2023-03-08T11:59:00.493+0000] {processor.py:175} INFO - Processing /home/airflow/.local/lib/python3.7/site-packages/airflow/example_dags/example_latest_only_with_trigger.py took 0.203 seconds
[2023-03-08T11:59:30.681+0000] {processor.py:153} INFO - Started process (PID=12644) to work on /home/airflow/.local/lib/python3.7/site-packages/airflow/example_dags/example_latest_only_with_trigger.py
[2023-03-08T11:59:30.683+0000] {processor.py:743} INFO - Processing file /home/airflow/.local/lib/python3.7/site-packages/airflow/example_dags/example_latest_only_with_trigger.py for tasks to queue
[2023-03-08T11:59:30.686+0000] {logging_mixin.py:137} INFO - [2023-03-08T11:59:30.685+0000] {dagbag.py:538} INFO - Filling up the DagBag from /home/airflow/.local/lib/python3.7/site-packages/airflow/example_dags/example_latest_only_with_trigger.py
[2023-03-08T11:59:30.713+0000] {processor.py:753} INFO - DAG(s) dict_keys(['latest_only_with_trigger']) retrieved from /home/airflow/.local/lib/python3.7/site-packages/airflow/example_dags/example_latest_only_with_trigger.py
[2023-03-08T11:59:30.781+0000] {logging_mixin.py:137} INFO - [2023-03-08T11:59:30.781+0000] {dag.py:2690} INFO - Sync 1 DAGs
[2023-03-08T11:59:30.843+0000] {logging_mixin.py:137} INFO - [2023-03-08T11:59:30.843+0000] {dag.py:3441} INFO - Setting next_dagrun for latest_only_with_trigger to 2023-03-08T07:59:30.843258+00:00, run_after=2023-03-08T11:59:30.843258+00:00
[2023-03-08T11:59:30.896+0000] {processor.py:175} INFO - Processing /home/airflow/.local/lib/python3.7/site-packages/airflow/example_dags/example_latest_only_with_trigger.py took 0.222 seconds
[2023-03-08T12:00:01.455+0000] {processor.py:153} INFO - Started process (PID=12702) to work on /home/airflow/.local/lib/python3.7/site-packages/airflow/example_dags/example_latest_only_with_trigger.py
[2023-03-08T12:00:01.458+0000] {processor.py:743} INFO - Processing file /home/airflow/.local/lib/python3.7/site-packages/airflow/example_dags/example_latest_only_with_trigger.py for tasks to queue
[2023-03-08T12:00:01.461+0000] {logging_mixin.py:137} INFO - [2023-03-08T12:00:01.461+0000] {dagbag.py:538} INFO - Filling up the DagBag from /home/airflow/.local/lib/python3.7/site-packages/airflow/example_dags/example_latest_only_with_trigger.py
[2023-03-08T12:00:01.513+0000] {processor.py:753} INFO - DAG(s) dict_keys(['latest_only_with_trigger']) retrieved from /home/airflow/.local/lib/python3.7/site-packages/airflow/example_dags/example_latest_only_with_trigger.py
[2023-03-08T12:00:01.550+0000] {logging_mixin.py:137} INFO - [2023-03-08T12:00:01.550+0000] {dag.py:2690} INFO - Sync 1 DAGs
[2023-03-08T12:00:01.619+0000] {logging_mixin.py:137} INFO - [2023-03-08T12:00:01.619+0000] {dag.py:3441} INFO - Setting next_dagrun for latest_only_with_trigger to 2023-03-08T08:00:01.618535+00:00, run_after=2023-03-08T12:00:01.618535+00:00
[2023-03-08T12:00:01.685+0000] {processor.py:175} INFO - Processing /home/airflow/.local/lib/python3.7/site-packages/airflow/example_dags/example_latest_only_with_trigger.py took 0.240 seconds
[2023-03-08T12:00:32.419+0000] {processor.py:153} INFO - Started process (PID=12760) to work on /home/airflow/.local/lib/python3.7/site-packages/airflow/example_dags/example_latest_only_with_trigger.py
[2023-03-08T12:00:32.421+0000] {processor.py:743} INFO - Processing file /home/airflow/.local/lib/python3.7/site-packages/airflow/example_dags/example_latest_only_with_trigger.py for tasks to queue
[2023-03-08T12:00:32.424+0000] {logging_mixin.py:137} INFO - [2023-03-08T12:00:32.424+0000] {dagbag.py:538} INFO - Filling up the DagBag from /home/airflow/.local/lib/python3.7/site-packages/airflow/example_dags/example_latest_only_with_trigger.py
[2023-03-08T12:00:32.503+0000] {processor.py:753} INFO - DAG(s) dict_keys(['latest_only_with_trigger']) retrieved from /home/airflow/.local/lib/python3.7/site-packages/airflow/example_dags/example_latest_only_with_trigger.py
[2023-03-08T12:00:32.697+0000] {logging_mixin.py:137} INFO - [2023-03-08T12:00:32.696+0000] {dag.py:2690} INFO - Sync 1 DAGs
[2023-03-08T12:00:32.783+0000] {logging_mixin.py:137} INFO - [2023-03-08T12:00:32.782+0000] {dag.py:3441} INFO - Setting next_dagrun for latest_only_with_trigger to 2023-03-08T08:00:32.780578+00:00, run_after=2023-03-08T12:00:32.780578+00:00
[2023-03-08T12:00:32.890+0000] {processor.py:175} INFO - Processing /home/airflow/.local/lib/python3.7/site-packages/airflow/example_dags/example_latest_only_with_trigger.py took 0.496 seconds
[2023-03-08T12:01:03.697+0000] {processor.py:153} INFO - Started process (PID=12826) to work on /home/airflow/.local/lib/python3.7/site-packages/airflow/example_dags/example_latest_only_with_trigger.py
[2023-03-08T12:01:03.699+0000] {processor.py:743} INFO - Processing file /home/airflow/.local/lib/python3.7/site-packages/airflow/example_dags/example_latest_only_with_trigger.py for tasks to queue
[2023-03-08T12:01:03.703+0000] {logging_mixin.py:137} INFO - [2023-03-08T12:01:03.702+0000] {dagbag.py:538} INFO - Filling up the DagBag from /home/airflow/.local/lib/python3.7/site-packages/airflow/example_dags/example_latest_only_with_trigger.py
[2023-03-08T12:01:03.733+0000] {processor.py:753} INFO - DAG(s) dict_keys(['latest_only_with_trigger']) retrieved from /home/airflow/.local/lib/python3.7/site-packages/airflow/example_dags/example_latest_only_with_trigger.py
[2023-03-08T12:01:03.785+0000] {logging_mixin.py:137} INFO - [2023-03-08T12:01:03.784+0000] {dag.py:2690} INFO - Sync 1 DAGs
[2023-03-08T12:01:03.819+0000] {logging_mixin.py:137} INFO - [2023-03-08T12:01:03.819+0000] {dag.py:3441} INFO - Setting next_dagrun for latest_only_with_trigger to 2023-03-08T08:01:03.818691+00:00, run_after=2023-03-08T12:01:03.818691+00:00
[2023-03-08T12:01:03.852+0000] {processor.py:175} INFO - Processing /home/airflow/.local/lib/python3.7/site-packages/airflow/example_dags/example_latest_only_with_trigger.py took 0.167 seconds
[2023-03-08T12:01:34.047+0000] {processor.py:153} INFO - Started process (PID=12885) to work on /home/airflow/.local/lib/python3.7/site-packages/airflow/example_dags/example_latest_only_with_trigger.py
[2023-03-08T12:01:34.049+0000] {processor.py:743} INFO - Processing file /home/airflow/.local/lib/python3.7/site-packages/airflow/example_dags/example_latest_only_with_trigger.py for tasks to queue
[2023-03-08T12:01:34.052+0000] {logging_mixin.py:137} INFO - [2023-03-08T12:01:34.051+0000] {dagbag.py:538} INFO - Filling up the DagBag from /home/airflow/.local/lib/python3.7/site-packages/airflow/example_dags/example_latest_only_with_trigger.py
[2023-03-08T12:01:34.113+0000] {processor.py:753} INFO - DAG(s) dict_keys(['latest_only_with_trigger']) retrieved from /home/airflow/.local/lib/python3.7/site-packages/airflow/example_dags/example_latest_only_with_trigger.py
[2023-03-08T12:01:34.196+0000] {logging_mixin.py:137} INFO - [2023-03-08T12:01:34.196+0000] {dag.py:2690} INFO - Sync 1 DAGs
[2023-03-08T12:01:34.236+0000] {logging_mixin.py:137} INFO - [2023-03-08T12:01:34.235+0000] {dag.py:3441} INFO - Setting next_dagrun for latest_only_with_trigger to 2023-03-08T08:01:34.234310+00:00, run_after=2023-03-08T12:01:34.234310+00:00
[2023-03-08T12:01:34.279+0000] {processor.py:175} INFO - Processing /home/airflow/.local/lib/python3.7/site-packages/airflow/example_dags/example_latest_only_with_trigger.py took 0.239 seconds
[2023-03-08T12:02:04.949+0000] {processor.py:153} INFO - Started process (PID=12943) to work on /home/airflow/.local/lib/python3.7/site-packages/airflow/example_dags/example_latest_only_with_trigger.py
[2023-03-08T12:02:04.955+0000] {processor.py:743} INFO - Processing file /home/airflow/.local/lib/python3.7/site-packages/airflow/example_dags/example_latest_only_with_trigger.py for tasks to queue
[2023-03-08T12:02:04.957+0000] {logging_mixin.py:137} INFO - [2023-03-08T12:02:04.957+0000] {dagbag.py:538} INFO - Filling up the DagBag from /home/airflow/.local/lib/python3.7/site-packages/airflow/example_dags/example_latest_only_with_trigger.py
[2023-03-08T12:02:05.025+0000] {processor.py:753} INFO - DAG(s) dict_keys(['latest_only_with_trigger']) retrieved from /home/airflow/.local/lib/python3.7/site-packages/airflow/example_dags/example_latest_only_with_trigger.py
[2023-03-08T12:02:05.112+0000] {logging_mixin.py:137} INFO - [2023-03-08T12:02:05.112+0000] {dag.py:2690} INFO - Sync 1 DAGs
[2023-03-08T12:02:05.177+0000] {logging_mixin.py:137} INFO - [2023-03-08T12:02:05.176+0000] {dag.py:3441} INFO - Setting next_dagrun for latest_only_with_trigger to 2023-03-08T08:02:05.176416+00:00, run_after=2023-03-08T12:02:05.176416+00:00
[2023-03-08T12:02:05.208+0000] {processor.py:175} INFO - Processing /home/airflow/.local/lib/python3.7/site-packages/airflow/example_dags/example_latest_only_with_trigger.py took 0.268 seconds
[2023-03-08T12:02:35.676+0000] {processor.py:153} INFO - Started process (PID=13010) to work on /home/airflow/.local/lib/python3.7/site-packages/airflow/example_dags/example_latest_only_with_trigger.py
[2023-03-08T12:02:35.680+0000] {processor.py:743} INFO - Processing file /home/airflow/.local/lib/python3.7/site-packages/airflow/example_dags/example_latest_only_with_trigger.py for tasks to queue
[2023-03-08T12:02:35.683+0000] {logging_mixin.py:137} INFO - [2023-03-08T12:02:35.683+0000] {dagbag.py:538} INFO - Filling up the DagBag from /home/airflow/.local/lib/python3.7/site-packages/airflow/example_dags/example_latest_only_with_trigger.py
[2023-03-08T12:02:35.718+0000] {processor.py:753} INFO - DAG(s) dict_keys(['latest_only_with_trigger']) retrieved from /home/airflow/.local/lib/python3.7/site-packages/airflow/example_dags/example_latest_only_with_trigger.py
[2023-03-08T12:02:35.762+0000] {logging_mixin.py:137} INFO - [2023-03-08T12:02:35.762+0000] {dag.py:2690} INFO - Sync 1 DAGs
[2023-03-08T12:02:35.816+0000] {logging_mixin.py:137} INFO - [2023-03-08T12:02:35.816+0000] {dag.py:3441} INFO - Setting next_dagrun for latest_only_with_trigger to 2023-03-08T08:02:35.816404+00:00, run_after=2023-03-08T12:02:35.816404+00:00
[2023-03-08T12:02:35.847+0000] {processor.py:175} INFO - Processing /home/airflow/.local/lib/python3.7/site-packages/airflow/example_dags/example_latest_only_with_trigger.py took 0.183 seconds
[2023-03-08T12:03:06.700+0000] {processor.py:153} INFO - Started process (PID=13070) to work on /home/airflow/.local/lib/python3.7/site-packages/airflow/example_dags/example_latest_only_with_trigger.py
[2023-03-08T12:03:06.703+0000] {processor.py:743} INFO - Processing file /home/airflow/.local/lib/python3.7/site-packages/airflow/example_dags/example_latest_only_with_trigger.py for tasks to queue
[2023-03-08T12:03:06.705+0000] {logging_mixin.py:137} INFO - [2023-03-08T12:03:06.705+0000] {dagbag.py:538} INFO - Filling up the DagBag from /home/airflow/.local/lib/python3.7/site-packages/airflow/example_dags/example_latest_only_with_trigger.py
[2023-03-08T12:03:06.742+0000] {processor.py:753} INFO - DAG(s) dict_keys(['latest_only_with_trigger']) retrieved from /home/airflow/.local/lib/python3.7/site-packages/airflow/example_dags/example_latest_only_with_trigger.py
[2023-03-08T12:03:06.797+0000] {logging_mixin.py:137} INFO - [2023-03-08T12:03:06.797+0000] {dag.py:2690} INFO - Sync 1 DAGs
[2023-03-08T12:03:06.856+0000] {logging_mixin.py:137} INFO - [2023-03-08T12:03:06.856+0000] {dag.py:3441} INFO - Setting next_dagrun for latest_only_with_trigger to 2023-03-08T08:03:06.856022+00:00, run_after=2023-03-08T12:03:06.856022+00:00
[2023-03-08T12:03:06.913+0000] {processor.py:175} INFO - Processing /home/airflow/.local/lib/python3.7/site-packages/airflow/example_dags/example_latest_only_with_trigger.py took 0.220 seconds
[2023-03-08T12:03:37.456+0000] {processor.py:153} INFO - Started process (PID=13138) to work on /home/airflow/.local/lib/python3.7/site-packages/airflow/example_dags/example_latest_only_with_trigger.py
[2023-03-08T12:03:37.459+0000] {processor.py:743} INFO - Processing file /home/airflow/.local/lib/python3.7/site-packages/airflow/example_dags/example_latest_only_with_trigger.py for tasks to queue
[2023-03-08T12:03:37.462+0000] {logging_mixin.py:137} INFO - [2023-03-08T12:03:37.462+0000] {dagbag.py:538} INFO - Filling up the DagBag from /home/airflow/.local/lib/python3.7/site-packages/airflow/example_dags/example_latest_only_with_trigger.py
[2023-03-08T12:03:37.488+0000] {processor.py:753} INFO - DAG(s) dict_keys(['latest_only_with_trigger']) retrieved from /home/airflow/.local/lib/python3.7/site-packages/airflow/example_dags/example_latest_only_with_trigger.py
[2023-03-08T12:03:37.541+0000] {logging_mixin.py:137} INFO - [2023-03-08T12:03:37.540+0000] {dag.py:2690} INFO - Sync 1 DAGs
[2023-03-08T12:03:37.579+0000] {logging_mixin.py:137} INFO - [2023-03-08T12:03:37.579+0000] {dag.py:3441} INFO - Setting next_dagrun for latest_only_with_trigger to 2023-03-08T08:03:37.579188+00:00, run_after=2023-03-08T12:03:37.579188+00:00
[2023-03-08T12:03:37.631+0000] {processor.py:175} INFO - Processing /home/airflow/.local/lib/python3.7/site-packages/airflow/example_dags/example_latest_only_with_trigger.py took 0.195 seconds
[2023-03-08T12:04:07.770+0000] {processor.py:153} INFO - Started process (PID=13195) to work on /home/airflow/.local/lib/python3.7/site-packages/airflow/example_dags/example_latest_only_with_trigger.py
[2023-03-08T12:04:07.778+0000] {processor.py:743} INFO - Processing file /home/airflow/.local/lib/python3.7/site-packages/airflow/example_dags/example_latest_only_with_trigger.py for tasks to queue
[2023-03-08T12:04:07.782+0000] {logging_mixin.py:137} INFO - [2023-03-08T12:04:07.781+0000] {dagbag.py:538} INFO - Filling up the DagBag from /home/airflow/.local/lib/python3.7/site-packages/airflow/example_dags/example_latest_only_with_trigger.py
[2023-03-08T12:04:07.809+0000] {processor.py:753} INFO - DAG(s) dict_keys(['latest_only_with_trigger']) retrieved from /home/airflow/.local/lib/python3.7/site-packages/airflow/example_dags/example_latest_only_with_trigger.py
[2023-03-08T12:04:07.858+0000] {logging_mixin.py:137} INFO - [2023-03-08T12:04:07.858+0000] {dag.py:2690} INFO - Sync 1 DAGs
[2023-03-08T12:04:07.889+0000] {logging_mixin.py:137} INFO - [2023-03-08T12:04:07.888+0000] {dag.py:3441} INFO - Setting next_dagrun for latest_only_with_trigger to 2023-03-08T08:04:07.888670+00:00, run_after=2023-03-08T12:04:07.888670+00:00
[2023-03-08T12:04:07.930+0000] {processor.py:175} INFO - Processing /home/airflow/.local/lib/python3.7/site-packages/airflow/example_dags/example_latest_only_with_trigger.py took 0.168 seconds
[2023-03-08T12:04:38.157+0000] {processor.py:153} INFO - Started process (PID=13254) to work on /home/airflow/.local/lib/python3.7/site-packages/airflow/example_dags/example_latest_only_with_trigger.py
[2023-03-08T12:04:38.161+0000] {processor.py:743} INFO - Processing file /home/airflow/.local/lib/python3.7/site-packages/airflow/example_dags/example_latest_only_with_trigger.py for tasks to queue
[2023-03-08T12:04:38.164+0000] {logging_mixin.py:137} INFO - [2023-03-08T12:04:38.164+0000] {dagbag.py:538} INFO - Filling up the DagBag from /home/airflow/.local/lib/python3.7/site-packages/airflow/example_dags/example_latest_only_with_trigger.py
[2023-03-08T12:04:38.189+0000] {processor.py:753} INFO - DAG(s) dict_keys(['latest_only_with_trigger']) retrieved from /home/airflow/.local/lib/python3.7/site-packages/airflow/example_dags/example_latest_only_with_trigger.py
[2023-03-08T12:04:38.247+0000] {logging_mixin.py:137} INFO - [2023-03-08T12:04:38.247+0000] {dag.py:2690} INFO - Sync 1 DAGs
[2023-03-08T12:04:38.292+0000] {logging_mixin.py:137} INFO - [2023-03-08T12:04:38.292+0000] {dag.py:3441} INFO - Setting next_dagrun for latest_only_with_trigger to 2023-03-08T08:04:38.291791+00:00, run_after=2023-03-08T12:04:38.291791+00:00
[2023-03-08T12:04:38.339+0000] {processor.py:175} INFO - Processing /home/airflow/.local/lib/python3.7/site-packages/airflow/example_dags/example_latest_only_with_trigger.py took 0.190 seconds
[2023-03-08T12:05:08.725+0000] {processor.py:153} INFO - Started process (PID=13322) to work on /home/airflow/.local/lib/python3.7/site-packages/airflow/example_dags/example_latest_only_with_trigger.py
[2023-03-08T12:05:08.731+0000] {processor.py:743} INFO - Processing file /home/airflow/.local/lib/python3.7/site-packages/airflow/example_dags/example_latest_only_with_trigger.py for tasks to queue
[2023-03-08T12:05:08.736+0000] {logging_mixin.py:137} INFO - [2023-03-08T12:05:08.734+0000] {dagbag.py:538} INFO - Filling up the DagBag from /home/airflow/.local/lib/python3.7/site-packages/airflow/example_dags/example_latest_only_with_trigger.py
[2023-03-08T12:05:08.784+0000] {processor.py:753} INFO - DAG(s) dict_keys(['latest_only_with_trigger']) retrieved from /home/airflow/.local/lib/python3.7/site-packages/airflow/example_dags/example_latest_only_with_trigger.py
[2023-03-08T12:05:08.867+0000] {logging_mixin.py:137} INFO - [2023-03-08T12:05:08.867+0000] {dag.py:2690} INFO - Sync 1 DAGs
[2023-03-08T12:05:08.947+0000] {logging_mixin.py:137} INFO - [2023-03-08T12:05:08.947+0000] {dag.py:3441} INFO - Setting next_dagrun for latest_only_with_trigger to 2023-03-08T08:05:08.947068+00:00, run_after=2023-03-08T12:05:08.947068+00:00
[2023-03-08T12:05:09.042+0000] {processor.py:175} INFO - Processing /home/airflow/.local/lib/python3.7/site-packages/airflow/example_dags/example_latest_only_with_trigger.py took 0.335 seconds
[2023-03-08T12:05:39.273+0000] {processor.py:153} INFO - Started process (PID=13381) to work on /home/airflow/.local/lib/python3.7/site-packages/airflow/example_dags/example_latest_only_with_trigger.py
[2023-03-08T12:05:39.277+0000] {processor.py:743} INFO - Processing file /home/airflow/.local/lib/python3.7/site-packages/airflow/example_dags/example_latest_only_with_trigger.py for tasks to queue
[2023-03-08T12:05:39.280+0000] {logging_mixin.py:137} INFO - [2023-03-08T12:05:39.280+0000] {dagbag.py:538} INFO - Filling up the DagBag from /home/airflow/.local/lib/python3.7/site-packages/airflow/example_dags/example_latest_only_with_trigger.py
[2023-03-08T12:05:39.314+0000] {processor.py:753} INFO - DAG(s) dict_keys(['latest_only_with_trigger']) retrieved from /home/airflow/.local/lib/python3.7/site-packages/airflow/example_dags/example_latest_only_with_trigger.py
[2023-03-08T12:05:39.363+0000] {logging_mixin.py:137} INFO - [2023-03-08T12:05:39.363+0000] {dag.py:2690} INFO - Sync 1 DAGs
[2023-03-08T12:05:39.404+0000] {logging_mixin.py:137} INFO - [2023-03-08T12:05:39.404+0000] {dag.py:3441} INFO - Setting next_dagrun for latest_only_with_trigger to 2023-03-08T08:05:39.403805+00:00, run_after=2023-03-08T12:05:39.403805+00:00
[2023-03-08T12:05:39.441+0000] {processor.py:175} INFO - Processing /home/airflow/.local/lib/python3.7/site-packages/airflow/example_dags/example_latest_only_with_trigger.py took 0.177 seconds
[2023-03-08T12:06:10.212+0000] {processor.py:153} INFO - Started process (PID=13440) to work on /home/airflow/.local/lib/python3.7/site-packages/airflow/example_dags/example_latest_only_with_trigger.py
[2023-03-08T12:06:10.214+0000] {processor.py:743} INFO - Processing file /home/airflow/.local/lib/python3.7/site-packages/airflow/example_dags/example_latest_only_with_trigger.py for tasks to queue
[2023-03-08T12:06:10.217+0000] {logging_mixin.py:137} INFO - [2023-03-08T12:06:10.216+0000] {dagbag.py:538} INFO - Filling up the DagBag from /home/airflow/.local/lib/python3.7/site-packages/airflow/example_dags/example_latest_only_with_trigger.py
[2023-03-08T12:06:10.248+0000] {processor.py:753} INFO - DAG(s) dict_keys(['latest_only_with_trigger']) retrieved from /home/airflow/.local/lib/python3.7/site-packages/airflow/example_dags/example_latest_only_with_trigger.py
[2023-03-08T12:06:10.291+0000] {logging_mixin.py:137} INFO - [2023-03-08T12:06:10.291+0000] {dag.py:2690} INFO - Sync 1 DAGs
[2023-03-08T12:06:10.344+0000] {logging_mixin.py:137} INFO - [2023-03-08T12:06:10.344+0000] {dag.py:3441} INFO - Setting next_dagrun for latest_only_with_trigger to 2023-03-08T08:06:10.343580+00:00, run_after=2023-03-08T12:06:10.343580+00:00
[2023-03-08T12:06:10.397+0000] {processor.py:175} INFO - Processing /home/airflow/.local/lib/python3.7/site-packages/airflow/example_dags/example_latest_only_with_trigger.py took 0.192 seconds
[2023-03-08T12:06:40.949+0000] {processor.py:153} INFO - Started process (PID=13506) to work on /home/airflow/.local/lib/python3.7/site-packages/airflow/example_dags/example_latest_only_with_trigger.py
[2023-03-08T12:06:40.952+0000] {processor.py:743} INFO - Processing file /home/airflow/.local/lib/python3.7/site-packages/airflow/example_dags/example_latest_only_with_trigger.py for tasks to queue
[2023-03-08T12:06:40.960+0000] {logging_mixin.py:137} INFO - [2023-03-08T12:06:40.960+0000] {dagbag.py:538} INFO - Filling up the DagBag from /home/airflow/.local/lib/python3.7/site-packages/airflow/example_dags/example_latest_only_with_trigger.py
[2023-03-08T12:06:40.996+0000] {processor.py:753} INFO - DAG(s) dict_keys(['latest_only_with_trigger']) retrieved from /home/airflow/.local/lib/python3.7/site-packages/airflow/example_dags/example_latest_only_with_trigger.py
[2023-03-08T12:06:41.050+0000] {logging_mixin.py:137} INFO - [2023-03-08T12:06:41.050+0000] {dag.py:2690} INFO - Sync 1 DAGs
[2023-03-08T12:06:41.141+0000] {logging_mixin.py:137} INFO - [2023-03-08T12:06:41.141+0000] {dag.py:3441} INFO - Setting next_dagrun for latest_only_with_trigger to 2023-03-08T08:06:41.140616+00:00, run_after=2023-03-08T12:06:41.140616+00:00
[2023-03-08T12:06:41.210+0000] {processor.py:175} INFO - Processing /home/airflow/.local/lib/python3.7/site-packages/airflow/example_dags/example_latest_only_with_trigger.py took 0.269 seconds
[2023-03-08T12:07:11.390+0000] {processor.py:153} INFO - Started process (PID=13564) to work on /home/airflow/.local/lib/python3.7/site-packages/airflow/example_dags/example_latest_only_with_trigger.py
[2023-03-08T12:07:11.394+0000] {processor.py:743} INFO - Processing file /home/airflow/.local/lib/python3.7/site-packages/airflow/example_dags/example_latest_only_with_trigger.py for tasks to queue
[2023-03-08T12:07:11.399+0000] {logging_mixin.py:137} INFO - [2023-03-08T12:07:11.399+0000] {dagbag.py:538} INFO - Filling up the DagBag from /home/airflow/.local/lib/python3.7/site-packages/airflow/example_dags/example_latest_only_with_trigger.py
[2023-03-08T12:07:11.442+0000] {processor.py:753} INFO - DAG(s) dict_keys(['latest_only_with_trigger']) retrieved from /home/airflow/.local/lib/python3.7/site-packages/airflow/example_dags/example_latest_only_with_trigger.py
[2023-03-08T12:07:11.515+0000] {logging_mixin.py:137} INFO - [2023-03-08T12:07:11.514+0000] {dag.py:2690} INFO - Sync 1 DAGs
[2023-03-08T12:07:11.558+0000] {logging_mixin.py:137} INFO - [2023-03-08T12:07:11.557+0000] {dag.py:3441} INFO - Setting next_dagrun for latest_only_with_trigger to 2023-03-08T08:07:11.557294+00:00, run_after=2023-03-08T12:07:11.557294+00:00
[2023-03-08T12:07:11.619+0000] {processor.py:175} INFO - Processing /home/airflow/.local/lib/python3.7/site-packages/airflow/example_dags/example_latest_only_with_trigger.py took 0.237 seconds
[2023-03-08T12:07:42.261+0000] {processor.py:153} INFO - Started process (PID=13623) to work on /home/airflow/.local/lib/python3.7/site-packages/airflow/example_dags/example_latest_only_with_trigger.py
[2023-03-08T12:07:42.263+0000] {processor.py:743} INFO - Processing file /home/airflow/.local/lib/python3.7/site-packages/airflow/example_dags/example_latest_only_with_trigger.py for tasks to queue
[2023-03-08T12:07:42.266+0000] {logging_mixin.py:137} INFO - [2023-03-08T12:07:42.265+0000] {dagbag.py:538} INFO - Filling up the DagBag from /home/airflow/.local/lib/python3.7/site-packages/airflow/example_dags/example_latest_only_with_trigger.py
[2023-03-08T12:07:42.289+0000] {processor.py:753} INFO - DAG(s) dict_keys(['latest_only_with_trigger']) retrieved from /home/airflow/.local/lib/python3.7/site-packages/airflow/example_dags/example_latest_only_with_trigger.py
[2023-03-08T12:07:42.343+0000] {logging_mixin.py:137} INFO - [2023-03-08T12:07:42.343+0000] {dag.py:2690} INFO - Sync 1 DAGs
[2023-03-08T12:07:42.382+0000] {logging_mixin.py:137} INFO - [2023-03-08T12:07:42.382+0000] {dag.py:3441} INFO - Setting next_dagrun for latest_only_with_trigger to 2023-03-08T08:07:42.381958+00:00, run_after=2023-03-08T12:07:42.381958+00:00
[2023-03-08T12:07:42.418+0000] {processor.py:175} INFO - Processing /home/airflow/.local/lib/python3.7/site-packages/airflow/example_dags/example_latest_only_with_trigger.py took 0.163 seconds
[2023-03-08T12:08:12.960+0000] {processor.py:153} INFO - Started process (PID=13681) to work on /home/airflow/.local/lib/python3.7/site-packages/airflow/example_dags/example_latest_only_with_trigger.py
[2023-03-08T12:08:12.963+0000] {processor.py:743} INFO - Processing file /home/airflow/.local/lib/python3.7/site-packages/airflow/example_dags/example_latest_only_with_trigger.py for tasks to queue
[2023-03-08T12:08:12.965+0000] {logging_mixin.py:137} INFO - [2023-03-08T12:08:12.965+0000] {dagbag.py:538} INFO - Filling up the DagBag from /home/airflow/.local/lib/python3.7/site-packages/airflow/example_dags/example_latest_only_with_trigger.py
[2023-03-08T12:08:12.995+0000] {processor.py:753} INFO - DAG(s) dict_keys(['latest_only_with_trigger']) retrieved from /home/airflow/.local/lib/python3.7/site-packages/airflow/example_dags/example_latest_only_with_trigger.py
[2023-03-08T12:08:13.037+0000] {logging_mixin.py:137} INFO - [2023-03-08T12:08:13.037+0000] {dag.py:2690} INFO - Sync 1 DAGs
[2023-03-08T12:08:13.065+0000] {logging_mixin.py:137} INFO - [2023-03-08T12:08:13.065+0000] {dag.py:3441} INFO - Setting next_dagrun for latest_only_with_trigger to 2023-03-08T08:08:13.065116+00:00, run_after=2023-03-08T12:08:13.065116+00:00
[2023-03-08T12:08:13.095+0000] {processor.py:175} INFO - Processing /home/airflow/.local/lib/python3.7/site-packages/airflow/example_dags/example_latest_only_with_trigger.py took 0.148 seconds
[2023-03-08T12:08:44.564+0000] {processor.py:153} INFO - Started process (PID=13749) to work on /home/airflow/.local/lib/python3.7/site-packages/airflow/example_dags/example_latest_only_with_trigger.py
[2023-03-08T12:08:44.574+0000] {processor.py:743} INFO - Processing file /home/airflow/.local/lib/python3.7/site-packages/airflow/example_dags/example_latest_only_with_trigger.py for tasks to queue
[2023-03-08T12:08:44.579+0000] {logging_mixin.py:137} INFO - [2023-03-08T12:08:44.578+0000] {dagbag.py:538} INFO - Filling up the DagBag from /home/airflow/.local/lib/python3.7/site-packages/airflow/example_dags/example_latest_only_with_trigger.py
[2023-03-08T12:08:44.630+0000] {processor.py:753} INFO - DAG(s) dict_keys(['latest_only_with_trigger']) retrieved from /home/airflow/.local/lib/python3.7/site-packages/airflow/example_dags/example_latest_only_with_trigger.py
[2023-03-08T12:08:44.737+0000] {logging_mixin.py:137} INFO - [2023-03-08T12:08:44.737+0000] {dag.py:2690} INFO - Sync 1 DAGs
[2023-03-08T12:08:44.810+0000] {logging_mixin.py:137} INFO - [2023-03-08T12:08:44.810+0000] {dag.py:3441} INFO - Setting next_dagrun for latest_only_with_trigger to 2023-03-08T08:08:44.809962+00:00, run_after=2023-03-08T12:08:44.809962+00:00
[2023-03-08T12:08:44.894+0000] {processor.py:175} INFO - Processing /home/airflow/.local/lib/python3.7/site-packages/airflow/example_dags/example_latest_only_with_trigger.py took 0.342 seconds
[2023-03-08T12:09:15.373+0000] {processor.py:153} INFO - Started process (PID=13809) to work on /home/airflow/.local/lib/python3.7/site-packages/airflow/example_dags/example_latest_only_with_trigger.py
[2023-03-08T12:09:15.375+0000] {processor.py:743} INFO - Processing file /home/airflow/.local/lib/python3.7/site-packages/airflow/example_dags/example_latest_only_with_trigger.py for tasks to queue
[2023-03-08T12:09:15.378+0000] {logging_mixin.py:137} INFO - [2023-03-08T12:09:15.378+0000] {dagbag.py:538} INFO - Filling up the DagBag from /home/airflow/.local/lib/python3.7/site-packages/airflow/example_dags/example_latest_only_with_trigger.py
[2023-03-08T12:09:15.397+0000] {processor.py:753} INFO - DAG(s) dict_keys(['latest_only_with_trigger']) retrieved from /home/airflow/.local/lib/python3.7/site-packages/airflow/example_dags/example_latest_only_with_trigger.py
[2023-03-08T12:09:15.432+0000] {logging_mixin.py:137} INFO - [2023-03-08T12:09:15.432+0000] {dag.py:2690} INFO - Sync 1 DAGs
[2023-03-08T12:09:15.460+0000] {logging_mixin.py:137} INFO - [2023-03-08T12:09:15.460+0000] {dag.py:3441} INFO - Setting next_dagrun for latest_only_with_trigger to 2023-03-08T08:09:15.460388+00:00, run_after=2023-03-08T12:09:15.460388+00:00
[2023-03-08T12:09:15.487+0000] {processor.py:175} INFO - Processing /home/airflow/.local/lib/python3.7/site-packages/airflow/example_dags/example_latest_only_with_trigger.py took 0.119 seconds
[2023-03-08T12:09:45.719+0000] {processor.py:153} INFO - Started process (PID=13867) to work on /home/airflow/.local/lib/python3.7/site-packages/airflow/example_dags/example_latest_only_with_trigger.py
[2023-03-08T12:09:45.721+0000] {processor.py:743} INFO - Processing file /home/airflow/.local/lib/python3.7/site-packages/airflow/example_dags/example_latest_only_with_trigger.py for tasks to queue
[2023-03-08T12:09:45.723+0000] {logging_mixin.py:137} INFO - [2023-03-08T12:09:45.723+0000] {dagbag.py:538} INFO - Filling up the DagBag from /home/airflow/.local/lib/python3.7/site-packages/airflow/example_dags/example_latest_only_with_trigger.py
[2023-03-08T12:09:45.742+0000] {processor.py:753} INFO - DAG(s) dict_keys(['latest_only_with_trigger']) retrieved from /home/airflow/.local/lib/python3.7/site-packages/airflow/example_dags/example_latest_only_with_trigger.py
[2023-03-08T12:09:45.776+0000] {logging_mixin.py:137} INFO - [2023-03-08T12:09:45.775+0000] {dag.py:2690} INFO - Sync 1 DAGs
[2023-03-08T12:09:45.804+0000] {logging_mixin.py:137} INFO - [2023-03-08T12:09:45.803+0000] {dag.py:3441} INFO - Setting next_dagrun for latest_only_with_trigger to 2023-03-08T08:09:45.803285+00:00, run_after=2023-03-08T12:09:45.803285+00:00
[2023-03-08T12:09:45.835+0000] {processor.py:175} INFO - Processing /home/airflow/.local/lib/python3.7/site-packages/airflow/example_dags/example_latest_only_with_trigger.py took 0.121 seconds
[2023-03-08T12:10:16.401+0000] {processor.py:153} INFO - Started process (PID=13936) to work on /home/airflow/.local/lib/python3.7/site-packages/airflow/example_dags/example_latest_only_with_trigger.py
[2023-03-08T12:10:16.404+0000] {processor.py:743} INFO - Processing file /home/airflow/.local/lib/python3.7/site-packages/airflow/example_dags/example_latest_only_with_trigger.py for tasks to queue
[2023-03-08T12:10:16.407+0000] {logging_mixin.py:137} INFO - [2023-03-08T12:10:16.406+0000] {dagbag.py:538} INFO - Filling up the DagBag from /home/airflow/.local/lib/python3.7/site-packages/airflow/example_dags/example_latest_only_with_trigger.py
[2023-03-08T12:10:16.431+0000] {processor.py:753} INFO - DAG(s) dict_keys(['latest_only_with_trigger']) retrieved from /home/airflow/.local/lib/python3.7/site-packages/airflow/example_dags/example_latest_only_with_trigger.py
[2023-03-08T12:10:16.477+0000] {logging_mixin.py:137} INFO - [2023-03-08T12:10:16.476+0000] {dag.py:2690} INFO - Sync 1 DAGs
[2023-03-08T12:10:16.512+0000] {logging_mixin.py:137} INFO - [2023-03-08T12:10:16.512+0000] {dag.py:3441} INFO - Setting next_dagrun for latest_only_with_trigger to 2023-03-08T08:10:16.512030+00:00, run_after=2023-03-08T12:10:16.512030+00:00
[2023-03-08T12:10:16.555+0000] {processor.py:175} INFO - Processing /home/airflow/.local/lib/python3.7/site-packages/airflow/example_dags/example_latest_only_with_trigger.py took 0.164 seconds
[2023-03-08T12:10:47.336+0000] {processor.py:153} INFO - Started process (PID=13995) to work on /home/airflow/.local/lib/python3.7/site-packages/airflow/example_dags/example_latest_only_with_trigger.py
[2023-03-08T12:10:47.338+0000] {processor.py:743} INFO - Processing file /home/airflow/.local/lib/python3.7/site-packages/airflow/example_dags/example_latest_only_with_trigger.py for tasks to queue
[2023-03-08T12:10:47.342+0000] {logging_mixin.py:137} INFO - [2023-03-08T12:10:47.341+0000] {dagbag.py:538} INFO - Filling up the DagBag from /home/airflow/.local/lib/python3.7/site-packages/airflow/example_dags/example_latest_only_with_trigger.py
[2023-03-08T12:10:47.369+0000] {processor.py:753} INFO - DAG(s) dict_keys(['latest_only_with_trigger']) retrieved from /home/airflow/.local/lib/python3.7/site-packages/airflow/example_dags/example_latest_only_with_trigger.py
[2023-03-08T12:10:47.413+0000] {logging_mixin.py:137} INFO - [2023-03-08T12:10:47.413+0000] {dag.py:2690} INFO - Sync 1 DAGs
[2023-03-08T12:10:47.451+0000] {logging_mixin.py:137} INFO - [2023-03-08T12:10:47.451+0000] {dag.py:3441} INFO - Setting next_dagrun for latest_only_with_trigger to 2023-03-08T08:10:47.450905+00:00, run_after=2023-03-08T12:10:47.450905+00:00
[2023-03-08T12:10:47.489+0000] {processor.py:175} INFO - Processing /home/airflow/.local/lib/python3.7/site-packages/airflow/example_dags/example_latest_only_with_trigger.py took 0.157 seconds
[2023-03-08T12:11:18.319+0000] {processor.py:153} INFO - Started process (PID=14060) to work on /home/airflow/.local/lib/python3.7/site-packages/airflow/example_dags/example_latest_only_with_trigger.py
[2023-03-08T12:11:18.322+0000] {processor.py:743} INFO - Processing file /home/airflow/.local/lib/python3.7/site-packages/airflow/example_dags/example_latest_only_with_trigger.py for tasks to queue
[2023-03-08T12:11:18.331+0000] {logging_mixin.py:137} INFO - [2023-03-08T12:11:18.331+0000] {dagbag.py:538} INFO - Filling up the DagBag from /home/airflow/.local/lib/python3.7/site-packages/airflow/example_dags/example_latest_only_with_trigger.py
[2023-03-08T12:11:18.357+0000] {processor.py:753} INFO - DAG(s) dict_keys(['latest_only_with_trigger']) retrieved from /home/airflow/.local/lib/python3.7/site-packages/airflow/example_dags/example_latest_only_with_trigger.py
[2023-03-08T12:11:18.420+0000] {logging_mixin.py:137} INFO - [2023-03-08T12:11:18.420+0000] {dag.py:2690} INFO - Sync 1 DAGs
[2023-03-08T12:11:18.457+0000] {logging_mixin.py:137} INFO - [2023-03-08T12:11:18.457+0000] {dag.py:3441} INFO - Setting next_dagrun for latest_only_with_trigger to 2023-03-08T08:11:18.457348+00:00, run_after=2023-03-08T12:11:18.457348+00:00
[2023-03-08T12:11:18.510+0000] {processor.py:175} INFO - Processing /home/airflow/.local/lib/python3.7/site-packages/airflow/example_dags/example_latest_only_with_trigger.py took 0.200 seconds
[2023-03-08T12:11:48.939+0000] {processor.py:153} INFO - Started process (PID=14122) to work on /home/airflow/.local/lib/python3.7/site-packages/airflow/example_dags/example_latest_only_with_trigger.py
[2023-03-08T12:11:48.960+0000] {processor.py:743} INFO - Processing file /home/airflow/.local/lib/python3.7/site-packages/airflow/example_dags/example_latest_only_with_trigger.py for tasks to queue
[2023-03-08T12:11:48.967+0000] {logging_mixin.py:137} INFO - [2023-03-08T12:11:48.963+0000] {dagbag.py:538} INFO - Filling up the DagBag from /home/airflow/.local/lib/python3.7/site-packages/airflow/example_dags/example_latest_only_with_trigger.py
[2023-03-08T12:11:48.991+0000] {processor.py:753} INFO - DAG(s) dict_keys(['latest_only_with_trigger']) retrieved from /home/airflow/.local/lib/python3.7/site-packages/airflow/example_dags/example_latest_only_with_trigger.py
[2023-03-08T12:11:49.030+0000] {logging_mixin.py:137} INFO - [2023-03-08T12:11:49.030+0000] {dag.py:2690} INFO - Sync 1 DAGs
[2023-03-08T12:11:49.063+0000] {logging_mixin.py:137} INFO - [2023-03-08T12:11:49.063+0000] {dag.py:3441} INFO - Setting next_dagrun for latest_only_with_trigger to 2023-03-08T08:11:49.063090+00:00, run_after=2023-03-08T12:11:49.063090+00:00
[2023-03-08T12:11:49.095+0000] {processor.py:175} INFO - Processing /home/airflow/.local/lib/python3.7/site-packages/airflow/example_dags/example_latest_only_with_trigger.py took 0.163 seconds
[2023-03-08T12:12:19.551+0000] {processor.py:153} INFO - Started process (PID=14181) to work on /home/airflow/.local/lib/python3.7/site-packages/airflow/example_dags/example_latest_only_with_trigger.py
[2023-03-08T12:12:19.555+0000] {processor.py:743} INFO - Processing file /home/airflow/.local/lib/python3.7/site-packages/airflow/example_dags/example_latest_only_with_trigger.py for tasks to queue
[2023-03-08T12:12:19.558+0000] {logging_mixin.py:137} INFO - [2023-03-08T12:12:19.558+0000] {dagbag.py:538} INFO - Filling up the DagBag from /home/airflow/.local/lib/python3.7/site-packages/airflow/example_dags/example_latest_only_with_trigger.py
[2023-03-08T12:12:19.583+0000] {processor.py:753} INFO - DAG(s) dict_keys(['latest_only_with_trigger']) retrieved from /home/airflow/.local/lib/python3.7/site-packages/airflow/example_dags/example_latest_only_with_trigger.py
[2023-03-08T12:12:19.659+0000] {logging_mixin.py:137} INFO - [2023-03-08T12:12:19.659+0000] {dag.py:2690} INFO - Sync 1 DAGs
[2023-03-08T12:12:19.728+0000] {logging_mixin.py:137} INFO - [2023-03-08T12:12:19.728+0000] {dag.py:3441} INFO - Setting next_dagrun for latest_only_with_trigger to 2023-03-08T08:12:19.727798+00:00, run_after=2023-03-08T12:12:19.727798+00:00
[2023-03-08T12:12:19.796+0000] {processor.py:175} INFO - Processing /home/airflow/.local/lib/python3.7/site-packages/airflow/example_dags/example_latest_only_with_trigger.py took 0.252 seconds
[2023-03-08T12:12:50.272+0000] {processor.py:153} INFO - Started process (PID=14239) to work on /home/airflow/.local/lib/python3.7/site-packages/airflow/example_dags/example_latest_only_with_trigger.py
[2023-03-08T12:12:50.276+0000] {processor.py:743} INFO - Processing file /home/airflow/.local/lib/python3.7/site-packages/airflow/example_dags/example_latest_only_with_trigger.py for tasks to queue
[2023-03-08T12:12:50.279+0000] {logging_mixin.py:137} INFO - [2023-03-08T12:12:50.279+0000] {dagbag.py:538} INFO - Filling up the DagBag from /home/airflow/.local/lib/python3.7/site-packages/airflow/example_dags/example_latest_only_with_trigger.py
[2023-03-08T12:12:50.327+0000] {processor.py:753} INFO - DAG(s) dict_keys(['latest_only_with_trigger']) retrieved from /home/airflow/.local/lib/python3.7/site-packages/airflow/example_dags/example_latest_only_with_trigger.py
[2023-03-08T12:12:50.394+0000] {logging_mixin.py:137} INFO - [2023-03-08T12:12:50.393+0000] {dag.py:2690} INFO - Sync 1 DAGs
[2023-03-08T12:12:50.455+0000] {logging_mixin.py:137} INFO - [2023-03-08T12:12:50.455+0000] {dag.py:3441} INFO - Setting next_dagrun for latest_only_with_trigger to 2023-03-08T08:12:50.455184+00:00, run_after=2023-03-08T12:12:50.455184+00:00
[2023-03-08T12:12:50.516+0000] {processor.py:175} INFO - Processing /home/airflow/.local/lib/python3.7/site-packages/airflow/example_dags/example_latest_only_with_trigger.py took 0.265 seconds
[2023-03-08T12:13:21.315+0000] {processor.py:153} INFO - Started process (PID=14308) to work on /home/airflow/.local/lib/python3.7/site-packages/airflow/example_dags/example_latest_only_with_trigger.py
[2023-03-08T12:13:21.318+0000] {processor.py:743} INFO - Processing file /home/airflow/.local/lib/python3.7/site-packages/airflow/example_dags/example_latest_only_with_trigger.py for tasks to queue
[2023-03-08T12:13:21.321+0000] {logging_mixin.py:137} INFO - [2023-03-08T12:13:21.321+0000] {dagbag.py:538} INFO - Filling up the DagBag from /home/airflow/.local/lib/python3.7/site-packages/airflow/example_dags/example_latest_only_with_trigger.py
[2023-03-08T12:13:21.348+0000] {processor.py:753} INFO - DAG(s) dict_keys(['latest_only_with_trigger']) retrieved from /home/airflow/.local/lib/python3.7/site-packages/airflow/example_dags/example_latest_only_with_trigger.py
[2023-03-08T12:13:21.389+0000] {logging_mixin.py:137} INFO - [2023-03-08T12:13:21.389+0000] {dag.py:2690} INFO - Sync 1 DAGs
[2023-03-08T12:13:21.425+0000] {logging_mixin.py:137} INFO - [2023-03-08T12:13:21.425+0000] {dag.py:3441} INFO - Setting next_dagrun for latest_only_with_trigger to 2023-03-08T08:13:21.424894+00:00, run_after=2023-03-08T12:13:21.424894+00:00
[2023-03-08T12:13:21.476+0000] {processor.py:175} INFO - Processing /home/airflow/.local/lib/python3.7/site-packages/airflow/example_dags/example_latest_only_with_trigger.py took 0.169 seconds
[2023-03-08T12:13:51.616+0000] {processor.py:153} INFO - Started process (PID=14367) to work on /home/airflow/.local/lib/python3.7/site-packages/airflow/example_dags/example_latest_only_with_trigger.py
[2023-03-08T12:13:51.645+0000] {processor.py:743} INFO - Processing file /home/airflow/.local/lib/python3.7/site-packages/airflow/example_dags/example_latest_only_with_trigger.py for tasks to queue
[2023-03-08T12:13:51.652+0000] {logging_mixin.py:137} INFO - [2023-03-08T12:13:51.651+0000] {dagbag.py:538} INFO - Filling up the DagBag from /home/airflow/.local/lib/python3.7/site-packages/airflow/example_dags/example_latest_only_with_trigger.py
[2023-03-08T12:13:51.735+0000] {processor.py:753} INFO - DAG(s) dict_keys(['latest_only_with_trigger']) retrieved from /home/airflow/.local/lib/python3.7/site-packages/airflow/example_dags/example_latest_only_with_trigger.py
[2023-03-08T12:13:51.802+0000] {logging_mixin.py:137} INFO - [2023-03-08T12:13:51.802+0000] {dag.py:2690} INFO - Sync 1 DAGs
[2023-03-08T12:13:51.861+0000] {logging_mixin.py:137} INFO - [2023-03-08T12:13:51.861+0000] {dag.py:3441} INFO - Setting next_dagrun for latest_only_with_trigger to 2023-03-08T08:13:51.860810+00:00, run_after=2023-03-08T12:13:51.860810+00:00
[2023-03-08T12:13:51.926+0000] {processor.py:175} INFO - Processing /home/airflow/.local/lib/python3.7/site-packages/airflow/example_dags/example_latest_only_with_trigger.py took 0.320 seconds
[2023-03-08T12:14:25.221+0000] {processor.py:153} INFO - Started process (PID=14425) to work on /home/airflow/.local/lib/python3.7/site-packages/airflow/example_dags/example_latest_only_with_trigger.py
[2023-03-08T12:14:25.223+0000] {processor.py:743} INFO - Processing file /home/airflow/.local/lib/python3.7/site-packages/airflow/example_dags/example_latest_only_with_trigger.py for tasks to queue
[2023-03-08T12:14:25.227+0000] {logging_mixin.py:137} INFO - [2023-03-08T12:14:25.226+0000] {dagbag.py:538} INFO - Filling up the DagBag from /home/airflow/.local/lib/python3.7/site-packages/airflow/example_dags/example_latest_only_with_trigger.py
[2023-03-08T12:14:25.252+0000] {processor.py:753} INFO - DAG(s) dict_keys(['latest_only_with_trigger']) retrieved from /home/airflow/.local/lib/python3.7/site-packages/airflow/example_dags/example_latest_only_with_trigger.py
[2023-03-08T12:14:25.295+0000] {logging_mixin.py:137} INFO - [2023-03-08T12:14:25.295+0000] {dag.py:2690} INFO - Sync 1 DAGs
[2023-03-08T12:14:25.329+0000] {logging_mixin.py:137} INFO - [2023-03-08T12:14:25.329+0000] {dag.py:3441} INFO - Setting next_dagrun for latest_only_with_trigger to 2023-03-08T08:14:25.329151+00:00, run_after=2023-03-08T12:14:25.329151+00:00
[2023-03-08T12:14:25.361+0000] {processor.py:175} INFO - Processing /home/airflow/.local/lib/python3.7/site-packages/airflow/example_dags/example_latest_only_with_trigger.py took 0.147 seconds
[2023-03-08T12:14:55.550+0000] {processor.py:153} INFO - Started process (PID=14484) to work on /home/airflow/.local/lib/python3.7/site-packages/airflow/example_dags/example_latest_only_with_trigger.py
[2023-03-08T12:14:55.552+0000] {processor.py:743} INFO - Processing file /home/airflow/.local/lib/python3.7/site-packages/airflow/example_dags/example_latest_only_with_trigger.py for tasks to queue
[2023-03-08T12:14:55.555+0000] {logging_mixin.py:137} INFO - [2023-03-08T12:14:55.555+0000] {dagbag.py:538} INFO - Filling up the DagBag from /home/airflow/.local/lib/python3.7/site-packages/airflow/example_dags/example_latest_only_with_trigger.py
[2023-03-08T12:14:55.574+0000] {processor.py:753} INFO - DAG(s) dict_keys(['latest_only_with_trigger']) retrieved from /home/airflow/.local/lib/python3.7/site-packages/airflow/example_dags/example_latest_only_with_trigger.py
[2023-03-08T12:14:55.626+0000] {logging_mixin.py:137} INFO - [2023-03-08T12:14:55.626+0000] {dag.py:2690} INFO - Sync 1 DAGs
[2023-03-08T12:14:55.655+0000] {logging_mixin.py:137} INFO - [2023-03-08T12:14:55.655+0000] {dag.py:3441} INFO - Setting next_dagrun for latest_only_with_trigger to 2023-03-08T08:14:55.654817+00:00, run_after=2023-03-08T12:14:55.654817+00:00
[2023-03-08T12:14:55.682+0000] {processor.py:175} INFO - Processing /home/airflow/.local/lib/python3.7/site-packages/airflow/example_dags/example_latest_only_with_trigger.py took 0.138 seconds
[2023-03-08T12:15:26.139+0000] {processor.py:153} INFO - Started process (PID=14553) to work on /home/airflow/.local/lib/python3.7/site-packages/airflow/example_dags/example_latest_only_with_trigger.py
[2023-03-08T12:15:26.142+0000] {processor.py:743} INFO - Processing file /home/airflow/.local/lib/python3.7/site-packages/airflow/example_dags/example_latest_only_with_trigger.py for tasks to queue
[2023-03-08T12:15:26.144+0000] {logging_mixin.py:137} INFO - [2023-03-08T12:15:26.144+0000] {dagbag.py:538} INFO - Filling up the DagBag from /home/airflow/.local/lib/python3.7/site-packages/airflow/example_dags/example_latest_only_with_trigger.py
[2023-03-08T12:15:26.170+0000] {processor.py:753} INFO - DAG(s) dict_keys(['latest_only_with_trigger']) retrieved from /home/airflow/.local/lib/python3.7/site-packages/airflow/example_dags/example_latest_only_with_trigger.py
[2023-03-08T12:15:26.214+0000] {logging_mixin.py:137} INFO - [2023-03-08T12:15:26.213+0000] {dag.py:2690} INFO - Sync 1 DAGs
[2023-03-08T12:15:26.241+0000] {logging_mixin.py:137} INFO - [2023-03-08T12:15:26.241+0000] {dag.py:3441} INFO - Setting next_dagrun for latest_only_with_trigger to 2023-03-08T08:15:26.241194+00:00, run_after=2023-03-08T12:15:26.241194+00:00
[2023-03-08T12:15:26.269+0000] {processor.py:175} INFO - Processing /home/airflow/.local/lib/python3.7/site-packages/airflow/example_dags/example_latest_only_with_trigger.py took 0.139 seconds
[2023-03-08T12:15:57.530+0000] {processor.py:153} INFO - Started process (PID=14612) to work on /home/airflow/.local/lib/python3.7/site-packages/airflow/example_dags/example_latest_only_with_trigger.py
[2023-03-08T12:15:57.533+0000] {processor.py:743} INFO - Processing file /home/airflow/.local/lib/python3.7/site-packages/airflow/example_dags/example_latest_only_with_trigger.py for tasks to queue
[2023-03-08T12:15:57.541+0000] {logging_mixin.py:137} INFO - [2023-03-08T12:15:57.536+0000] {dagbag.py:538} INFO - Filling up the DagBag from /home/airflow/.local/lib/python3.7/site-packages/airflow/example_dags/example_latest_only_with_trigger.py
[2023-03-08T12:15:57.582+0000] {processor.py:753} INFO - DAG(s) dict_keys(['latest_only_with_trigger']) retrieved from /home/airflow/.local/lib/python3.7/site-packages/airflow/example_dags/example_latest_only_with_trigger.py
[2023-03-08T12:15:57.625+0000] {logging_mixin.py:137} INFO - [2023-03-08T12:15:57.625+0000] {dag.py:2690} INFO - Sync 1 DAGs
[2023-03-08T12:15:57.669+0000] {logging_mixin.py:137} INFO - [2023-03-08T12:15:57.669+0000] {dag.py:3441} INFO - Setting next_dagrun for latest_only_with_trigger to 2023-03-08T08:15:57.669202+00:00, run_after=2023-03-08T12:15:57.669202+00:00
[2023-03-08T12:15:57.724+0000] {processor.py:175} INFO - Processing /home/airflow/.local/lib/python3.7/site-packages/airflow/example_dags/example_latest_only_with_trigger.py took 0.204 seconds
[2023-03-08T12:16:28.421+0000] {processor.py:153} INFO - Started process (PID=14681) to work on /home/airflow/.local/lib/python3.7/site-packages/airflow/example_dags/example_latest_only_with_trigger.py
[2023-03-08T12:16:28.424+0000] {processor.py:743} INFO - Processing file /home/airflow/.local/lib/python3.7/site-packages/airflow/example_dags/example_latest_only_with_trigger.py for tasks to queue
[2023-03-08T12:16:28.429+0000] {logging_mixin.py:137} INFO - [2023-03-08T12:16:28.428+0000] {dagbag.py:538} INFO - Filling up the DagBag from /home/airflow/.local/lib/python3.7/site-packages/airflow/example_dags/example_latest_only_with_trigger.py
[2023-03-08T12:16:28.457+0000] {processor.py:753} INFO - DAG(s) dict_keys(['latest_only_with_trigger']) retrieved from /home/airflow/.local/lib/python3.7/site-packages/airflow/example_dags/example_latest_only_with_trigger.py
[2023-03-08T12:16:28.500+0000] {logging_mixin.py:137} INFO - [2023-03-08T12:16:28.500+0000] {dag.py:2690} INFO - Sync 1 DAGs
[2023-03-08T12:16:28.540+0000] {logging_mixin.py:137} INFO - [2023-03-08T12:16:28.540+0000] {dag.py:3441} INFO - Setting next_dagrun for latest_only_with_trigger to 2023-03-08T08:16:28.539686+00:00, run_after=2023-03-08T12:16:28.539686+00:00
[2023-03-08T12:16:28.581+0000] {processor.py:175} INFO - Processing /home/airflow/.local/lib/python3.7/site-packages/airflow/example_dags/example_latest_only_with_trigger.py took 0.167 seconds
[2023-03-08T12:16:59.371+0000] {processor.py:153} INFO - Started process (PID=14739) to work on /home/airflow/.local/lib/python3.7/site-packages/airflow/example_dags/example_latest_only_with_trigger.py
[2023-03-08T12:16:59.374+0000] {processor.py:743} INFO - Processing file /home/airflow/.local/lib/python3.7/site-packages/airflow/example_dags/example_latest_only_with_trigger.py for tasks to queue
[2023-03-08T12:16:59.377+0000] {logging_mixin.py:137} INFO - [2023-03-08T12:16:59.376+0000] {dagbag.py:538} INFO - Filling up the DagBag from /home/airflow/.local/lib/python3.7/site-packages/airflow/example_dags/example_latest_only_with_trigger.py
[2023-03-08T12:16:59.444+0000] {processor.py:753} INFO - DAG(s) dict_keys(['latest_only_with_trigger']) retrieved from /home/airflow/.local/lib/python3.7/site-packages/airflow/example_dags/example_latest_only_with_trigger.py
[2023-03-08T12:16:59.491+0000] {logging_mixin.py:137} INFO - [2023-03-08T12:16:59.491+0000] {dag.py:2690} INFO - Sync 1 DAGs
[2023-03-08T12:16:59.530+0000] {logging_mixin.py:137} INFO - [2023-03-08T12:16:59.530+0000] {dag.py:3441} INFO - Setting next_dagrun for latest_only_with_trigger to 2023-03-08T08:16:59.530357+00:00, run_after=2023-03-08T12:16:59.530357+00:00
[2023-03-08T12:16:59.578+0000] {processor.py:175} INFO - Processing /home/airflow/.local/lib/python3.7/site-packages/airflow/example_dags/example_latest_only_with_trigger.py took 0.219 seconds
[2023-03-08T12:17:29.799+0000] {processor.py:153} INFO - Started process (PID=14806) to work on /home/airflow/.local/lib/python3.7/site-packages/airflow/example_dags/example_latest_only_with_trigger.py
[2023-03-08T12:17:29.802+0000] {processor.py:743} INFO - Processing file /home/airflow/.local/lib/python3.7/site-packages/airflow/example_dags/example_latest_only_with_trigger.py for tasks to queue
[2023-03-08T12:17:29.806+0000] {logging_mixin.py:137} INFO - [2023-03-08T12:17:29.806+0000] {dagbag.py:538} INFO - Filling up the DagBag from /home/airflow/.local/lib/python3.7/site-packages/airflow/example_dags/example_latest_only_with_trigger.py
[2023-03-08T12:17:29.830+0000] {processor.py:753} INFO - DAG(s) dict_keys(['latest_only_with_trigger']) retrieved from /home/airflow/.local/lib/python3.7/site-packages/airflow/example_dags/example_latest_only_with_trigger.py
[2023-03-08T12:17:29.867+0000] {logging_mixin.py:137} INFO - [2023-03-08T12:17:29.867+0000] {dag.py:2690} INFO - Sync 1 DAGs
[2023-03-08T12:17:29.900+0000] {logging_mixin.py:137} INFO - [2023-03-08T12:17:29.900+0000] {dag.py:3441} INFO - Setting next_dagrun for latest_only_with_trigger to 2023-03-08T08:17:29.900380+00:00, run_after=2023-03-08T12:17:29.900380+00:00
[2023-03-08T12:17:29.933+0000] {processor.py:175} INFO - Processing /home/airflow/.local/lib/python3.7/site-packages/airflow/example_dags/example_latest_only_with_trigger.py took 0.140 seconds
[2023-03-08T12:18:00.511+0000] {processor.py:153} INFO - Started process (PID=14866) to work on /home/airflow/.local/lib/python3.7/site-packages/airflow/example_dags/example_latest_only_with_trigger.py
[2023-03-08T12:18:00.523+0000] {processor.py:743} INFO - Processing file /home/airflow/.local/lib/python3.7/site-packages/airflow/example_dags/example_latest_only_with_trigger.py for tasks to queue
[2023-03-08T12:18:00.527+0000] {logging_mixin.py:137} INFO - [2023-03-08T12:18:00.527+0000] {dagbag.py:538} INFO - Filling up the DagBag from /home/airflow/.local/lib/python3.7/site-packages/airflow/example_dags/example_latest_only_with_trigger.py
[2023-03-08T12:18:00.566+0000] {processor.py:753} INFO - DAG(s) dict_keys(['latest_only_with_trigger']) retrieved from /home/airflow/.local/lib/python3.7/site-packages/airflow/example_dags/example_latest_only_with_trigger.py
[2023-03-08T12:18:00.674+0000] {logging_mixin.py:137} INFO - [2023-03-08T12:18:00.674+0000] {dag.py:2690} INFO - Sync 1 DAGs
[2023-03-08T12:18:00.722+0000] {logging_mixin.py:137} INFO - [2023-03-08T12:18:00.722+0000] {dag.py:3441} INFO - Setting next_dagrun for latest_only_with_trigger to 2023-03-08T08:18:00.721037+00:00, run_after=2023-03-08T12:18:00.721037+00:00
[2023-03-08T12:18:00.771+0000] {processor.py:175} INFO - Processing /home/airflow/.local/lib/python3.7/site-packages/airflow/example_dags/example_latest_only_with_trigger.py took 0.266 seconds
