[2023-03-08T01:49:40.042+0000] {processor.py:153} INFO - Started process (PID=12191) to work on /home/airflow/.local/lib/python3.7/site-packages/airflow/example_dags/example_xcom.py
[2023-03-08T01:49:40.046+0000] {processor.py:743} INFO - Processing file /home/airflow/.local/lib/python3.7/site-packages/airflow/example_dags/example_xcom.py for tasks to queue
[2023-03-08T01:49:40.051+0000] {logging_mixin.py:137} INFO - [2023-03-08T01:49:40.051+0000] {dagbag.py:538} INFO - Filling up the DagBag from /home/airflow/.local/lib/python3.7/site-packages/airflow/example_dags/example_xcom.py
[2023-03-08T01:49:40.205+0000] {processor.py:753} INFO - DAG(s) dict_keys(['example_xcom']) retrieved from /home/airflow/.local/lib/python3.7/site-packages/airflow/example_dags/example_xcom.py
[2023-03-08T01:49:40.337+0000] {logging_mixin.py:137} INFO - [2023-03-08T01:49:40.337+0000] {dag.py:2690} INFO - Sync 1 DAGs
[2023-03-08T01:49:40.423+0000] {logging_mixin.py:137} INFO - [2023-03-08T01:49:40.423+0000] {dag.py:3441} INFO - Setting next_dagrun for example_xcom to 2021-01-01T00:00:00+00:00, run_after=2021-01-01T00:00:00+00:00
[2023-03-08T01:49:40.495+0000] {processor.py:175} INFO - Processing /home/airflow/.local/lib/python3.7/site-packages/airflow/example_dags/example_xcom.py took 0.474 seconds
[2023-03-08T03:17:56.961+0000] {processor.py:153} INFO - Started process (PID=12230) to work on /home/airflow/.local/lib/python3.7/site-packages/airflow/example_dags/example_xcom.py
[2023-03-08T03:17:56.967+0000] {processor.py:743} INFO - Processing file /home/airflow/.local/lib/python3.7/site-packages/airflow/example_dags/example_xcom.py for tasks to queue
[2023-03-08T03:17:56.971+0000] {logging_mixin.py:137} INFO - [2023-03-08T03:17:56.971+0000] {dagbag.py:538} INFO - Filling up the DagBag from /home/airflow/.local/lib/python3.7/site-packages/airflow/example_dags/example_xcom.py
[2023-03-08T03:17:57.038+0000] {processor.py:753} INFO - DAG(s) dict_keys(['example_xcom']) retrieved from /home/airflow/.local/lib/python3.7/site-packages/airflow/example_dags/example_xcom.py
[2023-03-08T03:17:57.089+0000] {logging_mixin.py:137} INFO - [2023-03-08T03:17:57.089+0000] {dag.py:2690} INFO - Sync 1 DAGs
[2023-03-08T03:17:57.122+0000] {logging_mixin.py:137} INFO - [2023-03-08T03:17:57.121+0000] {dag.py:3441} INFO - Setting next_dagrun for example_xcom to 2021-01-01T00:00:00+00:00, run_after=2021-01-01T00:00:00+00:00
[2023-03-08T03:17:57.158+0000] {processor.py:175} INFO - Processing /home/airflow/.local/lib/python3.7/site-packages/airflow/example_dags/example_xcom.py took 0.215 seconds
[2023-03-08T05:45:20.763+0000] {processor.py:153} INFO - Started process (PID=12262) to work on /home/airflow/.local/lib/python3.7/site-packages/airflow/example_dags/example_xcom.py
[2023-03-08T05:45:20.879+0000] {processor.py:743} INFO - Processing file /home/airflow/.local/lib/python3.7/site-packages/airflow/example_dags/example_xcom.py for tasks to queue
[2023-03-08T05:45:20.933+0000] {logging_mixin.py:137} INFO - [2023-03-08T05:45:20.910+0000] {dagbag.py:538} INFO - Filling up the DagBag from /home/airflow/.local/lib/python3.7/site-packages/airflow/example_dags/example_xcom.py
[2023-03-08T05:45:21.594+0000] {processor.py:753} INFO - DAG(s) dict_keys(['example_xcom']) retrieved from /home/airflow/.local/lib/python3.7/site-packages/airflow/example_dags/example_xcom.py
[2023-03-08T05:45:22.430+0000] {logging_mixin.py:137} INFO - [2023-03-08T05:45:22.430+0000] {dag.py:2690} INFO - Sync 1 DAGs
[2023-03-08T11:47:09.079+0000] {logging_mixin.py:137} INFO - [2023-03-08T11:47:09.079+0000] {dag.py:3441} INFO - Setting next_dagrun for example_xcom to 2021-01-01T00:00:00+00:00, run_after=2021-01-01T00:00:00+00:00
[2023-03-08T11:56:48.738+0000] {processor.py:153} INFO - Started process (PID=12327) to work on /home/airflow/.local/lib/python3.7/site-packages/airflow/example_dags/example_xcom.py
[2023-03-08T11:56:48.750+0000] {processor.py:743} INFO - Processing file /home/airflow/.local/lib/python3.7/site-packages/airflow/example_dags/example_xcom.py for tasks to queue
[2023-03-08T11:56:48.768+0000] {logging_mixin.py:137} INFO - [2023-03-08T11:56:48.767+0000] {dagbag.py:538} INFO - Filling up the DagBag from /home/airflow/.local/lib/python3.7/site-packages/airflow/example_dags/example_xcom.py
[2023-03-08T11:56:49.129+0000] {processor.py:753} INFO - DAG(s) dict_keys(['example_xcom']) retrieved from /home/airflow/.local/lib/python3.7/site-packages/airflow/example_dags/example_xcom.py
[2023-03-08T11:56:49.894+0000] {logging_mixin.py:137} INFO - [2023-03-08T11:56:49.893+0000] {dag.py:2690} INFO - Sync 1 DAGs
[2023-03-08T11:56:50.000+0000] {logging_mixin.py:137} INFO - [2023-03-08T11:56:49.999+0000] {dag.py:3441} INFO - Setting next_dagrun for example_xcom to 2021-01-01T00:00:00+00:00, run_after=2021-01-01T00:00:00+00:00
[2023-03-08T11:56:50.150+0000] {processor.py:175} INFO - Processing /home/airflow/.local/lib/python3.7/site-packages/airflow/example_dags/example_xcom.py took 1.465 seconds
[2023-03-08T11:57:20.389+0000] {processor.py:153} INFO - Started process (PID=12386) to work on /home/airflow/.local/lib/python3.7/site-packages/airflow/example_dags/example_xcom.py
[2023-03-08T11:57:20.394+0000] {processor.py:743} INFO - Processing file /home/airflow/.local/lib/python3.7/site-packages/airflow/example_dags/example_xcom.py for tasks to queue
[2023-03-08T11:57:20.401+0000] {logging_mixin.py:137} INFO - [2023-03-08T11:57:20.398+0000] {dagbag.py:538} INFO - Filling up the DagBag from /home/airflow/.local/lib/python3.7/site-packages/airflow/example_dags/example_xcom.py
[2023-03-08T11:57:20.480+0000] {processor.py:753} INFO - DAG(s) dict_keys(['example_xcom']) retrieved from /home/airflow/.local/lib/python3.7/site-packages/airflow/example_dags/example_xcom.py
[2023-03-08T11:57:20.557+0000] {logging_mixin.py:137} INFO - [2023-03-08T11:57:20.557+0000] {dag.py:2690} INFO - Sync 1 DAGs
[2023-03-08T11:57:20.625+0000] {logging_mixin.py:137} INFO - [2023-03-08T11:57:20.625+0000] {dag.py:3441} INFO - Setting next_dagrun for example_xcom to 2021-01-01T00:00:00+00:00, run_after=2021-01-01T00:00:00+00:00
[2023-03-08T11:57:20.665+0000] {processor.py:175} INFO - Processing /home/airflow/.local/lib/python3.7/site-packages/airflow/example_dags/example_xcom.py took 0.309 seconds
[2023-03-08T11:57:51.305+0000] {processor.py:153} INFO - Started process (PID=12446) to work on /home/airflow/.local/lib/python3.7/site-packages/airflow/example_dags/example_xcom.py
[2023-03-08T11:57:51.308+0000] {processor.py:743} INFO - Processing file /home/airflow/.local/lib/python3.7/site-packages/airflow/example_dags/example_xcom.py for tasks to queue
[2023-03-08T11:57:51.312+0000] {logging_mixin.py:137} INFO - [2023-03-08T11:57:51.312+0000] {dagbag.py:538} INFO - Filling up the DagBag from /home/airflow/.local/lib/python3.7/site-packages/airflow/example_dags/example_xcom.py
[2023-03-08T11:57:51.372+0000] {processor.py:753} INFO - DAG(s) dict_keys(['example_xcom']) retrieved from /home/airflow/.local/lib/python3.7/site-packages/airflow/example_dags/example_xcom.py
[2023-03-08T11:57:51.445+0000] {logging_mixin.py:137} INFO - [2023-03-08T11:57:51.445+0000] {dag.py:2690} INFO - Sync 1 DAGs
[2023-03-08T11:57:51.494+0000] {logging_mixin.py:137} INFO - [2023-03-08T11:57:51.494+0000] {dag.py:3441} INFO - Setting next_dagrun for example_xcom to 2021-01-01T00:00:00+00:00, run_after=2021-01-01T00:00:00+00:00
[2023-03-08T11:57:51.526+0000] {processor.py:175} INFO - Processing /home/airflow/.local/lib/python3.7/site-packages/airflow/example_dags/example_xcom.py took 0.236 seconds
[2023-03-08T11:58:21.803+0000] {processor.py:153} INFO - Started process (PID=12504) to work on /home/airflow/.local/lib/python3.7/site-packages/airflow/example_dags/example_xcom.py
[2023-03-08T11:58:21.813+0000] {processor.py:743} INFO - Processing file /home/airflow/.local/lib/python3.7/site-packages/airflow/example_dags/example_xcom.py for tasks to queue
[2023-03-08T11:58:21.858+0000] {logging_mixin.py:137} INFO - [2023-03-08T11:58:21.857+0000] {dagbag.py:538} INFO - Filling up the DagBag from /home/airflow/.local/lib/python3.7/site-packages/airflow/example_dags/example_xcom.py
[2023-03-08T11:58:21.909+0000] {processor.py:753} INFO - DAG(s) dict_keys(['example_xcom']) retrieved from /home/airflow/.local/lib/python3.7/site-packages/airflow/example_dags/example_xcom.py
[2023-03-08T11:58:21.956+0000] {logging_mixin.py:137} INFO - [2023-03-08T11:58:21.956+0000] {dag.py:2690} INFO - Sync 1 DAGs
[2023-03-08T11:58:22.003+0000] {logging_mixin.py:137} INFO - [2023-03-08T11:58:22.002+0000] {dag.py:3441} INFO - Setting next_dagrun for example_xcom to 2021-01-01T00:00:00+00:00, run_after=2021-01-01T00:00:00+00:00
[2023-03-08T11:58:22.041+0000] {processor.py:175} INFO - Processing /home/airflow/.local/lib/python3.7/site-packages/airflow/example_dags/example_xcom.py took 0.248 seconds
[2023-03-08T11:58:52.355+0000] {processor.py:153} INFO - Started process (PID=12563) to work on /home/airflow/.local/lib/python3.7/site-packages/airflow/example_dags/example_xcom.py
[2023-03-08T11:58:52.361+0000] {processor.py:743} INFO - Processing file /home/airflow/.local/lib/python3.7/site-packages/airflow/example_dags/example_xcom.py for tasks to queue
[2023-03-08T11:58:52.367+0000] {logging_mixin.py:137} INFO - [2023-03-08T11:58:52.365+0000] {dagbag.py:538} INFO - Filling up the DagBag from /home/airflow/.local/lib/python3.7/site-packages/airflow/example_dags/example_xcom.py
[2023-03-08T11:58:52.466+0000] {processor.py:753} INFO - DAG(s) dict_keys(['example_xcom']) retrieved from /home/airflow/.local/lib/python3.7/site-packages/airflow/example_dags/example_xcom.py
[2023-03-08T11:58:52.524+0000] {logging_mixin.py:137} INFO - [2023-03-08T11:58:52.523+0000] {dag.py:2690} INFO - Sync 1 DAGs
[2023-03-08T11:58:52.586+0000] {logging_mixin.py:137} INFO - [2023-03-08T11:58:52.586+0000] {dag.py:3441} INFO - Setting next_dagrun for example_xcom to 2021-01-01T00:00:00+00:00, run_after=2021-01-01T00:00:00+00:00
[2023-03-08T11:58:52.639+0000] {processor.py:175} INFO - Processing /home/airflow/.local/lib/python3.7/site-packages/airflow/example_dags/example_xcom.py took 0.291 seconds
[2023-03-08T11:59:24.123+0000] {processor.py:153} INFO - Started process (PID=12629) to work on /home/airflow/.local/lib/python3.7/site-packages/airflow/example_dags/example_xcom.py
[2023-03-08T11:59:24.143+0000] {processor.py:743} INFO - Processing file /home/airflow/.local/lib/python3.7/site-packages/airflow/example_dags/example_xcom.py for tasks to queue
[2023-03-08T11:59:24.162+0000] {logging_mixin.py:137} INFO - [2023-03-08T11:59:24.158+0000] {dagbag.py:538} INFO - Filling up the DagBag from /home/airflow/.local/lib/python3.7/site-packages/airflow/example_dags/example_xcom.py
[2023-03-08T11:59:24.841+0000] {processor.py:753} INFO - DAG(s) dict_keys(['example_xcom']) retrieved from /home/airflow/.local/lib/python3.7/site-packages/airflow/example_dags/example_xcom.py
[2023-03-08T11:59:25.386+0000] {logging_mixin.py:137} INFO - [2023-03-08T11:59:25.385+0000] {dag.py:2690} INFO - Sync 1 DAGs
[2023-03-08T11:59:25.622+0000] {logging_mixin.py:137} INFO - [2023-03-08T11:59:25.622+0000] {dag.py:3441} INFO - Setting next_dagrun for example_xcom to 2021-01-01T00:00:00+00:00, run_after=2021-01-01T00:00:00+00:00
[2023-03-08T11:59:25.776+0000] {processor.py:175} INFO - Processing /home/airflow/.local/lib/python3.7/site-packages/airflow/example_dags/example_xcom.py took 1.686 seconds
[2023-03-08T11:59:56.208+0000] {processor.py:153} INFO - Started process (PID=12688) to work on /home/airflow/.local/lib/python3.7/site-packages/airflow/example_dags/example_xcom.py
[2023-03-08T11:59:56.212+0000] {processor.py:743} INFO - Processing file /home/airflow/.local/lib/python3.7/site-packages/airflow/example_dags/example_xcom.py for tasks to queue
[2023-03-08T11:59:56.221+0000] {logging_mixin.py:137} INFO - [2023-03-08T11:59:56.220+0000] {dagbag.py:538} INFO - Filling up the DagBag from /home/airflow/.local/lib/python3.7/site-packages/airflow/example_dags/example_xcom.py
[2023-03-08T11:59:56.299+0000] {processor.py:753} INFO - DAG(s) dict_keys(['example_xcom']) retrieved from /home/airflow/.local/lib/python3.7/site-packages/airflow/example_dags/example_xcom.py
[2023-03-08T11:59:56.343+0000] {logging_mixin.py:137} INFO - [2023-03-08T11:59:56.342+0000] {dag.py:2690} INFO - Sync 1 DAGs
[2023-03-08T11:59:56.377+0000] {logging_mixin.py:137} INFO - [2023-03-08T11:59:56.377+0000] {dag.py:3441} INFO - Setting next_dagrun for example_xcom to 2021-01-01T00:00:00+00:00, run_after=2021-01-01T00:00:00+00:00
[2023-03-08T11:59:56.434+0000] {processor.py:175} INFO - Processing /home/airflow/.local/lib/python3.7/site-packages/airflow/example_dags/example_xcom.py took 0.237 seconds
[2023-03-08T12:00:27.169+0000] {processor.py:153} INFO - Started process (PID=12746) to work on /home/airflow/.local/lib/python3.7/site-packages/airflow/example_dags/example_xcom.py
[2023-03-08T12:00:27.172+0000] {processor.py:743} INFO - Processing file /home/airflow/.local/lib/python3.7/site-packages/airflow/example_dags/example_xcom.py for tasks to queue
[2023-03-08T12:00:27.183+0000] {logging_mixin.py:137} INFO - [2023-03-08T12:00:27.176+0000] {dagbag.py:538} INFO - Filling up the DagBag from /home/airflow/.local/lib/python3.7/site-packages/airflow/example_dags/example_xcom.py
[2023-03-08T12:00:27.229+0000] {processor.py:753} INFO - DAG(s) dict_keys(['example_xcom']) retrieved from /home/airflow/.local/lib/python3.7/site-packages/airflow/example_dags/example_xcom.py
[2023-03-08T12:00:27.265+0000] {logging_mixin.py:137} INFO - [2023-03-08T12:00:27.265+0000] {dag.py:2690} INFO - Sync 1 DAGs
[2023-03-08T12:00:27.328+0000] {logging_mixin.py:137} INFO - [2023-03-08T12:00:27.328+0000] {dag.py:3441} INFO - Setting next_dagrun for example_xcom to 2021-01-01T00:00:00+00:00, run_after=2021-01-01T00:00:00+00:00
[2023-03-08T12:00:27.395+0000] {processor.py:175} INFO - Processing /home/airflow/.local/lib/python3.7/site-packages/airflow/example_dags/example_xcom.py took 0.232 seconds
[2023-03-08T12:00:57.693+0000] {processor.py:153} INFO - Started process (PID=12803) to work on /home/airflow/.local/lib/python3.7/site-packages/airflow/example_dags/example_xcom.py
[2023-03-08T12:00:57.702+0000] {processor.py:743} INFO - Processing file /home/airflow/.local/lib/python3.7/site-packages/airflow/example_dags/example_xcom.py for tasks to queue
[2023-03-08T12:00:57.708+0000] {logging_mixin.py:137} INFO - [2023-03-08T12:00:57.707+0000] {dagbag.py:538} INFO - Filling up the DagBag from /home/airflow/.local/lib/python3.7/site-packages/airflow/example_dags/example_xcom.py
[2023-03-08T12:00:57.783+0000] {processor.py:753} INFO - DAG(s) dict_keys(['example_xcom']) retrieved from /home/airflow/.local/lib/python3.7/site-packages/airflow/example_dags/example_xcom.py
[2023-03-08T12:00:57.916+0000] {logging_mixin.py:137} INFO - [2023-03-08T12:00:57.915+0000] {dag.py:2690} INFO - Sync 1 DAGs
[2023-03-08T12:00:57.989+0000] {logging_mixin.py:137} INFO - [2023-03-08T12:00:57.989+0000] {dag.py:3441} INFO - Setting next_dagrun for example_xcom to 2021-01-01T00:00:00+00:00, run_after=2021-01-01T00:00:00+00:00
[2023-03-08T12:00:58.025+0000] {processor.py:175} INFO - Processing /home/airflow/.local/lib/python3.7/site-packages/airflow/example_dags/example_xcom.py took 0.344 seconds
[2023-03-08T12:01:28.261+0000] {processor.py:153} INFO - Started process (PID=12870) to work on /home/airflow/.local/lib/python3.7/site-packages/airflow/example_dags/example_xcom.py
[2023-03-08T12:01:28.263+0000] {processor.py:743} INFO - Processing file /home/airflow/.local/lib/python3.7/site-packages/airflow/example_dags/example_xcom.py for tasks to queue
[2023-03-08T12:01:28.269+0000] {logging_mixin.py:137} INFO - [2023-03-08T12:01:28.268+0000] {dagbag.py:538} INFO - Filling up the DagBag from /home/airflow/.local/lib/python3.7/site-packages/airflow/example_dags/example_xcom.py
[2023-03-08T12:01:28.346+0000] {processor.py:753} INFO - DAG(s) dict_keys(['example_xcom']) retrieved from /home/airflow/.local/lib/python3.7/site-packages/airflow/example_dags/example_xcom.py
[2023-03-08T12:01:28.424+0000] {logging_mixin.py:137} INFO - [2023-03-08T12:01:28.424+0000] {dag.py:2690} INFO - Sync 1 DAGs
[2023-03-08T12:01:28.478+0000] {logging_mixin.py:137} INFO - [2023-03-08T12:01:28.478+0000] {dag.py:3441} INFO - Setting next_dagrun for example_xcom to 2021-01-01T00:00:00+00:00, run_after=2021-01-01T00:00:00+00:00
[2023-03-08T12:01:28.605+0000] {processor.py:175} INFO - Processing /home/airflow/.local/lib/python3.7/site-packages/airflow/example_dags/example_xcom.py took 0.364 seconds
[2023-03-08T12:01:59.127+0000] {processor.py:153} INFO - Started process (PID=12929) to work on /home/airflow/.local/lib/python3.7/site-packages/airflow/example_dags/example_xcom.py
[2023-03-08T12:01:59.129+0000] {processor.py:743} INFO - Processing file /home/airflow/.local/lib/python3.7/site-packages/airflow/example_dags/example_xcom.py for tasks to queue
[2023-03-08T12:01:59.132+0000] {logging_mixin.py:137} INFO - [2023-03-08T12:01:59.131+0000] {dagbag.py:538} INFO - Filling up the DagBag from /home/airflow/.local/lib/python3.7/site-packages/airflow/example_dags/example_xcom.py
[2023-03-08T12:01:59.165+0000] {processor.py:753} INFO - DAG(s) dict_keys(['example_xcom']) retrieved from /home/airflow/.local/lib/python3.7/site-packages/airflow/example_dags/example_xcom.py
[2023-03-08T12:01:59.200+0000] {logging_mixin.py:137} INFO - [2023-03-08T12:01:59.199+0000] {dag.py:2690} INFO - Sync 1 DAGs
[2023-03-08T12:01:59.245+0000] {logging_mixin.py:137} INFO - [2023-03-08T12:01:59.245+0000] {dag.py:3441} INFO - Setting next_dagrun for example_xcom to 2021-01-01T00:00:00+00:00, run_after=2021-01-01T00:00:00+00:00
[2023-03-08T12:01:59.307+0000] {processor.py:175} INFO - Processing /home/airflow/.local/lib/python3.7/site-packages/airflow/example_dags/example_xcom.py took 0.195 seconds
[2023-03-08T12:02:29.611+0000] {processor.py:153} INFO - Started process (PID=12987) to work on /home/airflow/.local/lib/python3.7/site-packages/airflow/example_dags/example_xcom.py
[2023-03-08T12:02:29.614+0000] {processor.py:743} INFO - Processing file /home/airflow/.local/lib/python3.7/site-packages/airflow/example_dags/example_xcom.py for tasks to queue
[2023-03-08T12:02:29.617+0000] {logging_mixin.py:137} INFO - [2023-03-08T12:02:29.616+0000] {dagbag.py:538} INFO - Filling up the DagBag from /home/airflow/.local/lib/python3.7/site-packages/airflow/example_dags/example_xcom.py
[2023-03-08T12:02:29.696+0000] {processor.py:753} INFO - DAG(s) dict_keys(['example_xcom']) retrieved from /home/airflow/.local/lib/python3.7/site-packages/airflow/example_dags/example_xcom.py
[2023-03-08T12:02:29.796+0000] {logging_mixin.py:137} INFO - [2023-03-08T12:02:29.795+0000] {dag.py:2690} INFO - Sync 1 DAGs
[2023-03-08T12:02:29.875+0000] {logging_mixin.py:137} INFO - [2023-03-08T12:02:29.875+0000] {dag.py:3441} INFO - Setting next_dagrun for example_xcom to 2021-01-01T00:00:00+00:00, run_after=2021-01-01T00:00:00+00:00
[2023-03-08T12:02:29.902+0000] {processor.py:175} INFO - Processing /home/airflow/.local/lib/python3.7/site-packages/airflow/example_dags/example_xcom.py took 0.297 seconds
[2023-03-08T12:03:00.116+0000] {processor.py:153} INFO - Started process (PID=13056) to work on /home/airflow/.local/lib/python3.7/site-packages/airflow/example_dags/example_xcom.py
[2023-03-08T12:03:00.121+0000] {processor.py:743} INFO - Processing file /home/airflow/.local/lib/python3.7/site-packages/airflow/example_dags/example_xcom.py for tasks to queue
[2023-03-08T12:03:00.131+0000] {logging_mixin.py:137} INFO - [2023-03-08T12:03:00.130+0000] {dagbag.py:538} INFO - Filling up the DagBag from /home/airflow/.local/lib/python3.7/site-packages/airflow/example_dags/example_xcom.py
[2023-03-08T12:03:00.229+0000] {processor.py:753} INFO - DAG(s) dict_keys(['example_xcom']) retrieved from /home/airflow/.local/lib/python3.7/site-packages/airflow/example_dags/example_xcom.py
[2023-03-08T12:03:00.309+0000] {logging_mixin.py:137} INFO - [2023-03-08T12:03:00.309+0000] {dag.py:2690} INFO - Sync 1 DAGs
[2023-03-08T12:03:00.409+0000] {logging_mixin.py:137} INFO - [2023-03-08T12:03:00.408+0000] {dag.py:3441} INFO - Setting next_dagrun for example_xcom to 2021-01-01T00:00:00+00:00, run_after=2021-01-01T00:00:00+00:00
[2023-03-08T12:03:00.489+0000] {processor.py:175} INFO - Processing /home/airflow/.local/lib/python3.7/site-packages/airflow/example_dags/example_xcom.py took 0.382 seconds
[2023-03-08T12:03:31.357+0000] {processor.py:153} INFO - Started process (PID=13115) to work on /home/airflow/.local/lib/python3.7/site-packages/airflow/example_dags/example_xcom.py
[2023-03-08T12:03:31.359+0000] {processor.py:743} INFO - Processing file /home/airflow/.local/lib/python3.7/site-packages/airflow/example_dags/example_xcom.py for tasks to queue
[2023-03-08T12:03:31.362+0000] {logging_mixin.py:137} INFO - [2023-03-08T12:03:31.362+0000] {dagbag.py:538} INFO - Filling up the DagBag from /home/airflow/.local/lib/python3.7/site-packages/airflow/example_dags/example_xcom.py
[2023-03-08T12:03:31.396+0000] {processor.py:753} INFO - DAG(s) dict_keys(['example_xcom']) retrieved from /home/airflow/.local/lib/python3.7/site-packages/airflow/example_dags/example_xcom.py
[2023-03-08T12:03:31.443+0000] {logging_mixin.py:137} INFO - [2023-03-08T12:03:31.443+0000] {dag.py:2690} INFO - Sync 1 DAGs
[2023-03-08T12:03:31.478+0000] {logging_mixin.py:137} INFO - [2023-03-08T12:03:31.478+0000] {dag.py:3441} INFO - Setting next_dagrun for example_xcom to 2021-01-01T00:00:00+00:00, run_after=2021-01-01T00:00:00+00:00
[2023-03-08T12:03:31.516+0000] {processor.py:175} INFO - Processing /home/airflow/.local/lib/python3.7/site-packages/airflow/example_dags/example_xcom.py took 0.170 seconds
[2023-03-08T12:04:01.812+0000] {processor.py:153} INFO - Started process (PID=13181) to work on /home/airflow/.local/lib/python3.7/site-packages/airflow/example_dags/example_xcom.py
[2023-03-08T12:04:01.819+0000] {processor.py:743} INFO - Processing file /home/airflow/.local/lib/python3.7/site-packages/airflow/example_dags/example_xcom.py for tasks to queue
[2023-03-08T12:04:01.824+0000] {logging_mixin.py:137} INFO - [2023-03-08T12:04:01.823+0000] {dagbag.py:538} INFO - Filling up the DagBag from /home/airflow/.local/lib/python3.7/site-packages/airflow/example_dags/example_xcom.py
[2023-03-08T12:04:01.896+0000] {processor.py:753} INFO - DAG(s) dict_keys(['example_xcom']) retrieved from /home/airflow/.local/lib/python3.7/site-packages/airflow/example_dags/example_xcom.py
[2023-03-08T12:04:01.971+0000] {logging_mixin.py:137} INFO - [2023-03-08T12:04:01.970+0000] {dag.py:2690} INFO - Sync 1 DAGs
[2023-03-08T12:04:02.021+0000] {logging_mixin.py:137} INFO - [2023-03-08T12:04:02.021+0000] {dag.py:3441} INFO - Setting next_dagrun for example_xcom to 2021-01-01T00:00:00+00:00, run_after=2021-01-01T00:00:00+00:00
[2023-03-08T12:04:02.081+0000] {processor.py:175} INFO - Processing /home/airflow/.local/lib/python3.7/site-packages/airflow/example_dags/example_xcom.py took 0.278 seconds
[2023-03-08T12:04:32.175+0000] {processor.py:153} INFO - Started process (PID=13242) to work on /home/airflow/.local/lib/python3.7/site-packages/airflow/example_dags/example_xcom.py
[2023-03-08T12:04:32.180+0000] {processor.py:743} INFO - Processing file /home/airflow/.local/lib/python3.7/site-packages/airflow/example_dags/example_xcom.py for tasks to queue
[2023-03-08T12:04:32.185+0000] {logging_mixin.py:137} INFO - [2023-03-08T12:04:32.184+0000] {dagbag.py:538} INFO - Filling up the DagBag from /home/airflow/.local/lib/python3.7/site-packages/airflow/example_dags/example_xcom.py
[2023-03-08T12:04:32.254+0000] {processor.py:753} INFO - DAG(s) dict_keys(['example_xcom']) retrieved from /home/airflow/.local/lib/python3.7/site-packages/airflow/example_dags/example_xcom.py
[2023-03-08T12:04:32.325+0000] {logging_mixin.py:137} INFO - [2023-03-08T12:04:32.325+0000] {dag.py:2690} INFO - Sync 1 DAGs
[2023-03-08T12:04:32.391+0000] {logging_mixin.py:137} INFO - [2023-03-08T12:04:32.390+0000] {dag.py:3441} INFO - Setting next_dagrun for example_xcom to 2021-01-01T00:00:00+00:00, run_after=2021-01-01T00:00:00+00:00
[2023-03-08T12:04:32.418+0000] {processor.py:175} INFO - Processing /home/airflow/.local/lib/python3.7/site-packages/airflow/example_dags/example_xcom.py took 0.257 seconds
[2023-03-08T12:05:02.825+0000] {processor.py:153} INFO - Started process (PID=13299) to work on /home/airflow/.local/lib/python3.7/site-packages/airflow/example_dags/example_xcom.py
[2023-03-08T12:05:02.831+0000] {processor.py:743} INFO - Processing file /home/airflow/.local/lib/python3.7/site-packages/airflow/example_dags/example_xcom.py for tasks to queue
[2023-03-08T12:05:02.834+0000] {logging_mixin.py:137} INFO - [2023-03-08T12:05:02.834+0000] {dagbag.py:538} INFO - Filling up the DagBag from /home/airflow/.local/lib/python3.7/site-packages/airflow/example_dags/example_xcom.py
[2023-03-08T12:05:02.919+0000] {processor.py:753} INFO - DAG(s) dict_keys(['example_xcom']) retrieved from /home/airflow/.local/lib/python3.7/site-packages/airflow/example_dags/example_xcom.py
[2023-03-08T12:05:02.992+0000] {logging_mixin.py:137} INFO - [2023-03-08T12:05:02.992+0000] {dag.py:2690} INFO - Sync 1 DAGs
[2023-03-08T12:05:03.063+0000] {logging_mixin.py:137} INFO - [2023-03-08T12:05:03.063+0000] {dag.py:3441} INFO - Setting next_dagrun for example_xcom to 2021-01-01T00:00:00+00:00, run_after=2021-01-01T00:00:00+00:00
[2023-03-08T12:05:03.116+0000] {processor.py:175} INFO - Processing /home/airflow/.local/lib/python3.7/site-packages/airflow/example_dags/example_xcom.py took 0.322 seconds
[2023-03-08T12:05:33.200+0000] {processor.py:153} INFO - Started process (PID=13367) to work on /home/airflow/.local/lib/python3.7/site-packages/airflow/example_dags/example_xcom.py
[2023-03-08T12:05:33.206+0000] {processor.py:743} INFO - Processing file /home/airflow/.local/lib/python3.7/site-packages/airflow/example_dags/example_xcom.py for tasks to queue
[2023-03-08T12:05:33.267+0000] {logging_mixin.py:137} INFO - [2023-03-08T12:05:33.263+0000] {dagbag.py:538} INFO - Filling up the DagBag from /home/airflow/.local/lib/python3.7/site-packages/airflow/example_dags/example_xcom.py
[2023-03-08T12:05:33.341+0000] {processor.py:753} INFO - DAG(s) dict_keys(['example_xcom']) retrieved from /home/airflow/.local/lib/python3.7/site-packages/airflow/example_dags/example_xcom.py
[2023-03-08T12:05:33.489+0000] {logging_mixin.py:137} INFO - [2023-03-08T12:05:33.489+0000] {dag.py:2690} INFO - Sync 1 DAGs
[2023-03-08T12:05:33.579+0000] {logging_mixin.py:137} INFO - [2023-03-08T12:05:33.578+0000] {dag.py:3441} INFO - Setting next_dagrun for example_xcom to 2021-01-01T00:00:00+00:00, run_after=2021-01-01T00:00:00+00:00
[2023-03-08T12:05:33.671+0000] {processor.py:175} INFO - Processing /home/airflow/.local/lib/python3.7/site-packages/airflow/example_dags/example_xcom.py took 0.488 seconds
[2023-03-08T12:06:04.531+0000] {processor.py:153} INFO - Started process (PID=13426) to work on /home/airflow/.local/lib/python3.7/site-packages/airflow/example_dags/example_xcom.py
[2023-03-08T12:06:04.534+0000] {processor.py:743} INFO - Processing file /home/airflow/.local/lib/python3.7/site-packages/airflow/example_dags/example_xcom.py for tasks to queue
[2023-03-08T12:06:04.537+0000] {logging_mixin.py:137} INFO - [2023-03-08T12:06:04.537+0000] {dagbag.py:538} INFO - Filling up the DagBag from /home/airflow/.local/lib/python3.7/site-packages/airflow/example_dags/example_xcom.py
[2023-03-08T12:06:04.574+0000] {processor.py:753} INFO - DAG(s) dict_keys(['example_xcom']) retrieved from /home/airflow/.local/lib/python3.7/site-packages/airflow/example_dags/example_xcom.py
[2023-03-08T12:06:04.614+0000] {logging_mixin.py:137} INFO - [2023-03-08T12:06:04.613+0000] {dag.py:2690} INFO - Sync 1 DAGs
[2023-03-08T12:06:04.650+0000] {logging_mixin.py:137} INFO - [2023-03-08T12:06:04.650+0000] {dag.py:3441} INFO - Setting next_dagrun for example_xcom to 2021-01-01T00:00:00+00:00, run_after=2021-01-01T00:00:00+00:00
[2023-03-08T12:06:04.684+0000] {processor.py:175} INFO - Processing /home/airflow/.local/lib/python3.7/site-packages/airflow/example_dags/example_xcom.py took 0.164 seconds
[2023-03-08T12:06:35.120+0000] {processor.py:153} INFO - Started process (PID=13483) to work on /home/airflow/.local/lib/python3.7/site-packages/airflow/example_dags/example_xcom.py
[2023-03-08T12:06:35.124+0000] {processor.py:743} INFO - Processing file /home/airflow/.local/lib/python3.7/site-packages/airflow/example_dags/example_xcom.py for tasks to queue
[2023-03-08T12:06:35.129+0000] {logging_mixin.py:137} INFO - [2023-03-08T12:06:35.128+0000] {dagbag.py:538} INFO - Filling up the DagBag from /home/airflow/.local/lib/python3.7/site-packages/airflow/example_dags/example_xcom.py
[2023-03-08T12:06:35.180+0000] {processor.py:753} INFO - DAG(s) dict_keys(['example_xcom']) retrieved from /home/airflow/.local/lib/python3.7/site-packages/airflow/example_dags/example_xcom.py
[2023-03-08T12:06:35.242+0000] {logging_mixin.py:137} INFO - [2023-03-08T12:06:35.241+0000] {dag.py:2690} INFO - Sync 1 DAGs
[2023-03-08T12:06:35.281+0000] {logging_mixin.py:137} INFO - [2023-03-08T12:06:35.281+0000] {dag.py:3441} INFO - Setting next_dagrun for example_xcom to 2021-01-01T00:00:00+00:00, run_after=2021-01-01T00:00:00+00:00
[2023-03-08T12:06:35.324+0000] {processor.py:175} INFO - Processing /home/airflow/.local/lib/python3.7/site-packages/airflow/example_dags/example_xcom.py took 0.214 seconds
[2023-03-08T12:07:06.100+0000] {processor.py:153} INFO - Started process (PID=13549) to work on /home/airflow/.local/lib/python3.7/site-packages/airflow/example_dags/example_xcom.py
[2023-03-08T12:07:06.129+0000] {processor.py:743} INFO - Processing file /home/airflow/.local/lib/python3.7/site-packages/airflow/example_dags/example_xcom.py for tasks to queue
[2023-03-08T12:07:06.154+0000] {logging_mixin.py:137} INFO - [2023-03-08T12:07:06.140+0000] {dagbag.py:538} INFO - Filling up the DagBag from /home/airflow/.local/lib/python3.7/site-packages/airflow/example_dags/example_xcom.py
[2023-03-08T12:07:06.315+0000] {processor.py:753} INFO - DAG(s) dict_keys(['example_xcom']) retrieved from /home/airflow/.local/lib/python3.7/site-packages/airflow/example_dags/example_xcom.py
[2023-03-08T12:07:06.451+0000] {logging_mixin.py:137} INFO - [2023-03-08T12:07:06.451+0000] {dag.py:2690} INFO - Sync 1 DAGs
[2023-03-08T12:07:06.623+0000] {logging_mixin.py:137} INFO - [2023-03-08T12:07:06.616+0000] {dag.py:3441} INFO - Setting next_dagrun for example_xcom to 2021-01-01T00:00:00+00:00, run_after=2021-01-01T00:00:00+00:00
[2023-03-08T12:07:06.772+0000] {processor.py:175} INFO - Processing /home/airflow/.local/lib/python3.7/site-packages/airflow/example_dags/example_xcom.py took 0.700 seconds
[2023-03-08T12:07:36.935+0000] {processor.py:153} INFO - Started process (PID=13599) to work on /home/airflow/.local/lib/python3.7/site-packages/airflow/example_dags/example_xcom.py
[2023-03-08T12:07:36.942+0000] {processor.py:743} INFO - Processing file /home/airflow/.local/lib/python3.7/site-packages/airflow/example_dags/example_xcom.py for tasks to queue
[2023-03-08T12:07:36.945+0000] {logging_mixin.py:137} INFO - [2023-03-08T12:07:36.944+0000] {dagbag.py:538} INFO - Filling up the DagBag from /home/airflow/.local/lib/python3.7/site-packages/airflow/example_dags/example_xcom.py
[2023-03-08T12:07:37.149+0000] {processor.py:753} INFO - DAG(s) dict_keys(['example_xcom']) retrieved from /home/airflow/.local/lib/python3.7/site-packages/airflow/example_dags/example_xcom.py
[2023-03-08T12:07:37.271+0000] {logging_mixin.py:137} INFO - [2023-03-08T12:07:37.270+0000] {dag.py:2690} INFO - Sync 1 DAGs
[2023-03-08T12:07:37.367+0000] {logging_mixin.py:137} INFO - [2023-03-08T12:07:37.367+0000] {dag.py:3441} INFO - Setting next_dagrun for example_xcom to 2021-01-01T00:00:00+00:00, run_after=2021-01-01T00:00:00+00:00
[2023-03-08T12:07:37.429+0000] {processor.py:175} INFO - Processing /home/airflow/.local/lib/python3.7/site-packages/airflow/example_dags/example_xcom.py took 0.503 seconds
[2023-03-08T12:08:08.223+0000] {processor.py:153} INFO - Started process (PID=13667) to work on /home/airflow/.local/lib/python3.7/site-packages/airflow/example_dags/example_xcom.py
[2023-03-08T12:08:08.226+0000] {processor.py:743} INFO - Processing file /home/airflow/.local/lib/python3.7/site-packages/airflow/example_dags/example_xcom.py for tasks to queue
[2023-03-08T12:08:08.229+0000] {logging_mixin.py:137} INFO - [2023-03-08T12:08:08.228+0000] {dagbag.py:538} INFO - Filling up the DagBag from /home/airflow/.local/lib/python3.7/site-packages/airflow/example_dags/example_xcom.py
[2023-03-08T12:08:08.263+0000] {processor.py:753} INFO - DAG(s) dict_keys(['example_xcom']) retrieved from /home/airflow/.local/lib/python3.7/site-packages/airflow/example_dags/example_xcom.py
[2023-03-08T12:08:08.305+0000] {logging_mixin.py:137} INFO - [2023-03-08T12:08:08.305+0000] {dag.py:2690} INFO - Sync 1 DAGs
[2023-03-08T12:08:08.343+0000] {logging_mixin.py:137} INFO - [2023-03-08T12:08:08.342+0000] {dag.py:3441} INFO - Setting next_dagrun for example_xcom to 2021-01-01T00:00:00+00:00, run_after=2021-01-01T00:00:00+00:00
[2023-03-08T12:08:08.373+0000] {processor.py:175} INFO - Processing /home/airflow/.local/lib/python3.7/site-packages/airflow/example_dags/example_xcom.py took 0.160 seconds
[2023-03-08T12:08:38.475+0000] {processor.py:153} INFO - Started process (PID=13726) to work on /home/airflow/.local/lib/python3.7/site-packages/airflow/example_dags/example_xcom.py
[2023-03-08T12:08:38.478+0000] {processor.py:743} INFO - Processing file /home/airflow/.local/lib/python3.7/site-packages/airflow/example_dags/example_xcom.py for tasks to queue
[2023-03-08T12:08:38.481+0000] {logging_mixin.py:137} INFO - [2023-03-08T12:08:38.480+0000] {dagbag.py:538} INFO - Filling up the DagBag from /home/airflow/.local/lib/python3.7/site-packages/airflow/example_dags/example_xcom.py
[2023-03-08T12:08:38.514+0000] {processor.py:753} INFO - DAG(s) dict_keys(['example_xcom']) retrieved from /home/airflow/.local/lib/python3.7/site-packages/airflow/example_dags/example_xcom.py
[2023-03-08T12:08:38.558+0000] {logging_mixin.py:137} INFO - [2023-03-08T12:08:38.557+0000] {dag.py:2690} INFO - Sync 1 DAGs
[2023-03-08T12:08:38.590+0000] {logging_mixin.py:137} INFO - [2023-03-08T12:08:38.590+0000] {dag.py:3441} INFO - Setting next_dagrun for example_xcom to 2021-01-01T00:00:00+00:00, run_after=2021-01-01T00:00:00+00:00
[2023-03-08T12:08:38.624+0000] {processor.py:175} INFO - Processing /home/airflow/.local/lib/python3.7/site-packages/airflow/example_dags/example_xcom.py took 0.160 seconds
[2023-03-08T12:09:09.275+0000] {processor.py:153} INFO - Started process (PID=13784) to work on /home/airflow/.local/lib/python3.7/site-packages/airflow/example_dags/example_xcom.py
[2023-03-08T12:09:09.280+0000] {processor.py:743} INFO - Processing file /home/airflow/.local/lib/python3.7/site-packages/airflow/example_dags/example_xcom.py for tasks to queue
[2023-03-08T12:09:09.285+0000] {logging_mixin.py:137} INFO - [2023-03-08T12:09:09.283+0000] {dagbag.py:538} INFO - Filling up the DagBag from /home/airflow/.local/lib/python3.7/site-packages/airflow/example_dags/example_xcom.py
[2023-03-08T12:09:09.361+0000] {processor.py:753} INFO - DAG(s) dict_keys(['example_xcom']) retrieved from /home/airflow/.local/lib/python3.7/site-packages/airflow/example_dags/example_xcom.py
[2023-03-08T12:09:09.507+0000] {logging_mixin.py:137} INFO - [2023-03-08T12:09:09.506+0000] {dag.py:2690} INFO - Sync 1 DAGs
[2023-03-08T12:09:09.543+0000] {logging_mixin.py:137} INFO - [2023-03-08T12:09:09.543+0000] {dag.py:3441} INFO - Setting next_dagrun for example_xcom to 2021-01-01T00:00:00+00:00, run_after=2021-01-01T00:00:00+00:00
[2023-03-08T12:09:09.573+0000] {processor.py:175} INFO - Processing /home/airflow/.local/lib/python3.7/site-packages/airflow/example_dags/example_xcom.py took 0.315 seconds
[2023-03-08T12:09:39.699+0000] {processor.py:153} INFO - Started process (PID=13853) to work on /home/airflow/.local/lib/python3.7/site-packages/airflow/example_dags/example_xcom.py
[2023-03-08T12:09:39.702+0000] {processor.py:743} INFO - Processing file /home/airflow/.local/lib/python3.7/site-packages/airflow/example_dags/example_xcom.py for tasks to queue
[2023-03-08T12:09:39.705+0000] {logging_mixin.py:137} INFO - [2023-03-08T12:09:39.705+0000] {dagbag.py:538} INFO - Filling up the DagBag from /home/airflow/.local/lib/python3.7/site-packages/airflow/example_dags/example_xcom.py
[2023-03-08T12:09:39.737+0000] {processor.py:753} INFO - DAG(s) dict_keys(['example_xcom']) retrieved from /home/airflow/.local/lib/python3.7/site-packages/airflow/example_dags/example_xcom.py
[2023-03-08T12:09:39.788+0000] {logging_mixin.py:137} INFO - [2023-03-08T12:09:39.788+0000] {dag.py:2690} INFO - Sync 1 DAGs
[2023-03-08T12:09:39.839+0000] {logging_mixin.py:137} INFO - [2023-03-08T12:09:39.839+0000] {dag.py:3441} INFO - Setting next_dagrun for example_xcom to 2021-01-01T00:00:00+00:00, run_after=2021-01-01T00:00:00+00:00
[2023-03-08T12:09:39.875+0000] {processor.py:175} INFO - Processing /home/airflow/.local/lib/python3.7/site-packages/airflow/example_dags/example_xcom.py took 0.182 seconds
[2023-03-08T12:10:10.077+0000] {processor.py:153} INFO - Started process (PID=13912) to work on /home/airflow/.local/lib/python3.7/site-packages/airflow/example_dags/example_xcom.py
[2023-03-08T12:10:10.080+0000] {processor.py:743} INFO - Processing file /home/airflow/.local/lib/python3.7/site-packages/airflow/example_dags/example_xcom.py for tasks to queue
[2023-03-08T12:10:10.083+0000] {logging_mixin.py:137} INFO - [2023-03-08T12:10:10.082+0000] {dagbag.py:538} INFO - Filling up the DagBag from /home/airflow/.local/lib/python3.7/site-packages/airflow/example_dags/example_xcom.py
[2023-03-08T12:10:10.118+0000] {processor.py:753} INFO - DAG(s) dict_keys(['example_xcom']) retrieved from /home/airflow/.local/lib/python3.7/site-packages/airflow/example_dags/example_xcom.py
[2023-03-08T12:10:10.168+0000] {logging_mixin.py:137} INFO - [2023-03-08T12:10:10.167+0000] {dag.py:2690} INFO - Sync 1 DAGs
[2023-03-08T12:10:10.202+0000] {logging_mixin.py:137} INFO - [2023-03-08T12:10:10.201+0000] {dag.py:3441} INFO - Setting next_dagrun for example_xcom to 2021-01-01T00:00:00+00:00, run_after=2021-01-01T00:00:00+00:00
[2023-03-08T12:10:10.250+0000] {processor.py:175} INFO - Processing /home/airflow/.local/lib/python3.7/site-packages/airflow/example_dags/example_xcom.py took 0.183 seconds
[2023-03-08T12:10:40.447+0000] {processor.py:153} INFO - Started process (PID=13978) to work on /home/airflow/.local/lib/python3.7/site-packages/airflow/example_dags/example_xcom.py
[2023-03-08T12:10:40.450+0000] {processor.py:743} INFO - Processing file /home/airflow/.local/lib/python3.7/site-packages/airflow/example_dags/example_xcom.py for tasks to queue
[2023-03-08T12:10:40.457+0000] {logging_mixin.py:137} INFO - [2023-03-08T12:10:40.456+0000] {dagbag.py:538} INFO - Filling up the DagBag from /home/airflow/.local/lib/python3.7/site-packages/airflow/example_dags/example_xcom.py
[2023-03-08T12:10:40.541+0000] {processor.py:753} INFO - DAG(s) dict_keys(['example_xcom']) retrieved from /home/airflow/.local/lib/python3.7/site-packages/airflow/example_dags/example_xcom.py
[2023-03-08T12:10:40.637+0000] {logging_mixin.py:137} INFO - [2023-03-08T12:10:40.637+0000] {dag.py:2690} INFO - Sync 1 DAGs
[2023-03-08T12:10:40.707+0000] {logging_mixin.py:137} INFO - [2023-03-08T12:10:40.707+0000] {dag.py:3441} INFO - Setting next_dagrun for example_xcom to 2021-01-01T00:00:00+00:00, run_after=2021-01-01T00:00:00+00:00
[2023-03-08T12:10:40.750+0000] {processor.py:175} INFO - Processing /home/airflow/.local/lib/python3.7/site-packages/airflow/example_dags/example_xcom.py took 0.309 seconds
[2023-03-08T12:11:11.367+0000] {processor.py:153} INFO - Started process (PID=14039) to work on /home/airflow/.local/lib/python3.7/site-packages/airflow/example_dags/example_xcom.py
[2023-03-08T12:11:11.371+0000] {processor.py:743} INFO - Processing file /home/airflow/.local/lib/python3.7/site-packages/airflow/example_dags/example_xcom.py for tasks to queue
[2023-03-08T12:11:11.373+0000] {logging_mixin.py:137} INFO - [2023-03-08T12:11:11.373+0000] {dagbag.py:538} INFO - Filling up the DagBag from /home/airflow/.local/lib/python3.7/site-packages/airflow/example_dags/example_xcom.py
[2023-03-08T12:11:11.440+0000] {processor.py:753} INFO - DAG(s) dict_keys(['example_xcom']) retrieved from /home/airflow/.local/lib/python3.7/site-packages/airflow/example_dags/example_xcom.py
[2023-03-08T12:11:11.481+0000] {logging_mixin.py:137} INFO - [2023-03-08T12:11:11.480+0000] {dag.py:2690} INFO - Sync 1 DAGs
[2023-03-08T12:11:11.516+0000] {logging_mixin.py:137} INFO - [2023-03-08T12:11:11.515+0000] {dag.py:3441} INFO - Setting next_dagrun for example_xcom to 2021-01-01T00:00:00+00:00, run_after=2021-01-01T00:00:00+00:00
[2023-03-08T12:11:11.540+0000] {processor.py:175} INFO - Processing /home/airflow/.local/lib/python3.7/site-packages/airflow/example_dags/example_xcom.py took 0.179 seconds
[2023-03-08T12:11:42.145+0000] {processor.py:153} INFO - Started process (PID=14098) to work on /home/airflow/.local/lib/python3.7/site-packages/airflow/example_dags/example_xcom.py
[2023-03-08T12:11:42.149+0000] {processor.py:743} INFO - Processing file /home/airflow/.local/lib/python3.7/site-packages/airflow/example_dags/example_xcom.py for tasks to queue
[2023-03-08T12:11:42.153+0000] {logging_mixin.py:137} INFO - [2023-03-08T12:11:42.153+0000] {dagbag.py:538} INFO - Filling up the DagBag from /home/airflow/.local/lib/python3.7/site-packages/airflow/example_dags/example_xcom.py
[2023-03-08T12:11:42.207+0000] {processor.py:753} INFO - DAG(s) dict_keys(['example_xcom']) retrieved from /home/airflow/.local/lib/python3.7/site-packages/airflow/example_dags/example_xcom.py
[2023-03-08T12:11:42.293+0000] {logging_mixin.py:137} INFO - [2023-03-08T12:11:42.293+0000] {dag.py:2690} INFO - Sync 1 DAGs
[2023-03-08T12:11:42.354+0000] {logging_mixin.py:137} INFO - [2023-03-08T12:11:42.354+0000] {dag.py:3441} INFO - Setting next_dagrun for example_xcom to 2021-01-01T00:00:00+00:00, run_after=2021-01-01T00:00:00+00:00
[2023-03-08T12:11:42.425+0000] {processor.py:175} INFO - Processing /home/airflow/.local/lib/python3.7/site-packages/airflow/example_dags/example_xcom.py took 0.302 seconds
[2023-03-08T12:12:12.604+0000] {processor.py:153} INFO - Started process (PID=14164) to work on /home/airflow/.local/lib/python3.7/site-packages/airflow/example_dags/example_xcom.py
[2023-03-08T12:12:12.611+0000] {processor.py:743} INFO - Processing file /home/airflow/.local/lib/python3.7/site-packages/airflow/example_dags/example_xcom.py for tasks to queue
[2023-03-08T12:12:12.619+0000] {logging_mixin.py:137} INFO - [2023-03-08T12:12:12.618+0000] {dagbag.py:538} INFO - Filling up the DagBag from /home/airflow/.local/lib/python3.7/site-packages/airflow/example_dags/example_xcom.py
[2023-03-08T12:12:12.741+0000] {processor.py:753} INFO - DAG(s) dict_keys(['example_xcom']) retrieved from /home/airflow/.local/lib/python3.7/site-packages/airflow/example_dags/example_xcom.py
[2023-03-08T12:12:12.878+0000] {logging_mixin.py:137} INFO - [2023-03-08T12:12:12.878+0000] {dag.py:2690} INFO - Sync 1 DAGs
[2023-03-08T12:12:13.018+0000] {logging_mixin.py:137} INFO - [2023-03-08T12:12:13.017+0000] {dag.py:3441} INFO - Setting next_dagrun for example_xcom to 2021-01-01T00:00:00+00:00, run_after=2021-01-01T00:00:00+00:00
[2023-03-08T12:12:13.051+0000] {processor.py:175} INFO - Processing /home/airflow/.local/lib/python3.7/site-packages/airflow/example_dags/example_xcom.py took 0.477 seconds
[2023-03-08T12:12:43.143+0000] {processor.py:153} INFO - Started process (PID=14225) to work on /home/airflow/.local/lib/python3.7/site-packages/airflow/example_dags/example_xcom.py
[2023-03-08T12:12:43.147+0000] {processor.py:743} INFO - Processing file /home/airflow/.local/lib/python3.7/site-packages/airflow/example_dags/example_xcom.py for tasks to queue
[2023-03-08T12:12:43.149+0000] {logging_mixin.py:137} INFO - [2023-03-08T12:12:43.149+0000] {dagbag.py:538} INFO - Filling up the DagBag from /home/airflow/.local/lib/python3.7/site-packages/airflow/example_dags/example_xcom.py
[2023-03-08T12:12:43.181+0000] {processor.py:753} INFO - DAG(s) dict_keys(['example_xcom']) retrieved from /home/airflow/.local/lib/python3.7/site-packages/airflow/example_dags/example_xcom.py
[2023-03-08T12:12:43.223+0000] {logging_mixin.py:137} INFO - [2023-03-08T12:12:43.223+0000] {dag.py:2690} INFO - Sync 1 DAGs
[2023-03-08T12:12:43.273+0000] {logging_mixin.py:137} INFO - [2023-03-08T12:12:43.272+0000] {dag.py:3441} INFO - Setting next_dagrun for example_xcom to 2021-01-01T00:00:00+00:00, run_after=2021-01-01T00:00:00+00:00
[2023-03-08T12:12:43.322+0000] {processor.py:175} INFO - Processing /home/airflow/.local/lib/python3.7/site-packages/airflow/example_dags/example_xcom.py took 0.184 seconds
[2023-03-08T12:13:14.104+0000] {processor.py:153} INFO - Started process (PID=14283) to work on /home/airflow/.local/lib/python3.7/site-packages/airflow/example_dags/example_xcom.py
[2023-03-08T12:13:14.107+0000] {processor.py:743} INFO - Processing file /home/airflow/.local/lib/python3.7/site-packages/airflow/example_dags/example_xcom.py for tasks to queue
[2023-03-08T12:13:14.109+0000] {logging_mixin.py:137} INFO - [2023-03-08T12:13:14.109+0000] {dagbag.py:538} INFO - Filling up the DagBag from /home/airflow/.local/lib/python3.7/site-packages/airflow/example_dags/example_xcom.py
[2023-03-08T12:13:14.158+0000] {processor.py:753} INFO - DAG(s) dict_keys(['example_xcom']) retrieved from /home/airflow/.local/lib/python3.7/site-packages/airflow/example_dags/example_xcom.py
[2023-03-08T12:13:14.208+0000] {logging_mixin.py:137} INFO - [2023-03-08T12:13:14.207+0000] {dag.py:2690} INFO - Sync 1 DAGs
[2023-03-08T12:13:14.248+0000] {logging_mixin.py:137} INFO - [2023-03-08T12:13:14.248+0000] {dag.py:3441} INFO - Setting next_dagrun for example_xcom to 2021-01-01T00:00:00+00:00, run_after=2021-01-01T00:00:00+00:00
[2023-03-08T12:13:14.286+0000] {processor.py:175} INFO - Processing /home/airflow/.local/lib/python3.7/site-packages/airflow/example_dags/example_xcom.py took 0.186 seconds
[2023-03-08T12:13:44.606+0000] {processor.py:153} INFO - Started process (PID=14350) to work on /home/airflow/.local/lib/python3.7/site-packages/airflow/example_dags/example_xcom.py
[2023-03-08T12:13:44.609+0000] {processor.py:743} INFO - Processing file /home/airflow/.local/lib/python3.7/site-packages/airflow/example_dags/example_xcom.py for tasks to queue
[2023-03-08T12:13:44.612+0000] {logging_mixin.py:137} INFO - [2023-03-08T12:13:44.612+0000] {dagbag.py:538} INFO - Filling up the DagBag from /home/airflow/.local/lib/python3.7/site-packages/airflow/example_dags/example_xcom.py
[2023-03-08T12:13:44.666+0000] {processor.py:753} INFO - DAG(s) dict_keys(['example_xcom']) retrieved from /home/airflow/.local/lib/python3.7/site-packages/airflow/example_dags/example_xcom.py
[2023-03-08T12:13:44.728+0000] {logging_mixin.py:137} INFO - [2023-03-08T12:13:44.727+0000] {dag.py:2690} INFO - Sync 1 DAGs
[2023-03-08T12:13:44.768+0000] {logging_mixin.py:137} INFO - [2023-03-08T12:13:44.768+0000] {dag.py:3441} INFO - Setting next_dagrun for example_xcom to 2021-01-01T00:00:00+00:00, run_after=2021-01-01T00:00:00+00:00
[2023-03-08T12:13:44.803+0000] {processor.py:175} INFO - Processing /home/airflow/.local/lib/python3.7/site-packages/airflow/example_dags/example_xcom.py took 0.212 seconds
[2023-03-08T12:14:16.516+0000] {processor.py:153} INFO - Started process (PID=14411) to work on /home/airflow/.local/lib/python3.7/site-packages/airflow/example_dags/example_xcom.py
[2023-03-08T12:14:16.573+0000] {processor.py:743} INFO - Processing file /home/airflow/.local/lib/python3.7/site-packages/airflow/example_dags/example_xcom.py for tasks to queue
[2023-03-08T12:14:16.585+0000] {logging_mixin.py:137} INFO - [2023-03-08T12:14:16.585+0000] {dagbag.py:538} INFO - Filling up the DagBag from /home/airflow/.local/lib/python3.7/site-packages/airflow/example_dags/example_xcom.py
[2023-03-08T12:14:18.388+0000] {processor.py:753} INFO - DAG(s) dict_keys(['example_xcom']) retrieved from /home/airflow/.local/lib/python3.7/site-packages/airflow/example_dags/example_xcom.py
[2023-03-08T12:14:18.846+0000] {logging_mixin.py:137} INFO - [2023-03-08T12:14:18.845+0000] {dag.py:2690} INFO - Sync 1 DAGs
[2023-03-08T12:14:19.088+0000] {logging_mixin.py:137} INFO - [2023-03-08T12:14:19.084+0000] {dag.py:3441} INFO - Setting next_dagrun for example_xcom to 2021-01-01T00:00:00+00:00, run_after=2021-01-01T00:00:00+00:00
[2023-03-08T12:14:19.343+0000] {processor.py:175} INFO - Processing /home/airflow/.local/lib/python3.7/site-packages/airflow/example_dags/example_xcom.py took 2.932 seconds
[2023-03-08T12:14:49.760+0000] {processor.py:153} INFO - Started process (PID=14471) to work on /home/airflow/.local/lib/python3.7/site-packages/airflow/example_dags/example_xcom.py
[2023-03-08T12:14:49.763+0000] {processor.py:743} INFO - Processing file /home/airflow/.local/lib/python3.7/site-packages/airflow/example_dags/example_xcom.py for tasks to queue
[2023-03-08T12:14:49.766+0000] {logging_mixin.py:137} INFO - [2023-03-08T12:14:49.766+0000] {dagbag.py:538} INFO - Filling up the DagBag from /home/airflow/.local/lib/python3.7/site-packages/airflow/example_dags/example_xcom.py
[2023-03-08T12:14:49.822+0000] {processor.py:753} INFO - DAG(s) dict_keys(['example_xcom']) retrieved from /home/airflow/.local/lib/python3.7/site-packages/airflow/example_dags/example_xcom.py
[2023-03-08T12:14:49.866+0000] {logging_mixin.py:137} INFO - [2023-03-08T12:14:49.866+0000] {dag.py:2690} INFO - Sync 1 DAGs
[2023-03-08T12:14:49.932+0000] {logging_mixin.py:137} INFO - [2023-03-08T12:14:49.932+0000] {dag.py:3441} INFO - Setting next_dagrun for example_xcom to 2021-01-01T00:00:00+00:00, run_after=2021-01-01T00:00:00+00:00
[2023-03-08T12:14:49.991+0000] {processor.py:175} INFO - Processing /home/airflow/.local/lib/python3.7/site-packages/airflow/example_dags/example_xcom.py took 0.243 seconds
[2023-03-08T12:15:20.390+0000] {processor.py:153} INFO - Started process (PID=14529) to work on /home/airflow/.local/lib/python3.7/site-packages/airflow/example_dags/example_xcom.py
[2023-03-08T12:15:20.393+0000] {processor.py:743} INFO - Processing file /home/airflow/.local/lib/python3.7/site-packages/airflow/example_dags/example_xcom.py for tasks to queue
[2023-03-08T12:15:20.395+0000] {logging_mixin.py:137} INFO - [2023-03-08T12:15:20.395+0000] {dagbag.py:538} INFO - Filling up the DagBag from /home/airflow/.local/lib/python3.7/site-packages/airflow/example_dags/example_xcom.py
[2023-03-08T12:15:20.426+0000] {processor.py:753} INFO - DAG(s) dict_keys(['example_xcom']) retrieved from /home/airflow/.local/lib/python3.7/site-packages/airflow/example_dags/example_xcom.py
[2023-03-08T12:15:20.465+0000] {logging_mixin.py:137} INFO - [2023-03-08T12:15:20.465+0000] {dag.py:2690} INFO - Sync 1 DAGs
[2023-03-08T12:15:20.495+0000] {logging_mixin.py:137} INFO - [2023-03-08T12:15:20.495+0000] {dag.py:3441} INFO - Setting next_dagrun for example_xcom to 2021-01-01T00:00:00+00:00, run_after=2021-01-01T00:00:00+00:00
[2023-03-08T12:15:20.521+0000] {processor.py:175} INFO - Processing /home/airflow/.local/lib/python3.7/site-packages/airflow/example_dags/example_xcom.py took 0.137 seconds
[2023-03-08T12:15:50.686+0000] {processor.py:153} INFO - Started process (PID=14599) to work on /home/airflow/.local/lib/python3.7/site-packages/airflow/example_dags/example_xcom.py
[2023-03-08T12:15:50.689+0000] {processor.py:743} INFO - Processing file /home/airflow/.local/lib/python3.7/site-packages/airflow/example_dags/example_xcom.py for tasks to queue
[2023-03-08T12:15:50.692+0000] {logging_mixin.py:137} INFO - [2023-03-08T12:15:50.692+0000] {dagbag.py:538} INFO - Filling up the DagBag from /home/airflow/.local/lib/python3.7/site-packages/airflow/example_dags/example_xcom.py
[2023-03-08T12:15:50.721+0000] {processor.py:753} INFO - DAG(s) dict_keys(['example_xcom']) retrieved from /home/airflow/.local/lib/python3.7/site-packages/airflow/example_dags/example_xcom.py
[2023-03-08T12:15:50.759+0000] {logging_mixin.py:137} INFO - [2023-03-08T12:15:50.759+0000] {dag.py:2690} INFO - Sync 1 DAGs
[2023-03-08T12:15:50.786+0000] {logging_mixin.py:137} INFO - [2023-03-08T12:15:50.786+0000] {dag.py:3441} INFO - Setting next_dagrun for example_xcom to 2021-01-01T00:00:00+00:00, run_after=2021-01-01T00:00:00+00:00
[2023-03-08T12:15:50.811+0000] {processor.py:175} INFO - Processing /home/airflow/.local/lib/python3.7/site-packages/airflow/example_dags/example_xcom.py took 0.131 seconds
[2023-03-08T12:16:21.449+0000] {processor.py:153} INFO - Started process (PID=14658) to work on /home/airflow/.local/lib/python3.7/site-packages/airflow/example_dags/example_xcom.py
[2023-03-08T12:16:21.451+0000] {processor.py:743} INFO - Processing file /home/airflow/.local/lib/python3.7/site-packages/airflow/example_dags/example_xcom.py for tasks to queue
[2023-03-08T12:16:21.455+0000] {logging_mixin.py:137} INFO - [2023-03-08T12:16:21.454+0000] {dagbag.py:538} INFO - Filling up the DagBag from /home/airflow/.local/lib/python3.7/site-packages/airflow/example_dags/example_xcom.py
[2023-03-08T12:16:21.491+0000] {processor.py:753} INFO - DAG(s) dict_keys(['example_xcom']) retrieved from /home/airflow/.local/lib/python3.7/site-packages/airflow/example_dags/example_xcom.py
[2023-03-08T12:16:21.538+0000] {logging_mixin.py:137} INFO - [2023-03-08T12:16:21.538+0000] {dag.py:2690} INFO - Sync 1 DAGs
[2023-03-08T12:16:21.575+0000] {logging_mixin.py:137} INFO - [2023-03-08T12:16:21.575+0000] {dag.py:3441} INFO - Setting next_dagrun for example_xcom to 2021-01-01T00:00:00+00:00, run_after=2021-01-01T00:00:00+00:00
[2023-03-08T12:16:21.607+0000] {processor.py:175} INFO - Processing /home/airflow/.local/lib/python3.7/site-packages/airflow/example_dags/example_xcom.py took 0.166 seconds
[2023-03-08T12:16:51.799+0000] {processor.py:153} INFO - Started process (PID=14725) to work on /home/airflow/.local/lib/python3.7/site-packages/airflow/example_dags/example_xcom.py
[2023-03-08T12:16:51.802+0000] {processor.py:743} INFO - Processing file /home/airflow/.local/lib/python3.7/site-packages/airflow/example_dags/example_xcom.py for tasks to queue
[2023-03-08T12:16:51.805+0000] {logging_mixin.py:137} INFO - [2023-03-08T12:16:51.804+0000] {dagbag.py:538} INFO - Filling up the DagBag from /home/airflow/.local/lib/python3.7/site-packages/airflow/example_dags/example_xcom.py
[2023-03-08T12:16:51.851+0000] {processor.py:753} INFO - DAG(s) dict_keys(['example_xcom']) retrieved from /home/airflow/.local/lib/python3.7/site-packages/airflow/example_dags/example_xcom.py
[2023-03-08T12:16:51.892+0000] {logging_mixin.py:137} INFO - [2023-03-08T12:16:51.892+0000] {dag.py:2690} INFO - Sync 1 DAGs
[2023-03-08T12:16:51.924+0000] {logging_mixin.py:137} INFO - [2023-03-08T12:16:51.923+0000] {dag.py:3441} INFO - Setting next_dagrun for example_xcom to 2021-01-01T00:00:00+00:00, run_after=2021-01-01T00:00:00+00:00
[2023-03-08T12:16:51.958+0000] {processor.py:175} INFO - Processing /home/airflow/.local/lib/python3.7/site-packages/airflow/example_dags/example_xcom.py took 0.166 seconds
[2023-03-08T12:17:22.410+0000] {processor.py:153} INFO - Started process (PID=14784) to work on /home/airflow/.local/lib/python3.7/site-packages/airflow/example_dags/example_xcom.py
[2023-03-08T12:17:22.413+0000] {processor.py:743} INFO - Processing file /home/airflow/.local/lib/python3.7/site-packages/airflow/example_dags/example_xcom.py for tasks to queue
[2023-03-08T12:17:22.415+0000] {logging_mixin.py:137} INFO - [2023-03-08T12:17:22.415+0000] {dagbag.py:538} INFO - Filling up the DagBag from /home/airflow/.local/lib/python3.7/site-packages/airflow/example_dags/example_xcom.py
[2023-03-08T12:17:22.446+0000] {processor.py:753} INFO - DAG(s) dict_keys(['example_xcom']) retrieved from /home/airflow/.local/lib/python3.7/site-packages/airflow/example_dags/example_xcom.py
[2023-03-08T12:17:22.481+0000] {logging_mixin.py:137} INFO - [2023-03-08T12:17:22.480+0000] {dag.py:2690} INFO - Sync 1 DAGs
[2023-03-08T12:17:22.507+0000] {logging_mixin.py:137} INFO - [2023-03-08T12:17:22.507+0000] {dag.py:3441} INFO - Setting next_dagrun for example_xcom to 2021-01-01T00:00:00+00:00, run_after=2021-01-01T00:00:00+00:00
[2023-03-08T12:17:22.532+0000] {processor.py:175} INFO - Processing /home/airflow/.local/lib/python3.7/site-packages/airflow/example_dags/example_xcom.py took 0.127 seconds
[2023-03-08T12:17:52.690+0000] {processor.py:153} INFO - Started process (PID=14843) to work on /home/airflow/.local/lib/python3.7/site-packages/airflow/example_dags/example_xcom.py
[2023-03-08T12:17:52.694+0000] {processor.py:743} INFO - Processing file /home/airflow/.local/lib/python3.7/site-packages/airflow/example_dags/example_xcom.py for tasks to queue
[2023-03-08T12:17:52.697+0000] {logging_mixin.py:137} INFO - [2023-03-08T12:17:52.697+0000] {dagbag.py:538} INFO - Filling up the DagBag from /home/airflow/.local/lib/python3.7/site-packages/airflow/example_dags/example_xcom.py
[2023-03-08T12:17:52.747+0000] {processor.py:753} INFO - DAG(s) dict_keys(['example_xcom']) retrieved from /home/airflow/.local/lib/python3.7/site-packages/airflow/example_dags/example_xcom.py
[2023-03-08T12:17:52.788+0000] {logging_mixin.py:137} INFO - [2023-03-08T12:17:52.788+0000] {dag.py:2690} INFO - Sync 1 DAGs
[2023-03-08T12:17:52.843+0000] {logging_mixin.py:137} INFO - [2023-03-08T12:17:52.843+0000] {dag.py:3441} INFO - Setting next_dagrun for example_xcom to 2021-01-01T00:00:00+00:00, run_after=2021-01-01T00:00:00+00:00
[2023-03-08T12:17:52.876+0000] {processor.py:175} INFO - Processing /home/airflow/.local/lib/python3.7/site-packages/airflow/example_dags/example_xcom.py took 0.194 seconds
