[2023-03-08T01:49:42.592+0000] {processor.py:153} INFO - Started process (PID=12206) to work on /home/airflow/.local/lib/python3.7/site-packages/airflow/example_dags/example_branch_operator.py
[2023-03-08T01:49:42.596+0000] {processor.py:743} INFO - Processing file /home/airflow/.local/lib/python3.7/site-packages/airflow/example_dags/example_branch_operator.py for tasks to queue
[2023-03-08T01:49:42.612+0000] {logging_mixin.py:137} INFO - [2023-03-08T01:49:42.612+0000] {dagbag.py:538} INFO - Filling up the DagBag from /home/airflow/.local/lib/python3.7/site-packages/airflow/example_dags/example_branch_operator.py
[2023-03-08T01:49:42.672+0000] {processor.py:753} INFO - DAG(s) dict_keys(['example_branch_operator']) retrieved from /home/airflow/.local/lib/python3.7/site-packages/airflow/example_dags/example_branch_operator.py
[2023-03-08T01:49:42.770+0000] {logging_mixin.py:137} INFO - [2023-03-08T01:49:42.770+0000] {dag.py:2690} INFO - Sync 1 DAGs
[2023-03-08T01:49:42.845+0000] {logging_mixin.py:137} INFO - [2023-03-08T01:49:42.845+0000] {dag.py:3441} INFO - Setting next_dagrun for example_branch_operator to 2023-03-07T00:00:00+00:00, run_after=2023-03-08T00:00:00+00:00
[2023-03-08T01:49:42.895+0000] {processor.py:175} INFO - Processing /home/airflow/.local/lib/python3.7/site-packages/airflow/example_dags/example_branch_operator.py took 0.313 seconds
[2023-03-08T03:17:59.586+0000] {processor.py:153} INFO - Started process (PID=12245) to work on /home/airflow/.local/lib/python3.7/site-packages/airflow/example_dags/example_branch_operator.py
[2023-03-08T03:17:59.592+0000] {processor.py:743} INFO - Processing file /home/airflow/.local/lib/python3.7/site-packages/airflow/example_dags/example_branch_operator.py for tasks to queue
[2023-03-08T03:17:59.597+0000] {logging_mixin.py:137} INFO - [2023-03-08T03:17:59.596+0000] {dagbag.py:538} INFO - Filling up the DagBag from /home/airflow/.local/lib/python3.7/site-packages/airflow/example_dags/example_branch_operator.py
[2023-03-08T03:17:59.656+0000] {processor.py:753} INFO - DAG(s) dict_keys(['example_branch_operator']) retrieved from /home/airflow/.local/lib/python3.7/site-packages/airflow/example_dags/example_branch_operator.py
[2023-03-08T03:17:59.707+0000] {logging_mixin.py:137} INFO - [2023-03-08T03:17:59.707+0000] {dag.py:2690} INFO - Sync 1 DAGs
[2023-03-08T03:17:59.758+0000] {logging_mixin.py:137} INFO - [2023-03-08T03:17:59.758+0000] {dag.py:3441} INFO - Setting next_dagrun for example_branch_operator to 2023-03-07T00:00:00+00:00, run_after=2023-03-08T00:00:00+00:00
[2023-03-08T03:17:59.787+0000] {processor.py:175} INFO - Processing /home/airflow/.local/lib/python3.7/site-packages/airflow/example_dags/example_branch_operator.py took 0.211 seconds
[2023-03-08T11:56:20.029+0000] {processor.py:153} INFO - Started process (PID=12286) to work on /home/airflow/.local/lib/python3.7/site-packages/airflow/example_dags/example_branch_operator.py
[2023-03-08T11:56:20.242+0000] {processor.py:743} INFO - Processing file /home/airflow/.local/lib/python3.7/site-packages/airflow/example_dags/example_branch_operator.py for tasks to queue
[2023-03-08T11:56:20.318+0000] {logging_mixin.py:137} INFO - [2023-03-08T11:56:20.317+0000] {dagbag.py:538} INFO - Filling up the DagBag from /home/airflow/.local/lib/python3.7/site-packages/airflow/example_dags/example_branch_operator.py
[2023-03-08T11:56:22.364+0000] {processor.py:753} INFO - DAG(s) dict_keys(['example_branch_operator']) retrieved from /home/airflow/.local/lib/python3.7/site-packages/airflow/example_dags/example_branch_operator.py
[2023-03-08T11:56:57.753+0000] {processor.py:153} INFO - Started process (PID=12350) to work on /home/airflow/.local/lib/python3.7/site-packages/airflow/example_dags/example_branch_operator.py
[2023-03-08T11:56:57.793+0000] {processor.py:743} INFO - Processing file /home/airflow/.local/lib/python3.7/site-packages/airflow/example_dags/example_branch_operator.py for tasks to queue
[2023-03-08T11:56:57.822+0000] {logging_mixin.py:137} INFO - [2023-03-08T11:56:57.822+0000] {dagbag.py:538} INFO - Filling up the DagBag from /home/airflow/.local/lib/python3.7/site-packages/airflow/example_dags/example_branch_operator.py
[2023-03-08T11:56:58.310+0000] {processor.py:753} INFO - DAG(s) dict_keys(['example_branch_operator']) retrieved from /home/airflow/.local/lib/python3.7/site-packages/airflow/example_dags/example_branch_operator.py
[2023-03-08T11:56:58.792+0000] {logging_mixin.py:137} INFO - [2023-03-08T11:56:58.792+0000] {dag.py:2690} INFO - Sync 1 DAGs
[2023-03-08T11:56:59.020+0000] {logging_mixin.py:137} INFO - [2023-03-08T11:56:59.015+0000] {dag.py:3441} INFO - Setting next_dagrun for example_branch_operator to 2023-03-07T00:00:00+00:00, run_after=2023-03-08T00:00:00+00:00
[2023-03-08T11:56:59.250+0000] {processor.py:175} INFO - Processing /home/airflow/.local/lib/python3.7/site-packages/airflow/example_dags/example_branch_operator.py took 1.550 seconds
[2023-03-08T11:57:29.585+0000] {processor.py:153} INFO - Started process (PID=12401) to work on /home/airflow/.local/lib/python3.7/site-packages/airflow/example_dags/example_branch_operator.py
[2023-03-08T11:57:29.589+0000] {processor.py:743} INFO - Processing file /home/airflow/.local/lib/python3.7/site-packages/airflow/example_dags/example_branch_operator.py for tasks to queue
[2023-03-08T11:57:29.595+0000] {logging_mixin.py:137} INFO - [2023-03-08T11:57:29.595+0000] {dagbag.py:538} INFO - Filling up the DagBag from /home/airflow/.local/lib/python3.7/site-packages/airflow/example_dags/example_branch_operator.py
[2023-03-08T11:57:29.638+0000] {processor.py:753} INFO - DAG(s) dict_keys(['example_branch_operator']) retrieved from /home/airflow/.local/lib/python3.7/site-packages/airflow/example_dags/example_branch_operator.py
[2023-03-08T11:57:29.707+0000] {logging_mixin.py:137} INFO - [2023-03-08T11:57:29.706+0000] {dag.py:2690} INFO - Sync 1 DAGs
[2023-03-08T11:57:29.774+0000] {logging_mixin.py:137} INFO - [2023-03-08T11:57:29.773+0000] {dag.py:3441} INFO - Setting next_dagrun for example_branch_operator to 2023-03-07T00:00:00+00:00, run_after=2023-03-08T00:00:00+00:00
[2023-03-08T11:57:29.832+0000] {processor.py:175} INFO - Processing /home/airflow/.local/lib/python3.7/site-packages/airflow/example_dags/example_branch_operator.py took 0.268 seconds
[2023-03-08T11:58:00.422+0000] {processor.py:153} INFO - Started process (PID=12470) to work on /home/airflow/.local/lib/python3.7/site-packages/airflow/example_dags/example_branch_operator.py
[2023-03-08T11:58:00.425+0000] {processor.py:743} INFO - Processing file /home/airflow/.local/lib/python3.7/site-packages/airflow/example_dags/example_branch_operator.py for tasks to queue
[2023-03-08T11:58:00.443+0000] {logging_mixin.py:137} INFO - [2023-03-08T11:58:00.438+0000] {dagbag.py:538} INFO - Filling up the DagBag from /home/airflow/.local/lib/python3.7/site-packages/airflow/example_dags/example_branch_operator.py
[2023-03-08T11:58:00.577+0000] {processor.py:753} INFO - DAG(s) dict_keys(['example_branch_operator']) retrieved from /home/airflow/.local/lib/python3.7/site-packages/airflow/example_dags/example_branch_operator.py
[2023-03-08T11:58:00.660+0000] {logging_mixin.py:137} INFO - [2023-03-08T11:58:00.660+0000] {dag.py:2690} INFO - Sync 1 DAGs
[2023-03-08T11:58:00.777+0000] {logging_mixin.py:137} INFO - [2023-03-08T11:58:00.776+0000] {dag.py:3441} INFO - Setting next_dagrun for example_branch_operator to 2023-03-07T00:00:00+00:00, run_after=2023-03-08T00:00:00+00:00
[2023-03-08T11:58:00.917+0000] {processor.py:175} INFO - Processing /home/airflow/.local/lib/python3.7/site-packages/airflow/example_dags/example_branch_operator.py took 0.530 seconds
[2023-03-08T11:58:31.021+0000] {processor.py:153} INFO - Started process (PID=12529) to work on /home/airflow/.local/lib/python3.7/site-packages/airflow/example_dags/example_branch_operator.py
[2023-03-08T11:58:31.024+0000] {processor.py:743} INFO - Processing file /home/airflow/.local/lib/python3.7/site-packages/airflow/example_dags/example_branch_operator.py for tasks to queue
[2023-03-08T11:58:31.027+0000] {logging_mixin.py:137} INFO - [2023-03-08T11:58:31.027+0000] {dagbag.py:538} INFO - Filling up the DagBag from /home/airflow/.local/lib/python3.7/site-packages/airflow/example_dags/example_branch_operator.py
[2023-03-08T11:58:31.052+0000] {processor.py:753} INFO - DAG(s) dict_keys(['example_branch_operator']) retrieved from /home/airflow/.local/lib/python3.7/site-packages/airflow/example_dags/example_branch_operator.py
[2023-03-08T11:58:31.096+0000] {logging_mixin.py:137} INFO - [2023-03-08T11:58:31.096+0000] {dag.py:2690} INFO - Sync 1 DAGs
[2023-03-08T11:58:31.162+0000] {logging_mixin.py:137} INFO - [2023-03-08T11:58:31.162+0000] {dag.py:3441} INFO - Setting next_dagrun for example_branch_operator to 2023-03-07T00:00:00+00:00, run_after=2023-03-08T00:00:00+00:00
[2023-03-08T11:58:31.215+0000] {processor.py:175} INFO - Processing /home/airflow/.local/lib/python3.7/site-packages/airflow/example_dags/example_branch_operator.py took 0.198 seconds
[2023-03-08T11:59:01.558+0000] {processor.py:153} INFO - Started process (PID=12587) to work on /home/airflow/.local/lib/python3.7/site-packages/airflow/example_dags/example_branch_operator.py
[2023-03-08T11:59:01.562+0000] {processor.py:743} INFO - Processing file /home/airflow/.local/lib/python3.7/site-packages/airflow/example_dags/example_branch_operator.py for tasks to queue
[2023-03-08T11:59:01.565+0000] {logging_mixin.py:137} INFO - [2023-03-08T11:59:01.565+0000] {dagbag.py:538} INFO - Filling up the DagBag from /home/airflow/.local/lib/python3.7/site-packages/airflow/example_dags/example_branch_operator.py
[2023-03-08T11:59:01.604+0000] {processor.py:753} INFO - DAG(s) dict_keys(['example_branch_operator']) retrieved from /home/airflow/.local/lib/python3.7/site-packages/airflow/example_dags/example_branch_operator.py
[2023-03-08T11:59:01.658+0000] {logging_mixin.py:137} INFO - [2023-03-08T11:59:01.658+0000] {dag.py:2690} INFO - Sync 1 DAGs
[2023-03-08T11:59:01.692+0000] {logging_mixin.py:137} INFO - [2023-03-08T11:59:01.691+0000] {dag.py:3441} INFO - Setting next_dagrun for example_branch_operator to 2023-03-07T00:00:00+00:00, run_after=2023-03-08T00:00:00+00:00
[2023-03-08T11:59:01.721+0000] {processor.py:175} INFO - Processing /home/airflow/.local/lib/python3.7/site-packages/airflow/example_dags/example_branch_operator.py took 0.168 seconds
[2023-03-08T11:59:31.918+0000] {processor.py:153} INFO - Started process (PID=12645) to work on /home/airflow/.local/lib/python3.7/site-packages/airflow/example_dags/example_branch_operator.py
[2023-03-08T11:59:31.921+0000] {processor.py:743} INFO - Processing file /home/airflow/.local/lib/python3.7/site-packages/airflow/example_dags/example_branch_operator.py for tasks to queue
[2023-03-08T11:59:31.925+0000] {logging_mixin.py:137} INFO - [2023-03-08T11:59:31.924+0000] {dagbag.py:538} INFO - Filling up the DagBag from /home/airflow/.local/lib/python3.7/site-packages/airflow/example_dags/example_branch_operator.py
[2023-03-08T11:59:31.952+0000] {processor.py:753} INFO - DAG(s) dict_keys(['example_branch_operator']) retrieved from /home/airflow/.local/lib/python3.7/site-packages/airflow/example_dags/example_branch_operator.py
[2023-03-08T11:59:31.986+0000] {logging_mixin.py:137} INFO - [2023-03-08T11:59:31.986+0000] {dag.py:2690} INFO - Sync 1 DAGs
[2023-03-08T11:59:32.014+0000] {logging_mixin.py:137} INFO - [2023-03-08T11:59:32.014+0000] {dag.py:3441} INFO - Setting next_dagrun for example_branch_operator to 2023-03-07T00:00:00+00:00, run_after=2023-03-08T00:00:00+00:00
[2023-03-08T11:59:32.039+0000] {processor.py:175} INFO - Processing /home/airflow/.local/lib/python3.7/site-packages/airflow/example_dags/example_branch_operator.py took 0.133 seconds
[2023-03-08T12:00:02.714+0000] {processor.py:153} INFO - Started process (PID=12703) to work on /home/airflow/.local/lib/python3.7/site-packages/airflow/example_dags/example_branch_operator.py
[2023-03-08T12:00:02.717+0000] {processor.py:743} INFO - Processing file /home/airflow/.local/lib/python3.7/site-packages/airflow/example_dags/example_branch_operator.py for tasks to queue
[2023-03-08T12:00:02.720+0000] {logging_mixin.py:137} INFO - [2023-03-08T12:00:02.720+0000] {dagbag.py:538} INFO - Filling up the DagBag from /home/airflow/.local/lib/python3.7/site-packages/airflow/example_dags/example_branch_operator.py
[2023-03-08T12:00:02.744+0000] {processor.py:753} INFO - DAG(s) dict_keys(['example_branch_operator']) retrieved from /home/airflow/.local/lib/python3.7/site-packages/airflow/example_dags/example_branch_operator.py
[2023-03-08T12:00:02.778+0000] {logging_mixin.py:137} INFO - [2023-03-08T12:00:02.778+0000] {dag.py:2690} INFO - Sync 1 DAGs
[2023-03-08T12:00:02.806+0000] {logging_mixin.py:137} INFO - [2023-03-08T12:00:02.806+0000] {dag.py:3441} INFO - Setting next_dagrun for example_branch_operator to 2023-03-07T00:00:00+00:00, run_after=2023-03-08T00:00:00+00:00
[2023-03-08T12:00:02.830+0000] {processor.py:175} INFO - Processing /home/airflow/.local/lib/python3.7/site-packages/airflow/example_dags/example_branch_operator.py took 0.122 seconds
[2023-03-08T12:00:33.119+0000] {processor.py:153} INFO - Started process (PID=12766) to work on /home/airflow/.local/lib/python3.7/site-packages/airflow/example_dags/example_branch_operator.py
[2023-03-08T12:00:33.133+0000] {processor.py:743} INFO - Processing file /home/airflow/.local/lib/python3.7/site-packages/airflow/example_dags/example_branch_operator.py for tasks to queue
[2023-03-08T12:00:33.140+0000] {logging_mixin.py:137} INFO - [2023-03-08T12:00:33.139+0000] {dagbag.py:538} INFO - Filling up the DagBag from /home/airflow/.local/lib/python3.7/site-packages/airflow/example_dags/example_branch_operator.py
[2023-03-08T12:00:33.229+0000] {processor.py:753} INFO - DAG(s) dict_keys(['example_branch_operator']) retrieved from /home/airflow/.local/lib/python3.7/site-packages/airflow/example_dags/example_branch_operator.py
[2023-03-08T12:00:33.333+0000] {logging_mixin.py:137} INFO - [2023-03-08T12:00:33.332+0000] {dag.py:2690} INFO - Sync 1 DAGs
[2023-03-08T12:00:33.433+0000] {logging_mixin.py:137} INFO - [2023-03-08T12:00:33.433+0000] {dag.py:3441} INFO - Setting next_dagrun for example_branch_operator to 2023-03-07T00:00:00+00:00, run_after=2023-03-08T00:00:00+00:00
[2023-03-08T12:00:33.511+0000] {processor.py:175} INFO - Processing /home/airflow/.local/lib/python3.7/site-packages/airflow/example_dags/example_branch_operator.py took 0.417 seconds
[2023-03-08T12:01:03.893+0000] {processor.py:153} INFO - Started process (PID=12827) to work on /home/airflow/.local/lib/python3.7/site-packages/airflow/example_dags/example_branch_operator.py
[2023-03-08T12:01:03.896+0000] {processor.py:743} INFO - Processing file /home/airflow/.local/lib/python3.7/site-packages/airflow/example_dags/example_branch_operator.py for tasks to queue
[2023-03-08T12:01:03.898+0000] {logging_mixin.py:137} INFO - [2023-03-08T12:01:03.898+0000] {dagbag.py:538} INFO - Filling up the DagBag from /home/airflow/.local/lib/python3.7/site-packages/airflow/example_dags/example_branch_operator.py
[2023-03-08T12:01:03.930+0000] {processor.py:753} INFO - DAG(s) dict_keys(['example_branch_operator']) retrieved from /home/airflow/.local/lib/python3.7/site-packages/airflow/example_dags/example_branch_operator.py
[2023-03-08T12:01:03.975+0000] {logging_mixin.py:137} INFO - [2023-03-08T12:01:03.975+0000] {dag.py:2690} INFO - Sync 1 DAGs
[2023-03-08T12:01:04.009+0000] {logging_mixin.py:137} INFO - [2023-03-08T12:01:04.009+0000] {dag.py:3441} INFO - Setting next_dagrun for example_branch_operator to 2023-03-07T00:00:00+00:00, run_after=2023-03-08T00:00:00+00:00
[2023-03-08T12:01:04.041+0000] {processor.py:175} INFO - Processing /home/airflow/.local/lib/python3.7/site-packages/airflow/example_dags/example_branch_operator.py took 0.154 seconds
[2023-03-08T12:01:34.321+0000] {processor.py:153} INFO - Started process (PID=12886) to work on /home/airflow/.local/lib/python3.7/site-packages/airflow/example_dags/example_branch_operator.py
[2023-03-08T12:01:34.328+0000] {processor.py:743} INFO - Processing file /home/airflow/.local/lib/python3.7/site-packages/airflow/example_dags/example_branch_operator.py for tasks to queue
[2023-03-08T12:01:34.331+0000] {logging_mixin.py:137} INFO - [2023-03-08T12:01:34.330+0000] {dagbag.py:538} INFO - Filling up the DagBag from /home/airflow/.local/lib/python3.7/site-packages/airflow/example_dags/example_branch_operator.py
[2023-03-08T12:01:34.353+0000] {processor.py:753} INFO - DAG(s) dict_keys(['example_branch_operator']) retrieved from /home/airflow/.local/lib/python3.7/site-packages/airflow/example_dags/example_branch_operator.py
[2023-03-08T12:01:34.386+0000] {logging_mixin.py:137} INFO - [2023-03-08T12:01:34.386+0000] {dag.py:2690} INFO - Sync 1 DAGs
[2023-03-08T12:01:34.415+0000] {logging_mixin.py:137} INFO - [2023-03-08T12:01:34.414+0000] {dag.py:3441} INFO - Setting next_dagrun for example_branch_operator to 2023-03-07T00:00:00+00:00, run_after=2023-03-08T00:00:00+00:00
[2023-03-08T12:01:34.439+0000] {processor.py:175} INFO - Processing /home/airflow/.local/lib/python3.7/site-packages/airflow/example_dags/example_branch_operator.py took 0.123 seconds
[2023-03-08T12:02:05.284+0000] {processor.py:153} INFO - Started process (PID=12944) to work on /home/airflow/.local/lib/python3.7/site-packages/airflow/example_dags/example_branch_operator.py
[2023-03-08T12:02:05.287+0000] {processor.py:743} INFO - Processing file /home/airflow/.local/lib/python3.7/site-packages/airflow/example_dags/example_branch_operator.py for tasks to queue
[2023-03-08T12:02:05.290+0000] {logging_mixin.py:137} INFO - [2023-03-08T12:02:05.290+0000] {dagbag.py:538} INFO - Filling up the DagBag from /home/airflow/.local/lib/python3.7/site-packages/airflow/example_dags/example_branch_operator.py
[2023-03-08T12:02:05.316+0000] {processor.py:753} INFO - DAG(s) dict_keys(['example_branch_operator']) retrieved from /home/airflow/.local/lib/python3.7/site-packages/airflow/example_dags/example_branch_operator.py
[2023-03-08T12:02:05.356+0000] {logging_mixin.py:137} INFO - [2023-03-08T12:02:05.356+0000] {dag.py:2690} INFO - Sync 1 DAGs
[2023-03-08T12:02:05.390+0000] {logging_mixin.py:137} INFO - [2023-03-08T12:02:05.390+0000] {dag.py:3441} INFO - Setting next_dagrun for example_branch_operator to 2023-03-07T00:00:00+00:00, run_after=2023-03-08T00:00:00+00:00
[2023-03-08T12:02:05.442+0000] {processor.py:175} INFO - Processing /home/airflow/.local/lib/python3.7/site-packages/airflow/example_dags/example_branch_operator.py took 0.165 seconds
[2023-03-08T12:02:35.895+0000] {processor.py:153} INFO - Started process (PID=13011) to work on /home/airflow/.local/lib/python3.7/site-packages/airflow/example_dags/example_branch_operator.py
[2023-03-08T12:02:35.898+0000] {processor.py:743} INFO - Processing file /home/airflow/.local/lib/python3.7/site-packages/airflow/example_dags/example_branch_operator.py for tasks to queue
[2023-03-08T12:02:35.904+0000] {logging_mixin.py:137} INFO - [2023-03-08T12:02:35.904+0000] {dagbag.py:538} INFO - Filling up the DagBag from /home/airflow/.local/lib/python3.7/site-packages/airflow/example_dags/example_branch_operator.py
[2023-03-08T12:02:35.929+0000] {processor.py:753} INFO - DAG(s) dict_keys(['example_branch_operator']) retrieved from /home/airflow/.local/lib/python3.7/site-packages/airflow/example_dags/example_branch_operator.py
[2023-03-08T12:02:35.965+0000] {logging_mixin.py:137} INFO - [2023-03-08T12:02:35.965+0000] {dag.py:2690} INFO - Sync 1 DAGs
[2023-03-08T12:02:35.995+0000] {logging_mixin.py:137} INFO - [2023-03-08T12:02:35.995+0000] {dag.py:3441} INFO - Setting next_dagrun for example_branch_operator to 2023-03-07T00:00:00+00:00, run_after=2023-03-08T00:00:00+00:00
[2023-03-08T12:02:36.024+0000] {processor.py:175} INFO - Processing /home/airflow/.local/lib/python3.7/site-packages/airflow/example_dags/example_branch_operator.py took 0.135 seconds
[2023-03-08T12:03:06.965+0000] {processor.py:153} INFO - Started process (PID=13071) to work on /home/airflow/.local/lib/python3.7/site-packages/airflow/example_dags/example_branch_operator.py
[2023-03-08T12:03:06.968+0000] {processor.py:743} INFO - Processing file /home/airflow/.local/lib/python3.7/site-packages/airflow/example_dags/example_branch_operator.py for tasks to queue
[2023-03-08T12:03:06.971+0000] {logging_mixin.py:137} INFO - [2023-03-08T12:03:06.971+0000] {dagbag.py:538} INFO - Filling up the DagBag from /home/airflow/.local/lib/python3.7/site-packages/airflow/example_dags/example_branch_operator.py
[2023-03-08T12:03:06.995+0000] {processor.py:753} INFO - DAG(s) dict_keys(['example_branch_operator']) retrieved from /home/airflow/.local/lib/python3.7/site-packages/airflow/example_dags/example_branch_operator.py
[2023-03-08T12:03:07.038+0000] {logging_mixin.py:137} INFO - [2023-03-08T12:03:07.038+0000] {dag.py:2690} INFO - Sync 1 DAGs
[2023-03-08T12:03:07.068+0000] {logging_mixin.py:137} INFO - [2023-03-08T12:03:07.068+0000] {dag.py:3441} INFO - Setting next_dagrun for example_branch_operator to 2023-03-07T00:00:00+00:00, run_after=2023-03-08T00:00:00+00:00
[2023-03-08T12:03:07.096+0000] {processor.py:175} INFO - Processing /home/airflow/.local/lib/python3.7/site-packages/airflow/example_dags/example_branch_operator.py took 0.137 seconds
[2023-03-08T12:03:37.727+0000] {processor.py:153} INFO - Started process (PID=13139) to work on /home/airflow/.local/lib/python3.7/site-packages/airflow/example_dags/example_branch_operator.py
[2023-03-08T12:03:37.731+0000] {processor.py:743} INFO - Processing file /home/airflow/.local/lib/python3.7/site-packages/airflow/example_dags/example_branch_operator.py for tasks to queue
[2023-03-08T12:03:37.733+0000] {logging_mixin.py:137} INFO - [2023-03-08T12:03:37.733+0000] {dagbag.py:538} INFO - Filling up the DagBag from /home/airflow/.local/lib/python3.7/site-packages/airflow/example_dags/example_branch_operator.py
[2023-03-08T12:03:37.777+0000] {processor.py:753} INFO - DAG(s) dict_keys(['example_branch_operator']) retrieved from /home/airflow/.local/lib/python3.7/site-packages/airflow/example_dags/example_branch_operator.py
[2023-03-08T12:03:37.825+0000] {logging_mixin.py:137} INFO - [2023-03-08T12:03:37.825+0000] {dag.py:2690} INFO - Sync 1 DAGs
[2023-03-08T12:03:37.868+0000] {logging_mixin.py:137} INFO - [2023-03-08T12:03:37.867+0000] {dag.py:3441} INFO - Setting next_dagrun for example_branch_operator to 2023-03-07T00:00:00+00:00, run_after=2023-03-08T00:00:00+00:00
[2023-03-08T12:03:37.923+0000] {processor.py:175} INFO - Processing /home/airflow/.local/lib/python3.7/site-packages/airflow/example_dags/example_branch_operator.py took 0.211 seconds
[2023-03-08T12:04:08.214+0000] {processor.py:153} INFO - Started process (PID=13197) to work on /home/airflow/.local/lib/python3.7/site-packages/airflow/example_dags/example_branch_operator.py
[2023-03-08T12:04:08.217+0000] {processor.py:743} INFO - Processing file /home/airflow/.local/lib/python3.7/site-packages/airflow/example_dags/example_branch_operator.py for tasks to queue
[2023-03-08T12:04:08.219+0000] {logging_mixin.py:137} INFO - [2023-03-08T12:04:08.219+0000] {dagbag.py:538} INFO - Filling up the DagBag from /home/airflow/.local/lib/python3.7/site-packages/airflow/example_dags/example_branch_operator.py
[2023-03-08T12:04:08.241+0000] {processor.py:753} INFO - DAG(s) dict_keys(['example_branch_operator']) retrieved from /home/airflow/.local/lib/python3.7/site-packages/airflow/example_dags/example_branch_operator.py
[2023-03-08T12:04:08.279+0000] {logging_mixin.py:137} INFO - [2023-03-08T12:04:08.279+0000] {dag.py:2690} INFO - Sync 1 DAGs
[2023-03-08T12:04:08.310+0000] {logging_mixin.py:137} INFO - [2023-03-08T12:04:08.310+0000] {dag.py:3441} INFO - Setting next_dagrun for example_branch_operator to 2023-03-07T00:00:00+00:00, run_after=2023-03-08T00:00:00+00:00
[2023-03-08T12:04:08.336+0000] {processor.py:175} INFO - Processing /home/airflow/.local/lib/python3.7/site-packages/airflow/example_dags/example_branch_operator.py took 0.127 seconds
[2023-03-08T12:04:38.399+0000] {processor.py:153} INFO - Started process (PID=13256) to work on /home/airflow/.local/lib/python3.7/site-packages/airflow/example_dags/example_branch_operator.py
[2023-03-08T12:04:38.402+0000] {processor.py:743} INFO - Processing file /home/airflow/.local/lib/python3.7/site-packages/airflow/example_dags/example_branch_operator.py for tasks to queue
[2023-03-08T12:04:38.406+0000] {logging_mixin.py:137} INFO - [2023-03-08T12:04:38.406+0000] {dagbag.py:538} INFO - Filling up the DagBag from /home/airflow/.local/lib/python3.7/site-packages/airflow/example_dags/example_branch_operator.py
[2023-03-08T12:04:38.443+0000] {processor.py:753} INFO - DAG(s) dict_keys(['example_branch_operator']) retrieved from /home/airflow/.local/lib/python3.7/site-packages/airflow/example_dags/example_branch_operator.py
[2023-03-08T12:04:38.485+0000] {logging_mixin.py:137} INFO - [2023-03-08T12:04:38.485+0000] {dag.py:2690} INFO - Sync 1 DAGs
[2023-03-08T12:04:38.518+0000] {logging_mixin.py:137} INFO - [2023-03-08T12:04:38.518+0000] {dag.py:3441} INFO - Setting next_dagrun for example_branch_operator to 2023-03-07T00:00:00+00:00, run_after=2023-03-08T00:00:00+00:00
[2023-03-08T12:04:38.550+0000] {processor.py:175} INFO - Processing /home/airflow/.local/lib/python3.7/site-packages/airflow/example_dags/example_branch_operator.py took 0.158 seconds
[2023-03-08T12:05:08.741+0000] {processor.py:153} INFO - Started process (PID=13323) to work on /home/airflow/.local/lib/python3.7/site-packages/airflow/example_dags/example_branch_operator.py
[2023-03-08T12:05:08.745+0000] {processor.py:743} INFO - Processing file /home/airflow/.local/lib/python3.7/site-packages/airflow/example_dags/example_branch_operator.py for tasks to queue
[2023-03-08T12:05:08.750+0000] {logging_mixin.py:137} INFO - [2023-03-08T12:05:08.749+0000] {dagbag.py:538} INFO - Filling up the DagBag from /home/airflow/.local/lib/python3.7/site-packages/airflow/example_dags/example_branch_operator.py
[2023-03-08T12:05:08.804+0000] {processor.py:753} INFO - DAG(s) dict_keys(['example_branch_operator']) retrieved from /home/airflow/.local/lib/python3.7/site-packages/airflow/example_dags/example_branch_operator.py
[2023-03-08T12:05:08.887+0000] {logging_mixin.py:137} INFO - [2023-03-08T12:05:08.887+0000] {dag.py:2690} INFO - Sync 1 DAGs
[2023-03-08T12:05:08.924+0000] {logging_mixin.py:137} INFO - [2023-03-08T12:05:08.924+0000] {dag.py:3441} INFO - Setting next_dagrun for example_branch_operator to 2023-03-07T00:00:00+00:00, run_after=2023-03-08T00:00:00+00:00
[2023-03-08T12:05:08.982+0000] {processor.py:175} INFO - Processing /home/airflow/.local/lib/python3.7/site-packages/airflow/example_dags/example_branch_operator.py took 0.255 seconds
[2023-03-08T12:05:39.482+0000] {processor.py:153} INFO - Started process (PID=13382) to work on /home/airflow/.local/lib/python3.7/site-packages/airflow/example_dags/example_branch_operator.py
[2023-03-08T12:05:39.485+0000] {processor.py:743} INFO - Processing file /home/airflow/.local/lib/python3.7/site-packages/airflow/example_dags/example_branch_operator.py for tasks to queue
[2023-03-08T12:05:39.488+0000] {logging_mixin.py:137} INFO - [2023-03-08T12:05:39.488+0000] {dagbag.py:538} INFO - Filling up the DagBag from /home/airflow/.local/lib/python3.7/site-packages/airflow/example_dags/example_branch_operator.py
[2023-03-08T12:05:39.511+0000] {processor.py:753} INFO - DAG(s) dict_keys(['example_branch_operator']) retrieved from /home/airflow/.local/lib/python3.7/site-packages/airflow/example_dags/example_branch_operator.py
[2023-03-08T12:05:39.551+0000] {logging_mixin.py:137} INFO - [2023-03-08T12:05:39.551+0000] {dag.py:2690} INFO - Sync 1 DAGs
[2023-03-08T12:05:39.582+0000] {logging_mixin.py:137} INFO - [2023-03-08T12:05:39.582+0000] {dag.py:3441} INFO - Setting next_dagrun for example_branch_operator to 2023-03-07T00:00:00+00:00, run_after=2023-03-08T00:00:00+00:00
[2023-03-08T12:05:39.613+0000] {processor.py:175} INFO - Processing /home/airflow/.local/lib/python3.7/site-packages/airflow/example_dags/example_branch_operator.py took 0.134 seconds
[2023-03-08T12:06:10.408+0000] {processor.py:153} INFO - Started process (PID=13441) to work on /home/airflow/.local/lib/python3.7/site-packages/airflow/example_dags/example_branch_operator.py
[2023-03-08T12:06:10.410+0000] {processor.py:743} INFO - Processing file /home/airflow/.local/lib/python3.7/site-packages/airflow/example_dags/example_branch_operator.py for tasks to queue
[2023-03-08T12:06:10.414+0000] {logging_mixin.py:137} INFO - [2023-03-08T12:06:10.413+0000] {dagbag.py:538} INFO - Filling up the DagBag from /home/airflow/.local/lib/python3.7/site-packages/airflow/example_dags/example_branch_operator.py
[2023-03-08T12:06:10.440+0000] {processor.py:753} INFO - DAG(s) dict_keys(['example_branch_operator']) retrieved from /home/airflow/.local/lib/python3.7/site-packages/airflow/example_dags/example_branch_operator.py
[2023-03-08T12:06:10.475+0000] {logging_mixin.py:137} INFO - [2023-03-08T12:06:10.474+0000] {dag.py:2690} INFO - Sync 1 DAGs
[2023-03-08T12:06:10.516+0000] {logging_mixin.py:137} INFO - [2023-03-08T12:06:10.516+0000] {dag.py:3441} INFO - Setting next_dagrun for example_branch_operator to 2023-03-07T00:00:00+00:00, run_after=2023-03-08T00:00:00+00:00
[2023-03-08T12:06:10.546+0000] {processor.py:175} INFO - Processing /home/airflow/.local/lib/python3.7/site-packages/airflow/example_dags/example_branch_operator.py took 0.145 seconds
[2023-03-08T12:06:41.117+0000] {processor.py:153} INFO - Started process (PID=13507) to work on /home/airflow/.local/lib/python3.7/site-packages/airflow/example_dags/example_branch_operator.py
[2023-03-08T12:06:41.121+0000] {processor.py:743} INFO - Processing file /home/airflow/.local/lib/python3.7/site-packages/airflow/example_dags/example_branch_operator.py for tasks to queue
[2023-03-08T12:06:41.129+0000] {logging_mixin.py:137} INFO - [2023-03-08T12:06:41.128+0000] {dagbag.py:538} INFO - Filling up the DagBag from /home/airflow/.local/lib/python3.7/site-packages/airflow/example_dags/example_branch_operator.py
[2023-03-08T12:06:41.175+0000] {processor.py:753} INFO - DAG(s) dict_keys(['example_branch_operator']) retrieved from /home/airflow/.local/lib/python3.7/site-packages/airflow/example_dags/example_branch_operator.py
[2023-03-08T12:06:41.255+0000] {logging_mixin.py:137} INFO - [2023-03-08T12:06:41.254+0000] {dag.py:2690} INFO - Sync 1 DAGs
[2023-03-08T12:06:41.289+0000] {logging_mixin.py:137} INFO - [2023-03-08T12:06:41.288+0000] {dag.py:3441} INFO - Setting next_dagrun for example_branch_operator to 2023-03-07T00:00:00+00:00, run_after=2023-03-08T00:00:00+00:00
[2023-03-08T12:06:41.334+0000] {processor.py:175} INFO - Processing /home/airflow/.local/lib/python3.7/site-packages/airflow/example_dags/example_branch_operator.py took 0.225 seconds
[2023-03-08T12:07:11.509+0000] {processor.py:153} INFO - Started process (PID=13565) to work on /home/airflow/.local/lib/python3.7/site-packages/airflow/example_dags/example_branch_operator.py
[2023-03-08T12:07:11.512+0000] {processor.py:743} INFO - Processing file /home/airflow/.local/lib/python3.7/site-packages/airflow/example_dags/example_branch_operator.py for tasks to queue
[2023-03-08T12:07:11.516+0000] {logging_mixin.py:137} INFO - [2023-03-08T12:07:11.516+0000] {dagbag.py:538} INFO - Filling up the DagBag from /home/airflow/.local/lib/python3.7/site-packages/airflow/example_dags/example_branch_operator.py
[2023-03-08T12:07:11.557+0000] {processor.py:753} INFO - DAG(s) dict_keys(['example_branch_operator']) retrieved from /home/airflow/.local/lib/python3.7/site-packages/airflow/example_dags/example_branch_operator.py
[2023-03-08T12:07:11.614+0000] {logging_mixin.py:137} INFO - [2023-03-08T12:07:11.614+0000] {dag.py:2690} INFO - Sync 1 DAGs
[2023-03-08T12:07:11.655+0000] {logging_mixin.py:137} INFO - [2023-03-08T12:07:11.655+0000] {dag.py:3441} INFO - Setting next_dagrun for example_branch_operator to 2023-03-07T00:00:00+00:00, run_after=2023-03-08T00:00:00+00:00
[2023-03-08T12:07:11.707+0000] {processor.py:175} INFO - Processing /home/airflow/.local/lib/python3.7/site-packages/airflow/example_dags/example_branch_operator.py took 0.206 seconds
[2023-03-08T12:07:42.448+0000] {processor.py:153} INFO - Started process (PID=13624) to work on /home/airflow/.local/lib/python3.7/site-packages/airflow/example_dags/example_branch_operator.py
[2023-03-08T12:07:42.450+0000] {processor.py:743} INFO - Processing file /home/airflow/.local/lib/python3.7/site-packages/airflow/example_dags/example_branch_operator.py for tasks to queue
[2023-03-08T12:07:42.453+0000] {logging_mixin.py:137} INFO - [2023-03-08T12:07:42.453+0000] {dagbag.py:538} INFO - Filling up the DagBag from /home/airflow/.local/lib/python3.7/site-packages/airflow/example_dags/example_branch_operator.py
[2023-03-08T12:07:42.478+0000] {processor.py:753} INFO - DAG(s) dict_keys(['example_branch_operator']) retrieved from /home/airflow/.local/lib/python3.7/site-packages/airflow/example_dags/example_branch_operator.py
[2023-03-08T12:07:42.513+0000] {logging_mixin.py:137} INFO - [2023-03-08T12:07:42.513+0000] {dag.py:2690} INFO - Sync 1 DAGs
[2023-03-08T12:07:42.545+0000] {logging_mixin.py:137} INFO - [2023-03-08T12:07:42.545+0000] {dag.py:3441} INFO - Setting next_dagrun for example_branch_operator to 2023-03-07T00:00:00+00:00, run_after=2023-03-08T00:00:00+00:00
[2023-03-08T12:07:42.572+0000] {processor.py:175} INFO - Processing /home/airflow/.local/lib/python3.7/site-packages/airflow/example_dags/example_branch_operator.py took 0.131 seconds
[2023-03-08T12:08:13.116+0000] {processor.py:153} INFO - Started process (PID=13682) to work on /home/airflow/.local/lib/python3.7/site-packages/airflow/example_dags/example_branch_operator.py
[2023-03-08T12:08:13.119+0000] {processor.py:743} INFO - Processing file /home/airflow/.local/lib/python3.7/site-packages/airflow/example_dags/example_branch_operator.py for tasks to queue
[2023-03-08T12:08:13.121+0000] {logging_mixin.py:137} INFO - [2023-03-08T12:08:13.121+0000] {dagbag.py:538} INFO - Filling up the DagBag from /home/airflow/.local/lib/python3.7/site-packages/airflow/example_dags/example_branch_operator.py
[2023-03-08T12:08:13.144+0000] {processor.py:753} INFO - DAG(s) dict_keys(['example_branch_operator']) retrieved from /home/airflow/.local/lib/python3.7/site-packages/airflow/example_dags/example_branch_operator.py
[2023-03-08T12:08:13.178+0000] {logging_mixin.py:137} INFO - [2023-03-08T12:08:13.177+0000] {dag.py:2690} INFO - Sync 1 DAGs
[2023-03-08T12:08:13.206+0000] {logging_mixin.py:137} INFO - [2023-03-08T12:08:13.206+0000] {dag.py:3441} INFO - Setting next_dagrun for example_branch_operator to 2023-03-07T00:00:00+00:00, run_after=2023-03-08T00:00:00+00:00
[2023-03-08T12:08:13.233+0000] {processor.py:175} INFO - Processing /home/airflow/.local/lib/python3.7/site-packages/airflow/example_dags/example_branch_operator.py took 0.122 seconds
[2023-03-08T12:08:44.747+0000] {processor.py:153} INFO - Started process (PID=13750) to work on /home/airflow/.local/lib/python3.7/site-packages/airflow/example_dags/example_branch_operator.py
[2023-03-08T12:08:44.758+0000] {processor.py:743} INFO - Processing file /home/airflow/.local/lib/python3.7/site-packages/airflow/example_dags/example_branch_operator.py for tasks to queue
[2023-03-08T12:08:44.767+0000] {logging_mixin.py:137} INFO - [2023-03-08T12:08:44.766+0000] {dagbag.py:538} INFO - Filling up the DagBag from /home/airflow/.local/lib/python3.7/site-packages/airflow/example_dags/example_branch_operator.py
[2023-03-08T12:08:44.871+0000] {processor.py:753} INFO - DAG(s) dict_keys(['example_branch_operator']) retrieved from /home/airflow/.local/lib/python3.7/site-packages/airflow/example_dags/example_branch_operator.py
[2023-03-08T12:08:44.988+0000] {logging_mixin.py:137} INFO - [2023-03-08T12:08:44.988+0000] {dag.py:2690} INFO - Sync 1 DAGs
[2023-03-08T12:08:45.084+0000] {logging_mixin.py:137} INFO - [2023-03-08T12:08:45.084+0000] {dag.py:3441} INFO - Setting next_dagrun for example_branch_operator to 2023-03-07T00:00:00+00:00, run_after=2023-03-08T00:00:00+00:00
[2023-03-08T12:08:45.164+0000] {processor.py:175} INFO - Processing /home/airflow/.local/lib/python3.7/site-packages/airflow/example_dags/example_branch_operator.py took 0.433 seconds
[2023-03-08T12:09:15.532+0000] {processor.py:153} INFO - Started process (PID=13810) to work on /home/airflow/.local/lib/python3.7/site-packages/airflow/example_dags/example_branch_operator.py
[2023-03-08T12:09:15.534+0000] {processor.py:743} INFO - Processing file /home/airflow/.local/lib/python3.7/site-packages/airflow/example_dags/example_branch_operator.py for tasks to queue
[2023-03-08T12:09:15.538+0000] {logging_mixin.py:137} INFO - [2023-03-08T12:09:15.537+0000] {dagbag.py:538} INFO - Filling up the DagBag from /home/airflow/.local/lib/python3.7/site-packages/airflow/example_dags/example_branch_operator.py
[2023-03-08T12:09:15.568+0000] {processor.py:753} INFO - DAG(s) dict_keys(['example_branch_operator']) retrieved from /home/airflow/.local/lib/python3.7/site-packages/airflow/example_dags/example_branch_operator.py
[2023-03-08T12:09:15.614+0000] {logging_mixin.py:137} INFO - [2023-03-08T12:09:15.614+0000] {dag.py:2690} INFO - Sync 1 DAGs
[2023-03-08T12:09:15.652+0000] {logging_mixin.py:137} INFO - [2023-03-08T12:09:15.652+0000] {dag.py:3441} INFO - Setting next_dagrun for example_branch_operator to 2023-03-07T00:00:00+00:00, run_after=2023-03-08T00:00:00+00:00
[2023-03-08T12:09:15.689+0000] {processor.py:175} INFO - Processing /home/airflow/.local/lib/python3.7/site-packages/airflow/example_dags/example_branch_operator.py took 0.166 seconds
[2023-03-08T12:09:45.880+0000] {processor.py:153} INFO - Started process (PID=13868) to work on /home/airflow/.local/lib/python3.7/site-packages/airflow/example_dags/example_branch_operator.py
[2023-03-08T12:09:45.883+0000] {processor.py:743} INFO - Processing file /home/airflow/.local/lib/python3.7/site-packages/airflow/example_dags/example_branch_operator.py for tasks to queue
[2023-03-08T12:09:45.886+0000] {logging_mixin.py:137} INFO - [2023-03-08T12:09:45.885+0000] {dagbag.py:538} INFO - Filling up the DagBag from /home/airflow/.local/lib/python3.7/site-packages/airflow/example_dags/example_branch_operator.py
[2023-03-08T12:09:45.913+0000] {processor.py:753} INFO - DAG(s) dict_keys(['example_branch_operator']) retrieved from /home/airflow/.local/lib/python3.7/site-packages/airflow/example_dags/example_branch_operator.py
[2023-03-08T12:09:45.955+0000] {logging_mixin.py:137} INFO - [2023-03-08T12:09:45.955+0000] {dag.py:2690} INFO - Sync 1 DAGs
[2023-03-08T12:09:45.988+0000] {logging_mixin.py:137} INFO - [2023-03-08T12:09:45.988+0000] {dag.py:3441} INFO - Setting next_dagrun for example_branch_operator to 2023-03-07T00:00:00+00:00, run_after=2023-03-08T00:00:00+00:00
[2023-03-08T12:09:46.024+0000] {processor.py:175} INFO - Processing /home/airflow/.local/lib/python3.7/site-packages/airflow/example_dags/example_branch_operator.py took 0.154 seconds
[2023-03-08T12:10:16.630+0000] {processor.py:153} INFO - Started process (PID=13937) to work on /home/airflow/.local/lib/python3.7/site-packages/airflow/example_dags/example_branch_operator.py
[2023-03-08T12:10:16.638+0000] {processor.py:743} INFO - Processing file /home/airflow/.local/lib/python3.7/site-packages/airflow/example_dags/example_branch_operator.py for tasks to queue
[2023-03-08T12:10:16.641+0000] {logging_mixin.py:137} INFO - [2023-03-08T12:10:16.641+0000] {dagbag.py:538} INFO - Filling up the DagBag from /home/airflow/.local/lib/python3.7/site-packages/airflow/example_dags/example_branch_operator.py
[2023-03-08T12:10:16.695+0000] {processor.py:753} INFO - DAG(s) dict_keys(['example_branch_operator']) retrieved from /home/airflow/.local/lib/python3.7/site-packages/airflow/example_dags/example_branch_operator.py
[2023-03-08T12:10:16.772+0000] {logging_mixin.py:137} INFO - [2023-03-08T12:10:16.772+0000] {dag.py:2690} INFO - Sync 1 DAGs
[2023-03-08T12:10:16.840+0000] {logging_mixin.py:137} INFO - [2023-03-08T12:10:16.840+0000] {dag.py:3441} INFO - Setting next_dagrun for example_branch_operator to 2023-03-07T00:00:00+00:00, run_after=2023-03-08T00:00:00+00:00
[2023-03-08T12:10:16.878+0000] {processor.py:175} INFO - Processing /home/airflow/.local/lib/python3.7/site-packages/airflow/example_dags/example_branch_operator.py took 0.254 seconds
[2023-03-08T12:10:47.545+0000] {processor.py:153} INFO - Started process (PID=13997) to work on /home/airflow/.local/lib/python3.7/site-packages/airflow/example_dags/example_branch_operator.py
[2023-03-08T12:10:47.549+0000] {processor.py:743} INFO - Processing file /home/airflow/.local/lib/python3.7/site-packages/airflow/example_dags/example_branch_operator.py for tasks to queue
[2023-03-08T12:10:47.554+0000] {logging_mixin.py:137} INFO - [2023-03-08T12:10:47.552+0000] {dagbag.py:538} INFO - Filling up the DagBag from /home/airflow/.local/lib/python3.7/site-packages/airflow/example_dags/example_branch_operator.py
[2023-03-08T12:10:47.587+0000] {processor.py:753} INFO - DAG(s) dict_keys(['example_branch_operator']) retrieved from /home/airflow/.local/lib/python3.7/site-packages/airflow/example_dags/example_branch_operator.py
[2023-03-08T12:10:47.621+0000] {logging_mixin.py:137} INFO - [2023-03-08T12:10:47.621+0000] {dag.py:2690} INFO - Sync 1 DAGs
[2023-03-08T12:10:47.663+0000] {logging_mixin.py:137} INFO - [2023-03-08T12:10:47.662+0000] {dag.py:3441} INFO - Setting next_dagrun for example_branch_operator to 2023-03-07T00:00:00+00:00, run_after=2023-03-08T00:00:00+00:00
[2023-03-08T12:10:47.696+0000] {processor.py:175} INFO - Processing /home/airflow/.local/lib/python3.7/site-packages/airflow/example_dags/example_branch_operator.py took 0.162 seconds
[2023-03-08T12:11:18.561+0000] {processor.py:153} INFO - Started process (PID=14061) to work on /home/airflow/.local/lib/python3.7/site-packages/airflow/example_dags/example_branch_operator.py
[2023-03-08T12:11:18.567+0000] {processor.py:743} INFO - Processing file /home/airflow/.local/lib/python3.7/site-packages/airflow/example_dags/example_branch_operator.py for tasks to queue
[2023-03-08T12:11:18.572+0000] {logging_mixin.py:137} INFO - [2023-03-08T12:11:18.571+0000] {dagbag.py:538} INFO - Filling up the DagBag from /home/airflow/.local/lib/python3.7/site-packages/airflow/example_dags/example_branch_operator.py
[2023-03-08T12:11:18.619+0000] {processor.py:753} INFO - DAG(s) dict_keys(['example_branch_operator']) retrieved from /home/airflow/.local/lib/python3.7/site-packages/airflow/example_dags/example_branch_operator.py
[2023-03-08T12:11:18.680+0000] {logging_mixin.py:137} INFO - [2023-03-08T12:11:18.680+0000] {dag.py:2690} INFO - Sync 1 DAGs
[2023-03-08T12:11:18.728+0000] {logging_mixin.py:137} INFO - [2023-03-08T12:11:18.728+0000] {dag.py:3441} INFO - Setting next_dagrun for example_branch_operator to 2023-03-07T00:00:00+00:00, run_after=2023-03-08T00:00:00+00:00
[2023-03-08T12:11:18.765+0000] {processor.py:175} INFO - Processing /home/airflow/.local/lib/python3.7/site-packages/airflow/example_dags/example_branch_operator.py took 0.207 seconds
[2023-03-08T12:11:49.134+0000] {processor.py:153} INFO - Started process (PID=14123) to work on /home/airflow/.local/lib/python3.7/site-packages/airflow/example_dags/example_branch_operator.py
[2023-03-08T12:11:49.137+0000] {processor.py:743} INFO - Processing file /home/airflow/.local/lib/python3.7/site-packages/airflow/example_dags/example_branch_operator.py for tasks to queue
[2023-03-08T12:11:49.139+0000] {logging_mixin.py:137} INFO - [2023-03-08T12:11:49.139+0000] {dagbag.py:538} INFO - Filling up the DagBag from /home/airflow/.local/lib/python3.7/site-packages/airflow/example_dags/example_branch_operator.py
[2023-03-08T12:11:49.169+0000] {processor.py:753} INFO - DAG(s) dict_keys(['example_branch_operator']) retrieved from /home/airflow/.local/lib/python3.7/site-packages/airflow/example_dags/example_branch_operator.py
[2023-03-08T12:11:49.203+0000] {logging_mixin.py:137} INFO - [2023-03-08T12:11:49.203+0000] {dag.py:2690} INFO - Sync 1 DAGs
[2023-03-08T12:11:49.235+0000] {logging_mixin.py:137} INFO - [2023-03-08T12:11:49.235+0000] {dag.py:3441} INFO - Setting next_dagrun for example_branch_operator to 2023-03-07T00:00:00+00:00, run_after=2023-03-08T00:00:00+00:00
[2023-03-08T12:11:49.273+0000] {processor.py:175} INFO - Processing /home/airflow/.local/lib/python3.7/site-packages/airflow/example_dags/example_branch_operator.py took 0.142 seconds
[2023-03-08T12:12:19.825+0000] {processor.py:153} INFO - Started process (PID=14182) to work on /home/airflow/.local/lib/python3.7/site-packages/airflow/example_dags/example_branch_operator.py
[2023-03-08T12:12:19.831+0000] {processor.py:743} INFO - Processing file /home/airflow/.local/lib/python3.7/site-packages/airflow/example_dags/example_branch_operator.py for tasks to queue
[2023-03-08T12:12:19.836+0000] {logging_mixin.py:137} INFO - [2023-03-08T12:12:19.836+0000] {dagbag.py:538} INFO - Filling up the DagBag from /home/airflow/.local/lib/python3.7/site-packages/airflow/example_dags/example_branch_operator.py
[2023-03-08T12:12:19.903+0000] {processor.py:753} INFO - DAG(s) dict_keys(['example_branch_operator']) retrieved from /home/airflow/.local/lib/python3.7/site-packages/airflow/example_dags/example_branch_operator.py
[2023-03-08T12:12:19.975+0000] {logging_mixin.py:137} INFO - [2023-03-08T12:12:19.975+0000] {dag.py:2690} INFO - Sync 1 DAGs
[2023-03-08T12:12:20.043+0000] {logging_mixin.py:137} INFO - [2023-03-08T12:12:20.043+0000] {dag.py:3441} INFO - Setting next_dagrun for example_branch_operator to 2023-03-07T00:00:00+00:00, run_after=2023-03-08T00:00:00+00:00
[2023-03-08T12:12:20.091+0000] {processor.py:175} INFO - Processing /home/airflow/.local/lib/python3.7/site-packages/airflow/example_dags/example_branch_operator.py took 0.277 seconds
[2023-03-08T12:12:50.288+0000] {processor.py:153} INFO - Started process (PID=14240) to work on /home/airflow/.local/lib/python3.7/site-packages/airflow/example_dags/example_branch_operator.py
[2023-03-08T12:12:50.293+0000] {processor.py:743} INFO - Processing file /home/airflow/.local/lib/python3.7/site-packages/airflow/example_dags/example_branch_operator.py for tasks to queue
[2023-03-08T12:12:50.297+0000] {logging_mixin.py:137} INFO - [2023-03-08T12:12:50.297+0000] {dagbag.py:538} INFO - Filling up the DagBag from /home/airflow/.local/lib/python3.7/site-packages/airflow/example_dags/example_branch_operator.py
[2023-03-08T12:12:50.342+0000] {processor.py:753} INFO - DAG(s) dict_keys(['example_branch_operator']) retrieved from /home/airflow/.local/lib/python3.7/site-packages/airflow/example_dags/example_branch_operator.py
[2023-03-08T12:12:50.421+0000] {logging_mixin.py:137} INFO - [2023-03-08T12:12:50.421+0000] {dag.py:2690} INFO - Sync 1 DAGs
[2023-03-08T12:12:50.490+0000] {logging_mixin.py:137} INFO - [2023-03-08T12:12:50.490+0000] {dag.py:3441} INFO - Setting next_dagrun for example_branch_operator to 2023-03-07T00:00:00+00:00, run_after=2023-03-08T00:00:00+00:00
[2023-03-08T12:12:50.562+0000] {processor.py:175} INFO - Processing /home/airflow/.local/lib/python3.7/site-packages/airflow/example_dags/example_branch_operator.py took 0.294 seconds
[2023-03-08T12:13:21.527+0000] {processor.py:153} INFO - Started process (PID=14309) to work on /home/airflow/.local/lib/python3.7/site-packages/airflow/example_dags/example_branch_operator.py
[2023-03-08T12:13:21.530+0000] {processor.py:743} INFO - Processing file /home/airflow/.local/lib/python3.7/site-packages/airflow/example_dags/example_branch_operator.py for tasks to queue
[2023-03-08T12:13:21.532+0000] {logging_mixin.py:137} INFO - [2023-03-08T12:13:21.532+0000] {dagbag.py:538} INFO - Filling up the DagBag from /home/airflow/.local/lib/python3.7/site-packages/airflow/example_dags/example_branch_operator.py
[2023-03-08T12:13:21.555+0000] {processor.py:753} INFO - DAG(s) dict_keys(['example_branch_operator']) retrieved from /home/airflow/.local/lib/python3.7/site-packages/airflow/example_dags/example_branch_operator.py
[2023-03-08T12:13:21.591+0000] {logging_mixin.py:137} INFO - [2023-03-08T12:13:21.591+0000] {dag.py:2690} INFO - Sync 1 DAGs
[2023-03-08T12:13:21.622+0000] {logging_mixin.py:137} INFO - [2023-03-08T12:13:21.622+0000] {dag.py:3441} INFO - Setting next_dagrun for example_branch_operator to 2023-03-07T00:00:00+00:00, run_after=2023-03-08T00:00:00+00:00
[2023-03-08T12:13:21.652+0000] {processor.py:175} INFO - Processing /home/airflow/.local/lib/python3.7/site-packages/airflow/example_dags/example_branch_operator.py took 0.129 seconds
[2023-03-08T12:13:51.915+0000] {processor.py:153} INFO - Started process (PID=14368) to work on /home/airflow/.local/lib/python3.7/site-packages/airflow/example_dags/example_branch_operator.py
[2023-03-08T12:13:51.919+0000] {processor.py:743} INFO - Processing file /home/airflow/.local/lib/python3.7/site-packages/airflow/example_dags/example_branch_operator.py for tasks to queue
[2023-03-08T12:13:51.927+0000] {logging_mixin.py:137} INFO - [2023-03-08T12:13:51.926+0000] {dagbag.py:538} INFO - Filling up the DagBag from /home/airflow/.local/lib/python3.7/site-packages/airflow/example_dags/example_branch_operator.py
[2023-03-08T12:13:51.971+0000] {processor.py:753} INFO - DAG(s) dict_keys(['example_branch_operator']) retrieved from /home/airflow/.local/lib/python3.7/site-packages/airflow/example_dags/example_branch_operator.py
[2023-03-08T12:13:52.028+0000] {logging_mixin.py:137} INFO - [2023-03-08T12:13:52.028+0000] {dag.py:2690} INFO - Sync 1 DAGs
[2023-03-08T12:13:52.076+0000] {logging_mixin.py:137} INFO - [2023-03-08T12:13:52.075+0000] {dag.py:3441} INFO - Setting next_dagrun for example_branch_operator to 2023-03-07T00:00:00+00:00, run_after=2023-03-08T00:00:00+00:00
[2023-03-08T12:13:52.110+0000] {processor.py:175} INFO - Processing /home/airflow/.local/lib/python3.7/site-packages/airflow/example_dags/example_branch_operator.py took 0.203 seconds
[2023-03-08T12:14:25.440+0000] {processor.py:153} INFO - Started process (PID=14426) to work on /home/airflow/.local/lib/python3.7/site-packages/airflow/example_dags/example_branch_operator.py
[2023-03-08T12:14:25.444+0000] {processor.py:743} INFO - Processing file /home/airflow/.local/lib/python3.7/site-packages/airflow/example_dags/example_branch_operator.py for tasks to queue
[2023-03-08T12:14:25.448+0000] {logging_mixin.py:137} INFO - [2023-03-08T12:14:25.448+0000] {dagbag.py:538} INFO - Filling up the DagBag from /home/airflow/.local/lib/python3.7/site-packages/airflow/example_dags/example_branch_operator.py
[2023-03-08T12:14:25.510+0000] {processor.py:753} INFO - DAG(s) dict_keys(['example_branch_operator']) retrieved from /home/airflow/.local/lib/python3.7/site-packages/airflow/example_dags/example_branch_operator.py
[2023-03-08T12:14:25.594+0000] {logging_mixin.py:137} INFO - [2023-03-08T12:14:25.594+0000] {dag.py:2690} INFO - Sync 1 DAGs
[2023-03-08T12:14:25.662+0000] {logging_mixin.py:137} INFO - [2023-03-08T12:14:25.662+0000] {dag.py:3441} INFO - Setting next_dagrun for example_branch_operator to 2023-03-07T00:00:00+00:00, run_after=2023-03-08T00:00:00+00:00
[2023-03-08T12:14:25.741+0000] {processor.py:175} INFO - Processing /home/airflow/.local/lib/python3.7/site-packages/airflow/example_dags/example_branch_operator.py took 0.324 seconds
[2023-03-08T12:14:56.583+0000] {processor.py:153} INFO - Started process (PID=14493) to work on /home/airflow/.local/lib/python3.7/site-packages/airflow/example_dags/example_branch_operator.py
[2023-03-08T12:14:56.588+0000] {processor.py:743} INFO - Processing file /home/airflow/.local/lib/python3.7/site-packages/airflow/example_dags/example_branch_operator.py for tasks to queue
[2023-03-08T12:14:56.591+0000] {logging_mixin.py:137} INFO - [2023-03-08T12:14:56.591+0000] {dagbag.py:538} INFO - Filling up the DagBag from /home/airflow/.local/lib/python3.7/site-packages/airflow/example_dags/example_branch_operator.py
[2023-03-08T12:14:56.650+0000] {processor.py:753} INFO - DAG(s) dict_keys(['example_branch_operator']) retrieved from /home/airflow/.local/lib/python3.7/site-packages/airflow/example_dags/example_branch_operator.py
[2023-03-08T12:14:56.729+0000] {logging_mixin.py:137} INFO - [2023-03-08T12:14:56.728+0000] {dag.py:2690} INFO - Sync 1 DAGs
[2023-03-08T12:14:56.790+0000] {logging_mixin.py:137} INFO - [2023-03-08T12:14:56.790+0000] {dag.py:3441} INFO - Setting next_dagrun for example_branch_operator to 2023-03-07T00:00:00+00:00, run_after=2023-03-08T00:00:00+00:00
[2023-03-08T12:14:56.817+0000] {processor.py:175} INFO - Processing /home/airflow/.local/lib/python3.7/site-packages/airflow/example_dags/example_branch_operator.py took 0.251 seconds
[2023-03-08T12:15:27.208+0000] {processor.py:153} INFO - Started process (PID=14554) to work on /home/airflow/.local/lib/python3.7/site-packages/airflow/example_dags/example_branch_operator.py
[2023-03-08T12:15:27.210+0000] {processor.py:743} INFO - Processing file /home/airflow/.local/lib/python3.7/site-packages/airflow/example_dags/example_branch_operator.py for tasks to queue
[2023-03-08T12:15:27.213+0000] {logging_mixin.py:137} INFO - [2023-03-08T12:15:27.213+0000] {dagbag.py:538} INFO - Filling up the DagBag from /home/airflow/.local/lib/python3.7/site-packages/airflow/example_dags/example_branch_operator.py
[2023-03-08T12:15:27.239+0000] {processor.py:753} INFO - DAG(s) dict_keys(['example_branch_operator']) retrieved from /home/airflow/.local/lib/python3.7/site-packages/airflow/example_dags/example_branch_operator.py
[2023-03-08T12:15:27.306+0000] {logging_mixin.py:137} INFO - [2023-03-08T12:15:27.306+0000] {dag.py:2690} INFO - Sync 1 DAGs
[2023-03-08T12:15:27.347+0000] {logging_mixin.py:137} INFO - [2023-03-08T12:15:27.347+0000] {dag.py:3441} INFO - Setting next_dagrun for example_branch_operator to 2023-03-07T00:00:00+00:00, run_after=2023-03-08T00:00:00+00:00
[2023-03-08T12:15:27.379+0000] {processor.py:175} INFO - Processing /home/airflow/.local/lib/python3.7/site-packages/airflow/example_dags/example_branch_operator.py took 0.182 seconds
[2023-03-08T12:15:57.733+0000] {processor.py:153} INFO - Started process (PID=14613) to work on /home/airflow/.local/lib/python3.7/site-packages/airflow/example_dags/example_branch_operator.py
[2023-03-08T12:15:57.737+0000] {processor.py:743} INFO - Processing file /home/airflow/.local/lib/python3.7/site-packages/airflow/example_dags/example_branch_operator.py for tasks to queue
[2023-03-08T12:15:57.740+0000] {logging_mixin.py:137} INFO - [2023-03-08T12:15:57.740+0000] {dagbag.py:538} INFO - Filling up the DagBag from /home/airflow/.local/lib/python3.7/site-packages/airflow/example_dags/example_branch_operator.py
[2023-03-08T12:15:57.823+0000] {processor.py:753} INFO - DAG(s) dict_keys(['example_branch_operator']) retrieved from /home/airflow/.local/lib/python3.7/site-packages/airflow/example_dags/example_branch_operator.py
[2023-03-08T12:15:57.863+0000] {logging_mixin.py:137} INFO - [2023-03-08T12:15:57.863+0000] {dag.py:2690} INFO - Sync 1 DAGs
[2023-03-08T12:15:57.904+0000] {logging_mixin.py:137} INFO - [2023-03-08T12:15:57.904+0000] {dag.py:3441} INFO - Setting next_dagrun for example_branch_operator to 2023-03-07T00:00:00+00:00, run_after=2023-03-08T00:00:00+00:00
[2023-03-08T12:15:57.937+0000] {processor.py:175} INFO - Processing /home/airflow/.local/lib/python3.7/site-packages/airflow/example_dags/example_branch_operator.py took 0.221 seconds
[2023-03-08T12:16:28.604+0000] {processor.py:153} INFO - Started process (PID=14682) to work on /home/airflow/.local/lib/python3.7/site-packages/airflow/example_dags/example_branch_operator.py
[2023-03-08T12:16:28.606+0000] {processor.py:743} INFO - Processing file /home/airflow/.local/lib/python3.7/site-packages/airflow/example_dags/example_branch_operator.py for tasks to queue
[2023-03-08T12:16:28.609+0000] {logging_mixin.py:137} INFO - [2023-03-08T12:16:28.608+0000] {dagbag.py:538} INFO - Filling up the DagBag from /home/airflow/.local/lib/python3.7/site-packages/airflow/example_dags/example_branch_operator.py
[2023-03-08T12:16:28.636+0000] {processor.py:753} INFO - DAG(s) dict_keys(['example_branch_operator']) retrieved from /home/airflow/.local/lib/python3.7/site-packages/airflow/example_dags/example_branch_operator.py
[2023-03-08T12:16:28.690+0000] {logging_mixin.py:137} INFO - [2023-03-08T12:16:28.690+0000] {dag.py:2690} INFO - Sync 1 DAGs
[2023-03-08T12:16:28.728+0000] {logging_mixin.py:137} INFO - [2023-03-08T12:16:28.727+0000] {dag.py:3441} INFO - Setting next_dagrun for example_branch_operator to 2023-03-07T00:00:00+00:00, run_after=2023-03-08T00:00:00+00:00
[2023-03-08T12:16:28.759+0000] {processor.py:175} INFO - Processing /home/airflow/.local/lib/python3.7/site-packages/airflow/example_dags/example_branch_operator.py took 0.164 seconds
[2023-03-08T12:16:59.501+0000] {processor.py:153} INFO - Started process (PID=14740) to work on /home/airflow/.local/lib/python3.7/site-packages/airflow/example_dags/example_branch_operator.py
[2023-03-08T12:16:59.505+0000] {processor.py:743} INFO - Processing file /home/airflow/.local/lib/python3.7/site-packages/airflow/example_dags/example_branch_operator.py for tasks to queue
[2023-03-08T12:16:59.508+0000] {logging_mixin.py:137} INFO - [2023-03-08T12:16:59.508+0000] {dagbag.py:538} INFO - Filling up the DagBag from /home/airflow/.local/lib/python3.7/site-packages/airflow/example_dags/example_branch_operator.py
[2023-03-08T12:16:59.566+0000] {processor.py:753} INFO - DAG(s) dict_keys(['example_branch_operator']) retrieved from /home/airflow/.local/lib/python3.7/site-packages/airflow/example_dags/example_branch_operator.py
[2023-03-08T12:16:59.635+0000] {logging_mixin.py:137} INFO - [2023-03-08T12:16:59.635+0000] {dag.py:2690} INFO - Sync 1 DAGs
[2023-03-08T12:16:59.716+0000] {logging_mixin.py:137} INFO - [2023-03-08T12:16:59.716+0000] {dag.py:3441} INFO - Setting next_dagrun for example_branch_operator to 2023-03-07T00:00:00+00:00, run_after=2023-03-08T00:00:00+00:00
[2023-03-08T12:16:59.772+0000] {processor.py:175} INFO - Processing /home/airflow/.local/lib/python3.7/site-packages/airflow/example_dags/example_branch_operator.py took 0.283 seconds
[2023-03-08T12:17:29.984+0000] {processor.py:153} INFO - Started process (PID=14807) to work on /home/airflow/.local/lib/python3.7/site-packages/airflow/example_dags/example_branch_operator.py
[2023-03-08T12:17:29.988+0000] {processor.py:743} INFO - Processing file /home/airflow/.local/lib/python3.7/site-packages/airflow/example_dags/example_branch_operator.py for tasks to queue
[2023-03-08T12:17:29.991+0000] {logging_mixin.py:137} INFO - [2023-03-08T12:17:29.990+0000] {dagbag.py:538} INFO - Filling up the DagBag from /home/airflow/.local/lib/python3.7/site-packages/airflow/example_dags/example_branch_operator.py
[2023-03-08T12:17:30.017+0000] {processor.py:753} INFO - DAG(s) dict_keys(['example_branch_operator']) retrieved from /home/airflow/.local/lib/python3.7/site-packages/airflow/example_dags/example_branch_operator.py
[2023-03-08T12:17:30.059+0000] {logging_mixin.py:137} INFO - [2023-03-08T12:17:30.059+0000] {dag.py:2690} INFO - Sync 1 DAGs
[2023-03-08T12:17:30.094+0000] {logging_mixin.py:137} INFO - [2023-03-08T12:17:30.094+0000] {dag.py:3441} INFO - Setting next_dagrun for example_branch_operator to 2023-03-07T00:00:00+00:00, run_after=2023-03-08T00:00:00+00:00
[2023-03-08T12:17:30.128+0000] {processor.py:175} INFO - Processing /home/airflow/.local/lib/python3.7/site-packages/airflow/example_dags/example_branch_operator.py took 0.151 seconds
[2023-03-08T12:18:00.857+0000] {processor.py:153} INFO - Started process (PID=14867) to work on /home/airflow/.local/lib/python3.7/site-packages/airflow/example_dags/example_branch_operator.py
[2023-03-08T12:18:00.885+0000] {processor.py:743} INFO - Processing file /home/airflow/.local/lib/python3.7/site-packages/airflow/example_dags/example_branch_operator.py for tasks to queue
