[2023-03-08T03:17:52.081+0000] {processor.py:153} INFO - Started process (PID=12212) to work on /home/airflow/.local/lib/python3.7/site-packages/airflow/example_dags/example_sensors.py
[2023-03-08T03:17:52.112+0000] {processor.py:743} INFO - Processing file /home/airflow/.local/lib/python3.7/site-packages/airflow/example_dags/example_sensors.py for tasks to queue
[2023-03-08T03:17:52.114+0000] {logging_mixin.py:137} INFO - [2023-03-08T03:17:52.114+0000] {dagbag.py:538} INFO - Filling up the DagBag from /home/airflow/.local/lib/python3.7/site-packages/airflow/example_dags/example_sensors.py
[2023-03-08T03:17:52.297+0000] {processor.py:753} INFO - DAG(s) dict_keys(['example_sensors']) retrieved from /home/airflow/.local/lib/python3.7/site-packages/airflow/example_dags/example_sensors.py
[2023-03-08T03:17:52.510+0000] {logging_mixin.py:137} INFO - [2023-03-08T03:17:52.509+0000] {dag.py:2690} INFO - Sync 1 DAGs
[2023-03-08T03:17:52.648+0000] {logging_mixin.py:137} INFO - [2023-03-08T03:17:52.648+0000] {dag.py:3441} INFO - Setting next_dagrun for example_sensors to None, run_after=None
[2023-03-08T03:17:52.768+0000] {processor.py:175} INFO - Processing /home/airflow/.local/lib/python3.7/site-packages/airflow/example_dags/example_sensors.py took 0.716 seconds
[2023-03-08T11:56:30.684+0000] {processor.py:153} INFO - Started process (PID=12301) to work on /home/airflow/.local/lib/python3.7/site-packages/airflow/example_dags/example_sensors.py
[2023-03-08T11:56:30.732+0000] {processor.py:743} INFO - Processing file /home/airflow/.local/lib/python3.7/site-packages/airflow/example_dags/example_sensors.py for tasks to queue
[2023-03-08T11:56:30.746+0000] {logging_mixin.py:137} INFO - [2023-03-08T11:56:30.745+0000] {dagbag.py:538} INFO - Filling up the DagBag from /home/airflow/.local/lib/python3.7/site-packages/airflow/example_dags/example_sensors.py
[2023-03-08T11:56:31.338+0000] {processor.py:753} INFO - DAG(s) dict_keys(['example_sensors']) retrieved from /home/airflow/.local/lib/python3.7/site-packages/airflow/example_dags/example_sensors.py
[2023-03-08T11:56:32.274+0000] {logging_mixin.py:137} INFO - [2023-03-08T11:56:32.273+0000] {dag.py:2690} INFO - Sync 1 DAGs
[2023-03-08T11:56:32.493+0000] {logging_mixin.py:137} INFO - [2023-03-08T11:56:32.492+0000] {dag.py:3441} INFO - Setting next_dagrun for example_sensors to None, run_after=None
[2023-03-08T11:56:33.586+0000] {processor.py:175} INFO - Processing /home/airflow/.local/lib/python3.7/site-packages/airflow/example_dags/example_sensors.py took 2.950 seconds
[2023-03-08T11:57:04.083+0000] {processor.py:153} INFO - Started process (PID=12359) to work on /home/airflow/.local/lib/python3.7/site-packages/airflow/example_dags/example_sensors.py
[2023-03-08T11:57:04.087+0000] {processor.py:743} INFO - Processing file /home/airflow/.local/lib/python3.7/site-packages/airflow/example_dags/example_sensors.py for tasks to queue
[2023-03-08T11:57:04.091+0000] {logging_mixin.py:137} INFO - [2023-03-08T11:57:04.090+0000] {dagbag.py:538} INFO - Filling up the DagBag from /home/airflow/.local/lib/python3.7/site-packages/airflow/example_dags/example_sensors.py
[2023-03-08T11:57:04.132+0000] {processor.py:753} INFO - DAG(s) dict_keys(['example_sensors']) retrieved from /home/airflow/.local/lib/python3.7/site-packages/airflow/example_dags/example_sensors.py
[2023-03-08T11:57:04.193+0000] {logging_mixin.py:137} INFO - [2023-03-08T11:57:04.192+0000] {dag.py:2690} INFO - Sync 1 DAGs
[2023-03-08T11:57:04.237+0000] {logging_mixin.py:137} INFO - [2023-03-08T11:57:04.237+0000] {dag.py:3441} INFO - Setting next_dagrun for example_sensors to None, run_after=None
[2023-03-08T11:57:04.287+0000] {processor.py:175} INFO - Processing /home/airflow/.local/lib/python3.7/site-packages/airflow/example_dags/example_sensors.py took 0.217 seconds
[2023-03-08T11:57:34.710+0000] {processor.py:153} INFO - Started process (PID=12418) to work on /home/airflow/.local/lib/python3.7/site-packages/airflow/example_dags/example_sensors.py
[2023-03-08T11:57:34.717+0000] {processor.py:743} INFO - Processing file /home/airflow/.local/lib/python3.7/site-packages/airflow/example_dags/example_sensors.py for tasks to queue
[2023-03-08T11:57:34.724+0000] {logging_mixin.py:137} INFO - [2023-03-08T11:57:34.723+0000] {dagbag.py:538} INFO - Filling up the DagBag from /home/airflow/.local/lib/python3.7/site-packages/airflow/example_dags/example_sensors.py
[2023-03-08T11:57:34.776+0000] {processor.py:753} INFO - DAG(s) dict_keys(['example_sensors']) retrieved from /home/airflow/.local/lib/python3.7/site-packages/airflow/example_dags/example_sensors.py
[2023-03-08T11:57:34.918+0000] {logging_mixin.py:137} INFO - [2023-03-08T11:57:34.918+0000] {dag.py:2690} INFO - Sync 1 DAGs
[2023-03-08T11:57:35.035+0000] {logging_mixin.py:137} INFO - [2023-03-08T11:57:35.035+0000] {dag.py:3441} INFO - Setting next_dagrun for example_sensors to None, run_after=None
[2023-03-08T11:57:35.103+0000] {processor.py:175} INFO - Processing /home/airflow/.local/lib/python3.7/site-packages/airflow/example_dags/example_sensors.py took 0.412 seconds
[2023-03-08T11:58:05.284+0000] {processor.py:153} INFO - Started process (PID=12476) to work on /home/airflow/.local/lib/python3.7/site-packages/airflow/example_dags/example_sensors.py
[2023-03-08T11:58:05.287+0000] {processor.py:743} INFO - Processing file /home/airflow/.local/lib/python3.7/site-packages/airflow/example_dags/example_sensors.py for tasks to queue
[2023-03-08T11:58:05.292+0000] {logging_mixin.py:137} INFO - [2023-03-08T11:58:05.291+0000] {dagbag.py:538} INFO - Filling up the DagBag from /home/airflow/.local/lib/python3.7/site-packages/airflow/example_dags/example_sensors.py
[2023-03-08T11:58:05.334+0000] {processor.py:753} INFO - DAG(s) dict_keys(['example_sensors']) retrieved from /home/airflow/.local/lib/python3.7/site-packages/airflow/example_dags/example_sensors.py
[2023-03-08T11:58:05.387+0000] {logging_mixin.py:137} INFO - [2023-03-08T11:58:05.386+0000] {dag.py:2690} INFO - Sync 1 DAGs
[2023-03-08T11:58:05.435+0000] {logging_mixin.py:137} INFO - [2023-03-08T11:58:05.435+0000] {dag.py:3441} INFO - Setting next_dagrun for example_sensors to None, run_after=None
[2023-03-08T11:58:05.478+0000] {processor.py:175} INFO - Processing /home/airflow/.local/lib/python3.7/site-packages/airflow/example_dags/example_sensors.py took 0.203 seconds
[2023-03-08T11:58:35.807+0000] {processor.py:153} INFO - Started process (PID=12534) to work on /home/airflow/.local/lib/python3.7/site-packages/airflow/example_dags/example_sensors.py
[2023-03-08T11:58:35.810+0000] {processor.py:743} INFO - Processing file /home/airflow/.local/lib/python3.7/site-packages/airflow/example_dags/example_sensors.py for tasks to queue
[2023-03-08T11:58:35.814+0000] {logging_mixin.py:137} INFO - [2023-03-08T11:58:35.813+0000] {dagbag.py:538} INFO - Filling up the DagBag from /home/airflow/.local/lib/python3.7/site-packages/airflow/example_dags/example_sensors.py
[2023-03-08T11:58:35.842+0000] {processor.py:753} INFO - DAG(s) dict_keys(['example_sensors']) retrieved from /home/airflow/.local/lib/python3.7/site-packages/airflow/example_dags/example_sensors.py
[2023-03-08T11:58:35.887+0000] {logging_mixin.py:137} INFO - [2023-03-08T11:58:35.887+0000] {dag.py:2690} INFO - Sync 1 DAGs
[2023-03-08T11:58:35.917+0000] {logging_mixin.py:137} INFO - [2023-03-08T11:58:35.917+0000] {dag.py:3441} INFO - Setting next_dagrun for example_sensors to None, run_after=None
[2023-03-08T11:58:35.951+0000] {processor.py:175} INFO - Processing /home/airflow/.local/lib/python3.7/site-packages/airflow/example_dags/example_sensors.py took 0.150 seconds
[2023-03-08T11:59:06.260+0000] {processor.py:153} INFO - Started process (PID=12592) to work on /home/airflow/.local/lib/python3.7/site-packages/airflow/example_dags/example_sensors.py
[2023-03-08T11:59:06.266+0000] {processor.py:743} INFO - Processing file /home/airflow/.local/lib/python3.7/site-packages/airflow/example_dags/example_sensors.py for tasks to queue
[2023-03-08T11:59:06.268+0000] {logging_mixin.py:137} INFO - [2023-03-08T11:59:06.268+0000] {dagbag.py:538} INFO - Filling up the DagBag from /home/airflow/.local/lib/python3.7/site-packages/airflow/example_dags/example_sensors.py
[2023-03-08T11:59:06.351+0000] {processor.py:753} INFO - DAG(s) dict_keys(['example_sensors']) retrieved from /home/airflow/.local/lib/python3.7/site-packages/airflow/example_dags/example_sensors.py
[2023-03-08T11:59:06.517+0000] {logging_mixin.py:137} INFO - [2023-03-08T11:59:06.517+0000] {dag.py:2690} INFO - Sync 1 DAGs
[2023-03-08T11:59:06.675+0000] {logging_mixin.py:137} INFO - [2023-03-08T11:59:06.670+0000] {dag.py:3441} INFO - Setting next_dagrun for example_sensors to None, run_after=None
[2023-03-08T11:59:06.767+0000] {processor.py:175} INFO - Processing /home/airflow/.local/lib/python3.7/site-packages/airflow/example_dags/example_sensors.py took 0.513 seconds
[2023-03-08T11:59:37.373+0000] {processor.py:153} INFO - Started process (PID=12651) to work on /home/airflow/.local/lib/python3.7/site-packages/airflow/example_dags/example_sensors.py
[2023-03-08T11:59:37.375+0000] {processor.py:743} INFO - Processing file /home/airflow/.local/lib/python3.7/site-packages/airflow/example_dags/example_sensors.py for tasks to queue
[2023-03-08T11:59:37.377+0000] {logging_mixin.py:137} INFO - [2023-03-08T11:59:37.377+0000] {dagbag.py:538} INFO - Filling up the DagBag from /home/airflow/.local/lib/python3.7/site-packages/airflow/example_dags/example_sensors.py
[2023-03-08T11:59:37.445+0000] {processor.py:753} INFO - DAG(s) dict_keys(['example_sensors']) retrieved from /home/airflow/.local/lib/python3.7/site-packages/airflow/example_dags/example_sensors.py
[2023-03-08T11:59:37.496+0000] {logging_mixin.py:137} INFO - [2023-03-08T11:59:37.496+0000] {dag.py:2690} INFO - Sync 1 DAGs
[2023-03-08T11:59:37.536+0000] {logging_mixin.py:137} INFO - [2023-03-08T11:59:37.536+0000] {dag.py:3441} INFO - Setting next_dagrun for example_sensors to None, run_after=None
[2023-03-08T11:59:37.596+0000] {processor.py:175} INFO - Processing /home/airflow/.local/lib/python3.7/site-packages/airflow/example_dags/example_sensors.py took 0.231 seconds
[2023-03-08T12:00:07.708+0000] {processor.py:153} INFO - Started process (PID=12708) to work on /home/airflow/.local/lib/python3.7/site-packages/airflow/example_dags/example_sensors.py
[2023-03-08T12:00:07.710+0000] {processor.py:743} INFO - Processing file /home/airflow/.local/lib/python3.7/site-packages/airflow/example_dags/example_sensors.py for tasks to queue
[2023-03-08T12:00:07.713+0000] {logging_mixin.py:137} INFO - [2023-03-08T12:00:07.713+0000] {dagbag.py:538} INFO - Filling up the DagBag from /home/airflow/.local/lib/python3.7/site-packages/airflow/example_dags/example_sensors.py
[2023-03-08T12:00:07.744+0000] {processor.py:753} INFO - DAG(s) dict_keys(['example_sensors']) retrieved from /home/airflow/.local/lib/python3.7/site-packages/airflow/example_dags/example_sensors.py
[2023-03-08T12:00:07.784+0000] {logging_mixin.py:137} INFO - [2023-03-08T12:00:07.784+0000] {dag.py:2690} INFO - Sync 1 DAGs
[2023-03-08T12:00:07.819+0000] {logging_mixin.py:137} INFO - [2023-03-08T12:00:07.819+0000] {dag.py:3441} INFO - Setting next_dagrun for example_sensors to None, run_after=None
[2023-03-08T12:00:07.854+0000] {processor.py:175} INFO - Processing /home/airflow/.local/lib/python3.7/site-packages/airflow/example_dags/example_sensors.py took 0.153 seconds
[2023-03-08T12:00:38.506+0000] {processor.py:153} INFO - Started process (PID=12776) to work on /home/airflow/.local/lib/python3.7/site-packages/airflow/example_dags/example_sensors.py
[2023-03-08T12:00:38.509+0000] {processor.py:743} INFO - Processing file /home/airflow/.local/lib/python3.7/site-packages/airflow/example_dags/example_sensors.py for tasks to queue
[2023-03-08T12:00:38.511+0000] {logging_mixin.py:137} INFO - [2023-03-08T12:00:38.511+0000] {dagbag.py:538} INFO - Filling up the DagBag from /home/airflow/.local/lib/python3.7/site-packages/airflow/example_dags/example_sensors.py
[2023-03-08T12:00:38.540+0000] {processor.py:753} INFO - DAG(s) dict_keys(['example_sensors']) retrieved from /home/airflow/.local/lib/python3.7/site-packages/airflow/example_dags/example_sensors.py
[2023-03-08T12:00:38.578+0000] {logging_mixin.py:137} INFO - [2023-03-08T12:00:38.578+0000] {dag.py:2690} INFO - Sync 1 DAGs
[2023-03-08T12:00:38.612+0000] {logging_mixin.py:137} INFO - [2023-03-08T12:00:38.611+0000] {dag.py:3441} INFO - Setting next_dagrun for example_sensors to None, run_after=None
[2023-03-08T12:00:38.655+0000] {processor.py:175} INFO - Processing /home/airflow/.local/lib/python3.7/site-packages/airflow/example_dags/example_sensors.py took 0.162 seconds
[2023-03-08T12:01:09.396+0000] {processor.py:153} INFO - Started process (PID=12833) to work on /home/airflow/.local/lib/python3.7/site-packages/airflow/example_dags/example_sensors.py
[2023-03-08T12:01:09.398+0000] {processor.py:743} INFO - Processing file /home/airflow/.local/lib/python3.7/site-packages/airflow/example_dags/example_sensors.py for tasks to queue
[2023-03-08T12:01:09.400+0000] {logging_mixin.py:137} INFO - [2023-03-08T12:01:09.400+0000] {dagbag.py:538} INFO - Filling up the DagBag from /home/airflow/.local/lib/python3.7/site-packages/airflow/example_dags/example_sensors.py
[2023-03-08T12:01:09.439+0000] {processor.py:753} INFO - DAG(s) dict_keys(['example_sensors']) retrieved from /home/airflow/.local/lib/python3.7/site-packages/airflow/example_dags/example_sensors.py
[2023-03-08T12:01:09.484+0000] {logging_mixin.py:137} INFO - [2023-03-08T12:01:09.483+0000] {dag.py:2690} INFO - Sync 1 DAGs
[2023-03-08T12:01:09.524+0000] {logging_mixin.py:137} INFO - [2023-03-08T12:01:09.523+0000] {dag.py:3441} INFO - Setting next_dagrun for example_sensors to None, run_after=None
[2023-03-08T12:01:09.557+0000] {processor.py:175} INFO - Processing /home/airflow/.local/lib/python3.7/site-packages/airflow/example_dags/example_sensors.py took 0.167 seconds
[2023-03-08T12:01:39.872+0000] {processor.py:153} INFO - Started process (PID=12892) to work on /home/airflow/.local/lib/python3.7/site-packages/airflow/example_dags/example_sensors.py
[2023-03-08T12:01:39.877+0000] {processor.py:743} INFO - Processing file /home/airflow/.local/lib/python3.7/site-packages/airflow/example_dags/example_sensors.py for tasks to queue
[2023-03-08T12:01:39.879+0000] {logging_mixin.py:137} INFO - [2023-03-08T12:01:39.879+0000] {dagbag.py:538} INFO - Filling up the DagBag from /home/airflow/.local/lib/python3.7/site-packages/airflow/example_dags/example_sensors.py
[2023-03-08T12:01:39.936+0000] {processor.py:753} INFO - DAG(s) dict_keys(['example_sensors']) retrieved from /home/airflow/.local/lib/python3.7/site-packages/airflow/example_dags/example_sensors.py
[2023-03-08T12:01:40.040+0000] {logging_mixin.py:137} INFO - [2023-03-08T12:01:40.040+0000] {dag.py:2690} INFO - Sync 1 DAGs
[2023-03-08T12:01:40.124+0000] {logging_mixin.py:137} INFO - [2023-03-08T12:01:40.124+0000] {dag.py:3441} INFO - Setting next_dagrun for example_sensors to None, run_after=None
[2023-03-08T12:01:40.210+0000] {processor.py:175} INFO - Processing /home/airflow/.local/lib/python3.7/site-packages/airflow/example_dags/example_sensors.py took 0.346 seconds
[2023-03-08T12:02:11.123+0000] {processor.py:153} INFO - Started process (PID=12959) to work on /home/airflow/.local/lib/python3.7/site-packages/airflow/example_dags/example_sensors.py
[2023-03-08T12:02:11.125+0000] {processor.py:743} INFO - Processing file /home/airflow/.local/lib/python3.7/site-packages/airflow/example_dags/example_sensors.py for tasks to queue
[2023-03-08T12:02:11.128+0000] {logging_mixin.py:137} INFO - [2023-03-08T12:02:11.128+0000] {dagbag.py:538} INFO - Filling up the DagBag from /home/airflow/.local/lib/python3.7/site-packages/airflow/example_dags/example_sensors.py
[2023-03-08T12:02:11.159+0000] {processor.py:753} INFO - DAG(s) dict_keys(['example_sensors']) retrieved from /home/airflow/.local/lib/python3.7/site-packages/airflow/example_dags/example_sensors.py
[2023-03-08T12:02:11.205+0000] {logging_mixin.py:137} INFO - [2023-03-08T12:02:11.205+0000] {dag.py:2690} INFO - Sync 1 DAGs
[2023-03-08T12:02:11.238+0000] {logging_mixin.py:137} INFO - [2023-03-08T12:02:11.238+0000] {dag.py:3441} INFO - Setting next_dagrun for example_sensors to None, run_after=None
[2023-03-08T12:02:11.281+0000] {processor.py:175} INFO - Processing /home/airflow/.local/lib/python3.7/site-packages/airflow/example_dags/example_sensors.py took 0.162 seconds
[2023-03-08T12:02:41.562+0000] {processor.py:153} INFO - Started process (PID=13017) to work on /home/airflow/.local/lib/python3.7/site-packages/airflow/example_dags/example_sensors.py
[2023-03-08T12:02:41.565+0000] {processor.py:743} INFO - Processing file /home/airflow/.local/lib/python3.7/site-packages/airflow/example_dags/example_sensors.py for tasks to queue
[2023-03-08T12:02:41.567+0000] {logging_mixin.py:137} INFO - [2023-03-08T12:02:41.567+0000] {dagbag.py:538} INFO - Filling up the DagBag from /home/airflow/.local/lib/python3.7/site-packages/airflow/example_dags/example_sensors.py
[2023-03-08T12:02:41.596+0000] {processor.py:753} INFO - DAG(s) dict_keys(['example_sensors']) retrieved from /home/airflow/.local/lib/python3.7/site-packages/airflow/example_dags/example_sensors.py
[2023-03-08T12:02:41.645+0000] {logging_mixin.py:137} INFO - [2023-03-08T12:02:41.644+0000] {dag.py:2690} INFO - Sync 1 DAGs
[2023-03-08T12:02:41.681+0000] {logging_mixin.py:137} INFO - [2023-03-08T12:02:41.681+0000] {dag.py:3441} INFO - Setting next_dagrun for example_sensors to None, run_after=None
[2023-03-08T12:02:41.719+0000] {processor.py:175} INFO - Processing /home/airflow/.local/lib/python3.7/site-packages/airflow/example_dags/example_sensors.py took 0.163 seconds
[2023-03-08T12:03:11.800+0000] {processor.py:153} INFO - Started process (PID=13086) to work on /home/airflow/.local/lib/python3.7/site-packages/airflow/example_dags/example_sensors.py
[2023-03-08T12:03:11.804+0000] {processor.py:743} INFO - Processing file /home/airflow/.local/lib/python3.7/site-packages/airflow/example_dags/example_sensors.py for tasks to queue
[2023-03-08T12:03:11.807+0000] {logging_mixin.py:137} INFO - [2023-03-08T12:03:11.806+0000] {dagbag.py:538} INFO - Filling up the DagBag from /home/airflow/.local/lib/python3.7/site-packages/airflow/example_dags/example_sensors.py
[2023-03-08T12:03:11.839+0000] {processor.py:753} INFO - DAG(s) dict_keys(['example_sensors']) retrieved from /home/airflow/.local/lib/python3.7/site-packages/airflow/example_dags/example_sensors.py
[2023-03-08T12:03:11.881+0000] {logging_mixin.py:137} INFO - [2023-03-08T12:03:11.881+0000] {dag.py:2690} INFO - Sync 1 DAGs
[2023-03-08T12:03:11.912+0000] {logging_mixin.py:137} INFO - [2023-03-08T12:03:11.912+0000] {dag.py:3441} INFO - Setting next_dagrun for example_sensors to None, run_after=None
[2023-03-08T12:03:11.940+0000] {processor.py:175} INFO - Processing /home/airflow/.local/lib/python3.7/site-packages/airflow/example_dags/example_sensors.py took 0.147 seconds
[2023-03-08T12:03:42.237+0000] {processor.py:153} INFO - Started process (PID=13144) to work on /home/airflow/.local/lib/python3.7/site-packages/airflow/example_dags/example_sensors.py
[2023-03-08T12:03:42.239+0000] {processor.py:743} INFO - Processing file /home/airflow/.local/lib/python3.7/site-packages/airflow/example_dags/example_sensors.py for tasks to queue
[2023-03-08T12:03:42.242+0000] {logging_mixin.py:137} INFO - [2023-03-08T12:03:42.242+0000] {dagbag.py:538} INFO - Filling up the DagBag from /home/airflow/.local/lib/python3.7/site-packages/airflow/example_dags/example_sensors.py
[2023-03-08T12:03:42.270+0000] {processor.py:753} INFO - DAG(s) dict_keys(['example_sensors']) retrieved from /home/airflow/.local/lib/python3.7/site-packages/airflow/example_dags/example_sensors.py
[2023-03-08T12:03:42.306+0000] {logging_mixin.py:137} INFO - [2023-03-08T12:03:42.306+0000] {dag.py:2690} INFO - Sync 1 DAGs
[2023-03-08T12:03:42.335+0000] {logging_mixin.py:137} INFO - [2023-03-08T12:03:42.335+0000] {dag.py:3441} INFO - Setting next_dagrun for example_sensors to None, run_after=None
[2023-03-08T12:03:42.363+0000] {processor.py:175} INFO - Processing /home/airflow/.local/lib/python3.7/site-packages/airflow/example_dags/example_sensors.py took 0.129 seconds
[2023-03-08T12:04:12.700+0000] {processor.py:153} INFO - Started process (PID=13202) to work on /home/airflow/.local/lib/python3.7/site-packages/airflow/example_dags/example_sensors.py
[2023-03-08T12:04:12.705+0000] {processor.py:743} INFO - Processing file /home/airflow/.local/lib/python3.7/site-packages/airflow/example_dags/example_sensors.py for tasks to queue
[2023-03-08T12:04:12.716+0000] {logging_mixin.py:137} INFO - [2023-03-08T12:04:12.716+0000] {dagbag.py:538} INFO - Filling up the DagBag from /home/airflow/.local/lib/python3.7/site-packages/airflow/example_dags/example_sensors.py
[2023-03-08T12:04:12.781+0000] {processor.py:753} INFO - DAG(s) dict_keys(['example_sensors']) retrieved from /home/airflow/.local/lib/python3.7/site-packages/airflow/example_dags/example_sensors.py
[2023-03-08T12:04:12.872+0000] {logging_mixin.py:137} INFO - [2023-03-08T12:04:12.872+0000] {dag.py:2690} INFO - Sync 1 DAGs
[2023-03-08T12:04:12.958+0000] {logging_mixin.py:137} INFO - [2023-03-08T12:04:12.958+0000] {dag.py:3441} INFO - Setting next_dagrun for example_sensors to None, run_after=None
[2023-03-08T12:04:13.025+0000] {processor.py:175} INFO - Processing /home/airflow/.local/lib/python3.7/site-packages/airflow/example_dags/example_sensors.py took 0.332 seconds
[2023-03-08T12:04:43.232+0000] {processor.py:153} INFO - Started process (PID=13271) to work on /home/airflow/.local/lib/python3.7/site-packages/airflow/example_dags/example_sensors.py
[2023-03-08T12:04:43.244+0000] {processor.py:743} INFO - Processing file /home/airflow/.local/lib/python3.7/site-packages/airflow/example_dags/example_sensors.py for tasks to queue
[2023-03-08T12:04:43.246+0000] {logging_mixin.py:137} INFO - [2023-03-08T12:04:43.245+0000] {dagbag.py:538} INFO - Filling up the DagBag from /home/airflow/.local/lib/python3.7/site-packages/airflow/example_dags/example_sensors.py
[2023-03-08T12:04:43.311+0000] {processor.py:753} INFO - DAG(s) dict_keys(['example_sensors']) retrieved from /home/airflow/.local/lib/python3.7/site-packages/airflow/example_dags/example_sensors.py
[2023-03-08T12:04:43.400+0000] {logging_mixin.py:137} INFO - [2023-03-08T12:04:43.400+0000] {dag.py:2690} INFO - Sync 1 DAGs
[2023-03-08T12:04:43.467+0000] {logging_mixin.py:137} INFO - [2023-03-08T12:04:43.467+0000] {dag.py:3441} INFO - Setting next_dagrun for example_sensors to None, run_after=None
[2023-03-08T12:04:43.542+0000] {processor.py:175} INFO - Processing /home/airflow/.local/lib/python3.7/site-packages/airflow/example_dags/example_sensors.py took 0.321 seconds
[2023-03-08T12:05:13.693+0000] {processor.py:153} INFO - Started process (PID=13330) to work on /home/airflow/.local/lib/python3.7/site-packages/airflow/example_dags/example_sensors.py
[2023-03-08T12:05:13.695+0000] {processor.py:743} INFO - Processing file /home/airflow/.local/lib/python3.7/site-packages/airflow/example_dags/example_sensors.py for tasks to queue
[2023-03-08T12:05:13.697+0000] {logging_mixin.py:137} INFO - [2023-03-08T12:05:13.697+0000] {dagbag.py:538} INFO - Filling up the DagBag from /home/airflow/.local/lib/python3.7/site-packages/airflow/example_dags/example_sensors.py
[2023-03-08T12:05:13.722+0000] {processor.py:753} INFO - DAG(s) dict_keys(['example_sensors']) retrieved from /home/airflow/.local/lib/python3.7/site-packages/airflow/example_dags/example_sensors.py
[2023-03-08T12:05:13.762+0000] {logging_mixin.py:137} INFO - [2023-03-08T12:05:13.762+0000] {dag.py:2690} INFO - Sync 1 DAGs
[2023-03-08T12:05:13.788+0000] {logging_mixin.py:137} INFO - [2023-03-08T12:05:13.788+0000] {dag.py:3441} INFO - Setting next_dagrun for example_sensors to None, run_after=None
[2023-03-08T12:05:13.815+0000] {processor.py:175} INFO - Processing /home/airflow/.local/lib/python3.7/site-packages/airflow/example_dags/example_sensors.py took 0.126 seconds
[2023-03-08T12:05:44.320+0000] {processor.py:153} INFO - Started process (PID=13394) to work on /home/airflow/.local/lib/python3.7/site-packages/airflow/example_dags/example_sensors.py
[2023-03-08T12:05:44.328+0000] {processor.py:743} INFO - Processing file /home/airflow/.local/lib/python3.7/site-packages/airflow/example_dags/example_sensors.py for tasks to queue
[2023-03-08T12:05:44.334+0000] {logging_mixin.py:137} INFO - [2023-03-08T12:05:44.333+0000] {dagbag.py:538} INFO - Filling up the DagBag from /home/airflow/.local/lib/python3.7/site-packages/airflow/example_dags/example_sensors.py
[2023-03-08T12:05:44.396+0000] {processor.py:753} INFO - DAG(s) dict_keys(['example_sensors']) retrieved from /home/airflow/.local/lib/python3.7/site-packages/airflow/example_dags/example_sensors.py
[2023-03-08T12:05:44.439+0000] {logging_mixin.py:137} INFO - [2023-03-08T12:05:44.438+0000] {dag.py:2690} INFO - Sync 1 DAGs
[2023-03-08T12:05:44.476+0000] {logging_mixin.py:137} INFO - [2023-03-08T12:05:44.476+0000] {dag.py:3441} INFO - Setting next_dagrun for example_sensors to None, run_after=None
[2023-03-08T12:05:44.521+0000] {processor.py:175} INFO - Processing /home/airflow/.local/lib/python3.7/site-packages/airflow/example_dags/example_sensors.py took 0.222 seconds
[2023-03-08T12:06:15.327+0000] {processor.py:153} INFO - Started process (PID=13455) to work on /home/airflow/.local/lib/python3.7/site-packages/airflow/example_dags/example_sensors.py
[2023-03-08T12:06:15.330+0000] {processor.py:743} INFO - Processing file /home/airflow/.local/lib/python3.7/site-packages/airflow/example_dags/example_sensors.py for tasks to queue
[2023-03-08T12:06:15.333+0000] {logging_mixin.py:137} INFO - [2023-03-08T12:06:15.332+0000] {dagbag.py:538} INFO - Filling up the DagBag from /home/airflow/.local/lib/python3.7/site-packages/airflow/example_dags/example_sensors.py
[2023-03-08T12:06:15.366+0000] {processor.py:753} INFO - DAG(s) dict_keys(['example_sensors']) retrieved from /home/airflow/.local/lib/python3.7/site-packages/airflow/example_dags/example_sensors.py
[2023-03-08T12:06:15.412+0000] {logging_mixin.py:137} INFO - [2023-03-08T12:06:15.412+0000] {dag.py:2690} INFO - Sync 1 DAGs
[2023-03-08T12:06:15.443+0000] {logging_mixin.py:137} INFO - [2023-03-08T12:06:15.443+0000] {dag.py:3441} INFO - Setting next_dagrun for example_sensors to None, run_after=None
[2023-03-08T12:06:15.477+0000] {processor.py:175} INFO - Processing /home/airflow/.local/lib/python3.7/site-packages/airflow/example_dags/example_sensors.py took 0.159 seconds
[2023-03-08T12:06:46.324+0000] {processor.py:153} INFO - Started process (PID=13512) to work on /home/airflow/.local/lib/python3.7/site-packages/airflow/example_dags/example_sensors.py
[2023-03-08T12:06:46.363+0000] {processor.py:743} INFO - Processing file /home/airflow/.local/lib/python3.7/site-packages/airflow/example_dags/example_sensors.py for tasks to queue
[2023-03-08T12:06:46.399+0000] {logging_mixin.py:137} INFO - [2023-03-08T12:06:46.398+0000] {dagbag.py:538} INFO - Filling up the DagBag from /home/airflow/.local/lib/python3.7/site-packages/airflow/example_dags/example_sensors.py
[2023-03-08T12:06:46.839+0000] {processor.py:753} INFO - DAG(s) dict_keys(['example_sensors']) retrieved from /home/airflow/.local/lib/python3.7/site-packages/airflow/example_dags/example_sensors.py
[2023-03-08T12:06:47.096+0000] {logging_mixin.py:137} INFO - [2023-03-08T12:06:47.096+0000] {dag.py:2690} INFO - Sync 1 DAGs
[2023-03-08T12:06:47.418+0000] {logging_mixin.py:137} INFO - [2023-03-08T12:06:47.418+0000] {dag.py:3441} INFO - Setting next_dagrun for example_sensors to None, run_after=None
[2023-03-08T12:06:47.612+0000] {processor.py:175} INFO - Processing /home/airflow/.local/lib/python3.7/site-packages/airflow/example_dags/example_sensors.py took 1.383 seconds
[2023-03-08T12:07:18.254+0000] {processor.py:153} INFO - Started process (PID=13570) to work on /home/airflow/.local/lib/python3.7/site-packages/airflow/example_dags/example_sensors.py
[2023-03-08T12:07:18.310+0000] {processor.py:743} INFO - Processing file /home/airflow/.local/lib/python3.7/site-packages/airflow/example_dags/example_sensors.py for tasks to queue
[2023-03-08T12:07:18.339+0000] {logging_mixin.py:137} INFO - [2023-03-08T12:07:18.339+0000] {dagbag.py:538} INFO - Filling up the DagBag from /home/airflow/.local/lib/python3.7/site-packages/airflow/example_dags/example_sensors.py
[2023-03-08T12:07:19.008+0000] {processor.py:753} INFO - DAG(s) dict_keys(['example_sensors']) retrieved from /home/airflow/.local/lib/python3.7/site-packages/airflow/example_dags/example_sensors.py
[2023-03-08T12:07:19.206+0000] {logging_mixin.py:137} INFO - [2023-03-08T12:07:19.203+0000] {dag.py:2690} INFO - Sync 1 DAGs
[2023-03-08T12:07:19.461+0000] {logging_mixin.py:137} INFO - [2023-03-08T12:07:19.461+0000] {dag.py:3441} INFO - Setting next_dagrun for example_sensors to None, run_after=None
[2023-03-08T12:07:19.868+0000] {processor.py:175} INFO - Processing /home/airflow/.local/lib/python3.7/site-packages/airflow/example_dags/example_sensors.py took 1.713 seconds
[2023-03-08T12:07:50.195+0000] {processor.py:153} INFO - Started process (PID=13629) to work on /home/airflow/.local/lib/python3.7/site-packages/airflow/example_dags/example_sensors.py
[2023-03-08T12:07:50.203+0000] {processor.py:743} INFO - Processing file /home/airflow/.local/lib/python3.7/site-packages/airflow/example_dags/example_sensors.py for tasks to queue
[2023-03-08T12:07:50.206+0000] {logging_mixin.py:137} INFO - [2023-03-08T12:07:50.206+0000] {dagbag.py:538} INFO - Filling up the DagBag from /home/airflow/.local/lib/python3.7/site-packages/airflow/example_dags/example_sensors.py
[2023-03-08T12:07:50.354+0000] {processor.py:753} INFO - DAG(s) dict_keys(['example_sensors']) retrieved from /home/airflow/.local/lib/python3.7/site-packages/airflow/example_dags/example_sensors.py
[2023-03-08T12:07:50.442+0000] {logging_mixin.py:137} INFO - [2023-03-08T12:07:50.442+0000] {dag.py:2690} INFO - Sync 1 DAGs
[2023-03-08T12:07:50.505+0000] {logging_mixin.py:137} INFO - [2023-03-08T12:07:50.505+0000] {dag.py:3441} INFO - Setting next_dagrun for example_sensors to None, run_after=None
[2023-03-08T12:07:50.552+0000] {processor.py:175} INFO - Processing /home/airflow/.local/lib/python3.7/site-packages/airflow/example_dags/example_sensors.py took 0.369 seconds
[2023-03-08T12:08:20.758+0000] {processor.py:153} INFO - Started process (PID=13696) to work on /home/airflow/.local/lib/python3.7/site-packages/airflow/example_dags/example_sensors.py
[2023-03-08T12:08:20.761+0000] {processor.py:743} INFO - Processing file /home/airflow/.local/lib/python3.7/site-packages/airflow/example_dags/example_sensors.py for tasks to queue
[2023-03-08T12:08:20.764+0000] {logging_mixin.py:137} INFO - [2023-03-08T12:08:20.763+0000] {dagbag.py:538} INFO - Filling up the DagBag from /home/airflow/.local/lib/python3.7/site-packages/airflow/example_dags/example_sensors.py
[2023-03-08T12:08:20.795+0000] {processor.py:753} INFO - DAG(s) dict_keys(['example_sensors']) retrieved from /home/airflow/.local/lib/python3.7/site-packages/airflow/example_dags/example_sensors.py
[2023-03-08T12:08:20.834+0000] {logging_mixin.py:137} INFO - [2023-03-08T12:08:20.833+0000] {dag.py:2690} INFO - Sync 1 DAGs
[2023-03-08T12:08:20.862+0000] {logging_mixin.py:137} INFO - [2023-03-08T12:08:20.862+0000] {dag.py:3441} INFO - Setting next_dagrun for example_sensors to None, run_after=None
[2023-03-08T12:08:20.888+0000] {processor.py:175} INFO - Processing /home/airflow/.local/lib/python3.7/site-packages/airflow/example_dags/example_sensors.py took 0.138 seconds
[2023-03-08T12:08:51.724+0000] {processor.py:153} INFO - Started process (PID=13756) to work on /home/airflow/.local/lib/python3.7/site-packages/airflow/example_dags/example_sensors.py
[2023-03-08T12:08:51.726+0000] {processor.py:743} INFO - Processing file /home/airflow/.local/lib/python3.7/site-packages/airflow/example_dags/example_sensors.py for tasks to queue
[2023-03-08T12:08:51.729+0000] {logging_mixin.py:137} INFO - [2023-03-08T12:08:51.728+0000] {dagbag.py:538} INFO - Filling up the DagBag from /home/airflow/.local/lib/python3.7/site-packages/airflow/example_dags/example_sensors.py
[2023-03-08T12:08:51.757+0000] {processor.py:753} INFO - DAG(s) dict_keys(['example_sensors']) retrieved from /home/airflow/.local/lib/python3.7/site-packages/airflow/example_dags/example_sensors.py
[2023-03-08T12:08:51.799+0000] {logging_mixin.py:137} INFO - [2023-03-08T12:08:51.799+0000] {dag.py:2690} INFO - Sync 1 DAGs
[2023-03-08T12:08:51.835+0000] {logging_mixin.py:137} INFO - [2023-03-08T12:08:51.835+0000] {dag.py:3441} INFO - Setting next_dagrun for example_sensors to None, run_after=None
[2023-03-08T12:08:51.865+0000] {processor.py:175} INFO - Processing /home/airflow/.local/lib/python3.7/site-packages/airflow/example_dags/example_sensors.py took 0.146 seconds
[2023-03-08T12:09:22.005+0000] {processor.py:153} INFO - Started process (PID=13815) to work on /home/airflow/.local/lib/python3.7/site-packages/airflow/example_dags/example_sensors.py
[2023-03-08T12:09:22.007+0000] {processor.py:743} INFO - Processing file /home/airflow/.local/lib/python3.7/site-packages/airflow/example_dags/example_sensors.py for tasks to queue
[2023-03-08T12:09:22.009+0000] {logging_mixin.py:137} INFO - [2023-03-08T12:09:22.008+0000] {dagbag.py:538} INFO - Filling up the DagBag from /home/airflow/.local/lib/python3.7/site-packages/airflow/example_dags/example_sensors.py
[2023-03-08T12:09:22.065+0000] {processor.py:753} INFO - DAG(s) dict_keys(['example_sensors']) retrieved from /home/airflow/.local/lib/python3.7/site-packages/airflow/example_dags/example_sensors.py
[2023-03-08T12:09:22.129+0000] {logging_mixin.py:137} INFO - [2023-03-08T12:09:22.129+0000] {dag.py:2690} INFO - Sync 1 DAGs
[2023-03-08T12:09:22.193+0000] {logging_mixin.py:137} INFO - [2023-03-08T12:09:22.192+0000] {dag.py:3441} INFO - Setting next_dagrun for example_sensors to None, run_after=None
[2023-03-08T12:09:22.245+0000] {processor.py:175} INFO - Processing /home/airflow/.local/lib/python3.7/site-packages/airflow/example_dags/example_sensors.py took 0.260 seconds
[2023-03-08T12:09:52.317+0000] {processor.py:153} INFO - Started process (PID=13882) to work on /home/airflow/.local/lib/python3.7/site-packages/airflow/example_dags/example_sensors.py
[2023-03-08T12:09:52.319+0000] {processor.py:743} INFO - Processing file /home/airflow/.local/lib/python3.7/site-packages/airflow/example_dags/example_sensors.py for tasks to queue
[2023-03-08T12:09:52.322+0000] {logging_mixin.py:137} INFO - [2023-03-08T12:09:52.321+0000] {dagbag.py:538} INFO - Filling up the DagBag from /home/airflow/.local/lib/python3.7/site-packages/airflow/example_dags/example_sensors.py
[2023-03-08T12:09:52.344+0000] {processor.py:753} INFO - DAG(s) dict_keys(['example_sensors']) retrieved from /home/airflow/.local/lib/python3.7/site-packages/airflow/example_dags/example_sensors.py
[2023-03-08T12:09:52.381+0000] {logging_mixin.py:137} INFO - [2023-03-08T12:09:52.381+0000] {dag.py:2690} INFO - Sync 1 DAGs
[2023-03-08T12:09:52.409+0000] {logging_mixin.py:137} INFO - [2023-03-08T12:09:52.408+0000] {dag.py:3441} INFO - Setting next_dagrun for example_sensors to None, run_after=None
[2023-03-08T12:09:52.436+0000] {processor.py:175} INFO - Processing /home/airflow/.local/lib/python3.7/site-packages/airflow/example_dags/example_sensors.py took 0.125 seconds
[2023-03-08T12:10:23.157+0000] {processor.py:153} INFO - Started process (PID=13942) to work on /home/airflow/.local/lib/python3.7/site-packages/airflow/example_dags/example_sensors.py
[2023-03-08T12:10:23.159+0000] {processor.py:743} INFO - Processing file /home/airflow/.local/lib/python3.7/site-packages/airflow/example_dags/example_sensors.py for tasks to queue
[2023-03-08T12:10:23.161+0000] {logging_mixin.py:137} INFO - [2023-03-08T12:10:23.161+0000] {dagbag.py:538} INFO - Filling up the DagBag from /home/airflow/.local/lib/python3.7/site-packages/airflow/example_dags/example_sensors.py
[2023-03-08T12:10:23.190+0000] {processor.py:753} INFO - DAG(s) dict_keys(['example_sensors']) retrieved from /home/airflow/.local/lib/python3.7/site-packages/airflow/example_dags/example_sensors.py
[2023-03-08T12:10:23.239+0000] {logging_mixin.py:137} INFO - [2023-03-08T12:10:23.239+0000] {dag.py:2690} INFO - Sync 1 DAGs
[2023-03-08T12:10:23.276+0000] {logging_mixin.py:137} INFO - [2023-03-08T12:10:23.276+0000] {dag.py:3441} INFO - Setting next_dagrun for example_sensors to None, run_after=None
[2023-03-08T12:10:23.355+0000] {processor.py:175} INFO - Processing /home/airflow/.local/lib/python3.7/site-packages/airflow/example_dags/example_sensors.py took 0.204 seconds
[2023-03-08T12:10:53.854+0000] {processor.py:153} INFO - Started process (PID=14009) to work on /home/airflow/.local/lib/python3.7/site-packages/airflow/example_dags/example_sensors.py
[2023-03-08T12:10:53.856+0000] {processor.py:743} INFO - Processing file /home/airflow/.local/lib/python3.7/site-packages/airflow/example_dags/example_sensors.py for tasks to queue
[2023-03-08T12:10:53.858+0000] {logging_mixin.py:137} INFO - [2023-03-08T12:10:53.857+0000] {dagbag.py:538} INFO - Filling up the DagBag from /home/airflow/.local/lib/python3.7/site-packages/airflow/example_dags/example_sensors.py
[2023-03-08T12:10:53.931+0000] {processor.py:753} INFO - DAG(s) dict_keys(['example_sensors']) retrieved from /home/airflow/.local/lib/python3.7/site-packages/airflow/example_dags/example_sensors.py
[2023-03-08T12:10:53.975+0000] {logging_mixin.py:137} INFO - [2023-03-08T12:10:53.975+0000] {dag.py:2690} INFO - Sync 1 DAGs
[2023-03-08T12:10:54.010+0000] {logging_mixin.py:137} INFO - [2023-03-08T12:10:54.010+0000] {dag.py:3441} INFO - Setting next_dagrun for example_sensors to None, run_after=None
[2023-03-08T12:10:54.058+0000] {processor.py:175} INFO - Processing /home/airflow/.local/lib/python3.7/site-packages/airflow/example_dags/example_sensors.py took 0.209 seconds
[2023-03-08T12:11:24.265+0000] {processor.py:153} INFO - Started process (PID=14069) to work on /home/airflow/.local/lib/python3.7/site-packages/airflow/example_dags/example_sensors.py
[2023-03-08T12:11:24.271+0000] {processor.py:743} INFO - Processing file /home/airflow/.local/lib/python3.7/site-packages/airflow/example_dags/example_sensors.py for tasks to queue
[2023-03-08T12:11:24.273+0000] {logging_mixin.py:137} INFO - [2023-03-08T12:11:24.273+0000] {dagbag.py:538} INFO - Filling up the DagBag from /home/airflow/.local/lib/python3.7/site-packages/airflow/example_dags/example_sensors.py
[2023-03-08T12:11:24.321+0000] {processor.py:753} INFO - DAG(s) dict_keys(['example_sensors']) retrieved from /home/airflow/.local/lib/python3.7/site-packages/airflow/example_dags/example_sensors.py
[2023-03-08T12:11:24.376+0000] {logging_mixin.py:137} INFO - [2023-03-08T12:11:24.376+0000] {dag.py:2690} INFO - Sync 1 DAGs
[2023-03-08T12:11:24.414+0000] {logging_mixin.py:137} INFO - [2023-03-08T12:11:24.414+0000] {dag.py:3441} INFO - Setting next_dagrun for example_sensors to None, run_after=None
[2023-03-08T12:11:24.452+0000] {processor.py:175} INFO - Processing /home/airflow/.local/lib/python3.7/site-packages/airflow/example_dags/example_sensors.py took 0.188 seconds
[2023-03-08T12:11:54.567+0000] {processor.py:153} INFO - Started process (PID=14128) to work on /home/airflow/.local/lib/python3.7/site-packages/airflow/example_dags/example_sensors.py
[2023-03-08T12:11:54.572+0000] {processor.py:743} INFO - Processing file /home/airflow/.local/lib/python3.7/site-packages/airflow/example_dags/example_sensors.py for tasks to queue
[2023-03-08T12:11:54.583+0000] {logging_mixin.py:137} INFO - [2023-03-08T12:11:54.582+0000] {dagbag.py:538} INFO - Filling up the DagBag from /home/airflow/.local/lib/python3.7/site-packages/airflow/example_dags/example_sensors.py
[2023-03-08T12:11:54.647+0000] {processor.py:753} INFO - DAG(s) dict_keys(['example_sensors']) retrieved from /home/airflow/.local/lib/python3.7/site-packages/airflow/example_dags/example_sensors.py
[2023-03-08T12:11:54.727+0000] {logging_mixin.py:137} INFO - [2023-03-08T12:11:54.726+0000] {dag.py:2690} INFO - Sync 1 DAGs
[2023-03-08T12:11:54.828+0000] {logging_mixin.py:137} INFO - [2023-03-08T12:11:54.828+0000] {dag.py:3441} INFO - Setting next_dagrun for example_sensors to None, run_after=None
[2023-03-08T12:11:54.902+0000] {processor.py:175} INFO - Processing /home/airflow/.local/lib/python3.7/site-packages/airflow/example_dags/example_sensors.py took 0.345 seconds
[2023-03-08T12:12:25.515+0000] {processor.py:153} INFO - Started process (PID=14194) to work on /home/airflow/.local/lib/python3.7/site-packages/airflow/example_dags/example_sensors.py
[2023-03-08T12:12:25.525+0000] {processor.py:743} INFO - Processing file /home/airflow/.local/lib/python3.7/site-packages/airflow/example_dags/example_sensors.py for tasks to queue
[2023-03-08T12:12:25.534+0000] {logging_mixin.py:137} INFO - [2023-03-08T12:12:25.529+0000] {dagbag.py:538} INFO - Filling up the DagBag from /home/airflow/.local/lib/python3.7/site-packages/airflow/example_dags/example_sensors.py
[2023-03-08T12:12:25.640+0000] {processor.py:753} INFO - DAG(s) dict_keys(['example_sensors']) retrieved from /home/airflow/.local/lib/python3.7/site-packages/airflow/example_dags/example_sensors.py
[2023-03-08T12:12:25.700+0000] {logging_mixin.py:137} INFO - [2023-03-08T12:12:25.700+0000] {dag.py:2690} INFO - Sync 1 DAGs
[2023-03-08T12:12:25.745+0000] {logging_mixin.py:137} INFO - [2023-03-08T12:12:25.745+0000] {dag.py:3441} INFO - Setting next_dagrun for example_sensors to None, run_after=None
[2023-03-08T12:12:25.796+0000] {processor.py:175} INFO - Processing /home/airflow/.local/lib/python3.7/site-packages/airflow/example_dags/example_sensors.py took 0.310 seconds
[2023-03-08T12:12:56.045+0000] {processor.py:153} INFO - Started process (PID=14254) to work on /home/airflow/.local/lib/python3.7/site-packages/airflow/example_dags/example_sensors.py
[2023-03-08T12:12:56.048+0000] {processor.py:743} INFO - Processing file /home/airflow/.local/lib/python3.7/site-packages/airflow/example_dags/example_sensors.py for tasks to queue
[2023-03-08T12:12:56.051+0000] {logging_mixin.py:137} INFO - [2023-03-08T12:12:56.051+0000] {dagbag.py:538} INFO - Filling up the DagBag from /home/airflow/.local/lib/python3.7/site-packages/airflow/example_dags/example_sensors.py
[2023-03-08T12:12:56.078+0000] {processor.py:753} INFO - DAG(s) dict_keys(['example_sensors']) retrieved from /home/airflow/.local/lib/python3.7/site-packages/airflow/example_dags/example_sensors.py
[2023-03-08T12:12:56.118+0000] {logging_mixin.py:137} INFO - [2023-03-08T12:12:56.117+0000] {dag.py:2690} INFO - Sync 1 DAGs
[2023-03-08T12:12:56.146+0000] {logging_mixin.py:137} INFO - [2023-03-08T12:12:56.146+0000] {dag.py:3441} INFO - Setting next_dagrun for example_sensors to None, run_after=None
[2023-03-08T12:12:56.178+0000] {processor.py:175} INFO - Processing /home/airflow/.local/lib/python3.7/site-packages/airflow/example_dags/example_sensors.py took 0.137 seconds
[2023-03-08T12:13:27.055+0000] {processor.py:153} INFO - Started process (PID=14314) to work on /home/airflow/.local/lib/python3.7/site-packages/airflow/example_dags/example_sensors.py
[2023-03-08T12:13:27.057+0000] {processor.py:743} INFO - Processing file /home/airflow/.local/lib/python3.7/site-packages/airflow/example_dags/example_sensors.py for tasks to queue
[2023-03-08T12:13:27.059+0000] {logging_mixin.py:137} INFO - [2023-03-08T12:13:27.059+0000] {dagbag.py:538} INFO - Filling up the DagBag from /home/airflow/.local/lib/python3.7/site-packages/airflow/example_dags/example_sensors.py
[2023-03-08T12:13:27.090+0000] {processor.py:753} INFO - DAG(s) dict_keys(['example_sensors']) retrieved from /home/airflow/.local/lib/python3.7/site-packages/airflow/example_dags/example_sensors.py
[2023-03-08T12:13:27.152+0000] {logging_mixin.py:137} INFO - [2023-03-08T12:13:27.152+0000] {dag.py:2690} INFO - Sync 1 DAGs
[2023-03-08T12:13:27.187+0000] {logging_mixin.py:137} INFO - [2023-03-08T12:13:27.187+0000] {dag.py:3441} INFO - Setting next_dagrun for example_sensors to None, run_after=None
[2023-03-08T12:13:27.215+0000] {processor.py:175} INFO - Processing /home/airflow/.local/lib/python3.7/site-packages/airflow/example_dags/example_sensors.py took 0.167 seconds
[2023-03-08T12:13:57.423+0000] {processor.py:153} INFO - Started process (PID=14375) to work on /home/airflow/.local/lib/python3.7/site-packages/airflow/example_dags/example_sensors.py
[2023-03-08T12:13:57.431+0000] {processor.py:743} INFO - Processing file /home/airflow/.local/lib/python3.7/site-packages/airflow/example_dags/example_sensors.py for tasks to queue
[2023-03-08T12:13:57.434+0000] {logging_mixin.py:137} INFO - [2023-03-08T12:13:57.434+0000] {dagbag.py:538} INFO - Filling up the DagBag from /home/airflow/.local/lib/python3.7/site-packages/airflow/example_dags/example_sensors.py
[2023-03-08T12:13:57.485+0000] {processor.py:753} INFO - DAG(s) dict_keys(['example_sensors']) retrieved from /home/airflow/.local/lib/python3.7/site-packages/airflow/example_dags/example_sensors.py
[2023-03-08T12:13:57.535+0000] {logging_mixin.py:137} INFO - [2023-03-08T12:13:57.535+0000] {dag.py:2690} INFO - Sync 1 DAGs
[2023-03-08T12:13:57.579+0000] {logging_mixin.py:137} INFO - [2023-03-08T12:13:57.579+0000] {dag.py:3441} INFO - Setting next_dagrun for example_sensors to None, run_after=None
[2023-03-08T12:13:57.631+0000] {processor.py:175} INFO - Processing /home/airflow/.local/lib/python3.7/site-packages/airflow/example_dags/example_sensors.py took 0.212 seconds
[2023-03-08T12:14:28.113+0000] {processor.py:153} INFO - Started process (PID=14431) to work on /home/airflow/.local/lib/python3.7/site-packages/airflow/example_dags/example_sensors.py
[2023-03-08T12:14:28.116+0000] {processor.py:743} INFO - Processing file /home/airflow/.local/lib/python3.7/site-packages/airflow/example_dags/example_sensors.py for tasks to queue
[2023-03-08T12:14:28.119+0000] {logging_mixin.py:137} INFO - [2023-03-08T12:14:28.118+0000] {dagbag.py:538} INFO - Filling up the DagBag from /home/airflow/.local/lib/python3.7/site-packages/airflow/example_dags/example_sensors.py
[2023-03-08T12:14:28.150+0000] {processor.py:753} INFO - DAG(s) dict_keys(['example_sensors']) retrieved from /home/airflow/.local/lib/python3.7/site-packages/airflow/example_dags/example_sensors.py
[2023-03-08T12:14:28.202+0000] {logging_mixin.py:137} INFO - [2023-03-08T12:14:28.201+0000] {dag.py:2690} INFO - Sync 1 DAGs
[2023-03-08T12:14:28.237+0000] {logging_mixin.py:137} INFO - [2023-03-08T12:14:28.236+0000] {dag.py:3441} INFO - Setting next_dagrun for example_sensors to None, run_after=None
[2023-03-08T12:14:28.269+0000] {processor.py:175} INFO - Processing /home/airflow/.local/lib/python3.7/site-packages/airflow/example_dags/example_sensors.py took 0.170 seconds
[2023-03-08T12:14:59.113+0000] {processor.py:153} INFO - Started process (PID=14499) to work on /home/airflow/.local/lib/python3.7/site-packages/airflow/example_dags/example_sensors.py
[2023-03-08T12:14:59.117+0000] {processor.py:743} INFO - Processing file /home/airflow/.local/lib/python3.7/site-packages/airflow/example_dags/example_sensors.py for tasks to queue
[2023-03-08T12:14:59.127+0000] {logging_mixin.py:137} INFO - [2023-03-08T12:14:59.127+0000] {dagbag.py:538} INFO - Filling up the DagBag from /home/airflow/.local/lib/python3.7/site-packages/airflow/example_dags/example_sensors.py
[2023-03-08T12:14:59.165+0000] {processor.py:753} INFO - DAG(s) dict_keys(['example_sensors']) retrieved from /home/airflow/.local/lib/python3.7/site-packages/airflow/example_dags/example_sensors.py
[2023-03-08T12:14:59.213+0000] {logging_mixin.py:137} INFO - [2023-03-08T12:14:59.212+0000] {dag.py:2690} INFO - Sync 1 DAGs
[2023-03-08T12:14:59.252+0000] {logging_mixin.py:137} INFO - [2023-03-08T12:14:59.252+0000] {dag.py:3441} INFO - Setting next_dagrun for example_sensors to None, run_after=None
[2023-03-08T12:14:59.300+0000] {processor.py:175} INFO - Processing /home/airflow/.local/lib/python3.7/site-packages/airflow/example_dags/example_sensors.py took 0.195 seconds
[2023-03-08T12:15:29.704+0000] {processor.py:153} INFO - Started process (PID=14559) to work on /home/airflow/.local/lib/python3.7/site-packages/airflow/example_dags/example_sensors.py
[2023-03-08T12:15:29.711+0000] {processor.py:743} INFO - Processing file /home/airflow/.local/lib/python3.7/site-packages/airflow/example_dags/example_sensors.py for tasks to queue
[2023-03-08T12:15:29.718+0000] {logging_mixin.py:137} INFO - [2023-03-08T12:15:29.716+0000] {dagbag.py:538} INFO - Filling up the DagBag from /home/airflow/.local/lib/python3.7/site-packages/airflow/example_dags/example_sensors.py
[2023-03-08T12:15:29.814+0000] {processor.py:753} INFO - DAG(s) dict_keys(['example_sensors']) retrieved from /home/airflow/.local/lib/python3.7/site-packages/airflow/example_dags/example_sensors.py
[2023-03-08T12:15:29.941+0000] {logging_mixin.py:137} INFO - [2023-03-08T12:15:29.940+0000] {dag.py:2690} INFO - Sync 1 DAGs
[2023-03-08T12:15:30.054+0000] {logging_mixin.py:137} INFO - [2023-03-08T12:15:30.047+0000] {dag.py:3441} INFO - Setting next_dagrun for example_sensors to None, run_after=None
[2023-03-08T12:15:30.152+0000] {processor.py:175} INFO - Processing /home/airflow/.local/lib/python3.7/site-packages/airflow/example_dags/example_sensors.py took 0.462 seconds
[2023-03-08T12:16:00.283+0000] {processor.py:153} INFO - Started process (PID=14627) to work on /home/airflow/.local/lib/python3.7/site-packages/airflow/example_dags/example_sensors.py
[2023-03-08T12:16:00.285+0000] {processor.py:743} INFO - Processing file /home/airflow/.local/lib/python3.7/site-packages/airflow/example_dags/example_sensors.py for tasks to queue
[2023-03-08T12:16:00.287+0000] {logging_mixin.py:137} INFO - [2023-03-08T12:16:00.287+0000] {dagbag.py:538} INFO - Filling up the DagBag from /home/airflow/.local/lib/python3.7/site-packages/airflow/example_dags/example_sensors.py
[2023-03-08T12:16:00.317+0000] {processor.py:753} INFO - DAG(s) dict_keys(['example_sensors']) retrieved from /home/airflow/.local/lib/python3.7/site-packages/airflow/example_dags/example_sensors.py
[2023-03-08T12:16:00.371+0000] {logging_mixin.py:137} INFO - [2023-03-08T12:16:00.370+0000] {dag.py:2690} INFO - Sync 1 DAGs
[2023-03-08T12:16:00.406+0000] {logging_mixin.py:137} INFO - [2023-03-08T12:16:00.405+0000] {dag.py:3441} INFO - Setting next_dagrun for example_sensors to None, run_after=None
[2023-03-08T12:16:00.461+0000] {processor.py:175} INFO - Processing /home/airflow/.local/lib/python3.7/site-packages/airflow/example_dags/example_sensors.py took 0.185 seconds
[2023-03-08T12:16:31.030+0000] {processor.py:153} INFO - Started process (PID=14687) to work on /home/airflow/.local/lib/python3.7/site-packages/airflow/example_dags/example_sensors.py
[2023-03-08T12:16:31.033+0000] {processor.py:743} INFO - Processing file /home/airflow/.local/lib/python3.7/site-packages/airflow/example_dags/example_sensors.py for tasks to queue
[2023-03-08T12:16:31.035+0000] {logging_mixin.py:137} INFO - [2023-03-08T12:16:31.035+0000] {dagbag.py:538} INFO - Filling up the DagBag from /home/airflow/.local/lib/python3.7/site-packages/airflow/example_dags/example_sensors.py
[2023-03-08T12:16:31.068+0000] {processor.py:753} INFO - DAG(s) dict_keys(['example_sensors']) retrieved from /home/airflow/.local/lib/python3.7/site-packages/airflow/example_dags/example_sensors.py
[2023-03-08T12:16:31.113+0000] {logging_mixin.py:137} INFO - [2023-03-08T12:16:31.113+0000] {dag.py:2690} INFO - Sync 1 DAGs
[2023-03-08T12:16:31.151+0000] {logging_mixin.py:137} INFO - [2023-03-08T12:16:31.151+0000] {dag.py:3441} INFO - Setting next_dagrun for example_sensors to None, run_after=None
[2023-03-08T12:16:31.185+0000] {processor.py:175} INFO - Processing /home/airflow/.local/lib/python3.7/site-packages/airflow/example_dags/example_sensors.py took 0.164 seconds
[2023-03-08T12:17:01.404+0000] {processor.py:153} INFO - Started process (PID=14745) to work on /home/airflow/.local/lib/python3.7/site-packages/airflow/example_dags/example_sensors.py
[2023-03-08T12:17:01.409+0000] {processor.py:743} INFO - Processing file /home/airflow/.local/lib/python3.7/site-packages/airflow/example_dags/example_sensors.py for tasks to queue
[2023-03-08T12:17:01.415+0000] {logging_mixin.py:137} INFO - [2023-03-08T12:17:01.414+0000] {dagbag.py:538} INFO - Filling up the DagBag from /home/airflow/.local/lib/python3.7/site-packages/airflow/example_dags/example_sensors.py
[2023-03-08T12:17:01.456+0000] {processor.py:753} INFO - DAG(s) dict_keys(['example_sensors']) retrieved from /home/airflow/.local/lib/python3.7/site-packages/airflow/example_dags/example_sensors.py
[2023-03-08T12:17:01.557+0000] {logging_mixin.py:137} INFO - [2023-03-08T12:17:01.557+0000] {dag.py:2690} INFO - Sync 1 DAGs
[2023-03-08T12:17:01.628+0000] {logging_mixin.py:137} INFO - [2023-03-08T12:17:01.628+0000] {dag.py:3441} INFO - Setting next_dagrun for example_sensors to None, run_after=None
[2023-03-08T12:17:01.690+0000] {processor.py:175} INFO - Processing /home/airflow/.local/lib/python3.7/site-packages/airflow/example_dags/example_sensors.py took 0.300 seconds
[2023-03-08T12:17:31.823+0000] {processor.py:153} INFO - Started process (PID=14813) to work on /home/airflow/.local/lib/python3.7/site-packages/airflow/example_dags/example_sensors.py
[2023-03-08T12:17:31.831+0000] {processor.py:743} INFO - Processing file /home/airflow/.local/lib/python3.7/site-packages/airflow/example_dags/example_sensors.py for tasks to queue
[2023-03-08T12:17:31.833+0000] {logging_mixin.py:137} INFO - [2023-03-08T12:17:31.833+0000] {dagbag.py:538} INFO - Filling up the DagBag from /home/airflow/.local/lib/python3.7/site-packages/airflow/example_dags/example_sensors.py
[2023-03-08T12:17:31.889+0000] {processor.py:753} INFO - DAG(s) dict_keys(['example_sensors']) retrieved from /home/airflow/.local/lib/python3.7/site-packages/airflow/example_dags/example_sensors.py
[2023-03-08T12:17:31.976+0000] {logging_mixin.py:137} INFO - [2023-03-08T12:17:31.976+0000] {dag.py:2690} INFO - Sync 1 DAGs
[2023-03-08T12:17:32.049+0000] {logging_mixin.py:137} INFO - [2023-03-08T12:17:32.049+0000] {dag.py:3441} INFO - Setting next_dagrun for example_sensors to None, run_after=None
[2023-03-08T12:17:32.109+0000] {processor.py:175} INFO - Processing /home/airflow/.local/lib/python3.7/site-packages/airflow/example_dags/example_sensors.py took 0.291 seconds
