[2023-03-08T01:49:41.812+0000] {processor.py:153} INFO - Started process (PID=12200) to work on /home/airflow/.local/lib/python3.7/site-packages/airflow/example_dags/example_dynamic_task_mapping.py
[2023-03-08T01:49:41.815+0000] {processor.py:743} INFO - Processing file /home/airflow/.local/lib/python3.7/site-packages/airflow/example_dags/example_dynamic_task_mapping.py for tasks to queue
[2023-03-08T01:49:41.818+0000] {logging_mixin.py:137} INFO - [2023-03-08T01:49:41.818+0000] {dagbag.py:538} INFO - Filling up the DagBag from /home/airflow/.local/lib/python3.7/site-packages/airflow/example_dags/example_dynamic_task_mapping.py
[2023-03-08T01:49:41.872+0000] {processor.py:753} INFO - DAG(s) dict_keys(['example_dynamic_task_mapping']) retrieved from /home/airflow/.local/lib/python3.7/site-packages/airflow/example_dags/example_dynamic_task_mapping.py
[2023-03-08T01:49:41.928+0000] {logging_mixin.py:137} INFO - [2023-03-08T01:49:41.927+0000] {dag.py:2690} INFO - Sync 1 DAGs
[2023-03-08T01:49:41.980+0000] {logging_mixin.py:137} INFO - [2023-03-08T01:49:41.979+0000] {dag.py:3441} INFO - Setting next_dagrun for example_dynamic_task_mapping to 2022-03-04T00:00:00+00:00, run_after=2022-03-05T00:00:00+00:00
[2023-03-08T01:49:42.014+0000] {processor.py:175} INFO - Processing /home/airflow/.local/lib/python3.7/site-packages/airflow/example_dags/example_dynamic_task_mapping.py took 0.209 seconds
[2023-03-08T03:17:58.299+0000] {processor.py:153} INFO - Started process (PID=12239) to work on /home/airflow/.local/lib/python3.7/site-packages/airflow/example_dags/example_dynamic_task_mapping.py
[2023-03-08T03:17:58.303+0000] {processor.py:743} INFO - Processing file /home/airflow/.local/lib/python3.7/site-packages/airflow/example_dags/example_dynamic_task_mapping.py for tasks to queue
[2023-03-08T03:17:58.311+0000] {logging_mixin.py:137} INFO - [2023-03-08T03:17:58.310+0000] {dagbag.py:538} INFO - Filling up the DagBag from /home/airflow/.local/lib/python3.7/site-packages/airflow/example_dags/example_dynamic_task_mapping.py
[2023-03-08T03:17:58.402+0000] {processor.py:753} INFO - DAG(s) dict_keys(['example_dynamic_task_mapping']) retrieved from /home/airflow/.local/lib/python3.7/site-packages/airflow/example_dags/example_dynamic_task_mapping.py
[2023-03-08T03:17:58.476+0000] {logging_mixin.py:137} INFO - [2023-03-08T03:17:58.475+0000] {dag.py:2690} INFO - Sync 1 DAGs
[2023-03-08T03:17:58.544+0000] {logging_mixin.py:137} INFO - [2023-03-08T03:17:58.544+0000] {dag.py:3441} INFO - Setting next_dagrun for example_dynamic_task_mapping to 2022-03-04T00:00:00+00:00, run_after=2022-03-05T00:00:00+00:00
[2023-03-08T03:17:58.613+0000] {processor.py:175} INFO - Processing /home/airflow/.local/lib/python3.7/site-packages/airflow/example_dags/example_dynamic_task_mapping.py took 0.327 seconds
[2023-03-08T11:47:15.817+0000] {processor.py:153} INFO - Started process (PID=12280) to work on /home/airflow/.local/lib/python3.7/site-packages/airflow/example_dags/example_dynamic_task_mapping.py
[2023-03-08T11:47:15.822+0000] {processor.py:743} INFO - Processing file /home/airflow/.local/lib/python3.7/site-packages/airflow/example_dags/example_dynamic_task_mapping.py for tasks to queue
[2023-03-08T11:47:15.829+0000] {logging_mixin.py:137} INFO - [2023-03-08T11:47:15.828+0000] {dagbag.py:538} INFO - Filling up the DagBag from /home/airflow/.local/lib/python3.7/site-packages/airflow/example_dags/example_dynamic_task_mapping.py
[2023-03-08T11:47:15.921+0000] {processor.py:753} INFO - DAG(s) dict_keys(['example_dynamic_task_mapping']) retrieved from /home/airflow/.local/lib/python3.7/site-packages/airflow/example_dags/example_dynamic_task_mapping.py
[2023-03-08T11:47:16.029+0000] {logging_mixin.py:137} INFO - [2023-03-08T11:47:16.029+0000] {dag.py:2690} INFO - Sync 1 DAGs
[2023-03-08T11:47:16.231+0000] {logging_mixin.py:137} INFO - [2023-03-08T11:47:16.230+0000] {dag.py:3441} INFO - Setting next_dagrun for example_dynamic_task_mapping to 2022-03-04T00:00:00+00:00, run_after=2022-03-05T00:00:00+00:00
[2023-03-08T11:47:16.521+0000] {processor.py:175} INFO - Processing /home/airflow/.local/lib/python3.7/site-packages/airflow/example_dags/example_dynamic_task_mapping.py took 0.718 seconds
[2023-03-08T11:56:53.746+0000] {processor.py:153} INFO - Started process (PID=12337) to work on /home/airflow/.local/lib/python3.7/site-packages/airflow/example_dags/example_dynamic_task_mapping.py
[2023-03-08T11:56:53.753+0000] {processor.py:743} INFO - Processing file /home/airflow/.local/lib/python3.7/site-packages/airflow/example_dags/example_dynamic_task_mapping.py for tasks to queue
[2023-03-08T11:56:53.768+0000] {logging_mixin.py:137} INFO - [2023-03-08T11:56:53.767+0000] {dagbag.py:538} INFO - Filling up the DagBag from /home/airflow/.local/lib/python3.7/site-packages/airflow/example_dags/example_dynamic_task_mapping.py
[2023-03-08T11:56:53.930+0000] {processor.py:753} INFO - DAG(s) dict_keys(['example_dynamic_task_mapping']) retrieved from /home/airflow/.local/lib/python3.7/site-packages/airflow/example_dags/example_dynamic_task_mapping.py
[2023-03-08T11:56:54.139+0000] {logging_mixin.py:137} INFO - [2023-03-08T11:56:54.139+0000] {dag.py:2690} INFO - Sync 1 DAGs
[2023-03-08T11:56:54.300+0000] {logging_mixin.py:137} INFO - [2023-03-08T11:56:54.299+0000] {dag.py:3441} INFO - Setting next_dagrun for example_dynamic_task_mapping to 2022-03-04T00:00:00+00:00, run_after=2022-03-05T00:00:00+00:00
[2023-03-08T11:56:54.404+0000] {processor.py:175} INFO - Processing /home/airflow/.local/lib/python3.7/site-packages/airflow/example_dags/example_dynamic_task_mapping.py took 0.672 seconds
[2023-03-08T11:57:24.690+0000] {processor.py:153} INFO - Started process (PID=12395) to work on /home/airflow/.local/lib/python3.7/site-packages/airflow/example_dags/example_dynamic_task_mapping.py
[2023-03-08T11:57:24.698+0000] {processor.py:743} INFO - Processing file /home/airflow/.local/lib/python3.7/site-packages/airflow/example_dags/example_dynamic_task_mapping.py for tasks to queue
[2023-03-08T11:57:24.702+0000] {logging_mixin.py:137} INFO - [2023-03-08T11:57:24.702+0000] {dagbag.py:538} INFO - Filling up the DagBag from /home/airflow/.local/lib/python3.7/site-packages/airflow/example_dags/example_dynamic_task_mapping.py
[2023-03-08T11:57:24.741+0000] {processor.py:753} INFO - DAG(s) dict_keys(['example_dynamic_task_mapping']) retrieved from /home/airflow/.local/lib/python3.7/site-packages/airflow/example_dags/example_dynamic_task_mapping.py
[2023-03-08T11:57:24.793+0000] {logging_mixin.py:137} INFO - [2023-03-08T11:57:24.792+0000] {dag.py:2690} INFO - Sync 1 DAGs
[2023-03-08T11:57:24.850+0000] {logging_mixin.py:137} INFO - [2023-03-08T11:57:24.850+0000] {dag.py:3441} INFO - Setting next_dagrun for example_dynamic_task_mapping to 2022-03-04T00:00:00+00:00, run_after=2022-03-05T00:00:00+00:00
[2023-03-08T11:57:24.899+0000] {processor.py:175} INFO - Processing /home/airflow/.local/lib/python3.7/site-packages/airflow/example_dags/example_dynamic_task_mapping.py took 0.214 seconds
[2023-03-08T11:57:55.014+0000] {processor.py:153} INFO - Started process (PID=12455) to work on /home/airflow/.local/lib/python3.7/site-packages/airflow/example_dags/example_dynamic_task_mapping.py
[2023-03-08T11:57:55.017+0000] {processor.py:743} INFO - Processing file /home/airflow/.local/lib/python3.7/site-packages/airflow/example_dags/example_dynamic_task_mapping.py for tasks to queue
[2023-03-08T11:57:55.022+0000] {logging_mixin.py:137} INFO - [2023-03-08T11:57:55.022+0000] {dagbag.py:538} INFO - Filling up the DagBag from /home/airflow/.local/lib/python3.7/site-packages/airflow/example_dags/example_dynamic_task_mapping.py
[2023-03-08T11:57:55.070+0000] {processor.py:753} INFO - DAG(s) dict_keys(['example_dynamic_task_mapping']) retrieved from /home/airflow/.local/lib/python3.7/site-packages/airflow/example_dags/example_dynamic_task_mapping.py
[2023-03-08T11:57:55.122+0000] {logging_mixin.py:137} INFO - [2023-03-08T11:57:55.121+0000] {dag.py:2690} INFO - Sync 1 DAGs
[2023-03-08T11:57:55.204+0000] {logging_mixin.py:137} INFO - [2023-03-08T11:57:55.204+0000] {dag.py:3441} INFO - Setting next_dagrun for example_dynamic_task_mapping to 2022-03-04T00:00:00+00:00, run_after=2022-03-05T00:00:00+00:00
[2023-03-08T11:57:55.248+0000] {processor.py:175} INFO - Processing /home/airflow/.local/lib/python3.7/site-packages/airflow/example_dags/example_dynamic_task_mapping.py took 0.242 seconds
[2023-03-08T11:58:25.738+0000] {processor.py:153} INFO - Started process (PID=12513) to work on /home/airflow/.local/lib/python3.7/site-packages/airflow/example_dags/example_dynamic_task_mapping.py
[2023-03-08T11:58:25.745+0000] {processor.py:743} INFO - Processing file /home/airflow/.local/lib/python3.7/site-packages/airflow/example_dags/example_dynamic_task_mapping.py for tasks to queue
[2023-03-08T11:58:25.753+0000] {logging_mixin.py:137} INFO - [2023-03-08T11:58:25.752+0000] {dagbag.py:538} INFO - Filling up the DagBag from /home/airflow/.local/lib/python3.7/site-packages/airflow/example_dags/example_dynamic_task_mapping.py
[2023-03-08T11:58:25.833+0000] {processor.py:753} INFO - DAG(s) dict_keys(['example_dynamic_task_mapping']) retrieved from /home/airflow/.local/lib/python3.7/site-packages/airflow/example_dags/example_dynamic_task_mapping.py
[2023-03-08T11:58:25.926+0000] {logging_mixin.py:137} INFO - [2023-03-08T11:58:25.926+0000] {dag.py:2690} INFO - Sync 1 DAGs
[2023-03-08T11:58:25.996+0000] {logging_mixin.py:137} INFO - [2023-03-08T11:58:25.995+0000] {dag.py:3441} INFO - Setting next_dagrun for example_dynamic_task_mapping to 2022-03-04T00:00:00+00:00, run_after=2022-03-05T00:00:00+00:00
[2023-03-08T11:58:26.033+0000] {processor.py:175} INFO - Processing /home/airflow/.local/lib/python3.7/site-packages/airflow/example_dags/example_dynamic_task_mapping.py took 0.310 seconds
[2023-03-08T11:58:56.683+0000] {processor.py:153} INFO - Started process (PID=12581) to work on /home/airflow/.local/lib/python3.7/site-packages/airflow/example_dags/example_dynamic_task_mapping.py
[2023-03-08T11:58:56.688+0000] {processor.py:743} INFO - Processing file /home/airflow/.local/lib/python3.7/site-packages/airflow/example_dags/example_dynamic_task_mapping.py for tasks to queue
[2023-03-08T11:58:56.693+0000] {logging_mixin.py:137} INFO - [2023-03-08T11:58:56.691+0000] {dagbag.py:538} INFO - Filling up the DagBag from /home/airflow/.local/lib/python3.7/site-packages/airflow/example_dags/example_dynamic_task_mapping.py
[2023-03-08T11:58:56.780+0000] {processor.py:753} INFO - DAG(s) dict_keys(['example_dynamic_task_mapping']) retrieved from /home/airflow/.local/lib/python3.7/site-packages/airflow/example_dags/example_dynamic_task_mapping.py
[2023-03-08T11:58:56.863+0000] {logging_mixin.py:137} INFO - [2023-03-08T11:58:56.863+0000] {dag.py:2690} INFO - Sync 1 DAGs
[2023-03-08T11:58:56.924+0000] {logging_mixin.py:137} INFO - [2023-03-08T11:58:56.923+0000] {dag.py:3441} INFO - Setting next_dagrun for example_dynamic_task_mapping to 2022-03-04T00:00:00+00:00, run_after=2022-03-05T00:00:00+00:00
[2023-03-08T11:58:56.979+0000] {processor.py:175} INFO - Processing /home/airflow/.local/lib/python3.7/site-packages/airflow/example_dags/example_dynamic_task_mapping.py took 0.308 seconds
[2023-03-08T11:59:28.842+0000] {processor.py:153} INFO - Started process (PID=12639) to work on /home/airflow/.local/lib/python3.7/site-packages/airflow/example_dags/example_dynamic_task_mapping.py
[2023-03-08T11:59:28.851+0000] {processor.py:743} INFO - Processing file /home/airflow/.local/lib/python3.7/site-packages/airflow/example_dags/example_dynamic_task_mapping.py for tasks to queue
[2023-03-08T11:59:28.857+0000] {logging_mixin.py:137} INFO - [2023-03-08T11:59:28.855+0000] {dagbag.py:538} INFO - Filling up the DagBag from /home/airflow/.local/lib/python3.7/site-packages/airflow/example_dags/example_dynamic_task_mapping.py
[2023-03-08T11:59:28.937+0000] {processor.py:753} INFO - DAG(s) dict_keys(['example_dynamic_task_mapping']) retrieved from /home/airflow/.local/lib/python3.7/site-packages/airflow/example_dags/example_dynamic_task_mapping.py
[2023-03-08T11:59:28.999+0000] {logging_mixin.py:137} INFO - [2023-03-08T11:59:28.998+0000] {dag.py:2690} INFO - Sync 1 DAGs
[2023-03-08T11:59:29.065+0000] {logging_mixin.py:137} INFO - [2023-03-08T11:59:29.065+0000] {dag.py:3441} INFO - Setting next_dagrun for example_dynamic_task_mapping to 2022-03-04T00:00:00+00:00, run_after=2022-03-05T00:00:00+00:00
[2023-03-08T11:59:29.114+0000] {processor.py:175} INFO - Processing /home/airflow/.local/lib/python3.7/site-packages/airflow/example_dags/example_dynamic_task_mapping.py took 0.288 seconds
[2023-03-08T11:59:59.932+0000] {processor.py:153} INFO - Started process (PID=12697) to work on /home/airflow/.local/lib/python3.7/site-packages/airflow/example_dags/example_dynamic_task_mapping.py
[2023-03-08T11:59:59.935+0000] {processor.py:743} INFO - Processing file /home/airflow/.local/lib/python3.7/site-packages/airflow/example_dags/example_dynamic_task_mapping.py for tasks to queue
[2023-03-08T11:59:59.937+0000] {logging_mixin.py:137} INFO - [2023-03-08T11:59:59.937+0000] {dagbag.py:538} INFO - Filling up the DagBag from /home/airflow/.local/lib/python3.7/site-packages/airflow/example_dags/example_dynamic_task_mapping.py
[2023-03-08T11:59:59.975+0000] {processor.py:753} INFO - DAG(s) dict_keys(['example_dynamic_task_mapping']) retrieved from /home/airflow/.local/lib/python3.7/site-packages/airflow/example_dags/example_dynamic_task_mapping.py
[2023-03-08T12:00:00.030+0000] {logging_mixin.py:137} INFO - [2023-03-08T12:00:00.030+0000] {dag.py:2690} INFO - Sync 1 DAGs
[2023-03-08T12:00:00.061+0000] {logging_mixin.py:137} INFO - [2023-03-08T12:00:00.061+0000] {dag.py:3441} INFO - Setting next_dagrun for example_dynamic_task_mapping to 2022-03-04T00:00:00+00:00, run_after=2022-03-05T00:00:00+00:00
[2023-03-08T12:00:00.092+0000] {processor.py:175} INFO - Processing /home/airflow/.local/lib/python3.7/site-packages/airflow/example_dags/example_dynamic_task_mapping.py took 0.166 seconds
[2023-03-08T12:00:30.260+0000] {processor.py:153} INFO - Started process (PID=12755) to work on /home/airflow/.local/lib/python3.7/site-packages/airflow/example_dags/example_dynamic_task_mapping.py
[2023-03-08T12:00:30.263+0000] {processor.py:743} INFO - Processing file /home/airflow/.local/lib/python3.7/site-packages/airflow/example_dags/example_dynamic_task_mapping.py for tasks to queue
[2023-03-08T12:00:30.267+0000] {logging_mixin.py:137} INFO - [2023-03-08T12:00:30.267+0000] {dagbag.py:538} INFO - Filling up the DagBag from /home/airflow/.local/lib/python3.7/site-packages/airflow/example_dags/example_dynamic_task_mapping.py
[2023-03-08T12:00:30.306+0000] {processor.py:753} INFO - DAG(s) dict_keys(['example_dynamic_task_mapping']) retrieved from /home/airflow/.local/lib/python3.7/site-packages/airflow/example_dags/example_dynamic_task_mapping.py
[2023-03-08T12:00:30.372+0000] {logging_mixin.py:137} INFO - [2023-03-08T12:00:30.372+0000] {dag.py:2690} INFO - Sync 1 DAGs
[2023-03-08T12:00:30.448+0000] {logging_mixin.py:137} INFO - [2023-03-08T12:00:30.448+0000] {dag.py:3441} INFO - Setting next_dagrun for example_dynamic_task_mapping to 2022-03-04T00:00:00+00:00, run_after=2022-03-05T00:00:00+00:00
[2023-03-08T12:00:30.511+0000] {processor.py:175} INFO - Processing /home/airflow/.local/lib/python3.7/site-packages/airflow/example_dags/example_dynamic_task_mapping.py took 0.263 seconds
[2023-03-08T12:01:01.885+0000] {processor.py:153} INFO - Started process (PID=12820) to work on /home/airflow/.local/lib/python3.7/site-packages/airflow/example_dags/example_dynamic_task_mapping.py
[2023-03-08T12:01:01.892+0000] {processor.py:743} INFO - Processing file /home/airflow/.local/lib/python3.7/site-packages/airflow/example_dags/example_dynamic_task_mapping.py for tasks to queue
[2023-03-08T12:01:01.897+0000] {logging_mixin.py:137} INFO - [2023-03-08T12:01:01.896+0000] {dagbag.py:538} INFO - Filling up the DagBag from /home/airflow/.local/lib/python3.7/site-packages/airflow/example_dags/example_dynamic_task_mapping.py
[2023-03-08T12:01:01.997+0000] {processor.py:753} INFO - DAG(s) dict_keys(['example_dynamic_task_mapping']) retrieved from /home/airflow/.local/lib/python3.7/site-packages/airflow/example_dags/example_dynamic_task_mapping.py
[2023-03-08T12:01:02.096+0000] {logging_mixin.py:137} INFO - [2023-03-08T12:01:02.095+0000] {dag.py:2690} INFO - Sync 1 DAGs
[2023-03-08T12:01:02.167+0000] {logging_mixin.py:137} INFO - [2023-03-08T12:01:02.167+0000] {dag.py:3441} INFO - Setting next_dagrun for example_dynamic_task_mapping to 2022-03-04T00:00:00+00:00, run_after=2022-03-05T00:00:00+00:00
[2023-03-08T12:01:02.214+0000] {processor.py:175} INFO - Processing /home/airflow/.local/lib/python3.7/site-packages/airflow/example_dags/example_dynamic_task_mapping.py took 0.337 seconds
[2023-03-08T12:01:32.475+0000] {processor.py:153} INFO - Started process (PID=12880) to work on /home/airflow/.local/lib/python3.7/site-packages/airflow/example_dags/example_dynamic_task_mapping.py
[2023-03-08T12:01:32.477+0000] {processor.py:743} INFO - Processing file /home/airflow/.local/lib/python3.7/site-packages/airflow/example_dags/example_dynamic_task_mapping.py for tasks to queue
[2023-03-08T12:01:32.479+0000] {logging_mixin.py:137} INFO - [2023-03-08T12:01:32.479+0000] {dagbag.py:538} INFO - Filling up the DagBag from /home/airflow/.local/lib/python3.7/site-packages/airflow/example_dags/example_dynamic_task_mapping.py
[2023-03-08T12:01:32.509+0000] {processor.py:753} INFO - DAG(s) dict_keys(['example_dynamic_task_mapping']) retrieved from /home/airflow/.local/lib/python3.7/site-packages/airflow/example_dags/example_dynamic_task_mapping.py
[2023-03-08T12:01:32.543+0000] {logging_mixin.py:137} INFO - [2023-03-08T12:01:32.542+0000] {dag.py:2690} INFO - Sync 1 DAGs
[2023-03-08T12:01:32.570+0000] {logging_mixin.py:137} INFO - [2023-03-08T12:01:32.570+0000] {dag.py:3441} INFO - Setting next_dagrun for example_dynamic_task_mapping to 2022-03-04T00:00:00+00:00, run_after=2022-03-05T00:00:00+00:00
[2023-03-08T12:01:32.593+0000] {processor.py:175} INFO - Processing /home/airflow/.local/lib/python3.7/site-packages/airflow/example_dags/example_dynamic_task_mapping.py took 0.123 seconds
[2023-03-08T12:02:03.240+0000] {processor.py:153} INFO - Started process (PID=12938) to work on /home/airflow/.local/lib/python3.7/site-packages/airflow/example_dags/example_dynamic_task_mapping.py
[2023-03-08T12:02:03.248+0000] {processor.py:743} INFO - Processing file /home/airflow/.local/lib/python3.7/site-packages/airflow/example_dags/example_dynamic_task_mapping.py for tasks to queue
[2023-03-08T12:02:03.253+0000] {logging_mixin.py:137} INFO - [2023-03-08T12:02:03.252+0000] {dagbag.py:538} INFO - Filling up the DagBag from /home/airflow/.local/lib/python3.7/site-packages/airflow/example_dags/example_dynamic_task_mapping.py
[2023-03-08T12:02:03.322+0000] {processor.py:753} INFO - DAG(s) dict_keys(['example_dynamic_task_mapping']) retrieved from /home/airflow/.local/lib/python3.7/site-packages/airflow/example_dags/example_dynamic_task_mapping.py
[2023-03-08T12:02:03.376+0000] {logging_mixin.py:137} INFO - [2023-03-08T12:02:03.375+0000] {dag.py:2690} INFO - Sync 1 DAGs
[2023-03-08T12:02:03.420+0000] {logging_mixin.py:137} INFO - [2023-03-08T12:02:03.419+0000] {dag.py:3441} INFO - Setting next_dagrun for example_dynamic_task_mapping to 2022-03-04T00:00:00+00:00, run_after=2022-03-05T00:00:00+00:00
[2023-03-08T12:02:03.462+0000] {processor.py:175} INFO - Processing /home/airflow/.local/lib/python3.7/site-packages/airflow/example_dags/example_dynamic_task_mapping.py took 0.244 seconds
[2023-03-08T12:02:34.106+0000] {processor.py:153} INFO - Started process (PID=13005) to work on /home/airflow/.local/lib/python3.7/site-packages/airflow/example_dags/example_dynamic_task_mapping.py
[2023-03-08T12:02:34.109+0000] {processor.py:743} INFO - Processing file /home/airflow/.local/lib/python3.7/site-packages/airflow/example_dags/example_dynamic_task_mapping.py for tasks to queue
[2023-03-08T12:02:34.111+0000] {logging_mixin.py:137} INFO - [2023-03-08T12:02:34.111+0000] {dagbag.py:538} INFO - Filling up the DagBag from /home/airflow/.local/lib/python3.7/site-packages/airflow/example_dags/example_dynamic_task_mapping.py
[2023-03-08T12:02:34.146+0000] {processor.py:753} INFO - DAG(s) dict_keys(['example_dynamic_task_mapping']) retrieved from /home/airflow/.local/lib/python3.7/site-packages/airflow/example_dags/example_dynamic_task_mapping.py
[2023-03-08T12:02:34.185+0000] {logging_mixin.py:137} INFO - [2023-03-08T12:02:34.185+0000] {dag.py:2690} INFO - Sync 1 DAGs
[2023-03-08T12:02:34.223+0000] {logging_mixin.py:137} INFO - [2023-03-08T12:02:34.223+0000] {dag.py:3441} INFO - Setting next_dagrun for example_dynamic_task_mapping to 2022-03-04T00:00:00+00:00, run_after=2022-03-05T00:00:00+00:00
[2023-03-08T12:02:34.249+0000] {processor.py:175} INFO - Processing /home/airflow/.local/lib/python3.7/site-packages/airflow/example_dags/example_dynamic_task_mapping.py took 0.149 seconds
[2023-03-08T12:03:04.709+0000] {processor.py:153} INFO - Started process (PID=13065) to work on /home/airflow/.local/lib/python3.7/site-packages/airflow/example_dags/example_dynamic_task_mapping.py
[2023-03-08T12:03:04.718+0000] {processor.py:743} INFO - Processing file /home/airflow/.local/lib/python3.7/site-packages/airflow/example_dags/example_dynamic_task_mapping.py for tasks to queue
[2023-03-08T12:03:04.724+0000] {logging_mixin.py:137} INFO - [2023-03-08T12:03:04.723+0000] {dagbag.py:538} INFO - Filling up the DagBag from /home/airflow/.local/lib/python3.7/site-packages/airflow/example_dags/example_dynamic_task_mapping.py
[2023-03-08T12:03:04.841+0000] {processor.py:753} INFO - DAG(s) dict_keys(['example_dynamic_task_mapping']) retrieved from /home/airflow/.local/lib/python3.7/site-packages/airflow/example_dags/example_dynamic_task_mapping.py
[2023-03-08T12:03:04.932+0000] {logging_mixin.py:137} INFO - [2023-03-08T12:03:04.932+0000] {dag.py:2690} INFO - Sync 1 DAGs
[2023-03-08T12:03:05.028+0000] {logging_mixin.py:137} INFO - [2023-03-08T12:03:05.027+0000] {dag.py:3441} INFO - Setting next_dagrun for example_dynamic_task_mapping to 2022-03-04T00:00:00+00:00, run_after=2022-03-05T00:00:00+00:00
[2023-03-08T12:03:05.088+0000] {processor.py:175} INFO - Processing /home/airflow/.local/lib/python3.7/site-packages/airflow/example_dags/example_dynamic_task_mapping.py took 0.393 seconds
[2023-03-08T12:03:35.690+0000] {processor.py:153} INFO - Started process (PID=13129) to work on /home/airflow/.local/lib/python3.7/site-packages/airflow/example_dags/example_dynamic_task_mapping.py
[2023-03-08T12:03:35.694+0000] {processor.py:743} INFO - Processing file /home/airflow/.local/lib/python3.7/site-packages/airflow/example_dags/example_dynamic_task_mapping.py for tasks to queue
[2023-03-08T12:03:35.699+0000] {logging_mixin.py:137} INFO - [2023-03-08T12:03:35.698+0000] {dagbag.py:538} INFO - Filling up the DagBag from /home/airflow/.local/lib/python3.7/site-packages/airflow/example_dags/example_dynamic_task_mapping.py
[2023-03-08T12:03:35.763+0000] {processor.py:753} INFO - DAG(s) dict_keys(['example_dynamic_task_mapping']) retrieved from /home/airflow/.local/lib/python3.7/site-packages/airflow/example_dags/example_dynamic_task_mapping.py
[2023-03-08T12:03:35.828+0000] {logging_mixin.py:137} INFO - [2023-03-08T12:03:35.828+0000] {dag.py:2690} INFO - Sync 1 DAGs
[2023-03-08T12:03:35.890+0000] {logging_mixin.py:137} INFO - [2023-03-08T12:03:35.890+0000] {dag.py:3441} INFO - Setting next_dagrun for example_dynamic_task_mapping to 2022-03-04T00:00:00+00:00, run_after=2022-03-05T00:00:00+00:00
[2023-03-08T12:03:35.941+0000] {processor.py:175} INFO - Processing /home/airflow/.local/lib/python3.7/site-packages/airflow/example_dags/example_dynamic_task_mapping.py took 0.268 seconds
[2023-03-08T12:04:06.124+0000] {processor.py:153} INFO - Started process (PID=13191) to work on /home/airflow/.local/lib/python3.7/site-packages/airflow/example_dags/example_dynamic_task_mapping.py
[2023-03-08T12:04:06.126+0000] {processor.py:743} INFO - Processing file /home/airflow/.local/lib/python3.7/site-packages/airflow/example_dags/example_dynamic_task_mapping.py for tasks to queue
[2023-03-08T12:04:06.129+0000] {logging_mixin.py:137} INFO - [2023-03-08T12:04:06.129+0000] {dagbag.py:538} INFO - Filling up the DagBag from /home/airflow/.local/lib/python3.7/site-packages/airflow/example_dags/example_dynamic_task_mapping.py
[2023-03-08T12:04:06.173+0000] {processor.py:753} INFO - DAG(s) dict_keys(['example_dynamic_task_mapping']) retrieved from /home/airflow/.local/lib/python3.7/site-packages/airflow/example_dags/example_dynamic_task_mapping.py
[2023-03-08T12:04:06.220+0000] {logging_mixin.py:137} INFO - [2023-03-08T12:04:06.219+0000] {dag.py:2690} INFO - Sync 1 DAGs
[2023-03-08T12:04:06.278+0000] {logging_mixin.py:137} INFO - [2023-03-08T12:04:06.277+0000] {dag.py:3441} INFO - Setting next_dagrun for example_dynamic_task_mapping to 2022-03-04T00:00:00+00:00, run_after=2022-03-05T00:00:00+00:00
[2023-03-08T12:04:06.312+0000] {processor.py:175} INFO - Processing /home/airflow/.local/lib/python3.7/site-packages/airflow/example_dags/example_dynamic_task_mapping.py took 0.195 seconds
[2023-03-08T12:04:36.427+0000] {processor.py:153} INFO - Started process (PID=13250) to work on /home/airflow/.local/lib/python3.7/site-packages/airflow/example_dags/example_dynamic_task_mapping.py
[2023-03-08T12:04:36.430+0000] {processor.py:743} INFO - Processing file /home/airflow/.local/lib/python3.7/site-packages/airflow/example_dags/example_dynamic_task_mapping.py for tasks to queue
[2023-03-08T12:04:36.434+0000] {logging_mixin.py:137} INFO - [2023-03-08T12:04:36.433+0000] {dagbag.py:538} INFO - Filling up the DagBag from /home/airflow/.local/lib/python3.7/site-packages/airflow/example_dags/example_dynamic_task_mapping.py
[2023-03-08T12:04:36.477+0000] {processor.py:753} INFO - DAG(s) dict_keys(['example_dynamic_task_mapping']) retrieved from /home/airflow/.local/lib/python3.7/site-packages/airflow/example_dags/example_dynamic_task_mapping.py
[2023-03-08T12:04:36.544+0000] {logging_mixin.py:137} INFO - [2023-03-08T12:04:36.544+0000] {dag.py:2690} INFO - Sync 1 DAGs
[2023-03-08T12:04:36.599+0000] {logging_mixin.py:137} INFO - [2023-03-08T12:04:36.598+0000] {dag.py:3441} INFO - Setting next_dagrun for example_dynamic_task_mapping to 2022-03-04T00:00:00+00:00, run_after=2022-03-05T00:00:00+00:00
[2023-03-08T12:04:36.659+0000] {processor.py:175} INFO - Processing /home/airflow/.local/lib/python3.7/site-packages/airflow/example_dags/example_dynamic_task_mapping.py took 0.247 seconds
[2023-03-08T12:05:07.064+0000] {processor.py:153} INFO - Started process (PID=13318) to work on /home/airflow/.local/lib/python3.7/site-packages/airflow/example_dags/example_dynamic_task_mapping.py
[2023-03-08T12:05:07.074+0000] {processor.py:743} INFO - Processing file /home/airflow/.local/lib/python3.7/site-packages/airflow/example_dags/example_dynamic_task_mapping.py for tasks to queue
[2023-03-08T12:05:07.076+0000] {logging_mixin.py:137} INFO - [2023-03-08T12:05:07.076+0000] {dagbag.py:538} INFO - Filling up the DagBag from /home/airflow/.local/lib/python3.7/site-packages/airflow/example_dags/example_dynamic_task_mapping.py
[2023-03-08T12:05:07.149+0000] {processor.py:753} INFO - DAG(s) dict_keys(['example_dynamic_task_mapping']) retrieved from /home/airflow/.local/lib/python3.7/site-packages/airflow/example_dags/example_dynamic_task_mapping.py
[2023-03-08T12:05:07.224+0000] {logging_mixin.py:137} INFO - [2023-03-08T12:05:07.223+0000] {dag.py:2690} INFO - Sync 1 DAGs
[2023-03-08T12:05:07.265+0000] {logging_mixin.py:137} INFO - [2023-03-08T12:05:07.264+0000] {dag.py:3441} INFO - Setting next_dagrun for example_dynamic_task_mapping to 2022-03-04T00:00:00+00:00, run_after=2022-03-05T00:00:00+00:00
[2023-03-08T12:05:07.292+0000] {processor.py:175} INFO - Processing /home/airflow/.local/lib/python3.7/site-packages/airflow/example_dags/example_dynamic_task_mapping.py took 0.236 seconds
[2023-03-08T12:05:37.717+0000] {processor.py:153} INFO - Started process (PID=13376) to work on /home/airflow/.local/lib/python3.7/site-packages/airflow/example_dags/example_dynamic_task_mapping.py
[2023-03-08T12:05:37.726+0000] {processor.py:743} INFO - Processing file /home/airflow/.local/lib/python3.7/site-packages/airflow/example_dags/example_dynamic_task_mapping.py for tasks to queue
[2023-03-08T12:05:37.729+0000] {logging_mixin.py:137} INFO - [2023-03-08T12:05:37.729+0000] {dagbag.py:538} INFO - Filling up the DagBag from /home/airflow/.local/lib/python3.7/site-packages/airflow/example_dags/example_dynamic_task_mapping.py
[2023-03-08T12:05:37.781+0000] {processor.py:753} INFO - DAG(s) dict_keys(['example_dynamic_task_mapping']) retrieved from /home/airflow/.local/lib/python3.7/site-packages/airflow/example_dags/example_dynamic_task_mapping.py
[2023-03-08T12:05:37.823+0000] {logging_mixin.py:137} INFO - [2023-03-08T12:05:37.823+0000] {dag.py:2690} INFO - Sync 1 DAGs
[2023-03-08T12:05:37.858+0000] {logging_mixin.py:137} INFO - [2023-03-08T12:05:37.858+0000] {dag.py:3441} INFO - Setting next_dagrun for example_dynamic_task_mapping to 2022-03-04T00:00:00+00:00, run_after=2022-03-05T00:00:00+00:00
[2023-03-08T12:05:37.903+0000] {processor.py:175} INFO - Processing /home/airflow/.local/lib/python3.7/site-packages/airflow/example_dags/example_dynamic_task_mapping.py took 0.195 seconds
[2023-03-08T12:06:08.677+0000] {processor.py:153} INFO - Started process (PID=13435) to work on /home/airflow/.local/lib/python3.7/site-packages/airflow/example_dags/example_dynamic_task_mapping.py
[2023-03-08T12:06:08.679+0000] {processor.py:743} INFO - Processing file /home/airflow/.local/lib/python3.7/site-packages/airflow/example_dags/example_dynamic_task_mapping.py for tasks to queue
[2023-03-08T12:06:08.681+0000] {logging_mixin.py:137} INFO - [2023-03-08T12:06:08.680+0000] {dagbag.py:538} INFO - Filling up the DagBag from /home/airflow/.local/lib/python3.7/site-packages/airflow/example_dags/example_dynamic_task_mapping.py
[2023-03-08T12:06:08.711+0000] {processor.py:753} INFO - DAG(s) dict_keys(['example_dynamic_task_mapping']) retrieved from /home/airflow/.local/lib/python3.7/site-packages/airflow/example_dags/example_dynamic_task_mapping.py
[2023-03-08T12:06:08.818+0000] {logging_mixin.py:137} INFO - [2023-03-08T12:06:08.818+0000] {dag.py:2690} INFO - Sync 1 DAGs
[2023-03-08T12:06:08.862+0000] {logging_mixin.py:137} INFO - [2023-03-08T12:06:08.862+0000] {dag.py:3441} INFO - Setting next_dagrun for example_dynamic_task_mapping to 2022-03-04T00:00:00+00:00, run_after=2022-03-05T00:00:00+00:00
[2023-03-08T12:06:08.905+0000] {processor.py:175} INFO - Processing /home/airflow/.local/lib/python3.7/site-packages/airflow/example_dags/example_dynamic_task_mapping.py took 0.234 seconds
[2023-03-08T12:06:39.992+0000] {processor.py:153} INFO - Started process (PID=13501) to work on /home/airflow/.local/lib/python3.7/site-packages/airflow/example_dags/example_dynamic_task_mapping.py
[2023-03-08T12:06:39.997+0000] {processor.py:743} INFO - Processing file /home/airflow/.local/lib/python3.7/site-packages/airflow/example_dags/example_dynamic_task_mapping.py for tasks to queue
[2023-03-08T12:06:39.999+0000] {logging_mixin.py:137} INFO - [2023-03-08T12:06:39.999+0000] {dagbag.py:538} INFO - Filling up the DagBag from /home/airflow/.local/lib/python3.7/site-packages/airflow/example_dags/example_dynamic_task_mapping.py
[2023-03-08T12:06:40.066+0000] {processor.py:753} INFO - DAG(s) dict_keys(['example_dynamic_task_mapping']) retrieved from /home/airflow/.local/lib/python3.7/site-packages/airflow/example_dags/example_dynamic_task_mapping.py
[2023-03-08T12:06:40.113+0000] {logging_mixin.py:137} INFO - [2023-03-08T12:06:40.113+0000] {dag.py:2690} INFO - Sync 1 DAGs
[2023-03-08T12:06:40.186+0000] {logging_mixin.py:137} INFO - [2023-03-08T12:06:40.186+0000] {dag.py:3441} INFO - Setting next_dagrun for example_dynamic_task_mapping to 2022-03-04T00:00:00+00:00, run_after=2022-03-05T00:00:00+00:00
[2023-03-08T12:06:40.246+0000] {processor.py:175} INFO - Processing /home/airflow/.local/lib/python3.7/site-packages/airflow/example_dags/example_dynamic_task_mapping.py took 0.264 seconds
[2023-03-08T12:07:10.722+0000] {processor.py:153} INFO - Started process (PID=13559) to work on /home/airflow/.local/lib/python3.7/site-packages/airflow/example_dags/example_dynamic_task_mapping.py
[2023-03-08T12:07:10.725+0000] {processor.py:743} INFO - Processing file /home/airflow/.local/lib/python3.7/site-packages/airflow/example_dags/example_dynamic_task_mapping.py for tasks to queue
[2023-03-08T12:07:10.728+0000] {logging_mixin.py:137} INFO - [2023-03-08T12:07:10.727+0000] {dagbag.py:538} INFO - Filling up the DagBag from /home/airflow/.local/lib/python3.7/site-packages/airflow/example_dags/example_dynamic_task_mapping.py
[2023-03-08T12:07:10.770+0000] {processor.py:753} INFO - DAG(s) dict_keys(['example_dynamic_task_mapping']) retrieved from /home/airflow/.local/lib/python3.7/site-packages/airflow/example_dags/example_dynamic_task_mapping.py
[2023-03-08T12:07:10.810+0000] {logging_mixin.py:137} INFO - [2023-03-08T12:07:10.809+0000] {dag.py:2690} INFO - Sync 1 DAGs
[2023-03-08T12:07:10.846+0000] {logging_mixin.py:137} INFO - [2023-03-08T12:07:10.846+0000] {dag.py:3441} INFO - Setting next_dagrun for example_dynamic_task_mapping to 2022-03-04T00:00:00+00:00, run_after=2022-03-05T00:00:00+00:00
[2023-03-08T12:07:10.880+0000] {processor.py:175} INFO - Processing /home/airflow/.local/lib/python3.7/site-packages/airflow/example_dags/example_dynamic_task_mapping.py took 0.166 seconds
[2023-03-08T12:07:41.614+0000] {processor.py:153} INFO - Started process (PID=13618) to work on /home/airflow/.local/lib/python3.7/site-packages/airflow/example_dags/example_dynamic_task_mapping.py
[2023-03-08T12:07:41.617+0000] {processor.py:743} INFO - Processing file /home/airflow/.local/lib/python3.7/site-packages/airflow/example_dags/example_dynamic_task_mapping.py for tasks to queue
[2023-03-08T12:07:41.626+0000] {logging_mixin.py:137} INFO - [2023-03-08T12:07:41.626+0000] {dagbag.py:538} INFO - Filling up the DagBag from /home/airflow/.local/lib/python3.7/site-packages/airflow/example_dags/example_dynamic_task_mapping.py
[2023-03-08T12:07:41.661+0000] {processor.py:753} INFO - DAG(s) dict_keys(['example_dynamic_task_mapping']) retrieved from /home/airflow/.local/lib/python3.7/site-packages/airflow/example_dags/example_dynamic_task_mapping.py
[2023-03-08T12:07:41.702+0000] {logging_mixin.py:137} INFO - [2023-03-08T12:07:41.702+0000] {dag.py:2690} INFO - Sync 1 DAGs
[2023-03-08T12:07:41.736+0000] {logging_mixin.py:137} INFO - [2023-03-08T12:07:41.736+0000] {dag.py:3441} INFO - Setting next_dagrun for example_dynamic_task_mapping to 2022-03-04T00:00:00+00:00, run_after=2022-03-05T00:00:00+00:00
[2023-03-08T12:07:41.770+0000] {processor.py:175} INFO - Processing /home/airflow/.local/lib/python3.7/site-packages/airflow/example_dags/example_dynamic_task_mapping.py took 0.166 seconds
[2023-03-08T12:08:12.313+0000] {processor.py:153} INFO - Started process (PID=13676) to work on /home/airflow/.local/lib/python3.7/site-packages/airflow/example_dags/example_dynamic_task_mapping.py
[2023-03-08T12:08:12.316+0000] {processor.py:743} INFO - Processing file /home/airflow/.local/lib/python3.7/site-packages/airflow/example_dags/example_dynamic_task_mapping.py for tasks to queue
[2023-03-08T12:08:12.321+0000] {logging_mixin.py:137} INFO - [2023-03-08T12:08:12.320+0000] {dagbag.py:538} INFO - Filling up the DagBag from /home/airflow/.local/lib/python3.7/site-packages/airflow/example_dags/example_dynamic_task_mapping.py
[2023-03-08T12:08:12.366+0000] {processor.py:753} INFO - DAG(s) dict_keys(['example_dynamic_task_mapping']) retrieved from /home/airflow/.local/lib/python3.7/site-packages/airflow/example_dags/example_dynamic_task_mapping.py
[2023-03-08T12:08:12.401+0000] {logging_mixin.py:137} INFO - [2023-03-08T12:08:12.401+0000] {dag.py:2690} INFO - Sync 1 DAGs
[2023-03-08T12:08:12.441+0000] {logging_mixin.py:137} INFO - [2023-03-08T12:08:12.441+0000] {dag.py:3441} INFO - Setting next_dagrun for example_dynamic_task_mapping to 2022-03-04T00:00:00+00:00, run_after=2022-03-05T00:00:00+00:00
[2023-03-08T12:08:12.475+0000] {processor.py:175} INFO - Processing /home/airflow/.local/lib/python3.7/site-packages/airflow/example_dags/example_dynamic_task_mapping.py took 0.169 seconds
[2023-03-08T12:08:43.077+0000] {processor.py:153} INFO - Started process (PID=13742) to work on /home/airflow/.local/lib/python3.7/site-packages/airflow/example_dags/example_dynamic_task_mapping.py
[2023-03-08T12:08:43.086+0000] {processor.py:743} INFO - Processing file /home/airflow/.local/lib/python3.7/site-packages/airflow/example_dags/example_dynamic_task_mapping.py for tasks to queue
[2023-03-08T12:08:43.095+0000] {logging_mixin.py:137} INFO - [2023-03-08T12:08:43.093+0000] {dagbag.py:538} INFO - Filling up the DagBag from /home/airflow/.local/lib/python3.7/site-packages/airflow/example_dags/example_dynamic_task_mapping.py
[2023-03-08T12:08:43.220+0000] {processor.py:753} INFO - DAG(s) dict_keys(['example_dynamic_task_mapping']) retrieved from /home/airflow/.local/lib/python3.7/site-packages/airflow/example_dags/example_dynamic_task_mapping.py
[2023-03-08T12:08:43.354+0000] {logging_mixin.py:137} INFO - [2023-03-08T12:08:43.354+0000] {dag.py:2690} INFO - Sync 1 DAGs
[2023-03-08T12:08:43.470+0000] {logging_mixin.py:137} INFO - [2023-03-08T12:08:43.470+0000] {dag.py:3441} INFO - Setting next_dagrun for example_dynamic_task_mapping to 2022-03-04T00:00:00+00:00, run_after=2022-03-05T00:00:00+00:00
[2023-03-08T12:08:43.570+0000] {processor.py:175} INFO - Processing /home/airflow/.local/lib/python3.7/site-packages/airflow/example_dags/example_dynamic_task_mapping.py took 0.515 seconds
[2023-03-08T12:09:13.728+0000] {processor.py:153} INFO - Started process (PID=13804) to work on /home/airflow/.local/lib/python3.7/site-packages/airflow/example_dags/example_dynamic_task_mapping.py
[2023-03-08T12:09:13.731+0000] {processor.py:743} INFO - Processing file /home/airflow/.local/lib/python3.7/site-packages/airflow/example_dags/example_dynamic_task_mapping.py for tasks to queue
[2023-03-08T12:09:13.734+0000] {logging_mixin.py:137} INFO - [2023-03-08T12:09:13.734+0000] {dagbag.py:538} INFO - Filling up the DagBag from /home/airflow/.local/lib/python3.7/site-packages/airflow/example_dags/example_dynamic_task_mapping.py
[2023-03-08T12:09:13.786+0000] {processor.py:753} INFO - DAG(s) dict_keys(['example_dynamic_task_mapping']) retrieved from /home/airflow/.local/lib/python3.7/site-packages/airflow/example_dags/example_dynamic_task_mapping.py
[2023-03-08T12:09:13.828+0000] {logging_mixin.py:137} INFO - [2023-03-08T12:09:13.828+0000] {dag.py:2690} INFO - Sync 1 DAGs
[2023-03-08T12:09:13.858+0000] {logging_mixin.py:137} INFO - [2023-03-08T12:09:13.857+0000] {dag.py:3441} INFO - Setting next_dagrun for example_dynamic_task_mapping to 2022-03-04T00:00:00+00:00, run_after=2022-03-05T00:00:00+00:00
[2023-03-08T12:09:13.888+0000] {processor.py:175} INFO - Processing /home/airflow/.local/lib/python3.7/site-packages/airflow/example_dags/example_dynamic_task_mapping.py took 0.175 seconds
[2023-03-08T12:09:44.091+0000] {processor.py:153} INFO - Started process (PID=13862) to work on /home/airflow/.local/lib/python3.7/site-packages/airflow/example_dags/example_dynamic_task_mapping.py
[2023-03-08T12:09:44.094+0000] {processor.py:743} INFO - Processing file /home/airflow/.local/lib/python3.7/site-packages/airflow/example_dags/example_dynamic_task_mapping.py for tasks to queue
[2023-03-08T12:09:44.097+0000] {logging_mixin.py:137} INFO - [2023-03-08T12:09:44.096+0000] {dagbag.py:538} INFO - Filling up the DagBag from /home/airflow/.local/lib/python3.7/site-packages/airflow/example_dags/example_dynamic_task_mapping.py
[2023-03-08T12:09:44.132+0000] {processor.py:753} INFO - DAG(s) dict_keys(['example_dynamic_task_mapping']) retrieved from /home/airflow/.local/lib/python3.7/site-packages/airflow/example_dags/example_dynamic_task_mapping.py
[2023-03-08T12:09:44.173+0000] {logging_mixin.py:137} INFO - [2023-03-08T12:09:44.172+0000] {dag.py:2690} INFO - Sync 1 DAGs
[2023-03-08T12:09:44.211+0000] {logging_mixin.py:137} INFO - [2023-03-08T12:09:44.211+0000] {dag.py:3441} INFO - Setting next_dagrun for example_dynamic_task_mapping to 2022-03-04T00:00:00+00:00, run_after=2022-03-05T00:00:00+00:00
[2023-03-08T12:09:44.239+0000] {processor.py:175} INFO - Processing /home/airflow/.local/lib/python3.7/site-packages/airflow/example_dags/example_dynamic_task_mapping.py took 0.155 seconds
[2023-03-08T12:10:14.763+0000] {processor.py:153} INFO - Started process (PID=13930) to work on /home/airflow/.local/lib/python3.7/site-packages/airflow/example_dags/example_dynamic_task_mapping.py
[2023-03-08T12:10:14.765+0000] {processor.py:743} INFO - Processing file /home/airflow/.local/lib/python3.7/site-packages/airflow/example_dags/example_dynamic_task_mapping.py for tasks to queue
[2023-03-08T12:10:14.768+0000] {logging_mixin.py:137} INFO - [2023-03-08T12:10:14.767+0000] {dagbag.py:538} INFO - Filling up the DagBag from /home/airflow/.local/lib/python3.7/site-packages/airflow/example_dags/example_dynamic_task_mapping.py
[2023-03-08T12:10:14.802+0000] {processor.py:753} INFO - DAG(s) dict_keys(['example_dynamic_task_mapping']) retrieved from /home/airflow/.local/lib/python3.7/site-packages/airflow/example_dags/example_dynamic_task_mapping.py
[2023-03-08T12:10:14.842+0000] {logging_mixin.py:137} INFO - [2023-03-08T12:10:14.842+0000] {dag.py:2690} INFO - Sync 1 DAGs
[2023-03-08T12:10:14.878+0000] {logging_mixin.py:137} INFO - [2023-03-08T12:10:14.878+0000] {dag.py:3441} INFO - Setting next_dagrun for example_dynamic_task_mapping to 2022-03-04T00:00:00+00:00, run_after=2022-03-05T00:00:00+00:00
[2023-03-08T12:10:14.908+0000] {processor.py:175} INFO - Processing /home/airflow/.local/lib/python3.7/site-packages/airflow/example_dags/example_dynamic_task_mapping.py took 0.153 seconds
[2023-03-08T12:10:45.650+0000] {processor.py:153} INFO - Started process (PID=13990) to work on /home/airflow/.local/lib/python3.7/site-packages/airflow/example_dags/example_dynamic_task_mapping.py
[2023-03-08T12:10:45.654+0000] {processor.py:743} INFO - Processing file /home/airflow/.local/lib/python3.7/site-packages/airflow/example_dags/example_dynamic_task_mapping.py for tasks to queue
[2023-03-08T12:10:45.657+0000] {logging_mixin.py:137} INFO - [2023-03-08T12:10:45.657+0000] {dagbag.py:538} INFO - Filling up the DagBag from /home/airflow/.local/lib/python3.7/site-packages/airflow/example_dags/example_dynamic_task_mapping.py
[2023-03-08T12:10:45.698+0000] {processor.py:753} INFO - DAG(s) dict_keys(['example_dynamic_task_mapping']) retrieved from /home/airflow/.local/lib/python3.7/site-packages/airflow/example_dags/example_dynamic_task_mapping.py
[2023-03-08T12:10:45.740+0000] {logging_mixin.py:137} INFO - [2023-03-08T12:10:45.740+0000] {dag.py:2690} INFO - Sync 1 DAGs
[2023-03-08T12:10:45.774+0000] {logging_mixin.py:137} INFO - [2023-03-08T12:10:45.773+0000] {dag.py:3441} INFO - Setting next_dagrun for example_dynamic_task_mapping to 2022-03-04T00:00:00+00:00, run_after=2022-03-05T00:00:00+00:00
[2023-03-08T12:10:45.821+0000] {processor.py:175} INFO - Processing /home/airflow/.local/lib/python3.7/site-packages/airflow/example_dags/example_dynamic_task_mapping.py took 0.182 seconds
[2023-03-08T12:11:16.510+0000] {processor.py:153} INFO - Started process (PID=14048) to work on /home/airflow/.local/lib/python3.7/site-packages/airflow/example_dags/example_dynamic_task_mapping.py
[2023-03-08T12:11:16.518+0000] {processor.py:743} INFO - Processing file /home/airflow/.local/lib/python3.7/site-packages/airflow/example_dags/example_dynamic_task_mapping.py for tasks to queue
[2023-03-08T12:11:16.523+0000] {logging_mixin.py:137} INFO - [2023-03-08T12:11:16.522+0000] {dagbag.py:538} INFO - Filling up the DagBag from /home/airflow/.local/lib/python3.7/site-packages/airflow/example_dags/example_dynamic_task_mapping.py
[2023-03-08T12:11:16.625+0000] {processor.py:753} INFO - DAG(s) dict_keys(['example_dynamic_task_mapping']) retrieved from /home/airflow/.local/lib/python3.7/site-packages/airflow/example_dags/example_dynamic_task_mapping.py
[2023-03-08T12:11:16.715+0000] {logging_mixin.py:137} INFO - [2023-03-08T12:11:16.715+0000] {dag.py:2690} INFO - Sync 1 DAGs
[2023-03-08T12:11:16.782+0000] {logging_mixin.py:137} INFO - [2023-03-08T12:11:16.781+0000] {dag.py:3441} INFO - Setting next_dagrun for example_dynamic_task_mapping to 2022-03-04T00:00:00+00:00, run_after=2022-03-05T00:00:00+00:00
[2023-03-08T12:11:16.863+0000] {processor.py:175} INFO - Processing /home/airflow/.local/lib/python3.7/site-packages/airflow/example_dags/example_dynamic_task_mapping.py took 0.362 seconds
[2023-03-08T12:11:47.275+0000] {processor.py:153} INFO - Started process (PID=14117) to work on /home/airflow/.local/lib/python3.7/site-packages/airflow/example_dags/example_dynamic_task_mapping.py
[2023-03-08T12:11:47.280+0000] {processor.py:743} INFO - Processing file /home/airflow/.local/lib/python3.7/site-packages/airflow/example_dags/example_dynamic_task_mapping.py for tasks to queue
[2023-03-08T12:11:47.290+0000] {logging_mixin.py:137} INFO - [2023-03-08T12:11:47.288+0000] {dagbag.py:538} INFO - Filling up the DagBag from /home/airflow/.local/lib/python3.7/site-packages/airflow/example_dags/example_dynamic_task_mapping.py
[2023-03-08T12:11:47.413+0000] {processor.py:753} INFO - DAG(s) dict_keys(['example_dynamic_task_mapping']) retrieved from /home/airflow/.local/lib/python3.7/site-packages/airflow/example_dags/example_dynamic_task_mapping.py
[2023-03-08T12:11:47.475+0000] {logging_mixin.py:137} INFO - [2023-03-08T12:11:47.475+0000] {dag.py:2690} INFO - Sync 1 DAGs
[2023-03-08T12:11:47.539+0000] {logging_mixin.py:137} INFO - [2023-03-08T12:11:47.539+0000] {dag.py:3441} INFO - Setting next_dagrun for example_dynamic_task_mapping to 2022-03-04T00:00:00+00:00, run_after=2022-03-05T00:00:00+00:00
[2023-03-08T12:11:47.598+0000] {processor.py:175} INFO - Processing /home/airflow/.local/lib/python3.7/site-packages/airflow/example_dags/example_dynamic_task_mapping.py took 0.350 seconds
[2023-03-08T12:12:17.879+0000] {processor.py:153} INFO - Started process (PID=14176) to work on /home/airflow/.local/lib/python3.7/site-packages/airflow/example_dags/example_dynamic_task_mapping.py
[2023-03-08T12:12:17.881+0000] {processor.py:743} INFO - Processing file /home/airflow/.local/lib/python3.7/site-packages/airflow/example_dags/example_dynamic_task_mapping.py for tasks to queue
[2023-03-08T12:12:17.883+0000] {logging_mixin.py:137} INFO - [2023-03-08T12:12:17.883+0000] {dagbag.py:538} INFO - Filling up the DagBag from /home/airflow/.local/lib/python3.7/site-packages/airflow/example_dags/example_dynamic_task_mapping.py
[2023-03-08T12:12:17.915+0000] {processor.py:753} INFO - DAG(s) dict_keys(['example_dynamic_task_mapping']) retrieved from /home/airflow/.local/lib/python3.7/site-packages/airflow/example_dags/example_dynamic_task_mapping.py
[2023-03-08T12:12:17.954+0000] {logging_mixin.py:137} INFO - [2023-03-08T12:12:17.954+0000] {dag.py:2690} INFO - Sync 1 DAGs
[2023-03-08T12:12:17.990+0000] {logging_mixin.py:137} INFO - [2023-03-08T12:12:17.990+0000] {dag.py:3441} INFO - Setting next_dagrun for example_dynamic_task_mapping to 2022-03-04T00:00:00+00:00, run_after=2022-03-05T00:00:00+00:00
[2023-03-08T12:12:18.019+0000] {processor.py:175} INFO - Processing /home/airflow/.local/lib/python3.7/site-packages/airflow/example_dags/example_dynamic_task_mapping.py took 0.145 seconds
[2023-03-08T12:12:48.387+0000] {processor.py:153} INFO - Started process (PID=14234) to work on /home/airflow/.local/lib/python3.7/site-packages/airflow/example_dags/example_dynamic_task_mapping.py
[2023-03-08T12:12:48.391+0000] {processor.py:743} INFO - Processing file /home/airflow/.local/lib/python3.7/site-packages/airflow/example_dags/example_dynamic_task_mapping.py for tasks to queue
[2023-03-08T12:12:48.395+0000] {logging_mixin.py:137} INFO - [2023-03-08T12:12:48.394+0000] {dagbag.py:538} INFO - Filling up the DagBag from /home/airflow/.local/lib/python3.7/site-packages/airflow/example_dags/example_dynamic_task_mapping.py
[2023-03-08T12:12:48.436+0000] {processor.py:753} INFO - DAG(s) dict_keys(['example_dynamic_task_mapping']) retrieved from /home/airflow/.local/lib/python3.7/site-packages/airflow/example_dags/example_dynamic_task_mapping.py
[2023-03-08T12:12:48.475+0000] {logging_mixin.py:137} INFO - [2023-03-08T12:12:48.475+0000] {dag.py:2690} INFO - Sync 1 DAGs
[2023-03-08T12:12:48.512+0000] {logging_mixin.py:137} INFO - [2023-03-08T12:12:48.511+0000] {dag.py:3441} INFO - Setting next_dagrun for example_dynamic_task_mapping to 2022-03-04T00:00:00+00:00, run_after=2022-03-05T00:00:00+00:00
[2023-03-08T12:12:48.559+0000] {processor.py:175} INFO - Processing /home/airflow/.local/lib/python3.7/site-packages/airflow/example_dags/example_dynamic_task_mapping.py took 0.178 seconds
[2023-03-08T12:13:19.575+0000] {processor.py:153} INFO - Started process (PID=14303) to work on /home/airflow/.local/lib/python3.7/site-packages/airflow/example_dags/example_dynamic_task_mapping.py
[2023-03-08T12:13:19.582+0000] {processor.py:743} INFO - Processing file /home/airflow/.local/lib/python3.7/site-packages/airflow/example_dags/example_dynamic_task_mapping.py for tasks to queue
[2023-03-08T12:13:19.585+0000] {logging_mixin.py:137} INFO - [2023-03-08T12:13:19.585+0000] {dagbag.py:538} INFO - Filling up the DagBag from /home/airflow/.local/lib/python3.7/site-packages/airflow/example_dags/example_dynamic_task_mapping.py
[2023-03-08T12:13:19.662+0000] {processor.py:753} INFO - DAG(s) dict_keys(['example_dynamic_task_mapping']) retrieved from /home/airflow/.local/lib/python3.7/site-packages/airflow/example_dags/example_dynamic_task_mapping.py
[2023-03-08T12:13:19.727+0000] {logging_mixin.py:137} INFO - [2023-03-08T12:13:19.727+0000] {dag.py:2690} INFO - Sync 1 DAGs
[2023-03-08T12:13:19.790+0000] {logging_mixin.py:137} INFO - [2023-03-08T12:13:19.790+0000] {dag.py:3441} INFO - Setting next_dagrun for example_dynamic_task_mapping to 2022-03-04T00:00:00+00:00, run_after=2022-03-05T00:00:00+00:00
[2023-03-08T12:13:19.822+0000] {processor.py:175} INFO - Processing /home/airflow/.local/lib/python3.7/site-packages/airflow/example_dags/example_dynamic_task_mapping.py took 0.266 seconds
[2023-03-08T12:13:50.557+0000] {processor.py:153} INFO - Started process (PID=14362) to work on /home/airflow/.local/lib/python3.7/site-packages/airflow/example_dags/example_dynamic_task_mapping.py
[2023-03-08T12:13:50.562+0000] {processor.py:743} INFO - Processing file /home/airflow/.local/lib/python3.7/site-packages/airflow/example_dags/example_dynamic_task_mapping.py for tasks to queue
[2023-03-08T12:13:50.574+0000] {logging_mixin.py:137} INFO - [2023-03-08T12:13:50.574+0000] {dagbag.py:538} INFO - Filling up the DagBag from /home/airflow/.local/lib/python3.7/site-packages/airflow/example_dags/example_dynamic_task_mapping.py
[2023-03-08T12:13:50.646+0000] {processor.py:753} INFO - DAG(s) dict_keys(['example_dynamic_task_mapping']) retrieved from /home/airflow/.local/lib/python3.7/site-packages/airflow/example_dags/example_dynamic_task_mapping.py
[2023-03-08T12:13:50.718+0000] {logging_mixin.py:137} INFO - [2023-03-08T12:13:50.718+0000] {dag.py:2690} INFO - Sync 1 DAGs
[2023-03-08T12:13:50.840+0000] {logging_mixin.py:137} INFO - [2023-03-08T12:13:50.838+0000] {dag.py:3441} INFO - Setting next_dagrun for example_dynamic_task_mapping to 2022-03-04T00:00:00+00:00, run_after=2022-03-05T00:00:00+00:00
[2023-03-08T12:13:50.921+0000] {processor.py:175} INFO - Processing /home/airflow/.local/lib/python3.7/site-packages/airflow/example_dags/example_dynamic_task_mapping.py took 0.385 seconds
[2023-03-08T12:14:23.616+0000] {processor.py:153} INFO - Started process (PID=14420) to work on /home/airflow/.local/lib/python3.7/site-packages/airflow/example_dags/example_dynamic_task_mapping.py
[2023-03-08T12:14:23.632+0000] {processor.py:743} INFO - Processing file /home/airflow/.local/lib/python3.7/site-packages/airflow/example_dags/example_dynamic_task_mapping.py for tasks to queue
[2023-03-08T12:14:23.642+0000] {logging_mixin.py:137} INFO - [2023-03-08T12:14:23.641+0000] {dagbag.py:538} INFO - Filling up the DagBag from /home/airflow/.local/lib/python3.7/site-packages/airflow/example_dags/example_dynamic_task_mapping.py
[2023-03-08T12:14:23.764+0000] {processor.py:753} INFO - DAG(s) dict_keys(['example_dynamic_task_mapping']) retrieved from /home/airflow/.local/lib/python3.7/site-packages/airflow/example_dags/example_dynamic_task_mapping.py
[2023-03-08T12:14:23.873+0000] {logging_mixin.py:137} INFO - [2023-03-08T12:14:23.873+0000] {dag.py:2690} INFO - Sync 1 DAGs
[2023-03-08T12:14:23.988+0000] {logging_mixin.py:137} INFO - [2023-03-08T12:14:23.987+0000] {dag.py:3441} INFO - Setting next_dagrun for example_dynamic_task_mapping to 2022-03-04T00:00:00+00:00, run_after=2022-03-05T00:00:00+00:00
[2023-03-08T12:14:24.121+0000] {processor.py:175} INFO - Processing /home/airflow/.local/lib/python3.7/site-packages/airflow/example_dags/example_dynamic_task_mapping.py took 0.513 seconds
[2023-03-08T12:14:54.677+0000] {processor.py:153} INFO - Started process (PID=14479) to work on /home/airflow/.local/lib/python3.7/site-packages/airflow/example_dags/example_dynamic_task_mapping.py
[2023-03-08T12:14:54.680+0000] {processor.py:743} INFO - Processing file /home/airflow/.local/lib/python3.7/site-packages/airflow/example_dags/example_dynamic_task_mapping.py for tasks to queue
[2023-03-08T12:14:54.683+0000] {logging_mixin.py:137} INFO - [2023-03-08T12:14:54.682+0000] {dagbag.py:538} INFO - Filling up the DagBag from /home/airflow/.local/lib/python3.7/site-packages/airflow/example_dags/example_dynamic_task_mapping.py
[2023-03-08T12:14:54.721+0000] {processor.py:753} INFO - DAG(s) dict_keys(['example_dynamic_task_mapping']) retrieved from /home/airflow/.local/lib/python3.7/site-packages/airflow/example_dags/example_dynamic_task_mapping.py
[2023-03-08T12:14:54.761+0000] {logging_mixin.py:137} INFO - [2023-03-08T12:14:54.760+0000] {dag.py:2690} INFO - Sync 1 DAGs
[2023-03-08T12:14:54.789+0000] {logging_mixin.py:137} INFO - [2023-03-08T12:14:54.789+0000] {dag.py:3441} INFO - Setting next_dagrun for example_dynamic_task_mapping to 2022-03-04T00:00:00+00:00, run_after=2022-03-05T00:00:00+00:00
[2023-03-08T12:14:54.830+0000] {processor.py:175} INFO - Processing /home/airflow/.local/lib/python3.7/site-packages/airflow/example_dags/example_dynamic_task_mapping.py took 0.161 seconds
[2023-03-08T12:15:25.296+0000] {processor.py:153} INFO - Started process (PID=14548) to work on /home/airflow/.local/lib/python3.7/site-packages/airflow/example_dags/example_dynamic_task_mapping.py
[2023-03-08T12:15:25.299+0000] {processor.py:743} INFO - Processing file /home/airflow/.local/lib/python3.7/site-packages/airflow/example_dags/example_dynamic_task_mapping.py for tasks to queue
[2023-03-08T12:15:25.302+0000] {logging_mixin.py:137} INFO - [2023-03-08T12:15:25.301+0000] {dagbag.py:538} INFO - Filling up the DagBag from /home/airflow/.local/lib/python3.7/site-packages/airflow/example_dags/example_dynamic_task_mapping.py
[2023-03-08T12:15:25.371+0000] {processor.py:753} INFO - DAG(s) dict_keys(['example_dynamic_task_mapping']) retrieved from /home/airflow/.local/lib/python3.7/site-packages/airflow/example_dags/example_dynamic_task_mapping.py
[2023-03-08T12:15:25.456+0000] {logging_mixin.py:137} INFO - [2023-03-08T12:15:25.456+0000] {dag.py:2690} INFO - Sync 1 DAGs
[2023-03-08T12:15:25.491+0000] {logging_mixin.py:137} INFO - [2023-03-08T12:15:25.490+0000] {dag.py:3441} INFO - Setting next_dagrun for example_dynamic_task_mapping to 2022-03-04T00:00:00+00:00, run_after=2022-03-05T00:00:00+00:00
[2023-03-08T12:15:25.515+0000] {processor.py:175} INFO - Processing /home/airflow/.local/lib/python3.7/site-packages/airflow/example_dags/example_dynamic_task_mapping.py took 0.226 seconds
[2023-03-08T12:15:56.155+0000] {processor.py:153} INFO - Started process (PID=14607) to work on /home/airflow/.local/lib/python3.7/site-packages/airflow/example_dags/example_dynamic_task_mapping.py
[2023-03-08T12:15:56.163+0000] {processor.py:743} INFO - Processing file /home/airflow/.local/lib/python3.7/site-packages/airflow/example_dags/example_dynamic_task_mapping.py for tasks to queue
[2023-03-08T12:15:56.169+0000] {logging_mixin.py:137} INFO - [2023-03-08T12:15:56.168+0000] {dagbag.py:538} INFO - Filling up the DagBag from /home/airflow/.local/lib/python3.7/site-packages/airflow/example_dags/example_dynamic_task_mapping.py
[2023-03-08T12:15:56.296+0000] {processor.py:753} INFO - DAG(s) dict_keys(['example_dynamic_task_mapping']) retrieved from /home/airflow/.local/lib/python3.7/site-packages/airflow/example_dags/example_dynamic_task_mapping.py
[2023-03-08T12:15:56.386+0000] {logging_mixin.py:137} INFO - [2023-03-08T12:15:56.385+0000] {dag.py:2690} INFO - Sync 1 DAGs
[2023-03-08T12:15:56.474+0000] {logging_mixin.py:137} INFO - [2023-03-08T12:15:56.472+0000] {dag.py:3441} INFO - Setting next_dagrun for example_dynamic_task_mapping to 2022-03-04T00:00:00+00:00, run_after=2022-03-05T00:00:00+00:00
[2023-03-08T12:15:56.561+0000] {processor.py:175} INFO - Processing /home/airflow/.local/lib/python3.7/site-packages/airflow/example_dags/example_dynamic_task_mapping.py took 0.434 seconds
[2023-03-08T12:16:26.864+0000] {processor.py:153} INFO - Started process (PID=14676) to work on /home/airflow/.local/lib/python3.7/site-packages/airflow/example_dags/example_dynamic_task_mapping.py
[2023-03-08T12:16:26.868+0000] {processor.py:743} INFO - Processing file /home/airflow/.local/lib/python3.7/site-packages/airflow/example_dags/example_dynamic_task_mapping.py for tasks to queue
[2023-03-08T12:16:26.871+0000] {logging_mixin.py:137} INFO - [2023-03-08T12:16:26.871+0000] {dagbag.py:538} INFO - Filling up the DagBag from /home/airflow/.local/lib/python3.7/site-packages/airflow/example_dags/example_dynamic_task_mapping.py
[2023-03-08T12:16:26.918+0000] {processor.py:753} INFO - DAG(s) dict_keys(['example_dynamic_task_mapping']) retrieved from /home/airflow/.local/lib/python3.7/site-packages/airflow/example_dags/example_dynamic_task_mapping.py
[2023-03-08T12:16:26.978+0000] {logging_mixin.py:137} INFO - [2023-03-08T12:16:26.977+0000] {dag.py:2690} INFO - Sync 1 DAGs
[2023-03-08T12:16:27.015+0000] {logging_mixin.py:137} INFO - [2023-03-08T12:16:27.015+0000] {dag.py:3441} INFO - Setting next_dagrun for example_dynamic_task_mapping to 2022-03-04T00:00:00+00:00, run_after=2022-03-05T00:00:00+00:00
[2023-03-08T12:16:27.043+0000] {processor.py:175} INFO - Processing /home/airflow/.local/lib/python3.7/site-packages/airflow/example_dags/example_dynamic_task_mapping.py took 0.188 seconds
[2023-03-08T12:16:57.572+0000] {processor.py:153} INFO - Started process (PID=14734) to work on /home/airflow/.local/lib/python3.7/site-packages/airflow/example_dags/example_dynamic_task_mapping.py
[2023-03-08T12:16:57.574+0000] {processor.py:743} INFO - Processing file /home/airflow/.local/lib/python3.7/site-packages/airflow/example_dags/example_dynamic_task_mapping.py for tasks to queue
[2023-03-08T12:16:57.576+0000] {logging_mixin.py:137} INFO - [2023-03-08T12:16:57.576+0000] {dagbag.py:538} INFO - Filling up the DagBag from /home/airflow/.local/lib/python3.7/site-packages/airflow/example_dags/example_dynamic_task_mapping.py
[2023-03-08T12:16:57.613+0000] {processor.py:753} INFO - DAG(s) dict_keys(['example_dynamic_task_mapping']) retrieved from /home/airflow/.local/lib/python3.7/site-packages/airflow/example_dags/example_dynamic_task_mapping.py
[2023-03-08T12:16:57.686+0000] {logging_mixin.py:137} INFO - [2023-03-08T12:16:57.686+0000] {dag.py:2690} INFO - Sync 1 DAGs
[2023-03-08T12:16:57.723+0000] {logging_mixin.py:137} INFO - [2023-03-08T12:16:57.723+0000] {dag.py:3441} INFO - Setting next_dagrun for example_dynamic_task_mapping to 2022-03-04T00:00:00+00:00, run_after=2022-03-05T00:00:00+00:00
[2023-03-08T12:16:57.757+0000] {processor.py:175} INFO - Processing /home/airflow/.local/lib/python3.7/site-packages/airflow/example_dags/example_dynamic_task_mapping.py took 0.191 seconds
[2023-03-08T12:17:28.713+0000] {processor.py:153} INFO - Started process (PID=14792) to work on /home/airflow/.local/lib/python3.7/site-packages/airflow/example_dags/example_dynamic_task_mapping.py
[2023-03-08T12:17:28.716+0000] {processor.py:743} INFO - Processing file /home/airflow/.local/lib/python3.7/site-packages/airflow/example_dags/example_dynamic_task_mapping.py for tasks to queue
[2023-03-08T12:17:28.719+0000] {logging_mixin.py:137} INFO - [2023-03-08T12:17:28.718+0000] {dagbag.py:538} INFO - Filling up the DagBag from /home/airflow/.local/lib/python3.7/site-packages/airflow/example_dags/example_dynamic_task_mapping.py
[2023-03-08T12:17:28.758+0000] {processor.py:753} INFO - DAG(s) dict_keys(['example_dynamic_task_mapping']) retrieved from /home/airflow/.local/lib/python3.7/site-packages/airflow/example_dags/example_dynamic_task_mapping.py
[2023-03-08T12:17:28.851+0000] {logging_mixin.py:137} INFO - [2023-03-08T12:17:28.851+0000] {dag.py:2690} INFO - Sync 1 DAGs
[2023-03-08T12:17:28.904+0000] {logging_mixin.py:137} INFO - [2023-03-08T12:17:28.904+0000] {dag.py:3441} INFO - Setting next_dagrun for example_dynamic_task_mapping to 2022-03-04T00:00:00+00:00, run_after=2022-03-05T00:00:00+00:00
[2023-03-08T12:17:28.959+0000] {processor.py:175} INFO - Processing /home/airflow/.local/lib/python3.7/site-packages/airflow/example_dags/example_dynamic_task_mapping.py took 0.254 seconds
[2023-03-08T12:17:59.742+0000] {processor.py:153} INFO - Started process (PID=14861) to work on /home/airflow/.local/lib/python3.7/site-packages/airflow/example_dags/example_dynamic_task_mapping.py
[2023-03-08T12:17:59.746+0000] {processor.py:743} INFO - Processing file /home/airflow/.local/lib/python3.7/site-packages/airflow/example_dags/example_dynamic_task_mapping.py for tasks to queue
[2023-03-08T12:17:59.748+0000] {logging_mixin.py:137} INFO - [2023-03-08T12:17:59.748+0000] {dagbag.py:538} INFO - Filling up the DagBag from /home/airflow/.local/lib/python3.7/site-packages/airflow/example_dags/example_dynamic_task_mapping.py
[2023-03-08T12:17:59.790+0000] {processor.py:753} INFO - DAG(s) dict_keys(['example_dynamic_task_mapping']) retrieved from /home/airflow/.local/lib/python3.7/site-packages/airflow/example_dags/example_dynamic_task_mapping.py
[2023-03-08T12:17:59.840+0000] {logging_mixin.py:137} INFO - [2023-03-08T12:17:59.839+0000] {dag.py:2690} INFO - Sync 1 DAGs
[2023-03-08T12:17:59.881+0000] {logging_mixin.py:137} INFO - [2023-03-08T12:17:59.881+0000] {dag.py:3441} INFO - Setting next_dagrun for example_dynamic_task_mapping to 2022-03-04T00:00:00+00:00, run_after=2022-03-05T00:00:00+00:00
[2023-03-08T12:17:59.911+0000] {processor.py:175} INFO - Processing /home/airflow/.local/lib/python3.7/site-packages/airflow/example_dags/example_dynamic_task_mapping.py took 0.178 seconds
