[2023-03-08T03:17:54.496+0000] {processor.py:153} INFO - Started process (PID=12220) to work on /home/airflow/.local/lib/python3.7/site-packages/airflow/example_dags/example_latest_only.py
[2023-03-08T03:17:54.502+0000] {processor.py:743} INFO - Processing file /home/airflow/.local/lib/python3.7/site-packages/airflow/example_dags/example_latest_only.py for tasks to queue
[2023-03-08T03:17:54.505+0000] {logging_mixin.py:137} INFO - [2023-03-08T03:17:54.504+0000] {dagbag.py:538} INFO - Filling up the DagBag from /home/airflow/.local/lib/python3.7/site-packages/airflow/example_dags/example_latest_only.py
[2023-03-08T03:17:54.538+0000] {processor.py:753} INFO - DAG(s) dict_keys(['latest_only']) retrieved from /home/airflow/.local/lib/python3.7/site-packages/airflow/example_dags/example_latest_only.py
[2023-03-08T03:17:54.579+0000] {logging_mixin.py:137} INFO - [2023-03-08T03:17:54.579+0000] {dag.py:2690} INFO - Sync 1 DAGs
[2023-03-08T03:17:54.622+0000] {logging_mixin.py:137} INFO - [2023-03-08T03:17:54.621+0000] {dag.py:3441} INFO - Setting next_dagrun for latest_only to 2023-03-07T23:17:54.621680+00:00, run_after=2023-03-08T03:17:54.621680+00:00
[2023-03-08T03:17:54.662+0000] {processor.py:175} INFO - Processing /home/airflow/.local/lib/python3.7/site-packages/airflow/example_dags/example_latest_only.py took 0.180 seconds
[2023-03-08T11:56:39.608+0000] {processor.py:153} INFO - Started process (PID=12315) to work on /home/airflow/.local/lib/python3.7/site-packages/airflow/example_dags/example_latest_only.py
[2023-03-08T11:56:39.618+0000] {processor.py:743} INFO - Processing file /home/airflow/.local/lib/python3.7/site-packages/airflow/example_dags/example_latest_only.py for tasks to queue
[2023-03-08T11:56:39.624+0000] {logging_mixin.py:137} INFO - [2023-03-08T11:56:39.624+0000] {dagbag.py:538} INFO - Filling up the DagBag from /home/airflow/.local/lib/python3.7/site-packages/airflow/example_dags/example_latest_only.py
[2023-03-08T11:56:39.808+0000] {processor.py:753} INFO - DAG(s) dict_keys(['latest_only']) retrieved from /home/airflow/.local/lib/python3.7/site-packages/airflow/example_dags/example_latest_only.py
[2023-03-08T11:56:40.052+0000] {logging_mixin.py:137} INFO - [2023-03-08T11:56:40.051+0000] {dag.py:2690} INFO - Sync 1 DAGs
[2023-03-08T11:56:40.363+0000] {logging_mixin.py:137} INFO - [2023-03-08T11:56:40.363+0000] {dag.py:3441} INFO - Setting next_dagrun for latest_only to 2023-03-08T07:56:40.362748+00:00, run_after=2023-03-08T11:56:40.362748+00:00
[2023-03-08T11:56:40.516+0000] {processor.py:175} INFO - Processing /home/airflow/.local/lib/python3.7/site-packages/airflow/example_dags/example_latest_only.py took 0.957 seconds
[2023-03-08T11:57:11.278+0000] {processor.py:153} INFO - Started process (PID=12367) to work on /home/airflow/.local/lib/python3.7/site-packages/airflow/example_dags/example_latest_only.py
[2023-03-08T11:57:11.281+0000] {processor.py:743} INFO - Processing file /home/airflow/.local/lib/python3.7/site-packages/airflow/example_dags/example_latest_only.py for tasks to queue
[2023-03-08T11:57:11.285+0000] {logging_mixin.py:137} INFO - [2023-03-08T11:57:11.285+0000] {dagbag.py:538} INFO - Filling up the DagBag from /home/airflow/.local/lib/python3.7/site-packages/airflow/example_dags/example_latest_only.py
[2023-03-08T11:57:11.317+0000] {processor.py:753} INFO - DAG(s) dict_keys(['latest_only']) retrieved from /home/airflow/.local/lib/python3.7/site-packages/airflow/example_dags/example_latest_only.py
[2023-03-08T11:57:11.394+0000] {logging_mixin.py:137} INFO - [2023-03-08T11:57:11.394+0000] {dag.py:2690} INFO - Sync 1 DAGs
[2023-03-08T11:57:11.443+0000] {logging_mixin.py:137} INFO - [2023-03-08T11:57:11.443+0000] {dag.py:3441} INFO - Setting next_dagrun for latest_only to 2023-03-08T07:57:11.442851+00:00, run_after=2023-03-08T11:57:11.442851+00:00
[2023-03-08T11:57:11.503+0000] {processor.py:175} INFO - Processing /home/airflow/.local/lib/python3.7/site-packages/airflow/example_dags/example_latest_only.py took 0.235 seconds
[2023-03-08T11:57:41.987+0000] {processor.py:153} INFO - Started process (PID=12426) to work on /home/airflow/.local/lib/python3.7/site-packages/airflow/example_dags/example_latest_only.py
[2023-03-08T11:57:41.992+0000] {processor.py:743} INFO - Processing file /home/airflow/.local/lib/python3.7/site-packages/airflow/example_dags/example_latest_only.py for tasks to queue
[2023-03-08T11:57:41.996+0000] {logging_mixin.py:137} INFO - [2023-03-08T11:57:41.995+0000] {dagbag.py:538} INFO - Filling up the DagBag from /home/airflow/.local/lib/python3.7/site-packages/airflow/example_dags/example_latest_only.py
[2023-03-08T11:57:42.025+0000] {processor.py:753} INFO - DAG(s) dict_keys(['latest_only']) retrieved from /home/airflow/.local/lib/python3.7/site-packages/airflow/example_dags/example_latest_only.py
[2023-03-08T11:57:42.086+0000] {logging_mixin.py:137} INFO - [2023-03-08T11:57:42.086+0000] {dag.py:2690} INFO - Sync 1 DAGs
[2023-03-08T11:57:42.132+0000] {logging_mixin.py:137} INFO - [2023-03-08T11:57:42.132+0000] {dag.py:3441} INFO - Setting next_dagrun for latest_only to 2023-03-08T07:57:42.131361+00:00, run_after=2023-03-08T11:57:42.131361+00:00
[2023-03-08T11:57:42.172+0000] {processor.py:175} INFO - Processing /home/airflow/.local/lib/python3.7/site-packages/airflow/example_dags/example_latest_only.py took 0.213 seconds
[2023-03-08T11:58:12.559+0000] {processor.py:153} INFO - Started process (PID=12485) to work on /home/airflow/.local/lib/python3.7/site-packages/airflow/example_dags/example_latest_only.py
[2023-03-08T11:58:12.567+0000] {processor.py:743} INFO - Processing file /home/airflow/.local/lib/python3.7/site-packages/airflow/example_dags/example_latest_only.py for tasks to queue
[2023-03-08T11:58:12.570+0000] {logging_mixin.py:137} INFO - [2023-03-08T11:58:12.570+0000] {dagbag.py:538} INFO - Filling up the DagBag from /home/airflow/.local/lib/python3.7/site-packages/airflow/example_dags/example_latest_only.py
[2023-03-08T11:58:12.613+0000] {processor.py:753} INFO - DAG(s) dict_keys(['latest_only']) retrieved from /home/airflow/.local/lib/python3.7/site-packages/airflow/example_dags/example_latest_only.py
[2023-03-08T11:58:12.678+0000] {logging_mixin.py:137} INFO - [2023-03-08T11:58:12.678+0000] {dag.py:2690} INFO - Sync 1 DAGs
[2023-03-08T11:58:12.817+0000] {logging_mixin.py:137} INFO - [2023-03-08T11:58:12.817+0000] {dag.py:3441} INFO - Setting next_dagrun for latest_only to 2023-03-08T07:58:12.817063+00:00, run_after=2023-03-08T11:58:12.817063+00:00
[2023-03-08T11:58:12.898+0000] {processor.py:175} INFO - Processing /home/airflow/.local/lib/python3.7/site-packages/airflow/example_dags/example_latest_only.py took 0.361 seconds
[2023-03-08T11:58:42.986+0000] {processor.py:153} INFO - Started process (PID=12553) to work on /home/airflow/.local/lib/python3.7/site-packages/airflow/example_dags/example_latest_only.py
[2023-03-08T11:58:42.989+0000] {processor.py:743} INFO - Processing file /home/airflow/.local/lib/python3.7/site-packages/airflow/example_dags/example_latest_only.py for tasks to queue
[2023-03-08T11:58:42.992+0000] {logging_mixin.py:137} INFO - [2023-03-08T11:58:42.991+0000] {dagbag.py:538} INFO - Filling up the DagBag from /home/airflow/.local/lib/python3.7/site-packages/airflow/example_dags/example_latest_only.py
[2023-03-08T11:58:43.046+0000] {processor.py:753} INFO - DAG(s) dict_keys(['latest_only']) retrieved from /home/airflow/.local/lib/python3.7/site-packages/airflow/example_dags/example_latest_only.py
[2023-03-08T11:58:43.114+0000] {logging_mixin.py:137} INFO - [2023-03-08T11:58:43.114+0000] {dag.py:2690} INFO - Sync 1 DAGs
[2023-03-08T11:58:43.190+0000] {logging_mixin.py:137} INFO - [2023-03-08T11:58:43.190+0000] {dag.py:3441} INFO - Setting next_dagrun for latest_only to 2023-03-08T07:58:43.189968+00:00, run_after=2023-03-08T11:58:43.189968+00:00
[2023-03-08T11:58:43.246+0000] {processor.py:175} INFO - Processing /home/airflow/.local/lib/python3.7/site-packages/airflow/example_dags/example_latest_only.py took 0.275 seconds
[2023-03-08T11:59:13.746+0000] {processor.py:153} INFO - Started process (PID=12610) to work on /home/airflow/.local/lib/python3.7/site-packages/airflow/example_dags/example_latest_only.py
[2023-03-08T11:59:13.754+0000] {processor.py:743} INFO - Processing file /home/airflow/.local/lib/python3.7/site-packages/airflow/example_dags/example_latest_only.py for tasks to queue
[2023-03-08T11:59:13.773+0000] {logging_mixin.py:137} INFO - [2023-03-08T11:59:13.773+0000] {dagbag.py:538} INFO - Filling up the DagBag from /home/airflow/.local/lib/python3.7/site-packages/airflow/example_dags/example_latest_only.py
[2023-03-08T11:59:13.830+0000] {processor.py:753} INFO - DAG(s) dict_keys(['latest_only']) retrieved from /home/airflow/.local/lib/python3.7/site-packages/airflow/example_dags/example_latest_only.py
[2023-03-08T11:59:13.892+0000] {logging_mixin.py:137} INFO - [2023-03-08T11:59:13.892+0000] {dag.py:2690} INFO - Sync 1 DAGs
[2023-03-08T11:59:13.947+0000] {logging_mixin.py:137} INFO - [2023-03-08T11:59:13.946+0000] {dag.py:3441} INFO - Setting next_dagrun for latest_only to 2023-03-08T07:59:13.946313+00:00, run_after=2023-03-08T11:59:13.946313+00:00
[2023-03-08T11:59:14.000+0000] {processor.py:175} INFO - Processing /home/airflow/.local/lib/python3.7/site-packages/airflow/example_dags/example_latest_only.py took 0.288 seconds
[2023-03-08T11:59:44.455+0000] {processor.py:153} INFO - Started process (PID=12669) to work on /home/airflow/.local/lib/python3.7/site-packages/airflow/example_dags/example_latest_only.py
[2023-03-08T11:59:44.458+0000] {processor.py:743} INFO - Processing file /home/airflow/.local/lib/python3.7/site-packages/airflow/example_dags/example_latest_only.py for tasks to queue
[2023-03-08T11:59:44.468+0000] {logging_mixin.py:137} INFO - [2023-03-08T11:59:44.468+0000] {dagbag.py:538} INFO - Filling up the DagBag from /home/airflow/.local/lib/python3.7/site-packages/airflow/example_dags/example_latest_only.py
[2023-03-08T11:59:44.491+0000] {processor.py:753} INFO - DAG(s) dict_keys(['latest_only']) retrieved from /home/airflow/.local/lib/python3.7/site-packages/airflow/example_dags/example_latest_only.py
[2023-03-08T11:59:44.534+0000] {logging_mixin.py:137} INFO - [2023-03-08T11:59:44.533+0000] {dag.py:2690} INFO - Sync 1 DAGs
[2023-03-08T11:59:44.586+0000] {logging_mixin.py:137} INFO - [2023-03-08T11:59:44.586+0000] {dag.py:3441} INFO - Setting next_dagrun for latest_only to 2023-03-08T07:59:44.585841+00:00, run_after=2023-03-08T11:59:44.585841+00:00
[2023-03-08T11:59:44.679+0000] {processor.py:175} INFO - Processing /home/airflow/.local/lib/python3.7/site-packages/airflow/example_dags/example_latest_only.py took 0.230 seconds
[2023-03-08T12:00:14.976+0000] {processor.py:153} INFO - Started process (PID=12727) to work on /home/airflow/.local/lib/python3.7/site-packages/airflow/example_dags/example_latest_only.py
[2023-03-08T12:00:14.980+0000] {processor.py:743} INFO - Processing file /home/airflow/.local/lib/python3.7/site-packages/airflow/example_dags/example_latest_only.py for tasks to queue
[2023-03-08T12:00:14.987+0000] {logging_mixin.py:137} INFO - [2023-03-08T12:00:14.986+0000] {dagbag.py:538} INFO - Filling up the DagBag from /home/airflow/.local/lib/python3.7/site-packages/airflow/example_dags/example_latest_only.py
[2023-03-08T12:00:15.043+0000] {processor.py:753} INFO - DAG(s) dict_keys(['latest_only']) retrieved from /home/airflow/.local/lib/python3.7/site-packages/airflow/example_dags/example_latest_only.py
[2023-03-08T12:00:15.107+0000] {logging_mixin.py:137} INFO - [2023-03-08T12:00:15.106+0000] {dag.py:2690} INFO - Sync 1 DAGs
[2023-03-08T12:00:15.144+0000] {logging_mixin.py:137} INFO - [2023-03-08T12:00:15.144+0000] {dag.py:3441} INFO - Setting next_dagrun for latest_only to 2023-03-08T08:00:15.143746+00:00, run_after=2023-03-08T12:00:15.143746+00:00
[2023-03-08T12:00:15.184+0000] {processor.py:175} INFO - Processing /home/airflow/.local/lib/python3.7/site-packages/airflow/example_dags/example_latest_only.py took 0.222 seconds
[2023-03-08T12:00:45.328+0000] {processor.py:153} INFO - Started process (PID=12784) to work on /home/airflow/.local/lib/python3.7/site-packages/airflow/example_dags/example_latest_only.py
[2023-03-08T12:00:45.338+0000] {processor.py:743} INFO - Processing file /home/airflow/.local/lib/python3.7/site-packages/airflow/example_dags/example_latest_only.py for tasks to queue
[2023-03-08T12:00:45.344+0000] {logging_mixin.py:137} INFO - [2023-03-08T12:00:45.343+0000] {dagbag.py:538} INFO - Filling up the DagBag from /home/airflow/.local/lib/python3.7/site-packages/airflow/example_dags/example_latest_only.py
[2023-03-08T12:00:45.463+0000] {processor.py:753} INFO - DAG(s) dict_keys(['latest_only']) retrieved from /home/airflow/.local/lib/python3.7/site-packages/airflow/example_dags/example_latest_only.py
[2023-03-08T12:00:45.542+0000] {logging_mixin.py:137} INFO - [2023-03-08T12:00:45.541+0000] {dag.py:2690} INFO - Sync 1 DAGs
[2023-03-08T12:00:45.576+0000] {logging_mixin.py:137} INFO - [2023-03-08T12:00:45.576+0000] {dag.py:3441} INFO - Setting next_dagrun for latest_only to 2023-03-08T08:00:45.576248+00:00, run_after=2023-03-08T12:00:45.576248+00:00
[2023-03-08T12:00:45.655+0000] {processor.py:175} INFO - Processing /home/airflow/.local/lib/python3.7/site-packages/airflow/example_dags/example_latest_only.py took 0.339 seconds
[2023-03-08T12:01:16.286+0000] {processor.py:153} INFO - Started process (PID=12851) to work on /home/airflow/.local/lib/python3.7/site-packages/airflow/example_dags/example_latest_only.py
[2023-03-08T12:01:16.294+0000] {processor.py:743} INFO - Processing file /home/airflow/.local/lib/python3.7/site-packages/airflow/example_dags/example_latest_only.py for tasks to queue
[2023-03-08T12:01:16.301+0000] {logging_mixin.py:137} INFO - [2023-03-08T12:01:16.300+0000] {dagbag.py:538} INFO - Filling up the DagBag from /home/airflow/.local/lib/python3.7/site-packages/airflow/example_dags/example_latest_only.py
[2023-03-08T12:01:16.375+0000] {processor.py:753} INFO - DAG(s) dict_keys(['latest_only']) retrieved from /home/airflow/.local/lib/python3.7/site-packages/airflow/example_dags/example_latest_only.py
[2023-03-08T12:01:16.471+0000] {logging_mixin.py:137} INFO - [2023-03-08T12:01:16.471+0000] {dag.py:2690} INFO - Sync 1 DAGs
[2023-03-08T12:01:16.557+0000] {logging_mixin.py:137} INFO - [2023-03-08T12:01:16.557+0000] {dag.py:3441} INFO - Setting next_dagrun for latest_only to 2023-03-08T08:01:16.556539+00:00, run_after=2023-03-08T12:01:16.556539+00:00
[2023-03-08T12:01:16.652+0000] {processor.py:175} INFO - Processing /home/airflow/.local/lib/python3.7/site-packages/airflow/example_dags/example_latest_only.py took 0.398 seconds
[2023-03-08T12:01:46.922+0000] {processor.py:153} INFO - Started process (PID=12910) to work on /home/airflow/.local/lib/python3.7/site-packages/airflow/example_dags/example_latest_only.py
[2023-03-08T12:01:46.925+0000] {processor.py:743} INFO - Processing file /home/airflow/.local/lib/python3.7/site-packages/airflow/example_dags/example_latest_only.py for tasks to queue
[2023-03-08T12:01:46.927+0000] {logging_mixin.py:137} INFO - [2023-03-08T12:01:46.927+0000] {dagbag.py:538} INFO - Filling up the DagBag from /home/airflow/.local/lib/python3.7/site-packages/airflow/example_dags/example_latest_only.py
[2023-03-08T12:01:46.949+0000] {processor.py:753} INFO - DAG(s) dict_keys(['latest_only']) retrieved from /home/airflow/.local/lib/python3.7/site-packages/airflow/example_dags/example_latest_only.py
[2023-03-08T12:01:47.001+0000] {logging_mixin.py:137} INFO - [2023-03-08T12:01:47.000+0000] {dag.py:2690} INFO - Sync 1 DAGs
[2023-03-08T12:01:47.049+0000] {logging_mixin.py:137} INFO - [2023-03-08T12:01:47.049+0000] {dag.py:3441} INFO - Setting next_dagrun for latest_only to 2023-03-08T08:01:47.048709+00:00, run_after=2023-03-08T12:01:47.048709+00:00
[2023-03-08T12:01:47.083+0000] {processor.py:175} INFO - Processing /home/airflow/.local/lib/python3.7/site-packages/airflow/example_dags/example_latest_only.py took 0.167 seconds
[2023-03-08T12:02:17.194+0000] {processor.py:153} INFO - Started process (PID=12967) to work on /home/airflow/.local/lib/python3.7/site-packages/airflow/example_dags/example_latest_only.py
[2023-03-08T12:02:17.198+0000] {processor.py:743} INFO - Processing file /home/airflow/.local/lib/python3.7/site-packages/airflow/example_dags/example_latest_only.py for tasks to queue
[2023-03-08T12:02:17.202+0000] {logging_mixin.py:137} INFO - [2023-03-08T12:02:17.202+0000] {dagbag.py:538} INFO - Filling up the DagBag from /home/airflow/.local/lib/python3.7/site-packages/airflow/example_dags/example_latest_only.py
[2023-03-08T12:02:17.240+0000] {processor.py:753} INFO - DAG(s) dict_keys(['latest_only']) retrieved from /home/airflow/.local/lib/python3.7/site-packages/airflow/example_dags/example_latest_only.py
[2023-03-08T12:02:17.354+0000] {logging_mixin.py:137} INFO - [2023-03-08T12:02:17.354+0000] {dag.py:2690} INFO - Sync 1 DAGs
[2023-03-08T12:02:17.435+0000] {logging_mixin.py:137} INFO - [2023-03-08T12:02:17.435+0000] {dag.py:3441} INFO - Setting next_dagrun for latest_only to 2023-03-08T08:02:17.435187+00:00, run_after=2023-03-08T12:02:17.435187+00:00
[2023-03-08T12:02:17.500+0000] {processor.py:175} INFO - Processing /home/airflow/.local/lib/python3.7/site-packages/airflow/example_dags/example_latest_only.py took 0.315 seconds
[2023-03-08T12:02:47.578+0000] {processor.py:153} INFO - Started process (PID=13035) to work on /home/airflow/.local/lib/python3.7/site-packages/airflow/example_dags/example_latest_only.py
[2023-03-08T12:02:47.582+0000] {processor.py:743} INFO - Processing file /home/airflow/.local/lib/python3.7/site-packages/airflow/example_dags/example_latest_only.py for tasks to queue
[2023-03-08T12:02:47.586+0000] {logging_mixin.py:137} INFO - [2023-03-08T12:02:47.585+0000] {dagbag.py:538} INFO - Filling up the DagBag from /home/airflow/.local/lib/python3.7/site-packages/airflow/example_dags/example_latest_only.py
[2023-03-08T12:02:47.623+0000] {processor.py:753} INFO - DAG(s) dict_keys(['latest_only']) retrieved from /home/airflow/.local/lib/python3.7/site-packages/airflow/example_dags/example_latest_only.py
[2023-03-08T12:02:47.691+0000] {logging_mixin.py:137} INFO - [2023-03-08T12:02:47.690+0000] {dag.py:2690} INFO - Sync 1 DAGs
[2023-03-08T12:02:47.758+0000] {logging_mixin.py:137} INFO - [2023-03-08T12:02:47.757+0000] {dag.py:3441} INFO - Setting next_dagrun for latest_only to 2023-03-08T08:02:47.757557+00:00, run_after=2023-03-08T12:02:47.757557+00:00
[2023-03-08T12:02:47.791+0000] {processor.py:175} INFO - Processing /home/airflow/.local/lib/python3.7/site-packages/airflow/example_dags/example_latest_only.py took 0.220 seconds
[2023-03-08T12:03:17.929+0000] {processor.py:153} INFO - Started process (PID=13095) to work on /home/airflow/.local/lib/python3.7/site-packages/airflow/example_dags/example_latest_only.py
[2023-03-08T12:03:17.933+0000] {processor.py:743} INFO - Processing file /home/airflow/.local/lib/python3.7/site-packages/airflow/example_dags/example_latest_only.py for tasks to queue
[2023-03-08T12:03:17.938+0000] {logging_mixin.py:137} INFO - [2023-03-08T12:03:17.937+0000] {dagbag.py:538} INFO - Filling up the DagBag from /home/airflow/.local/lib/python3.7/site-packages/airflow/example_dags/example_latest_only.py
[2023-03-08T12:03:17.976+0000] {processor.py:753} INFO - DAG(s) dict_keys(['latest_only']) retrieved from /home/airflow/.local/lib/python3.7/site-packages/airflow/example_dags/example_latest_only.py
[2023-03-08T12:03:18.057+0000] {logging_mixin.py:137} INFO - [2023-03-08T12:03:18.046+0000] {dag.py:2690} INFO - Sync 1 DAGs
[2023-03-08T12:03:18.124+0000] {logging_mixin.py:137} INFO - [2023-03-08T12:03:18.124+0000] {dag.py:3441} INFO - Setting next_dagrun for latest_only to 2023-03-08T08:03:18.124072+00:00, run_after=2023-03-08T12:03:18.124072+00:00
[2023-03-08T12:03:18.176+0000] {processor.py:175} INFO - Processing /home/airflow/.local/lib/python3.7/site-packages/airflow/example_dags/example_latest_only.py took 0.258 seconds
[2023-03-08T12:03:48.416+0000] {processor.py:153} INFO - Started process (PID=13153) to work on /home/airflow/.local/lib/python3.7/site-packages/airflow/example_dags/example_latest_only.py
[2023-03-08T12:03:48.419+0000] {processor.py:743} INFO - Processing file /home/airflow/.local/lib/python3.7/site-packages/airflow/example_dags/example_latest_only.py for tasks to queue
[2023-03-08T12:03:48.422+0000] {logging_mixin.py:137} INFO - [2023-03-08T12:03:48.421+0000] {dagbag.py:538} INFO - Filling up the DagBag from /home/airflow/.local/lib/python3.7/site-packages/airflow/example_dags/example_latest_only.py
[2023-03-08T12:03:48.440+0000] {processor.py:753} INFO - DAG(s) dict_keys(['latest_only']) retrieved from /home/airflow/.local/lib/python3.7/site-packages/airflow/example_dags/example_latest_only.py
[2023-03-08T12:03:48.482+0000] {logging_mixin.py:137} INFO - [2023-03-08T12:03:48.482+0000] {dag.py:2690} INFO - Sync 1 DAGs
[2023-03-08T12:03:48.520+0000] {logging_mixin.py:137} INFO - [2023-03-08T12:03:48.520+0000] {dag.py:3441} INFO - Setting next_dagrun for latest_only to 2023-03-08T08:03:48.520305+00:00, run_after=2023-03-08T12:03:48.520305+00:00
[2023-03-08T12:03:48.554+0000] {processor.py:175} INFO - Processing /home/airflow/.local/lib/python3.7/site-packages/airflow/example_dags/example_latest_only.py took 0.146 seconds
[2023-03-08T12:04:18.904+0000] {processor.py:153} INFO - Started process (PID=13221) to work on /home/airflow/.local/lib/python3.7/site-packages/airflow/example_dags/example_latest_only.py
[2023-03-08T12:04:18.912+0000] {processor.py:743} INFO - Processing file /home/airflow/.local/lib/python3.7/site-packages/airflow/example_dags/example_latest_only.py for tasks to queue
[2023-03-08T12:04:18.914+0000] {logging_mixin.py:137} INFO - [2023-03-08T12:04:18.913+0000] {dagbag.py:538} INFO - Filling up the DagBag from /home/airflow/.local/lib/python3.7/site-packages/airflow/example_dags/example_latest_only.py
[2023-03-08T12:04:18.949+0000] {processor.py:753} INFO - DAG(s) dict_keys(['latest_only']) retrieved from /home/airflow/.local/lib/python3.7/site-packages/airflow/example_dags/example_latest_only.py
[2023-03-08T12:04:19.022+0000] {logging_mixin.py:137} INFO - [2023-03-08T12:04:19.022+0000] {dag.py:2690} INFO - Sync 1 DAGs
[2023-03-08T12:04:19.074+0000] {logging_mixin.py:137} INFO - [2023-03-08T12:04:19.074+0000] {dag.py:3441} INFO - Setting next_dagrun for latest_only to 2023-03-08T08:04:19.073707+00:00, run_after=2023-03-08T12:04:19.073707+00:00
[2023-03-08T12:04:19.138+0000] {processor.py:175} INFO - Processing /home/airflow/.local/lib/python3.7/site-packages/airflow/example_dags/example_latest_only.py took 0.241 seconds
[2023-03-08T12:04:49.344+0000] {processor.py:153} INFO - Started process (PID=13280) to work on /home/airflow/.local/lib/python3.7/site-packages/airflow/example_dags/example_latest_only.py
[2023-03-08T12:04:49.350+0000] {processor.py:743} INFO - Processing file /home/airflow/.local/lib/python3.7/site-packages/airflow/example_dags/example_latest_only.py for tasks to queue
[2023-03-08T12:04:49.354+0000] {logging_mixin.py:137} INFO - [2023-03-08T12:04:49.353+0000] {dagbag.py:538} INFO - Filling up the DagBag from /home/airflow/.local/lib/python3.7/site-packages/airflow/example_dags/example_latest_only.py
[2023-03-08T12:04:49.404+0000] {processor.py:753} INFO - DAG(s) dict_keys(['latest_only']) retrieved from /home/airflow/.local/lib/python3.7/site-packages/airflow/example_dags/example_latest_only.py
[2023-03-08T12:04:49.492+0000] {logging_mixin.py:137} INFO - [2023-03-08T12:04:49.492+0000] {dag.py:2690} INFO - Sync 1 DAGs
[2023-03-08T12:04:49.564+0000] {logging_mixin.py:137} INFO - [2023-03-08T12:04:49.563+0000] {dag.py:3441} INFO - Setting next_dagrun for latest_only to 2023-03-08T08:04:49.563555+00:00, run_after=2023-03-08T12:04:49.563555+00:00
[2023-03-08T12:04:49.632+0000] {processor.py:175} INFO - Processing /home/airflow/.local/lib/python3.7/site-packages/airflow/example_dags/example_latest_only.py took 0.297 seconds
[2023-03-08T12:05:19.754+0000] {processor.py:153} INFO - Started process (PID=13347) to work on /home/airflow/.local/lib/python3.7/site-packages/airflow/example_dags/example_latest_only.py
[2023-03-08T12:05:19.757+0000] {processor.py:743} INFO - Processing file /home/airflow/.local/lib/python3.7/site-packages/airflow/example_dags/example_latest_only.py for tasks to queue
[2023-03-08T12:05:19.761+0000] {logging_mixin.py:137} INFO - [2023-03-08T12:05:19.760+0000] {dagbag.py:538} INFO - Filling up the DagBag from /home/airflow/.local/lib/python3.7/site-packages/airflow/example_dags/example_latest_only.py
[2023-03-08T12:05:19.799+0000] {processor.py:753} INFO - DAG(s) dict_keys(['latest_only']) retrieved from /home/airflow/.local/lib/python3.7/site-packages/airflow/example_dags/example_latest_only.py
[2023-03-08T12:05:19.846+0000] {logging_mixin.py:137} INFO - [2023-03-08T12:05:19.846+0000] {dag.py:2690} INFO - Sync 1 DAGs
[2023-03-08T12:05:19.880+0000] {logging_mixin.py:137} INFO - [2023-03-08T12:05:19.880+0000] {dag.py:3441} INFO - Setting next_dagrun for latest_only to 2023-03-08T08:05:19.880155+00:00, run_after=2023-03-08T12:05:19.880155+00:00
[2023-03-08T12:05:19.916+0000] {processor.py:175} INFO - Processing /home/airflow/.local/lib/python3.7/site-packages/airflow/example_dags/example_latest_only.py took 0.171 seconds
[2023-03-08T12:05:50.350+0000] {processor.py:153} INFO - Started process (PID=13406) to work on /home/airflow/.local/lib/python3.7/site-packages/airflow/example_dags/example_latest_only.py
[2023-03-08T12:05:50.355+0000] {processor.py:743} INFO - Processing file /home/airflow/.local/lib/python3.7/site-packages/airflow/example_dags/example_latest_only.py for tasks to queue
[2023-03-08T12:05:50.358+0000] {logging_mixin.py:137} INFO - [2023-03-08T12:05:50.358+0000] {dagbag.py:538} INFO - Filling up the DagBag from /home/airflow/.local/lib/python3.7/site-packages/airflow/example_dags/example_latest_only.py
[2023-03-08T12:05:50.382+0000] {processor.py:753} INFO - DAG(s) dict_keys(['latest_only']) retrieved from /home/airflow/.local/lib/python3.7/site-packages/airflow/example_dags/example_latest_only.py
[2023-03-08T12:05:50.423+0000] {logging_mixin.py:137} INFO - [2023-03-08T12:05:50.423+0000] {dag.py:2690} INFO - Sync 1 DAGs
[2023-03-08T12:05:50.461+0000] {logging_mixin.py:137} INFO - [2023-03-08T12:05:50.461+0000] {dag.py:3441} INFO - Setting next_dagrun for latest_only to 2023-03-08T08:05:50.461264+00:00, run_after=2023-03-08T12:05:50.461264+00:00
[2023-03-08T12:05:50.510+0000] {processor.py:175} INFO - Processing /home/airflow/.local/lib/python3.7/site-packages/airflow/example_dags/example_latest_only.py took 0.167 seconds
[2023-03-08T12:06:21.368+0000] {processor.py:153} INFO - Started process (PID=13464) to work on /home/airflow/.local/lib/python3.7/site-packages/airflow/example_dags/example_latest_only.py
[2023-03-08T12:06:21.371+0000] {processor.py:743} INFO - Processing file /home/airflow/.local/lib/python3.7/site-packages/airflow/example_dags/example_latest_only.py for tasks to queue
[2023-03-08T12:06:21.376+0000] {logging_mixin.py:137} INFO - [2023-03-08T12:06:21.375+0000] {dagbag.py:538} INFO - Filling up the DagBag from /home/airflow/.local/lib/python3.7/site-packages/airflow/example_dags/example_latest_only.py
[2023-03-08T12:06:21.417+0000] {processor.py:753} INFO - DAG(s) dict_keys(['latest_only']) retrieved from /home/airflow/.local/lib/python3.7/site-packages/airflow/example_dags/example_latest_only.py
[2023-03-08T12:06:21.466+0000] {logging_mixin.py:137} INFO - [2023-03-08T12:06:21.466+0000] {dag.py:2690} INFO - Sync 1 DAGs
[2023-03-08T12:06:21.507+0000] {logging_mixin.py:137} INFO - [2023-03-08T12:06:21.506+0000] {dag.py:3441} INFO - Setting next_dagrun for latest_only to 2023-03-08T08:06:21.506560+00:00, run_after=2023-03-08T12:06:21.506560+00:00
[2023-03-08T12:06:21.543+0000] {processor.py:175} INFO - Processing /home/airflow/.local/lib/python3.7/site-packages/airflow/example_dags/example_latest_only.py took 0.181 seconds
[2023-03-08T12:06:52.040+0000] {processor.py:153} INFO - Started process (PID=13521) to work on /home/airflow/.local/lib/python3.7/site-packages/airflow/example_dags/example_latest_only.py
[2023-03-08T12:06:52.045+0000] {processor.py:743} INFO - Processing file /home/airflow/.local/lib/python3.7/site-packages/airflow/example_dags/example_latest_only.py for tasks to queue
[2023-03-08T12:06:52.052+0000] {logging_mixin.py:137} INFO - [2023-03-08T12:06:52.051+0000] {dagbag.py:538} INFO - Filling up the DagBag from /home/airflow/.local/lib/python3.7/site-packages/airflow/example_dags/example_latest_only.py
[2023-03-08T12:06:52.265+0000] {processor.py:753} INFO - DAG(s) dict_keys(['latest_only']) retrieved from /home/airflow/.local/lib/python3.7/site-packages/airflow/example_dags/example_latest_only.py
[2023-03-08T12:06:52.382+0000] {logging_mixin.py:137} INFO - [2023-03-08T12:06:52.381+0000] {dag.py:2690} INFO - Sync 1 DAGs
[2023-03-08T12:06:52.481+0000] {logging_mixin.py:137} INFO - [2023-03-08T12:06:52.481+0000] {dag.py:3441} INFO - Setting next_dagrun for latest_only to 2023-03-08T08:06:52.479372+00:00, run_after=2023-03-08T12:06:52.479372+00:00
[2023-03-08T12:06:52.591+0000] {processor.py:175} INFO - Processing /home/airflow/.local/lib/python3.7/site-packages/airflow/example_dags/example_latest_only.py took 0.577 seconds
[2023-03-08T12:07:25.445+0000] {processor.py:153} INFO - Started process (PID=13588) to work on /home/airflow/.local/lib/python3.7/site-packages/airflow/example_dags/example_latest_only.py
[2023-03-08T12:07:25.454+0000] {processor.py:743} INFO - Processing file /home/airflow/.local/lib/python3.7/site-packages/airflow/example_dags/example_latest_only.py for tasks to queue
[2023-03-08T12:07:25.467+0000] {logging_mixin.py:137} INFO - [2023-03-08T12:07:25.467+0000] {dagbag.py:538} INFO - Filling up the DagBag from /home/airflow/.local/lib/python3.7/site-packages/airflow/example_dags/example_latest_only.py
[2023-03-08T12:07:25.550+0000] {processor.py:753} INFO - DAG(s) dict_keys(['latest_only']) retrieved from /home/airflow/.local/lib/python3.7/site-packages/airflow/example_dags/example_latest_only.py
[2023-03-08T12:07:25.594+0000] {logging_mixin.py:137} INFO - [2023-03-08T12:07:25.594+0000] {dag.py:2690} INFO - Sync 1 DAGs
[2023-03-08T12:07:25.664+0000] {logging_mixin.py:137} INFO - [2023-03-08T12:07:25.664+0000] {dag.py:3441} INFO - Setting next_dagrun for latest_only to 2023-03-08T08:07:25.664169+00:00, run_after=2023-03-08T12:07:25.664169+00:00
[2023-03-08T12:07:25.725+0000] {processor.py:175} INFO - Processing /home/airflow/.local/lib/python3.7/site-packages/airflow/example_dags/example_latest_only.py took 0.323 seconds
[2023-03-08T12:07:56.107+0000] {processor.py:153} INFO - Started process (PID=13648) to work on /home/airflow/.local/lib/python3.7/site-packages/airflow/example_dags/example_latest_only.py
[2023-03-08T12:07:56.111+0000] {processor.py:743} INFO - Processing file /home/airflow/.local/lib/python3.7/site-packages/airflow/example_dags/example_latest_only.py for tasks to queue
[2023-03-08T12:07:56.114+0000] {logging_mixin.py:137} INFO - [2023-03-08T12:07:56.114+0000] {dagbag.py:538} INFO - Filling up the DagBag from /home/airflow/.local/lib/python3.7/site-packages/airflow/example_dags/example_latest_only.py
[2023-03-08T12:07:56.138+0000] {processor.py:753} INFO - DAG(s) dict_keys(['latest_only']) retrieved from /home/airflow/.local/lib/python3.7/site-packages/airflow/example_dags/example_latest_only.py
[2023-03-08T12:07:56.180+0000] {logging_mixin.py:137} INFO - [2023-03-08T12:07:56.180+0000] {dag.py:2690} INFO - Sync 1 DAGs
[2023-03-08T12:07:56.212+0000] {logging_mixin.py:137} INFO - [2023-03-08T12:07:56.212+0000] {dag.py:3441} INFO - Setting next_dagrun for latest_only to 2023-03-08T08:07:56.211927+00:00, run_after=2023-03-08T12:07:56.211927+00:00
[2023-03-08T12:07:56.260+0000] {processor.py:175} INFO - Processing /home/airflow/.local/lib/python3.7/site-packages/airflow/example_dags/example_latest_only.py took 0.158 seconds
[2023-03-08T12:08:26.972+0000] {processor.py:153} INFO - Started process (PID=13705) to work on /home/airflow/.local/lib/python3.7/site-packages/airflow/example_dags/example_latest_only.py
[2023-03-08T12:08:26.975+0000] {processor.py:743} INFO - Processing file /home/airflow/.local/lib/python3.7/site-packages/airflow/example_dags/example_latest_only.py for tasks to queue
[2023-03-08T12:08:26.978+0000] {logging_mixin.py:137} INFO - [2023-03-08T12:08:26.978+0000] {dagbag.py:538} INFO - Filling up the DagBag from /home/airflow/.local/lib/python3.7/site-packages/airflow/example_dags/example_latest_only.py
[2023-03-08T12:08:27.006+0000] {processor.py:753} INFO - DAG(s) dict_keys(['latest_only']) retrieved from /home/airflow/.local/lib/python3.7/site-packages/airflow/example_dags/example_latest_only.py
[2023-03-08T12:08:27.047+0000] {logging_mixin.py:137} INFO - [2023-03-08T12:08:27.047+0000] {dag.py:2690} INFO - Sync 1 DAGs
[2023-03-08T12:08:27.086+0000] {logging_mixin.py:137} INFO - [2023-03-08T12:08:27.086+0000] {dag.py:3441} INFO - Setting next_dagrun for latest_only to 2023-03-08T08:08:27.086396+00:00, run_after=2023-03-08T12:08:27.086396+00:00
[2023-03-08T12:08:27.116+0000] {processor.py:175} INFO - Processing /home/airflow/.local/lib/python3.7/site-packages/airflow/example_dags/example_latest_only.py took 0.155 seconds
[2023-03-08T12:08:57.983+0000] {processor.py:153} INFO - Started process (PID=13773) to work on /home/airflow/.local/lib/python3.7/site-packages/airflow/example_dags/example_latest_only.py
[2023-03-08T12:08:57.991+0000] {processor.py:743} INFO - Processing file /home/airflow/.local/lib/python3.7/site-packages/airflow/example_dags/example_latest_only.py for tasks to queue
[2023-03-08T12:08:57.997+0000] {logging_mixin.py:137} INFO - [2023-03-08T12:08:57.996+0000] {dagbag.py:538} INFO - Filling up the DagBag from /home/airflow/.local/lib/python3.7/site-packages/airflow/example_dags/example_latest_only.py
[2023-03-08T12:08:58.053+0000] {processor.py:753} INFO - DAG(s) dict_keys(['latest_only']) retrieved from /home/airflow/.local/lib/python3.7/site-packages/airflow/example_dags/example_latest_only.py
[2023-03-08T12:08:58.136+0000] {logging_mixin.py:137} INFO - [2023-03-08T12:08:58.135+0000] {dag.py:2690} INFO - Sync 1 DAGs
[2023-03-08T12:08:58.169+0000] {logging_mixin.py:137} INFO - [2023-03-08T12:08:58.169+0000] {dag.py:3441} INFO - Setting next_dagrun for latest_only to 2023-03-08T08:08:58.168745+00:00, run_after=2023-03-08T12:08:58.168745+00:00
[2023-03-08T12:08:58.249+0000] {processor.py:175} INFO - Processing /home/airflow/.local/lib/python3.7/site-packages/airflow/example_dags/example_latest_only.py took 0.278 seconds
[2023-03-08T12:09:28.400+0000] {processor.py:153} INFO - Started process (PID=13833) to work on /home/airflow/.local/lib/python3.7/site-packages/airflow/example_dags/example_latest_only.py
[2023-03-08T12:09:28.402+0000] {processor.py:743} INFO - Processing file /home/airflow/.local/lib/python3.7/site-packages/airflow/example_dags/example_latest_only.py for tasks to queue
[2023-03-08T12:09:28.404+0000] {logging_mixin.py:137} INFO - [2023-03-08T12:09:28.404+0000] {dagbag.py:538} INFO - Filling up the DagBag from /home/airflow/.local/lib/python3.7/site-packages/airflow/example_dags/example_latest_only.py
[2023-03-08T12:09:28.423+0000] {processor.py:753} INFO - DAG(s) dict_keys(['latest_only']) retrieved from /home/airflow/.local/lib/python3.7/site-packages/airflow/example_dags/example_latest_only.py
[2023-03-08T12:09:28.461+0000] {logging_mixin.py:137} INFO - [2023-03-08T12:09:28.460+0000] {dag.py:2690} INFO - Sync 1 DAGs
[2023-03-08T12:09:28.490+0000] {logging_mixin.py:137} INFO - [2023-03-08T12:09:28.489+0000] {dag.py:3441} INFO - Setting next_dagrun for latest_only to 2023-03-08T08:09:28.489681+00:00, run_after=2023-03-08T12:09:28.489681+00:00
[2023-03-08T12:09:28.515+0000] {processor.py:175} INFO - Processing /home/airflow/.local/lib/python3.7/site-packages/airflow/example_dags/example_latest_only.py took 0.119 seconds
[2023-03-08T12:09:58.701+0000] {processor.py:153} INFO - Started process (PID=13892) to work on /home/airflow/.local/lib/python3.7/site-packages/airflow/example_dags/example_latest_only.py
[2023-03-08T12:09:58.704+0000] {processor.py:743} INFO - Processing file /home/airflow/.local/lib/python3.7/site-packages/airflow/example_dags/example_latest_only.py for tasks to queue
[2023-03-08T12:09:58.707+0000] {logging_mixin.py:137} INFO - [2023-03-08T12:09:58.706+0000] {dagbag.py:538} INFO - Filling up the DagBag from /home/airflow/.local/lib/python3.7/site-packages/airflow/example_dags/example_latest_only.py
[2023-03-08T12:09:58.731+0000] {processor.py:753} INFO - DAG(s) dict_keys(['latest_only']) retrieved from /home/airflow/.local/lib/python3.7/site-packages/airflow/example_dags/example_latest_only.py
[2023-03-08T12:09:58.796+0000] {logging_mixin.py:137} INFO - [2023-03-08T12:09:58.796+0000] {dag.py:2690} INFO - Sync 1 DAGs
[2023-03-08T12:09:58.833+0000] {logging_mixin.py:137} INFO - [2023-03-08T12:09:58.833+0000] {dag.py:3441} INFO - Setting next_dagrun for latest_only to 2023-03-08T08:09:58.833416+00:00, run_after=2023-03-08T12:09:58.833416+00:00
[2023-03-08T12:09:58.870+0000] {processor.py:175} INFO - Processing /home/airflow/.local/lib/python3.7/site-packages/airflow/example_dags/example_latest_only.py took 0.177 seconds
[2023-03-08T12:10:29.357+0000] {processor.py:153} INFO - Started process (PID=13961) to work on /home/airflow/.local/lib/python3.7/site-packages/airflow/example_dags/example_latest_only.py
[2023-03-08T12:10:29.365+0000] {processor.py:743} INFO - Processing file /home/airflow/.local/lib/python3.7/site-packages/airflow/example_dags/example_latest_only.py for tasks to queue
[2023-03-08T12:10:29.378+0000] {logging_mixin.py:137} INFO - [2023-03-08T12:10:29.377+0000] {dagbag.py:538} INFO - Filling up the DagBag from /home/airflow/.local/lib/python3.7/site-packages/airflow/example_dags/example_latest_only.py
[2023-03-08T12:10:29.465+0000] {processor.py:753} INFO - DAG(s) dict_keys(['latest_only']) retrieved from /home/airflow/.local/lib/python3.7/site-packages/airflow/example_dags/example_latest_only.py
[2023-03-08T12:10:29.559+0000] {logging_mixin.py:137} INFO - [2023-03-08T12:10:29.559+0000] {dag.py:2690} INFO - Sync 1 DAGs
[2023-03-08T12:10:29.624+0000] {logging_mixin.py:137} INFO - [2023-03-08T12:10:29.624+0000] {dag.py:3441} INFO - Setting next_dagrun for latest_only to 2023-03-08T08:10:29.624204+00:00, run_after=2023-03-08T12:10:29.624204+00:00
[2023-03-08T12:10:29.675+0000] {processor.py:175} INFO - Processing /home/airflow/.local/lib/python3.7/site-packages/airflow/example_dags/example_latest_only.py took 0.330 seconds
[2023-03-08T12:11:00.034+0000] {processor.py:153} INFO - Started process (PID=14019) to work on /home/airflow/.local/lib/python3.7/site-packages/airflow/example_dags/example_latest_only.py
[2023-03-08T12:11:00.036+0000] {processor.py:743} INFO - Processing file /home/airflow/.local/lib/python3.7/site-packages/airflow/example_dags/example_latest_only.py for tasks to queue
[2023-03-08T12:11:00.039+0000] {logging_mixin.py:137} INFO - [2023-03-08T12:11:00.039+0000] {dagbag.py:538} INFO - Filling up the DagBag from /home/airflow/.local/lib/python3.7/site-packages/airflow/example_dags/example_latest_only.py
[2023-03-08T12:11:00.070+0000] {processor.py:753} INFO - DAG(s) dict_keys(['latest_only']) retrieved from /home/airflow/.local/lib/python3.7/site-packages/airflow/example_dags/example_latest_only.py
[2023-03-08T12:11:00.135+0000] {logging_mixin.py:137} INFO - [2023-03-08T12:11:00.135+0000] {dag.py:2690} INFO - Sync 1 DAGs
[2023-03-08T12:11:00.204+0000] {logging_mixin.py:137} INFO - [2023-03-08T12:11:00.204+0000] {dag.py:3441} INFO - Setting next_dagrun for latest_only to 2023-03-08T08:11:00.203797+00:00, run_after=2023-03-08T12:11:00.203797+00:00
[2023-03-08T12:11:00.248+0000] {processor.py:175} INFO - Processing /home/airflow/.local/lib/python3.7/site-packages/airflow/example_dags/example_latest_only.py took 0.222 seconds
[2023-03-08T12:11:30.524+0000] {processor.py:153} INFO - Started process (PID=14078) to work on /home/airflow/.local/lib/python3.7/site-packages/airflow/example_dags/example_latest_only.py
[2023-03-08T12:11:30.526+0000] {processor.py:743} INFO - Processing file /home/airflow/.local/lib/python3.7/site-packages/airflow/example_dags/example_latest_only.py for tasks to queue
[2023-03-08T12:11:30.528+0000] {logging_mixin.py:137} INFO - [2023-03-08T12:11:30.528+0000] {dagbag.py:538} INFO - Filling up the DagBag from /home/airflow/.local/lib/python3.7/site-packages/airflow/example_dags/example_latest_only.py
[2023-03-08T12:11:30.544+0000] {processor.py:753} INFO - DAG(s) dict_keys(['latest_only']) retrieved from /home/airflow/.local/lib/python3.7/site-packages/airflow/example_dags/example_latest_only.py
[2023-03-08T12:11:30.579+0000] {logging_mixin.py:137} INFO - [2023-03-08T12:11:30.579+0000] {dag.py:2690} INFO - Sync 1 DAGs
[2023-03-08T12:11:30.608+0000] {logging_mixin.py:137} INFO - [2023-03-08T12:11:30.608+0000] {dag.py:3441} INFO - Setting next_dagrun for latest_only to 2023-03-08T08:11:30.608261+00:00, run_after=2023-03-08T12:11:30.608261+00:00
[2023-03-08T12:11:30.633+0000] {processor.py:175} INFO - Processing /home/airflow/.local/lib/python3.7/site-packages/airflow/example_dags/example_latest_only.py took 0.114 seconds
[2023-03-08T12:12:01.095+0000] {processor.py:153} INFO - Started process (PID=14147) to work on /home/airflow/.local/lib/python3.7/site-packages/airflow/example_dags/example_latest_only.py
[2023-03-08T12:12:01.100+0000] {processor.py:743} INFO - Processing file /home/airflow/.local/lib/python3.7/site-packages/airflow/example_dags/example_latest_only.py for tasks to queue
[2023-03-08T12:12:01.103+0000] {logging_mixin.py:137} INFO - [2023-03-08T12:12:01.103+0000] {dagbag.py:538} INFO - Filling up the DagBag from /home/airflow/.local/lib/python3.7/site-packages/airflow/example_dags/example_latest_only.py
[2023-03-08T12:12:01.151+0000] {processor.py:753} INFO - DAG(s) dict_keys(['latest_only']) retrieved from /home/airflow/.local/lib/python3.7/site-packages/airflow/example_dags/example_latest_only.py
[2023-03-08T12:12:01.308+0000] {logging_mixin.py:137} INFO - [2023-03-08T12:12:01.308+0000] {dag.py:2690} INFO - Sync 1 DAGs
[2023-03-08T12:12:01.424+0000] {logging_mixin.py:137} INFO - [2023-03-08T12:12:01.423+0000] {dag.py:3441} INFO - Setting next_dagrun for latest_only to 2023-03-08T08:12:01.423505+00:00, run_after=2023-03-08T12:12:01.423505+00:00
[2023-03-08T12:12:01.504+0000] {processor.py:175} INFO - Processing /home/airflow/.local/lib/python3.7/site-packages/airflow/example_dags/example_latest_only.py took 0.422 seconds
[2023-03-08T12:12:31.800+0000] {processor.py:153} INFO - Started process (PID=14206) to work on /home/airflow/.local/lib/python3.7/site-packages/airflow/example_dags/example_latest_only.py
[2023-03-08T12:12:31.805+0000] {processor.py:743} INFO - Processing file /home/airflow/.local/lib/python3.7/site-packages/airflow/example_dags/example_latest_only.py for tasks to queue
[2023-03-08T12:12:31.810+0000] {logging_mixin.py:137} INFO - [2023-03-08T12:12:31.809+0000] {dagbag.py:538} INFO - Filling up the DagBag from /home/airflow/.local/lib/python3.7/site-packages/airflow/example_dags/example_latest_only.py
[2023-03-08T12:12:31.852+0000] {processor.py:753} INFO - DAG(s) dict_keys(['latest_only']) retrieved from /home/airflow/.local/lib/python3.7/site-packages/airflow/example_dags/example_latest_only.py
[2023-03-08T12:12:31.962+0000] {logging_mixin.py:137} INFO - [2023-03-08T12:12:31.962+0000] {dag.py:2690} INFO - Sync 1 DAGs
[2023-03-08T12:12:32.031+0000] {logging_mixin.py:137} INFO - [2023-03-08T12:12:32.031+0000] {dag.py:3441} INFO - Setting next_dagrun for latest_only to 2023-03-08T08:12:32.030701+00:00, run_after=2023-03-08T12:12:32.030701+00:00
[2023-03-08T12:12:32.090+0000] {processor.py:175} INFO - Processing /home/airflow/.local/lib/python3.7/site-packages/airflow/example_dags/example_latest_only.py took 0.303 seconds
[2023-03-08T12:13:02.513+0000] {processor.py:153} INFO - Started process (PID=14264) to work on /home/airflow/.local/lib/python3.7/site-packages/airflow/example_dags/example_latest_only.py
[2023-03-08T12:13:02.519+0000] {processor.py:743} INFO - Processing file /home/airflow/.local/lib/python3.7/site-packages/airflow/example_dags/example_latest_only.py for tasks to queue
[2023-03-08T12:13:02.522+0000] {logging_mixin.py:137} INFO - [2023-03-08T12:13:02.521+0000] {dagbag.py:538} INFO - Filling up the DagBag from /home/airflow/.local/lib/python3.7/site-packages/airflow/example_dags/example_latest_only.py
[2023-03-08T12:13:02.571+0000] {processor.py:753} INFO - DAG(s) dict_keys(['latest_only']) retrieved from /home/airflow/.local/lib/python3.7/site-packages/airflow/example_dags/example_latest_only.py
[2023-03-08T12:13:02.645+0000] {logging_mixin.py:137} INFO - [2023-03-08T12:13:02.645+0000] {dag.py:2690} INFO - Sync 1 DAGs
[2023-03-08T12:13:02.701+0000] {logging_mixin.py:137} INFO - [2023-03-08T12:13:02.701+0000] {dag.py:3441} INFO - Setting next_dagrun for latest_only to 2023-03-08T08:13:02.700967+00:00, run_after=2023-03-08T12:13:02.700967+00:00
[2023-03-08T12:13:02.778+0000] {processor.py:175} INFO - Processing /home/airflow/.local/lib/python3.7/site-packages/airflow/example_dags/example_latest_only.py took 0.275 seconds
[2023-03-08T12:13:33.016+0000] {processor.py:153} INFO - Started process (PID=14333) to work on /home/airflow/.local/lib/python3.7/site-packages/airflow/example_dags/example_latest_only.py
[2023-03-08T12:13:33.018+0000] {processor.py:743} INFO - Processing file /home/airflow/.local/lib/python3.7/site-packages/airflow/example_dags/example_latest_only.py for tasks to queue
[2023-03-08T12:13:33.020+0000] {logging_mixin.py:137} INFO - [2023-03-08T12:13:33.020+0000] {dagbag.py:538} INFO - Filling up the DagBag from /home/airflow/.local/lib/python3.7/site-packages/airflow/example_dags/example_latest_only.py
[2023-03-08T12:13:33.063+0000] {processor.py:753} INFO - DAG(s) dict_keys(['latest_only']) retrieved from /home/airflow/.local/lib/python3.7/site-packages/airflow/example_dags/example_latest_only.py
[2023-03-08T12:13:33.127+0000] {logging_mixin.py:137} INFO - [2023-03-08T12:13:33.127+0000] {dag.py:2690} INFO - Sync 1 DAGs
[2023-03-08T12:13:33.178+0000] {logging_mixin.py:137} INFO - [2023-03-08T12:13:33.178+0000] {dag.py:3441} INFO - Setting next_dagrun for latest_only to 2023-03-08T08:13:33.177787+00:00, run_after=2023-03-08T12:13:33.177787+00:00
[2023-03-08T12:13:33.228+0000] {processor.py:175} INFO - Processing /home/airflow/.local/lib/python3.7/site-packages/airflow/example_dags/example_latest_only.py took 0.220 seconds
[2023-03-08T12:14:04.080+0000] {processor.py:153} INFO - Started process (PID=14392) to work on /home/airflow/.local/lib/python3.7/site-packages/airflow/example_dags/example_latest_only.py
[2023-03-08T12:14:04.084+0000] {processor.py:743} INFO - Processing file /home/airflow/.local/lib/python3.7/site-packages/airflow/example_dags/example_latest_only.py for tasks to queue
[2023-03-08T12:14:04.089+0000] {logging_mixin.py:137} INFO - [2023-03-08T12:14:04.088+0000] {dagbag.py:538} INFO - Filling up the DagBag from /home/airflow/.local/lib/python3.7/site-packages/airflow/example_dags/example_latest_only.py
[2023-03-08T12:14:04.161+0000] {processor.py:753} INFO - DAG(s) dict_keys(['latest_only']) retrieved from /home/airflow/.local/lib/python3.7/site-packages/airflow/example_dags/example_latest_only.py
[2023-03-08T12:14:04.250+0000] {logging_mixin.py:137} INFO - [2023-03-08T12:14:04.250+0000] {dag.py:2690} INFO - Sync 1 DAGs
[2023-03-08T12:14:04.340+0000] {logging_mixin.py:137} INFO - [2023-03-08T12:14:04.340+0000] {dag.py:3441} INFO - Setting next_dagrun for latest_only to 2023-03-08T08:14:04.340301+00:00, run_after=2023-03-08T12:14:04.340301+00:00
[2023-03-08T12:14:04.418+0000] {processor.py:175} INFO - Processing /home/airflow/.local/lib/python3.7/site-packages/airflow/example_dags/example_latest_only.py took 0.367 seconds
[2023-03-08T12:14:35.221+0000] {processor.py:153} INFO - Started process (PID=14450) to work on /home/airflow/.local/lib/python3.7/site-packages/airflow/example_dags/example_latest_only.py
[2023-03-08T12:14:35.224+0000] {processor.py:743} INFO - Processing file /home/airflow/.local/lib/python3.7/site-packages/airflow/example_dags/example_latest_only.py for tasks to queue
[2023-03-08T12:14:35.235+0000] {logging_mixin.py:137} INFO - [2023-03-08T12:14:35.235+0000] {dagbag.py:538} INFO - Filling up the DagBag from /home/airflow/.local/lib/python3.7/site-packages/airflow/example_dags/example_latest_only.py
[2023-03-08T12:14:35.264+0000] {processor.py:753} INFO - DAG(s) dict_keys(['latest_only']) retrieved from /home/airflow/.local/lib/python3.7/site-packages/airflow/example_dags/example_latest_only.py
[2023-03-08T12:14:35.304+0000] {logging_mixin.py:137} INFO - [2023-03-08T12:14:35.303+0000] {dag.py:2690} INFO - Sync 1 DAGs
[2023-03-08T12:14:35.347+0000] {logging_mixin.py:137} INFO - [2023-03-08T12:14:35.347+0000] {dag.py:3441} INFO - Setting next_dagrun for latest_only to 2023-03-08T08:14:35.346760+00:00, run_after=2023-03-08T12:14:35.346760+00:00
[2023-03-08T12:14:35.394+0000] {processor.py:175} INFO - Processing /home/airflow/.local/lib/python3.7/site-packages/airflow/example_dags/example_latest_only.py took 0.194 seconds
[2023-03-08T12:15:06.045+0000] {processor.py:153} INFO - Started process (PID=14508) to work on /home/airflow/.local/lib/python3.7/site-packages/airflow/example_dags/example_latest_only.py
[2023-03-08T12:15:06.047+0000] {processor.py:743} INFO - Processing file /home/airflow/.local/lib/python3.7/site-packages/airflow/example_dags/example_latest_only.py for tasks to queue
[2023-03-08T12:15:06.051+0000] {logging_mixin.py:137} INFO - [2023-03-08T12:15:06.050+0000] {dagbag.py:538} INFO - Filling up the DagBag from /home/airflow/.local/lib/python3.7/site-packages/airflow/example_dags/example_latest_only.py
[2023-03-08T12:15:06.070+0000] {processor.py:753} INFO - DAG(s) dict_keys(['latest_only']) retrieved from /home/airflow/.local/lib/python3.7/site-packages/airflow/example_dags/example_latest_only.py
[2023-03-08T12:15:06.114+0000] {logging_mixin.py:137} INFO - [2023-03-08T12:15:06.114+0000] {dag.py:2690} INFO - Sync 1 DAGs
[2023-03-08T12:15:06.152+0000] {logging_mixin.py:137} INFO - [2023-03-08T12:15:06.152+0000] {dag.py:3441} INFO - Setting next_dagrun for latest_only to 2023-03-08T08:15:06.152195+00:00, run_after=2023-03-08T12:15:06.152195+00:00
[2023-03-08T12:15:06.195+0000] {processor.py:175} INFO - Processing /home/airflow/.local/lib/python3.7/site-packages/airflow/example_dags/example_latest_only.py took 0.154 seconds
[2023-03-08T12:15:37.162+0000] {processor.py:153} INFO - Started process (PID=14578) to work on /home/airflow/.local/lib/python3.7/site-packages/airflow/example_dags/example_latest_only.py
[2023-03-08T12:15:37.166+0000] {processor.py:743} INFO - Processing file /home/airflow/.local/lib/python3.7/site-packages/airflow/example_dags/example_latest_only.py for tasks to queue
[2023-03-08T12:15:37.169+0000] {logging_mixin.py:137} INFO - [2023-03-08T12:15:37.169+0000] {dagbag.py:538} INFO - Filling up the DagBag from /home/airflow/.local/lib/python3.7/site-packages/airflow/example_dags/example_latest_only.py
[2023-03-08T12:15:37.190+0000] {processor.py:753} INFO - DAG(s) dict_keys(['latest_only']) retrieved from /home/airflow/.local/lib/python3.7/site-packages/airflow/example_dags/example_latest_only.py
[2023-03-08T12:15:37.234+0000] {logging_mixin.py:137} INFO - [2023-03-08T12:15:37.234+0000] {dag.py:2690} INFO - Sync 1 DAGs
[2023-03-08T12:15:37.273+0000] {logging_mixin.py:137} INFO - [2023-03-08T12:15:37.273+0000] {dag.py:3441} INFO - Setting next_dagrun for latest_only to 2023-03-08T08:15:37.272985+00:00, run_after=2023-03-08T12:15:37.272985+00:00
[2023-03-08T12:15:37.316+0000] {processor.py:175} INFO - Processing /home/airflow/.local/lib/python3.7/site-packages/airflow/example_dags/example_latest_only.py took 0.174 seconds
[2023-03-08T12:16:08.719+0000] {processor.py:153} INFO - Started process (PID=14638) to work on /home/airflow/.local/lib/python3.7/site-packages/airflow/example_dags/example_latest_only.py
[2023-03-08T12:16:08.723+0000] {processor.py:743} INFO - Processing file /home/airflow/.local/lib/python3.7/site-packages/airflow/example_dags/example_latest_only.py for tasks to queue
[2023-03-08T12:16:08.728+0000] {logging_mixin.py:137} INFO - [2023-03-08T12:16:08.727+0000] {dagbag.py:538} INFO - Filling up the DagBag from /home/airflow/.local/lib/python3.7/site-packages/airflow/example_dags/example_latest_only.py
[2023-03-08T12:16:08.786+0000] {processor.py:753} INFO - DAG(s) dict_keys(['latest_only']) retrieved from /home/airflow/.local/lib/python3.7/site-packages/airflow/example_dags/example_latest_only.py
[2023-03-08T12:16:08.916+0000] {logging_mixin.py:137} INFO - [2023-03-08T12:16:08.916+0000] {dag.py:2690} INFO - Sync 1 DAGs
[2023-03-08T12:16:09.041+0000] {logging_mixin.py:137} INFO - [2023-03-08T12:16:09.030+0000] {dag.py:3441} INFO - Setting next_dagrun for latest_only to 2023-03-08T08:16:09.029559+00:00, run_after=2023-03-08T12:16:09.029559+00:00
[2023-03-08T12:16:09.128+0000] {processor.py:175} INFO - Processing /home/airflow/.local/lib/python3.7/site-packages/airflow/example_dags/example_latest_only.py took 0.435 seconds
[2023-03-08T12:16:39.584+0000] {processor.py:153} INFO - Started process (PID=14706) to work on /home/airflow/.local/lib/python3.7/site-packages/airflow/example_dags/example_latest_only.py
[2023-03-08T12:16:39.587+0000] {processor.py:743} INFO - Processing file /home/airflow/.local/lib/python3.7/site-packages/airflow/example_dags/example_latest_only.py for tasks to queue
[2023-03-08T12:16:39.592+0000] {logging_mixin.py:137} INFO - [2023-03-08T12:16:39.591+0000] {dagbag.py:538} INFO - Filling up the DagBag from /home/airflow/.local/lib/python3.7/site-packages/airflow/example_dags/example_latest_only.py
[2023-03-08T12:16:39.619+0000] {processor.py:753} INFO - DAG(s) dict_keys(['latest_only']) retrieved from /home/airflow/.local/lib/python3.7/site-packages/airflow/example_dags/example_latest_only.py
[2023-03-08T12:16:39.677+0000] {logging_mixin.py:137} INFO - [2023-03-08T12:16:39.677+0000] {dag.py:2690} INFO - Sync 1 DAGs
[2023-03-08T12:16:39.751+0000] {logging_mixin.py:137} INFO - [2023-03-08T12:16:39.751+0000] {dag.py:3441} INFO - Setting next_dagrun for latest_only to 2023-03-08T08:16:39.751299+00:00, run_after=2023-03-08T12:16:39.751299+00:00
[2023-03-08T12:16:39.797+0000] {processor.py:175} INFO - Processing /home/airflow/.local/lib/python3.7/site-packages/airflow/example_dags/example_latest_only.py took 0.223 seconds
[2023-03-08T12:17:09.892+0000] {processor.py:153} INFO - Started process (PID=14764) to work on /home/airflow/.local/lib/python3.7/site-packages/airflow/example_dags/example_latest_only.py
[2023-03-08T12:17:09.895+0000] {processor.py:743} INFO - Processing file /home/airflow/.local/lib/python3.7/site-packages/airflow/example_dags/example_latest_only.py for tasks to queue
[2023-03-08T12:17:09.898+0000] {logging_mixin.py:137} INFO - [2023-03-08T12:17:09.898+0000] {dagbag.py:538} INFO - Filling up the DagBag from /home/airflow/.local/lib/python3.7/site-packages/airflow/example_dags/example_latest_only.py
[2023-03-08T12:17:09.925+0000] {processor.py:753} INFO - DAG(s) dict_keys(['latest_only']) retrieved from /home/airflow/.local/lib/python3.7/site-packages/airflow/example_dags/example_latest_only.py
[2023-03-08T12:17:09.960+0000] {logging_mixin.py:137} INFO - [2023-03-08T12:17:09.960+0000] {dag.py:2690} INFO - Sync 1 DAGs
[2023-03-08T12:17:09.990+0000] {logging_mixin.py:137} INFO - [2023-03-08T12:17:09.989+0000] {dag.py:3441} INFO - Setting next_dagrun for latest_only to 2023-03-08T08:17:09.989568+00:00, run_after=2023-03-08T12:17:09.989568+00:00
[2023-03-08T12:17:10.016+0000] {processor.py:175} INFO - Processing /home/airflow/.local/lib/python3.7/site-packages/airflow/example_dags/example_latest_only.py took 0.134 seconds
[2023-03-08T12:17:40.369+0000] {processor.py:153} INFO - Started process (PID=14823) to work on /home/airflow/.local/lib/python3.7/site-packages/airflow/example_dags/example_latest_only.py
[2023-03-08T12:17:40.371+0000] {processor.py:743} INFO - Processing file /home/airflow/.local/lib/python3.7/site-packages/airflow/example_dags/example_latest_only.py for tasks to queue
[2023-03-08T12:17:40.375+0000] {logging_mixin.py:137} INFO - [2023-03-08T12:17:40.374+0000] {dagbag.py:538} INFO - Filling up the DagBag from /home/airflow/.local/lib/python3.7/site-packages/airflow/example_dags/example_latest_only.py
[2023-03-08T12:17:40.435+0000] {processor.py:753} INFO - DAG(s) dict_keys(['latest_only']) retrieved from /home/airflow/.local/lib/python3.7/site-packages/airflow/example_dags/example_latest_only.py
[2023-03-08T12:17:40.496+0000] {logging_mixin.py:137} INFO - [2023-03-08T12:17:40.495+0000] {dag.py:2690} INFO - Sync 1 DAGs
[2023-03-08T12:17:40.555+0000] {logging_mixin.py:137} INFO - [2023-03-08T12:17:40.555+0000] {dag.py:3441} INFO - Setting next_dagrun for latest_only to 2023-03-08T08:17:40.555143+00:00, run_after=2023-03-08T12:17:40.555143+00:00
[2023-03-08T12:17:40.600+0000] {processor.py:175} INFO - Processing /home/airflow/.local/lib/python3.7/site-packages/airflow/example_dags/example_latest_only.py took 0.243 seconds
