[2023-03-08T03:17:53.460+0000] {processor.py:153} INFO - Started process (PID=12214) to work on /home/airflow/.local/lib/python3.7/site-packages/airflow/example_dags/example_branch_operator_decorator.py
[2023-03-08T03:17:53.466+0000] {processor.py:743} INFO - Processing file /home/airflow/.local/lib/python3.7/site-packages/airflow/example_dags/example_branch_operator_decorator.py for tasks to queue
[2023-03-08T03:17:53.480+0000] {logging_mixin.py:137} INFO - [2023-03-08T03:17:53.478+0000] {dagbag.py:538} INFO - Filling up the DagBag from /home/airflow/.local/lib/python3.7/site-packages/airflow/example_dags/example_branch_operator_decorator.py
[2023-03-08T03:17:53.584+0000] {processor.py:753} INFO - DAG(s) dict_keys(['example_branch_python_operator_decorator']) retrieved from /home/airflow/.local/lib/python3.7/site-packages/airflow/example_dags/example_branch_operator_decorator.py
[2023-03-08T03:17:53.653+0000] {logging_mixin.py:137} INFO - [2023-03-08T03:17:53.653+0000] {dag.py:2690} INFO - Sync 1 DAGs
[2023-03-08T03:17:53.720+0000] {logging_mixin.py:137} INFO - [2023-03-08T03:17:53.718+0000] {dag.py:3441} INFO - Setting next_dagrun for example_branch_python_operator_decorator to 2023-03-07T00:00:00+00:00, run_after=2023-03-08T00:00:00+00:00
[2023-03-08T03:17:53.808+0000] {processor.py:175} INFO - Processing /home/airflow/.local/lib/python3.7/site-packages/airflow/example_dags/example_branch_operator_decorator.py took 0.359 seconds
[2023-03-08T11:56:34.601+0000] {processor.py:153} INFO - Started process (PID=12303) to work on /home/airflow/.local/lib/python3.7/site-packages/airflow/example_dags/example_branch_operator_decorator.py
[2023-03-08T11:56:34.627+0000] {processor.py:743} INFO - Processing file /home/airflow/.local/lib/python3.7/site-packages/airflow/example_dags/example_branch_operator_decorator.py for tasks to queue
[2023-03-08T11:56:34.652+0000] {logging_mixin.py:137} INFO - [2023-03-08T11:56:34.651+0000] {dagbag.py:538} INFO - Filling up the DagBag from /home/airflow/.local/lib/python3.7/site-packages/airflow/example_dags/example_branch_operator_decorator.py
[2023-03-08T11:56:35.203+0000] {processor.py:753} INFO - DAG(s) dict_keys(['example_branch_python_operator_decorator']) retrieved from /home/airflow/.local/lib/python3.7/site-packages/airflow/example_dags/example_branch_operator_decorator.py
[2023-03-08T11:56:35.475+0000] {logging_mixin.py:137} INFO - [2023-03-08T11:56:35.475+0000] {dag.py:2690} INFO - Sync 1 DAGs
[2023-03-08T11:56:35.711+0000] {logging_mixin.py:137} INFO - [2023-03-08T11:56:35.711+0000] {dag.py:3441} INFO - Setting next_dagrun for example_branch_python_operator_decorator to 2023-03-07T00:00:00+00:00, run_after=2023-03-08T00:00:00+00:00
[2023-03-08T11:56:35.862+0000] {processor.py:175} INFO - Processing /home/airflow/.local/lib/python3.7/site-packages/airflow/example_dags/example_branch_operator_decorator.py took 1.324 seconds
[2023-03-08T11:57:06.555+0000] {processor.py:153} INFO - Started process (PID=12361) to work on /home/airflow/.local/lib/python3.7/site-packages/airflow/example_dags/example_branch_operator_decorator.py
[2023-03-08T11:57:06.558+0000] {processor.py:743} INFO - Processing file /home/airflow/.local/lib/python3.7/site-packages/airflow/example_dags/example_branch_operator_decorator.py for tasks to queue
[2023-03-08T11:57:06.562+0000] {logging_mixin.py:137} INFO - [2023-03-08T11:57:06.562+0000] {dagbag.py:538} INFO - Filling up the DagBag from /home/airflow/.local/lib/python3.7/site-packages/airflow/example_dags/example_branch_operator_decorator.py
[2023-03-08T11:57:06.622+0000] {processor.py:753} INFO - DAG(s) dict_keys(['example_branch_python_operator_decorator']) retrieved from /home/airflow/.local/lib/python3.7/site-packages/airflow/example_dags/example_branch_operator_decorator.py
[2023-03-08T11:57:06.678+0000] {logging_mixin.py:137} INFO - [2023-03-08T11:57:06.678+0000] {dag.py:2690} INFO - Sync 1 DAGs
[2023-03-08T11:57:06.737+0000] {logging_mixin.py:137} INFO - [2023-03-08T11:57:06.737+0000] {dag.py:3441} INFO - Setting next_dagrun for example_branch_python_operator_decorator to 2023-03-07T00:00:00+00:00, run_after=2023-03-08T00:00:00+00:00
[2023-03-08T11:57:06.782+0000] {processor.py:175} INFO - Processing /home/airflow/.local/lib/python3.7/site-packages/airflow/example_dags/example_branch_operator_decorator.py took 0.241 seconds
[2023-03-08T11:57:37.326+0000] {processor.py:153} INFO - Started process (PID=12420) to work on /home/airflow/.local/lib/python3.7/site-packages/airflow/example_dags/example_branch_operator_decorator.py
[2023-03-08T11:57:37.329+0000] {processor.py:743} INFO - Processing file /home/airflow/.local/lib/python3.7/site-packages/airflow/example_dags/example_branch_operator_decorator.py for tasks to queue
[2023-03-08T11:57:37.332+0000] {logging_mixin.py:137} INFO - [2023-03-08T11:57:37.332+0000] {dagbag.py:538} INFO - Filling up the DagBag from /home/airflow/.local/lib/python3.7/site-packages/airflow/example_dags/example_branch_operator_decorator.py
[2023-03-08T11:57:37.409+0000] {processor.py:753} INFO - DAG(s) dict_keys(['example_branch_python_operator_decorator']) retrieved from /home/airflow/.local/lib/python3.7/site-packages/airflow/example_dags/example_branch_operator_decorator.py
[2023-03-08T11:57:37.464+0000] {logging_mixin.py:137} INFO - [2023-03-08T11:57:37.464+0000] {dag.py:2690} INFO - Sync 1 DAGs
[2023-03-08T11:57:37.517+0000] {logging_mixin.py:137} INFO - [2023-03-08T11:57:37.517+0000] {dag.py:3441} INFO - Setting next_dagrun for example_branch_python_operator_decorator to 2023-03-07T00:00:00+00:00, run_after=2023-03-08T00:00:00+00:00
[2023-03-08T11:57:37.554+0000] {processor.py:175} INFO - Processing /home/airflow/.local/lib/python3.7/site-packages/airflow/example_dags/example_branch_operator_decorator.py took 0.239 seconds
[2023-03-08T11:58:07.911+0000] {processor.py:153} INFO - Started process (PID=12479) to work on /home/airflow/.local/lib/python3.7/site-packages/airflow/example_dags/example_branch_operator_decorator.py
[2023-03-08T11:58:07.919+0000] {processor.py:743} INFO - Processing file /home/airflow/.local/lib/python3.7/site-packages/airflow/example_dags/example_branch_operator_decorator.py for tasks to queue
[2023-03-08T11:58:07.932+0000] {logging_mixin.py:137} INFO - [2023-03-08T11:58:07.932+0000] {dagbag.py:538} INFO - Filling up the DagBag from /home/airflow/.local/lib/python3.7/site-packages/airflow/example_dags/example_branch_operator_decorator.py
[2023-03-08T11:58:08.071+0000] {processor.py:753} INFO - DAG(s) dict_keys(['example_branch_python_operator_decorator']) retrieved from /home/airflow/.local/lib/python3.7/site-packages/airflow/example_dags/example_branch_operator_decorator.py
[2023-03-08T11:58:08.123+0000] {logging_mixin.py:137} INFO - [2023-03-08T11:58:08.123+0000] {dag.py:2690} INFO - Sync 1 DAGs
[2023-03-08T11:58:08.169+0000] {logging_mixin.py:137} INFO - [2023-03-08T11:58:08.168+0000] {dag.py:3441} INFO - Setting next_dagrun for example_branch_python_operator_decorator to 2023-03-07T00:00:00+00:00, run_after=2023-03-08T00:00:00+00:00
[2023-03-08T11:58:08.208+0000] {processor.py:175} INFO - Processing /home/airflow/.local/lib/python3.7/site-packages/airflow/example_dags/example_branch_operator_decorator.py took 0.310 seconds
[2023-03-08T11:58:38.367+0000] {processor.py:153} INFO - Started process (PID=12538) to work on /home/airflow/.local/lib/python3.7/site-packages/airflow/example_dags/example_branch_operator_decorator.py
[2023-03-08T11:58:38.370+0000] {processor.py:743} INFO - Processing file /home/airflow/.local/lib/python3.7/site-packages/airflow/example_dags/example_branch_operator_decorator.py for tasks to queue
[2023-03-08T11:58:38.379+0000] {logging_mixin.py:137} INFO - [2023-03-08T11:58:38.378+0000] {dagbag.py:538} INFO - Filling up the DagBag from /home/airflow/.local/lib/python3.7/site-packages/airflow/example_dags/example_branch_operator_decorator.py
[2023-03-08T11:58:38.497+0000] {processor.py:753} INFO - DAG(s) dict_keys(['example_branch_python_operator_decorator']) retrieved from /home/airflow/.local/lib/python3.7/site-packages/airflow/example_dags/example_branch_operator_decorator.py
[2023-03-08T11:58:38.545+0000] {logging_mixin.py:137} INFO - [2023-03-08T11:58:38.545+0000] {dag.py:2690} INFO - Sync 1 DAGs
[2023-03-08T11:58:38.594+0000] {logging_mixin.py:137} INFO - [2023-03-08T11:58:38.594+0000] {dag.py:3441} INFO - Setting next_dagrun for example_branch_python_operator_decorator to 2023-03-07T00:00:00+00:00, run_after=2023-03-08T00:00:00+00:00
[2023-03-08T11:58:38.633+0000] {processor.py:175} INFO - Processing /home/airflow/.local/lib/python3.7/site-packages/airflow/example_dags/example_branch_operator_decorator.py took 0.282 seconds
[2023-03-08T11:59:08.926+0000] {processor.py:153} INFO - Started process (PID=12604) to work on /home/airflow/.local/lib/python3.7/site-packages/airflow/example_dags/example_branch_operator_decorator.py
[2023-03-08T11:59:08.931+0000] {processor.py:743} INFO - Processing file /home/airflow/.local/lib/python3.7/site-packages/airflow/example_dags/example_branch_operator_decorator.py for tasks to queue
[2023-03-08T11:59:08.938+0000] {logging_mixin.py:137} INFO - [2023-03-08T11:59:08.937+0000] {dagbag.py:538} INFO - Filling up the DagBag from /home/airflow/.local/lib/python3.7/site-packages/airflow/example_dags/example_branch_operator_decorator.py
[2023-03-08T11:59:09.072+0000] {processor.py:753} INFO - DAG(s) dict_keys(['example_branch_python_operator_decorator']) retrieved from /home/airflow/.local/lib/python3.7/site-packages/airflow/example_dags/example_branch_operator_decorator.py
[2023-03-08T11:59:09.204+0000] {logging_mixin.py:137} INFO - [2023-03-08T11:59:09.203+0000] {dag.py:2690} INFO - Sync 1 DAGs
[2023-03-08T11:59:09.416+0000] {logging_mixin.py:137} INFO - [2023-03-08T11:59:09.416+0000] {dag.py:3441} INFO - Setting next_dagrun for example_branch_python_operator_decorator to 2023-03-07T00:00:00+00:00, run_after=2023-03-08T00:00:00+00:00
[2023-03-08T11:59:09.514+0000] {processor.py:175} INFO - Processing /home/airflow/.local/lib/python3.7/site-packages/airflow/example_dags/example_branch_operator_decorator.py took 0.598 seconds
[2023-03-08T11:59:39.806+0000] {processor.py:153} INFO - Started process (PID=12653) to work on /home/airflow/.local/lib/python3.7/site-packages/airflow/example_dags/example_branch_operator_decorator.py
[2023-03-08T11:59:39.811+0000] {processor.py:743} INFO - Processing file /home/airflow/.local/lib/python3.7/site-packages/airflow/example_dags/example_branch_operator_decorator.py for tasks to queue
[2023-03-08T11:59:39.813+0000] {logging_mixin.py:137} INFO - [2023-03-08T11:59:39.813+0000] {dagbag.py:538} INFO - Filling up the DagBag from /home/airflow/.local/lib/python3.7/site-packages/airflow/example_dags/example_branch_operator_decorator.py
[2023-03-08T11:59:39.954+0000] {processor.py:753} INFO - DAG(s) dict_keys(['example_branch_python_operator_decorator']) retrieved from /home/airflow/.local/lib/python3.7/site-packages/airflow/example_dags/example_branch_operator_decorator.py
[2023-03-08T11:59:40.087+0000] {logging_mixin.py:137} INFO - [2023-03-08T11:59:40.087+0000] {dag.py:2690} INFO - Sync 1 DAGs
[2023-03-08T11:59:40.177+0000] {logging_mixin.py:137} INFO - [2023-03-08T11:59:40.177+0000] {dag.py:3441} INFO - Setting next_dagrun for example_branch_python_operator_decorator to 2023-03-07T00:00:00+00:00, run_after=2023-03-08T00:00:00+00:00
[2023-03-08T11:59:40.278+0000] {processor.py:175} INFO - Processing /home/airflow/.local/lib/python3.7/site-packages/airflow/example_dags/example_branch_operator_decorator.py took 0.479 seconds
[2023-03-08T12:00:10.383+0000] {processor.py:153} INFO - Started process (PID=12721) to work on /home/airflow/.local/lib/python3.7/site-packages/airflow/example_dags/example_branch_operator_decorator.py
[2023-03-08T12:00:10.385+0000] {processor.py:743} INFO - Processing file /home/airflow/.local/lib/python3.7/site-packages/airflow/example_dags/example_branch_operator_decorator.py for tasks to queue
[2023-03-08T12:00:10.387+0000] {logging_mixin.py:137} INFO - [2023-03-08T12:00:10.387+0000] {dagbag.py:538} INFO - Filling up the DagBag from /home/airflow/.local/lib/python3.7/site-packages/airflow/example_dags/example_branch_operator_decorator.py
[2023-03-08T12:00:10.430+0000] {processor.py:753} INFO - DAG(s) dict_keys(['example_branch_python_operator_decorator']) retrieved from /home/airflow/.local/lib/python3.7/site-packages/airflow/example_dags/example_branch_operator_decorator.py
[2023-03-08T12:00:10.463+0000] {logging_mixin.py:137} INFO - [2023-03-08T12:00:10.463+0000] {dag.py:2690} INFO - Sync 1 DAGs
[2023-03-08T12:00:10.491+0000] {logging_mixin.py:137} INFO - [2023-03-08T12:00:10.491+0000] {dag.py:3441} INFO - Setting next_dagrun for example_branch_python_operator_decorator to 2023-03-07T00:00:00+00:00, run_after=2023-03-08T00:00:00+00:00
[2023-03-08T12:00:10.518+0000] {processor.py:175} INFO - Processing /home/airflow/.local/lib/python3.7/site-packages/airflow/example_dags/example_branch_operator_decorator.py took 0.143 seconds
[2023-03-08T12:00:40.787+0000] {processor.py:153} INFO - Started process (PID=12778) to work on /home/airflow/.local/lib/python3.7/site-packages/airflow/example_dags/example_branch_operator_decorator.py
[2023-03-08T12:00:40.789+0000] {processor.py:743} INFO - Processing file /home/airflow/.local/lib/python3.7/site-packages/airflow/example_dags/example_branch_operator_decorator.py for tasks to queue
[2023-03-08T12:00:40.791+0000] {logging_mixin.py:137} INFO - [2023-03-08T12:00:40.791+0000] {dagbag.py:538} INFO - Filling up the DagBag from /home/airflow/.local/lib/python3.7/site-packages/airflow/example_dags/example_branch_operator_decorator.py
[2023-03-08T12:00:40.827+0000] {processor.py:753} INFO - DAG(s) dict_keys(['example_branch_python_operator_decorator']) retrieved from /home/airflow/.local/lib/python3.7/site-packages/airflow/example_dags/example_branch_operator_decorator.py
[2023-03-08T12:00:40.876+0000] {logging_mixin.py:137} INFO - [2023-03-08T12:00:40.876+0000] {dag.py:2690} INFO - Sync 1 DAGs
[2023-03-08T12:00:40.911+0000] {logging_mixin.py:137} INFO - [2023-03-08T12:00:40.911+0000] {dag.py:3441} INFO - Setting next_dagrun for example_branch_python_operator_decorator to 2023-03-07T00:00:00+00:00, run_after=2023-03-08T00:00:00+00:00
[2023-03-08T12:00:40.953+0000] {processor.py:175} INFO - Processing /home/airflow/.local/lib/python3.7/site-packages/airflow/example_dags/example_branch_operator_decorator.py took 0.177 seconds
[2023-03-08T12:01:11.715+0000] {processor.py:153} INFO - Started process (PID=12835) to work on /home/airflow/.local/lib/python3.7/site-packages/airflow/example_dags/example_branch_operator_decorator.py
[2023-03-08T12:01:11.719+0000] {processor.py:743} INFO - Processing file /home/airflow/.local/lib/python3.7/site-packages/airflow/example_dags/example_branch_operator_decorator.py for tasks to queue
[2023-03-08T12:01:11.726+0000] {logging_mixin.py:137} INFO - [2023-03-08T12:01:11.725+0000] {dagbag.py:538} INFO - Filling up the DagBag from /home/airflow/.local/lib/python3.7/site-packages/airflow/example_dags/example_branch_operator_decorator.py
[2023-03-08T12:01:11.808+0000] {processor.py:753} INFO - DAG(s) dict_keys(['example_branch_python_operator_decorator']) retrieved from /home/airflow/.local/lib/python3.7/site-packages/airflow/example_dags/example_branch_operator_decorator.py
[2023-03-08T12:01:11.879+0000] {logging_mixin.py:137} INFO - [2023-03-08T12:01:11.878+0000] {dag.py:2690} INFO - Sync 1 DAGs
[2023-03-08T12:01:11.934+0000] {logging_mixin.py:137} INFO - [2023-03-08T12:01:11.934+0000] {dag.py:3441} INFO - Setting next_dagrun for example_branch_python_operator_decorator to 2023-03-07T00:00:00+00:00, run_after=2023-03-08T00:00:00+00:00
[2023-03-08T12:01:11.978+0000] {processor.py:175} INFO - Processing /home/airflow/.local/lib/python3.7/site-packages/airflow/example_dags/example_branch_operator_decorator.py took 0.271 seconds
[2023-03-08T12:01:42.416+0000] {processor.py:153} INFO - Started process (PID=12904) to work on /home/airflow/.local/lib/python3.7/site-packages/airflow/example_dags/example_branch_operator_decorator.py
[2023-03-08T12:01:42.418+0000] {processor.py:743} INFO - Processing file /home/airflow/.local/lib/python3.7/site-packages/airflow/example_dags/example_branch_operator_decorator.py for tasks to queue
[2023-03-08T12:01:42.424+0000] {logging_mixin.py:137} INFO - [2023-03-08T12:01:42.423+0000] {dagbag.py:538} INFO - Filling up the DagBag from /home/airflow/.local/lib/python3.7/site-packages/airflow/example_dags/example_branch_operator_decorator.py
[2023-03-08T12:01:42.489+0000] {processor.py:753} INFO - DAG(s) dict_keys(['example_branch_python_operator_decorator']) retrieved from /home/airflow/.local/lib/python3.7/site-packages/airflow/example_dags/example_branch_operator_decorator.py
[2023-03-08T12:01:42.541+0000] {logging_mixin.py:137} INFO - [2023-03-08T12:01:42.540+0000] {dag.py:2690} INFO - Sync 1 DAGs
[2023-03-08T12:01:42.581+0000] {logging_mixin.py:137} INFO - [2023-03-08T12:01:42.581+0000] {dag.py:3441} INFO - Setting next_dagrun for example_branch_python_operator_decorator to 2023-03-07T00:00:00+00:00, run_after=2023-03-08T00:00:00+00:00
[2023-03-08T12:01:42.647+0000] {processor.py:175} INFO - Processing /home/airflow/.local/lib/python3.7/site-packages/airflow/example_dags/example_branch_operator_decorator.py took 0.239 seconds
[2023-03-08T12:02:13.468+0000] {processor.py:153} INFO - Started process (PID=12961) to work on /home/airflow/.local/lib/python3.7/site-packages/airflow/example_dags/example_branch_operator_decorator.py
[2023-03-08T12:02:13.478+0000] {processor.py:743} INFO - Processing file /home/airflow/.local/lib/python3.7/site-packages/airflow/example_dags/example_branch_operator_decorator.py for tasks to queue
[2023-03-08T12:02:13.489+0000] {logging_mixin.py:137} INFO - [2023-03-08T12:02:13.488+0000] {dagbag.py:538} INFO - Filling up the DagBag from /home/airflow/.local/lib/python3.7/site-packages/airflow/example_dags/example_branch_operator_decorator.py
[2023-03-08T12:02:13.544+0000] {processor.py:753} INFO - DAG(s) dict_keys(['example_branch_python_operator_decorator']) retrieved from /home/airflow/.local/lib/python3.7/site-packages/airflow/example_dags/example_branch_operator_decorator.py
[2023-03-08T12:02:13.642+0000] {logging_mixin.py:137} INFO - [2023-03-08T12:02:13.642+0000] {dag.py:2690} INFO - Sync 1 DAGs
[2023-03-08T12:02:13.718+0000] {logging_mixin.py:137} INFO - [2023-03-08T12:02:13.718+0000] {dag.py:3441} INFO - Setting next_dagrun for example_branch_python_operator_decorator to 2023-03-07T00:00:00+00:00, run_after=2023-03-08T00:00:00+00:00
[2023-03-08T12:02:13.749+0000] {processor.py:175} INFO - Processing /home/airflow/.local/lib/python3.7/site-packages/airflow/example_dags/example_branch_operator_decorator.py took 0.288 seconds
[2023-03-08T12:02:43.851+0000] {processor.py:153} INFO - Started process (PID=13019) to work on /home/airflow/.local/lib/python3.7/site-packages/airflow/example_dags/example_branch_operator_decorator.py
[2023-03-08T12:02:43.855+0000] {processor.py:743} INFO - Processing file /home/airflow/.local/lib/python3.7/site-packages/airflow/example_dags/example_branch_operator_decorator.py for tasks to queue
[2023-03-08T12:02:43.859+0000] {logging_mixin.py:137} INFO - [2023-03-08T12:02:43.858+0000] {dagbag.py:538} INFO - Filling up the DagBag from /home/airflow/.local/lib/python3.7/site-packages/airflow/example_dags/example_branch_operator_decorator.py
[2023-03-08T12:02:43.955+0000] {processor.py:753} INFO - DAG(s) dict_keys(['example_branch_python_operator_decorator']) retrieved from /home/airflow/.local/lib/python3.7/site-packages/airflow/example_dags/example_branch_operator_decorator.py
[2023-03-08T12:02:44.016+0000] {logging_mixin.py:137} INFO - [2023-03-08T12:02:44.016+0000] {dag.py:2690} INFO - Sync 1 DAGs
[2023-03-08T12:02:44.089+0000] {logging_mixin.py:137} INFO - [2023-03-08T12:02:44.088+0000] {dag.py:3441} INFO - Setting next_dagrun for example_branch_python_operator_decorator to 2023-03-07T00:00:00+00:00, run_after=2023-03-08T00:00:00+00:00
[2023-03-08T12:02:44.149+0000] {processor.py:175} INFO - Processing /home/airflow/.local/lib/python3.7/site-packages/airflow/example_dags/example_branch_operator_decorator.py took 0.315 seconds
[2023-03-08T12:03:14.313+0000] {processor.py:153} INFO - Started process (PID=13089) to work on /home/airflow/.local/lib/python3.7/site-packages/airflow/example_dags/example_branch_operator_decorator.py
[2023-03-08T12:03:14.317+0000] {processor.py:743} INFO - Processing file /home/airflow/.local/lib/python3.7/site-packages/airflow/example_dags/example_branch_operator_decorator.py for tasks to queue
[2023-03-08T12:03:14.320+0000] {logging_mixin.py:137} INFO - [2023-03-08T12:03:14.320+0000] {dagbag.py:538} INFO - Filling up the DagBag from /home/airflow/.local/lib/python3.7/site-packages/airflow/example_dags/example_branch_operator_decorator.py
[2023-03-08T12:03:14.376+0000] {processor.py:753} INFO - DAG(s) dict_keys(['example_branch_python_operator_decorator']) retrieved from /home/airflow/.local/lib/python3.7/site-packages/airflow/example_dags/example_branch_operator_decorator.py
[2023-03-08T12:03:14.411+0000] {logging_mixin.py:137} INFO - [2023-03-08T12:03:14.411+0000] {dag.py:2690} INFO - Sync 1 DAGs
[2023-03-08T12:03:14.451+0000] {logging_mixin.py:137} INFO - [2023-03-08T12:03:14.451+0000] {dag.py:3441} INFO - Setting next_dagrun for example_branch_python_operator_decorator to 2023-03-07T00:00:00+00:00, run_after=2023-03-08T00:00:00+00:00
[2023-03-08T12:03:14.494+0000] {processor.py:175} INFO - Processing /home/airflow/.local/lib/python3.7/site-packages/airflow/example_dags/example_branch_operator_decorator.py took 0.193 seconds
[2023-03-08T12:03:44.768+0000] {processor.py:153} INFO - Started process (PID=13147) to work on /home/airflow/.local/lib/python3.7/site-packages/airflow/example_dags/example_branch_operator_decorator.py
[2023-03-08T12:03:44.771+0000] {processor.py:743} INFO - Processing file /home/airflow/.local/lib/python3.7/site-packages/airflow/example_dags/example_branch_operator_decorator.py for tasks to queue
[2023-03-08T12:03:44.774+0000] {logging_mixin.py:137} INFO - [2023-03-08T12:03:44.773+0000] {dagbag.py:538} INFO - Filling up the DagBag from /home/airflow/.local/lib/python3.7/site-packages/airflow/example_dags/example_branch_operator_decorator.py
[2023-03-08T12:03:44.812+0000] {processor.py:753} INFO - DAG(s) dict_keys(['example_branch_python_operator_decorator']) retrieved from /home/airflow/.local/lib/python3.7/site-packages/airflow/example_dags/example_branch_operator_decorator.py
[2023-03-08T12:03:44.864+0000] {logging_mixin.py:137} INFO - [2023-03-08T12:03:44.864+0000] {dag.py:2690} INFO - Sync 1 DAGs
[2023-03-08T12:03:44.901+0000] {logging_mixin.py:137} INFO - [2023-03-08T12:03:44.901+0000] {dag.py:3441} INFO - Setting next_dagrun for example_branch_python_operator_decorator to 2023-03-07T00:00:00+00:00, run_after=2023-03-08T00:00:00+00:00
[2023-03-08T12:03:44.932+0000] {processor.py:175} INFO - Processing /home/airflow/.local/lib/python3.7/site-packages/airflow/example_dags/example_branch_operator_decorator.py took 0.176 seconds
[2023-03-08T12:04:15.220+0000] {processor.py:153} INFO - Started process (PID=13215) to work on /home/airflow/.local/lib/python3.7/site-packages/airflow/example_dags/example_branch_operator_decorator.py
[2023-03-08T12:04:15.228+0000] {processor.py:743} INFO - Processing file /home/airflow/.local/lib/python3.7/site-packages/airflow/example_dags/example_branch_operator_decorator.py for tasks to queue
[2023-03-08T12:04:15.231+0000] {logging_mixin.py:137} INFO - [2023-03-08T12:04:15.230+0000] {dagbag.py:538} INFO - Filling up the DagBag from /home/airflow/.local/lib/python3.7/site-packages/airflow/example_dags/example_branch_operator_decorator.py
[2023-03-08T12:04:15.335+0000] {processor.py:753} INFO - DAG(s) dict_keys(['example_branch_python_operator_decorator']) retrieved from /home/airflow/.local/lib/python3.7/site-packages/airflow/example_dags/example_branch_operator_decorator.py
[2023-03-08T12:04:15.430+0000] {logging_mixin.py:137} INFO - [2023-03-08T12:04:15.429+0000] {dag.py:2690} INFO - Sync 1 DAGs
[2023-03-08T12:04:15.494+0000] {logging_mixin.py:137} INFO - [2023-03-08T12:04:15.493+0000] {dag.py:3441} INFO - Setting next_dagrun for example_branch_python_operator_decorator to 2023-03-07T00:00:00+00:00, run_after=2023-03-08T00:00:00+00:00
[2023-03-08T12:04:15.554+0000] {processor.py:175} INFO - Processing /home/airflow/.local/lib/python3.7/site-packages/airflow/example_dags/example_branch_operator_decorator.py took 0.348 seconds
[2023-03-08T12:04:45.654+0000] {processor.py:153} INFO - Started process (PID=13274) to work on /home/airflow/.local/lib/python3.7/site-packages/airflow/example_dags/example_branch_operator_decorator.py
[2023-03-08T12:04:45.659+0000] {processor.py:743} INFO - Processing file /home/airflow/.local/lib/python3.7/site-packages/airflow/example_dags/example_branch_operator_decorator.py for tasks to queue
[2023-03-08T12:04:45.663+0000] {logging_mixin.py:137} INFO - [2023-03-08T12:04:45.662+0000] {dagbag.py:538} INFO - Filling up the DagBag from /home/airflow/.local/lib/python3.7/site-packages/airflow/example_dags/example_branch_operator_decorator.py
[2023-03-08T12:04:45.700+0000] {processor.py:753} INFO - DAG(s) dict_keys(['example_branch_python_operator_decorator']) retrieved from /home/airflow/.local/lib/python3.7/site-packages/airflow/example_dags/example_branch_operator_decorator.py
[2023-03-08T12:04:45.751+0000] {logging_mixin.py:137} INFO - [2023-03-08T12:04:45.751+0000] {dag.py:2690} INFO - Sync 1 DAGs
[2023-03-08T12:04:45.801+0000] {logging_mixin.py:137} INFO - [2023-03-08T12:04:45.800+0000] {dag.py:3441} INFO - Setting next_dagrun for example_branch_python_operator_decorator to 2023-03-07T00:00:00+00:00, run_after=2023-03-08T00:00:00+00:00
[2023-03-08T12:04:45.848+0000] {processor.py:175} INFO - Processing /home/airflow/.local/lib/python3.7/site-packages/airflow/example_dags/example_branch_operator_decorator.py took 0.204 seconds
[2023-03-08T12:05:15.994+0000] {processor.py:153} INFO - Started process (PID=13333) to work on /home/airflow/.local/lib/python3.7/site-packages/airflow/example_dags/example_branch_operator_decorator.py
[2023-03-08T12:05:15.998+0000] {processor.py:743} INFO - Processing file /home/airflow/.local/lib/python3.7/site-packages/airflow/example_dags/example_branch_operator_decorator.py for tasks to queue
[2023-03-08T12:05:16.004+0000] {logging_mixin.py:137} INFO - [2023-03-08T12:05:16.000+0000] {dagbag.py:538} INFO - Filling up the DagBag from /home/airflow/.local/lib/python3.7/site-packages/airflow/example_dags/example_branch_operator_decorator.py
[2023-03-08T12:05:16.082+0000] {processor.py:753} INFO - DAG(s) dict_keys(['example_branch_python_operator_decorator']) retrieved from /home/airflow/.local/lib/python3.7/site-packages/airflow/example_dags/example_branch_operator_decorator.py
[2023-03-08T12:05:16.117+0000] {logging_mixin.py:137} INFO - [2023-03-08T12:05:16.117+0000] {dag.py:2690} INFO - Sync 1 DAGs
[2023-03-08T12:05:16.152+0000] {logging_mixin.py:137} INFO - [2023-03-08T12:05:16.152+0000] {dag.py:3441} INFO - Setting next_dagrun for example_branch_python_operator_decorator to 2023-03-07T00:00:00+00:00, run_after=2023-03-08T00:00:00+00:00
[2023-03-08T12:05:16.200+0000] {processor.py:175} INFO - Processing /home/airflow/.local/lib/python3.7/site-packages/airflow/example_dags/example_branch_operator_decorator.py took 0.227 seconds
[2023-03-08T12:05:46.644+0000] {processor.py:153} INFO - Started process (PID=13400) to work on /home/airflow/.local/lib/python3.7/site-packages/airflow/example_dags/example_branch_operator_decorator.py
[2023-03-08T12:05:46.648+0000] {processor.py:743} INFO - Processing file /home/airflow/.local/lib/python3.7/site-packages/airflow/example_dags/example_branch_operator_decorator.py for tasks to queue
[2023-03-08T12:05:46.660+0000] {logging_mixin.py:137} INFO - [2023-03-08T12:05:46.657+0000] {dagbag.py:538} INFO - Filling up the DagBag from /home/airflow/.local/lib/python3.7/site-packages/airflow/example_dags/example_branch_operator_decorator.py
[2023-03-08T12:05:46.798+0000] {processor.py:753} INFO - DAG(s) dict_keys(['example_branch_python_operator_decorator']) retrieved from /home/airflow/.local/lib/python3.7/site-packages/airflow/example_dags/example_branch_operator_decorator.py
[2023-03-08T12:05:46.902+0000] {logging_mixin.py:137} INFO - [2023-03-08T12:05:46.902+0000] {dag.py:2690} INFO - Sync 1 DAGs
[2023-03-08T12:05:46.997+0000] {logging_mixin.py:137} INFO - [2023-03-08T12:05:46.997+0000] {dag.py:3441} INFO - Setting next_dagrun for example_branch_python_operator_decorator to 2023-03-07T00:00:00+00:00, run_after=2023-03-08T00:00:00+00:00
[2023-03-08T12:05:47.058+0000] {processor.py:175} INFO - Processing /home/airflow/.local/lib/python3.7/site-packages/airflow/example_dags/example_branch_operator_decorator.py took 0.468 seconds
[2023-03-08T12:06:17.576+0000] {processor.py:153} INFO - Started process (PID=13458) to work on /home/airflow/.local/lib/python3.7/site-packages/airflow/example_dags/example_branch_operator_decorator.py
[2023-03-08T12:06:17.578+0000] {processor.py:743} INFO - Processing file /home/airflow/.local/lib/python3.7/site-packages/airflow/example_dags/example_branch_operator_decorator.py for tasks to queue
[2023-03-08T12:06:17.583+0000] {logging_mixin.py:137} INFO - [2023-03-08T12:06:17.583+0000] {dagbag.py:538} INFO - Filling up the DagBag from /home/airflow/.local/lib/python3.7/site-packages/airflow/example_dags/example_branch_operator_decorator.py
[2023-03-08T12:06:17.626+0000] {processor.py:753} INFO - DAG(s) dict_keys(['example_branch_python_operator_decorator']) retrieved from /home/airflow/.local/lib/python3.7/site-packages/airflow/example_dags/example_branch_operator_decorator.py
[2023-03-08T12:06:17.665+0000] {logging_mixin.py:137} INFO - [2023-03-08T12:06:17.664+0000] {dag.py:2690} INFO - Sync 1 DAGs
[2023-03-08T12:06:17.703+0000] {logging_mixin.py:137} INFO - [2023-03-08T12:06:17.703+0000] {dag.py:3441} INFO - Setting next_dagrun for example_branch_python_operator_decorator to 2023-03-07T00:00:00+00:00, run_after=2023-03-08T00:00:00+00:00
[2023-03-08T12:06:17.749+0000] {processor.py:175} INFO - Processing /home/airflow/.local/lib/python3.7/site-packages/airflow/example_dags/example_branch_operator_decorator.py took 0.180 seconds
[2023-03-08T12:06:48.377+0000] {processor.py:153} INFO - Started process (PID=13515) to work on /home/airflow/.local/lib/python3.7/site-packages/airflow/example_dags/example_branch_operator_decorator.py
[2023-03-08T12:06:48.418+0000] {processor.py:743} INFO - Processing file /home/airflow/.local/lib/python3.7/site-packages/airflow/example_dags/example_branch_operator_decorator.py for tasks to queue
[2023-03-08T12:06:48.422+0000] {logging_mixin.py:137} INFO - [2023-03-08T12:06:48.422+0000] {dagbag.py:538} INFO - Filling up the DagBag from /home/airflow/.local/lib/python3.7/site-packages/airflow/example_dags/example_branch_operator_decorator.py
[2023-03-08T12:06:48.649+0000] {processor.py:753} INFO - DAG(s) dict_keys(['example_branch_python_operator_decorator']) retrieved from /home/airflow/.local/lib/python3.7/site-packages/airflow/example_dags/example_branch_operator_decorator.py
[2023-03-08T12:06:48.836+0000] {logging_mixin.py:137} INFO - [2023-03-08T12:06:48.836+0000] {dag.py:2690} INFO - Sync 1 DAGs
[2023-03-08T12:06:48.930+0000] {logging_mixin.py:137} INFO - [2023-03-08T12:06:48.929+0000] {dag.py:3441} INFO - Setting next_dagrun for example_branch_python_operator_decorator to 2023-03-07T00:00:00+00:00, run_after=2023-03-08T00:00:00+00:00
[2023-03-08T12:06:48.970+0000] {processor.py:175} INFO - Processing /home/airflow/.local/lib/python3.7/site-packages/airflow/example_dags/example_branch_operator_decorator.py took 0.605 seconds
[2023-03-08T12:07:20.852+0000] {processor.py:153} INFO - Started process (PID=13580) to work on /home/airflow/.local/lib/python3.7/site-packages/airflow/example_dags/example_branch_operator_decorator.py
[2023-03-08T12:07:20.863+0000] {processor.py:743} INFO - Processing file /home/airflow/.local/lib/python3.7/site-packages/airflow/example_dags/example_branch_operator_decorator.py for tasks to queue
[2023-03-08T12:07:20.905+0000] {logging_mixin.py:137} INFO - [2023-03-08T12:07:20.886+0000] {dagbag.py:538} INFO - Filling up the DagBag from /home/airflow/.local/lib/python3.7/site-packages/airflow/example_dags/example_branch_operator_decorator.py
[2023-03-08T12:07:21.247+0000] {processor.py:753} INFO - DAG(s) dict_keys(['example_branch_python_operator_decorator']) retrieved from /home/airflow/.local/lib/python3.7/site-packages/airflow/example_dags/example_branch_operator_decorator.py
[2023-03-08T12:07:21.713+0000] {logging_mixin.py:137} INFO - [2023-03-08T12:07:21.713+0000] {dag.py:2690} INFO - Sync 1 DAGs
[2023-03-08T12:07:22.078+0000] {logging_mixin.py:137} INFO - [2023-03-08T12:07:22.078+0000] {dag.py:3441} INFO - Setting next_dagrun for example_branch_python_operator_decorator to 2023-03-07T00:00:00+00:00, run_after=2023-03-08T00:00:00+00:00
[2023-03-08T12:07:22.234+0000] {processor.py:175} INFO - Processing /home/airflow/.local/lib/python3.7/site-packages/airflow/example_dags/example_branch_operator_decorator.py took 1.435 seconds
[2023-03-08T12:07:52.509+0000] {processor.py:153} INFO - Started process (PID=13641) to work on /home/airflow/.local/lib/python3.7/site-packages/airflow/example_dags/example_branch_operator_decorator.py
[2023-03-08T12:07:52.517+0000] {processor.py:743} INFO - Processing file /home/airflow/.local/lib/python3.7/site-packages/airflow/example_dags/example_branch_operator_decorator.py for tasks to queue
[2023-03-08T12:07:52.522+0000] {logging_mixin.py:137} INFO - [2023-03-08T12:07:52.521+0000] {dagbag.py:538} INFO - Filling up the DagBag from /home/airflow/.local/lib/python3.7/site-packages/airflow/example_dags/example_branch_operator_decorator.py
[2023-03-08T12:07:52.571+0000] {processor.py:753} INFO - DAG(s) dict_keys(['example_branch_python_operator_decorator']) retrieved from /home/airflow/.local/lib/python3.7/site-packages/airflow/example_dags/example_branch_operator_decorator.py
[2023-03-08T12:07:52.611+0000] {logging_mixin.py:137} INFO - [2023-03-08T12:07:52.611+0000] {dag.py:2690} INFO - Sync 1 DAGs
[2023-03-08T12:07:52.644+0000] {logging_mixin.py:137} INFO - [2023-03-08T12:07:52.643+0000] {dag.py:3441} INFO - Setting next_dagrun for example_branch_python_operator_decorator to 2023-03-07T00:00:00+00:00, run_after=2023-03-08T00:00:00+00:00
[2023-03-08T12:07:52.671+0000] {processor.py:175} INFO - Processing /home/airflow/.local/lib/python3.7/site-packages/airflow/example_dags/example_branch_operator_decorator.py took 0.171 seconds
[2023-03-08T12:08:22.962+0000] {processor.py:153} INFO - Started process (PID=13699) to work on /home/airflow/.local/lib/python3.7/site-packages/airflow/example_dags/example_branch_operator_decorator.py
[2023-03-08T12:08:22.981+0000] {processor.py:743} INFO - Processing file /home/airflow/.local/lib/python3.7/site-packages/airflow/example_dags/example_branch_operator_decorator.py for tasks to queue
[2023-03-08T12:08:22.985+0000] {logging_mixin.py:137} INFO - [2023-03-08T12:08:22.984+0000] {dagbag.py:538} INFO - Filling up the DagBag from /home/airflow/.local/lib/python3.7/site-packages/airflow/example_dags/example_branch_operator_decorator.py
[2023-03-08T12:08:23.029+0000] {processor.py:753} INFO - DAG(s) dict_keys(['example_branch_python_operator_decorator']) retrieved from /home/airflow/.local/lib/python3.7/site-packages/airflow/example_dags/example_branch_operator_decorator.py
[2023-03-08T12:08:23.072+0000] {logging_mixin.py:137} INFO - [2023-03-08T12:08:23.072+0000] {dag.py:2690} INFO - Sync 1 DAGs
[2023-03-08T12:08:23.112+0000] {logging_mixin.py:137} INFO - [2023-03-08T12:08:23.111+0000] {dag.py:3441} INFO - Setting next_dagrun for example_branch_python_operator_decorator to 2023-03-07T00:00:00+00:00, run_after=2023-03-08T00:00:00+00:00
[2023-03-08T12:08:23.147+0000] {processor.py:175} INFO - Processing /home/airflow/.local/lib/python3.7/site-packages/airflow/example_dags/example_branch_operator_decorator.py took 0.192 seconds
[2023-03-08T12:08:54.001+0000] {processor.py:153} INFO - Started process (PID=13759) to work on /home/airflow/.local/lib/python3.7/site-packages/airflow/example_dags/example_branch_operator_decorator.py
[2023-03-08T12:08:54.005+0000] {processor.py:743} INFO - Processing file /home/airflow/.local/lib/python3.7/site-packages/airflow/example_dags/example_branch_operator_decorator.py for tasks to queue
[2023-03-08T12:08:54.009+0000] {logging_mixin.py:137} INFO - [2023-03-08T12:08:54.008+0000] {dagbag.py:538} INFO - Filling up the DagBag from /home/airflow/.local/lib/python3.7/site-packages/airflow/example_dags/example_branch_operator_decorator.py
[2023-03-08T12:08:54.059+0000] {processor.py:753} INFO - DAG(s) dict_keys(['example_branch_python_operator_decorator']) retrieved from /home/airflow/.local/lib/python3.7/site-packages/airflow/example_dags/example_branch_operator_decorator.py
[2023-03-08T12:08:54.137+0000] {logging_mixin.py:137} INFO - [2023-03-08T12:08:54.137+0000] {dag.py:2690} INFO - Sync 1 DAGs
[2023-03-08T12:08:54.223+0000] {logging_mixin.py:137} INFO - [2023-03-08T12:08:54.223+0000] {dag.py:3441} INFO - Setting next_dagrun for example_branch_python_operator_decorator to 2023-03-07T00:00:00+00:00, run_after=2023-03-08T00:00:00+00:00
[2023-03-08T12:08:54.278+0000] {processor.py:175} INFO - Processing /home/airflow/.local/lib/python3.7/site-packages/airflow/example_dags/example_branch_operator_decorator.py took 0.295 seconds
[2023-03-08T12:09:24.381+0000] {processor.py:153} INFO - Started process (PID=13825) to work on /home/airflow/.local/lib/python3.7/site-packages/airflow/example_dags/example_branch_operator_decorator.py
[2023-03-08T12:09:24.383+0000] {processor.py:743} INFO - Processing file /home/airflow/.local/lib/python3.7/site-packages/airflow/example_dags/example_branch_operator_decorator.py for tasks to queue
[2023-03-08T12:09:24.386+0000] {logging_mixin.py:137} INFO - [2023-03-08T12:09:24.386+0000] {dagbag.py:538} INFO - Filling up the DagBag from /home/airflow/.local/lib/python3.7/site-packages/airflow/example_dags/example_branch_operator_decorator.py
[2023-03-08T12:09:24.424+0000] {processor.py:753} INFO - DAG(s) dict_keys(['example_branch_python_operator_decorator']) retrieved from /home/airflow/.local/lib/python3.7/site-packages/airflow/example_dags/example_branch_operator_decorator.py
[2023-03-08T12:09:24.466+0000] {logging_mixin.py:137} INFO - [2023-03-08T12:09:24.466+0000] {dag.py:2690} INFO - Sync 1 DAGs
[2023-03-08T12:09:24.511+0000] {logging_mixin.py:137} INFO - [2023-03-08T12:09:24.511+0000] {dag.py:3441} INFO - Setting next_dagrun for example_branch_python_operator_decorator to 2023-03-07T00:00:00+00:00, run_after=2023-03-08T00:00:00+00:00
[2023-03-08T12:09:24.564+0000] {processor.py:175} INFO - Processing /home/airflow/.local/lib/python3.7/site-packages/airflow/example_dags/example_branch_operator_decorator.py took 0.190 seconds
[2023-03-08T12:09:54.699+0000] {processor.py:153} INFO - Started process (PID=13885) to work on /home/airflow/.local/lib/python3.7/site-packages/airflow/example_dags/example_branch_operator_decorator.py
[2023-03-08T12:09:54.701+0000] {processor.py:743} INFO - Processing file /home/airflow/.local/lib/python3.7/site-packages/airflow/example_dags/example_branch_operator_decorator.py for tasks to queue
[2023-03-08T12:09:54.704+0000] {logging_mixin.py:137} INFO - [2023-03-08T12:09:54.704+0000] {dagbag.py:538} INFO - Filling up the DagBag from /home/airflow/.local/lib/python3.7/site-packages/airflow/example_dags/example_branch_operator_decorator.py
[2023-03-08T12:09:54.742+0000] {processor.py:753} INFO - DAG(s) dict_keys(['example_branch_python_operator_decorator']) retrieved from /home/airflow/.local/lib/python3.7/site-packages/airflow/example_dags/example_branch_operator_decorator.py
[2023-03-08T12:09:54.786+0000] {logging_mixin.py:137} INFO - [2023-03-08T12:09:54.786+0000] {dag.py:2690} INFO - Sync 1 DAGs
[2023-03-08T12:09:54.820+0000] {logging_mixin.py:137} INFO - [2023-03-08T12:09:54.820+0000] {dag.py:3441} INFO - Setting next_dagrun for example_branch_python_operator_decorator to 2023-03-07T00:00:00+00:00, run_after=2023-03-08T00:00:00+00:00
[2023-03-08T12:09:54.870+0000] {processor.py:175} INFO - Processing /home/airflow/.local/lib/python3.7/site-packages/airflow/example_dags/example_branch_operator_decorator.py took 0.179 seconds
[2023-03-08T12:10:25.472+0000] {processor.py:153} INFO - Started process (PID=13945) to work on /home/airflow/.local/lib/python3.7/site-packages/airflow/example_dags/example_branch_operator_decorator.py
[2023-03-08T12:10:25.478+0000] {processor.py:743} INFO - Processing file /home/airflow/.local/lib/python3.7/site-packages/airflow/example_dags/example_branch_operator_decorator.py for tasks to queue
[2023-03-08T12:10:25.483+0000] {logging_mixin.py:137} INFO - [2023-03-08T12:10:25.483+0000] {dagbag.py:538} INFO - Filling up the DagBag from /home/airflow/.local/lib/python3.7/site-packages/airflow/example_dags/example_branch_operator_decorator.py
[2023-03-08T12:10:25.573+0000] {processor.py:753} INFO - DAG(s) dict_keys(['example_branch_python_operator_decorator']) retrieved from /home/airflow/.local/lib/python3.7/site-packages/airflow/example_dags/example_branch_operator_decorator.py
[2023-03-08T12:10:25.659+0000] {logging_mixin.py:137} INFO - [2023-03-08T12:10:25.659+0000] {dag.py:2690} INFO - Sync 1 DAGs
[2023-03-08T12:10:25.746+0000] {logging_mixin.py:137} INFO - [2023-03-08T12:10:25.744+0000] {dag.py:3441} INFO - Setting next_dagrun for example_branch_python_operator_decorator to 2023-03-07T00:00:00+00:00, run_after=2023-03-08T00:00:00+00:00
[2023-03-08T12:10:25.800+0000] {processor.py:175} INFO - Processing /home/airflow/.local/lib/python3.7/site-packages/airflow/example_dags/example_branch_operator_decorator.py took 0.343 seconds
[2023-03-08T12:10:56.187+0000] {processor.py:153} INFO - Started process (PID=14013) to work on /home/airflow/.local/lib/python3.7/site-packages/airflow/example_dags/example_branch_operator_decorator.py
[2023-03-08T12:10:56.191+0000] {processor.py:743} INFO - Processing file /home/airflow/.local/lib/python3.7/site-packages/airflow/example_dags/example_branch_operator_decorator.py for tasks to queue
[2023-03-08T12:10:56.196+0000] {logging_mixin.py:137} INFO - [2023-03-08T12:10:56.195+0000] {dagbag.py:538} INFO - Filling up the DagBag from /home/airflow/.local/lib/python3.7/site-packages/airflow/example_dags/example_branch_operator_decorator.py
[2023-03-08T12:10:56.280+0000] {processor.py:753} INFO - DAG(s) dict_keys(['example_branch_python_operator_decorator']) retrieved from /home/airflow/.local/lib/python3.7/site-packages/airflow/example_dags/example_branch_operator_decorator.py
[2023-03-08T12:10:56.375+0000] {logging_mixin.py:137} INFO - [2023-03-08T12:10:56.374+0000] {dag.py:2690} INFO - Sync 1 DAGs
[2023-03-08T12:10:56.455+0000] {logging_mixin.py:137} INFO - [2023-03-08T12:10:56.455+0000] {dag.py:3441} INFO - Setting next_dagrun for example_branch_python_operator_decorator to 2023-03-07T00:00:00+00:00, run_after=2023-03-08T00:00:00+00:00
[2023-03-08T12:10:56.534+0000] {processor.py:175} INFO - Processing /home/airflow/.local/lib/python3.7/site-packages/airflow/example_dags/example_branch_operator_decorator.py took 0.359 seconds
[2023-03-08T12:11:26.696+0000] {processor.py:153} INFO - Started process (PID=14072) to work on /home/airflow/.local/lib/python3.7/site-packages/airflow/example_dags/example_branch_operator_decorator.py
[2023-03-08T12:11:26.698+0000] {processor.py:743} INFO - Processing file /home/airflow/.local/lib/python3.7/site-packages/airflow/example_dags/example_branch_operator_decorator.py for tasks to queue
[2023-03-08T12:11:26.701+0000] {logging_mixin.py:137} INFO - [2023-03-08T12:11:26.701+0000] {dagbag.py:538} INFO - Filling up the DagBag from /home/airflow/.local/lib/python3.7/site-packages/airflow/example_dags/example_branch_operator_decorator.py
[2023-03-08T12:11:26.743+0000] {processor.py:753} INFO - DAG(s) dict_keys(['example_branch_python_operator_decorator']) retrieved from /home/airflow/.local/lib/python3.7/site-packages/airflow/example_dags/example_branch_operator_decorator.py
[2023-03-08T12:11:26.780+0000] {logging_mixin.py:137} INFO - [2023-03-08T12:11:26.780+0000] {dag.py:2690} INFO - Sync 1 DAGs
[2023-03-08T12:11:26.810+0000] {logging_mixin.py:137} INFO - [2023-03-08T12:11:26.809+0000] {dag.py:3441} INFO - Setting next_dagrun for example_branch_python_operator_decorator to 2023-03-07T00:00:00+00:00, run_after=2023-03-08T00:00:00+00:00
[2023-03-08T12:11:26.844+0000] {processor.py:175} INFO - Processing /home/airflow/.local/lib/python3.7/site-packages/airflow/example_dags/example_branch_operator_decorator.py took 0.155 seconds
[2023-03-08T12:11:57.031+0000] {processor.py:153} INFO - Started process (PID=14131) to work on /home/airflow/.local/lib/python3.7/site-packages/airflow/example_dags/example_branch_operator_decorator.py
[2023-03-08T12:11:57.033+0000] {processor.py:743} INFO - Processing file /home/airflow/.local/lib/python3.7/site-packages/airflow/example_dags/example_branch_operator_decorator.py for tasks to queue
[2023-03-08T12:11:57.036+0000] {logging_mixin.py:137} INFO - [2023-03-08T12:11:57.036+0000] {dagbag.py:538} INFO - Filling up the DagBag from /home/airflow/.local/lib/python3.7/site-packages/airflow/example_dags/example_branch_operator_decorator.py
[2023-03-08T12:11:57.080+0000] {processor.py:753} INFO - DAG(s) dict_keys(['example_branch_python_operator_decorator']) retrieved from /home/airflow/.local/lib/python3.7/site-packages/airflow/example_dags/example_branch_operator_decorator.py
[2023-03-08T12:11:57.120+0000] {logging_mixin.py:137} INFO - [2023-03-08T12:11:57.119+0000] {dag.py:2690} INFO - Sync 1 DAGs
[2023-03-08T12:11:57.156+0000] {logging_mixin.py:137} INFO - [2023-03-08T12:11:57.156+0000] {dag.py:3441} INFO - Setting next_dagrun for example_branch_python_operator_decorator to 2023-03-07T00:00:00+00:00, run_after=2023-03-08T00:00:00+00:00
[2023-03-08T12:11:57.201+0000] {processor.py:175} INFO - Processing /home/airflow/.local/lib/python3.7/site-packages/airflow/example_dags/example_branch_operator_decorator.py took 0.177 seconds
[2023-03-08T12:12:27.912+0000] {processor.py:153} INFO - Started process (PID=14200) to work on /home/airflow/.local/lib/python3.7/site-packages/airflow/example_dags/example_branch_operator_decorator.py
[2023-03-08T12:12:27.916+0000] {processor.py:743} INFO - Processing file /home/airflow/.local/lib/python3.7/site-packages/airflow/example_dags/example_branch_operator_decorator.py for tasks to queue
[2023-03-08T12:12:27.921+0000] {logging_mixin.py:137} INFO - [2023-03-08T12:12:27.920+0000] {dagbag.py:538} INFO - Filling up the DagBag from /home/airflow/.local/lib/python3.7/site-packages/airflow/example_dags/example_branch_operator_decorator.py
[2023-03-08T12:12:27.965+0000] {processor.py:753} INFO - DAG(s) dict_keys(['example_branch_python_operator_decorator']) retrieved from /home/airflow/.local/lib/python3.7/site-packages/airflow/example_dags/example_branch_operator_decorator.py
[2023-03-08T12:12:28.013+0000] {logging_mixin.py:137} INFO - [2023-03-08T12:12:28.013+0000] {dag.py:2690} INFO - Sync 1 DAGs
[2023-03-08T12:12:28.082+0000] {logging_mixin.py:137} INFO - [2023-03-08T12:12:28.082+0000] {dag.py:3441} INFO - Setting next_dagrun for example_branch_python_operator_decorator to 2023-03-07T00:00:00+00:00, run_after=2023-03-08T00:00:00+00:00
[2023-03-08T12:12:28.150+0000] {processor.py:175} INFO - Processing /home/airflow/.local/lib/python3.7/site-packages/airflow/example_dags/example_branch_operator_decorator.py took 0.250 seconds
[2023-03-08T12:12:58.432+0000] {processor.py:153} INFO - Started process (PID=14258) to work on /home/airflow/.local/lib/python3.7/site-packages/airflow/example_dags/example_branch_operator_decorator.py
[2023-03-08T12:12:58.438+0000] {processor.py:743} INFO - Processing file /home/airflow/.local/lib/python3.7/site-packages/airflow/example_dags/example_branch_operator_decorator.py for tasks to queue
[2023-03-08T12:12:58.440+0000] {logging_mixin.py:137} INFO - [2023-03-08T12:12:58.440+0000] {dagbag.py:538} INFO - Filling up the DagBag from /home/airflow/.local/lib/python3.7/site-packages/airflow/example_dags/example_branch_operator_decorator.py
[2023-03-08T12:12:58.504+0000] {processor.py:753} INFO - DAG(s) dict_keys(['example_branch_python_operator_decorator']) retrieved from /home/airflow/.local/lib/python3.7/site-packages/airflow/example_dags/example_branch_operator_decorator.py
[2023-03-08T12:12:58.586+0000] {logging_mixin.py:137} INFO - [2023-03-08T12:12:58.586+0000] {dag.py:2690} INFO - Sync 1 DAGs
[2023-03-08T12:12:58.647+0000] {logging_mixin.py:137} INFO - [2023-03-08T12:12:58.647+0000] {dag.py:3441} INFO - Setting next_dagrun for example_branch_python_operator_decorator to 2023-03-07T00:00:00+00:00, run_after=2023-03-08T00:00:00+00:00
[2023-03-08T12:12:58.707+0000] {processor.py:175} INFO - Processing /home/airflow/.local/lib/python3.7/site-packages/airflow/example_dags/example_branch_operator_decorator.py took 0.287 seconds
[2023-03-08T12:13:29.298+0000] {processor.py:153} INFO - Started process (PID=14317) to work on /home/airflow/.local/lib/python3.7/site-packages/airflow/example_dags/example_branch_operator_decorator.py
[2023-03-08T12:13:29.302+0000] {processor.py:743} INFO - Processing file /home/airflow/.local/lib/python3.7/site-packages/airflow/example_dags/example_branch_operator_decorator.py for tasks to queue
[2023-03-08T12:13:29.304+0000] {logging_mixin.py:137} INFO - [2023-03-08T12:13:29.304+0000] {dagbag.py:538} INFO - Filling up the DagBag from /home/airflow/.local/lib/python3.7/site-packages/airflow/example_dags/example_branch_operator_decorator.py
[2023-03-08T12:13:29.386+0000] {processor.py:753} INFO - DAG(s) dict_keys(['example_branch_python_operator_decorator']) retrieved from /home/airflow/.local/lib/python3.7/site-packages/airflow/example_dags/example_branch_operator_decorator.py
[2023-03-08T12:13:29.491+0000] {logging_mixin.py:137} INFO - [2023-03-08T12:13:29.490+0000] {dag.py:2690} INFO - Sync 1 DAGs
[2023-03-08T12:13:29.570+0000] {logging_mixin.py:137} INFO - [2023-03-08T12:13:29.570+0000] {dag.py:3441} INFO - Setting next_dagrun for example_branch_python_operator_decorator to 2023-03-07T00:00:00+00:00, run_after=2023-03-08T00:00:00+00:00
[2023-03-08T12:13:29.628+0000] {processor.py:175} INFO - Processing /home/airflow/.local/lib/python3.7/site-packages/airflow/example_dags/example_branch_operator_decorator.py took 0.339 seconds
[2023-03-08T12:13:59.766+0000] {processor.py:153} INFO - Started process (PID=14386) to work on /home/airflow/.local/lib/python3.7/site-packages/airflow/example_dags/example_branch_operator_decorator.py
[2023-03-08T12:13:59.771+0000] {processor.py:743} INFO - Processing file /home/airflow/.local/lib/python3.7/site-packages/airflow/example_dags/example_branch_operator_decorator.py for tasks to queue
[2023-03-08T12:13:59.776+0000] {logging_mixin.py:137} INFO - [2023-03-08T12:13:59.775+0000] {dagbag.py:538} INFO - Filling up the DagBag from /home/airflow/.local/lib/python3.7/site-packages/airflow/example_dags/example_branch_operator_decorator.py
[2023-03-08T12:13:59.858+0000] {processor.py:753} INFO - DAG(s) dict_keys(['example_branch_python_operator_decorator']) retrieved from /home/airflow/.local/lib/python3.7/site-packages/airflow/example_dags/example_branch_operator_decorator.py
[2023-03-08T12:13:59.946+0000] {logging_mixin.py:137} INFO - [2023-03-08T12:13:59.945+0000] {dag.py:2690} INFO - Sync 1 DAGs
[2023-03-08T12:14:00.029+0000] {logging_mixin.py:137} INFO - [2023-03-08T12:14:00.028+0000] {dag.py:3441} INFO - Setting next_dagrun for example_branch_python_operator_decorator to 2023-03-07T00:00:00+00:00, run_after=2023-03-08T00:00:00+00:00
[2023-03-08T12:14:00.078+0000] {processor.py:175} INFO - Processing /home/airflow/.local/lib/python3.7/site-packages/airflow/example_dags/example_branch_operator_decorator.py took 0.328 seconds
[2023-03-08T12:14:30.402+0000] {processor.py:153} INFO - Started process (PID=14434) to work on /home/airflow/.local/lib/python3.7/site-packages/airflow/example_dags/example_branch_operator_decorator.py
[2023-03-08T12:14:30.405+0000] {processor.py:743} INFO - Processing file /home/airflow/.local/lib/python3.7/site-packages/airflow/example_dags/example_branch_operator_decorator.py for tasks to queue
[2023-03-08T12:14:30.410+0000] {logging_mixin.py:137} INFO - [2023-03-08T12:14:30.410+0000] {dagbag.py:538} INFO - Filling up the DagBag from /home/airflow/.local/lib/python3.7/site-packages/airflow/example_dags/example_branch_operator_decorator.py
[2023-03-08T12:14:30.506+0000] {processor.py:753} INFO - DAG(s) dict_keys(['example_branch_python_operator_decorator']) retrieved from /home/airflow/.local/lib/python3.7/site-packages/airflow/example_dags/example_branch_operator_decorator.py
[2023-03-08T12:14:30.578+0000] {logging_mixin.py:137} INFO - [2023-03-08T12:14:30.578+0000] {dag.py:2690} INFO - Sync 1 DAGs
[2023-03-08T12:14:30.658+0000] {logging_mixin.py:137} INFO - [2023-03-08T12:14:30.656+0000] {dag.py:3441} INFO - Setting next_dagrun for example_branch_python_operator_decorator to 2023-03-07T00:00:00+00:00, run_after=2023-03-08T00:00:00+00:00
[2023-03-08T12:14:30.738+0000] {processor.py:175} INFO - Processing /home/airflow/.local/lib/python3.7/site-packages/airflow/example_dags/example_branch_operator_decorator.py took 0.345 seconds
[2023-03-08T12:15:01.405+0000] {processor.py:153} INFO - Started process (PID=14502) to work on /home/airflow/.local/lib/python3.7/site-packages/airflow/example_dags/example_branch_operator_decorator.py
[2023-03-08T12:15:01.408+0000] {processor.py:743} INFO - Processing file /home/airflow/.local/lib/python3.7/site-packages/airflow/example_dags/example_branch_operator_decorator.py for tasks to queue
[2023-03-08T12:15:01.411+0000] {logging_mixin.py:137} INFO - [2023-03-08T12:15:01.410+0000] {dagbag.py:538} INFO - Filling up the DagBag from /home/airflow/.local/lib/python3.7/site-packages/airflow/example_dags/example_branch_operator_decorator.py
[2023-03-08T12:15:01.456+0000] {processor.py:753} INFO - DAG(s) dict_keys(['example_branch_python_operator_decorator']) retrieved from /home/airflow/.local/lib/python3.7/site-packages/airflow/example_dags/example_branch_operator_decorator.py
[2023-03-08T12:15:01.503+0000] {logging_mixin.py:137} INFO - [2023-03-08T12:15:01.503+0000] {dag.py:2690} INFO - Sync 1 DAGs
[2023-03-08T12:15:01.540+0000] {logging_mixin.py:137} INFO - [2023-03-08T12:15:01.540+0000] {dag.py:3441} INFO - Setting next_dagrun for example_branch_python_operator_decorator to 2023-03-07T00:00:00+00:00, run_after=2023-03-08T00:00:00+00:00
[2023-03-08T12:15:01.580+0000] {processor.py:175} INFO - Processing /home/airflow/.local/lib/python3.7/site-packages/airflow/example_dags/example_branch_operator_decorator.py took 0.183 seconds
[2023-03-08T12:15:32.304+0000] {processor.py:153} INFO - Started process (PID=14562) to work on /home/airflow/.local/lib/python3.7/site-packages/airflow/example_dags/example_branch_operator_decorator.py
[2023-03-08T12:15:32.307+0000] {processor.py:743} INFO - Processing file /home/airflow/.local/lib/python3.7/site-packages/airflow/example_dags/example_branch_operator_decorator.py for tasks to queue
[2023-03-08T12:15:32.309+0000] {logging_mixin.py:137} INFO - [2023-03-08T12:15:32.309+0000] {dagbag.py:538} INFO - Filling up the DagBag from /home/airflow/.local/lib/python3.7/site-packages/airflow/example_dags/example_branch_operator_decorator.py
[2023-03-08T12:15:32.358+0000] {processor.py:753} INFO - DAG(s) dict_keys(['example_branch_python_operator_decorator']) retrieved from /home/airflow/.local/lib/python3.7/site-packages/airflow/example_dags/example_branch_operator_decorator.py
[2023-03-08T12:15:32.403+0000] {logging_mixin.py:137} INFO - [2023-03-08T12:15:32.402+0000] {dag.py:2690} INFO - Sync 1 DAGs
[2023-03-08T12:15:32.442+0000] {logging_mixin.py:137} INFO - [2023-03-08T12:15:32.442+0000] {dag.py:3441} INFO - Setting next_dagrun for example_branch_python_operator_decorator to 2023-03-07T00:00:00+00:00, run_after=2023-03-08T00:00:00+00:00
[2023-03-08T12:15:32.479+0000] {processor.py:175} INFO - Processing /home/airflow/.local/lib/python3.7/site-packages/airflow/example_dags/example_branch_operator_decorator.py took 0.181 seconds
[2023-03-08T12:16:02.609+0000] {processor.py:153} INFO - Started process (PID=14631) to work on /home/airflow/.local/lib/python3.7/site-packages/airflow/example_dags/example_branch_operator_decorator.py
[2023-03-08T12:16:02.612+0000] {processor.py:743} INFO - Processing file /home/airflow/.local/lib/python3.7/site-packages/airflow/example_dags/example_branch_operator_decorator.py for tasks to queue
[2023-03-08T12:16:02.615+0000] {logging_mixin.py:137} INFO - [2023-03-08T12:16:02.614+0000] {dagbag.py:538} INFO - Filling up the DagBag from /home/airflow/.local/lib/python3.7/site-packages/airflow/example_dags/example_branch_operator_decorator.py
[2023-03-08T12:16:02.654+0000] {processor.py:753} INFO - DAG(s) dict_keys(['example_branch_python_operator_decorator']) retrieved from /home/airflow/.local/lib/python3.7/site-packages/airflow/example_dags/example_branch_operator_decorator.py
[2023-03-08T12:16:02.707+0000] {logging_mixin.py:137} INFO - [2023-03-08T12:16:02.707+0000] {dag.py:2690} INFO - Sync 1 DAGs
[2023-03-08T12:16:02.743+0000] {logging_mixin.py:137} INFO - [2023-03-08T12:16:02.743+0000] {dag.py:3441} INFO - Setting next_dagrun for example_branch_python_operator_decorator to 2023-03-07T00:00:00+00:00, run_after=2023-03-08T00:00:00+00:00
[2023-03-08T12:16:02.773+0000] {processor.py:175} INFO - Processing /home/airflow/.local/lib/python3.7/site-packages/airflow/example_dags/example_branch_operator_decorator.py took 0.170 seconds
[2023-03-08T12:16:33.303+0000] {processor.py:153} INFO - Started process (PID=14690) to work on /home/airflow/.local/lib/python3.7/site-packages/airflow/example_dags/example_branch_operator_decorator.py
[2023-03-08T12:16:33.305+0000] {processor.py:743} INFO - Processing file /home/airflow/.local/lib/python3.7/site-packages/airflow/example_dags/example_branch_operator_decorator.py for tasks to queue
[2023-03-08T12:16:33.307+0000] {logging_mixin.py:137} INFO - [2023-03-08T12:16:33.307+0000] {dagbag.py:538} INFO - Filling up the DagBag from /home/airflow/.local/lib/python3.7/site-packages/airflow/example_dags/example_branch_operator_decorator.py
[2023-03-08T12:16:33.350+0000] {processor.py:753} INFO - DAG(s) dict_keys(['example_branch_python_operator_decorator']) retrieved from /home/airflow/.local/lib/python3.7/site-packages/airflow/example_dags/example_branch_operator_decorator.py
[2023-03-08T12:16:33.401+0000] {logging_mixin.py:137} INFO - [2023-03-08T12:16:33.400+0000] {dag.py:2690} INFO - Sync 1 DAGs
[2023-03-08T12:16:33.438+0000] {logging_mixin.py:137} INFO - [2023-03-08T12:16:33.438+0000] {dag.py:3441} INFO - Setting next_dagrun for example_branch_python_operator_decorator to 2023-03-07T00:00:00+00:00, run_after=2023-03-08T00:00:00+00:00
[2023-03-08T12:16:33.476+0000] {processor.py:175} INFO - Processing /home/airflow/.local/lib/python3.7/site-packages/airflow/example_dags/example_branch_operator_decorator.py took 0.181 seconds
[2023-03-08T12:17:03.848+0000] {processor.py:153} INFO - Started process (PID=14756) to work on /home/airflow/.local/lib/python3.7/site-packages/airflow/example_dags/example_branch_operator_decorator.py
[2023-03-08T12:17:03.853+0000] {processor.py:743} INFO - Processing file /home/airflow/.local/lib/python3.7/site-packages/airflow/example_dags/example_branch_operator_decorator.py for tasks to queue
[2023-03-08T12:17:03.856+0000] {logging_mixin.py:137} INFO - [2023-03-08T12:17:03.856+0000] {dagbag.py:538} INFO - Filling up the DagBag from /home/airflow/.local/lib/python3.7/site-packages/airflow/example_dags/example_branch_operator_decorator.py
[2023-03-08T12:17:03.930+0000] {processor.py:753} INFO - DAG(s) dict_keys(['example_branch_python_operator_decorator']) retrieved from /home/airflow/.local/lib/python3.7/site-packages/airflow/example_dags/example_branch_operator_decorator.py
[2023-03-08T12:17:03.971+0000] {logging_mixin.py:137} INFO - [2023-03-08T12:17:03.970+0000] {dag.py:2690} INFO - Sync 1 DAGs
[2023-03-08T12:17:04.007+0000] {logging_mixin.py:137} INFO - [2023-03-08T12:17:04.007+0000] {dag.py:3441} INFO - Setting next_dagrun for example_branch_python_operator_decorator to 2023-03-07T00:00:00+00:00, run_after=2023-03-08T00:00:00+00:00
[2023-03-08T12:17:04.045+0000] {processor.py:175} INFO - Processing /home/airflow/.local/lib/python3.7/site-packages/airflow/example_dags/example_branch_operator_decorator.py took 0.209 seconds
[2023-03-08T12:17:34.204+0000] {processor.py:153} INFO - Started process (PID=14815) to work on /home/airflow/.local/lib/python3.7/site-packages/airflow/example_dags/example_branch_operator_decorator.py
[2023-03-08T12:17:34.206+0000] {processor.py:743} INFO - Processing file /home/airflow/.local/lib/python3.7/site-packages/airflow/example_dags/example_branch_operator_decorator.py for tasks to queue
[2023-03-08T12:17:34.209+0000] {logging_mixin.py:137} INFO - [2023-03-08T12:17:34.209+0000] {dagbag.py:538} INFO - Filling up the DagBag from /home/airflow/.local/lib/python3.7/site-packages/airflow/example_dags/example_branch_operator_decorator.py
[2023-03-08T12:17:34.240+0000] {processor.py:753} INFO - DAG(s) dict_keys(['example_branch_python_operator_decorator']) retrieved from /home/airflow/.local/lib/python3.7/site-packages/airflow/example_dags/example_branch_operator_decorator.py
[2023-03-08T12:17:34.278+0000] {logging_mixin.py:137} INFO - [2023-03-08T12:17:34.278+0000] {dag.py:2690} INFO - Sync 1 DAGs
[2023-03-08T12:17:34.320+0000] {logging_mixin.py:137} INFO - [2023-03-08T12:17:34.319+0000] {dag.py:3441} INFO - Setting next_dagrun for example_branch_python_operator_decorator to 2023-03-07T00:00:00+00:00, run_after=2023-03-08T00:00:00+00:00
[2023-03-08T12:17:34.353+0000] {processor.py:175} INFO - Processing /home/airflow/.local/lib/python3.7/site-packages/airflow/example_dags/example_branch_operator_decorator.py took 0.155 seconds
