[2023-03-08T01:49:41.474+0000] {processor.py:153} INFO - Started process (PID=12197) to work on /home/airflow/.local/lib/python3.7/site-packages/airflow/example_dags/example_task_group_decorator.py
[2023-03-08T01:49:41.477+0000] {processor.py:743} INFO - Processing file /home/airflow/.local/lib/python3.7/site-packages/airflow/example_dags/example_task_group_decorator.py for tasks to queue
[2023-03-08T01:49:41.479+0000] {logging_mixin.py:137} INFO - [2023-03-08T01:49:41.479+0000] {dagbag.py:538} INFO - Filling up the DagBag from /home/airflow/.local/lib/python3.7/site-packages/airflow/example_dags/example_task_group_decorator.py
[2023-03-08T01:49:41.540+0000] {processor.py:753} INFO - DAG(s) dict_keys(['example_task_group_decorator']) retrieved from /home/airflow/.local/lib/python3.7/site-packages/airflow/example_dags/example_task_group_decorator.py
[2023-03-08T01:49:41.636+0000] {logging_mixin.py:137} INFO - [2023-03-08T01:49:41.635+0000] {dag.py:2690} INFO - Sync 1 DAGs
[2023-03-08T01:49:41.669+0000] {logging_mixin.py:137} INFO - [2023-03-08T01:49:41.668+0000] {dag.py:3441} INFO - Setting next_dagrun for example_task_group_decorator to 2023-03-07T01:49:41.668562+00:00, run_after=2023-03-08T01:49:41.668562+00:00
[2023-03-08T01:49:41.701+0000] {processor.py:175} INFO - Processing /home/airflow/.local/lib/python3.7/site-packages/airflow/example_dags/example_task_group_decorator.py took 0.231 seconds
[2023-03-08T03:17:57.907+0000] {processor.py:153} INFO - Started process (PID=12236) to work on /home/airflow/.local/lib/python3.7/site-packages/airflow/example_dags/example_task_group_decorator.py
[2023-03-08T03:17:57.910+0000] {processor.py:743} INFO - Processing file /home/airflow/.local/lib/python3.7/site-packages/airflow/example_dags/example_task_group_decorator.py for tasks to queue
[2023-03-08T03:17:57.914+0000] {logging_mixin.py:137} INFO - [2023-03-08T03:17:57.913+0000] {dagbag.py:538} INFO - Filling up the DagBag from /home/airflow/.local/lib/python3.7/site-packages/airflow/example_dags/example_task_group_decorator.py
[2023-03-08T03:17:57.970+0000] {processor.py:753} INFO - DAG(s) dict_keys(['example_task_group_decorator']) retrieved from /home/airflow/.local/lib/python3.7/site-packages/airflow/example_dags/example_task_group_decorator.py
[2023-03-08T03:17:58.027+0000] {logging_mixin.py:137} INFO - [2023-03-08T03:17:58.027+0000] {dag.py:2690} INFO - Sync 1 DAGs
[2023-03-08T03:17:58.071+0000] {logging_mixin.py:137} INFO - [2023-03-08T03:17:58.071+0000] {dag.py:3441} INFO - Setting next_dagrun for example_task_group_decorator to 2023-03-07T03:17:58.071052+00:00, run_after=2023-03-08T03:17:58.071052+00:00
[2023-03-08T03:17:58.111+0000] {processor.py:175} INFO - Processing /home/airflow/.local/lib/python3.7/site-packages/airflow/example_dags/example_task_group_decorator.py took 0.209 seconds
[2023-03-08T11:47:14.598+0000] {processor.py:153} INFO - Started process (PID=12277) to work on /home/airflow/.local/lib/python3.7/site-packages/airflow/example_dags/example_task_group_decorator.py
[2023-03-08T11:47:14.610+0000] {processor.py:743} INFO - Processing file /home/airflow/.local/lib/python3.7/site-packages/airflow/example_dags/example_task_group_decorator.py for tasks to queue
[2023-03-08T11:47:14.618+0000] {logging_mixin.py:137} INFO - [2023-03-08T11:47:14.617+0000] {dagbag.py:538} INFO - Filling up the DagBag from /home/airflow/.local/lib/python3.7/site-packages/airflow/example_dags/example_task_group_decorator.py
[2023-03-08T11:47:14.855+0000] {processor.py:753} INFO - DAG(s) dict_keys(['example_task_group_decorator']) retrieved from /home/airflow/.local/lib/python3.7/site-packages/airflow/example_dags/example_task_group_decorator.py
[2023-03-08T11:47:15.038+0000] {logging_mixin.py:137} INFO - [2023-03-08T11:47:15.037+0000] {dag.py:2690} INFO - Sync 1 DAGs
[2023-03-08T11:47:15.109+0000] {logging_mixin.py:137} INFO - [2023-03-08T11:47:15.109+0000] {dag.py:3441} INFO - Setting next_dagrun for example_task_group_decorator to 2023-03-07T11:47:15.108656+00:00, run_after=2023-03-08T11:47:15.108656+00:00
[2023-03-08T11:47:15.459+0000] {processor.py:175} INFO - Processing /home/airflow/.local/lib/python3.7/site-packages/airflow/example_dags/example_task_group_decorator.py took 0.872 seconds
[2023-03-08T11:56:52.498+0000] {processor.py:153} INFO - Started process (PID=12334) to work on /home/airflow/.local/lib/python3.7/site-packages/airflow/example_dags/example_task_group_decorator.py
[2023-03-08T11:56:52.503+0000] {processor.py:743} INFO - Processing file /home/airflow/.local/lib/python3.7/site-packages/airflow/example_dags/example_task_group_decorator.py for tasks to queue
[2023-03-08T11:56:52.527+0000] {logging_mixin.py:137} INFO - [2023-03-08T11:56:52.527+0000] {dagbag.py:538} INFO - Filling up the DagBag from /home/airflow/.local/lib/python3.7/site-packages/airflow/example_dags/example_task_group_decorator.py
[2023-03-08T11:56:52.708+0000] {processor.py:753} INFO - DAG(s) dict_keys(['example_task_group_decorator']) retrieved from /home/airflow/.local/lib/python3.7/site-packages/airflow/example_dags/example_task_group_decorator.py
[2023-03-08T11:56:52.882+0000] {logging_mixin.py:137} INFO - [2023-03-08T11:56:52.881+0000] {dag.py:2690} INFO - Sync 1 DAGs
[2023-03-08T11:56:53.092+0000] {logging_mixin.py:137} INFO - [2023-03-08T11:56:53.091+0000] {dag.py:3441} INFO - Setting next_dagrun for example_task_group_decorator to 2023-03-07T11:56:53.091011+00:00, run_after=2023-03-08T11:56:53.091011+00:00
[2023-03-08T11:56:53.186+0000] {processor.py:175} INFO - Processing /home/airflow/.local/lib/python3.7/site-packages/airflow/example_dags/example_task_group_decorator.py took 0.721 seconds
[2023-03-08T11:57:23.280+0000] {processor.py:153} INFO - Started process (PID=12392) to work on /home/airflow/.local/lib/python3.7/site-packages/airflow/example_dags/example_task_group_decorator.py
[2023-03-08T11:57:23.283+0000] {processor.py:743} INFO - Processing file /home/airflow/.local/lib/python3.7/site-packages/airflow/example_dags/example_task_group_decorator.py for tasks to queue
[2023-03-08T11:57:23.287+0000] {logging_mixin.py:137} INFO - [2023-03-08T11:57:23.286+0000] {dagbag.py:538} INFO - Filling up the DagBag from /home/airflow/.local/lib/python3.7/site-packages/airflow/example_dags/example_task_group_decorator.py
[2023-03-08T11:57:23.332+0000] {processor.py:753} INFO - DAG(s) dict_keys(['example_task_group_decorator']) retrieved from /home/airflow/.local/lib/python3.7/site-packages/airflow/example_dags/example_task_group_decorator.py
[2023-03-08T11:57:23.375+0000] {logging_mixin.py:137} INFO - [2023-03-08T11:57:23.375+0000] {dag.py:2690} INFO - Sync 1 DAGs
[2023-03-08T11:57:23.407+0000] {logging_mixin.py:137} INFO - [2023-03-08T11:57:23.407+0000] {dag.py:3441} INFO - Setting next_dagrun for example_task_group_decorator to 2023-03-07T11:57:23.406752+00:00, run_after=2023-03-08T11:57:23.406752+00:00
[2023-03-08T11:57:23.441+0000] {processor.py:175} INFO - Processing /home/airflow/.local/lib/python3.7/site-packages/airflow/example_dags/example_task_group_decorator.py took 0.166 seconds
[2023-03-08T11:57:53.658+0000] {processor.py:153} INFO - Started process (PID=12452) to work on /home/airflow/.local/lib/python3.7/site-packages/airflow/example_dags/example_task_group_decorator.py
[2023-03-08T11:57:53.663+0000] {processor.py:743} INFO - Processing file /home/airflow/.local/lib/python3.7/site-packages/airflow/example_dags/example_task_group_decorator.py for tasks to queue
[2023-03-08T11:57:53.671+0000] {logging_mixin.py:137} INFO - [2023-03-08T11:57:53.669+0000] {dagbag.py:538} INFO - Filling up the DagBag from /home/airflow/.local/lib/python3.7/site-packages/airflow/example_dags/example_task_group_decorator.py
[2023-03-08T11:57:53.755+0000] {processor.py:753} INFO - DAG(s) dict_keys(['example_task_group_decorator']) retrieved from /home/airflow/.local/lib/python3.7/site-packages/airflow/example_dags/example_task_group_decorator.py
[2023-03-08T11:57:53.801+0000] {logging_mixin.py:137} INFO - [2023-03-08T11:57:53.801+0000] {dag.py:2690} INFO - Sync 1 DAGs
[2023-03-08T11:57:53.840+0000] {logging_mixin.py:137} INFO - [2023-03-08T11:57:53.839+0000] {dag.py:3441} INFO - Setting next_dagrun for example_task_group_decorator to 2023-03-07T11:57:53.839279+00:00, run_after=2023-03-08T11:57:53.839279+00:00
[2023-03-08T11:57:53.920+0000] {processor.py:175} INFO - Processing /home/airflow/.local/lib/python3.7/site-packages/airflow/example_dags/example_task_group_decorator.py took 0.275 seconds
[2023-03-08T11:58:24.430+0000] {processor.py:153} INFO - Started process (PID=12510) to work on /home/airflow/.local/lib/python3.7/site-packages/airflow/example_dags/example_task_group_decorator.py
[2023-03-08T11:58:24.433+0000] {processor.py:743} INFO - Processing file /home/airflow/.local/lib/python3.7/site-packages/airflow/example_dags/example_task_group_decorator.py for tasks to queue
[2023-03-08T11:58:24.436+0000] {logging_mixin.py:137} INFO - [2023-03-08T11:58:24.436+0000] {dagbag.py:538} INFO - Filling up the DagBag from /home/airflow/.local/lib/python3.7/site-packages/airflow/example_dags/example_task_group_decorator.py
[2023-03-08T11:58:24.477+0000] {processor.py:753} INFO - DAG(s) dict_keys(['example_task_group_decorator']) retrieved from /home/airflow/.local/lib/python3.7/site-packages/airflow/example_dags/example_task_group_decorator.py
[2023-03-08T11:58:24.518+0000] {logging_mixin.py:137} INFO - [2023-03-08T11:58:24.518+0000] {dag.py:2690} INFO - Sync 1 DAGs
[2023-03-08T11:58:24.568+0000] {logging_mixin.py:137} INFO - [2023-03-08T11:58:24.568+0000] {dag.py:3441} INFO - Setting next_dagrun for example_task_group_decorator to 2023-03-07T11:58:24.566842+00:00, run_after=2023-03-08T11:58:24.566842+00:00
[2023-03-08T11:58:24.635+0000] {processor.py:175} INFO - Processing /home/airflow/.local/lib/python3.7/site-packages/airflow/example_dags/example_task_group_decorator.py took 0.211 seconds
[2023-03-08T11:58:55.323+0000] {processor.py:153} INFO - Started process (PID=12578) to work on /home/airflow/.local/lib/python3.7/site-packages/airflow/example_dags/example_task_group_decorator.py
[2023-03-08T11:58:55.331+0000] {processor.py:743} INFO - Processing file /home/airflow/.local/lib/python3.7/site-packages/airflow/example_dags/example_task_group_decorator.py for tasks to queue
[2023-03-08T11:58:55.333+0000] {logging_mixin.py:137} INFO - [2023-03-08T11:58:55.333+0000] {dagbag.py:538} INFO - Filling up the DagBag from /home/airflow/.local/lib/python3.7/site-packages/airflow/example_dags/example_task_group_decorator.py
[2023-03-08T11:58:55.402+0000] {processor.py:753} INFO - DAG(s) dict_keys(['example_task_group_decorator']) retrieved from /home/airflow/.local/lib/python3.7/site-packages/airflow/example_dags/example_task_group_decorator.py
[2023-03-08T11:58:55.483+0000] {logging_mixin.py:137} INFO - [2023-03-08T11:58:55.482+0000] {dag.py:2690} INFO - Sync 1 DAGs
[2023-03-08T11:58:55.538+0000] {logging_mixin.py:137} INFO - [2023-03-08T11:58:55.538+0000] {dag.py:3441} INFO - Setting next_dagrun for example_task_group_decorator to 2023-03-07T11:58:55.538404+00:00, run_after=2023-03-08T11:58:55.538404+00:00
[2023-03-08T11:58:55.594+0000] {processor.py:175} INFO - Processing /home/airflow/.local/lib/python3.7/site-packages/airflow/example_dags/example_task_group_decorator.py took 0.275 seconds
[2023-03-08T11:59:28.041+0000] {processor.py:153} INFO - Started process (PID=12635) to work on /home/airflow/.local/lib/python3.7/site-packages/airflow/example_dags/example_task_group_decorator.py
[2023-03-08T11:59:28.051+0000] {processor.py:743} INFO - Processing file /home/airflow/.local/lib/python3.7/site-packages/airflow/example_dags/example_task_group_decorator.py for tasks to queue
[2023-03-08T11:59:28.063+0000] {logging_mixin.py:137} INFO - [2023-03-08T11:59:28.063+0000] {dagbag.py:538} INFO - Filling up the DagBag from /home/airflow/.local/lib/python3.7/site-packages/airflow/example_dags/example_task_group_decorator.py
[2023-03-08T11:59:28.224+0000] {processor.py:753} INFO - DAG(s) dict_keys(['example_task_group_decorator']) retrieved from /home/airflow/.local/lib/python3.7/site-packages/airflow/example_dags/example_task_group_decorator.py
[2023-03-08T11:59:28.307+0000] {logging_mixin.py:137} INFO - [2023-03-08T11:59:28.307+0000] {dag.py:2690} INFO - Sync 1 DAGs
[2023-03-08T11:59:28.381+0000] {logging_mixin.py:137} INFO - [2023-03-08T11:59:28.381+0000] {dag.py:3441} INFO - Setting next_dagrun for example_task_group_decorator to 2023-03-07T11:59:28.378967+00:00, run_after=2023-03-08T11:59:28.378967+00:00
[2023-03-08T11:59:28.543+0000] {processor.py:175} INFO - Processing /home/airflow/.local/lib/python3.7/site-packages/airflow/example_dags/example_task_group_decorator.py took 0.518 seconds
[2023-03-08T11:59:58.728+0000] {processor.py:153} INFO - Started process (PID=12694) to work on /home/airflow/.local/lib/python3.7/site-packages/airflow/example_dags/example_task_group_decorator.py
[2023-03-08T11:59:58.730+0000] {processor.py:743} INFO - Processing file /home/airflow/.local/lib/python3.7/site-packages/airflow/example_dags/example_task_group_decorator.py for tasks to queue
[2023-03-08T11:59:58.732+0000] {logging_mixin.py:137} INFO - [2023-03-08T11:59:58.732+0000] {dagbag.py:538} INFO - Filling up the DagBag from /home/airflow/.local/lib/python3.7/site-packages/airflow/example_dags/example_task_group_decorator.py
[2023-03-08T11:59:58.765+0000] {processor.py:753} INFO - DAG(s) dict_keys(['example_task_group_decorator']) retrieved from /home/airflow/.local/lib/python3.7/site-packages/airflow/example_dags/example_task_group_decorator.py
[2023-03-08T11:59:58.800+0000] {logging_mixin.py:137} INFO - [2023-03-08T11:59:58.800+0000] {dag.py:2690} INFO - Sync 1 DAGs
[2023-03-08T11:59:58.827+0000] {logging_mixin.py:137} INFO - [2023-03-08T11:59:58.826+0000] {dag.py:3441} INFO - Setting next_dagrun for example_task_group_decorator to 2023-03-07T11:59:58.826556+00:00, run_after=2023-03-08T11:59:58.826556+00:00
[2023-03-08T11:59:58.853+0000] {processor.py:175} INFO - Processing /home/airflow/.local/lib/python3.7/site-packages/airflow/example_dags/example_task_group_decorator.py took 0.130 seconds
[2023-03-08T12:00:29.895+0000] {processor.py:153} INFO - Started process (PID=12752) to work on /home/airflow/.local/lib/python3.7/site-packages/airflow/example_dags/example_task_group_decorator.py
[2023-03-08T12:00:29.898+0000] {processor.py:743} INFO - Processing file /home/airflow/.local/lib/python3.7/site-packages/airflow/example_dags/example_task_group_decorator.py for tasks to queue
[2023-03-08T12:00:29.901+0000] {logging_mixin.py:137} INFO - [2023-03-08T12:00:29.900+0000] {dagbag.py:538} INFO - Filling up the DagBag from /home/airflow/.local/lib/python3.7/site-packages/airflow/example_dags/example_task_group_decorator.py
[2023-03-08T12:00:29.936+0000] {processor.py:753} INFO - DAG(s) dict_keys(['example_task_group_decorator']) retrieved from /home/airflow/.local/lib/python3.7/site-packages/airflow/example_dags/example_task_group_decorator.py
[2023-03-08T12:00:29.974+0000] {logging_mixin.py:137} INFO - [2023-03-08T12:00:29.973+0000] {dag.py:2690} INFO - Sync 1 DAGs
[2023-03-08T12:00:30.004+0000] {logging_mixin.py:137} INFO - [2023-03-08T12:00:30.004+0000] {dag.py:3441} INFO - Setting next_dagrun for example_task_group_decorator to 2023-03-07T12:00:30.004372+00:00, run_after=2023-03-08T12:00:30.004372+00:00
[2023-03-08T12:00:30.030+0000] {processor.py:175} INFO - Processing /home/airflow/.local/lib/python3.7/site-packages/airflow/example_dags/example_task_group_decorator.py took 0.141 seconds
[2023-03-08T12:01:01.137+0000] {processor.py:153} INFO - Started process (PID=12817) to work on /home/airflow/.local/lib/python3.7/site-packages/airflow/example_dags/example_task_group_decorator.py
[2023-03-08T12:01:01.144+0000] {processor.py:743} INFO - Processing file /home/airflow/.local/lib/python3.7/site-packages/airflow/example_dags/example_task_group_decorator.py for tasks to queue
[2023-03-08T12:01:01.149+0000] {logging_mixin.py:137} INFO - [2023-03-08T12:01:01.148+0000] {dagbag.py:538} INFO - Filling up the DagBag from /home/airflow/.local/lib/python3.7/site-packages/airflow/example_dags/example_task_group_decorator.py
[2023-03-08T12:01:01.247+0000] {processor.py:753} INFO - DAG(s) dict_keys(['example_task_group_decorator']) retrieved from /home/airflow/.local/lib/python3.7/site-packages/airflow/example_dags/example_task_group_decorator.py
[2023-03-08T12:01:01.325+0000] {logging_mixin.py:137} INFO - [2023-03-08T12:01:01.325+0000] {dag.py:2690} INFO - Sync 1 DAGs
[2023-03-08T12:01:01.409+0000] {logging_mixin.py:137} INFO - [2023-03-08T12:01:01.409+0000] {dag.py:3441} INFO - Setting next_dagrun for example_task_group_decorator to 2023-03-07T12:01:01.408845+00:00, run_after=2023-03-08T12:01:01.408845+00:00
[2023-03-08T12:01:01.466+0000] {processor.py:175} INFO - Processing /home/airflow/.local/lib/python3.7/site-packages/airflow/example_dags/example_task_group_decorator.py took 0.340 seconds
[2023-03-08T12:01:32.105+0000] {processor.py:153} INFO - Started process (PID=12877) to work on /home/airflow/.local/lib/python3.7/site-packages/airflow/example_dags/example_task_group_decorator.py
[2023-03-08T12:01:32.107+0000] {processor.py:743} INFO - Processing file /home/airflow/.local/lib/python3.7/site-packages/airflow/example_dags/example_task_group_decorator.py for tasks to queue
[2023-03-08T12:01:32.109+0000] {logging_mixin.py:137} INFO - [2023-03-08T12:01:32.109+0000] {dagbag.py:538} INFO - Filling up the DagBag from /home/airflow/.local/lib/python3.7/site-packages/airflow/example_dags/example_task_group_decorator.py
[2023-03-08T12:01:32.152+0000] {processor.py:753} INFO - DAG(s) dict_keys(['example_task_group_decorator']) retrieved from /home/airflow/.local/lib/python3.7/site-packages/airflow/example_dags/example_task_group_decorator.py
[2023-03-08T12:01:32.187+0000] {logging_mixin.py:137} INFO - [2023-03-08T12:01:32.187+0000] {dag.py:2690} INFO - Sync 1 DAGs
[2023-03-08T12:01:32.219+0000] {logging_mixin.py:137} INFO - [2023-03-08T12:01:32.219+0000] {dag.py:3441} INFO - Setting next_dagrun for example_task_group_decorator to 2023-03-07T12:01:32.218934+00:00, run_after=2023-03-08T12:01:32.218934+00:00
[2023-03-08T12:01:32.252+0000] {processor.py:175} INFO - Processing /home/airflow/.local/lib/python3.7/site-packages/airflow/example_dags/example_task_group_decorator.py took 0.151 seconds
[2023-03-08T12:02:02.889+0000] {processor.py:153} INFO - Started process (PID=12935) to work on /home/airflow/.local/lib/python3.7/site-packages/airflow/example_dags/example_task_group_decorator.py
[2023-03-08T12:02:02.896+0000] {processor.py:743} INFO - Processing file /home/airflow/.local/lib/python3.7/site-packages/airflow/example_dags/example_task_group_decorator.py for tasks to queue
[2023-03-08T12:02:02.902+0000] {logging_mixin.py:137} INFO - [2023-03-08T12:02:02.901+0000] {dagbag.py:538} INFO - Filling up the DagBag from /home/airflow/.local/lib/python3.7/site-packages/airflow/example_dags/example_task_group_decorator.py
[2023-03-08T12:02:03.006+0000] {processor.py:753} INFO - DAG(s) dict_keys(['example_task_group_decorator']) retrieved from /home/airflow/.local/lib/python3.7/site-packages/airflow/example_dags/example_task_group_decorator.py
[2023-03-08T12:02:03.077+0000] {logging_mixin.py:137} INFO - [2023-03-08T12:02:03.077+0000] {dag.py:2690} INFO - Sync 1 DAGs
[2023-03-08T12:02:03.110+0000] {logging_mixin.py:137} INFO - [2023-03-08T12:02:03.110+0000] {dag.py:3441} INFO - Setting next_dagrun for example_task_group_decorator to 2023-03-07T12:02:03.110347+00:00, run_after=2023-03-08T12:02:03.110347+00:00
[2023-03-08T12:02:03.159+0000] {processor.py:175} INFO - Processing /home/airflow/.local/lib/python3.7/site-packages/airflow/example_dags/example_task_group_decorator.py took 0.282 seconds
[2023-03-08T12:02:33.803+0000] {processor.py:153} INFO - Started process (PID=13002) to work on /home/airflow/.local/lib/python3.7/site-packages/airflow/example_dags/example_task_group_decorator.py
[2023-03-08T12:02:33.807+0000] {processor.py:743} INFO - Processing file /home/airflow/.local/lib/python3.7/site-packages/airflow/example_dags/example_task_group_decorator.py for tasks to queue
[2023-03-08T12:02:33.811+0000] {logging_mixin.py:137} INFO - [2023-03-08T12:02:33.810+0000] {dagbag.py:538} INFO - Filling up the DagBag from /home/airflow/.local/lib/python3.7/site-packages/airflow/example_dags/example_task_group_decorator.py
[2023-03-08T12:02:33.897+0000] {processor.py:753} INFO - DAG(s) dict_keys(['example_task_group_decorator']) retrieved from /home/airflow/.local/lib/python3.7/site-packages/airflow/example_dags/example_task_group_decorator.py
[2023-03-08T12:02:33.963+0000] {logging_mixin.py:137} INFO - [2023-03-08T12:02:33.963+0000] {dag.py:2690} INFO - Sync 1 DAGs
[2023-03-08T12:02:34.019+0000] {logging_mixin.py:137} INFO - [2023-03-08T12:02:34.019+0000] {dag.py:3441} INFO - Setting next_dagrun for example_task_group_decorator to 2023-03-07T12:02:34.018551+00:00, run_after=2023-03-08T12:02:34.018551+00:00
[2023-03-08T12:02:34.059+0000] {processor.py:175} INFO - Processing /home/airflow/.local/lib/python3.7/site-packages/airflow/example_dags/example_task_group_decorator.py took 0.267 seconds
[2023-03-08T12:03:04.233+0000] {processor.py:153} INFO - Started process (PID=13062) to work on /home/airflow/.local/lib/python3.7/site-packages/airflow/example_dags/example_task_group_decorator.py
[2023-03-08T12:03:04.238+0000] {processor.py:743} INFO - Processing file /home/airflow/.local/lib/python3.7/site-packages/airflow/example_dags/example_task_group_decorator.py for tasks to queue
[2023-03-08T12:03:04.251+0000] {logging_mixin.py:137} INFO - [2023-03-08T12:03:04.250+0000] {dagbag.py:538} INFO - Filling up the DagBag from /home/airflow/.local/lib/python3.7/site-packages/airflow/example_dags/example_task_group_decorator.py
[2023-03-08T12:03:04.346+0000] {processor.py:753} INFO - DAG(s) dict_keys(['example_task_group_decorator']) retrieved from /home/airflow/.local/lib/python3.7/site-packages/airflow/example_dags/example_task_group_decorator.py
[2023-03-08T12:03:04.456+0000] {logging_mixin.py:137} INFO - [2023-03-08T12:03:04.456+0000] {dag.py:2690} INFO - Sync 1 DAGs
[2023-03-08T12:03:04.523+0000] {logging_mixin.py:137} INFO - [2023-03-08T12:03:04.523+0000] {dag.py:3441} INFO - Setting next_dagrun for example_task_group_decorator to 2023-03-07T12:03:04.522689+00:00, run_after=2023-03-08T12:03:04.522689+00:00
[2023-03-08T12:03:04.591+0000] {processor.py:175} INFO - Processing /home/airflow/.local/lib/python3.7/site-packages/airflow/example_dags/example_task_group_decorator.py took 0.365 seconds
[2023-03-08T12:03:35.215+0000] {processor.py:153} INFO - Started process (PID=13121) to work on /home/airflow/.local/lib/python3.7/site-packages/airflow/example_dags/example_task_group_decorator.py
[2023-03-08T12:03:35.218+0000] {processor.py:743} INFO - Processing file /home/airflow/.local/lib/python3.7/site-packages/airflow/example_dags/example_task_group_decorator.py for tasks to queue
[2023-03-08T12:03:35.222+0000] {logging_mixin.py:137} INFO - [2023-03-08T12:03:35.221+0000] {dagbag.py:538} INFO - Filling up the DagBag from /home/airflow/.local/lib/python3.7/site-packages/airflow/example_dags/example_task_group_decorator.py
[2023-03-08T12:03:35.269+0000] {processor.py:753} INFO - DAG(s) dict_keys(['example_task_group_decorator']) retrieved from /home/airflow/.local/lib/python3.7/site-packages/airflow/example_dags/example_task_group_decorator.py
[2023-03-08T12:03:35.310+0000] {logging_mixin.py:137} INFO - [2023-03-08T12:03:35.310+0000] {dag.py:2690} INFO - Sync 1 DAGs
[2023-03-08T12:03:35.342+0000] {logging_mixin.py:137} INFO - [2023-03-08T12:03:35.342+0000] {dag.py:3441} INFO - Setting next_dagrun for example_task_group_decorator to 2023-03-07T12:03:35.341667+00:00, run_after=2023-03-08T12:03:35.341667+00:00
[2023-03-08T12:03:35.370+0000] {processor.py:175} INFO - Processing /home/airflow/.local/lib/python3.7/site-packages/airflow/example_dags/example_task_group_decorator.py took 0.163 seconds
[2023-03-08T12:04:05.680+0000] {processor.py:153} INFO - Started process (PID=13188) to work on /home/airflow/.local/lib/python3.7/site-packages/airflow/example_dags/example_task_group_decorator.py
[2023-03-08T12:04:05.684+0000] {processor.py:743} INFO - Processing file /home/airflow/.local/lib/python3.7/site-packages/airflow/example_dags/example_task_group_decorator.py for tasks to queue
[2023-03-08T12:04:05.690+0000] {logging_mixin.py:137} INFO - [2023-03-08T12:04:05.689+0000] {dagbag.py:538} INFO - Filling up the DagBag from /home/airflow/.local/lib/python3.7/site-packages/airflow/example_dags/example_task_group_decorator.py
[2023-03-08T12:04:05.763+0000] {processor.py:753} INFO - DAG(s) dict_keys(['example_task_group_decorator']) retrieved from /home/airflow/.local/lib/python3.7/site-packages/airflow/example_dags/example_task_group_decorator.py
[2023-03-08T12:04:05.807+0000] {logging_mixin.py:137} INFO - [2023-03-08T12:04:05.807+0000] {dag.py:2690} INFO - Sync 1 DAGs
[2023-03-08T12:04:05.843+0000] {logging_mixin.py:137} INFO - [2023-03-08T12:04:05.843+0000] {dag.py:3441} INFO - Setting next_dagrun for example_task_group_decorator to 2023-03-07T12:04:05.843264+00:00, run_after=2023-03-08T12:04:05.843264+00:00
[2023-03-08T12:04:05.892+0000] {processor.py:175} INFO - Processing /home/airflow/.local/lib/python3.7/site-packages/airflow/example_dags/example_task_group_decorator.py took 0.224 seconds
[2023-03-08T12:04:36.023+0000] {processor.py:153} INFO - Started process (PID=13247) to work on /home/airflow/.local/lib/python3.7/site-packages/airflow/example_dags/example_task_group_decorator.py
[2023-03-08T12:04:36.026+0000] {processor.py:743} INFO - Processing file /home/airflow/.local/lib/python3.7/site-packages/airflow/example_dags/example_task_group_decorator.py for tasks to queue
[2023-03-08T12:04:36.028+0000] {logging_mixin.py:137} INFO - [2023-03-08T12:04:36.028+0000] {dagbag.py:538} INFO - Filling up the DagBag from /home/airflow/.local/lib/python3.7/site-packages/airflow/example_dags/example_task_group_decorator.py
[2023-03-08T12:04:36.064+0000] {processor.py:753} INFO - DAG(s) dict_keys(['example_task_group_decorator']) retrieved from /home/airflow/.local/lib/python3.7/site-packages/airflow/example_dags/example_task_group_decorator.py
[2023-03-08T12:04:36.108+0000] {logging_mixin.py:137} INFO - [2023-03-08T12:04:36.108+0000] {dag.py:2690} INFO - Sync 1 DAGs
[2023-03-08T12:04:36.135+0000] {logging_mixin.py:137} INFO - [2023-03-08T12:04:36.134+0000] {dag.py:3441} INFO - Setting next_dagrun for example_task_group_decorator to 2023-03-07T12:04:36.134588+00:00, run_after=2023-03-08T12:04:36.134588+00:00
[2023-03-08T12:04:36.164+0000] {processor.py:175} INFO - Processing /home/airflow/.local/lib/python3.7/site-packages/airflow/example_dags/example_task_group_decorator.py took 0.147 seconds
[2023-03-08T12:05:06.738+0000] {processor.py:153} INFO - Started process (PID=13315) to work on /home/airflow/.local/lib/python3.7/site-packages/airflow/example_dags/example_task_group_decorator.py
[2023-03-08T12:05:06.746+0000] {processor.py:743} INFO - Processing file /home/airflow/.local/lib/python3.7/site-packages/airflow/example_dags/example_task_group_decorator.py for tasks to queue
[2023-03-08T12:05:06.749+0000] {logging_mixin.py:137} INFO - [2023-03-08T12:05:06.749+0000] {dagbag.py:538} INFO - Filling up the DagBag from /home/airflow/.local/lib/python3.7/site-packages/airflow/example_dags/example_task_group_decorator.py
[2023-03-08T12:05:06.798+0000] {processor.py:753} INFO - DAG(s) dict_keys(['example_task_group_decorator']) retrieved from /home/airflow/.local/lib/python3.7/site-packages/airflow/example_dags/example_task_group_decorator.py
[2023-03-08T12:05:06.864+0000] {logging_mixin.py:137} INFO - [2023-03-08T12:05:06.864+0000] {dag.py:2690} INFO - Sync 1 DAGs
[2023-03-08T12:05:06.917+0000] {logging_mixin.py:137} INFO - [2023-03-08T12:05:06.916+0000] {dag.py:3441} INFO - Setting next_dagrun for example_task_group_decorator to 2023-03-07T12:05:06.916453+00:00, run_after=2023-03-08T12:05:06.916453+00:00
[2023-03-08T12:05:06.971+0000] {processor.py:175} INFO - Processing /home/airflow/.local/lib/python3.7/site-packages/airflow/example_dags/example_task_group_decorator.py took 0.242 seconds
[2023-03-08T12:05:37.440+0000] {processor.py:153} INFO - Started process (PID=13374) to work on /home/airflow/.local/lib/python3.7/site-packages/airflow/example_dags/example_task_group_decorator.py
[2023-03-08T12:05:37.443+0000] {processor.py:743} INFO - Processing file /home/airflow/.local/lib/python3.7/site-packages/airflow/example_dags/example_task_group_decorator.py for tasks to queue
[2023-03-08T12:05:37.447+0000] {logging_mixin.py:137} INFO - [2023-03-08T12:05:37.447+0000] {dagbag.py:538} INFO - Filling up the DagBag from /home/airflow/.local/lib/python3.7/site-packages/airflow/example_dags/example_task_group_decorator.py
[2023-03-08T12:05:37.511+0000] {processor.py:753} INFO - DAG(s) dict_keys(['example_task_group_decorator']) retrieved from /home/airflow/.local/lib/python3.7/site-packages/airflow/example_dags/example_task_group_decorator.py
[2023-03-08T12:05:37.559+0000] {logging_mixin.py:137} INFO - [2023-03-08T12:05:37.558+0000] {dag.py:2690} INFO - Sync 1 DAGs
[2023-03-08T12:05:37.602+0000] {logging_mixin.py:137} INFO - [2023-03-08T12:05:37.601+0000] {dag.py:3441} INFO - Setting next_dagrun for example_task_group_decorator to 2023-03-07T12:05:37.601496+00:00, run_after=2023-03-08T12:05:37.601496+00:00
[2023-03-08T12:05:37.650+0000] {processor.py:175} INFO - Processing /home/airflow/.local/lib/python3.7/site-packages/airflow/example_dags/example_task_group_decorator.py took 0.222 seconds
[2023-03-08T12:06:08.321+0000] {processor.py:153} INFO - Started process (PID=13432) to work on /home/airflow/.local/lib/python3.7/site-packages/airflow/example_dags/example_task_group_decorator.py
[2023-03-08T12:06:08.324+0000] {processor.py:743} INFO - Processing file /home/airflow/.local/lib/python3.7/site-packages/airflow/example_dags/example_task_group_decorator.py for tasks to queue
[2023-03-08T12:06:08.326+0000] {logging_mixin.py:137} INFO - [2023-03-08T12:06:08.326+0000] {dagbag.py:538} INFO - Filling up the DagBag from /home/airflow/.local/lib/python3.7/site-packages/airflow/example_dags/example_task_group_decorator.py
[2023-03-08T12:06:08.358+0000] {processor.py:753} INFO - DAG(s) dict_keys(['example_task_group_decorator']) retrieved from /home/airflow/.local/lib/python3.7/site-packages/airflow/example_dags/example_task_group_decorator.py
[2023-03-08T12:06:08.393+0000] {logging_mixin.py:137} INFO - [2023-03-08T12:06:08.393+0000] {dag.py:2690} INFO - Sync 1 DAGs
[2023-03-08T12:06:08.420+0000] {logging_mixin.py:137} INFO - [2023-03-08T12:06:08.420+0000] {dag.py:3441} INFO - Setting next_dagrun for example_task_group_decorator to 2023-03-07T12:06:08.419884+00:00, run_after=2023-03-08T12:06:08.419884+00:00
[2023-03-08T12:06:08.448+0000] {processor.py:175} INFO - Processing /home/airflow/.local/lib/python3.7/site-packages/airflow/example_dags/example_task_group_decorator.py took 0.132 seconds
[2023-03-08T12:06:39.564+0000] {processor.py:153} INFO - Started process (PID=13497) to work on /home/airflow/.local/lib/python3.7/site-packages/airflow/example_dags/example_task_group_decorator.py
[2023-03-08T12:06:39.567+0000] {processor.py:743} INFO - Processing file /home/airflow/.local/lib/python3.7/site-packages/airflow/example_dags/example_task_group_decorator.py for tasks to queue
[2023-03-08T12:06:39.572+0000] {logging_mixin.py:137} INFO - [2023-03-08T12:06:39.571+0000] {dagbag.py:538} INFO - Filling up the DagBag from /home/airflow/.local/lib/python3.7/site-packages/airflow/example_dags/example_task_group_decorator.py
[2023-03-08T12:06:39.664+0000] {processor.py:753} INFO - DAG(s) dict_keys(['example_task_group_decorator']) retrieved from /home/airflow/.local/lib/python3.7/site-packages/airflow/example_dags/example_task_group_decorator.py
[2023-03-08T12:06:39.726+0000] {logging_mixin.py:137} INFO - [2023-03-08T12:06:39.726+0000] {dag.py:2690} INFO - Sync 1 DAGs
[2023-03-08T12:06:39.774+0000] {logging_mixin.py:137} INFO - [2023-03-08T12:06:39.774+0000] {dag.py:3441} INFO - Setting next_dagrun for example_task_group_decorator to 2023-03-07T12:06:39.774172+00:00, run_after=2023-03-08T12:06:39.774172+00:00
[2023-03-08T12:06:39.814+0000] {processor.py:175} INFO - Processing /home/airflow/.local/lib/python3.7/site-packages/airflow/example_dags/example_task_group_decorator.py took 0.260 seconds
[2023-03-08T12:07:10.411+0000] {processor.py:153} INFO - Started process (PID=13556) to work on /home/airflow/.local/lib/python3.7/site-packages/airflow/example_dags/example_task_group_decorator.py
[2023-03-08T12:07:10.415+0000] {processor.py:743} INFO - Processing file /home/airflow/.local/lib/python3.7/site-packages/airflow/example_dags/example_task_group_decorator.py for tasks to queue
[2023-03-08T12:07:10.417+0000] {logging_mixin.py:137} INFO - [2023-03-08T12:07:10.417+0000] {dagbag.py:538} INFO - Filling up the DagBag from /home/airflow/.local/lib/python3.7/site-packages/airflow/example_dags/example_task_group_decorator.py
[2023-03-08T12:07:10.474+0000] {processor.py:753} INFO - DAG(s) dict_keys(['example_task_group_decorator']) retrieved from /home/airflow/.local/lib/python3.7/site-packages/airflow/example_dags/example_task_group_decorator.py
[2023-03-08T12:07:10.529+0000] {logging_mixin.py:137} INFO - [2023-03-08T12:07:10.528+0000] {dag.py:2690} INFO - Sync 1 DAGs
[2023-03-08T12:07:10.598+0000] {logging_mixin.py:137} INFO - [2023-03-08T12:07:10.598+0000] {dag.py:3441} INFO - Setting next_dagrun for example_task_group_decorator to 2023-03-07T12:07:10.597992+00:00, run_after=2023-03-08T12:07:10.597992+00:00
[2023-03-08T12:07:10.659+0000] {processor.py:175} INFO - Processing /home/airflow/.local/lib/python3.7/site-packages/airflow/example_dags/example_task_group_decorator.py took 0.256 seconds
[2023-03-08T12:07:41.224+0000] {processor.py:153} INFO - Started process (PID=13615) to work on /home/airflow/.local/lib/python3.7/site-packages/airflow/example_dags/example_task_group_decorator.py
[2023-03-08T12:07:41.237+0000] {processor.py:743} INFO - Processing file /home/airflow/.local/lib/python3.7/site-packages/airflow/example_dags/example_task_group_decorator.py for tasks to queue
[2023-03-08T12:07:41.240+0000] {logging_mixin.py:137} INFO - [2023-03-08T12:07:41.240+0000] {dagbag.py:538} INFO - Filling up the DagBag from /home/airflow/.local/lib/python3.7/site-packages/airflow/example_dags/example_task_group_decorator.py
[2023-03-08T12:07:41.324+0000] {processor.py:753} INFO - DAG(s) dict_keys(['example_task_group_decorator']) retrieved from /home/airflow/.local/lib/python3.7/site-packages/airflow/example_dags/example_task_group_decorator.py
[2023-03-08T12:07:41.389+0000] {logging_mixin.py:137} INFO - [2023-03-08T12:07:41.389+0000] {dag.py:2690} INFO - Sync 1 DAGs
[2023-03-08T12:07:41.425+0000] {logging_mixin.py:137} INFO - [2023-03-08T12:07:41.424+0000] {dag.py:3441} INFO - Setting next_dagrun for example_task_group_decorator to 2023-03-07T12:07:41.424255+00:00, run_after=2023-03-08T12:07:41.424255+00:00
[2023-03-08T12:07:41.457+0000] {processor.py:175} INFO - Processing /home/airflow/.local/lib/python3.7/site-packages/airflow/example_dags/example_task_group_decorator.py took 0.238 seconds
[2023-03-08T12:08:11.960+0000] {processor.py:153} INFO - Started process (PID=13673) to work on /home/airflow/.local/lib/python3.7/site-packages/airflow/example_dags/example_task_group_decorator.py
[2023-03-08T12:08:11.962+0000] {processor.py:743} INFO - Processing file /home/airflow/.local/lib/python3.7/site-packages/airflow/example_dags/example_task_group_decorator.py for tasks to queue
[2023-03-08T12:08:11.965+0000] {logging_mixin.py:137} INFO - [2023-03-08T12:08:11.965+0000] {dagbag.py:538} INFO - Filling up the DagBag from /home/airflow/.local/lib/python3.7/site-packages/airflow/example_dags/example_task_group_decorator.py
[2023-03-08T12:08:11.999+0000] {processor.py:753} INFO - DAG(s) dict_keys(['example_task_group_decorator']) retrieved from /home/airflow/.local/lib/python3.7/site-packages/airflow/example_dags/example_task_group_decorator.py
[2023-03-08T12:08:12.036+0000] {logging_mixin.py:137} INFO - [2023-03-08T12:08:12.036+0000] {dag.py:2690} INFO - Sync 1 DAGs
[2023-03-08T12:08:12.064+0000] {logging_mixin.py:137} INFO - [2023-03-08T12:08:12.064+0000] {dag.py:3441} INFO - Setting next_dagrun for example_task_group_decorator to 2023-03-07T12:08:12.064370+00:00, run_after=2023-03-08T12:08:12.064370+00:00
[2023-03-08T12:08:12.091+0000] {processor.py:175} INFO - Processing /home/airflow/.local/lib/python3.7/site-packages/airflow/example_dags/example_task_group_decorator.py took 0.136 seconds
[2023-03-08T12:08:42.595+0000] {processor.py:153} INFO - Started process (PID=13732) to work on /home/airflow/.local/lib/python3.7/site-packages/airflow/example_dags/example_task_group_decorator.py
[2023-03-08T12:08:42.598+0000] {processor.py:743} INFO - Processing file /home/airflow/.local/lib/python3.7/site-packages/airflow/example_dags/example_task_group_decorator.py for tasks to queue
[2023-03-08T12:08:42.600+0000] {logging_mixin.py:137} INFO - [2023-03-08T12:08:42.600+0000] {dagbag.py:538} INFO - Filling up the DagBag from /home/airflow/.local/lib/python3.7/site-packages/airflow/example_dags/example_task_group_decorator.py
[2023-03-08T12:08:42.707+0000] {processor.py:753} INFO - DAG(s) dict_keys(['example_task_group_decorator']) retrieved from /home/airflow/.local/lib/python3.7/site-packages/airflow/example_dags/example_task_group_decorator.py
[2023-03-08T12:08:42.774+0000] {logging_mixin.py:137} INFO - [2023-03-08T12:08:42.773+0000] {dag.py:2690} INFO - Sync 1 DAGs
[2023-03-08T12:08:42.866+0000] {logging_mixin.py:137} INFO - [2023-03-08T12:08:42.864+0000] {dag.py:3441} INFO - Setting next_dagrun for example_task_group_decorator to 2023-03-07T12:08:42.863542+00:00, run_after=2023-03-08T12:08:42.863542+00:00
[2023-03-08T12:08:42.949+0000] {processor.py:175} INFO - Processing /home/airflow/.local/lib/python3.7/site-packages/airflow/example_dags/example_task_group_decorator.py took 0.375 seconds
[2023-03-08T12:09:13.397+0000] {processor.py:153} INFO - Started process (PID=13801) to work on /home/airflow/.local/lib/python3.7/site-packages/airflow/example_dags/example_task_group_decorator.py
[2023-03-08T12:09:13.399+0000] {processor.py:743} INFO - Processing file /home/airflow/.local/lib/python3.7/site-packages/airflow/example_dags/example_task_group_decorator.py for tasks to queue
[2023-03-08T12:09:13.401+0000] {logging_mixin.py:137} INFO - [2023-03-08T12:09:13.400+0000] {dagbag.py:538} INFO - Filling up the DagBag from /home/airflow/.local/lib/python3.7/site-packages/airflow/example_dags/example_task_group_decorator.py
[2023-03-08T12:09:13.460+0000] {processor.py:753} INFO - DAG(s) dict_keys(['example_task_group_decorator']) retrieved from /home/airflow/.local/lib/python3.7/site-packages/airflow/example_dags/example_task_group_decorator.py
[2023-03-08T12:09:13.532+0000] {logging_mixin.py:137} INFO - [2023-03-08T12:09:13.532+0000] {dag.py:2690} INFO - Sync 1 DAGs
[2023-03-08T12:09:13.589+0000] {logging_mixin.py:137} INFO - [2023-03-08T12:09:13.588+0000] {dag.py:3441} INFO - Setting next_dagrun for example_task_group_decorator to 2023-03-07T12:09:13.588583+00:00, run_after=2023-03-08T12:09:13.588583+00:00
[2023-03-08T12:09:13.647+0000] {processor.py:175} INFO - Processing /home/airflow/.local/lib/python3.7/site-packages/airflow/example_dags/example_task_group_decorator.py took 0.268 seconds
[2023-03-08T12:09:43.771+0000] {processor.py:153} INFO - Started process (PID=13859) to work on /home/airflow/.local/lib/python3.7/site-packages/airflow/example_dags/example_task_group_decorator.py
[2023-03-08T12:09:43.778+0000] {processor.py:743} INFO - Processing file /home/airflow/.local/lib/python3.7/site-packages/airflow/example_dags/example_task_group_decorator.py for tasks to queue
[2023-03-08T12:09:43.786+0000] {logging_mixin.py:137} INFO - [2023-03-08T12:09:43.785+0000] {dagbag.py:538} INFO - Filling up the DagBag from /home/airflow/.local/lib/python3.7/site-packages/airflow/example_dags/example_task_group_decorator.py
[2023-03-08T12:09:43.880+0000] {processor.py:753} INFO - DAG(s) dict_keys(['example_task_group_decorator']) retrieved from /home/airflow/.local/lib/python3.7/site-packages/airflow/example_dags/example_task_group_decorator.py
[2023-03-08T12:09:43.940+0000] {logging_mixin.py:137} INFO - [2023-03-08T12:09:43.940+0000] {dag.py:2690} INFO - Sync 1 DAGs
[2023-03-08T12:09:43.973+0000] {logging_mixin.py:137} INFO - [2023-03-08T12:09:43.972+0000] {dag.py:3441} INFO - Setting next_dagrun for example_task_group_decorator to 2023-03-07T12:09:43.972562+00:00, run_after=2023-03-08T12:09:43.972562+00:00
[2023-03-08T12:09:44.007+0000] {processor.py:175} INFO - Processing /home/airflow/.local/lib/python3.7/site-packages/airflow/example_dags/example_task_group_decorator.py took 0.260 seconds
[2023-03-08T12:10:14.096+0000] {processor.py:153} INFO - Started process (PID=13918) to work on /home/airflow/.local/lib/python3.7/site-packages/airflow/example_dags/example_task_group_decorator.py
[2023-03-08T12:10:14.113+0000] {processor.py:743} INFO - Processing file /home/airflow/.local/lib/python3.7/site-packages/airflow/example_dags/example_task_group_decorator.py for tasks to queue
[2023-03-08T12:10:14.116+0000] {logging_mixin.py:137} INFO - [2023-03-08T12:10:14.116+0000] {dagbag.py:538} INFO - Filling up the DagBag from /home/airflow/.local/lib/python3.7/site-packages/airflow/example_dags/example_task_group_decorator.py
[2023-03-08T12:10:14.219+0000] {processor.py:753} INFO - DAG(s) dict_keys(['example_task_group_decorator']) retrieved from /home/airflow/.local/lib/python3.7/site-packages/airflow/example_dags/example_task_group_decorator.py
[2023-03-08T12:10:14.267+0000] {logging_mixin.py:137} INFO - [2023-03-08T12:10:14.266+0000] {dag.py:2690} INFO - Sync 1 DAGs
[2023-03-08T12:10:14.315+0000] {logging_mixin.py:137} INFO - [2023-03-08T12:10:14.315+0000] {dag.py:3441} INFO - Setting next_dagrun for example_task_group_decorator to 2023-03-07T12:10:14.315073+00:00, run_after=2023-03-08T12:10:14.315073+00:00
[2023-03-08T12:10:14.365+0000] {processor.py:175} INFO - Processing /home/airflow/.local/lib/python3.7/site-packages/airflow/example_dags/example_task_group_decorator.py took 0.280 seconds
[2023-03-08T12:10:45.141+0000] {processor.py:153} INFO - Started process (PID=13987) to work on /home/airflow/.local/lib/python3.7/site-packages/airflow/example_dags/example_task_group_decorator.py
[2023-03-08T12:10:45.143+0000] {processor.py:743} INFO - Processing file /home/airflow/.local/lib/python3.7/site-packages/airflow/example_dags/example_task_group_decorator.py for tasks to queue
[2023-03-08T12:10:45.146+0000] {logging_mixin.py:137} INFO - [2023-03-08T12:10:45.146+0000] {dagbag.py:538} INFO - Filling up the DagBag from /home/airflow/.local/lib/python3.7/site-packages/airflow/example_dags/example_task_group_decorator.py
[2023-03-08T12:10:45.224+0000] {processor.py:753} INFO - DAG(s) dict_keys(['example_task_group_decorator']) retrieved from /home/airflow/.local/lib/python3.7/site-packages/airflow/example_dags/example_task_group_decorator.py
[2023-03-08T12:10:45.273+0000] {logging_mixin.py:137} INFO - [2023-03-08T12:10:45.273+0000] {dag.py:2690} INFO - Sync 1 DAGs
[2023-03-08T12:10:45.344+0000] {logging_mixin.py:137} INFO - [2023-03-08T12:10:45.344+0000] {dag.py:3441} INFO - Setting next_dagrun for example_task_group_decorator to 2023-03-07T12:10:45.343992+00:00, run_after=2023-03-08T12:10:45.343992+00:00
[2023-03-08T12:10:45.395+0000] {processor.py:175} INFO - Processing /home/airflow/.local/lib/python3.7/site-packages/airflow/example_dags/example_task_group_decorator.py took 0.266 seconds
[2023-03-08T12:11:15.825+0000] {processor.py:153} INFO - Started process (PID=14045) to work on /home/airflow/.local/lib/python3.7/site-packages/airflow/example_dags/example_task_group_decorator.py
[2023-03-08T12:11:15.835+0000] {processor.py:743} INFO - Processing file /home/airflow/.local/lib/python3.7/site-packages/airflow/example_dags/example_task_group_decorator.py for tasks to queue
[2023-03-08T12:11:15.842+0000] {logging_mixin.py:137} INFO - [2023-03-08T12:11:15.841+0000] {dagbag.py:538} INFO - Filling up the DagBag from /home/airflow/.local/lib/python3.7/site-packages/airflow/example_dags/example_task_group_decorator.py
[2023-03-08T12:11:15.935+0000] {processor.py:753} INFO - DAG(s) dict_keys(['example_task_group_decorator']) retrieved from /home/airflow/.local/lib/python3.7/site-packages/airflow/example_dags/example_task_group_decorator.py
[2023-03-08T12:11:16.016+0000] {logging_mixin.py:137} INFO - [2023-03-08T12:11:16.015+0000] {dag.py:2690} INFO - Sync 1 DAGs
[2023-03-08T12:11:16.080+0000] {logging_mixin.py:137} INFO - [2023-03-08T12:11:16.080+0000] {dag.py:3441} INFO - Setting next_dagrun for example_task_group_decorator to 2023-03-07T12:11:16.080086+00:00, run_after=2023-03-08T12:11:16.080086+00:00
[2023-03-08T12:11:16.130+0000] {processor.py:175} INFO - Processing /home/airflow/.local/lib/python3.7/site-packages/airflow/example_dags/example_task_group_decorator.py took 0.316 seconds
[2023-03-08T12:11:46.457+0000] {processor.py:153} INFO - Started process (PID=14114) to work on /home/airflow/.local/lib/python3.7/site-packages/airflow/example_dags/example_task_group_decorator.py
[2023-03-08T12:11:46.464+0000] {processor.py:743} INFO - Processing file /home/airflow/.local/lib/python3.7/site-packages/airflow/example_dags/example_task_group_decorator.py for tasks to queue
[2023-03-08T12:11:46.466+0000] {logging_mixin.py:137} INFO - [2023-03-08T12:11:46.466+0000] {dagbag.py:538} INFO - Filling up the DagBag from /home/airflow/.local/lib/python3.7/site-packages/airflow/example_dags/example_task_group_decorator.py
[2023-03-08T12:11:46.602+0000] {processor.py:753} INFO - DAG(s) dict_keys(['example_task_group_decorator']) retrieved from /home/airflow/.local/lib/python3.7/site-packages/airflow/example_dags/example_task_group_decorator.py
[2023-03-08T12:11:46.683+0000] {logging_mixin.py:137} INFO - [2023-03-08T12:11:46.683+0000] {dag.py:2690} INFO - Sync 1 DAGs
[2023-03-08T12:11:46.752+0000] {logging_mixin.py:137} INFO - [2023-03-08T12:11:46.752+0000] {dag.py:3441} INFO - Setting next_dagrun for example_task_group_decorator to 2023-03-07T12:11:46.749448+00:00, run_after=2023-03-08T12:11:46.749448+00:00
[2023-03-08T12:11:46.835+0000] {processor.py:175} INFO - Processing /home/airflow/.local/lib/python3.7/site-packages/airflow/example_dags/example_task_group_decorator.py took 0.392 seconds
[2023-03-08T12:12:17.442+0000] {processor.py:153} INFO - Started process (PID=14173) to work on /home/airflow/.local/lib/python3.7/site-packages/airflow/example_dags/example_task_group_decorator.py
[2023-03-08T12:12:17.444+0000] {processor.py:743} INFO - Processing file /home/airflow/.local/lib/python3.7/site-packages/airflow/example_dags/example_task_group_decorator.py for tasks to queue
[2023-03-08T12:12:17.447+0000] {logging_mixin.py:137} INFO - [2023-03-08T12:12:17.447+0000] {dagbag.py:538} INFO - Filling up the DagBag from /home/airflow/.local/lib/python3.7/site-packages/airflow/example_dags/example_task_group_decorator.py
[2023-03-08T12:12:17.503+0000] {processor.py:753} INFO - DAG(s) dict_keys(['example_task_group_decorator']) retrieved from /home/airflow/.local/lib/python3.7/site-packages/airflow/example_dags/example_task_group_decorator.py
[2023-03-08T12:12:17.548+0000] {logging_mixin.py:137} INFO - [2023-03-08T12:12:17.548+0000] {dag.py:2690} INFO - Sync 1 DAGs
[2023-03-08T12:12:17.587+0000] {logging_mixin.py:137} INFO - [2023-03-08T12:12:17.587+0000] {dag.py:3441} INFO - Setting next_dagrun for example_task_group_decorator to 2023-03-07T12:12:17.587101+00:00, run_after=2023-03-08T12:12:17.587101+00:00
[2023-03-08T12:12:17.617+0000] {processor.py:175} INFO - Processing /home/airflow/.local/lib/python3.7/site-packages/airflow/example_dags/example_task_group_decorator.py took 0.179 seconds
[2023-03-08T12:12:47.988+0000] {processor.py:153} INFO - Started process (PID=14231) to work on /home/airflow/.local/lib/python3.7/site-packages/airflow/example_dags/example_task_group_decorator.py
[2023-03-08T12:12:47.991+0000] {processor.py:743} INFO - Processing file /home/airflow/.local/lib/python3.7/site-packages/airflow/example_dags/example_task_group_decorator.py for tasks to queue
[2023-03-08T12:12:47.995+0000] {logging_mixin.py:137} INFO - [2023-03-08T12:12:47.994+0000] {dagbag.py:538} INFO - Filling up the DagBag from /home/airflow/.local/lib/python3.7/site-packages/airflow/example_dags/example_task_group_decorator.py
[2023-03-08T12:12:48.048+0000] {processor.py:753} INFO - DAG(s) dict_keys(['example_task_group_decorator']) retrieved from /home/airflow/.local/lib/python3.7/site-packages/airflow/example_dags/example_task_group_decorator.py
[2023-03-08T12:12:48.091+0000] {logging_mixin.py:137} INFO - [2023-03-08T12:12:48.091+0000] {dag.py:2690} INFO - Sync 1 DAGs
[2023-03-08T12:12:48.121+0000] {logging_mixin.py:137} INFO - [2023-03-08T12:12:48.121+0000] {dag.py:3441} INFO - Setting next_dagrun for example_task_group_decorator to 2023-03-07T12:12:48.121214+00:00, run_after=2023-03-08T12:12:48.121214+00:00
[2023-03-08T12:12:48.153+0000] {processor.py:175} INFO - Processing /home/airflow/.local/lib/python3.7/site-packages/airflow/example_dags/example_task_group_decorator.py took 0.170 seconds
[2023-03-08T12:13:19.062+0000] {processor.py:153} INFO - Started process (PID=14299) to work on /home/airflow/.local/lib/python3.7/site-packages/airflow/example_dags/example_task_group_decorator.py
[2023-03-08T12:13:19.064+0000] {processor.py:743} INFO - Processing file /home/airflow/.local/lib/python3.7/site-packages/airflow/example_dags/example_task_group_decorator.py for tasks to queue
[2023-03-08T12:13:19.068+0000] {logging_mixin.py:137} INFO - [2023-03-08T12:13:19.067+0000] {dagbag.py:538} INFO - Filling up the DagBag from /home/airflow/.local/lib/python3.7/site-packages/airflow/example_dags/example_task_group_decorator.py
[2023-03-08T12:13:19.110+0000] {processor.py:753} INFO - DAG(s) dict_keys(['example_task_group_decorator']) retrieved from /home/airflow/.local/lib/python3.7/site-packages/airflow/example_dags/example_task_group_decorator.py
[2023-03-08T12:13:19.152+0000] {logging_mixin.py:137} INFO - [2023-03-08T12:13:19.152+0000] {dag.py:2690} INFO - Sync 1 DAGs
[2023-03-08T12:13:19.183+0000] {logging_mixin.py:137} INFO - [2023-03-08T12:13:19.183+0000] {dag.py:3441} INFO - Setting next_dagrun for example_task_group_decorator to 2023-03-07T12:13:19.183345+00:00, run_after=2023-03-08T12:13:19.183345+00:00
[2023-03-08T12:13:19.217+0000] {processor.py:175} INFO - Processing /home/airflow/.local/lib/python3.7/site-packages/airflow/example_dags/example_task_group_decorator.py took 0.162 seconds
[2023-03-08T12:13:49.812+0000] {processor.py:153} INFO - Started process (PID=14359) to work on /home/airflow/.local/lib/python3.7/site-packages/airflow/example_dags/example_task_group_decorator.py
[2023-03-08T12:13:49.820+0000] {processor.py:743} INFO - Processing file /home/airflow/.local/lib/python3.7/site-packages/airflow/example_dags/example_task_group_decorator.py for tasks to queue
[2023-03-08T12:13:49.829+0000] {logging_mixin.py:137} INFO - [2023-03-08T12:13:49.827+0000] {dagbag.py:538} INFO - Filling up the DagBag from /home/airflow/.local/lib/python3.7/site-packages/airflow/example_dags/example_task_group_decorator.py
[2023-03-08T12:13:49.954+0000] {processor.py:753} INFO - DAG(s) dict_keys(['example_task_group_decorator']) retrieved from /home/airflow/.local/lib/python3.7/site-packages/airflow/example_dags/example_task_group_decorator.py
[2023-03-08T12:13:50.066+0000] {logging_mixin.py:137} INFO - [2023-03-08T12:13:50.065+0000] {dag.py:2690} INFO - Sync 1 DAGs
[2023-03-08T12:13:50.173+0000] {logging_mixin.py:137} INFO - [2023-03-08T12:13:50.173+0000] {dag.py:3441} INFO - Setting next_dagrun for example_task_group_decorator to 2023-03-07T12:13:50.173347+00:00, run_after=2023-03-08T12:13:50.173347+00:00
[2023-03-08T12:13:50.254+0000] {processor.py:175} INFO - Processing /home/airflow/.local/lib/python3.7/site-packages/airflow/example_dags/example_task_group_decorator.py took 0.461 seconds
[2023-03-08T12:14:22.309+0000] {processor.py:153} INFO - Started process (PID=14417) to work on /home/airflow/.local/lib/python3.7/site-packages/airflow/example_dags/example_task_group_decorator.py
[2023-03-08T12:14:22.322+0000] {processor.py:743} INFO - Processing file /home/airflow/.local/lib/python3.7/site-packages/airflow/example_dags/example_task_group_decorator.py for tasks to queue
[2023-03-08T12:14:22.325+0000] {logging_mixin.py:137} INFO - [2023-03-08T12:14:22.325+0000] {dagbag.py:538} INFO - Filling up the DagBag from /home/airflow/.local/lib/python3.7/site-packages/airflow/example_dags/example_task_group_decorator.py
[2023-03-08T12:14:22.627+0000] {processor.py:753} INFO - DAG(s) dict_keys(['example_task_group_decorator']) retrieved from /home/airflow/.local/lib/python3.7/site-packages/airflow/example_dags/example_task_group_decorator.py
[2023-03-08T12:14:22.904+0000] {logging_mixin.py:137} INFO - [2023-03-08T12:14:22.904+0000] {dag.py:2690} INFO - Sync 1 DAGs
[2023-03-08T12:14:23.066+0000] {logging_mixin.py:137} INFO - [2023-03-08T12:14:23.065+0000] {dag.py:3441} INFO - Setting next_dagrun for example_task_group_decorator to 2023-03-07T12:14:23.065509+00:00, run_after=2023-03-08T12:14:23.065509+00:00
[2023-03-08T12:14:23.192+0000] {processor.py:175} INFO - Processing /home/airflow/.local/lib/python3.7/site-packages/airflow/example_dags/example_task_group_decorator.py took 0.909 seconds
[2023-03-08T12:14:53.425+0000] {processor.py:153} INFO - Started process (PID=14476) to work on /home/airflow/.local/lib/python3.7/site-packages/airflow/example_dags/example_task_group_decorator.py
[2023-03-08T12:14:53.428+0000] {processor.py:743} INFO - Processing file /home/airflow/.local/lib/python3.7/site-packages/airflow/example_dags/example_task_group_decorator.py for tasks to queue
[2023-03-08T12:14:53.431+0000] {logging_mixin.py:137} INFO - [2023-03-08T12:14:53.431+0000] {dagbag.py:538} INFO - Filling up the DagBag from /home/airflow/.local/lib/python3.7/site-packages/airflow/example_dags/example_task_group_decorator.py
[2023-03-08T12:14:53.482+0000] {processor.py:753} INFO - DAG(s) dict_keys(['example_task_group_decorator']) retrieved from /home/airflow/.local/lib/python3.7/site-packages/airflow/example_dags/example_task_group_decorator.py
[2023-03-08T12:14:53.523+0000] {logging_mixin.py:137} INFO - [2023-03-08T12:14:53.523+0000] {dag.py:2690} INFO - Sync 1 DAGs
[2023-03-08T12:14:53.559+0000] {logging_mixin.py:137} INFO - [2023-03-08T12:14:53.559+0000] {dag.py:3441} INFO - Setting next_dagrun for example_task_group_decorator to 2023-03-07T12:14:53.558466+00:00, run_after=2023-03-08T12:14:53.558466+00:00
[2023-03-08T12:14:53.592+0000] {processor.py:175} INFO - Processing /home/airflow/.local/lib/python3.7/site-packages/airflow/example_dags/example_task_group_decorator.py took 0.173 seconds
[2023-03-08T12:15:23.922+0000] {processor.py:153} INFO - Started process (PID=14545) to work on /home/airflow/.local/lib/python3.7/site-packages/airflow/example_dags/example_task_group_decorator.py
[2023-03-08T12:15:23.929+0000] {processor.py:743} INFO - Processing file /home/airflow/.local/lib/python3.7/site-packages/airflow/example_dags/example_task_group_decorator.py for tasks to queue
[2023-03-08T12:15:23.934+0000] {logging_mixin.py:137} INFO - [2023-03-08T12:15:23.934+0000] {dagbag.py:538} INFO - Filling up the DagBag from /home/airflow/.local/lib/python3.7/site-packages/airflow/example_dags/example_task_group_decorator.py
[2023-03-08T12:15:24.018+0000] {processor.py:753} INFO - DAG(s) dict_keys(['example_task_group_decorator']) retrieved from /home/airflow/.local/lib/python3.7/site-packages/airflow/example_dags/example_task_group_decorator.py
[2023-03-08T12:15:24.098+0000] {logging_mixin.py:137} INFO - [2023-03-08T12:15:24.098+0000] {dag.py:2690} INFO - Sync 1 DAGs
[2023-03-08T12:15:24.151+0000] {logging_mixin.py:137} INFO - [2023-03-08T12:15:24.150+0000] {dag.py:3441} INFO - Setting next_dagrun for example_task_group_decorator to 2023-03-07T12:15:24.150472+00:00, run_after=2023-03-08T12:15:24.150472+00:00
[2023-03-08T12:15:24.203+0000] {processor.py:175} INFO - Processing /home/airflow/.local/lib/python3.7/site-packages/airflow/example_dags/example_task_group_decorator.py took 0.316 seconds
[2023-03-08T12:15:55.130+0000] {processor.py:153} INFO - Started process (PID=14604) to work on /home/airflow/.local/lib/python3.7/site-packages/airflow/example_dags/example_task_group_decorator.py
[2023-03-08T12:15:55.138+0000] {processor.py:743} INFO - Processing file /home/airflow/.local/lib/python3.7/site-packages/airflow/example_dags/example_task_group_decorator.py for tasks to queue
[2023-03-08T12:15:55.146+0000] {logging_mixin.py:137} INFO - [2023-03-08T12:15:55.144+0000] {dagbag.py:538} INFO - Filling up the DagBag from /home/airflow/.local/lib/python3.7/site-packages/airflow/example_dags/example_task_group_decorator.py
[2023-03-08T12:15:55.296+0000] {processor.py:753} INFO - DAG(s) dict_keys(['example_task_group_decorator']) retrieved from /home/airflow/.local/lib/python3.7/site-packages/airflow/example_dags/example_task_group_decorator.py
[2023-03-08T12:15:55.434+0000] {logging_mixin.py:137} INFO - [2023-03-08T12:15:55.434+0000] {dag.py:2690} INFO - Sync 1 DAGs
[2023-03-08T12:15:55.571+0000] {logging_mixin.py:137} INFO - [2023-03-08T12:15:55.565+0000] {dag.py:3441} INFO - Setting next_dagrun for example_task_group_decorator to 2023-03-07T12:15:55.565298+00:00, run_after=2023-03-08T12:15:55.565298+00:00
[2023-03-08T12:15:55.697+0000] {processor.py:175} INFO - Processing /home/airflow/.local/lib/python3.7/site-packages/airflow/example_dags/example_task_group_decorator.py took 0.586 seconds
[2023-03-08T12:16:26.250+0000] {processor.py:153} INFO - Started process (PID=14673) to work on /home/airflow/.local/lib/python3.7/site-packages/airflow/example_dags/example_task_group_decorator.py
[2023-03-08T12:16:26.253+0000] {processor.py:743} INFO - Processing file /home/airflow/.local/lib/python3.7/site-packages/airflow/example_dags/example_task_group_decorator.py for tasks to queue
[2023-03-08T12:16:26.258+0000] {logging_mixin.py:137} INFO - [2023-03-08T12:16:26.257+0000] {dagbag.py:538} INFO - Filling up the DagBag from /home/airflow/.local/lib/python3.7/site-packages/airflow/example_dags/example_task_group_decorator.py
[2023-03-08T12:16:26.322+0000] {processor.py:753} INFO - DAG(s) dict_keys(['example_task_group_decorator']) retrieved from /home/airflow/.local/lib/python3.7/site-packages/airflow/example_dags/example_task_group_decorator.py
[2023-03-08T12:16:26.378+0000] {logging_mixin.py:137} INFO - [2023-03-08T12:16:26.377+0000] {dag.py:2690} INFO - Sync 1 DAGs
[2023-03-08T12:16:26.443+0000] {logging_mixin.py:137} INFO - [2023-03-08T12:16:26.443+0000] {dag.py:3441} INFO - Setting next_dagrun for example_task_group_decorator to 2023-03-07T12:16:26.443313+00:00, run_after=2023-03-08T12:16:26.443313+00:00
[2023-03-08T12:16:26.508+0000] {processor.py:175} INFO - Processing /home/airflow/.local/lib/python3.7/site-packages/airflow/example_dags/example_task_group_decorator.py took 0.271 seconds
[2023-03-08T12:16:57.176+0000] {processor.py:153} INFO - Started process (PID=14731) to work on /home/airflow/.local/lib/python3.7/site-packages/airflow/example_dags/example_task_group_decorator.py
[2023-03-08T12:16:57.178+0000] {processor.py:743} INFO - Processing file /home/airflow/.local/lib/python3.7/site-packages/airflow/example_dags/example_task_group_decorator.py for tasks to queue
[2023-03-08T12:16:57.182+0000] {logging_mixin.py:137} INFO - [2023-03-08T12:16:57.181+0000] {dagbag.py:538} INFO - Filling up the DagBag from /home/airflow/.local/lib/python3.7/site-packages/airflow/example_dags/example_task_group_decorator.py
[2023-03-08T12:16:57.242+0000] {processor.py:753} INFO - DAG(s) dict_keys(['example_task_group_decorator']) retrieved from /home/airflow/.local/lib/python3.7/site-packages/airflow/example_dags/example_task_group_decorator.py
[2023-03-08T12:16:57.293+0000] {logging_mixin.py:137} INFO - [2023-03-08T12:16:57.293+0000] {dag.py:2690} INFO - Sync 1 DAGs
[2023-03-08T12:16:57.323+0000] {logging_mixin.py:137} INFO - [2023-03-08T12:16:57.322+0000] {dag.py:3441} INFO - Setting next_dagrun for example_task_group_decorator to 2023-03-07T12:16:57.322489+00:00, run_after=2023-03-08T12:16:57.322489+00:00
[2023-03-08T12:16:57.358+0000] {processor.py:175} INFO - Processing /home/airflow/.local/lib/python3.7/site-packages/airflow/example_dags/example_task_group_decorator.py took 0.188 seconds
[2023-03-08T12:17:27.971+0000] {processor.py:153} INFO - Started process (PID=14789) to work on /home/airflow/.local/lib/python3.7/site-packages/airflow/example_dags/example_task_group_decorator.py
[2023-03-08T12:17:27.973+0000] {processor.py:743} INFO - Processing file /home/airflow/.local/lib/python3.7/site-packages/airflow/example_dags/example_task_group_decorator.py for tasks to queue
[2023-03-08T12:17:27.975+0000] {logging_mixin.py:137} INFO - [2023-03-08T12:17:27.975+0000] {dagbag.py:538} INFO - Filling up the DagBag from /home/airflow/.local/lib/python3.7/site-packages/airflow/example_dags/example_task_group_decorator.py
[2023-03-08T12:17:28.057+0000] {processor.py:753} INFO - DAG(s) dict_keys(['example_task_group_decorator']) retrieved from /home/airflow/.local/lib/python3.7/site-packages/airflow/example_dags/example_task_group_decorator.py
[2023-03-08T12:17:28.164+0000] {logging_mixin.py:137} INFO - [2023-03-08T12:17:28.164+0000] {dag.py:2690} INFO - Sync 1 DAGs
[2023-03-08T12:17:28.244+0000] {logging_mixin.py:137} INFO - [2023-03-08T12:17:28.243+0000] {dag.py:3441} INFO - Setting next_dagrun for example_task_group_decorator to 2023-03-07T12:17:28.243271+00:00, run_after=2023-03-08T12:17:28.243271+00:00
[2023-03-08T12:17:28.320+0000] {processor.py:175} INFO - Processing /home/airflow/.local/lib/python3.7/site-packages/airflow/example_dags/example_task_group_decorator.py took 0.366 seconds
[2023-03-08T12:17:58.500+0000] {processor.py:153} INFO - Started process (PID=14858) to work on /home/airflow/.local/lib/python3.7/site-packages/airflow/example_dags/example_task_group_decorator.py
[2023-03-08T12:17:58.502+0000] {processor.py:743} INFO - Processing file /home/airflow/.local/lib/python3.7/site-packages/airflow/example_dags/example_task_group_decorator.py for tasks to queue
[2023-03-08T12:17:58.506+0000] {logging_mixin.py:137} INFO - [2023-03-08T12:17:58.505+0000] {dagbag.py:538} INFO - Filling up the DagBag from /home/airflow/.local/lib/python3.7/site-packages/airflow/example_dags/example_task_group_decorator.py
[2023-03-08T12:17:58.546+0000] {processor.py:753} INFO - DAG(s) dict_keys(['example_task_group_decorator']) retrieved from /home/airflow/.local/lib/python3.7/site-packages/airflow/example_dags/example_task_group_decorator.py
[2023-03-08T12:17:58.583+0000] {logging_mixin.py:137} INFO - [2023-03-08T12:17:58.583+0000] {dag.py:2690} INFO - Sync 1 DAGs
[2023-03-08T12:17:58.611+0000] {logging_mixin.py:137} INFO - [2023-03-08T12:17:58.610+0000] {dag.py:3441} INFO - Setting next_dagrun for example_task_group_decorator to 2023-03-07T12:17:58.610546+00:00, run_after=2023-03-08T12:17:58.610546+00:00
[2023-03-08T12:17:58.637+0000] {processor.py:175} INFO - Processing /home/airflow/.local/lib/python3.7/site-packages/airflow/example_dags/example_task_group_decorator.py took 0.141 seconds
