[2023-02-21T12:06:34.053+0000] {taskinstance.py:1083} INFO - Dependencies all met for <TaskInstance: dataset_consumes_1.consuming_1 manual__2023-02-21T12:06:27.366252+00:00 [queued]>
[2023-02-21T12:06:34.085+0000] {taskinstance.py:1083} INFO - Dependencies all met for <TaskInstance: dataset_consumes_1.consuming_1 manual__2023-02-21T12:06:27.366252+00:00 [queued]>
[2023-02-21T12:06:34.103+0000] {taskinstance.py:1279} INFO - 
--------------------------------------------------------------------------------
[2023-02-21T12:06:34.104+0000] {taskinstance.py:1280} INFO - Starting attempt 1 of 1
[2023-02-21T12:06:34.105+0000] {taskinstance.py:1281} INFO - 
--------------------------------------------------------------------------------
[2023-02-21T12:06:34.205+0000] {taskinstance.py:1300} INFO - Executing <Task(BashOperator): consuming_1> on 2023-02-21 12:06:27.366252+00:00
[2023-02-21T12:06:34.219+0000] {standard_task_runner.py:55} INFO - Started process 839 to run task
[2023-02-21T12:06:34.252+0000] {standard_task_runner.py:82} INFO - Running: ['***', 'tasks', 'run', 'dataset_consumes_1', 'consuming_1', 'manual__2023-02-21T12:06:27.366252+00:00', '--job-id', '3', '--raw', '--subdir', '/home/***/.local/lib/python3.7/site-packages/***/example_dags/example_datasets.py', '--cfg-path', '/tmp/tmpvy1lttke']
[2023-02-21T12:06:34.306+0000] {standard_task_runner.py:83} INFO - Job 3: Subtask consuming_1
[2023-02-21T12:06:34.676+0000] {task_command.py:388} INFO - Running <TaskInstance: dataset_consumes_1.consuming_1 manual__2023-02-21T12:06:27.366252+00:00 [running]> on host b867bf779cdb
[2023-02-21T12:06:35.160+0000] {taskinstance.py:1509} INFO - Exporting the following env vars:
AIRFLOW_CTX_DAG_OWNER=***
AIRFLOW_CTX_DAG_ID=dataset_consumes_1
AIRFLOW_CTX_TASK_ID=consuming_1
AIRFLOW_CTX_EXECUTION_DATE=2023-02-21T12:06:27.366252+00:00
AIRFLOW_CTX_TRY_NUMBER=1
AIRFLOW_CTX_DAG_RUN_ID=manual__2023-02-21T12:06:27.366252+00:00
[2023-02-21T12:06:35.167+0000] {subprocess.py:63} INFO - Tmp dir root location: 
 /tmp
[2023-02-21T12:06:35.170+0000] {subprocess.py:75} INFO - Running command: ['/bin/bash', '-c', 'sleep 5']
[2023-02-21T12:06:35.240+0000] {subprocess.py:86} INFO - Output:
[2023-02-21T12:06:40.258+0000] {subprocess.py:97} INFO - Command exited with return code 0
[2023-02-21T12:06:40.357+0000] {warnings.py:110} WARNING - /home/***/.local/lib/python3.7/site-packages/***/models/baseoperator.py:1376: RemovedInAirflow3Warning: Passing 'execution_date' to 'TaskInstance.xcom_push()' is deprecated.
  context["ti"].xcom_push(key=key, value=value, execution_date=execution_date)

[2023-02-21T12:06:40.503+0000] {taskinstance.py:1323} INFO - Marking task as SUCCESS. dag_id=dataset_consumes_1, task_id=consuming_1, execution_date=20230221T120627, start_date=20230221T120634, end_date=20230221T120640
[2023-02-21T12:06:40.710+0000] {local_task_job.py:208} INFO - Task exited with return code 0
[2023-02-21T12:06:40.852+0000] {taskinstance.py:2578} INFO - 0 downstream tasks scheduled from follow-on schedule check
