[2023-02-21T11:46:42.280+0000] {processor.py:153} INFO - Started process (PID=109) to work on /home/airflow/.local/lib/python3.7/site-packages/airflow/example_dags/example_task_group.py
[2023-02-21T11:46:42.325+0000] {processor.py:743} INFO - Processing file /home/airflow/.local/lib/python3.7/site-packages/airflow/example_dags/example_task_group.py for tasks to queue
[2023-02-21T11:46:42.350+0000] {logging_mixin.py:137} INFO - [2023-02-21T11:46:42.344+0000] {dagbag.py:538} INFO - Filling up the DagBag from /home/airflow/.local/lib/python3.7/site-packages/airflow/example_dags/example_task_group.py
[2023-02-21T11:46:42.851+0000] {processor.py:753} INFO - DAG(s) dict_keys(['example_task_group']) retrieved from /home/airflow/.local/lib/python3.7/site-packages/airflow/example_dags/example_task_group.py
[2023-02-21T11:46:43.095+0000] {logging_mixin.py:137} INFO - [2023-02-21T11:46:43.094+0000] {dag.py:2690} INFO - Sync 1 DAGs
[2023-02-21T11:46:43.450+0000] {logging_mixin.py:137} INFO - [2023-02-21T11:46:43.430+0000] {dag.py:2711} INFO - Creating ORM DAG for example_task_group
[2023-02-21T11:46:43.737+0000] {logging_mixin.py:137} INFO - [2023-02-21T11:46:43.736+0000] {dag.py:3441} INFO - Setting next_dagrun for example_task_group to 2023-02-20T11:46:43.732038+00:00, run_after=2023-02-21T11:46:43.732038+00:00
[2023-02-21T11:46:43.969+0000] {processor.py:175} INFO - Processing /home/airflow/.local/lib/python3.7/site-packages/airflow/example_dags/example_task_group.py took 1.822 seconds
[2023-02-21T11:47:23.788+0000] {processor.py:153} INFO - Started process (PID=165) to work on /home/airflow/.local/lib/python3.7/site-packages/airflow/example_dags/example_task_group.py
[2023-02-21T11:47:23.797+0000] {processor.py:743} INFO - Processing file /home/airflow/.local/lib/python3.7/site-packages/airflow/example_dags/example_task_group.py for tasks to queue
[2023-02-21T11:47:23.807+0000] {logging_mixin.py:137} INFO - [2023-02-21T11:47:23.806+0000] {dagbag.py:538} INFO - Filling up the DagBag from /home/airflow/.local/lib/python3.7/site-packages/airflow/example_dags/example_task_group.py
[2023-02-21T11:47:23.936+0000] {processor.py:753} INFO - DAG(s) dict_keys(['example_task_group']) retrieved from /home/airflow/.local/lib/python3.7/site-packages/airflow/example_dags/example_task_group.py
[2023-02-21T11:47:24.148+0000] {logging_mixin.py:137} INFO - [2023-02-21T11:47:24.147+0000] {dag.py:2690} INFO - Sync 1 DAGs
[2023-02-21T11:47:24.475+0000] {logging_mixin.py:137} INFO - [2023-02-21T11:47:24.474+0000] {dag.py:3441} INFO - Setting next_dagrun for example_task_group to 2023-02-20T11:47:24.474404+00:00, run_after=2023-02-21T11:47:24.474404+00:00
[2023-02-21T11:47:24.695+0000] {processor.py:175} INFO - Processing /home/airflow/.local/lib/python3.7/site-packages/airflow/example_dags/example_task_group.py took 0.921 seconds
[2023-02-21T11:48:03.600+0000] {processor.py:153} INFO - Started process (PID=215) to work on /home/airflow/.local/lib/python3.7/site-packages/airflow/example_dags/example_task_group.py
[2023-02-21T11:48:03.616+0000] {processor.py:743} INFO - Processing file /home/airflow/.local/lib/python3.7/site-packages/airflow/example_dags/example_task_group.py for tasks to queue
[2023-02-21T11:48:03.621+0000] {logging_mixin.py:137} INFO - [2023-02-21T11:48:03.621+0000] {dagbag.py:538} INFO - Filling up the DagBag from /home/airflow/.local/lib/python3.7/site-packages/airflow/example_dags/example_task_group.py
[2023-02-21T11:48:03.672+0000] {processor.py:753} INFO - DAG(s) dict_keys(['example_task_group']) retrieved from /home/airflow/.local/lib/python3.7/site-packages/airflow/example_dags/example_task_group.py
[2023-02-21T11:48:03.790+0000] {logging_mixin.py:137} INFO - [2023-02-21T11:48:03.790+0000] {dag.py:2690} INFO - Sync 1 DAGs
[2023-02-21T11:48:03.870+0000] {logging_mixin.py:137} INFO - [2023-02-21T11:48:03.870+0000] {dag.py:3441} INFO - Setting next_dagrun for example_task_group to 2023-02-20T11:48:03.870090+00:00, run_after=2023-02-21T11:48:03.870090+00:00
[2023-02-21T11:48:03.974+0000] {processor.py:175} INFO - Processing /home/airflow/.local/lib/python3.7/site-packages/airflow/example_dags/example_task_group.py took 0.384 seconds
[2023-02-21T11:48:41.459+0000] {processor.py:153} INFO - Started process (PID=268) to work on /home/airflow/.local/lib/python3.7/site-packages/airflow/example_dags/example_task_group.py
[2023-02-21T11:48:41.468+0000] {processor.py:743} INFO - Processing file /home/airflow/.local/lib/python3.7/site-packages/airflow/example_dags/example_task_group.py for tasks to queue
[2023-02-21T11:48:41.473+0000] {logging_mixin.py:137} INFO - [2023-02-21T11:48:41.473+0000] {dagbag.py:538} INFO - Filling up the DagBag from /home/airflow/.local/lib/python3.7/site-packages/airflow/example_dags/example_task_group.py
[2023-02-21T11:48:41.610+0000] {processor.py:753} INFO - DAG(s) dict_keys(['example_task_group']) retrieved from /home/airflow/.local/lib/python3.7/site-packages/airflow/example_dags/example_task_group.py
[2023-02-21T11:48:41.646+0000] {logging_mixin.py:137} INFO - [2023-02-21T11:48:41.646+0000] {dag.py:2690} INFO - Sync 1 DAGs
[2023-02-21T11:48:41.678+0000] {logging_mixin.py:137} INFO - [2023-02-21T11:48:41.678+0000] {dag.py:3441} INFO - Setting next_dagrun for example_task_group to 2023-02-20T11:48:41.677989+00:00, run_after=2023-02-21T11:48:41.677989+00:00
[2023-02-21T11:48:42.160+0000] {processor.py:175} INFO - Processing /home/airflow/.local/lib/python3.7/site-packages/airflow/example_dags/example_task_group.py took 0.786 seconds
[2023-02-21T11:49:28.434+0000] {processor.py:153} INFO - Started process (PID=329) to work on /home/airflow/.local/lib/python3.7/site-packages/airflow/example_dags/example_task_group.py
[2023-02-21T11:49:28.472+0000] {processor.py:743} INFO - Processing file /home/airflow/.local/lib/python3.7/site-packages/airflow/example_dags/example_task_group.py for tasks to queue
[2023-02-21T11:49:28.484+0000] {logging_mixin.py:137} INFO - [2023-02-21T11:49:28.484+0000] {dagbag.py:538} INFO - Filling up the DagBag from /home/airflow/.local/lib/python3.7/site-packages/airflow/example_dags/example_task_group.py
[2023-02-21T11:49:28.760+0000] {processor.py:753} INFO - DAG(s) dict_keys(['example_task_group']) retrieved from /home/airflow/.local/lib/python3.7/site-packages/airflow/example_dags/example_task_group.py
[2023-02-21T11:49:29.409+0000] {logging_mixin.py:137} INFO - [2023-02-21T11:49:29.409+0000] {dag.py:2690} INFO - Sync 1 DAGs
[2023-02-21T11:49:30.032+0000] {logging_mixin.py:137} INFO - [2023-02-21T11:49:29.993+0000] {dag.py:3441} INFO - Setting next_dagrun for example_task_group to 2023-02-20T11:49:29.993272+00:00, run_after=2023-02-21T11:49:29.993272+00:00
[2023-02-21T11:49:30.549+0000] {processor.py:175} INFO - Processing /home/airflow/.local/lib/python3.7/site-packages/airflow/example_dags/example_task_group.py took 2.160 seconds
[2023-02-21T11:50:14.198+0000] {processor.py:153} INFO - Started process (PID=385) to work on /home/airflow/.local/lib/python3.7/site-packages/airflow/example_dags/example_task_group.py
[2023-02-21T11:50:14.229+0000] {processor.py:743} INFO - Processing file /home/airflow/.local/lib/python3.7/site-packages/airflow/example_dags/example_task_group.py for tasks to queue
[2023-02-21T11:50:14.271+0000] {logging_mixin.py:137} INFO - [2023-02-21T11:50:14.267+0000] {dagbag.py:538} INFO - Filling up the DagBag from /home/airflow/.local/lib/python3.7/site-packages/airflow/example_dags/example_task_group.py
[2023-02-21T11:50:14.835+0000] {processor.py:753} INFO - DAG(s) dict_keys(['example_task_group']) retrieved from /home/airflow/.local/lib/python3.7/site-packages/airflow/example_dags/example_task_group.py
[2023-02-21T11:50:16.130+0000] {logging_mixin.py:137} INFO - [2023-02-21T11:50:16.130+0000] {dag.py:2690} INFO - Sync 1 DAGs
[2023-02-21T11:50:16.864+0000] {logging_mixin.py:137} INFO - [2023-02-21T11:50:16.864+0000] {dag.py:3441} INFO - Setting next_dagrun for example_task_group to 2023-02-20T11:50:16.864021+00:00, run_after=2023-02-21T11:50:16.864021+00:00
[2023-02-21T11:50:17.343+0000] {processor.py:175} INFO - Processing /home/airflow/.local/lib/python3.7/site-packages/airflow/example_dags/example_task_group.py took 3.213 seconds
[2023-02-21T11:50:58.709+0000] {processor.py:153} INFO - Started process (PID=443) to work on /home/airflow/.local/lib/python3.7/site-packages/airflow/example_dags/example_task_group.py
[2023-02-21T11:50:58.718+0000] {processor.py:743} INFO - Processing file /home/airflow/.local/lib/python3.7/site-packages/airflow/example_dags/example_task_group.py for tasks to queue
[2023-02-21T11:50:58.726+0000] {logging_mixin.py:137} INFO - [2023-02-21T11:50:58.725+0000] {dagbag.py:538} INFO - Filling up the DagBag from /home/airflow/.local/lib/python3.7/site-packages/airflow/example_dags/example_task_group.py
[2023-02-21T11:50:58.784+0000] {processor.py:753} INFO - DAG(s) dict_keys(['example_task_group']) retrieved from /home/airflow/.local/lib/python3.7/site-packages/airflow/example_dags/example_task_group.py
[2023-02-21T11:50:59.365+0000] {logging_mixin.py:137} INFO - [2023-02-21T11:50:59.338+0000] {dag.py:2690} INFO - Sync 1 DAGs
[2023-02-21T11:50:59.997+0000] {logging_mixin.py:137} INFO - [2023-02-21T11:50:59.990+0000] {dag.py:3441} INFO - Setting next_dagrun for example_task_group to 2023-02-20T11:50:59.954515+00:00, run_after=2023-02-21T11:50:59.954515+00:00
[2023-02-21T11:51:00.377+0000] {processor.py:175} INFO - Processing /home/airflow/.local/lib/python3.7/site-packages/airflow/example_dags/example_task_group.py took 1.680 seconds
[2023-02-21T11:51:30.869+0000] {processor.py:153} INFO - Started process (PID=502) to work on /home/airflow/.local/lib/python3.7/site-packages/airflow/example_dags/example_task_group.py
[2023-02-21T11:51:30.873+0000] {processor.py:743} INFO - Processing file /home/airflow/.local/lib/python3.7/site-packages/airflow/example_dags/example_task_group.py for tasks to queue
[2023-02-21T11:51:30.880+0000] {logging_mixin.py:137} INFO - [2023-02-21T11:51:30.878+0000] {dagbag.py:538} INFO - Filling up the DagBag from /home/airflow/.local/lib/python3.7/site-packages/airflow/example_dags/example_task_group.py
[2023-02-21T11:51:30.968+0000] {processor.py:753} INFO - DAG(s) dict_keys(['example_task_group']) retrieved from /home/airflow/.local/lib/python3.7/site-packages/airflow/example_dags/example_task_group.py
[2023-02-21T11:51:31.081+0000] {logging_mixin.py:137} INFO - [2023-02-21T11:51:31.081+0000] {dag.py:2690} INFO - Sync 1 DAGs
[2023-02-21T11:51:31.173+0000] {logging_mixin.py:137} INFO - [2023-02-21T11:51:31.173+0000] {dag.py:3441} INFO - Setting next_dagrun for example_task_group to 2023-02-20T11:51:31.172548+00:00, run_after=2023-02-21T11:51:31.172548+00:00
[2023-02-21T11:51:31.274+0000] {processor.py:175} INFO - Processing /home/airflow/.local/lib/python3.7/site-packages/airflow/example_dags/example_task_group.py took 0.451 seconds
[2023-02-21T11:52:06.769+0000] {processor.py:153} INFO - Started process (PID=561) to work on /home/airflow/.local/lib/python3.7/site-packages/airflow/example_dags/example_task_group.py
[2023-02-21T11:52:06.805+0000] {processor.py:743} INFO - Processing file /home/airflow/.local/lib/python3.7/site-packages/airflow/example_dags/example_task_group.py for tasks to queue
[2023-02-21T11:52:06.811+0000] {logging_mixin.py:137} INFO - [2023-02-21T11:52:06.810+0000] {dagbag.py:538} INFO - Filling up the DagBag from /home/airflow/.local/lib/python3.7/site-packages/airflow/example_dags/example_task_group.py
[2023-02-21T11:52:06.998+0000] {processor.py:753} INFO - DAG(s) dict_keys(['example_task_group']) retrieved from /home/airflow/.local/lib/python3.7/site-packages/airflow/example_dags/example_task_group.py
[2023-02-21T11:52:07.453+0000] {logging_mixin.py:137} INFO - [2023-02-21T11:52:07.450+0000] {dag.py:2690} INFO - Sync 1 DAGs
[2023-02-21T11:52:07.918+0000] {logging_mixin.py:137} INFO - [2023-02-21T11:52:07.918+0000] {dag.py:3441} INFO - Setting next_dagrun for example_task_group to 2023-02-20T11:52:07.918336+00:00, run_after=2023-02-21T11:52:07.918336+00:00
[2023-02-21T11:52:08.210+0000] {processor.py:175} INFO - Processing /home/airflow/.local/lib/python3.7/site-packages/airflow/example_dags/example_task_group.py took 1.573 seconds
[2023-02-21T11:52:41.254+0000] {processor.py:153} INFO - Started process (PID=607) to work on /home/airflow/.local/lib/python3.7/site-packages/airflow/example_dags/example_task_group.py
[2023-02-21T11:52:41.265+0000] {processor.py:743} INFO - Processing file /home/airflow/.local/lib/python3.7/site-packages/airflow/example_dags/example_task_group.py for tasks to queue
[2023-02-21T11:52:41.276+0000] {logging_mixin.py:137} INFO - [2023-02-21T11:52:41.275+0000] {dagbag.py:538} INFO - Filling up the DagBag from /home/airflow/.local/lib/python3.7/site-packages/airflow/example_dags/example_task_group.py
[2023-02-21T11:52:41.414+0000] {processor.py:753} INFO - DAG(s) dict_keys(['example_task_group']) retrieved from /home/airflow/.local/lib/python3.7/site-packages/airflow/example_dags/example_task_group.py
[2023-02-21T11:52:41.662+0000] {logging_mixin.py:137} INFO - [2023-02-21T11:52:41.661+0000] {dag.py:2690} INFO - Sync 1 DAGs
[2023-02-21T11:52:42.007+0000] {logging_mixin.py:137} INFO - [2023-02-21T11:52:42.004+0000] {dag.py:3441} INFO - Setting next_dagrun for example_task_group to 2023-02-20T11:52:42.000833+00:00, run_after=2023-02-21T11:52:42.000833+00:00
[2023-02-21T11:52:42.268+0000] {processor.py:175} INFO - Processing /home/airflow/.local/lib/python3.7/site-packages/airflow/example_dags/example_task_group.py took 1.074 seconds
[2023-02-21T11:53:12.603+0000] {processor.py:153} INFO - Started process (PID=666) to work on /home/airflow/.local/lib/python3.7/site-packages/airflow/example_dags/example_task_group.py
[2023-02-21T11:53:12.607+0000] {processor.py:743} INFO - Processing file /home/airflow/.local/lib/python3.7/site-packages/airflow/example_dags/example_task_group.py for tasks to queue
[2023-02-21T11:53:12.611+0000] {logging_mixin.py:137} INFO - [2023-02-21T11:53:12.611+0000] {dagbag.py:538} INFO - Filling up the DagBag from /home/airflow/.local/lib/python3.7/site-packages/airflow/example_dags/example_task_group.py
[2023-02-21T11:53:12.708+0000] {processor.py:753} INFO - DAG(s) dict_keys(['example_task_group']) retrieved from /home/airflow/.local/lib/python3.7/site-packages/airflow/example_dags/example_task_group.py
[2023-02-21T11:53:13.028+0000] {logging_mixin.py:137} INFO - [2023-02-21T11:53:13.026+0000] {dag.py:2690} INFO - Sync 1 DAGs
[2023-02-21T11:53:13.203+0000] {logging_mixin.py:137} INFO - [2023-02-21T11:53:13.202+0000] {dag.py:3441} INFO - Setting next_dagrun for example_task_group to 2023-02-20T11:53:13.196004+00:00, run_after=2023-02-21T11:53:13.196004+00:00
[2023-02-21T11:53:13.330+0000] {processor.py:175} INFO - Processing /home/airflow/.local/lib/python3.7/site-packages/airflow/example_dags/example_task_group.py took 0.774 seconds
[2023-02-21T11:53:46.703+0000] {processor.py:153} INFO - Started process (PID=726) to work on /home/airflow/.local/lib/python3.7/site-packages/airflow/example_dags/example_task_group.py
[2023-02-21T11:53:46.713+0000] {processor.py:743} INFO - Processing file /home/airflow/.local/lib/python3.7/site-packages/airflow/example_dags/example_task_group.py for tasks to queue
[2023-02-21T11:53:46.742+0000] {logging_mixin.py:137} INFO - [2023-02-21T11:53:46.741+0000] {dagbag.py:538} INFO - Filling up the DagBag from /home/airflow/.local/lib/python3.7/site-packages/airflow/example_dags/example_task_group.py
[2023-02-21T11:53:46.956+0000] {processor.py:753} INFO - DAG(s) dict_keys(['example_task_group']) retrieved from /home/airflow/.local/lib/python3.7/site-packages/airflow/example_dags/example_task_group.py
[2023-02-21T11:53:47.477+0000] {logging_mixin.py:137} INFO - [2023-02-21T11:53:47.476+0000] {dag.py:2690} INFO - Sync 1 DAGs
[2023-02-21T11:53:48.150+0000] {logging_mixin.py:137} INFO - [2023-02-21T11:53:48.150+0000] {dag.py:3441} INFO - Setting next_dagrun for example_task_group to 2023-02-20T11:53:48.118498+00:00, run_after=2023-02-21T11:53:48.118498+00:00
[2023-02-21T11:53:48.425+0000] {processor.py:175} INFO - Processing /home/airflow/.local/lib/python3.7/site-packages/airflow/example_dags/example_task_group.py took 1.809 seconds
[2023-02-21T11:54:18.852+0000] {processor.py:153} INFO - Started process (PID=784) to work on /home/airflow/.local/lib/python3.7/site-packages/airflow/example_dags/example_task_group.py
[2023-02-21T11:54:18.862+0000] {processor.py:743} INFO - Processing file /home/airflow/.local/lib/python3.7/site-packages/airflow/example_dags/example_task_group.py for tasks to queue
[2023-02-21T11:54:18.872+0000] {logging_mixin.py:137} INFO - [2023-02-21T11:54:18.865+0000] {dagbag.py:538} INFO - Filling up the DagBag from /home/airflow/.local/lib/python3.7/site-packages/airflow/example_dags/example_task_group.py
[2023-02-21T11:54:18.965+0000] {processor.py:753} INFO - DAG(s) dict_keys(['example_task_group']) retrieved from /home/airflow/.local/lib/python3.7/site-packages/airflow/example_dags/example_task_group.py
[2023-02-21T11:54:19.107+0000] {logging_mixin.py:137} INFO - [2023-02-21T11:54:19.106+0000] {dag.py:2690} INFO - Sync 1 DAGs
[2023-02-21T11:54:19.660+0000] {logging_mixin.py:137} INFO - [2023-02-21T11:54:19.660+0000] {dag.py:3441} INFO - Setting next_dagrun for example_task_group to 2023-02-20T11:54:19.659917+00:00, run_after=2023-02-21T11:54:19.659917+00:00
[2023-02-21T11:54:19.862+0000] {processor.py:175} INFO - Processing /home/airflow/.local/lib/python3.7/site-packages/airflow/example_dags/example_task_group.py took 1.018 seconds
[2023-02-21T11:54:50.064+0000] {processor.py:153} INFO - Started process (PID=843) to work on /home/airflow/.local/lib/python3.7/site-packages/airflow/example_dags/example_task_group.py
[2023-02-21T11:54:50.079+0000] {processor.py:743} INFO - Processing file /home/airflow/.local/lib/python3.7/site-packages/airflow/example_dags/example_task_group.py for tasks to queue
[2023-02-21T11:54:50.095+0000] {logging_mixin.py:137} INFO - [2023-02-21T11:54:50.095+0000] {dagbag.py:538} INFO - Filling up the DagBag from /home/airflow/.local/lib/python3.7/site-packages/airflow/example_dags/example_task_group.py
[2023-02-21T11:54:50.145+0000] {processor.py:753} INFO - DAG(s) dict_keys(['example_task_group']) retrieved from /home/airflow/.local/lib/python3.7/site-packages/airflow/example_dags/example_task_group.py
[2023-02-21T11:54:50.211+0000] {logging_mixin.py:137} INFO - [2023-02-21T11:54:50.211+0000] {dag.py:2690} INFO - Sync 1 DAGs
[2023-02-21T11:54:50.459+0000] {logging_mixin.py:137} INFO - [2023-02-21T11:54:50.457+0000] {dag.py:3441} INFO - Setting next_dagrun for example_task_group to 2023-02-20T11:54:50.455337+00:00, run_after=2023-02-21T11:54:50.455337+00:00
[2023-02-21T11:54:50.581+0000] {processor.py:175} INFO - Processing /home/airflow/.local/lib/python3.7/site-packages/airflow/example_dags/example_task_group.py took 0.525 seconds
[2023-02-21T11:55:37.222+0000] {processor.py:153} INFO - Started process (PID=902) to work on /home/airflow/.local/lib/python3.7/site-packages/airflow/example_dags/example_task_group.py
[2023-02-21T11:55:37.226+0000] {processor.py:743} INFO - Processing file /home/airflow/.local/lib/python3.7/site-packages/airflow/example_dags/example_task_group.py for tasks to queue
[2023-02-21T11:55:37.233+0000] {logging_mixin.py:137} INFO - [2023-02-21T11:55:37.231+0000] {dagbag.py:538} INFO - Filling up the DagBag from /home/airflow/.local/lib/python3.7/site-packages/airflow/example_dags/example_task_group.py
[2023-02-21T11:55:37.299+0000] {processor.py:753} INFO - DAG(s) dict_keys(['example_task_group']) retrieved from /home/airflow/.local/lib/python3.7/site-packages/airflow/example_dags/example_task_group.py
[2023-02-21T11:55:37.388+0000] {logging_mixin.py:137} INFO - [2023-02-21T11:55:37.383+0000] {dag.py:2690} INFO - Sync 1 DAGs
[2023-02-21T11:55:37.433+0000] {logging_mixin.py:137} INFO - [2023-02-21T11:55:37.432+0000] {dag.py:3441} INFO - Setting next_dagrun for example_task_group to 2023-02-20T11:55:37.432341+00:00, run_after=2023-02-21T11:55:37.432341+00:00
[2023-02-21T11:55:37.486+0000] {processor.py:175} INFO - Processing /home/airflow/.local/lib/python3.7/site-packages/airflow/example_dags/example_task_group.py took 0.280 seconds
[2023-02-21T11:56:07.592+0000] {processor.py:153} INFO - Started process (PID=959) to work on /home/airflow/.local/lib/python3.7/site-packages/airflow/example_dags/example_task_group.py
[2023-02-21T11:56:07.596+0000] {processor.py:743} INFO - Processing file /home/airflow/.local/lib/python3.7/site-packages/airflow/example_dags/example_task_group.py for tasks to queue
[2023-02-21T11:56:07.598+0000] {logging_mixin.py:137} INFO - [2023-02-21T11:56:07.598+0000] {dagbag.py:538} INFO - Filling up the DagBag from /home/airflow/.local/lib/python3.7/site-packages/airflow/example_dags/example_task_group.py
[2023-02-21T11:56:07.641+0000] {processor.py:753} INFO - DAG(s) dict_keys(['example_task_group']) retrieved from /home/airflow/.local/lib/python3.7/site-packages/airflow/example_dags/example_task_group.py
[2023-02-21T11:56:07.686+0000] {logging_mixin.py:137} INFO - [2023-02-21T11:56:07.686+0000] {dag.py:2690} INFO - Sync 1 DAGs
[2023-02-21T11:56:07.744+0000] {logging_mixin.py:137} INFO - [2023-02-21T11:56:07.743+0000] {dag.py:3441} INFO - Setting next_dagrun for example_task_group to 2023-02-20T11:56:07.743537+00:00, run_after=2023-02-21T11:56:07.743537+00:00
[2023-02-21T11:56:07.787+0000] {processor.py:175} INFO - Processing /home/airflow/.local/lib/python3.7/site-packages/airflow/example_dags/example_task_group.py took 0.205 seconds
[2023-02-21T11:56:38.334+0000] {processor.py:153} INFO - Started process (PID=1024) to work on /home/airflow/.local/lib/python3.7/site-packages/airflow/example_dags/example_task_group.py
[2023-02-21T11:56:38.359+0000] {processor.py:743} INFO - Processing file /home/airflow/.local/lib/python3.7/site-packages/airflow/example_dags/example_task_group.py for tasks to queue
[2023-02-21T11:56:38.377+0000] {logging_mixin.py:137} INFO - [2023-02-21T11:56:38.376+0000] {dagbag.py:538} INFO - Filling up the DagBag from /home/airflow/.local/lib/python3.7/site-packages/airflow/example_dags/example_task_group.py
[2023-02-21T11:56:38.453+0000] {processor.py:753} INFO - DAG(s) dict_keys(['example_task_group']) retrieved from /home/airflow/.local/lib/python3.7/site-packages/airflow/example_dags/example_task_group.py
[2023-02-21T11:56:38.580+0000] {logging_mixin.py:137} INFO - [2023-02-21T11:56:38.580+0000] {dag.py:2690} INFO - Sync 1 DAGs
[2023-02-21T11:56:38.834+0000] {logging_mixin.py:137} INFO - [2023-02-21T11:56:38.834+0000] {dag.py:3441} INFO - Setting next_dagrun for example_task_group to 2023-02-20T11:56:38.833872+00:00, run_after=2023-02-21T11:56:38.833872+00:00
[2023-02-21T11:56:38.967+0000] {processor.py:175} INFO - Processing /home/airflow/.local/lib/python3.7/site-packages/airflow/example_dags/example_task_group.py took 0.663 seconds
[2023-02-21T11:57:10.024+0000] {processor.py:153} INFO - Started process (PID=1077) to work on /home/airflow/.local/lib/python3.7/site-packages/airflow/example_dags/example_task_group.py
[2023-02-21T11:57:10.027+0000] {processor.py:743} INFO - Processing file /home/airflow/.local/lib/python3.7/site-packages/airflow/example_dags/example_task_group.py for tasks to queue
[2023-02-21T11:57:10.030+0000] {logging_mixin.py:137} INFO - [2023-02-21T11:57:10.030+0000] {dagbag.py:538} INFO - Filling up the DagBag from /home/airflow/.local/lib/python3.7/site-packages/airflow/example_dags/example_task_group.py
[2023-02-21T11:57:10.085+0000] {processor.py:753} INFO - DAG(s) dict_keys(['example_task_group']) retrieved from /home/airflow/.local/lib/python3.7/site-packages/airflow/example_dags/example_task_group.py
[2023-02-21T11:57:10.168+0000] {logging_mixin.py:137} INFO - [2023-02-21T11:57:10.168+0000] {dag.py:2690} INFO - Sync 1 DAGs
[2023-02-21T11:57:10.226+0000] {logging_mixin.py:137} INFO - [2023-02-21T11:57:10.225+0000] {dag.py:3441} INFO - Setting next_dagrun for example_task_group to 2023-02-20T11:57:10.225460+00:00, run_after=2023-02-21T11:57:10.225460+00:00
[2023-02-21T11:57:10.285+0000] {processor.py:175} INFO - Processing /home/airflow/.local/lib/python3.7/site-packages/airflow/example_dags/example_task_group.py took 0.296 seconds
[2023-02-21T11:57:40.986+0000] {processor.py:153} INFO - Started process (PID=1135) to work on /home/airflow/.local/lib/python3.7/site-packages/airflow/example_dags/example_task_group.py
[2023-02-21T11:57:40.990+0000] {processor.py:743} INFO - Processing file /home/airflow/.local/lib/python3.7/site-packages/airflow/example_dags/example_task_group.py for tasks to queue
[2023-02-21T11:57:41.006+0000] {logging_mixin.py:137} INFO - [2023-02-21T11:57:41.005+0000] {dagbag.py:538} INFO - Filling up the DagBag from /home/airflow/.local/lib/python3.7/site-packages/airflow/example_dags/example_task_group.py
[2023-02-21T11:57:41.074+0000] {processor.py:753} INFO - DAG(s) dict_keys(['example_task_group']) retrieved from /home/airflow/.local/lib/python3.7/site-packages/airflow/example_dags/example_task_group.py
[2023-02-21T11:57:41.182+0000] {logging_mixin.py:137} INFO - [2023-02-21T11:57:41.182+0000] {dag.py:2690} INFO - Sync 1 DAGs
[2023-02-21T11:57:41.266+0000] {logging_mixin.py:137} INFO - [2023-02-21T11:57:41.265+0000] {dag.py:3441} INFO - Setting next_dagrun for example_task_group to 2023-02-20T11:57:41.265347+00:00, run_after=2023-02-21T11:57:41.265347+00:00
[2023-02-21T11:57:41.356+0000] {processor.py:175} INFO - Processing /home/airflow/.local/lib/python3.7/site-packages/airflow/example_dags/example_task_group.py took 0.379 seconds
[2023-02-21T11:58:12.287+0000] {processor.py:153} INFO - Started process (PID=1191) to work on /home/airflow/.local/lib/python3.7/site-packages/airflow/example_dags/example_task_group.py
[2023-02-21T11:58:12.291+0000] {processor.py:743} INFO - Processing file /home/airflow/.local/lib/python3.7/site-packages/airflow/example_dags/example_task_group.py for tasks to queue
[2023-02-21T11:58:12.324+0000] {logging_mixin.py:137} INFO - [2023-02-21T11:58:12.323+0000] {dagbag.py:538} INFO - Filling up the DagBag from /home/airflow/.local/lib/python3.7/site-packages/airflow/example_dags/example_task_group.py
[2023-02-21T11:58:12.425+0000] {processor.py:753} INFO - DAG(s) dict_keys(['example_task_group']) retrieved from /home/airflow/.local/lib/python3.7/site-packages/airflow/example_dags/example_task_group.py
[2023-02-21T11:58:12.715+0000] {logging_mixin.py:137} INFO - [2023-02-21T11:58:12.714+0000] {dag.py:2690} INFO - Sync 1 DAGs
[2023-02-21T11:58:13.114+0000] {logging_mixin.py:137} INFO - [2023-02-21T11:58:13.114+0000] {dag.py:3441} INFO - Setting next_dagrun for example_task_group to 2023-02-20T11:58:13.094936+00:00, run_after=2023-02-21T11:58:13.094936+00:00
[2023-02-21T11:58:13.338+0000] {processor.py:175} INFO - Processing /home/airflow/.local/lib/python3.7/site-packages/airflow/example_dags/example_task_group.py took 1.063 seconds
[2023-02-21T11:58:44.034+0000] {processor.py:153} INFO - Started process (PID=1249) to work on /home/airflow/.local/lib/python3.7/site-packages/airflow/example_dags/example_task_group.py
[2023-02-21T11:58:44.045+0000] {processor.py:743} INFO - Processing file /home/airflow/.local/lib/python3.7/site-packages/airflow/example_dags/example_task_group.py for tasks to queue
[2023-02-21T11:58:44.057+0000] {logging_mixin.py:137} INFO - [2023-02-21T11:58:44.055+0000] {dagbag.py:538} INFO - Filling up the DagBag from /home/airflow/.local/lib/python3.7/site-packages/airflow/example_dags/example_task_group.py
[2023-02-21T11:58:44.157+0000] {processor.py:753} INFO - DAG(s) dict_keys(['example_task_group']) retrieved from /home/airflow/.local/lib/python3.7/site-packages/airflow/example_dags/example_task_group.py
[2023-02-21T11:58:44.309+0000] {logging_mixin.py:137} INFO - [2023-02-21T11:58:44.308+0000] {dag.py:2690} INFO - Sync 1 DAGs
[2023-02-21T11:58:44.450+0000] {logging_mixin.py:137} INFO - [2023-02-21T11:58:44.450+0000] {dag.py:3441} INFO - Setting next_dagrun for example_task_group to 2023-02-20T11:58:44.449743+00:00, run_after=2023-02-21T11:58:44.449743+00:00
[2023-02-21T11:58:44.623+0000] {processor.py:175} INFO - Processing /home/airflow/.local/lib/python3.7/site-packages/airflow/example_dags/example_task_group.py took 0.603 seconds
[2023-02-21T11:59:15.704+0000] {processor.py:153} INFO - Started process (PID=1308) to work on /home/airflow/.local/lib/python3.7/site-packages/airflow/example_dags/example_task_group.py
[2023-02-21T11:59:15.718+0000] {processor.py:743} INFO - Processing file /home/airflow/.local/lib/python3.7/site-packages/airflow/example_dags/example_task_group.py for tasks to queue
[2023-02-21T11:59:15.722+0000] {logging_mixin.py:137} INFO - [2023-02-21T11:59:15.722+0000] {dagbag.py:538} INFO - Filling up the DagBag from /home/airflow/.local/lib/python3.7/site-packages/airflow/example_dags/example_task_group.py
[2023-02-21T11:59:15.801+0000] {processor.py:753} INFO - DAG(s) dict_keys(['example_task_group']) retrieved from /home/airflow/.local/lib/python3.7/site-packages/airflow/example_dags/example_task_group.py
[2023-02-21T11:59:15.896+0000] {logging_mixin.py:137} INFO - [2023-02-21T11:59:15.896+0000] {dag.py:2690} INFO - Sync 1 DAGs
[2023-02-21T11:59:16.013+0000] {logging_mixin.py:137} INFO - [2023-02-21T11:59:16.013+0000] {dag.py:3441} INFO - Setting next_dagrun for example_task_group to 2023-02-20T11:59:16.012464+00:00, run_after=2023-02-21T11:59:16.012464+00:00
[2023-02-21T11:59:16.081+0000] {processor.py:175} INFO - Processing /home/airflow/.local/lib/python3.7/site-packages/airflow/example_dags/example_task_group.py took 0.383 seconds
[2023-02-21T11:59:46.389+0000] {processor.py:153} INFO - Started process (PID=1359) to work on /home/airflow/.local/lib/python3.7/site-packages/airflow/example_dags/example_task_group.py
[2023-02-21T11:59:46.408+0000] {processor.py:743} INFO - Processing file /home/airflow/.local/lib/python3.7/site-packages/airflow/example_dags/example_task_group.py for tasks to queue
[2023-02-21T11:59:46.412+0000] {logging_mixin.py:137} INFO - [2023-02-21T11:59:46.412+0000] {dagbag.py:538} INFO - Filling up the DagBag from /home/airflow/.local/lib/python3.7/site-packages/airflow/example_dags/example_task_group.py
[2023-02-21T11:59:46.467+0000] {processor.py:753} INFO - DAG(s) dict_keys(['example_task_group']) retrieved from /home/airflow/.local/lib/python3.7/site-packages/airflow/example_dags/example_task_group.py
[2023-02-21T11:59:46.521+0000] {logging_mixin.py:137} INFO - [2023-02-21T11:59:46.521+0000] {dag.py:2690} INFO - Sync 1 DAGs
[2023-02-21T11:59:46.657+0000] {logging_mixin.py:137} INFO - [2023-02-21T11:59:46.657+0000] {dag.py:3441} INFO - Setting next_dagrun for example_task_group to 2023-02-20T11:59:46.653479+00:00, run_after=2023-02-21T11:59:46.653479+00:00
[2023-02-21T11:59:46.720+0000] {processor.py:175} INFO - Processing /home/airflow/.local/lib/python3.7/site-packages/airflow/example_dags/example_task_group.py took 0.350 seconds
[2023-02-21T12:00:18.677+0000] {processor.py:153} INFO - Started process (PID=1415) to work on /home/airflow/.local/lib/python3.7/site-packages/airflow/example_dags/example_task_group.py
[2023-02-21T12:00:18.680+0000] {processor.py:743} INFO - Processing file /home/airflow/.local/lib/python3.7/site-packages/airflow/example_dags/example_task_group.py for tasks to queue
[2023-02-21T12:00:18.689+0000] {logging_mixin.py:137} INFO - [2023-02-21T12:00:18.689+0000] {dagbag.py:538} INFO - Filling up the DagBag from /home/airflow/.local/lib/python3.7/site-packages/airflow/example_dags/example_task_group.py
[2023-02-21T12:00:18.748+0000] {processor.py:753} INFO - DAG(s) dict_keys(['example_task_group']) retrieved from /home/airflow/.local/lib/python3.7/site-packages/airflow/example_dags/example_task_group.py
[2023-02-21T12:00:18.879+0000] {logging_mixin.py:137} INFO - [2023-02-21T12:00:18.879+0000] {dag.py:2690} INFO - Sync 1 DAGs
[2023-02-21T12:00:18.964+0000] {logging_mixin.py:137} INFO - [2023-02-21T12:00:18.964+0000] {dag.py:3441} INFO - Setting next_dagrun for example_task_group to 2023-02-20T12:00:18.963817+00:00, run_after=2023-02-21T12:00:18.963817+00:00
[2023-02-21T12:00:19.020+0000] {processor.py:175} INFO - Processing /home/airflow/.local/lib/python3.7/site-packages/airflow/example_dags/example_task_group.py took 0.348 seconds
[2023-02-21T12:00:50.537+0000] {processor.py:153} INFO - Started process (PID=1464) to work on /home/airflow/.local/lib/python3.7/site-packages/airflow/example_dags/example_task_group.py
[2023-02-21T12:00:50.565+0000] {processor.py:743} INFO - Processing file /home/airflow/.local/lib/python3.7/site-packages/airflow/example_dags/example_task_group.py for tasks to queue
[2023-02-21T12:00:50.568+0000] {logging_mixin.py:137} INFO - [2023-02-21T12:00:50.568+0000] {dagbag.py:538} INFO - Filling up the DagBag from /home/airflow/.local/lib/python3.7/site-packages/airflow/example_dags/example_task_group.py
[2023-02-21T12:00:50.684+0000] {processor.py:753} INFO - DAG(s) dict_keys(['example_task_group']) retrieved from /home/airflow/.local/lib/python3.7/site-packages/airflow/example_dags/example_task_group.py
[2023-02-21T12:00:50.972+0000] {logging_mixin.py:137} INFO - [2023-02-21T12:00:50.972+0000] {dag.py:2690} INFO - Sync 1 DAGs
[2023-02-21T12:00:51.275+0000] {logging_mixin.py:137} INFO - [2023-02-21T12:00:51.274+0000] {dag.py:3441} INFO - Setting next_dagrun for example_task_group to 2023-02-20T12:00:51.274026+00:00, run_after=2023-02-21T12:00:51.274026+00:00
[2023-02-21T12:00:51.420+0000] {processor.py:175} INFO - Processing /home/airflow/.local/lib/python3.7/site-packages/airflow/example_dags/example_task_group.py took 0.893 seconds
[2023-02-21T12:01:21.718+0000] {processor.py:153} INFO - Started process (PID=1522) to work on /home/airflow/.local/lib/python3.7/site-packages/airflow/example_dags/example_task_group.py
[2023-02-21T12:01:21.733+0000] {processor.py:743} INFO - Processing file /home/airflow/.local/lib/python3.7/site-packages/airflow/example_dags/example_task_group.py for tasks to queue
[2023-02-21T12:01:21.768+0000] {logging_mixin.py:137} INFO - [2023-02-21T12:01:21.768+0000] {dagbag.py:538} INFO - Filling up the DagBag from /home/airflow/.local/lib/python3.7/site-packages/airflow/example_dags/example_task_group.py
[2023-02-21T12:01:21.960+0000] {processor.py:753} INFO - DAG(s) dict_keys(['example_task_group']) retrieved from /home/airflow/.local/lib/python3.7/site-packages/airflow/example_dags/example_task_group.py
[2023-02-21T12:01:22.115+0000] {logging_mixin.py:137} INFO - [2023-02-21T12:01:22.115+0000] {dag.py:2690} INFO - Sync 1 DAGs
[2023-02-21T12:01:22.240+0000] {logging_mixin.py:137} INFO - [2023-02-21T12:01:22.240+0000] {dag.py:3441} INFO - Setting next_dagrun for example_task_group to 2023-02-20T12:01:22.239764+00:00, run_after=2023-02-21T12:01:22.239764+00:00
[2023-02-21T12:01:22.330+0000] {processor.py:175} INFO - Processing /home/airflow/.local/lib/python3.7/site-packages/airflow/example_dags/example_task_group.py took 0.642 seconds
[2023-02-21T12:01:53.071+0000] {processor.py:153} INFO - Started process (PID=1583) to work on /home/airflow/.local/lib/python3.7/site-packages/airflow/example_dags/example_task_group.py
[2023-02-21T12:01:53.073+0000] {processor.py:743} INFO - Processing file /home/airflow/.local/lib/python3.7/site-packages/airflow/example_dags/example_task_group.py for tasks to queue
[2023-02-21T12:01:53.075+0000] {logging_mixin.py:137} INFO - [2023-02-21T12:01:53.075+0000] {dagbag.py:538} INFO - Filling up the DagBag from /home/airflow/.local/lib/python3.7/site-packages/airflow/example_dags/example_task_group.py
[2023-02-21T12:01:53.133+0000] {processor.py:753} INFO - DAG(s) dict_keys(['example_task_group']) retrieved from /home/airflow/.local/lib/python3.7/site-packages/airflow/example_dags/example_task_group.py
[2023-02-21T12:01:53.196+0000] {logging_mixin.py:137} INFO - [2023-02-21T12:01:53.195+0000] {dag.py:2690} INFO - Sync 1 DAGs
[2023-02-21T12:01:53.233+0000] {logging_mixin.py:137} INFO - [2023-02-21T12:01:53.233+0000] {dag.py:3441} INFO - Setting next_dagrun for example_task_group to 2023-02-20T12:01:53.233138+00:00, run_after=2023-02-21T12:01:53.233138+00:00
[2023-02-21T12:01:53.264+0000] {processor.py:175} INFO - Processing /home/airflow/.local/lib/python3.7/site-packages/airflow/example_dags/example_task_group.py took 0.216 seconds
[2023-02-21T12:02:23.436+0000] {processor.py:153} INFO - Started process (PID=1642) to work on /home/airflow/.local/lib/python3.7/site-packages/airflow/example_dags/example_task_group.py
[2023-02-21T12:02:23.455+0000] {processor.py:743} INFO - Processing file /home/airflow/.local/lib/python3.7/site-packages/airflow/example_dags/example_task_group.py for tasks to queue
[2023-02-21T12:02:23.463+0000] {logging_mixin.py:137} INFO - [2023-02-21T12:02:23.463+0000] {dagbag.py:538} INFO - Filling up the DagBag from /home/airflow/.local/lib/python3.7/site-packages/airflow/example_dags/example_task_group.py
[2023-02-21T12:02:23.501+0000] {processor.py:753} INFO - DAG(s) dict_keys(['example_task_group']) retrieved from /home/airflow/.local/lib/python3.7/site-packages/airflow/example_dags/example_task_group.py
[2023-02-21T12:02:23.571+0000] {logging_mixin.py:137} INFO - [2023-02-21T12:02:23.571+0000] {dag.py:2690} INFO - Sync 1 DAGs
[2023-02-21T12:02:23.659+0000] {logging_mixin.py:137} INFO - [2023-02-21T12:02:23.659+0000] {dag.py:3441} INFO - Setting next_dagrun for example_task_group to 2023-02-20T12:02:23.648416+00:00, run_after=2023-02-21T12:02:23.648416+00:00
[2023-02-21T12:02:23.696+0000] {processor.py:175} INFO - Processing /home/airflow/.local/lib/python3.7/site-packages/airflow/example_dags/example_task_group.py took 0.270 seconds
[2023-02-21T12:02:54.178+0000] {processor.py:153} INFO - Started process (PID=1708) to work on /home/airflow/.local/lib/python3.7/site-packages/airflow/example_dags/example_task_group.py
[2023-02-21T12:02:54.190+0000] {processor.py:743} INFO - Processing file /home/airflow/.local/lib/python3.7/site-packages/airflow/example_dags/example_task_group.py for tasks to queue
[2023-02-21T12:02:54.210+0000] {logging_mixin.py:137} INFO - [2023-02-21T12:02:54.209+0000] {dagbag.py:538} INFO - Filling up the DagBag from /home/airflow/.local/lib/python3.7/site-packages/airflow/example_dags/example_task_group.py
[2023-02-21T12:02:54.289+0000] {processor.py:753} INFO - DAG(s) dict_keys(['example_task_group']) retrieved from /home/airflow/.local/lib/python3.7/site-packages/airflow/example_dags/example_task_group.py
[2023-02-21T12:02:54.465+0000] {logging_mixin.py:137} INFO - [2023-02-21T12:02:54.465+0000] {dag.py:2690} INFO - Sync 1 DAGs
[2023-02-21T12:02:54.591+0000] {logging_mixin.py:137} INFO - [2023-02-21T12:02:54.591+0000] {dag.py:3441} INFO - Setting next_dagrun for example_task_group to 2023-02-20T12:02:54.590675+00:00, run_after=2023-02-21T12:02:54.590675+00:00
[2023-02-21T12:02:54.978+0000] {processor.py:175} INFO - Processing /home/airflow/.local/lib/python3.7/site-packages/airflow/example_dags/example_task_group.py took 0.816 seconds
[2023-02-21T12:03:25.372+0000] {processor.py:153} INFO - Started process (PID=1759) to work on /home/airflow/.local/lib/python3.7/site-packages/airflow/example_dags/example_task_group.py
[2023-02-21T12:03:25.406+0000] {processor.py:743} INFO - Processing file /home/airflow/.local/lib/python3.7/site-packages/airflow/example_dags/example_task_group.py for tasks to queue
[2023-02-21T12:03:25.415+0000] {logging_mixin.py:137} INFO - [2023-02-21T12:03:25.415+0000] {dagbag.py:538} INFO - Filling up the DagBag from /home/airflow/.local/lib/python3.7/site-packages/airflow/example_dags/example_task_group.py
[2023-02-21T12:03:25.477+0000] {processor.py:753} INFO - DAG(s) dict_keys(['example_task_group']) retrieved from /home/airflow/.local/lib/python3.7/site-packages/airflow/example_dags/example_task_group.py
[2023-02-21T12:03:25.611+0000] {logging_mixin.py:137} INFO - [2023-02-21T12:03:25.611+0000] {dag.py:2690} INFO - Sync 1 DAGs
[2023-02-21T12:03:25.672+0000] {logging_mixin.py:137} INFO - [2023-02-21T12:03:25.672+0000] {dag.py:3441} INFO - Setting next_dagrun for example_task_group to 2023-02-20T12:03:25.672351+00:00, run_after=2023-02-21T12:03:25.672351+00:00
[2023-02-21T12:03:25.722+0000] {processor.py:175} INFO - Processing /home/airflow/.local/lib/python3.7/site-packages/airflow/example_dags/example_task_group.py took 0.358 seconds
[2023-02-21T12:03:56.437+0000] {processor.py:153} INFO - Started process (PID=1818) to work on /home/airflow/.local/lib/python3.7/site-packages/airflow/example_dags/example_task_group.py
[2023-02-21T12:03:56.442+0000] {processor.py:743} INFO - Processing file /home/airflow/.local/lib/python3.7/site-packages/airflow/example_dags/example_task_group.py for tasks to queue
[2023-02-21T12:03:56.446+0000] {logging_mixin.py:137} INFO - [2023-02-21T12:03:56.446+0000] {dagbag.py:538} INFO - Filling up the DagBag from /home/airflow/.local/lib/python3.7/site-packages/airflow/example_dags/example_task_group.py
[2023-02-21T12:03:56.505+0000] {processor.py:753} INFO - DAG(s) dict_keys(['example_task_group']) retrieved from /home/airflow/.local/lib/python3.7/site-packages/airflow/example_dags/example_task_group.py
[2023-02-21T12:03:56.619+0000] {logging_mixin.py:137} INFO - [2023-02-21T12:03:56.619+0000] {dag.py:2690} INFO - Sync 1 DAGs
[2023-02-21T12:03:56.682+0000] {logging_mixin.py:137} INFO - [2023-02-21T12:03:56.682+0000] {dag.py:3441} INFO - Setting next_dagrun for example_task_group to 2023-02-20T12:03:56.681307+00:00, run_after=2023-02-21T12:03:56.681307+00:00
[2023-02-21T12:03:56.730+0000] {processor.py:175} INFO - Processing /home/airflow/.local/lib/python3.7/site-packages/airflow/example_dags/example_task_group.py took 0.304 seconds
[2023-02-21T12:04:27.336+0000] {processor.py:153} INFO - Started process (PID=1885) to work on /home/airflow/.local/lib/python3.7/site-packages/airflow/example_dags/example_task_group.py
[2023-02-21T12:04:27.356+0000] {processor.py:743} INFO - Processing file /home/airflow/.local/lib/python3.7/site-packages/airflow/example_dags/example_task_group.py for tasks to queue
[2023-02-21T12:04:27.359+0000] {logging_mixin.py:137} INFO - [2023-02-21T12:04:27.359+0000] {dagbag.py:538} INFO - Filling up the DagBag from /home/airflow/.local/lib/python3.7/site-packages/airflow/example_dags/example_task_group.py
[2023-02-21T12:04:27.585+0000] {processor.py:753} INFO - DAG(s) dict_keys(['example_task_group']) retrieved from /home/airflow/.local/lib/python3.7/site-packages/airflow/example_dags/example_task_group.py
[2023-02-21T12:04:27.811+0000] {logging_mixin.py:137} INFO - [2023-02-21T12:04:27.811+0000] {dag.py:2690} INFO - Sync 1 DAGs
[2023-02-21T12:04:28.037+0000] {logging_mixin.py:137} INFO - [2023-02-21T12:04:28.036+0000] {dag.py:3441} INFO - Setting next_dagrun for example_task_group to 2023-02-20T12:04:28.036083+00:00, run_after=2023-02-21T12:04:28.036083+00:00
[2023-02-21T12:04:28.205+0000] {processor.py:175} INFO - Processing /home/airflow/.local/lib/python3.7/site-packages/airflow/example_dags/example_task_group.py took 0.909 seconds
[2023-02-21T12:04:58.374+0000] {processor.py:153} INFO - Started process (PID=1934) to work on /home/airflow/.local/lib/python3.7/site-packages/airflow/example_dags/example_task_group.py
[2023-02-21T12:04:58.379+0000] {processor.py:743} INFO - Processing file /home/airflow/.local/lib/python3.7/site-packages/airflow/example_dags/example_task_group.py for tasks to queue
[2023-02-21T12:04:58.390+0000] {logging_mixin.py:137} INFO - [2023-02-21T12:04:58.389+0000] {dagbag.py:538} INFO - Filling up the DagBag from /home/airflow/.local/lib/python3.7/site-packages/airflow/example_dags/example_task_group.py
[2023-02-21T12:04:58.495+0000] {processor.py:753} INFO - DAG(s) dict_keys(['example_task_group']) retrieved from /home/airflow/.local/lib/python3.7/site-packages/airflow/example_dags/example_task_group.py
[2023-02-21T12:04:58.562+0000] {logging_mixin.py:137} INFO - [2023-02-21T12:04:58.562+0000] {dag.py:2690} INFO - Sync 1 DAGs
[2023-02-21T12:04:58.765+0000] {logging_mixin.py:137} INFO - [2023-02-21T12:04:58.764+0000] {dag.py:3441} INFO - Setting next_dagrun for example_task_group to 2023-02-20T12:04:58.763006+00:00, run_after=2023-02-21T12:04:58.763006+00:00
[2023-02-21T12:04:58.915+0000] {processor.py:175} INFO - Processing /home/airflow/.local/lib/python3.7/site-packages/airflow/example_dags/example_task_group.py took 0.542 seconds
[2023-02-21T12:05:29.200+0000] {processor.py:153} INFO - Started process (PID=1993) to work on /home/airflow/.local/lib/python3.7/site-packages/airflow/example_dags/example_task_group.py
[2023-02-21T12:05:29.204+0000] {processor.py:743} INFO - Processing file /home/airflow/.local/lib/python3.7/site-packages/airflow/example_dags/example_task_group.py for tasks to queue
[2023-02-21T12:05:29.209+0000] {logging_mixin.py:137} INFO - [2023-02-21T12:05:29.209+0000] {dagbag.py:538} INFO - Filling up the DagBag from /home/airflow/.local/lib/python3.7/site-packages/airflow/example_dags/example_task_group.py
[2023-02-21T12:05:29.235+0000] {processor.py:753} INFO - DAG(s) dict_keys(['example_task_group']) retrieved from /home/airflow/.local/lib/python3.7/site-packages/airflow/example_dags/example_task_group.py
[2023-02-21T12:05:29.282+0000] {logging_mixin.py:137} INFO - [2023-02-21T12:05:29.282+0000] {dag.py:2690} INFO - Sync 1 DAGs
[2023-02-21T12:05:29.345+0000] {logging_mixin.py:137} INFO - [2023-02-21T12:05:29.345+0000] {dag.py:3441} INFO - Setting next_dagrun for example_task_group to 2023-02-20T12:05:29.343831+00:00, run_after=2023-02-21T12:05:29.343831+00:00
[2023-02-21T12:05:29.399+0000] {processor.py:175} INFO - Processing /home/airflow/.local/lib/python3.7/site-packages/airflow/example_dags/example_task_group.py took 0.213 seconds
[2023-02-21T12:05:59.515+0000] {processor.py:153} INFO - Started process (PID=2051) to work on /home/airflow/.local/lib/python3.7/site-packages/airflow/example_dags/example_task_group.py
[2023-02-21T12:05:59.520+0000] {processor.py:743} INFO - Processing file /home/airflow/.local/lib/python3.7/site-packages/airflow/example_dags/example_task_group.py for tasks to queue
[2023-02-21T12:05:59.525+0000] {logging_mixin.py:137} INFO - [2023-02-21T12:05:59.524+0000] {dagbag.py:538} INFO - Filling up the DagBag from /home/airflow/.local/lib/python3.7/site-packages/airflow/example_dags/example_task_group.py
[2023-02-21T12:05:59.561+0000] {processor.py:753} INFO - DAG(s) dict_keys(['example_task_group']) retrieved from /home/airflow/.local/lib/python3.7/site-packages/airflow/example_dags/example_task_group.py
[2023-02-21T12:05:59.638+0000] {logging_mixin.py:137} INFO - [2023-02-21T12:05:59.638+0000] {dag.py:2690} INFO - Sync 1 DAGs
[2023-02-21T12:05:59.707+0000] {logging_mixin.py:137} INFO - [2023-02-21T12:05:59.707+0000] {dag.py:3441} INFO - Setting next_dagrun for example_task_group to 2023-02-20T12:05:59.706424+00:00, run_after=2023-02-21T12:05:59.706424+00:00
[2023-02-21T12:05:59.769+0000] {processor.py:175} INFO - Processing /home/airflow/.local/lib/python3.7/site-packages/airflow/example_dags/example_task_group.py took 0.262 seconds
[2023-02-21T12:06:30.306+0000] {processor.py:153} INFO - Started process (PID=2107) to work on /home/airflow/.local/lib/python3.7/site-packages/airflow/example_dags/example_task_group.py
[2023-02-21T12:06:30.318+0000] {processor.py:743} INFO - Processing file /home/airflow/.local/lib/python3.7/site-packages/airflow/example_dags/example_task_group.py for tasks to queue
[2023-02-21T12:06:30.321+0000] {logging_mixin.py:137} INFO - [2023-02-21T12:06:30.321+0000] {dagbag.py:538} INFO - Filling up the DagBag from /home/airflow/.local/lib/python3.7/site-packages/airflow/example_dags/example_task_group.py
[2023-02-21T12:06:30.460+0000] {processor.py:753} INFO - DAG(s) dict_keys(['example_task_group']) retrieved from /home/airflow/.local/lib/python3.7/site-packages/airflow/example_dags/example_task_group.py
[2023-02-21T12:06:30.735+0000] {logging_mixin.py:137} INFO - [2023-02-21T12:06:30.733+0000] {dag.py:2690} INFO - Sync 1 DAGs
[2023-02-21T12:06:31.018+0000] {logging_mixin.py:137} INFO - [2023-02-21T12:06:31.018+0000] {dag.py:3441} INFO - Setting next_dagrun for example_task_group to 2023-02-20T12:06:31.017723+00:00, run_after=2023-02-21T12:06:31.017723+00:00
[2023-02-21T12:06:31.220+0000] {processor.py:175} INFO - Processing /home/airflow/.local/lib/python3.7/site-packages/airflow/example_dags/example_task_group.py took 0.950 seconds
[2023-02-21T12:07:01.365+0000] {processor.py:153} INFO - Started process (PID=2159) to work on /home/airflow/.local/lib/python3.7/site-packages/airflow/example_dags/example_task_group.py
[2023-02-21T12:07:01.367+0000] {processor.py:743} INFO - Processing file /home/airflow/.local/lib/python3.7/site-packages/airflow/example_dags/example_task_group.py for tasks to queue
[2023-02-21T12:07:01.369+0000] {logging_mixin.py:137} INFO - [2023-02-21T12:07:01.369+0000] {dagbag.py:538} INFO - Filling up the DagBag from /home/airflow/.local/lib/python3.7/site-packages/airflow/example_dags/example_task_group.py
[2023-02-21T12:07:01.390+0000] {processor.py:753} INFO - DAG(s) dict_keys(['example_task_group']) retrieved from /home/airflow/.local/lib/python3.7/site-packages/airflow/example_dags/example_task_group.py
[2023-02-21T12:07:01.427+0000] {logging_mixin.py:137} INFO - [2023-02-21T12:07:01.427+0000] {dag.py:2690} INFO - Sync 1 DAGs
[2023-02-21T12:07:01.460+0000] {logging_mixin.py:137} INFO - [2023-02-21T12:07:01.460+0000] {dag.py:3441} INFO - Setting next_dagrun for example_task_group to 2023-02-20T12:07:01.460334+00:00, run_after=2023-02-21T12:07:01.460334+00:00
[2023-02-21T12:07:01.490+0000] {processor.py:175} INFO - Processing /home/airflow/.local/lib/python3.7/site-packages/airflow/example_dags/example_task_group.py took 0.131 seconds
[2023-02-21T12:07:31.866+0000] {processor.py:153} INFO - Started process (PID=2217) to work on /home/airflow/.local/lib/python3.7/site-packages/airflow/example_dags/example_task_group.py
[2023-02-21T12:07:31.871+0000] {processor.py:743} INFO - Processing file /home/airflow/.local/lib/python3.7/site-packages/airflow/example_dags/example_task_group.py for tasks to queue
[2023-02-21T12:07:31.876+0000] {logging_mixin.py:137} INFO - [2023-02-21T12:07:31.875+0000] {dagbag.py:538} INFO - Filling up the DagBag from /home/airflow/.local/lib/python3.7/site-packages/airflow/example_dags/example_task_group.py
[2023-02-21T12:07:31.942+0000] {processor.py:753} INFO - DAG(s) dict_keys(['example_task_group']) retrieved from /home/airflow/.local/lib/python3.7/site-packages/airflow/example_dags/example_task_group.py
[2023-02-21T12:07:32.021+0000] {logging_mixin.py:137} INFO - [2023-02-21T12:07:32.021+0000] {dag.py:2690} INFO - Sync 1 DAGs
[2023-02-21T12:07:32.109+0000] {logging_mixin.py:137} INFO - [2023-02-21T12:07:32.108+0000] {dag.py:3441} INFO - Setting next_dagrun for example_task_group to 2023-02-20T12:07:32.108646+00:00, run_after=2023-02-21T12:07:32.108646+00:00
[2023-02-21T12:07:32.151+0000] {processor.py:175} INFO - Processing /home/airflow/.local/lib/python3.7/site-packages/airflow/example_dags/example_task_group.py took 0.302 seconds
[2023-02-21T12:08:02.306+0000] {processor.py:153} INFO - Started process (PID=2277) to work on /home/airflow/.local/lib/python3.7/site-packages/airflow/example_dags/example_task_group.py
[2023-02-21T12:08:02.320+0000] {processor.py:743} INFO - Processing file /home/airflow/.local/lib/python3.7/site-packages/airflow/example_dags/example_task_group.py for tasks to queue
[2023-02-21T12:08:02.345+0000] {logging_mixin.py:137} INFO - [2023-02-21T12:08:02.345+0000] {dagbag.py:538} INFO - Filling up the DagBag from /home/airflow/.local/lib/python3.7/site-packages/airflow/example_dags/example_task_group.py
[2023-02-21T12:08:02.487+0000] {processor.py:753} INFO - DAG(s) dict_keys(['example_task_group']) retrieved from /home/airflow/.local/lib/python3.7/site-packages/airflow/example_dags/example_task_group.py
[2023-02-21T12:08:02.654+0000] {logging_mixin.py:137} INFO - [2023-02-21T12:08:02.651+0000] {dag.py:2690} INFO - Sync 1 DAGs
[2023-02-21T12:08:02.793+0000] {logging_mixin.py:137} INFO - [2023-02-21T12:08:02.792+0000] {dag.py:3441} INFO - Setting next_dagrun for example_task_group to 2023-02-20T12:08:02.792469+00:00, run_after=2023-02-21T12:08:02.792469+00:00
[2023-02-21T12:08:02.970+0000] {processor.py:175} INFO - Processing /home/airflow/.local/lib/python3.7/site-packages/airflow/example_dags/example_task_group.py took 0.698 seconds
[2023-02-21T12:08:33.631+0000] {processor.py:153} INFO - Started process (PID=2336) to work on /home/airflow/.local/lib/python3.7/site-packages/airflow/example_dags/example_task_group.py
[2023-02-21T12:08:33.645+0000] {processor.py:743} INFO - Processing file /home/airflow/.local/lib/python3.7/site-packages/airflow/example_dags/example_task_group.py for tasks to queue
[2023-02-21T12:08:33.650+0000] {logging_mixin.py:137} INFO - [2023-02-21T12:08:33.649+0000] {dagbag.py:538} INFO - Filling up the DagBag from /home/airflow/.local/lib/python3.7/site-packages/airflow/example_dags/example_task_group.py
[2023-02-21T12:08:33.712+0000] {processor.py:753} INFO - DAG(s) dict_keys(['example_task_group']) retrieved from /home/airflow/.local/lib/python3.7/site-packages/airflow/example_dags/example_task_group.py
[2023-02-21T12:08:33.818+0000] {logging_mixin.py:137} INFO - [2023-02-21T12:08:33.818+0000] {dag.py:2690} INFO - Sync 1 DAGs
[2023-02-21T12:08:33.924+0000] {logging_mixin.py:137} INFO - [2023-02-21T12:08:33.924+0000] {dag.py:3441} INFO - Setting next_dagrun for example_task_group to 2023-02-20T12:08:33.923904+00:00, run_after=2023-02-21T12:08:33.923904+00:00
[2023-02-21T12:08:34.019+0000] {processor.py:175} INFO - Processing /home/airflow/.local/lib/python3.7/site-packages/airflow/example_dags/example_task_group.py took 0.401 seconds
[2023-02-21T12:09:04.116+0000] {processor.py:153} INFO - Started process (PID=2394) to work on /home/airflow/.local/lib/python3.7/site-packages/airflow/example_dags/example_task_group.py
[2023-02-21T12:09:04.140+0000] {processor.py:743} INFO - Processing file /home/airflow/.local/lib/python3.7/site-packages/airflow/example_dags/example_task_group.py for tasks to queue
[2023-02-21T12:09:04.146+0000] {logging_mixin.py:137} INFO - [2023-02-21T12:09:04.145+0000] {dagbag.py:538} INFO - Filling up the DagBag from /home/airflow/.local/lib/python3.7/site-packages/airflow/example_dags/example_task_group.py
[2023-02-21T12:09:04.177+0000] {processor.py:753} INFO - DAG(s) dict_keys(['example_task_group']) retrieved from /home/airflow/.local/lib/python3.7/site-packages/airflow/example_dags/example_task_group.py
[2023-02-21T12:09:04.301+0000] {logging_mixin.py:137} INFO - [2023-02-21T12:09:04.301+0000] {dag.py:2690} INFO - Sync 1 DAGs
[2023-02-21T12:09:04.397+0000] {logging_mixin.py:137} INFO - [2023-02-21T12:09:04.397+0000] {dag.py:3441} INFO - Setting next_dagrun for example_task_group to 2023-02-20T12:09:04.396960+00:00, run_after=2023-02-21T12:09:04.396960+00:00
[2023-02-21T12:09:04.494+0000] {processor.py:175} INFO - Processing /home/airflow/.local/lib/python3.7/site-packages/airflow/example_dags/example_task_group.py took 0.382 seconds
[2023-02-21T12:09:35.390+0000] {processor.py:153} INFO - Started process (PID=2452) to work on /home/airflow/.local/lib/python3.7/site-packages/airflow/example_dags/example_task_group.py
[2023-02-21T12:09:35.399+0000] {processor.py:743} INFO - Processing file /home/airflow/.local/lib/python3.7/site-packages/airflow/example_dags/example_task_group.py for tasks to queue
[2023-02-21T12:09:35.406+0000] {logging_mixin.py:137} INFO - [2023-02-21T12:09:35.404+0000] {dagbag.py:538} INFO - Filling up the DagBag from /home/airflow/.local/lib/python3.7/site-packages/airflow/example_dags/example_task_group.py
[2023-02-21T12:09:35.575+0000] {processor.py:753} INFO - DAG(s) dict_keys(['example_task_group']) retrieved from /home/airflow/.local/lib/python3.7/site-packages/airflow/example_dags/example_task_group.py
[2023-02-21T12:09:35.707+0000] {logging_mixin.py:137} INFO - [2023-02-21T12:09:35.707+0000] {dag.py:2690} INFO - Sync 1 DAGs
[2023-02-21T12:09:35.809+0000] {logging_mixin.py:137} INFO - [2023-02-21T12:09:35.809+0000] {dag.py:3441} INFO - Setting next_dagrun for example_task_group to 2023-02-20T12:09:35.809075+00:00, run_after=2023-02-21T12:09:35.809075+00:00
[2023-02-21T12:09:35.959+0000] {processor.py:175} INFO - Processing /home/airflow/.local/lib/python3.7/site-packages/airflow/example_dags/example_task_group.py took 0.590 seconds
[2023-02-21T12:10:06.333+0000] {processor.py:153} INFO - Started process (PID=2520) to work on /home/airflow/.local/lib/python3.7/site-packages/airflow/example_dags/example_task_group.py
[2023-02-21T12:10:06.350+0000] {processor.py:743} INFO - Processing file /home/airflow/.local/lib/python3.7/site-packages/airflow/example_dags/example_task_group.py for tasks to queue
[2023-02-21T12:10:06.356+0000] {logging_mixin.py:137} INFO - [2023-02-21T12:10:06.356+0000] {dagbag.py:538} INFO - Filling up the DagBag from /home/airflow/.local/lib/python3.7/site-packages/airflow/example_dags/example_task_group.py
[2023-02-21T12:10:06.456+0000] {processor.py:753} INFO - DAG(s) dict_keys(['example_task_group']) retrieved from /home/airflow/.local/lib/python3.7/site-packages/airflow/example_dags/example_task_group.py
[2023-02-21T12:10:06.513+0000] {logging_mixin.py:137} INFO - [2023-02-21T12:10:06.513+0000] {dag.py:2690} INFO - Sync 1 DAGs
[2023-02-21T12:10:06.560+0000] {logging_mixin.py:137} INFO - [2023-02-21T12:10:06.559+0000] {dag.py:3441} INFO - Setting next_dagrun for example_task_group to 2023-02-20T12:10:06.559330+00:00, run_after=2023-02-21T12:10:06.559330+00:00
[2023-02-21T12:10:06.603+0000] {processor.py:175} INFO - Processing /home/airflow/.local/lib/python3.7/site-packages/airflow/example_dags/example_task_group.py took 0.286 seconds
[2023-02-21T12:10:36.897+0000] {processor.py:153} INFO - Started process (PID=2580) to work on /home/airflow/.local/lib/python3.7/site-packages/airflow/example_dags/example_task_group.py
[2023-02-21T12:10:36.905+0000] {processor.py:743} INFO - Processing file /home/airflow/.local/lib/python3.7/site-packages/airflow/example_dags/example_task_group.py for tasks to queue
[2023-02-21T12:10:36.907+0000] {logging_mixin.py:137} INFO - [2023-02-21T12:10:36.907+0000] {dagbag.py:538} INFO - Filling up the DagBag from /home/airflow/.local/lib/python3.7/site-packages/airflow/example_dags/example_task_group.py
[2023-02-21T12:10:36.958+0000] {processor.py:753} INFO - DAG(s) dict_keys(['example_task_group']) retrieved from /home/airflow/.local/lib/python3.7/site-packages/airflow/example_dags/example_task_group.py
[2023-02-21T12:10:37.076+0000] {logging_mixin.py:137} INFO - [2023-02-21T12:10:37.075+0000] {dag.py:2690} INFO - Sync 1 DAGs
[2023-02-21T12:10:37.146+0000] {logging_mixin.py:137} INFO - [2023-02-21T12:10:37.145+0000] {dag.py:3441} INFO - Setting next_dagrun for example_task_group to 2023-02-20T12:10:37.145380+00:00, run_after=2023-02-21T12:10:37.145380+00:00
[2023-02-21T12:10:37.196+0000] {processor.py:175} INFO - Processing /home/airflow/.local/lib/python3.7/site-packages/airflow/example_dags/example_task_group.py took 0.304 seconds
[2023-02-21T12:11:07.885+0000] {processor.py:153} INFO - Started process (PID=2638) to work on /home/airflow/.local/lib/python3.7/site-packages/airflow/example_dags/example_task_group.py
[2023-02-21T12:11:07.904+0000] {processor.py:743} INFO - Processing file /home/airflow/.local/lib/python3.7/site-packages/airflow/example_dags/example_task_group.py for tasks to queue
[2023-02-21T12:11:07.913+0000] {logging_mixin.py:137} INFO - [2023-02-21T12:11:07.912+0000] {dagbag.py:538} INFO - Filling up the DagBag from /home/airflow/.local/lib/python3.7/site-packages/airflow/example_dags/example_task_group.py
[2023-02-21T12:11:08.094+0000] {processor.py:753} INFO - DAG(s) dict_keys(['example_task_group']) retrieved from /home/airflow/.local/lib/python3.7/site-packages/airflow/example_dags/example_task_group.py
[2023-02-21T12:11:08.267+0000] {logging_mixin.py:137} INFO - [2023-02-21T12:11:08.267+0000] {dag.py:2690} INFO - Sync 1 DAGs
[2023-02-21T12:11:08.432+0000] {logging_mixin.py:137} INFO - [2023-02-21T12:11:08.428+0000] {dag.py:3441} INFO - Setting next_dagrun for example_task_group to 2023-02-20T12:11:08.427965+00:00, run_after=2023-02-21T12:11:08.427965+00:00
[2023-02-21T12:11:08.584+0000] {processor.py:175} INFO - Processing /home/airflow/.local/lib/python3.7/site-packages/airflow/example_dags/example_task_group.py took 0.769 seconds
[2023-02-21T12:11:38.949+0000] {processor.py:153} INFO - Started process (PID=2694) to work on /home/airflow/.local/lib/python3.7/site-packages/airflow/example_dags/example_task_group.py
[2023-02-21T12:11:38.985+0000] {processor.py:743} INFO - Processing file /home/airflow/.local/lib/python3.7/site-packages/airflow/example_dags/example_task_group.py for tasks to queue
[2023-02-21T12:11:38.988+0000] {logging_mixin.py:137} INFO - [2023-02-21T12:11:38.988+0000] {dagbag.py:538} INFO - Filling up the DagBag from /home/airflow/.local/lib/python3.7/site-packages/airflow/example_dags/example_task_group.py
[2023-02-21T12:11:39.221+0000] {processor.py:753} INFO - DAG(s) dict_keys(['example_task_group']) retrieved from /home/airflow/.local/lib/python3.7/site-packages/airflow/example_dags/example_task_group.py
[2023-02-21T12:11:39.446+0000] {logging_mixin.py:137} INFO - [2023-02-21T12:11:39.446+0000] {dag.py:2690} INFO - Sync 1 DAGs
[2023-02-21T12:11:39.549+0000] {logging_mixin.py:137} INFO - [2023-02-21T12:11:39.549+0000] {dag.py:3441} INFO - Setting next_dagrun for example_task_group to 2023-02-20T12:11:39.548510+00:00, run_after=2023-02-21T12:11:39.548510+00:00
[2023-02-21T12:11:39.691+0000] {processor.py:175} INFO - Processing /home/airflow/.local/lib/python3.7/site-packages/airflow/example_dags/example_task_group.py took 0.753 seconds
[2023-02-21T12:12:10.662+0000] {processor.py:153} INFO - Started process (PID=2751) to work on /home/airflow/.local/lib/python3.7/site-packages/airflow/example_dags/example_task_group.py
[2023-02-21T12:12:10.667+0000] {processor.py:743} INFO - Processing file /home/airflow/.local/lib/python3.7/site-packages/airflow/example_dags/example_task_group.py for tasks to queue
[2023-02-21T12:12:10.671+0000] {logging_mixin.py:137} INFO - [2023-02-21T12:12:10.670+0000] {dagbag.py:538} INFO - Filling up the DagBag from /home/airflow/.local/lib/python3.7/site-packages/airflow/example_dags/example_task_group.py
[2023-02-21T12:12:10.798+0000] {processor.py:753} INFO - DAG(s) dict_keys(['example_task_group']) retrieved from /home/airflow/.local/lib/python3.7/site-packages/airflow/example_dags/example_task_group.py
[2023-02-21T12:12:10.882+0000] {logging_mixin.py:137} INFO - [2023-02-21T12:12:10.882+0000] {dag.py:2690} INFO - Sync 1 DAGs
[2023-02-21T12:12:11.000+0000] {logging_mixin.py:137} INFO - [2023-02-21T12:12:11.000+0000] {dag.py:3441} INFO - Setting next_dagrun for example_task_group to 2023-02-20T12:12:10.999921+00:00, run_after=2023-02-21T12:12:10.999921+00:00
[2023-02-21T12:12:11.144+0000] {processor.py:175} INFO - Processing /home/airflow/.local/lib/python3.7/site-packages/airflow/example_dags/example_task_group.py took 0.502 seconds
[2023-02-21T12:12:41.926+0000] {processor.py:153} INFO - Started process (PID=2813) to work on /home/airflow/.local/lib/python3.7/site-packages/airflow/example_dags/example_task_group.py
[2023-02-21T12:12:41.933+0000] {processor.py:743} INFO - Processing file /home/airflow/.local/lib/python3.7/site-packages/airflow/example_dags/example_task_group.py for tasks to queue
[2023-02-21T12:12:41.947+0000] {logging_mixin.py:137} INFO - [2023-02-21T12:12:41.945+0000] {dagbag.py:538} INFO - Filling up the DagBag from /home/airflow/.local/lib/python3.7/site-packages/airflow/example_dags/example_task_group.py
[2023-02-21T12:12:41.995+0000] {processor.py:753} INFO - DAG(s) dict_keys(['example_task_group']) retrieved from /home/airflow/.local/lib/python3.7/site-packages/airflow/example_dags/example_task_group.py
[2023-02-21T12:12:42.073+0000] {logging_mixin.py:137} INFO - [2023-02-21T12:12:42.073+0000] {dag.py:2690} INFO - Sync 1 DAGs
[2023-02-21T12:12:42.155+0000] {logging_mixin.py:137} INFO - [2023-02-21T12:12:42.155+0000] {dag.py:3441} INFO - Setting next_dagrun for example_task_group to 2023-02-20T12:12:42.155218+00:00, run_after=2023-02-21T12:12:42.155218+00:00
[2023-02-21T12:12:42.213+0000] {processor.py:175} INFO - Processing /home/airflow/.local/lib/python3.7/site-packages/airflow/example_dags/example_task_group.py took 0.298 seconds
[2023-02-21T12:13:12.387+0000] {processor.py:153} INFO - Started process (PID=2873) to work on /home/airflow/.local/lib/python3.7/site-packages/airflow/example_dags/example_task_group.py
[2023-02-21T12:13:12.412+0000] {processor.py:743} INFO - Processing file /home/airflow/.local/lib/python3.7/site-packages/airflow/example_dags/example_task_group.py for tasks to queue
[2023-02-21T12:13:12.425+0000] {logging_mixin.py:137} INFO - [2023-02-21T12:13:12.424+0000] {dagbag.py:538} INFO - Filling up the DagBag from /home/airflow/.local/lib/python3.7/site-packages/airflow/example_dags/example_task_group.py
[2023-02-21T12:13:12.506+0000] {processor.py:753} INFO - DAG(s) dict_keys(['example_task_group']) retrieved from /home/airflow/.local/lib/python3.7/site-packages/airflow/example_dags/example_task_group.py
[2023-02-21T12:13:12.576+0000] {logging_mixin.py:137} INFO - [2023-02-21T12:13:12.576+0000] {dag.py:2690} INFO - Sync 1 DAGs
[2023-02-21T12:13:12.640+0000] {logging_mixin.py:137} INFO - [2023-02-21T12:13:12.640+0000] {dag.py:3441} INFO - Setting next_dagrun for example_task_group to 2023-02-20T12:13:12.639934+00:00, run_after=2023-02-21T12:13:12.639934+00:00
[2023-02-21T12:13:12.723+0000] {processor.py:175} INFO - Processing /home/airflow/.local/lib/python3.7/site-packages/airflow/example_dags/example_task_group.py took 0.352 seconds
[2023-02-21T12:13:42.929+0000] {processor.py:153} INFO - Started process (PID=2941) to work on /home/airflow/.local/lib/python3.7/site-packages/airflow/example_dags/example_task_group.py
[2023-02-21T12:13:42.933+0000] {processor.py:743} INFO - Processing file /home/airflow/.local/lib/python3.7/site-packages/airflow/example_dags/example_task_group.py for tasks to queue
[2023-02-21T12:13:42.937+0000] {logging_mixin.py:137} INFO - [2023-02-21T12:13:42.936+0000] {dagbag.py:538} INFO - Filling up the DagBag from /home/airflow/.local/lib/python3.7/site-packages/airflow/example_dags/example_task_group.py
[2023-02-21T12:13:42.964+0000] {processor.py:753} INFO - DAG(s) dict_keys(['example_task_group']) retrieved from /home/airflow/.local/lib/python3.7/site-packages/airflow/example_dags/example_task_group.py
[2023-02-21T12:13:43.005+0000] {logging_mixin.py:137} INFO - [2023-02-21T12:13:43.005+0000] {dag.py:2690} INFO - Sync 1 DAGs
[2023-02-21T12:13:43.042+0000] {logging_mixin.py:137} INFO - [2023-02-21T12:13:43.042+0000] {dag.py:3441} INFO - Setting next_dagrun for example_task_group to 2023-02-20T12:13:43.041745+00:00, run_after=2023-02-21T12:13:43.041745+00:00
[2023-02-21T12:13:43.094+0000] {processor.py:175} INFO - Processing /home/airflow/.local/lib/python3.7/site-packages/airflow/example_dags/example_task_group.py took 0.174 seconds
[2023-02-21T12:14:13.488+0000] {processor.py:153} INFO - Started process (PID=3001) to work on /home/airflow/.local/lib/python3.7/site-packages/airflow/example_dags/example_task_group.py
[2023-02-21T12:14:13.490+0000] {processor.py:743} INFO - Processing file /home/airflow/.local/lib/python3.7/site-packages/airflow/example_dags/example_task_group.py for tasks to queue
[2023-02-21T12:14:13.493+0000] {logging_mixin.py:137} INFO - [2023-02-21T12:14:13.493+0000] {dagbag.py:538} INFO - Filling up the DagBag from /home/airflow/.local/lib/python3.7/site-packages/airflow/example_dags/example_task_group.py
[2023-02-21T12:14:13.542+0000] {processor.py:753} INFO - DAG(s) dict_keys(['example_task_group']) retrieved from /home/airflow/.local/lib/python3.7/site-packages/airflow/example_dags/example_task_group.py
[2023-02-21T12:14:13.637+0000] {logging_mixin.py:137} INFO - [2023-02-21T12:14:13.637+0000] {dag.py:2690} INFO - Sync 1 DAGs
[2023-02-21T12:14:13.694+0000] {logging_mixin.py:137} INFO - [2023-02-21T12:14:13.694+0000] {dag.py:3441} INFO - Setting next_dagrun for example_task_group to 2023-02-20T12:14:13.694194+00:00, run_after=2023-02-21T12:14:13.694194+00:00
[2023-02-21T12:14:13.738+0000] {processor.py:175} INFO - Processing /home/airflow/.local/lib/python3.7/site-packages/airflow/example_dags/example_task_group.py took 0.256 seconds
[2023-02-21T12:14:44.707+0000] {processor.py:153} INFO - Started process (PID=3061) to work on /home/airflow/.local/lib/python3.7/site-packages/airflow/example_dags/example_task_group.py
[2023-02-21T12:14:44.736+0000] {processor.py:743} INFO - Processing file /home/airflow/.local/lib/python3.7/site-packages/airflow/example_dags/example_task_group.py for tasks to queue
[2023-02-21T12:14:44.744+0000] {logging_mixin.py:137} INFO - [2023-02-21T12:14:44.742+0000] {dagbag.py:538} INFO - Filling up the DagBag from /home/airflow/.local/lib/python3.7/site-packages/airflow/example_dags/example_task_group.py
[2023-02-21T12:14:44.811+0000] {processor.py:753} INFO - DAG(s) dict_keys(['example_task_group']) retrieved from /home/airflow/.local/lib/python3.7/site-packages/airflow/example_dags/example_task_group.py
[2023-02-21T12:14:44.896+0000] {logging_mixin.py:137} INFO - [2023-02-21T12:14:44.896+0000] {dag.py:2690} INFO - Sync 1 DAGs
[2023-02-21T12:14:44.938+0000] {logging_mixin.py:137} INFO - [2023-02-21T12:14:44.938+0000] {dag.py:3441} INFO - Setting next_dagrun for example_task_group to 2023-02-20T12:14:44.938225+00:00, run_after=2023-02-21T12:14:44.938225+00:00
[2023-02-21T12:14:44.976+0000] {processor.py:175} INFO - Processing /home/airflow/.local/lib/python3.7/site-packages/airflow/example_dags/example_task_group.py took 0.285 seconds
[2023-02-21T12:15:16.006+0000] {processor.py:153} INFO - Started process (PID=3132) to work on /home/airflow/.local/lib/python3.7/site-packages/airflow/example_dags/example_task_group.py
[2023-02-21T12:15:16.012+0000] {processor.py:743} INFO - Processing file /home/airflow/.local/lib/python3.7/site-packages/airflow/example_dags/example_task_group.py for tasks to queue
[2023-02-21T12:15:16.016+0000] {logging_mixin.py:137} INFO - [2023-02-21T12:15:16.016+0000] {dagbag.py:538} INFO - Filling up the DagBag from /home/airflow/.local/lib/python3.7/site-packages/airflow/example_dags/example_task_group.py
[2023-02-21T12:15:16.081+0000] {processor.py:753} INFO - DAG(s) dict_keys(['example_task_group']) retrieved from /home/airflow/.local/lib/python3.7/site-packages/airflow/example_dags/example_task_group.py
[2023-02-21T12:15:16.173+0000] {logging_mixin.py:137} INFO - [2023-02-21T12:15:16.173+0000] {dag.py:2690} INFO - Sync 1 DAGs
[2023-02-21T12:15:16.259+0000] {logging_mixin.py:137} INFO - [2023-02-21T12:15:16.256+0000] {dag.py:3441} INFO - Setting next_dagrun for example_task_group to 2023-02-20T12:15:16.255846+00:00, run_after=2023-02-21T12:15:16.255846+00:00
[2023-02-21T12:15:16.333+0000] {processor.py:175} INFO - Processing /home/airflow/.local/lib/python3.7/site-packages/airflow/example_dags/example_task_group.py took 0.363 seconds
[2023-02-21T12:15:46.945+0000] {processor.py:153} INFO - Started process (PID=3191) to work on /home/airflow/.local/lib/python3.7/site-packages/airflow/example_dags/example_task_group.py
[2023-02-21T12:15:46.956+0000] {processor.py:743} INFO - Processing file /home/airflow/.local/lib/python3.7/site-packages/airflow/example_dags/example_task_group.py for tasks to queue
[2023-02-21T12:15:46.962+0000] {logging_mixin.py:137} INFO - [2023-02-21T12:15:46.961+0000] {dagbag.py:538} INFO - Filling up the DagBag from /home/airflow/.local/lib/python3.7/site-packages/airflow/example_dags/example_task_group.py
[2023-02-21T12:15:47.036+0000] {processor.py:753} INFO - DAG(s) dict_keys(['example_task_group']) retrieved from /home/airflow/.local/lib/python3.7/site-packages/airflow/example_dags/example_task_group.py
[2023-02-21T12:15:47.185+0000] {logging_mixin.py:137} INFO - [2023-02-21T12:15:47.185+0000] {dag.py:2690} INFO - Sync 1 DAGs
[2023-02-21T12:15:47.482+0000] {logging_mixin.py:137} INFO - [2023-02-21T12:15:47.482+0000] {dag.py:3441} INFO - Setting next_dagrun for example_task_group to 2023-02-20T12:15:47.481540+00:00, run_after=2023-02-21T12:15:47.481540+00:00
[2023-02-21T12:15:48.226+0000] {processor.py:175} INFO - Processing /home/airflow/.local/lib/python3.7/site-packages/airflow/example_dags/example_task_group.py took 1.293 seconds
[2023-02-21T12:16:18.447+0000] {processor.py:153} INFO - Started process (PID=3249) to work on /home/airflow/.local/lib/python3.7/site-packages/airflow/example_dags/example_task_group.py
[2023-02-21T12:16:18.451+0000] {processor.py:743} INFO - Processing file /home/airflow/.local/lib/python3.7/site-packages/airflow/example_dags/example_task_group.py for tasks to queue
[2023-02-21T12:16:18.453+0000] {logging_mixin.py:137} INFO - [2023-02-21T12:16:18.453+0000] {dagbag.py:538} INFO - Filling up the DagBag from /home/airflow/.local/lib/python3.7/site-packages/airflow/example_dags/example_task_group.py
[2023-02-21T12:16:18.474+0000] {processor.py:753} INFO - DAG(s) dict_keys(['example_task_group']) retrieved from /home/airflow/.local/lib/python3.7/site-packages/airflow/example_dags/example_task_group.py
[2023-02-21T12:16:18.510+0000] {logging_mixin.py:137} INFO - [2023-02-21T12:16:18.510+0000] {dag.py:2690} INFO - Sync 1 DAGs
[2023-02-21T12:16:18.546+0000] {logging_mixin.py:137} INFO - [2023-02-21T12:16:18.545+0000] {dag.py:3441} INFO - Setting next_dagrun for example_task_group to 2023-02-20T12:16:18.544538+00:00, run_after=2023-02-21T12:16:18.544538+00:00
[2023-02-21T12:16:18.576+0000] {processor.py:175} INFO - Processing /home/airflow/.local/lib/python3.7/site-packages/airflow/example_dags/example_task_group.py took 0.135 seconds
[2023-02-21T12:16:49.181+0000] {processor.py:153} INFO - Started process (PID=3310) to work on /home/airflow/.local/lib/python3.7/site-packages/airflow/example_dags/example_task_group.py
[2023-02-21T12:16:49.185+0000] {processor.py:743} INFO - Processing file /home/airflow/.local/lib/python3.7/site-packages/airflow/example_dags/example_task_group.py for tasks to queue
[2023-02-21T12:16:49.188+0000] {logging_mixin.py:137} INFO - [2023-02-21T12:16:49.187+0000] {dagbag.py:538} INFO - Filling up the DagBag from /home/airflow/.local/lib/python3.7/site-packages/airflow/example_dags/example_task_group.py
[2023-02-21T12:16:49.305+0000] {processor.py:753} INFO - DAG(s) dict_keys(['example_task_group']) retrieved from /home/airflow/.local/lib/python3.7/site-packages/airflow/example_dags/example_task_group.py
[2023-02-21T12:16:49.425+0000] {logging_mixin.py:137} INFO - [2023-02-21T12:16:49.424+0000] {dag.py:2690} INFO - Sync 1 DAGs
[2023-02-21T12:16:49.474+0000] {logging_mixin.py:137} INFO - [2023-02-21T12:16:49.473+0000] {dag.py:3441} INFO - Setting next_dagrun for example_task_group to 2023-02-20T12:16:49.472846+00:00, run_after=2023-02-21T12:16:49.472846+00:00
[2023-02-21T12:16:49.513+0000] {processor.py:175} INFO - Processing /home/airflow/.local/lib/python3.7/site-packages/airflow/example_dags/example_task_group.py took 0.340 seconds
[2023-02-21T12:17:19.936+0000] {processor.py:153} INFO - Started process (PID=3369) to work on /home/airflow/.local/lib/python3.7/site-packages/airflow/example_dags/example_task_group.py
[2023-02-21T12:17:19.939+0000] {processor.py:743} INFO - Processing file /home/airflow/.local/lib/python3.7/site-packages/airflow/example_dags/example_task_group.py for tasks to queue
[2023-02-21T12:17:19.951+0000] {logging_mixin.py:137} INFO - [2023-02-21T12:17:19.950+0000] {dagbag.py:538} INFO - Filling up the DagBag from /home/airflow/.local/lib/python3.7/site-packages/airflow/example_dags/example_task_group.py
[2023-02-21T12:17:19.992+0000] {processor.py:753} INFO - DAG(s) dict_keys(['example_task_group']) retrieved from /home/airflow/.local/lib/python3.7/site-packages/airflow/example_dags/example_task_group.py
[2023-02-21T12:17:20.045+0000] {logging_mixin.py:137} INFO - [2023-02-21T12:17:20.045+0000] {dag.py:2690} INFO - Sync 1 DAGs
[2023-02-21T12:17:20.103+0000] {logging_mixin.py:137} INFO - [2023-02-21T12:17:20.102+0000] {dag.py:3441} INFO - Setting next_dagrun for example_task_group to 2023-02-20T12:17:20.102301+00:00, run_after=2023-02-21T12:17:20.102301+00:00
[2023-02-21T12:17:20.170+0000] {processor.py:175} INFO - Processing /home/airflow/.local/lib/python3.7/site-packages/airflow/example_dags/example_task_group.py took 0.242 seconds
[2023-02-21T12:17:50.565+0000] {processor.py:153} INFO - Started process (PID=3427) to work on /home/airflow/.local/lib/python3.7/site-packages/airflow/example_dags/example_task_group.py
[2023-02-21T12:17:50.572+0000] {processor.py:743} INFO - Processing file /home/airflow/.local/lib/python3.7/site-packages/airflow/example_dags/example_task_group.py for tasks to queue
[2023-02-21T12:17:50.576+0000] {logging_mixin.py:137} INFO - [2023-02-21T12:17:50.575+0000] {dagbag.py:538} INFO - Filling up the DagBag from /home/airflow/.local/lib/python3.7/site-packages/airflow/example_dags/example_task_group.py
[2023-02-21T12:17:50.609+0000] {processor.py:753} INFO - DAG(s) dict_keys(['example_task_group']) retrieved from /home/airflow/.local/lib/python3.7/site-packages/airflow/example_dags/example_task_group.py
[2023-02-21T12:17:50.663+0000] {logging_mixin.py:137} INFO - [2023-02-21T12:17:50.663+0000] {dag.py:2690} INFO - Sync 1 DAGs
[2023-02-21T12:17:50.727+0000] {logging_mixin.py:137} INFO - [2023-02-21T12:17:50.727+0000] {dag.py:3441} INFO - Setting next_dagrun for example_task_group to 2023-02-20T12:17:50.726737+00:00, run_after=2023-02-21T12:17:50.726737+00:00
[2023-02-21T12:17:50.857+0000] {processor.py:175} INFO - Processing /home/airflow/.local/lib/python3.7/site-packages/airflow/example_dags/example_task_group.py took 0.321 seconds
[2023-02-21T12:18:21.686+0000] {processor.py:153} INFO - Started process (PID=3486) to work on /home/airflow/.local/lib/python3.7/site-packages/airflow/example_dags/example_task_group.py
[2023-02-21T12:18:21.697+0000] {processor.py:743} INFO - Processing file /home/airflow/.local/lib/python3.7/site-packages/airflow/example_dags/example_task_group.py for tasks to queue
[2023-02-21T12:18:21.722+0000] {logging_mixin.py:137} INFO - [2023-02-21T12:18:21.722+0000] {dagbag.py:538} INFO - Filling up the DagBag from /home/airflow/.local/lib/python3.7/site-packages/airflow/example_dags/example_task_group.py
[2023-02-21T12:18:21.810+0000] {processor.py:753} INFO - DAG(s) dict_keys(['example_task_group']) retrieved from /home/airflow/.local/lib/python3.7/site-packages/airflow/example_dags/example_task_group.py
[2023-02-21T12:18:21.972+0000] {logging_mixin.py:137} INFO - [2023-02-21T12:18:21.971+0000] {dag.py:2690} INFO - Sync 1 DAGs
[2023-02-21T12:18:22.169+0000] {logging_mixin.py:137} INFO - [2023-02-21T12:18:22.168+0000] {dag.py:3441} INFO - Setting next_dagrun for example_task_group to 2023-02-20T12:18:22.163111+00:00, run_after=2023-02-21T12:18:22.163111+00:00
[2023-02-21T12:18:22.331+0000] {processor.py:175} INFO - Processing /home/airflow/.local/lib/python3.7/site-packages/airflow/example_dags/example_task_group.py took 0.653 seconds
[2023-02-21T12:18:52.541+0000] {processor.py:153} INFO - Started process (PID=3544) to work on /home/airflow/.local/lib/python3.7/site-packages/airflow/example_dags/example_task_group.py
[2023-02-21T12:18:52.553+0000] {processor.py:743} INFO - Processing file /home/airflow/.local/lib/python3.7/site-packages/airflow/example_dags/example_task_group.py for tasks to queue
[2023-02-21T12:18:52.556+0000] {logging_mixin.py:137} INFO - [2023-02-21T12:18:52.556+0000] {dagbag.py:538} INFO - Filling up the DagBag from /home/airflow/.local/lib/python3.7/site-packages/airflow/example_dags/example_task_group.py
[2023-02-21T12:18:52.646+0000] {processor.py:753} INFO - DAG(s) dict_keys(['example_task_group']) retrieved from /home/airflow/.local/lib/python3.7/site-packages/airflow/example_dags/example_task_group.py
[2023-02-21T12:18:52.784+0000] {logging_mixin.py:137} INFO - [2023-02-21T12:18:52.784+0000] {dag.py:2690} INFO - Sync 1 DAGs
[2023-02-21T12:18:52.884+0000] {logging_mixin.py:137} INFO - [2023-02-21T12:18:52.883+0000] {dag.py:3441} INFO - Setting next_dagrun for example_task_group to 2023-02-20T12:18:52.883542+00:00, run_after=2023-02-21T12:18:52.883542+00:00
[2023-02-21T12:18:53.007+0000] {processor.py:175} INFO - Processing /home/airflow/.local/lib/python3.7/site-packages/airflow/example_dags/example_task_group.py took 0.477 seconds
[2023-02-21T12:19:23.672+0000] {processor.py:153} INFO - Started process (PID=3593) to work on /home/airflow/.local/lib/python3.7/site-packages/airflow/example_dags/example_task_group.py
[2023-02-21T12:19:23.676+0000] {processor.py:743} INFO - Processing file /home/airflow/.local/lib/python3.7/site-packages/airflow/example_dags/example_task_group.py for tasks to queue
[2023-02-21T12:19:23.679+0000] {logging_mixin.py:137} INFO - [2023-02-21T12:19:23.679+0000] {dagbag.py:538} INFO - Filling up the DagBag from /home/airflow/.local/lib/python3.7/site-packages/airflow/example_dags/example_task_group.py
[2023-02-21T12:19:23.721+0000] {processor.py:753} INFO - DAG(s) dict_keys(['example_task_group']) retrieved from /home/airflow/.local/lib/python3.7/site-packages/airflow/example_dags/example_task_group.py
[2023-02-21T12:19:23.817+0000] {logging_mixin.py:137} INFO - [2023-02-21T12:19:23.806+0000] {dag.py:2690} INFO - Sync 1 DAGs
[2023-02-21T12:19:23.885+0000] {logging_mixin.py:137} INFO - [2023-02-21T12:19:23.884+0000] {dag.py:3441} INFO - Setting next_dagrun for example_task_group to 2023-02-20T12:19:23.884267+00:00, run_after=2023-02-21T12:19:23.884267+00:00
[2023-02-21T12:19:23.935+0000] {processor.py:175} INFO - Processing /home/airflow/.local/lib/python3.7/site-packages/airflow/example_dags/example_task_group.py took 0.273 seconds
[2023-02-21T12:19:54.285+0000] {processor.py:153} INFO - Started process (PID=3651) to work on /home/airflow/.local/lib/python3.7/site-packages/airflow/example_dags/example_task_group.py
[2023-02-21T12:19:54.288+0000] {processor.py:743} INFO - Processing file /home/airflow/.local/lib/python3.7/site-packages/airflow/example_dags/example_task_group.py for tasks to queue
[2023-02-21T12:19:54.290+0000] {logging_mixin.py:137} INFO - [2023-02-21T12:19:54.289+0000] {dagbag.py:538} INFO - Filling up the DagBag from /home/airflow/.local/lib/python3.7/site-packages/airflow/example_dags/example_task_group.py
[2023-02-21T12:19:54.328+0000] {processor.py:753} INFO - DAG(s) dict_keys(['example_task_group']) retrieved from /home/airflow/.local/lib/python3.7/site-packages/airflow/example_dags/example_task_group.py
[2023-02-21T12:19:54.391+0000] {logging_mixin.py:137} INFO - [2023-02-21T12:19:54.391+0000] {dag.py:2690} INFO - Sync 1 DAGs
[2023-02-21T12:19:54.476+0000] {logging_mixin.py:137} INFO - [2023-02-21T12:19:54.476+0000] {dag.py:3441} INFO - Setting next_dagrun for example_task_group to 2023-02-20T12:19:54.476160+00:00, run_after=2023-02-21T12:19:54.476160+00:00
[2023-02-21T12:19:54.518+0000] {processor.py:175} INFO - Processing /home/airflow/.local/lib/python3.7/site-packages/airflow/example_dags/example_task_group.py took 0.239 seconds
[2023-02-21T12:20:25.036+0000] {processor.py:153} INFO - Started process (PID=3710) to work on /home/airflow/.local/lib/python3.7/site-packages/airflow/example_dags/example_task_group.py
[2023-02-21T12:20:25.040+0000] {processor.py:743} INFO - Processing file /home/airflow/.local/lib/python3.7/site-packages/airflow/example_dags/example_task_group.py for tasks to queue
[2023-02-21T12:20:25.049+0000] {logging_mixin.py:137} INFO - [2023-02-21T12:20:25.048+0000] {dagbag.py:538} INFO - Filling up the DagBag from /home/airflow/.local/lib/python3.7/site-packages/airflow/example_dags/example_task_group.py
[2023-02-21T12:20:25.085+0000] {processor.py:753} INFO - DAG(s) dict_keys(['example_task_group']) retrieved from /home/airflow/.local/lib/python3.7/site-packages/airflow/example_dags/example_task_group.py
[2023-02-21T12:20:25.139+0000] {logging_mixin.py:137} INFO - [2023-02-21T12:20:25.139+0000] {dag.py:2690} INFO - Sync 1 DAGs
[2023-02-21T12:20:25.197+0000] {logging_mixin.py:137} INFO - [2023-02-21T12:20:25.197+0000] {dag.py:3441} INFO - Setting next_dagrun for example_task_group to 2023-02-20T12:20:25.196364+00:00, run_after=2023-02-21T12:20:25.196364+00:00
[2023-02-21T12:20:25.243+0000] {processor.py:175} INFO - Processing /home/airflow/.local/lib/python3.7/site-packages/airflow/example_dags/example_task_group.py took 0.216 seconds
[2023-02-21T12:20:55.351+0000] {processor.py:153} INFO - Started process (PID=3778) to work on /home/airflow/.local/lib/python3.7/site-packages/airflow/example_dags/example_task_group.py
[2023-02-21T12:20:55.367+0000] {processor.py:743} INFO - Processing file /home/airflow/.local/lib/python3.7/site-packages/airflow/example_dags/example_task_group.py for tasks to queue
[2023-02-21T12:20:55.372+0000] {logging_mixin.py:137} INFO - [2023-02-21T12:20:55.372+0000] {dagbag.py:538} INFO - Filling up the DagBag from /home/airflow/.local/lib/python3.7/site-packages/airflow/example_dags/example_task_group.py
[2023-02-21T12:20:55.417+0000] {processor.py:753} INFO - DAG(s) dict_keys(['example_task_group']) retrieved from /home/airflow/.local/lib/python3.7/site-packages/airflow/example_dags/example_task_group.py
[2023-02-21T12:20:55.483+0000] {logging_mixin.py:137} INFO - [2023-02-21T12:20:55.483+0000] {dag.py:2690} INFO - Sync 1 DAGs
[2023-02-21T12:20:55.534+0000] {logging_mixin.py:137} INFO - [2023-02-21T12:20:55.534+0000] {dag.py:3441} INFO - Setting next_dagrun for example_task_group to 2023-02-20T12:20:55.533957+00:00, run_after=2023-02-21T12:20:55.533957+00:00
[2023-02-21T12:20:55.657+0000] {processor.py:175} INFO - Processing /home/airflow/.local/lib/python3.7/site-packages/airflow/example_dags/example_task_group.py took 0.317 seconds
[2023-02-21T12:21:26.380+0000] {processor.py:153} INFO - Started process (PID=3839) to work on /home/airflow/.local/lib/python3.7/site-packages/airflow/example_dags/example_task_group.py
[2023-02-21T12:21:26.383+0000] {processor.py:743} INFO - Processing file /home/airflow/.local/lib/python3.7/site-packages/airflow/example_dags/example_task_group.py for tasks to queue
[2023-02-21T12:21:26.386+0000] {logging_mixin.py:137} INFO - [2023-02-21T12:21:26.386+0000] {dagbag.py:538} INFO - Filling up the DagBag from /home/airflow/.local/lib/python3.7/site-packages/airflow/example_dags/example_task_group.py
[2023-02-21T12:21:26.434+0000] {processor.py:753} INFO - DAG(s) dict_keys(['example_task_group']) retrieved from /home/airflow/.local/lib/python3.7/site-packages/airflow/example_dags/example_task_group.py
[2023-02-21T12:21:26.521+0000] {logging_mixin.py:137} INFO - [2023-02-21T12:21:26.521+0000] {dag.py:2690} INFO - Sync 1 DAGs
[2023-02-21T12:21:26.577+0000] {logging_mixin.py:137} INFO - [2023-02-21T12:21:26.576+0000] {dag.py:3441} INFO - Setting next_dagrun for example_task_group to 2023-02-20T12:21:26.576630+00:00, run_after=2023-02-21T12:21:26.576630+00:00
[2023-02-21T12:21:26.626+0000] {processor.py:175} INFO - Processing /home/airflow/.local/lib/python3.7/site-packages/airflow/example_dags/example_task_group.py took 0.253 seconds
[2023-02-21T12:21:56.750+0000] {processor.py:153} INFO - Started process (PID=3898) to work on /home/airflow/.local/lib/python3.7/site-packages/airflow/example_dags/example_task_group.py
[2023-02-21T12:21:56.754+0000] {processor.py:743} INFO - Processing file /home/airflow/.local/lib/python3.7/site-packages/airflow/example_dags/example_task_group.py for tasks to queue
[2023-02-21T12:21:56.758+0000] {logging_mixin.py:137} INFO - [2023-02-21T12:21:56.758+0000] {dagbag.py:538} INFO - Filling up the DagBag from /home/airflow/.local/lib/python3.7/site-packages/airflow/example_dags/example_task_group.py
[2023-02-21T12:21:56.796+0000] {processor.py:753} INFO - DAG(s) dict_keys(['example_task_group']) retrieved from /home/airflow/.local/lib/python3.7/site-packages/airflow/example_dags/example_task_group.py
[2023-02-21T12:21:56.837+0000] {logging_mixin.py:137} INFO - [2023-02-21T12:21:56.837+0000] {dag.py:2690} INFO - Sync 1 DAGs
[2023-02-21T12:21:56.886+0000] {logging_mixin.py:137} INFO - [2023-02-21T12:21:56.885+0000] {dag.py:3441} INFO - Setting next_dagrun for example_task_group to 2023-02-20T12:21:56.885495+00:00, run_after=2023-02-21T12:21:56.885495+00:00
[2023-02-21T12:21:56.926+0000] {processor.py:175} INFO - Processing /home/airflow/.local/lib/python3.7/site-packages/airflow/example_dags/example_task_group.py took 0.184 seconds
[2023-02-21T12:22:27.196+0000] {processor.py:153} INFO - Started process (PID=3957) to work on /home/airflow/.local/lib/python3.7/site-packages/airflow/example_dags/example_task_group.py
[2023-02-21T12:22:27.208+0000] {processor.py:743} INFO - Processing file /home/airflow/.local/lib/python3.7/site-packages/airflow/example_dags/example_task_group.py for tasks to queue
[2023-02-21T12:22:27.214+0000] {logging_mixin.py:137} INFO - [2023-02-21T12:22:27.213+0000] {dagbag.py:538} INFO - Filling up the DagBag from /home/airflow/.local/lib/python3.7/site-packages/airflow/example_dags/example_task_group.py
[2023-02-21T12:22:27.259+0000] {processor.py:753} INFO - DAG(s) dict_keys(['example_task_group']) retrieved from /home/airflow/.local/lib/python3.7/site-packages/airflow/example_dags/example_task_group.py
[2023-02-21T12:22:27.322+0000] {logging_mixin.py:137} INFO - [2023-02-21T12:22:27.322+0000] {dag.py:2690} INFO - Sync 1 DAGs
[2023-02-21T12:22:27.390+0000] {logging_mixin.py:137} INFO - [2023-02-21T12:22:27.390+0000] {dag.py:3441} INFO - Setting next_dagrun for example_task_group to 2023-02-20T12:22:27.389530+00:00, run_after=2023-02-21T12:22:27.389530+00:00
[2023-02-21T12:22:27.467+0000] {processor.py:175} INFO - Processing /home/airflow/.local/lib/python3.7/site-packages/airflow/example_dags/example_task_group.py took 0.282 seconds
[2023-02-21T12:22:57.907+0000] {processor.py:153} INFO - Started process (PID=4016) to work on /home/airflow/.local/lib/python3.7/site-packages/airflow/example_dags/example_task_group.py
[2023-02-21T12:22:57.911+0000] {processor.py:743} INFO - Processing file /home/airflow/.local/lib/python3.7/site-packages/airflow/example_dags/example_task_group.py for tasks to queue
[2023-02-21T12:22:57.914+0000] {logging_mixin.py:137} INFO - [2023-02-21T12:22:57.914+0000] {dagbag.py:538} INFO - Filling up the DagBag from /home/airflow/.local/lib/python3.7/site-packages/airflow/example_dags/example_task_group.py
[2023-02-21T12:22:57.957+0000] {processor.py:753} INFO - DAG(s) dict_keys(['example_task_group']) retrieved from /home/airflow/.local/lib/python3.7/site-packages/airflow/example_dags/example_task_group.py
[2023-02-21T12:22:58.012+0000] {logging_mixin.py:137} INFO - [2023-02-21T12:22:58.012+0000] {dag.py:2690} INFO - Sync 1 DAGs
[2023-02-21T12:22:58.071+0000] {logging_mixin.py:137} INFO - [2023-02-21T12:22:58.070+0000] {dag.py:3441} INFO - Setting next_dagrun for example_task_group to 2023-02-20T12:22:58.070527+00:00, run_after=2023-02-21T12:22:58.070527+00:00
[2023-02-21T12:22:58.106+0000] {processor.py:175} INFO - Processing /home/airflow/.local/lib/python3.7/site-packages/airflow/example_dags/example_task_group.py took 0.211 seconds
[2023-02-21T12:23:28.317+0000] {processor.py:153} INFO - Started process (PID=4086) to work on /home/airflow/.local/lib/python3.7/site-packages/airflow/example_dags/example_task_group.py
[2023-02-21T12:23:28.321+0000] {processor.py:743} INFO - Processing file /home/airflow/.local/lib/python3.7/site-packages/airflow/example_dags/example_task_group.py for tasks to queue
[2023-02-21T12:23:28.324+0000] {logging_mixin.py:137} INFO - [2023-02-21T12:23:28.323+0000] {dagbag.py:538} INFO - Filling up the DagBag from /home/airflow/.local/lib/python3.7/site-packages/airflow/example_dags/example_task_group.py
[2023-02-21T12:23:28.381+0000] {processor.py:753} INFO - DAG(s) dict_keys(['example_task_group']) retrieved from /home/airflow/.local/lib/python3.7/site-packages/airflow/example_dags/example_task_group.py
[2023-02-21T12:23:28.427+0000] {logging_mixin.py:137} INFO - [2023-02-21T12:23:28.426+0000] {dag.py:2690} INFO - Sync 1 DAGs
[2023-02-21T12:23:28.482+0000] {logging_mixin.py:137} INFO - [2023-02-21T12:23:28.482+0000] {dag.py:3441} INFO - Setting next_dagrun for example_task_group to 2023-02-20T12:23:28.481998+00:00, run_after=2023-02-21T12:23:28.481998+00:00
[2023-02-21T12:23:28.514+0000] {processor.py:175} INFO - Processing /home/airflow/.local/lib/python3.7/site-packages/airflow/example_dags/example_task_group.py took 0.206 seconds
[2023-02-21T12:23:59.116+0000] {processor.py:153} INFO - Started process (PID=4143) to work on /home/airflow/.local/lib/python3.7/site-packages/airflow/example_dags/example_task_group.py
[2023-02-21T12:23:59.120+0000] {processor.py:743} INFO - Processing file /home/airflow/.local/lib/python3.7/site-packages/airflow/example_dags/example_task_group.py for tasks to queue
[2023-02-21T12:23:59.123+0000] {logging_mixin.py:137} INFO - [2023-02-21T12:23:59.123+0000] {dagbag.py:538} INFO - Filling up the DagBag from /home/airflow/.local/lib/python3.7/site-packages/airflow/example_dags/example_task_group.py
[2023-02-21T12:23:59.167+0000] {processor.py:753} INFO - DAG(s) dict_keys(['example_task_group']) retrieved from /home/airflow/.local/lib/python3.7/site-packages/airflow/example_dags/example_task_group.py
[2023-02-21T12:23:59.223+0000] {logging_mixin.py:137} INFO - [2023-02-21T12:23:59.223+0000] {dag.py:2690} INFO - Sync 1 DAGs
[2023-02-21T12:23:59.296+0000] {logging_mixin.py:137} INFO - [2023-02-21T12:23:59.296+0000] {dag.py:3441} INFO - Setting next_dagrun for example_task_group to 2023-02-20T12:23:59.296142+00:00, run_after=2023-02-21T12:23:59.296142+00:00
[2023-02-21T12:23:59.359+0000] {processor.py:175} INFO - Processing /home/airflow/.local/lib/python3.7/site-packages/airflow/example_dags/example_task_group.py took 0.252 seconds
