[2023-02-21T11:46:41.718+0000] {processor.py:153} INFO - Started process (PID=108) to work on /home/airflow/.local/lib/python3.7/site-packages/airflow/example_dags/example_xcom.py
[2023-02-21T11:46:41.733+0000] {processor.py:743} INFO - Processing file /home/airflow/.local/lib/python3.7/site-packages/airflow/example_dags/example_xcom.py for tasks to queue
[2023-02-21T11:46:41.745+0000] {logging_mixin.py:137} INFO - [2023-02-21T11:46:41.744+0000] {dagbag.py:538} INFO - Filling up the DagBag from /home/airflow/.local/lib/python3.7/site-packages/airflow/example_dags/example_xcom.py
[2023-02-21T11:46:42.373+0000] {processor.py:753} INFO - DAG(s) dict_keys(['example_xcom']) retrieved from /home/airflow/.local/lib/python3.7/site-packages/airflow/example_dags/example_xcom.py
[2023-02-21T11:46:42.496+0000] {logging_mixin.py:137} INFO - [2023-02-21T11:46:42.490+0000] {dag.py:2690} INFO - Sync 1 DAGs
[2023-02-21T11:46:42.848+0000] {logging_mixin.py:137} INFO - [2023-02-21T11:46:42.848+0000] {dag.py:2711} INFO - Creating ORM DAG for example_xcom
[2023-02-21T11:46:43.140+0000] {logging_mixin.py:137} INFO - [2023-02-21T11:46:43.140+0000] {dag.py:3441} INFO - Setting next_dagrun for example_xcom to 2021-01-01T00:00:00+00:00, run_after=2021-01-01T00:00:00+00:00
[2023-02-21T11:46:43.612+0000] {processor.py:175} INFO - Processing /home/airflow/.local/lib/python3.7/site-packages/airflow/example_dags/example_xcom.py took 1.931 seconds
[2023-02-21T11:47:23.620+0000] {processor.py:153} INFO - Started process (PID=164) to work on /home/airflow/.local/lib/python3.7/site-packages/airflow/example_dags/example_xcom.py
[2023-02-21T11:47:23.636+0000] {processor.py:743} INFO - Processing file /home/airflow/.local/lib/python3.7/site-packages/airflow/example_dags/example_xcom.py for tasks to queue
[2023-02-21T11:47:23.644+0000] {logging_mixin.py:137} INFO - [2023-02-21T11:47:23.641+0000] {dagbag.py:538} INFO - Filling up the DagBag from /home/airflow/.local/lib/python3.7/site-packages/airflow/example_dags/example_xcom.py
[2023-02-21T11:47:23.807+0000] {processor.py:753} INFO - DAG(s) dict_keys(['example_xcom']) retrieved from /home/airflow/.local/lib/python3.7/site-packages/airflow/example_dags/example_xcom.py
[2023-02-21T11:47:23.940+0000] {logging_mixin.py:137} INFO - [2023-02-21T11:47:23.939+0000] {dag.py:2690} INFO - Sync 1 DAGs
[2023-02-21T11:47:24.130+0000] {logging_mixin.py:137} INFO - [2023-02-21T11:47:24.129+0000] {dag.py:3441} INFO - Setting next_dagrun for example_xcom to 2021-01-01T00:00:00+00:00, run_after=2021-01-01T00:00:00+00:00
[2023-02-21T11:47:24.255+0000] {processor.py:175} INFO - Processing /home/airflow/.local/lib/python3.7/site-packages/airflow/example_dags/example_xcom.py took 0.683 seconds
[2023-02-21T11:48:03.639+0000] {processor.py:153} INFO - Started process (PID=214) to work on /home/airflow/.local/lib/python3.7/site-packages/airflow/example_dags/example_xcom.py
[2023-02-21T11:48:03.671+0000] {processor.py:743} INFO - Processing file /home/airflow/.local/lib/python3.7/site-packages/airflow/example_dags/example_xcom.py for tasks to queue
[2023-02-21T11:48:03.674+0000] {logging_mixin.py:137} INFO - [2023-02-21T11:48:03.674+0000] {dagbag.py:538} INFO - Filling up the DagBag from /home/airflow/.local/lib/python3.7/site-packages/airflow/example_dags/example_xcom.py
[2023-02-21T11:48:03.767+0000] {processor.py:753} INFO - DAG(s) dict_keys(['example_xcom']) retrieved from /home/airflow/.local/lib/python3.7/site-packages/airflow/example_dags/example_xcom.py
[2023-02-21T11:48:03.877+0000] {logging_mixin.py:137} INFO - [2023-02-21T11:48:03.877+0000] {dag.py:2690} INFO - Sync 1 DAGs
[2023-02-21T11:48:03.983+0000] {logging_mixin.py:137} INFO - [2023-02-21T11:48:03.982+0000] {dag.py:3441} INFO - Setting next_dagrun for example_xcom to 2021-01-01T00:00:00+00:00, run_after=2021-01-01T00:00:00+00:00
[2023-02-21T11:48:04.093+0000] {processor.py:175} INFO - Processing /home/airflow/.local/lib/python3.7/site-packages/airflow/example_dags/example_xcom.py took 0.467 seconds
[2023-02-21T11:48:40.746+0000] {processor.py:153} INFO - Started process (PID=267) to work on /home/airflow/.local/lib/python3.7/site-packages/airflow/example_dags/example_xcom.py
[2023-02-21T11:48:40.752+0000] {processor.py:743} INFO - Processing file /home/airflow/.local/lib/python3.7/site-packages/airflow/example_dags/example_xcom.py for tasks to queue
[2023-02-21T11:48:40.761+0000] {logging_mixin.py:137} INFO - [2023-02-21T11:48:40.758+0000] {dagbag.py:538} INFO - Filling up the DagBag from /home/airflow/.local/lib/python3.7/site-packages/airflow/example_dags/example_xcom.py
[2023-02-21T11:48:41.035+0000] {processor.py:753} INFO - DAG(s) dict_keys(['example_xcom']) retrieved from /home/airflow/.local/lib/python3.7/site-packages/airflow/example_dags/example_xcom.py
[2023-02-21T11:48:41.337+0000] {logging_mixin.py:137} INFO - [2023-02-21T11:48:41.336+0000] {dag.py:2690} INFO - Sync 1 DAGs
[2023-02-21T11:48:41.504+0000] {logging_mixin.py:137} INFO - [2023-02-21T11:48:41.503+0000] {dag.py:3441} INFO - Setting next_dagrun for example_xcom to 2021-01-01T00:00:00+00:00, run_after=2021-01-01T00:00:00+00:00
[2023-02-21T11:48:42.141+0000] {processor.py:175} INFO - Processing /home/airflow/.local/lib/python3.7/site-packages/airflow/example_dags/example_xcom.py took 1.436 seconds
[2023-02-21T11:49:27.939+0000] {processor.py:153} INFO - Started process (PID=328) to work on /home/airflow/.local/lib/python3.7/site-packages/airflow/example_dags/example_xcom.py
[2023-02-21T11:49:27.955+0000] {processor.py:743} INFO - Processing file /home/airflow/.local/lib/python3.7/site-packages/airflow/example_dags/example_xcom.py for tasks to queue
[2023-02-21T11:49:27.978+0000] {logging_mixin.py:137} INFO - [2023-02-21T11:49:27.977+0000] {dagbag.py:538} INFO - Filling up the DagBag from /home/airflow/.local/lib/python3.7/site-packages/airflow/example_dags/example_xcom.py
[2023-02-21T11:49:28.650+0000] {processor.py:753} INFO - DAG(s) dict_keys(['example_xcom']) retrieved from /home/airflow/.local/lib/python3.7/site-packages/airflow/example_dags/example_xcom.py
[2023-02-21T11:49:29.211+0000] {logging_mixin.py:137} INFO - [2023-02-21T11:49:29.211+0000] {dag.py:2690} INFO - Sync 1 DAGs
[2023-02-21T11:49:29.736+0000] {logging_mixin.py:137} INFO - [2023-02-21T11:49:29.735+0000] {dag.py:3441} INFO - Setting next_dagrun for example_xcom to 2021-01-01T00:00:00+00:00, run_after=2021-01-01T00:00:00+00:00
[2023-02-21T11:49:30.649+0000] {processor.py:175} INFO - Processing /home/airflow/.local/lib/python3.7/site-packages/airflow/example_dags/example_xcom.py took 2.754 seconds
[2023-02-21T11:50:13.987+0000] {processor.py:153} INFO - Started process (PID=384) to work on /home/airflow/.local/lib/python3.7/site-packages/airflow/example_dags/example_xcom.py
[2023-02-21T11:50:13.998+0000] {processor.py:743} INFO - Processing file /home/airflow/.local/lib/python3.7/site-packages/airflow/example_dags/example_xcom.py for tasks to queue
[2023-02-21T11:50:14.017+0000] {logging_mixin.py:137} INFO - [2023-02-21T11:50:14.017+0000] {dagbag.py:538} INFO - Filling up the DagBag from /home/airflow/.local/lib/python3.7/site-packages/airflow/example_dags/example_xcom.py
[2023-02-21T11:50:14.825+0000] {processor.py:753} INFO - DAG(s) dict_keys(['example_xcom']) retrieved from /home/airflow/.local/lib/python3.7/site-packages/airflow/example_dags/example_xcom.py
[2023-02-21T11:50:15.827+0000] {logging_mixin.py:137} INFO - [2023-02-21T11:50:15.826+0000] {dag.py:2690} INFO - Sync 1 DAGs
[2023-02-21T11:50:16.459+0000] {logging_mixin.py:137} INFO - [2023-02-21T11:50:16.458+0000] {dag.py:3441} INFO - Setting next_dagrun for example_xcom to 2021-01-01T00:00:00+00:00, run_after=2021-01-01T00:00:00+00:00
[2023-02-21T11:50:16.874+0000] {processor.py:175} INFO - Processing /home/airflow/.local/lib/python3.7/site-packages/airflow/example_dags/example_xcom.py took 3.047 seconds
[2023-02-21T11:50:58.218+0000] {processor.py:153} INFO - Started process (PID=442) to work on /home/airflow/.local/lib/python3.7/site-packages/airflow/example_dags/example_xcom.py
[2023-02-21T11:50:58.232+0000] {processor.py:743} INFO - Processing file /home/airflow/.local/lib/python3.7/site-packages/airflow/example_dags/example_xcom.py for tasks to queue
[2023-02-21T11:50:58.240+0000] {logging_mixin.py:137} INFO - [2023-02-21T11:50:58.239+0000] {dagbag.py:538} INFO - Filling up the DagBag from /home/airflow/.local/lib/python3.7/site-packages/airflow/example_dags/example_xcom.py
[2023-02-21T11:50:58.508+0000] {processor.py:753} INFO - DAG(s) dict_keys(['example_xcom']) retrieved from /home/airflow/.local/lib/python3.7/site-packages/airflow/example_dags/example_xcom.py
[2023-02-21T11:50:59.106+0000] {logging_mixin.py:137} INFO - [2023-02-21T11:50:59.104+0000] {dag.py:2690} INFO - Sync 1 DAGs
[2023-02-21T11:51:00.097+0000] {logging_mixin.py:137} INFO - [2023-02-21T11:51:00.097+0000] {dag.py:3441} INFO - Setting next_dagrun for example_xcom to 2021-01-01T00:00:00+00:00, run_after=2021-01-01T00:00:00+00:00
[2023-02-21T11:51:00.305+0000] {processor.py:175} INFO - Processing /home/airflow/.local/lib/python3.7/site-packages/airflow/example_dags/example_xcom.py took 2.120 seconds
[2023-02-21T11:51:30.829+0000] {processor.py:153} INFO - Started process (PID=501) to work on /home/airflow/.local/lib/python3.7/site-packages/airflow/example_dags/example_xcom.py
[2023-02-21T11:51:30.855+0000] {processor.py:743} INFO - Processing file /home/airflow/.local/lib/python3.7/site-packages/airflow/example_dags/example_xcom.py for tasks to queue
[2023-02-21T11:51:30.858+0000] {logging_mixin.py:137} INFO - [2023-02-21T11:51:30.858+0000] {dagbag.py:538} INFO - Filling up the DagBag from /home/airflow/.local/lib/python3.7/site-packages/airflow/example_dags/example_xcom.py
[2023-02-21T11:51:30.960+0000] {processor.py:753} INFO - DAG(s) dict_keys(['example_xcom']) retrieved from /home/airflow/.local/lib/python3.7/site-packages/airflow/example_dags/example_xcom.py
[2023-02-21T11:51:31.024+0000] {logging_mixin.py:137} INFO - [2023-02-21T11:51:31.024+0000] {dag.py:2690} INFO - Sync 1 DAGs
[2023-02-21T11:51:31.121+0000] {logging_mixin.py:137} INFO - [2023-02-21T11:51:31.120+0000] {dag.py:3441} INFO - Setting next_dagrun for example_xcom to 2021-01-01T00:00:00+00:00, run_after=2021-01-01T00:00:00+00:00
[2023-02-21T11:51:31.223+0000] {processor.py:175} INFO - Processing /home/airflow/.local/lib/python3.7/site-packages/airflow/example_dags/example_xcom.py took 0.410 seconds
[2023-02-21T11:52:06.391+0000] {processor.py:153} INFO - Started process (PID=560) to work on /home/airflow/.local/lib/python3.7/site-packages/airflow/example_dags/example_xcom.py
[2023-02-21T11:52:06.404+0000] {processor.py:743} INFO - Processing file /home/airflow/.local/lib/python3.7/site-packages/airflow/example_dags/example_xcom.py for tasks to queue
[2023-02-21T11:52:06.410+0000] {logging_mixin.py:137} INFO - [2023-02-21T11:52:06.409+0000] {dagbag.py:538} INFO - Filling up the DagBag from /home/airflow/.local/lib/python3.7/site-packages/airflow/example_dags/example_xcom.py
[2023-02-21T11:52:06.997+0000] {processor.py:753} INFO - DAG(s) dict_keys(['example_xcom']) retrieved from /home/airflow/.local/lib/python3.7/site-packages/airflow/example_dags/example_xcom.py
[2023-02-21T11:52:07.440+0000] {logging_mixin.py:137} INFO - [2023-02-21T11:52:07.439+0000] {dag.py:2690} INFO - Sync 1 DAGs
[2023-02-21T11:52:07.892+0000] {logging_mixin.py:137} INFO - [2023-02-21T11:52:07.892+0000] {dag.py:3441} INFO - Setting next_dagrun for example_xcom to 2021-01-01T00:00:00+00:00, run_after=2021-01-01T00:00:00+00:00
[2023-02-21T11:52:08.209+0000] {processor.py:175} INFO - Processing /home/airflow/.local/lib/python3.7/site-packages/airflow/example_dags/example_xcom.py took 1.852 seconds
[2023-02-21T11:52:40.614+0000] {processor.py:153} INFO - Started process (PID=606) to work on /home/airflow/.local/lib/python3.7/site-packages/airflow/example_dags/example_xcom.py
[2023-02-21T11:52:40.619+0000] {processor.py:743} INFO - Processing file /home/airflow/.local/lib/python3.7/site-packages/airflow/example_dags/example_xcom.py for tasks to queue
[2023-02-21T11:52:40.630+0000] {logging_mixin.py:137} INFO - [2023-02-21T11:52:40.627+0000] {dagbag.py:538} INFO - Filling up the DagBag from /home/airflow/.local/lib/python3.7/site-packages/airflow/example_dags/example_xcom.py
[2023-02-21T11:52:40.897+0000] {processor.py:753} INFO - DAG(s) dict_keys(['example_xcom']) retrieved from /home/airflow/.local/lib/python3.7/site-packages/airflow/example_dags/example_xcom.py
[2023-02-21T11:52:41.070+0000] {logging_mixin.py:137} INFO - [2023-02-21T11:52:41.070+0000] {dag.py:2690} INFO - Sync 1 DAGs
[2023-02-21T11:52:41.319+0000] {logging_mixin.py:137} INFO - [2023-02-21T11:52:41.319+0000] {dag.py:3441} INFO - Setting next_dagrun for example_xcom to 2021-01-01T00:00:00+00:00, run_after=2021-01-01T00:00:00+00:00
[2023-02-21T11:52:41.449+0000] {processor.py:175} INFO - Processing /home/airflow/.local/lib/python3.7/site-packages/airflow/example_dags/example_xcom.py took 0.870 seconds
[2023-02-21T11:53:12.073+0000] {processor.py:153} INFO - Started process (PID=664) to work on /home/airflow/.local/lib/python3.7/site-packages/airflow/example_dags/example_xcom.py
[2023-02-21T11:53:12.094+0000] {processor.py:743} INFO - Processing file /home/airflow/.local/lib/python3.7/site-packages/airflow/example_dags/example_xcom.py for tasks to queue
[2023-02-21T11:53:12.100+0000] {logging_mixin.py:137} INFO - [2023-02-21T11:53:12.100+0000] {dagbag.py:538} INFO - Filling up the DagBag from /home/airflow/.local/lib/python3.7/site-packages/airflow/example_dags/example_xcom.py
[2023-02-21T11:53:12.188+0000] {processor.py:753} INFO - DAG(s) dict_keys(['example_xcom']) retrieved from /home/airflow/.local/lib/python3.7/site-packages/airflow/example_dags/example_xcom.py
[2023-02-21T11:53:12.257+0000] {logging_mixin.py:137} INFO - [2023-02-21T11:53:12.256+0000] {dag.py:2690} INFO - Sync 1 DAGs
[2023-02-21T11:53:12.356+0000] {logging_mixin.py:137} INFO - [2023-02-21T11:53:12.356+0000] {dag.py:3441} INFO - Setting next_dagrun for example_xcom to 2021-01-01T00:00:00+00:00, run_after=2021-01-01T00:00:00+00:00
[2023-02-21T11:53:12.447+0000] {processor.py:175} INFO - Processing /home/airflow/.local/lib/python3.7/site-packages/airflow/example_dags/example_xcom.py took 0.385 seconds
[2023-02-21T11:53:44.855+0000] {processor.py:153} INFO - Started process (PID=724) to work on /home/airflow/.local/lib/python3.7/site-packages/airflow/example_dags/example_xcom.py
[2023-02-21T11:53:44.866+0000] {processor.py:743} INFO - Processing file /home/airflow/.local/lib/python3.7/site-packages/airflow/example_dags/example_xcom.py for tasks to queue
[2023-02-21T11:53:44.917+0000] {logging_mixin.py:137} INFO - [2023-02-21T11:53:44.904+0000] {dagbag.py:538} INFO - Filling up the DagBag from /home/airflow/.local/lib/python3.7/site-packages/airflow/example_dags/example_xcom.py
[2023-02-21T11:53:45.445+0000] {processor.py:753} INFO - DAG(s) dict_keys(['example_xcom']) retrieved from /home/airflow/.local/lib/python3.7/site-packages/airflow/example_dags/example_xcom.py
[2023-02-21T11:53:45.849+0000] {logging_mixin.py:137} INFO - [2023-02-21T11:53:45.848+0000] {dag.py:2690} INFO - Sync 1 DAGs
[2023-02-21T11:53:46.120+0000] {logging_mixin.py:137} INFO - [2023-02-21T11:53:46.117+0000] {dag.py:3441} INFO - Setting next_dagrun for example_xcom to 2021-01-01T00:00:00+00:00, run_after=2021-01-01T00:00:00+00:00
[2023-02-21T11:53:46.320+0000] {processor.py:175} INFO - Processing /home/airflow/.local/lib/python3.7/site-packages/airflow/example_dags/example_xcom.py took 1.478 seconds
[2023-02-21T11:54:16.504+0000] {processor.py:153} INFO - Started process (PID=782) to work on /home/airflow/.local/lib/python3.7/site-packages/airflow/example_dags/example_xcom.py
[2023-02-21T11:54:16.511+0000] {processor.py:743} INFO - Processing file /home/airflow/.local/lib/python3.7/site-packages/airflow/example_dags/example_xcom.py for tasks to queue
[2023-02-21T11:54:16.521+0000] {logging_mixin.py:137} INFO - [2023-02-21T11:54:16.518+0000] {dagbag.py:538} INFO - Filling up the DagBag from /home/airflow/.local/lib/python3.7/site-packages/airflow/example_dags/example_xcom.py
[2023-02-21T11:54:16.699+0000] {processor.py:753} INFO - DAG(s) dict_keys(['example_xcom']) retrieved from /home/airflow/.local/lib/python3.7/site-packages/airflow/example_dags/example_xcom.py
[2023-02-21T11:54:16.772+0000] {logging_mixin.py:137} INFO - [2023-02-21T11:54:16.772+0000] {dag.py:2690} INFO - Sync 1 DAGs
[2023-02-21T11:54:16.821+0000] {logging_mixin.py:137} INFO - [2023-02-21T11:54:16.821+0000] {dag.py:3441} INFO - Setting next_dagrun for example_xcom to 2021-01-01T00:00:00+00:00, run_after=2021-01-01T00:00:00+00:00
[2023-02-21T11:54:16.868+0000] {processor.py:175} INFO - Processing /home/airflow/.local/lib/python3.7/site-packages/airflow/example_dags/example_xcom.py took 0.397 seconds
[2023-02-21T11:54:47.361+0000] {processor.py:153} INFO - Started process (PID=841) to work on /home/airflow/.local/lib/python3.7/site-packages/airflow/example_dags/example_xcom.py
[2023-02-21T11:54:47.364+0000] {processor.py:743} INFO - Processing file /home/airflow/.local/lib/python3.7/site-packages/airflow/example_dags/example_xcom.py for tasks to queue
[2023-02-21T11:54:47.369+0000] {logging_mixin.py:137} INFO - [2023-02-21T11:54:47.368+0000] {dagbag.py:538} INFO - Filling up the DagBag from /home/airflow/.local/lib/python3.7/site-packages/airflow/example_dags/example_xcom.py
[2023-02-21T11:54:47.446+0000] {processor.py:753} INFO - DAG(s) dict_keys(['example_xcom']) retrieved from /home/airflow/.local/lib/python3.7/site-packages/airflow/example_dags/example_xcom.py
[2023-02-21T11:54:47.577+0000] {logging_mixin.py:137} INFO - [2023-02-21T11:54:47.571+0000] {dag.py:2690} INFO - Sync 1 DAGs
[2023-02-21T11:54:47.697+0000] {logging_mixin.py:137} INFO - [2023-02-21T11:54:47.696+0000] {dag.py:3441} INFO - Setting next_dagrun for example_xcom to 2021-01-01T00:00:00+00:00, run_after=2021-01-01T00:00:00+00:00
[2023-02-21T11:54:47.862+0000] {processor.py:175} INFO - Processing /home/airflow/.local/lib/python3.7/site-packages/airflow/example_dags/example_xcom.py took 0.506 seconds
[2023-02-21T11:55:27.874+0000] {processor.py:153} INFO - Started process (PID=886) to work on /home/airflow/.local/lib/python3.7/site-packages/airflow/example_dags/example_xcom.py
[2023-02-21T11:55:27.915+0000] {processor.py:743} INFO - Processing file /home/airflow/.local/lib/python3.7/site-packages/airflow/example_dags/example_xcom.py for tasks to queue
[2023-02-21T11:55:28.180+0000] {logging_mixin.py:137} INFO - [2023-02-21T11:55:28.155+0000] {dagbag.py:538} INFO - Filling up the DagBag from /home/airflow/.local/lib/python3.7/site-packages/airflow/example_dags/example_xcom.py
[2023-02-21T11:55:29.354+0000] {processor.py:753} INFO - DAG(s) dict_keys(['example_xcom']) retrieved from /home/airflow/.local/lib/python3.7/site-packages/airflow/example_dags/example_xcom.py
[2023-02-21T11:55:30.042+0000] {logging_mixin.py:137} INFO - [2023-02-21T11:55:30.042+0000] {dag.py:2690} INFO - Sync 1 DAGs
[2023-02-21T11:55:30.717+0000] {logging_mixin.py:137} INFO - [2023-02-21T11:55:30.716+0000] {dag.py:3441} INFO - Setting next_dagrun for example_xcom to 2021-01-01T00:00:00+00:00, run_after=2021-01-01T00:00:00+00:00
[2023-02-21T11:55:31.039+0000] {processor.py:175} INFO - Processing /home/airflow/.local/lib/python3.7/site-packages/airflow/example_dags/example_xcom.py took 3.230 seconds
[2023-02-21T11:56:01.556+0000] {processor.py:153} INFO - Started process (PID=946) to work on /home/airflow/.local/lib/python3.7/site-packages/airflow/example_dags/example_xcom.py
[2023-02-21T11:56:01.596+0000] {processor.py:743} INFO - Processing file /home/airflow/.local/lib/python3.7/site-packages/airflow/example_dags/example_xcom.py for tasks to queue
[2023-02-21T11:56:01.599+0000] {logging_mixin.py:137} INFO - [2023-02-21T11:56:01.599+0000] {dagbag.py:538} INFO - Filling up the DagBag from /home/airflow/.local/lib/python3.7/site-packages/airflow/example_dags/example_xcom.py
[2023-02-21T11:56:01.799+0000] {processor.py:753} INFO - DAG(s) dict_keys(['example_xcom']) retrieved from /home/airflow/.local/lib/python3.7/site-packages/airflow/example_dags/example_xcom.py
[2023-02-21T11:56:01.899+0000] {logging_mixin.py:137} INFO - [2023-02-21T11:56:01.899+0000] {dag.py:2690} INFO - Sync 1 DAGs
[2023-02-21T11:56:02.009+0000] {logging_mixin.py:137} INFO - [2023-02-21T11:56:02.008+0000] {dag.py:3441} INFO - Setting next_dagrun for example_xcom to 2021-01-01T00:00:00+00:00, run_after=2021-01-01T00:00:00+00:00
[2023-02-21T11:56:02.179+0000] {processor.py:175} INFO - Processing /home/airflow/.local/lib/python3.7/site-packages/airflow/example_dags/example_xcom.py took 0.640 seconds
[2023-02-21T11:56:32.391+0000] {processor.py:153} INFO - Started process (PID=1005) to work on /home/airflow/.local/lib/python3.7/site-packages/airflow/example_dags/example_xcom.py
[2023-02-21T11:56:32.398+0000] {processor.py:743} INFO - Processing file /home/airflow/.local/lib/python3.7/site-packages/airflow/example_dags/example_xcom.py for tasks to queue
[2023-02-21T11:56:32.431+0000] {logging_mixin.py:137} INFO - [2023-02-21T11:56:32.430+0000] {dagbag.py:538} INFO - Filling up the DagBag from /home/airflow/.local/lib/python3.7/site-packages/airflow/example_dags/example_xcom.py
[2023-02-21T11:56:32.521+0000] {processor.py:753} INFO - DAG(s) dict_keys(['example_xcom']) retrieved from /home/airflow/.local/lib/python3.7/site-packages/airflow/example_dags/example_xcom.py
[2023-02-21T11:56:32.715+0000] {logging_mixin.py:137} INFO - [2023-02-21T11:56:32.714+0000] {dag.py:2690} INFO - Sync 1 DAGs
[2023-02-21T11:56:32.885+0000] {logging_mixin.py:137} INFO - [2023-02-21T11:56:32.884+0000] {dag.py:3441} INFO - Setting next_dagrun for example_xcom to 2021-01-01T00:00:00+00:00, run_after=2021-01-01T00:00:00+00:00
[2023-02-21T11:56:32.990+0000] {processor.py:175} INFO - Processing /home/airflow/.local/lib/python3.7/site-packages/airflow/example_dags/example_xcom.py took 0.612 seconds
[2023-02-21T11:57:03.190+0000] {processor.py:153} INFO - Started process (PID=1064) to work on /home/airflow/.local/lib/python3.7/site-packages/airflow/example_dags/example_xcom.py
[2023-02-21T11:57:03.229+0000] {processor.py:743} INFO - Processing file /home/airflow/.local/lib/python3.7/site-packages/airflow/example_dags/example_xcom.py for tasks to queue
[2023-02-21T11:57:03.232+0000] {logging_mixin.py:137} INFO - [2023-02-21T11:57:03.232+0000] {dagbag.py:538} INFO - Filling up the DagBag from /home/airflow/.local/lib/python3.7/site-packages/airflow/example_dags/example_xcom.py
[2023-02-21T11:57:03.363+0000] {processor.py:753} INFO - DAG(s) dict_keys(['example_xcom']) retrieved from /home/airflow/.local/lib/python3.7/site-packages/airflow/example_dags/example_xcom.py
[2023-02-21T11:57:03.453+0000] {logging_mixin.py:137} INFO - [2023-02-21T11:57:03.453+0000] {dag.py:2690} INFO - Sync 1 DAGs
[2023-02-21T11:57:03.644+0000] {logging_mixin.py:137} INFO - [2023-02-21T11:57:03.644+0000] {dag.py:3441} INFO - Setting next_dagrun for example_xcom to 2021-01-01T00:00:00+00:00, run_after=2021-01-01T00:00:00+00:00
[2023-02-21T11:57:03.834+0000] {processor.py:175} INFO - Processing /home/airflow/.local/lib/python3.7/site-packages/airflow/example_dags/example_xcom.py took 0.659 seconds
[2023-02-21T11:57:34.200+0000] {processor.py:153} INFO - Started process (PID=1122) to work on /home/airflow/.local/lib/python3.7/site-packages/airflow/example_dags/example_xcom.py
[2023-02-21T11:57:34.217+0000] {processor.py:743} INFO - Processing file /home/airflow/.local/lib/python3.7/site-packages/airflow/example_dags/example_xcom.py for tasks to queue
[2023-02-21T11:57:34.223+0000] {logging_mixin.py:137} INFO - [2023-02-21T11:57:34.223+0000] {dagbag.py:538} INFO - Filling up the DagBag from /home/airflow/.local/lib/python3.7/site-packages/airflow/example_dags/example_xcom.py
[2023-02-21T11:57:34.315+0000] {processor.py:753} INFO - DAG(s) dict_keys(['example_xcom']) retrieved from /home/airflow/.local/lib/python3.7/site-packages/airflow/example_dags/example_xcom.py
[2023-02-21T11:57:34.426+0000] {logging_mixin.py:137} INFO - [2023-02-21T11:57:34.426+0000] {dag.py:2690} INFO - Sync 1 DAGs
[2023-02-21T11:57:34.550+0000] {logging_mixin.py:137} INFO - [2023-02-21T11:57:34.550+0000] {dag.py:3441} INFO - Setting next_dagrun for example_xcom to 2021-01-01T00:00:00+00:00, run_after=2021-01-01T00:00:00+00:00
[2023-02-21T11:57:34.717+0000] {processor.py:175} INFO - Processing /home/airflow/.local/lib/python3.7/site-packages/airflow/example_dags/example_xcom.py took 0.539 seconds
[2023-02-21T11:58:05.140+0000] {processor.py:153} INFO - Started process (PID=1170) to work on /home/airflow/.local/lib/python3.7/site-packages/airflow/example_dags/example_xcom.py
[2023-02-21T11:58:05.142+0000] {processor.py:743} INFO - Processing file /home/airflow/.local/lib/python3.7/site-packages/airflow/example_dags/example_xcom.py for tasks to queue
[2023-02-21T11:58:05.144+0000] {logging_mixin.py:137} INFO - [2023-02-21T11:58:05.144+0000] {dagbag.py:538} INFO - Filling up the DagBag from /home/airflow/.local/lib/python3.7/site-packages/airflow/example_dags/example_xcom.py
[2023-02-21T11:58:05.192+0000] {processor.py:753} INFO - DAG(s) dict_keys(['example_xcom']) retrieved from /home/airflow/.local/lib/python3.7/site-packages/airflow/example_dags/example_xcom.py
[2023-02-21T11:58:05.260+0000] {logging_mixin.py:137} INFO - [2023-02-21T11:58:05.260+0000] {dag.py:2690} INFO - Sync 1 DAGs
[2023-02-21T11:58:05.296+0000] {logging_mixin.py:137} INFO - [2023-02-21T11:58:05.296+0000] {dag.py:3441} INFO - Setting next_dagrun for example_xcom to 2021-01-01T00:00:00+00:00, run_after=2021-01-01T00:00:00+00:00
[2023-02-21T11:58:05.339+0000] {processor.py:175} INFO - Processing /home/airflow/.local/lib/python3.7/site-packages/airflow/example_dags/example_xcom.py took 0.204 seconds
[2023-02-21T11:58:35.732+0000] {processor.py:153} INFO - Started process (PID=1229) to work on /home/airflow/.local/lib/python3.7/site-packages/airflow/example_dags/example_xcom.py
[2023-02-21T11:58:35.735+0000] {processor.py:743} INFO - Processing file /home/airflow/.local/lib/python3.7/site-packages/airflow/example_dags/example_xcom.py for tasks to queue
[2023-02-21T11:58:35.738+0000] {logging_mixin.py:137} INFO - [2023-02-21T11:58:35.737+0000] {dagbag.py:538} INFO - Filling up the DagBag from /home/airflow/.local/lib/python3.7/site-packages/airflow/example_dags/example_xcom.py
[2023-02-21T11:58:35.791+0000] {processor.py:753} INFO - DAG(s) dict_keys(['example_xcom']) retrieved from /home/airflow/.local/lib/python3.7/site-packages/airflow/example_dags/example_xcom.py
[2023-02-21T11:58:35.878+0000] {logging_mixin.py:137} INFO - [2023-02-21T11:58:35.878+0000] {dag.py:2690} INFO - Sync 1 DAGs
[2023-02-21T11:58:35.930+0000] {logging_mixin.py:137} INFO - [2023-02-21T11:58:35.930+0000] {dag.py:3441} INFO - Setting next_dagrun for example_xcom to 2021-01-01T00:00:00+00:00, run_after=2021-01-01T00:00:00+00:00
[2023-02-21T11:58:35.996+0000] {processor.py:175} INFO - Processing /home/airflow/.local/lib/python3.7/site-packages/airflow/example_dags/example_xcom.py took 0.272 seconds
[2023-02-21T11:59:06.085+0000] {processor.py:153} INFO - Started process (PID=1288) to work on /home/airflow/.local/lib/python3.7/site-packages/airflow/example_dags/example_xcom.py
[2023-02-21T11:59:06.088+0000] {processor.py:743} INFO - Processing file /home/airflow/.local/lib/python3.7/site-packages/airflow/example_dags/example_xcom.py for tasks to queue
[2023-02-21T11:59:06.096+0000] {logging_mixin.py:137} INFO - [2023-02-21T11:59:06.095+0000] {dagbag.py:538} INFO - Filling up the DagBag from /home/airflow/.local/lib/python3.7/site-packages/airflow/example_dags/example_xcom.py
[2023-02-21T11:59:06.141+0000] {processor.py:753} INFO - DAG(s) dict_keys(['example_xcom']) retrieved from /home/airflow/.local/lib/python3.7/site-packages/airflow/example_dags/example_xcom.py
[2023-02-21T11:59:06.198+0000] {logging_mixin.py:137} INFO - [2023-02-21T11:59:06.198+0000] {dag.py:2690} INFO - Sync 1 DAGs
[2023-02-21T11:59:06.246+0000] {logging_mixin.py:137} INFO - [2023-02-21T11:59:06.246+0000] {dag.py:3441} INFO - Setting next_dagrun for example_xcom to 2021-01-01T00:00:00+00:00, run_after=2021-01-01T00:00:00+00:00
[2023-02-21T11:59:06.284+0000] {processor.py:175} INFO - Processing /home/airflow/.local/lib/python3.7/site-packages/airflow/example_dags/example_xcom.py took 0.207 seconds
[2023-02-21T11:59:36.620+0000] {processor.py:153} INFO - Started process (PID=1345) to work on /home/airflow/.local/lib/python3.7/site-packages/airflow/example_dags/example_xcom.py
[2023-02-21T11:59:36.624+0000] {processor.py:743} INFO - Processing file /home/airflow/.local/lib/python3.7/site-packages/airflow/example_dags/example_xcom.py for tasks to queue
[2023-02-21T11:59:36.628+0000] {logging_mixin.py:137} INFO - [2023-02-21T11:59:36.627+0000] {dagbag.py:538} INFO - Filling up the DagBag from /home/airflow/.local/lib/python3.7/site-packages/airflow/example_dags/example_xcom.py
[2023-02-21T11:59:36.814+0000] {processor.py:753} INFO - DAG(s) dict_keys(['example_xcom']) retrieved from /home/airflow/.local/lib/python3.7/site-packages/airflow/example_dags/example_xcom.py
[2023-02-21T11:59:36.883+0000] {logging_mixin.py:137} INFO - [2023-02-21T11:59:36.883+0000] {dag.py:2690} INFO - Sync 1 DAGs
[2023-02-21T11:59:37.025+0000] {logging_mixin.py:137} INFO - [2023-02-21T11:59:37.024+0000] {dag.py:3441} INFO - Setting next_dagrun for example_xcom to 2021-01-01T00:00:00+00:00, run_after=2021-01-01T00:00:00+00:00
[2023-02-21T11:59:37.202+0000] {processor.py:175} INFO - Processing /home/airflow/.local/lib/python3.7/site-packages/airflow/example_dags/example_xcom.py took 0.590 seconds
[2023-02-21T12:00:07.482+0000] {processor.py:153} INFO - Started process (PID=1394) to work on /home/airflow/.local/lib/python3.7/site-packages/airflow/example_dags/example_xcom.py
[2023-02-21T12:00:07.484+0000] {processor.py:743} INFO - Processing file /home/airflow/.local/lib/python3.7/site-packages/airflow/example_dags/example_xcom.py for tasks to queue
[2023-02-21T12:00:07.498+0000] {logging_mixin.py:137} INFO - [2023-02-21T12:00:07.498+0000] {dagbag.py:538} INFO - Filling up the DagBag from /home/airflow/.local/lib/python3.7/site-packages/airflow/example_dags/example_xcom.py
[2023-02-21T12:00:07.555+0000] {processor.py:753} INFO - DAG(s) dict_keys(['example_xcom']) retrieved from /home/airflow/.local/lib/python3.7/site-packages/airflow/example_dags/example_xcom.py
[2023-02-21T12:00:07.621+0000] {logging_mixin.py:137} INFO - [2023-02-21T12:00:07.620+0000] {dag.py:2690} INFO - Sync 1 DAGs
[2023-02-21T12:00:07.667+0000] {logging_mixin.py:137} INFO - [2023-02-21T12:00:07.667+0000] {dag.py:3441} INFO - Setting next_dagrun for example_xcom to 2021-01-01T00:00:00+00:00, run_after=2021-01-01T00:00:00+00:00
[2023-02-21T12:00:07.721+0000] {processor.py:175} INFO - Processing /home/airflow/.local/lib/python3.7/site-packages/airflow/example_dags/example_xcom.py took 0.244 seconds
[2023-02-21T12:00:39.175+0000] {processor.py:153} INFO - Started process (PID=1451) to work on /home/airflow/.local/lib/python3.7/site-packages/airflow/example_dags/example_xcom.py
[2023-02-21T12:00:39.178+0000] {processor.py:743} INFO - Processing file /home/airflow/.local/lib/python3.7/site-packages/airflow/example_dags/example_xcom.py for tasks to queue
[2023-02-21T12:00:39.183+0000] {logging_mixin.py:137} INFO - [2023-02-21T12:00:39.181+0000] {dagbag.py:538} INFO - Filling up the DagBag from /home/airflow/.local/lib/python3.7/site-packages/airflow/example_dags/example_xcom.py
[2023-02-21T12:00:39.455+0000] {processor.py:753} INFO - DAG(s) dict_keys(['example_xcom']) retrieved from /home/airflow/.local/lib/python3.7/site-packages/airflow/example_dags/example_xcom.py
[2023-02-21T12:00:39.532+0000] {logging_mixin.py:137} INFO - [2023-02-21T12:00:39.532+0000] {dag.py:2690} INFO - Sync 1 DAGs
[2023-02-21T12:00:39.772+0000] {logging_mixin.py:137} INFO - [2023-02-21T12:00:39.771+0000] {dag.py:3441} INFO - Setting next_dagrun for example_xcom to 2021-01-01T00:00:00+00:00, run_after=2021-01-01T00:00:00+00:00
[2023-02-21T12:00:40.004+0000] {processor.py:175} INFO - Processing /home/airflow/.local/lib/python3.7/site-packages/airflow/example_dags/example_xcom.py took 0.876 seconds
[2023-02-21T12:01:10.439+0000] {processor.py:153} INFO - Started process (PID=1500) to work on /home/airflow/.local/lib/python3.7/site-packages/airflow/example_dags/example_xcom.py
[2023-02-21T12:01:10.443+0000] {processor.py:743} INFO - Processing file /home/airflow/.local/lib/python3.7/site-packages/airflow/example_dags/example_xcom.py for tasks to queue
[2023-02-21T12:01:10.463+0000] {logging_mixin.py:137} INFO - [2023-02-21T12:01:10.463+0000] {dagbag.py:538} INFO - Filling up the DagBag from /home/airflow/.local/lib/python3.7/site-packages/airflow/example_dags/example_xcom.py
[2023-02-21T12:01:10.529+0000] {processor.py:753} INFO - DAG(s) dict_keys(['example_xcom']) retrieved from /home/airflow/.local/lib/python3.7/site-packages/airflow/example_dags/example_xcom.py
[2023-02-21T12:01:10.563+0000] {logging_mixin.py:137} INFO - [2023-02-21T12:01:10.559+0000] {dag.py:2690} INFO - Sync 1 DAGs
[2023-02-21T12:01:10.618+0000] {logging_mixin.py:137} INFO - [2023-02-21T12:01:10.618+0000] {dag.py:3441} INFO - Setting next_dagrun for example_xcom to 2021-01-01T00:00:00+00:00, run_after=2021-01-01T00:00:00+00:00
[2023-02-21T12:01:10.704+0000] {processor.py:175} INFO - Processing /home/airflow/.local/lib/python3.7/site-packages/airflow/example_dags/example_xcom.py took 0.283 seconds
[2023-02-21T12:01:40.914+0000] {processor.py:153} INFO - Started process (PID=1559) to work on /home/airflow/.local/lib/python3.7/site-packages/airflow/example_dags/example_xcom.py
[2023-02-21T12:01:40.917+0000] {processor.py:743} INFO - Processing file /home/airflow/.local/lib/python3.7/site-packages/airflow/example_dags/example_xcom.py for tasks to queue
[2023-02-21T12:01:40.920+0000] {logging_mixin.py:137} INFO - [2023-02-21T12:01:40.920+0000] {dagbag.py:538} INFO - Filling up the DagBag from /home/airflow/.local/lib/python3.7/site-packages/airflow/example_dags/example_xcom.py
[2023-02-21T12:01:40.960+0000] {processor.py:753} INFO - DAG(s) dict_keys(['example_xcom']) retrieved from /home/airflow/.local/lib/python3.7/site-packages/airflow/example_dags/example_xcom.py
[2023-02-21T12:01:41.010+0000] {logging_mixin.py:137} INFO - [2023-02-21T12:01:41.009+0000] {dag.py:2690} INFO - Sync 1 DAGs
[2023-02-21T12:01:41.048+0000] {logging_mixin.py:137} INFO - [2023-02-21T12:01:41.047+0000] {dag.py:3441} INFO - Setting next_dagrun for example_xcom to 2021-01-01T00:00:00+00:00, run_after=2021-01-01T00:00:00+00:00
[2023-02-21T12:01:41.087+0000] {processor.py:175} INFO - Processing /home/airflow/.local/lib/python3.7/site-packages/airflow/example_dags/example_xcom.py took 0.179 seconds
[2023-02-21T12:02:11.163+0000] {processor.py:153} INFO - Started process (PID=1629) to work on /home/airflow/.local/lib/python3.7/site-packages/airflow/example_dags/example_xcom.py
[2023-02-21T12:02:11.167+0000] {processor.py:743} INFO - Processing file /home/airflow/.local/lib/python3.7/site-packages/airflow/example_dags/example_xcom.py for tasks to queue
[2023-02-21T12:02:11.170+0000] {logging_mixin.py:137} INFO - [2023-02-21T12:02:11.170+0000] {dagbag.py:538} INFO - Filling up the DagBag from /home/airflow/.local/lib/python3.7/site-packages/airflow/example_dags/example_xcom.py
[2023-02-21T12:02:11.218+0000] {processor.py:753} INFO - DAG(s) dict_keys(['example_xcom']) retrieved from /home/airflow/.local/lib/python3.7/site-packages/airflow/example_dags/example_xcom.py
[2023-02-21T12:02:11.291+0000] {logging_mixin.py:137} INFO - [2023-02-21T12:02:11.291+0000] {dag.py:2690} INFO - Sync 1 DAGs
[2023-02-21T12:02:11.379+0000] {logging_mixin.py:137} INFO - [2023-02-21T12:02:11.379+0000] {dag.py:3441} INFO - Setting next_dagrun for example_xcom to 2021-01-01T00:00:00+00:00, run_after=2021-01-01T00:00:00+00:00
[2023-02-21T12:02:11.432+0000] {processor.py:175} INFO - Processing /home/airflow/.local/lib/python3.7/site-packages/airflow/example_dags/example_xcom.py took 0.276 seconds
[2023-02-21T12:02:42.185+0000] {processor.py:153} INFO - Started process (PID=1690) to work on /home/airflow/.local/lib/python3.7/site-packages/airflow/example_dags/example_xcom.py
[2023-02-21T12:02:42.195+0000] {processor.py:743} INFO - Processing file /home/airflow/.local/lib/python3.7/site-packages/airflow/example_dags/example_xcom.py for tasks to queue
[2023-02-21T12:02:42.199+0000] {logging_mixin.py:137} INFO - [2023-02-21T12:02:42.199+0000] {dagbag.py:538} INFO - Filling up the DagBag from /home/airflow/.local/lib/python3.7/site-packages/airflow/example_dags/example_xcom.py
[2023-02-21T12:02:42.308+0000] {processor.py:753} INFO - DAG(s) dict_keys(['example_xcom']) retrieved from /home/airflow/.local/lib/python3.7/site-packages/airflow/example_dags/example_xcom.py
[2023-02-21T12:02:42.392+0000] {logging_mixin.py:137} INFO - [2023-02-21T12:02:42.392+0000] {dag.py:2690} INFO - Sync 1 DAGs
[2023-02-21T12:02:42.459+0000] {logging_mixin.py:137} INFO - [2023-02-21T12:02:42.459+0000] {dag.py:3441} INFO - Setting next_dagrun for example_xcom to 2021-01-01T00:00:00+00:00, run_after=2021-01-01T00:00:00+00:00
[2023-02-21T12:02:42.517+0000] {processor.py:175} INFO - Processing /home/airflow/.local/lib/python3.7/site-packages/airflow/example_dags/example_xcom.py took 0.355 seconds
[2023-02-21T12:03:13.008+0000] {processor.py:153} INFO - Started process (PID=1738) to work on /home/airflow/.local/lib/python3.7/site-packages/airflow/example_dags/example_xcom.py
[2023-02-21T12:03:13.012+0000] {processor.py:743} INFO - Processing file /home/airflow/.local/lib/python3.7/site-packages/airflow/example_dags/example_xcom.py for tasks to queue
[2023-02-21T12:03:13.020+0000] {logging_mixin.py:137} INFO - [2023-02-21T12:03:13.020+0000] {dagbag.py:538} INFO - Filling up the DagBag from /home/airflow/.local/lib/python3.7/site-packages/airflow/example_dags/example_xcom.py
[2023-02-21T12:03:13.075+0000] {processor.py:753} INFO - DAG(s) dict_keys(['example_xcom']) retrieved from /home/airflow/.local/lib/python3.7/site-packages/airflow/example_dags/example_xcom.py
[2023-02-21T12:03:13.140+0000] {logging_mixin.py:137} INFO - [2023-02-21T12:03:13.140+0000] {dag.py:2690} INFO - Sync 1 DAGs
[2023-02-21T12:03:13.185+0000] {logging_mixin.py:137} INFO - [2023-02-21T12:03:13.184+0000] {dag.py:3441} INFO - Setting next_dagrun for example_xcom to 2021-01-01T00:00:00+00:00, run_after=2021-01-01T00:00:00+00:00
[2023-02-21T12:03:13.233+0000] {processor.py:175} INFO - Processing /home/airflow/.local/lib/python3.7/site-packages/airflow/example_dags/example_xcom.py took 0.235 seconds
[2023-02-21T12:03:43.426+0000] {processor.py:153} INFO - Started process (PID=1804) to work on /home/airflow/.local/lib/python3.7/site-packages/airflow/example_dags/example_xcom.py
[2023-02-21T12:03:43.431+0000] {processor.py:743} INFO - Processing file /home/airflow/.local/lib/python3.7/site-packages/airflow/example_dags/example_xcom.py for tasks to queue
[2023-02-21T12:03:43.436+0000] {logging_mixin.py:137} INFO - [2023-02-21T12:03:43.435+0000] {dagbag.py:538} INFO - Filling up the DagBag from /home/airflow/.local/lib/python3.7/site-packages/airflow/example_dags/example_xcom.py
[2023-02-21T12:03:43.542+0000] {processor.py:753} INFO - DAG(s) dict_keys(['example_xcom']) retrieved from /home/airflow/.local/lib/python3.7/site-packages/airflow/example_dags/example_xcom.py
[2023-02-21T12:03:43.659+0000] {logging_mixin.py:137} INFO - [2023-02-21T12:03:43.659+0000] {dag.py:2690} INFO - Sync 1 DAGs
[2023-02-21T12:03:43.765+0000] {logging_mixin.py:137} INFO - [2023-02-21T12:03:43.764+0000] {dag.py:3441} INFO - Setting next_dagrun for example_xcom to 2021-01-01T00:00:00+00:00, run_after=2021-01-01T00:00:00+00:00
[2023-02-21T12:03:44.083+0000] {processor.py:175} INFO - Processing /home/airflow/.local/lib/python3.7/site-packages/airflow/example_dags/example_xcom.py took 0.682 seconds
[2023-02-21T12:04:15.108+0000] {processor.py:153} INFO - Started process (PID=1863) to work on /home/airflow/.local/lib/python3.7/site-packages/airflow/example_dags/example_xcom.py
[2023-02-21T12:04:15.111+0000] {processor.py:743} INFO - Processing file /home/airflow/.local/lib/python3.7/site-packages/airflow/example_dags/example_xcom.py for tasks to queue
[2023-02-21T12:04:15.114+0000] {logging_mixin.py:137} INFO - [2023-02-21T12:04:15.113+0000] {dagbag.py:538} INFO - Filling up the DagBag from /home/airflow/.local/lib/python3.7/site-packages/airflow/example_dags/example_xcom.py
[2023-02-21T12:04:15.221+0000] {processor.py:753} INFO - DAG(s) dict_keys(['example_xcom']) retrieved from /home/airflow/.local/lib/python3.7/site-packages/airflow/example_dags/example_xcom.py
[2023-02-21T12:04:15.292+0000] {logging_mixin.py:137} INFO - [2023-02-21T12:04:15.292+0000] {dag.py:2690} INFO - Sync 1 DAGs
[2023-02-21T12:04:15.340+0000] {logging_mixin.py:137} INFO - [2023-02-21T12:04:15.339+0000] {dag.py:3441} INFO - Setting next_dagrun for example_xcom to 2021-01-01T00:00:00+00:00, run_after=2021-01-01T00:00:00+00:00
[2023-02-21T12:04:15.382+0000] {processor.py:175} INFO - Processing /home/airflow/.local/lib/python3.7/site-packages/airflow/example_dags/example_xcom.py took 0.283 seconds
[2023-02-21T12:04:45.612+0000] {processor.py:153} INFO - Started process (PID=1911) to work on /home/airflow/.local/lib/python3.7/site-packages/airflow/example_dags/example_xcom.py
[2023-02-21T12:04:45.614+0000] {processor.py:743} INFO - Processing file /home/airflow/.local/lib/python3.7/site-packages/airflow/example_dags/example_xcom.py for tasks to queue
[2023-02-21T12:04:45.617+0000] {logging_mixin.py:137} INFO - [2023-02-21T12:04:45.617+0000] {dagbag.py:538} INFO - Filling up the DagBag from /home/airflow/.local/lib/python3.7/site-packages/airflow/example_dags/example_xcom.py
[2023-02-21T12:04:45.683+0000] {processor.py:753} INFO - DAG(s) dict_keys(['example_xcom']) retrieved from /home/airflow/.local/lib/python3.7/site-packages/airflow/example_dags/example_xcom.py
[2023-02-21T12:04:45.863+0000] {logging_mixin.py:137} INFO - [2023-02-21T12:04:45.862+0000] {dag.py:2690} INFO - Sync 1 DAGs
[2023-02-21T12:04:46.007+0000] {logging_mixin.py:137} INFO - [2023-02-21T12:04:46.007+0000] {dag.py:3441} INFO - Setting next_dagrun for example_xcom to 2021-01-01T00:00:00+00:00, run_after=2021-01-01T00:00:00+00:00
[2023-02-21T12:04:46.109+0000] {processor.py:175} INFO - Processing /home/airflow/.local/lib/python3.7/site-packages/airflow/example_dags/example_xcom.py took 0.502 seconds
[2023-02-21T12:05:16.215+0000] {processor.py:153} INFO - Started process (PID=1969) to work on /home/airflow/.local/lib/python3.7/site-packages/airflow/example_dags/example_xcom.py
[2023-02-21T12:05:16.218+0000] {processor.py:743} INFO - Processing file /home/airflow/.local/lib/python3.7/site-packages/airflow/example_dags/example_xcom.py for tasks to queue
[2023-02-21T12:05:16.221+0000] {logging_mixin.py:137} INFO - [2023-02-21T12:05:16.220+0000] {dagbag.py:538} INFO - Filling up the DagBag from /home/airflow/.local/lib/python3.7/site-packages/airflow/example_dags/example_xcom.py
[2023-02-21T12:05:16.274+0000] {processor.py:753} INFO - DAG(s) dict_keys(['example_xcom']) retrieved from /home/airflow/.local/lib/python3.7/site-packages/airflow/example_dags/example_xcom.py
[2023-02-21T12:05:16.356+0000] {logging_mixin.py:137} INFO - [2023-02-21T12:05:16.355+0000] {dag.py:2690} INFO - Sync 1 DAGs
[2023-02-21T12:05:16.422+0000] {logging_mixin.py:137} INFO - [2023-02-21T12:05:16.421+0000] {dag.py:3441} INFO - Setting next_dagrun for example_xcom to 2021-01-01T00:00:00+00:00, run_after=2021-01-01T00:00:00+00:00
[2023-02-21T12:05:16.493+0000] {processor.py:175} INFO - Processing /home/airflow/.local/lib/python3.7/site-packages/airflow/example_dags/example_xcom.py took 0.286 seconds
[2023-02-21T12:05:47.065+0000] {processor.py:153} INFO - Started process (PID=2028) to work on /home/airflow/.local/lib/python3.7/site-packages/airflow/example_dags/example_xcom.py
[2023-02-21T12:05:47.068+0000] {processor.py:743} INFO - Processing file /home/airflow/.local/lib/python3.7/site-packages/airflow/example_dags/example_xcom.py for tasks to queue
[2023-02-21T12:05:47.070+0000] {logging_mixin.py:137} INFO - [2023-02-21T12:05:47.070+0000] {dagbag.py:538} INFO - Filling up the DagBag from /home/airflow/.local/lib/python3.7/site-packages/airflow/example_dags/example_xcom.py
[2023-02-21T12:05:47.165+0000] {processor.py:753} INFO - DAG(s) dict_keys(['example_xcom']) retrieved from /home/airflow/.local/lib/python3.7/site-packages/airflow/example_dags/example_xcom.py
[2023-02-21T12:05:47.249+0000] {logging_mixin.py:137} INFO - [2023-02-21T12:05:47.249+0000] {dag.py:2690} INFO - Sync 1 DAGs
[2023-02-21T12:05:47.319+0000] {logging_mixin.py:137} INFO - [2023-02-21T12:05:47.318+0000] {dag.py:3441} INFO - Setting next_dagrun for example_xcom to 2021-01-01T00:00:00+00:00, run_after=2021-01-01T00:00:00+00:00
[2023-02-21T12:05:47.368+0000] {processor.py:175} INFO - Processing /home/airflow/.local/lib/python3.7/site-packages/airflow/example_dags/example_xcom.py took 0.312 seconds
[2023-02-21T12:06:17.718+0000] {processor.py:153} INFO - Started process (PID=2087) to work on /home/airflow/.local/lib/python3.7/site-packages/airflow/example_dags/example_xcom.py
[2023-02-21T12:06:17.726+0000] {processor.py:743} INFO - Processing file /home/airflow/.local/lib/python3.7/site-packages/airflow/example_dags/example_xcom.py for tasks to queue
[2023-02-21T12:06:17.734+0000] {logging_mixin.py:137} INFO - [2023-02-21T12:06:17.733+0000] {dagbag.py:538} INFO - Filling up the DagBag from /home/airflow/.local/lib/python3.7/site-packages/airflow/example_dags/example_xcom.py
[2023-02-21T12:06:17.783+0000] {processor.py:753} INFO - DAG(s) dict_keys(['example_xcom']) retrieved from /home/airflow/.local/lib/python3.7/site-packages/airflow/example_dags/example_xcom.py
[2023-02-21T12:06:17.889+0000] {logging_mixin.py:137} INFO - [2023-02-21T12:06:17.889+0000] {dag.py:2690} INFO - Sync 1 DAGs
[2023-02-21T12:06:17.968+0000] {logging_mixin.py:137} INFO - [2023-02-21T12:06:17.967+0000] {dag.py:3441} INFO - Setting next_dagrun for example_xcom to 2021-01-01T00:00:00+00:00, run_after=2021-01-01T00:00:00+00:00
[2023-02-21T12:06:18.063+0000] {processor.py:175} INFO - Processing /home/airflow/.local/lib/python3.7/site-packages/airflow/example_dags/example_xcom.py took 0.356 seconds
[2023-02-21T12:06:48.198+0000] {processor.py:153} INFO - Started process (PID=2136) to work on /home/airflow/.local/lib/python3.7/site-packages/airflow/example_dags/example_xcom.py
[2023-02-21T12:06:48.205+0000] {processor.py:743} INFO - Processing file /home/airflow/.local/lib/python3.7/site-packages/airflow/example_dags/example_xcom.py for tasks to queue
[2023-02-21T12:06:48.207+0000] {logging_mixin.py:137} INFO - [2023-02-21T12:06:48.207+0000] {dagbag.py:538} INFO - Filling up the DagBag from /home/airflow/.local/lib/python3.7/site-packages/airflow/example_dags/example_xcom.py
[2023-02-21T12:06:48.254+0000] {processor.py:753} INFO - DAG(s) dict_keys(['example_xcom']) retrieved from /home/airflow/.local/lib/python3.7/site-packages/airflow/example_dags/example_xcom.py
[2023-02-21T12:06:48.301+0000] {logging_mixin.py:137} INFO - [2023-02-21T12:06:48.300+0000] {dag.py:2690} INFO - Sync 1 DAGs
[2023-02-21T12:06:48.334+0000] {logging_mixin.py:137} INFO - [2023-02-21T12:06:48.334+0000] {dag.py:3441} INFO - Setting next_dagrun for example_xcom to 2021-01-01T00:00:00+00:00, run_after=2021-01-01T00:00:00+00:00
[2023-02-21T12:06:48.378+0000] {processor.py:175} INFO - Processing /home/airflow/.local/lib/python3.7/site-packages/airflow/example_dags/example_xcom.py took 0.197 seconds
[2023-02-21T12:07:19.048+0000] {processor.py:153} INFO - Started process (PID=2193) to work on /home/airflow/.local/lib/python3.7/site-packages/airflow/example_dags/example_xcom.py
[2023-02-21T12:07:19.054+0000] {processor.py:743} INFO - Processing file /home/airflow/.local/lib/python3.7/site-packages/airflow/example_dags/example_xcom.py for tasks to queue
[2023-02-21T12:07:19.058+0000] {logging_mixin.py:137} INFO - [2023-02-21T12:07:19.057+0000] {dagbag.py:538} INFO - Filling up the DagBag from /home/airflow/.local/lib/python3.7/site-packages/airflow/example_dags/example_xcom.py
[2023-02-21T12:07:19.115+0000] {processor.py:753} INFO - DAG(s) dict_keys(['example_xcom']) retrieved from /home/airflow/.local/lib/python3.7/site-packages/airflow/example_dags/example_xcom.py
[2023-02-21T12:07:19.212+0000] {logging_mixin.py:137} INFO - [2023-02-21T12:07:19.211+0000] {dag.py:2690} INFO - Sync 1 DAGs
[2023-02-21T12:07:19.291+0000] {logging_mixin.py:137} INFO - [2023-02-21T12:07:19.291+0000] {dag.py:3441} INFO - Setting next_dagrun for example_xcom to 2021-01-01T00:00:00+00:00, run_after=2021-01-01T00:00:00+00:00
[2023-02-21T12:07:19.355+0000] {processor.py:175} INFO - Processing /home/airflow/.local/lib/python3.7/site-packages/airflow/example_dags/example_xcom.py took 0.341 seconds
[2023-02-21T12:07:49.755+0000] {processor.py:153} INFO - Started process (PID=2261) to work on /home/airflow/.local/lib/python3.7/site-packages/airflow/example_dags/example_xcom.py
[2023-02-21T12:07:49.759+0000] {processor.py:743} INFO - Processing file /home/airflow/.local/lib/python3.7/site-packages/airflow/example_dags/example_xcom.py for tasks to queue
[2023-02-21T12:07:49.764+0000] {logging_mixin.py:137} INFO - [2023-02-21T12:07:49.763+0000] {dagbag.py:538} INFO - Filling up the DagBag from /home/airflow/.local/lib/python3.7/site-packages/airflow/example_dags/example_xcom.py
[2023-02-21T12:07:49.911+0000] {processor.py:753} INFO - DAG(s) dict_keys(['example_xcom']) retrieved from /home/airflow/.local/lib/python3.7/site-packages/airflow/example_dags/example_xcom.py
[2023-02-21T12:07:50.031+0000] {logging_mixin.py:137} INFO - [2023-02-21T12:07:50.029+0000] {dag.py:2690} INFO - Sync 1 DAGs
[2023-02-21T12:07:50.152+0000] {logging_mixin.py:137} INFO - [2023-02-21T12:07:50.151+0000] {dag.py:3441} INFO - Setting next_dagrun for example_xcom to 2021-01-01T00:00:00+00:00, run_after=2021-01-01T00:00:00+00:00
[2023-02-21T12:07:50.371+0000] {processor.py:175} INFO - Processing /home/airflow/.local/lib/python3.7/site-packages/airflow/example_dags/example_xcom.py took 0.644 seconds
[2023-02-21T12:08:21.194+0000] {processor.py:153} INFO - Started process (PID=2311) to work on /home/airflow/.local/lib/python3.7/site-packages/airflow/example_dags/example_xcom.py
[2023-02-21T12:08:21.202+0000] {processor.py:743} INFO - Processing file /home/airflow/.local/lib/python3.7/site-packages/airflow/example_dags/example_xcom.py for tasks to queue
[2023-02-21T12:08:21.205+0000] {logging_mixin.py:137} INFO - [2023-02-21T12:08:21.205+0000] {dagbag.py:538} INFO - Filling up the DagBag from /home/airflow/.local/lib/python3.7/site-packages/airflow/example_dags/example_xcom.py
[2023-02-21T12:08:21.407+0000] {processor.py:753} INFO - DAG(s) dict_keys(['example_xcom']) retrieved from /home/airflow/.local/lib/python3.7/site-packages/airflow/example_dags/example_xcom.py
[2023-02-21T12:08:21.599+0000] {logging_mixin.py:137} INFO - [2023-02-21T12:08:21.599+0000] {dag.py:2690} INFO - Sync 1 DAGs
[2023-02-21T12:08:21.884+0000] {logging_mixin.py:137} INFO - [2023-02-21T12:08:21.884+0000] {dag.py:3441} INFO - Setting next_dagrun for example_xcom to 2021-01-01T00:00:00+00:00, run_after=2021-01-01T00:00:00+00:00
[2023-02-21T12:08:22.103+0000] {processor.py:175} INFO - Processing /home/airflow/.local/lib/python3.7/site-packages/airflow/example_dags/example_xcom.py took 0.998 seconds
[2023-02-21T12:08:52.889+0000] {processor.py:153} INFO - Started process (PID=2376) to work on /home/airflow/.local/lib/python3.7/site-packages/airflow/example_dags/example_xcom.py
[2023-02-21T12:08:52.907+0000] {processor.py:743} INFO - Processing file /home/airflow/.local/lib/python3.7/site-packages/airflow/example_dags/example_xcom.py for tasks to queue
[2023-02-21T12:08:52.909+0000] {logging_mixin.py:137} INFO - [2023-02-21T12:08:52.909+0000] {dagbag.py:538} INFO - Filling up the DagBag from /home/airflow/.local/lib/python3.7/site-packages/airflow/example_dags/example_xcom.py
[2023-02-21T12:08:53.209+0000] {processor.py:753} INFO - DAG(s) dict_keys(['example_xcom']) retrieved from /home/airflow/.local/lib/python3.7/site-packages/airflow/example_dags/example_xcom.py
[2023-02-21T12:08:53.350+0000] {logging_mixin.py:137} INFO - [2023-02-21T12:08:53.349+0000] {dag.py:2690} INFO - Sync 1 DAGs
[2023-02-21T12:08:53.475+0000] {logging_mixin.py:137} INFO - [2023-02-21T12:08:53.475+0000] {dag.py:3441} INFO - Setting next_dagrun for example_xcom to 2021-01-01T00:00:00+00:00, run_after=2021-01-01T00:00:00+00:00
[2023-02-21T12:08:53.593+0000] {processor.py:175} INFO - Processing /home/airflow/.local/lib/python3.7/site-packages/airflow/example_dags/example_xcom.py took 0.723 seconds
[2023-02-21T12:09:24.559+0000] {processor.py:153} INFO - Started process (PID=2436) to work on /home/airflow/.local/lib/python3.7/site-packages/airflow/example_dags/example_xcom.py
[2023-02-21T12:09:24.563+0000] {processor.py:743} INFO - Processing file /home/airflow/.local/lib/python3.7/site-packages/airflow/example_dags/example_xcom.py for tasks to queue
[2023-02-21T12:09:24.566+0000] {logging_mixin.py:137} INFO - [2023-02-21T12:09:24.566+0000] {dagbag.py:538} INFO - Filling up the DagBag from /home/airflow/.local/lib/python3.7/site-packages/airflow/example_dags/example_xcom.py
[2023-02-21T12:09:24.621+0000] {processor.py:753} INFO - DAG(s) dict_keys(['example_xcom']) retrieved from /home/airflow/.local/lib/python3.7/site-packages/airflow/example_dags/example_xcom.py
[2023-02-21T12:09:24.711+0000] {logging_mixin.py:137} INFO - [2023-02-21T12:09:24.711+0000] {dag.py:2690} INFO - Sync 1 DAGs
[2023-02-21T12:09:24.771+0000] {logging_mixin.py:137} INFO - [2023-02-21T12:09:24.770+0000] {dag.py:3441} INFO - Setting next_dagrun for example_xcom to 2021-01-01T00:00:00+00:00, run_after=2021-01-01T00:00:00+00:00
[2023-02-21T12:09:24.898+0000] {processor.py:175} INFO - Processing /home/airflow/.local/lib/python3.7/site-packages/airflow/example_dags/example_xcom.py took 0.348 seconds
[2023-02-21T12:09:55.497+0000] {processor.py:153} INFO - Started process (PID=2496) to work on /home/airflow/.local/lib/python3.7/site-packages/airflow/example_dags/example_xcom.py
[2023-02-21T12:09:55.500+0000] {processor.py:743} INFO - Processing file /home/airflow/.local/lib/python3.7/site-packages/airflow/example_dags/example_xcom.py for tasks to queue
[2023-02-21T12:09:55.504+0000] {logging_mixin.py:137} INFO - [2023-02-21T12:09:55.504+0000] {dagbag.py:538} INFO - Filling up the DagBag from /home/airflow/.local/lib/python3.7/site-packages/airflow/example_dags/example_xcom.py
[2023-02-21T12:09:55.569+0000] {processor.py:753} INFO - DAG(s) dict_keys(['example_xcom']) retrieved from /home/airflow/.local/lib/python3.7/site-packages/airflow/example_dags/example_xcom.py
[2023-02-21T12:09:55.631+0000] {logging_mixin.py:137} INFO - [2023-02-21T12:09:55.630+0000] {dag.py:2690} INFO - Sync 1 DAGs
[2023-02-21T12:09:55.681+0000] {logging_mixin.py:137} INFO - [2023-02-21T12:09:55.681+0000] {dag.py:3441} INFO - Setting next_dagrun for example_xcom to 2021-01-01T00:00:00+00:00, run_after=2021-01-01T00:00:00+00:00
[2023-02-21T12:09:55.726+0000] {processor.py:175} INFO - Processing /home/airflow/.local/lib/python3.7/site-packages/airflow/example_dags/example_xcom.py took 0.239 seconds
[2023-02-21T12:10:25.909+0000] {processor.py:153} INFO - Started process (PID=2555) to work on /home/airflow/.local/lib/python3.7/site-packages/airflow/example_dags/example_xcom.py
[2023-02-21T12:10:25.913+0000] {processor.py:743} INFO - Processing file /home/airflow/.local/lib/python3.7/site-packages/airflow/example_dags/example_xcom.py for tasks to queue
[2023-02-21T12:10:25.918+0000] {logging_mixin.py:137} INFO - [2023-02-21T12:10:25.917+0000] {dagbag.py:538} INFO - Filling up the DagBag from /home/airflow/.local/lib/python3.7/site-packages/airflow/example_dags/example_xcom.py
[2023-02-21T12:10:26.001+0000] {processor.py:753} INFO - DAG(s) dict_keys(['example_xcom']) retrieved from /home/airflow/.local/lib/python3.7/site-packages/airflow/example_dags/example_xcom.py
[2023-02-21T12:10:26.115+0000] {logging_mixin.py:137} INFO - [2023-02-21T12:10:26.114+0000] {dag.py:2690} INFO - Sync 1 DAGs
[2023-02-21T12:10:26.198+0000] {logging_mixin.py:137} INFO - [2023-02-21T12:10:26.198+0000] {dag.py:3441} INFO - Setting next_dagrun for example_xcom to 2021-01-01T00:00:00+00:00, run_after=2021-01-01T00:00:00+00:00
[2023-02-21T12:10:26.279+0000] {processor.py:175} INFO - Processing /home/airflow/.local/lib/python3.7/site-packages/airflow/example_dags/example_xcom.py took 0.376 seconds
[2023-02-21T12:10:56.647+0000] {processor.py:153} INFO - Started process (PID=2614) to work on /home/airflow/.local/lib/python3.7/site-packages/airflow/example_dags/example_xcom.py
[2023-02-21T12:10:56.651+0000] {processor.py:743} INFO - Processing file /home/airflow/.local/lib/python3.7/site-packages/airflow/example_dags/example_xcom.py for tasks to queue
[2023-02-21T12:10:56.656+0000] {logging_mixin.py:137} INFO - [2023-02-21T12:10:56.656+0000] {dagbag.py:538} INFO - Filling up the DagBag from /home/airflow/.local/lib/python3.7/site-packages/airflow/example_dags/example_xcom.py
[2023-02-21T12:10:56.764+0000] {processor.py:753} INFO - DAG(s) dict_keys(['example_xcom']) retrieved from /home/airflow/.local/lib/python3.7/site-packages/airflow/example_dags/example_xcom.py
[2023-02-21T12:10:56.868+0000] {logging_mixin.py:137} INFO - [2023-02-21T12:10:56.862+0000] {dag.py:2690} INFO - Sync 1 DAGs
[2023-02-21T12:10:56.983+0000] {logging_mixin.py:137} INFO - [2023-02-21T12:10:56.983+0000] {dag.py:3441} INFO - Setting next_dagrun for example_xcom to 2021-01-01T00:00:00+00:00, run_after=2021-01-01T00:00:00+00:00
[2023-02-21T12:10:57.125+0000] {processor.py:175} INFO - Processing /home/airflow/.local/lib/python3.7/site-packages/airflow/example_dags/example_xcom.py took 0.487 seconds
[2023-02-21T12:11:27.509+0000] {processor.py:153} INFO - Started process (PID=2672) to work on /home/airflow/.local/lib/python3.7/site-packages/airflow/example_dags/example_xcom.py
[2023-02-21T12:11:27.512+0000] {processor.py:743} INFO - Processing file /home/airflow/.local/lib/python3.7/site-packages/airflow/example_dags/example_xcom.py for tasks to queue
[2023-02-21T12:11:27.515+0000] {logging_mixin.py:137} INFO - [2023-02-21T12:11:27.515+0000] {dagbag.py:538} INFO - Filling up the DagBag from /home/airflow/.local/lib/python3.7/site-packages/airflow/example_dags/example_xcom.py
[2023-02-21T12:11:27.566+0000] {processor.py:753} INFO - DAG(s) dict_keys(['example_xcom']) retrieved from /home/airflow/.local/lib/python3.7/site-packages/airflow/example_dags/example_xcom.py
[2023-02-21T12:11:27.633+0000] {logging_mixin.py:137} INFO - [2023-02-21T12:11:27.632+0000] {dag.py:2690} INFO - Sync 1 DAGs
[2023-02-21T12:11:27.706+0000] {logging_mixin.py:137} INFO - [2023-02-21T12:11:27.705+0000] {dag.py:3441} INFO - Setting next_dagrun for example_xcom to 2021-01-01T00:00:00+00:00, run_after=2021-01-01T00:00:00+00:00
[2023-02-21T12:11:27.754+0000] {processor.py:175} INFO - Processing /home/airflow/.local/lib/python3.7/site-packages/airflow/example_dags/example_xcom.py took 0.252 seconds
[2023-02-21T12:11:58.500+0000] {processor.py:153} INFO - Started process (PID=2731) to work on /home/airflow/.local/lib/python3.7/site-packages/airflow/example_dags/example_xcom.py
[2023-02-21T12:11:58.502+0000] {processor.py:743} INFO - Processing file /home/airflow/.local/lib/python3.7/site-packages/airflow/example_dags/example_xcom.py for tasks to queue
[2023-02-21T12:11:58.505+0000] {logging_mixin.py:137} INFO - [2023-02-21T12:11:58.504+0000] {dagbag.py:538} INFO - Filling up the DagBag from /home/airflow/.local/lib/python3.7/site-packages/airflow/example_dags/example_xcom.py
[2023-02-21T12:11:58.592+0000] {processor.py:753} INFO - DAG(s) dict_keys(['example_xcom']) retrieved from /home/airflow/.local/lib/python3.7/site-packages/airflow/example_dags/example_xcom.py
[2023-02-21T12:11:58.686+0000] {logging_mixin.py:137} INFO - [2023-02-21T12:11:58.685+0000] {dag.py:2690} INFO - Sync 1 DAGs
[2023-02-21T12:11:58.786+0000] {logging_mixin.py:137} INFO - [2023-02-21T12:11:58.786+0000] {dag.py:3441} INFO - Setting next_dagrun for example_xcom to 2021-01-01T00:00:00+00:00, run_after=2021-01-01T00:00:00+00:00
[2023-02-21T12:11:58.884+0000] {processor.py:175} INFO - Processing /home/airflow/.local/lib/python3.7/site-packages/airflow/example_dags/example_xcom.py took 0.390 seconds
[2023-02-21T12:12:29.121+0000] {processor.py:153} INFO - Started process (PID=2790) to work on /home/airflow/.local/lib/python3.7/site-packages/airflow/example_dags/example_xcom.py
[2023-02-21T12:12:29.125+0000] {processor.py:743} INFO - Processing file /home/airflow/.local/lib/python3.7/site-packages/airflow/example_dags/example_xcom.py for tasks to queue
[2023-02-21T12:12:29.129+0000] {logging_mixin.py:137} INFO - [2023-02-21T12:12:29.129+0000] {dagbag.py:538} INFO - Filling up the DagBag from /home/airflow/.local/lib/python3.7/site-packages/airflow/example_dags/example_xcom.py
[2023-02-21T12:12:29.218+0000] {processor.py:753} INFO - DAG(s) dict_keys(['example_xcom']) retrieved from /home/airflow/.local/lib/python3.7/site-packages/airflow/example_dags/example_xcom.py
[2023-02-21T12:12:29.340+0000] {logging_mixin.py:137} INFO - [2023-02-21T12:12:29.340+0000] {dag.py:2690} INFO - Sync 1 DAGs
[2023-02-21T12:12:29.396+0000] {logging_mixin.py:137} INFO - [2023-02-21T12:12:29.396+0000] {dag.py:3441} INFO - Setting next_dagrun for example_xcom to 2021-01-01T00:00:00+00:00, run_after=2021-01-01T00:00:00+00:00
[2023-02-21T12:12:29.435+0000] {processor.py:175} INFO - Processing /home/airflow/.local/lib/python3.7/site-packages/airflow/example_dags/example_xcom.py took 0.330 seconds
[2023-02-21T12:12:59.833+0000] {processor.py:153} INFO - Started process (PID=2850) to work on /home/airflow/.local/lib/python3.7/site-packages/airflow/example_dags/example_xcom.py
[2023-02-21T12:12:59.859+0000] {processor.py:743} INFO - Processing file /home/airflow/.local/lib/python3.7/site-packages/airflow/example_dags/example_xcom.py for tasks to queue
[2023-02-21T12:12:59.861+0000] {logging_mixin.py:137} INFO - [2023-02-21T12:12:59.861+0000] {dagbag.py:538} INFO - Filling up the DagBag from /home/airflow/.local/lib/python3.7/site-packages/airflow/example_dags/example_xcom.py
[2023-02-21T12:12:59.968+0000] {processor.py:753} INFO - DAG(s) dict_keys(['example_xcom']) retrieved from /home/airflow/.local/lib/python3.7/site-packages/airflow/example_dags/example_xcom.py
[2023-02-21T12:13:00.058+0000] {logging_mixin.py:137} INFO - [2023-02-21T12:13:00.058+0000] {dag.py:2690} INFO - Sync 1 DAGs
[2023-02-21T12:13:00.108+0000] {logging_mixin.py:137} INFO - [2023-02-21T12:13:00.108+0000] {dag.py:3441} INFO - Setting next_dagrun for example_xcom to 2021-01-01T00:00:00+00:00, run_after=2021-01-01T00:00:00+00:00
[2023-02-21T12:13:00.163+0000] {processor.py:175} INFO - Processing /home/airflow/.local/lib/python3.7/site-packages/airflow/example_dags/example_xcom.py took 0.346 seconds
[2023-02-21T12:13:30.537+0000] {processor.py:153} INFO - Started process (PID=2919) to work on /home/airflow/.local/lib/python3.7/site-packages/airflow/example_dags/example_xcom.py
[2023-02-21T12:13:30.544+0000] {processor.py:743} INFO - Processing file /home/airflow/.local/lib/python3.7/site-packages/airflow/example_dags/example_xcom.py for tasks to queue
[2023-02-21T12:13:30.546+0000] {logging_mixin.py:137} INFO - [2023-02-21T12:13:30.546+0000] {dagbag.py:538} INFO - Filling up the DagBag from /home/airflow/.local/lib/python3.7/site-packages/airflow/example_dags/example_xcom.py
[2023-02-21T12:13:30.619+0000] {processor.py:753} INFO - DAG(s) dict_keys(['example_xcom']) retrieved from /home/airflow/.local/lib/python3.7/site-packages/airflow/example_dags/example_xcom.py
[2023-02-21T12:13:30.694+0000] {logging_mixin.py:137} INFO - [2023-02-21T12:13:30.693+0000] {dag.py:2690} INFO - Sync 1 DAGs
[2023-02-21T12:13:30.748+0000] {logging_mixin.py:137} INFO - [2023-02-21T12:13:30.747+0000] {dag.py:3441} INFO - Setting next_dagrun for example_xcom to 2021-01-01T00:00:00+00:00, run_after=2021-01-01T00:00:00+00:00
[2023-02-21T12:13:30.810+0000] {processor.py:175} INFO - Processing /home/airflow/.local/lib/python3.7/site-packages/airflow/example_dags/example_xcom.py took 0.283 seconds
[2023-02-21T12:14:01.074+0000] {processor.py:153} INFO - Started process (PID=2978) to work on /home/airflow/.local/lib/python3.7/site-packages/airflow/example_dags/example_xcom.py
[2023-02-21T12:14:01.081+0000] {processor.py:743} INFO - Processing file /home/airflow/.local/lib/python3.7/site-packages/airflow/example_dags/example_xcom.py for tasks to queue
[2023-02-21T12:14:01.089+0000] {logging_mixin.py:137} INFO - [2023-02-21T12:14:01.088+0000] {dagbag.py:538} INFO - Filling up the DagBag from /home/airflow/.local/lib/python3.7/site-packages/airflow/example_dags/example_xcom.py
[2023-02-21T12:14:01.193+0000] {processor.py:753} INFO - DAG(s) dict_keys(['example_xcom']) retrieved from /home/airflow/.local/lib/python3.7/site-packages/airflow/example_dags/example_xcom.py
[2023-02-21T12:14:01.287+0000] {logging_mixin.py:137} INFO - [2023-02-21T12:14:01.287+0000] {dag.py:2690} INFO - Sync 1 DAGs
[2023-02-21T12:14:01.390+0000] {logging_mixin.py:137} INFO - [2023-02-21T12:14:01.389+0000] {dag.py:3441} INFO - Setting next_dagrun for example_xcom to 2021-01-01T00:00:00+00:00, run_after=2021-01-01T00:00:00+00:00
[2023-02-21T12:14:01.564+0000] {processor.py:175} INFO - Processing /home/airflow/.local/lib/python3.7/site-packages/airflow/example_dags/example_xcom.py took 0.507 seconds
[2023-02-21T12:14:32.210+0000] {processor.py:153} INFO - Started process (PID=3037) to work on /home/airflow/.local/lib/python3.7/site-packages/airflow/example_dags/example_xcom.py
[2023-02-21T12:14:32.214+0000] {processor.py:743} INFO - Processing file /home/airflow/.local/lib/python3.7/site-packages/airflow/example_dags/example_xcom.py for tasks to queue
[2023-02-21T12:14:32.218+0000] {logging_mixin.py:137} INFO - [2023-02-21T12:14:32.217+0000] {dagbag.py:538} INFO - Filling up the DagBag from /home/airflow/.local/lib/python3.7/site-packages/airflow/example_dags/example_xcom.py
[2023-02-21T12:14:32.323+0000] {processor.py:753} INFO - DAG(s) dict_keys(['example_xcom']) retrieved from /home/airflow/.local/lib/python3.7/site-packages/airflow/example_dags/example_xcom.py
[2023-02-21T12:14:32.429+0000] {logging_mixin.py:137} INFO - [2023-02-21T12:14:32.428+0000] {dag.py:2690} INFO - Sync 1 DAGs
[2023-02-21T12:14:32.499+0000] {logging_mixin.py:137} INFO - [2023-02-21T12:14:32.499+0000] {dag.py:3441} INFO - Setting next_dagrun for example_xcom to 2021-01-01T00:00:00+00:00, run_after=2021-01-01T00:00:00+00:00
[2023-02-21T12:14:32.557+0000] {processor.py:175} INFO - Processing /home/airflow/.local/lib/python3.7/site-packages/airflow/example_dags/example_xcom.py took 0.360 seconds
[2023-02-21T12:15:03.112+0000] {processor.py:153} INFO - Started process (PID=3108) to work on /home/airflow/.local/lib/python3.7/site-packages/airflow/example_dags/example_xcom.py
[2023-02-21T12:15:03.117+0000] {processor.py:743} INFO - Processing file /home/airflow/.local/lib/python3.7/site-packages/airflow/example_dags/example_xcom.py for tasks to queue
[2023-02-21T12:15:03.120+0000] {logging_mixin.py:137} INFO - [2023-02-21T12:15:03.120+0000] {dagbag.py:538} INFO - Filling up the DagBag from /home/airflow/.local/lib/python3.7/site-packages/airflow/example_dags/example_xcom.py
[2023-02-21T12:15:03.216+0000] {processor.py:753} INFO - DAG(s) dict_keys(['example_xcom']) retrieved from /home/airflow/.local/lib/python3.7/site-packages/airflow/example_dags/example_xcom.py
[2023-02-21T12:15:03.277+0000] {logging_mixin.py:137} INFO - [2023-02-21T12:15:03.277+0000] {dag.py:2690} INFO - Sync 1 DAGs
[2023-02-21T12:15:03.368+0000] {logging_mixin.py:137} INFO - [2023-02-21T12:15:03.367+0000] {dag.py:3441} INFO - Setting next_dagrun for example_xcom to 2021-01-01T00:00:00+00:00, run_after=2021-01-01T00:00:00+00:00
[2023-02-21T12:15:03.432+0000] {processor.py:175} INFO - Processing /home/airflow/.local/lib/python3.7/site-packages/airflow/example_dags/example_xcom.py took 0.328 seconds
[2023-02-21T12:15:33.904+0000] {processor.py:153} INFO - Started process (PID=3168) to work on /home/airflow/.local/lib/python3.7/site-packages/airflow/example_dags/example_xcom.py
[2023-02-21T12:15:33.907+0000] {processor.py:743} INFO - Processing file /home/airflow/.local/lib/python3.7/site-packages/airflow/example_dags/example_xcom.py for tasks to queue
[2023-02-21T12:15:33.911+0000] {logging_mixin.py:137} INFO - [2023-02-21T12:15:33.910+0000] {dagbag.py:538} INFO - Filling up the DagBag from /home/airflow/.local/lib/python3.7/site-packages/airflow/example_dags/example_xcom.py
[2023-02-21T12:15:33.950+0000] {processor.py:753} INFO - DAG(s) dict_keys(['example_xcom']) retrieved from /home/airflow/.local/lib/python3.7/site-packages/airflow/example_dags/example_xcom.py
[2023-02-21T12:15:33.996+0000] {logging_mixin.py:137} INFO - [2023-02-21T12:15:33.996+0000] {dag.py:2690} INFO - Sync 1 DAGs
[2023-02-21T12:15:34.079+0000] {logging_mixin.py:137} INFO - [2023-02-21T12:15:34.078+0000] {dag.py:3441} INFO - Setting next_dagrun for example_xcom to 2021-01-01T00:00:00+00:00, run_after=2021-01-01T00:00:00+00:00
[2023-02-21T12:15:34.120+0000] {processor.py:175} INFO - Processing /home/airflow/.local/lib/python3.7/site-packages/airflow/example_dags/example_xcom.py took 0.226 seconds
[2023-02-21T12:16:04.190+0000] {processor.py:153} INFO - Started process (PID=3225) to work on /home/airflow/.local/lib/python3.7/site-packages/airflow/example_dags/example_xcom.py
[2023-02-21T12:16:04.198+0000] {processor.py:743} INFO - Processing file /home/airflow/.local/lib/python3.7/site-packages/airflow/example_dags/example_xcom.py for tasks to queue
[2023-02-21T12:16:04.201+0000] {logging_mixin.py:137} INFO - [2023-02-21T12:16:04.201+0000] {dagbag.py:538} INFO - Filling up the DagBag from /home/airflow/.local/lib/python3.7/site-packages/airflow/example_dags/example_xcom.py
[2023-02-21T12:16:04.252+0000] {processor.py:753} INFO - DAG(s) dict_keys(['example_xcom']) retrieved from /home/airflow/.local/lib/python3.7/site-packages/airflow/example_dags/example_xcom.py
[2023-02-21T12:16:04.360+0000] {logging_mixin.py:137} INFO - [2023-02-21T12:16:04.360+0000] {dag.py:2690} INFO - Sync 1 DAGs
[2023-02-21T12:16:04.424+0000] {logging_mixin.py:137} INFO - [2023-02-21T12:16:04.424+0000] {dag.py:3441} INFO - Setting next_dagrun for example_xcom to 2021-01-01T00:00:00+00:00, run_after=2021-01-01T00:00:00+00:00
[2023-02-21T12:16:04.485+0000] {processor.py:175} INFO - Processing /home/airflow/.local/lib/python3.7/site-packages/airflow/example_dags/example_xcom.py took 0.301 seconds
[2023-02-21T12:16:34.600+0000] {processor.py:153} INFO - Started process (PID=3281) to work on /home/airflow/.local/lib/python3.7/site-packages/airflow/example_dags/example_xcom.py
[2023-02-21T12:16:34.609+0000] {processor.py:743} INFO - Processing file /home/airflow/.local/lib/python3.7/site-packages/airflow/example_dags/example_xcom.py for tasks to queue
[2023-02-21T12:16:34.619+0000] {logging_mixin.py:137} INFO - [2023-02-21T12:16:34.616+0000] {dagbag.py:538} INFO - Filling up the DagBag from /home/airflow/.local/lib/python3.7/site-packages/airflow/example_dags/example_xcom.py
[2023-02-21T12:16:34.768+0000] {processor.py:753} INFO - DAG(s) dict_keys(['example_xcom']) retrieved from /home/airflow/.local/lib/python3.7/site-packages/airflow/example_dags/example_xcom.py
[2023-02-21T12:16:34.934+0000] {logging_mixin.py:137} INFO - [2023-02-21T12:16:34.934+0000] {dag.py:2690} INFO - Sync 1 DAGs
[2023-02-21T12:16:35.013+0000] {logging_mixin.py:137} INFO - [2023-02-21T12:16:35.013+0000] {dag.py:3441} INFO - Setting next_dagrun for example_xcom to 2021-01-01T00:00:00+00:00, run_after=2021-01-01T00:00:00+00:00
[2023-02-21T12:16:35.111+0000] {processor.py:175} INFO - Processing /home/airflow/.local/lib/python3.7/site-packages/airflow/example_dags/example_xcom.py took 0.546 seconds
[2023-02-21T12:17:05.356+0000] {processor.py:153} INFO - Started process (PID=3341) to work on /home/airflow/.local/lib/python3.7/site-packages/airflow/example_dags/example_xcom.py
[2023-02-21T12:17:05.365+0000] {processor.py:743} INFO - Processing file /home/airflow/.local/lib/python3.7/site-packages/airflow/example_dags/example_xcom.py for tasks to queue
[2023-02-21T12:17:05.369+0000] {logging_mixin.py:137} INFO - [2023-02-21T12:17:05.369+0000] {dagbag.py:538} INFO - Filling up the DagBag from /home/airflow/.local/lib/python3.7/site-packages/airflow/example_dags/example_xcom.py
[2023-02-21T12:17:05.478+0000] {processor.py:753} INFO - DAG(s) dict_keys(['example_xcom']) retrieved from /home/airflow/.local/lib/python3.7/site-packages/airflow/example_dags/example_xcom.py
[2023-02-21T12:17:05.549+0000] {logging_mixin.py:137} INFO - [2023-02-21T12:17:05.549+0000] {dag.py:2690} INFO - Sync 1 DAGs
[2023-02-21T12:17:05.700+0000] {logging_mixin.py:137} INFO - [2023-02-21T12:17:05.689+0000] {dag.py:3441} INFO - Setting next_dagrun for example_xcom to 2021-01-01T00:00:00+00:00, run_after=2021-01-01T00:00:00+00:00
[2023-02-21T12:17:05.809+0000] {processor.py:175} INFO - Processing /home/airflow/.local/lib/python3.7/site-packages/airflow/example_dags/example_xcom.py took 0.476 seconds
[2023-02-21T12:17:36.346+0000] {processor.py:153} INFO - Started process (PID=3400) to work on /home/airflow/.local/lib/python3.7/site-packages/airflow/example_dags/example_xcom.py
[2023-02-21T12:17:36.357+0000] {processor.py:743} INFO - Processing file /home/airflow/.local/lib/python3.7/site-packages/airflow/example_dags/example_xcom.py for tasks to queue
[2023-02-21T12:17:36.370+0000] {logging_mixin.py:137} INFO - [2023-02-21T12:17:36.369+0000] {dagbag.py:538} INFO - Filling up the DagBag from /home/airflow/.local/lib/python3.7/site-packages/airflow/example_dags/example_xcom.py
[2023-02-21T12:17:36.535+0000] {processor.py:753} INFO - DAG(s) dict_keys(['example_xcom']) retrieved from /home/airflow/.local/lib/python3.7/site-packages/airflow/example_dags/example_xcom.py
[2023-02-21T12:17:36.731+0000] {logging_mixin.py:137} INFO - [2023-02-21T12:17:36.731+0000] {dag.py:2690} INFO - Sync 1 DAGs
[2023-02-21T12:17:36.844+0000] {logging_mixin.py:137} INFO - [2023-02-21T12:17:36.843+0000] {dag.py:3441} INFO - Setting next_dagrun for example_xcom to 2021-01-01T00:00:00+00:00, run_after=2021-01-01T00:00:00+00:00
[2023-02-21T12:17:36.988+0000] {processor.py:175} INFO - Processing /home/airflow/.local/lib/python3.7/site-packages/airflow/example_dags/example_xcom.py took 0.651 seconds
[2023-02-21T12:18:07.308+0000] {processor.py:153} INFO - Started process (PID=3458) to work on /home/airflow/.local/lib/python3.7/site-packages/airflow/example_dags/example_xcom.py
[2023-02-21T12:18:07.312+0000] {processor.py:743} INFO - Processing file /home/airflow/.local/lib/python3.7/site-packages/airflow/example_dags/example_xcom.py for tasks to queue
[2023-02-21T12:18:07.316+0000] {logging_mixin.py:137} INFO - [2023-02-21T12:18:07.316+0000] {dagbag.py:538} INFO - Filling up the DagBag from /home/airflow/.local/lib/python3.7/site-packages/airflow/example_dags/example_xcom.py
[2023-02-21T12:18:07.388+0000] {processor.py:753} INFO - DAG(s) dict_keys(['example_xcom']) retrieved from /home/airflow/.local/lib/python3.7/site-packages/airflow/example_dags/example_xcom.py
[2023-02-21T12:18:07.463+0000] {logging_mixin.py:137} INFO - [2023-02-21T12:18:07.463+0000] {dag.py:2690} INFO - Sync 1 DAGs
[2023-02-21T12:18:07.514+0000] {logging_mixin.py:137} INFO - [2023-02-21T12:18:07.514+0000] {dag.py:3441} INFO - Setting next_dagrun for example_xcom to 2021-01-01T00:00:00+00:00, run_after=2021-01-01T00:00:00+00:00
[2023-02-21T12:18:07.632+0000] {processor.py:175} INFO - Processing /home/airflow/.local/lib/python3.7/site-packages/airflow/example_dags/example_xcom.py took 0.340 seconds
[2023-02-21T12:18:37.911+0000] {processor.py:153} INFO - Started process (PID=3517) to work on /home/airflow/.local/lib/python3.7/site-packages/airflow/example_dags/example_xcom.py
[2023-02-21T12:18:37.919+0000] {processor.py:743} INFO - Processing file /home/airflow/.local/lib/python3.7/site-packages/airflow/example_dags/example_xcom.py for tasks to queue
[2023-02-21T12:18:37.923+0000] {logging_mixin.py:137} INFO - [2023-02-21T12:18:37.923+0000] {dagbag.py:538} INFO - Filling up the DagBag from /home/airflow/.local/lib/python3.7/site-packages/airflow/example_dags/example_xcom.py
[2023-02-21T12:18:38.038+0000] {processor.py:753} INFO - DAG(s) dict_keys(['example_xcom']) retrieved from /home/airflow/.local/lib/python3.7/site-packages/airflow/example_dags/example_xcom.py
[2023-02-21T12:18:38.178+0000] {logging_mixin.py:137} INFO - [2023-02-21T12:18:38.178+0000] {dag.py:2690} INFO - Sync 1 DAGs
[2023-02-21T12:18:38.286+0000] {logging_mixin.py:137} INFO - [2023-02-21T12:18:38.286+0000] {dag.py:3441} INFO - Setting next_dagrun for example_xcom to 2021-01-01T00:00:00+00:00, run_after=2021-01-01T00:00:00+00:00
[2023-02-21T12:18:38.390+0000] {processor.py:175} INFO - Processing /home/airflow/.local/lib/python3.7/site-packages/airflow/example_dags/example_xcom.py took 0.508 seconds
[2023-02-21T12:19:08.937+0000] {processor.py:153} INFO - Started process (PID=3575) to work on /home/airflow/.local/lib/python3.7/site-packages/airflow/example_dags/example_xcom.py
[2023-02-21T12:19:08.965+0000] {processor.py:743} INFO - Processing file /home/airflow/.local/lib/python3.7/site-packages/airflow/example_dags/example_xcom.py for tasks to queue
[2023-02-21T12:19:08.971+0000] {logging_mixin.py:137} INFO - [2023-02-21T12:19:08.970+0000] {dagbag.py:538} INFO - Filling up the DagBag from /home/airflow/.local/lib/python3.7/site-packages/airflow/example_dags/example_xcom.py
[2023-02-21T12:19:09.087+0000] {processor.py:753} INFO - DAG(s) dict_keys(['example_xcom']) retrieved from /home/airflow/.local/lib/python3.7/site-packages/airflow/example_dags/example_xcom.py
[2023-02-21T12:19:09.225+0000] {logging_mixin.py:137} INFO - [2023-02-21T12:19:09.225+0000] {dag.py:2690} INFO - Sync 1 DAGs
[2023-02-21T12:19:09.332+0000] {logging_mixin.py:137} INFO - [2023-02-21T12:19:09.332+0000] {dag.py:3441} INFO - Setting next_dagrun for example_xcom to 2021-01-01T00:00:00+00:00, run_after=2021-01-01T00:00:00+00:00
[2023-02-21T12:19:09.471+0000] {processor.py:175} INFO - Processing /home/airflow/.local/lib/python3.7/site-packages/airflow/example_dags/example_xcom.py took 0.545 seconds
[2023-02-21T12:19:39.933+0000] {processor.py:153} INFO - Started process (PID=3624) to work on /home/airflow/.local/lib/python3.7/site-packages/airflow/example_dags/example_xcom.py
[2023-02-21T12:19:39.936+0000] {processor.py:743} INFO - Processing file /home/airflow/.local/lib/python3.7/site-packages/airflow/example_dags/example_xcom.py for tasks to queue
[2023-02-21T12:19:39.939+0000] {logging_mixin.py:137} INFO - [2023-02-21T12:19:39.938+0000] {dagbag.py:538} INFO - Filling up the DagBag from /home/airflow/.local/lib/python3.7/site-packages/airflow/example_dags/example_xcom.py
[2023-02-21T12:19:40.043+0000] {processor.py:753} INFO - DAG(s) dict_keys(['example_xcom']) retrieved from /home/airflow/.local/lib/python3.7/site-packages/airflow/example_dags/example_xcom.py
[2023-02-21T12:19:40.139+0000] {logging_mixin.py:137} INFO - [2023-02-21T12:19:40.139+0000] {dag.py:2690} INFO - Sync 1 DAGs
[2023-02-21T12:19:40.257+0000] {logging_mixin.py:137} INFO - [2023-02-21T12:19:40.257+0000] {dag.py:3441} INFO - Setting next_dagrun for example_xcom to 2021-01-01T00:00:00+00:00, run_after=2021-01-01T00:00:00+00:00
[2023-02-21T12:19:40.316+0000] {processor.py:175} INFO - Processing /home/airflow/.local/lib/python3.7/site-packages/airflow/example_dags/example_xcom.py took 0.392 seconds
[2023-02-21T12:20:10.625+0000] {processor.py:153} INFO - Started process (PID=3682) to work on /home/airflow/.local/lib/python3.7/site-packages/airflow/example_dags/example_xcom.py
[2023-02-21T12:20:10.628+0000] {processor.py:743} INFO - Processing file /home/airflow/.local/lib/python3.7/site-packages/airflow/example_dags/example_xcom.py for tasks to queue
[2023-02-21T12:20:10.631+0000] {logging_mixin.py:137} INFO - [2023-02-21T12:20:10.630+0000] {dagbag.py:538} INFO - Filling up the DagBag from /home/airflow/.local/lib/python3.7/site-packages/airflow/example_dags/example_xcom.py
[2023-02-21T12:20:10.720+0000] {processor.py:753} INFO - DAG(s) dict_keys(['example_xcom']) retrieved from /home/airflow/.local/lib/python3.7/site-packages/airflow/example_dags/example_xcom.py
[2023-02-21T12:20:10.866+0000] {logging_mixin.py:137} INFO - [2023-02-21T12:20:10.866+0000] {dag.py:2690} INFO - Sync 1 DAGs
[2023-02-21T12:20:10.938+0000] {logging_mixin.py:137} INFO - [2023-02-21T12:20:10.938+0000] {dag.py:3441} INFO - Setting next_dagrun for example_xcom to 2021-01-01T00:00:00+00:00, run_after=2021-01-01T00:00:00+00:00
[2023-02-21T12:20:10.977+0000] {processor.py:175} INFO - Processing /home/airflow/.local/lib/python3.7/site-packages/airflow/example_dags/example_xcom.py took 0.363 seconds
[2023-02-21T12:20:41.367+0000] {processor.py:153} INFO - Started process (PID=3750) to work on /home/airflow/.local/lib/python3.7/site-packages/airflow/example_dags/example_xcom.py
[2023-02-21T12:20:41.371+0000] {processor.py:743} INFO - Processing file /home/airflow/.local/lib/python3.7/site-packages/airflow/example_dags/example_xcom.py for tasks to queue
[2023-02-21T12:20:41.374+0000] {logging_mixin.py:137} INFO - [2023-02-21T12:20:41.374+0000] {dagbag.py:538} INFO - Filling up the DagBag from /home/airflow/.local/lib/python3.7/site-packages/airflow/example_dags/example_xcom.py
[2023-02-21T12:20:41.412+0000] {processor.py:753} INFO - DAG(s) dict_keys(['example_xcom']) retrieved from /home/airflow/.local/lib/python3.7/site-packages/airflow/example_dags/example_xcom.py
[2023-02-21T12:20:41.479+0000] {logging_mixin.py:137} INFO - [2023-02-21T12:20:41.479+0000] {dag.py:2690} INFO - Sync 1 DAGs
[2023-02-21T12:20:41.525+0000] {logging_mixin.py:137} INFO - [2023-02-21T12:20:41.525+0000] {dag.py:3441} INFO - Setting next_dagrun for example_xcom to 2021-01-01T00:00:00+00:00, run_after=2021-01-01T00:00:00+00:00
[2023-02-21T12:20:41.566+0000] {processor.py:175} INFO - Processing /home/airflow/.local/lib/python3.7/site-packages/airflow/example_dags/example_xcom.py took 0.208 seconds
[2023-02-21T12:21:12.305+0000] {processor.py:153} INFO - Started process (PID=3811) to work on /home/airflow/.local/lib/python3.7/site-packages/airflow/example_dags/example_xcom.py
[2023-02-21T12:21:12.308+0000] {processor.py:743} INFO - Processing file /home/airflow/.local/lib/python3.7/site-packages/airflow/example_dags/example_xcom.py for tasks to queue
[2023-02-21T12:21:12.315+0000] {logging_mixin.py:137} INFO - [2023-02-21T12:21:12.314+0000] {dagbag.py:538} INFO - Filling up the DagBag from /home/airflow/.local/lib/python3.7/site-packages/airflow/example_dags/example_xcom.py
[2023-02-21T12:21:12.425+0000] {processor.py:753} INFO - DAG(s) dict_keys(['example_xcom']) retrieved from /home/airflow/.local/lib/python3.7/site-packages/airflow/example_dags/example_xcom.py
[2023-02-21T12:21:12.521+0000] {logging_mixin.py:137} INFO - [2023-02-21T12:21:12.520+0000] {dag.py:2690} INFO - Sync 1 DAGs
[2023-02-21T12:21:12.584+0000] {logging_mixin.py:137} INFO - [2023-02-21T12:21:12.584+0000] {dag.py:3441} INFO - Setting next_dagrun for example_xcom to 2021-01-01T00:00:00+00:00, run_after=2021-01-01T00:00:00+00:00
[2023-02-21T12:21:12.684+0000] {processor.py:175} INFO - Processing /home/airflow/.local/lib/python3.7/site-packages/airflow/example_dags/example_xcom.py took 0.405 seconds
[2023-02-21T12:21:43.079+0000] {processor.py:153} INFO - Started process (PID=3870) to work on /home/airflow/.local/lib/python3.7/site-packages/airflow/example_dags/example_xcom.py
[2023-02-21T12:21:43.082+0000] {processor.py:743} INFO - Processing file /home/airflow/.local/lib/python3.7/site-packages/airflow/example_dags/example_xcom.py for tasks to queue
[2023-02-21T12:21:43.086+0000] {logging_mixin.py:137} INFO - [2023-02-21T12:21:43.085+0000] {dagbag.py:538} INFO - Filling up the DagBag from /home/airflow/.local/lib/python3.7/site-packages/airflow/example_dags/example_xcom.py
[2023-02-21T12:21:43.191+0000] {processor.py:753} INFO - DAG(s) dict_keys(['example_xcom']) retrieved from /home/airflow/.local/lib/python3.7/site-packages/airflow/example_dags/example_xcom.py
[2023-02-21T12:21:43.268+0000] {logging_mixin.py:137} INFO - [2023-02-21T12:21:43.268+0000] {dag.py:2690} INFO - Sync 1 DAGs
[2023-02-21T12:21:43.335+0000] {logging_mixin.py:137} INFO - [2023-02-21T12:21:43.334+0000] {dag.py:3441} INFO - Setting next_dagrun for example_xcom to 2021-01-01T00:00:00+00:00, run_after=2021-01-01T00:00:00+00:00
[2023-02-21T12:21:43.418+0000] {processor.py:175} INFO - Processing /home/airflow/.local/lib/python3.7/site-packages/airflow/example_dags/example_xcom.py took 0.347 seconds
[2023-02-21T12:22:13.968+0000] {processor.py:153} INFO - Started process (PID=3929) to work on /home/airflow/.local/lib/python3.7/site-packages/airflow/example_dags/example_xcom.py
[2023-02-21T12:22:13.970+0000] {processor.py:743} INFO - Processing file /home/airflow/.local/lib/python3.7/site-packages/airflow/example_dags/example_xcom.py for tasks to queue
[2023-02-21T12:22:13.973+0000] {logging_mixin.py:137} INFO - [2023-02-21T12:22:13.973+0000] {dagbag.py:538} INFO - Filling up the DagBag from /home/airflow/.local/lib/python3.7/site-packages/airflow/example_dags/example_xcom.py
[2023-02-21T12:22:14.050+0000] {processor.py:753} INFO - DAG(s) dict_keys(['example_xcom']) retrieved from /home/airflow/.local/lib/python3.7/site-packages/airflow/example_dags/example_xcom.py
[2023-02-21T12:22:14.132+0000] {logging_mixin.py:137} INFO - [2023-02-21T12:22:14.132+0000] {dag.py:2690} INFO - Sync 1 DAGs
[2023-02-21T12:22:14.188+0000] {logging_mixin.py:137} INFO - [2023-02-21T12:22:14.188+0000] {dag.py:3441} INFO - Setting next_dagrun for example_xcom to 2021-01-01T00:00:00+00:00, run_after=2021-01-01T00:00:00+00:00
[2023-02-21T12:22:14.274+0000] {processor.py:175} INFO - Processing /home/airflow/.local/lib/python3.7/site-packages/airflow/example_dags/example_xcom.py took 0.312 seconds
[2023-02-21T12:22:44.462+0000] {processor.py:153} INFO - Started process (PID=3988) to work on /home/airflow/.local/lib/python3.7/site-packages/airflow/example_dags/example_xcom.py
[2023-02-21T12:22:44.465+0000] {processor.py:743} INFO - Processing file /home/airflow/.local/lib/python3.7/site-packages/airflow/example_dags/example_xcom.py for tasks to queue
[2023-02-21T12:22:44.466+0000] {logging_mixin.py:137} INFO - [2023-02-21T12:22:44.466+0000] {dagbag.py:538} INFO - Filling up the DagBag from /home/airflow/.local/lib/python3.7/site-packages/airflow/example_dags/example_xcom.py
[2023-02-21T12:22:44.548+0000] {processor.py:753} INFO - DAG(s) dict_keys(['example_xcom']) retrieved from /home/airflow/.local/lib/python3.7/site-packages/airflow/example_dags/example_xcom.py
[2023-02-21T12:22:44.615+0000] {logging_mixin.py:137} INFO - [2023-02-21T12:22:44.615+0000] {dag.py:2690} INFO - Sync 1 DAGs
[2023-02-21T12:22:44.668+0000] {logging_mixin.py:137} INFO - [2023-02-21T12:22:44.668+0000] {dag.py:3441} INFO - Setting next_dagrun for example_xcom to 2021-01-01T00:00:00+00:00, run_after=2021-01-01T00:00:00+00:00
[2023-02-21T12:22:44.744+0000] {processor.py:175} INFO - Processing /home/airflow/.local/lib/python3.7/site-packages/airflow/example_dags/example_xcom.py took 0.286 seconds
[2023-02-21T12:23:14.894+0000] {processor.py:153} INFO - Started process (PID=4058) to work on /home/airflow/.local/lib/python3.7/site-packages/airflow/example_dags/example_xcom.py
[2023-02-21T12:23:14.899+0000] {processor.py:743} INFO - Processing file /home/airflow/.local/lib/python3.7/site-packages/airflow/example_dags/example_xcom.py for tasks to queue
[2023-02-21T12:23:14.907+0000] {logging_mixin.py:137} INFO - [2023-02-21T12:23:14.906+0000] {dagbag.py:538} INFO - Filling up the DagBag from /home/airflow/.local/lib/python3.7/site-packages/airflow/example_dags/example_xcom.py
[2023-02-21T12:23:14.987+0000] {processor.py:753} INFO - DAG(s) dict_keys(['example_xcom']) retrieved from /home/airflow/.local/lib/python3.7/site-packages/airflow/example_dags/example_xcom.py
[2023-02-21T12:23:15.067+0000] {logging_mixin.py:137} INFO - [2023-02-21T12:23:15.067+0000] {dag.py:2690} INFO - Sync 1 DAGs
[2023-02-21T12:23:15.116+0000] {logging_mixin.py:137} INFO - [2023-02-21T12:23:15.116+0000] {dag.py:3441} INFO - Setting next_dagrun for example_xcom to 2021-01-01T00:00:00+00:00, run_after=2021-01-01T00:00:00+00:00
[2023-02-21T12:23:15.152+0000] {processor.py:175} INFO - Processing /home/airflow/.local/lib/python3.7/site-packages/airflow/example_dags/example_xcom.py took 0.285 seconds
[2023-02-21T12:23:45.962+0000] {processor.py:153} INFO - Started process (PID=4116) to work on /home/airflow/.local/lib/python3.7/site-packages/airflow/example_dags/example_xcom.py
[2023-02-21T12:23:45.965+0000] {processor.py:743} INFO - Processing file /home/airflow/.local/lib/python3.7/site-packages/airflow/example_dags/example_xcom.py for tasks to queue
[2023-02-21T12:23:45.969+0000] {logging_mixin.py:137} INFO - [2023-02-21T12:23:45.969+0000] {dagbag.py:538} INFO - Filling up the DagBag from /home/airflow/.local/lib/python3.7/site-packages/airflow/example_dags/example_xcom.py
[2023-02-21T12:23:46.009+0000] {processor.py:753} INFO - DAG(s) dict_keys(['example_xcom']) retrieved from /home/airflow/.local/lib/python3.7/site-packages/airflow/example_dags/example_xcom.py
[2023-02-21T12:23:46.062+0000] {logging_mixin.py:137} INFO - [2023-02-21T12:23:46.062+0000] {dag.py:2690} INFO - Sync 1 DAGs
[2023-02-21T12:23:46.105+0000] {logging_mixin.py:137} INFO - [2023-02-21T12:23:46.105+0000] {dag.py:3441} INFO - Setting next_dagrun for example_xcom to 2021-01-01T00:00:00+00:00, run_after=2021-01-01T00:00:00+00:00
[2023-02-21T12:23:46.148+0000] {processor.py:175} INFO - Processing /home/airflow/.local/lib/python3.7/site-packages/airflow/example_dags/example_xcom.py took 0.194 seconds
[2023-02-21T12:24:16.838+0000] {processor.py:153} INFO - Started process (PID=4174) to work on /home/airflow/.local/lib/python3.7/site-packages/airflow/example_dags/example_xcom.py
[2023-02-21T12:24:16.847+0000] {processor.py:743} INFO - Processing file /home/airflow/.local/lib/python3.7/site-packages/airflow/example_dags/example_xcom.py for tasks to queue
[2023-02-21T12:24:16.863+0000] {logging_mixin.py:137} INFO - [2023-02-21T12:24:16.862+0000] {dagbag.py:538} INFO - Filling up the DagBag from /home/airflow/.local/lib/python3.7/site-packages/airflow/example_dags/example_xcom.py
[2023-02-21T12:24:16.976+0000] {processor.py:753} INFO - DAG(s) dict_keys(['example_xcom']) retrieved from /home/airflow/.local/lib/python3.7/site-packages/airflow/example_dags/example_xcom.py
[2023-02-21T12:24:17.121+0000] {logging_mixin.py:137} INFO - [2023-02-21T12:24:17.121+0000] {dag.py:2690} INFO - Sync 1 DAGs
[2023-02-21T12:24:17.268+0000] {logging_mixin.py:137} INFO - [2023-02-21T12:24:17.268+0000] {dag.py:3441} INFO - Setting next_dagrun for example_xcom to 2021-01-01T00:00:00+00:00, run_after=2021-01-01T00:00:00+00:00
[2023-02-21T12:24:17.342+0000] {processor.py:175} INFO - Processing /home/airflow/.local/lib/python3.7/site-packages/airflow/example_dags/example_xcom.py took 0.534 seconds
