[2023-02-18 08:30:45,322] {taskinstance.py:1032} INFO - Dependencies all met for <TaskInstance: data_ingestion_gcs_dag.download_dataset_task scheduled__2023-02-17T00:00:00+00:00 [queued]>
[2023-02-18 08:30:45,335] {taskinstance.py:1032} INFO - Dependencies all met for <TaskInstance: data_ingestion_gcs_dag.download_dataset_task scheduled__2023-02-17T00:00:00+00:00 [queued]>
[2023-02-18 08:30:45,337] {taskinstance.py:1238} INFO - 
--------------------------------------------------------------------------------
[2023-02-18 08:30:45,338] {taskinstance.py:1239} INFO - Starting attempt 1 of 2
[2023-02-18 08:30:45,340] {taskinstance.py:1240} INFO - 
--------------------------------------------------------------------------------
[2023-02-18 08:30:45,360] {taskinstance.py:1259} INFO - Executing <Task(BashOperator): download_dataset_task> on 2023-02-17 00:00:00+00:00
[2023-02-18 08:30:45,369] {standard_task_runner.py:52} INFO - Started process 2836 to run task
[2023-02-18 08:30:45,376] {standard_task_runner.py:76} INFO - Running: ['***', 'tasks', 'run', 'data_ingestion_gcs_dag', 'download_dataset_task', 'scheduled__2023-02-17T00:00:00+00:00', '--job-id', '3', '--raw', '--subdir', 'DAGS_FOLDER/data_ingestion_gcs_dag.py', '--cfg-path', '/tmp/tmpdc5h0yju', '--error-file', '/tmp/tmpycyp93lp']
[2023-02-18 08:30:45,378] {standard_task_runner.py:77} INFO - Job 3: Subtask download_dataset_task
[2023-02-18 08:30:45,472] {logging_mixin.py:109} INFO - Running <TaskInstance: data_ingestion_gcs_dag.download_dataset_task scheduled__2023-02-17T00:00:00+00:00 [running]> on host 15476612e0ea
[2023-02-18 08:30:45,556] {taskinstance.py:1426} INFO - Exporting the following env vars:
AIRFLOW_CTX_DAG_OWNER=***
AIRFLOW_CTX_DAG_ID=data_ingestion_gcs_dag
AIRFLOW_CTX_TASK_ID=download_dataset_task
AIRFLOW_CTX_EXECUTION_DATE=2023-02-17T00:00:00+00:00
AIRFLOW_CTX_DAG_RUN_ID=scheduled__2023-02-17T00:00:00+00:00
[2023-02-18 08:30:45,562] {subprocess.py:62} INFO - Tmp dir root location: 
 /tmp
[2023-02-18 08:30:45,564] {subprocess.py:74} INFO - Running command: ['bash', '-c', 'curl -sSL https://s3.amazonaws.com/nyc-tlc/trip+data/yellow_tripdata_2021-01.csv > /opt/***/yellow_tripdata_2021-01.csv']
[2023-02-18 08:30:45,585] {subprocess.py:85} INFO - Output:
[2023-02-18 08:30:46,458] {subprocess.py:93} INFO - Command exited with return code 0
[2023-02-18 08:30:46,493] {taskinstance.py:1277} INFO - Marking task as SUCCESS. dag_id=data_ingestion_gcs_dag, task_id=download_dataset_task, execution_date=20230217T000000, start_date=20230218T083045, end_date=20230218T083046
[2023-02-18 08:30:46,561] {local_task_job.py:154} INFO - Task exited with return code 0
[2023-02-18 08:30:46,689] {local_task_job.py:264} INFO - 0 downstream tasks scheduled from follow-on schedule check
