[2023-02-21T11:47:04.882+0000] {processor.py:153} INFO - Started process (PID=140) to work on /home/airflow/.local/lib/python3.7/site-packages/airflow/example_dags/example_branch_operator_decorator.py
[2023-02-21T11:47:04.887+0000] {processor.py:743} INFO - Processing file /home/airflow/.local/lib/python3.7/site-packages/airflow/example_dags/example_branch_operator_decorator.py for tasks to queue
[2023-02-21T11:47:04.893+0000] {logging_mixin.py:137} INFO - [2023-02-21T11:47:04.892+0000] {dagbag.py:538} INFO - Filling up the DagBag from /home/airflow/.local/lib/python3.7/site-packages/airflow/example_dags/example_branch_operator_decorator.py
[2023-02-21T11:47:05.024+0000] {processor.py:753} INFO - DAG(s) dict_keys(['example_branch_python_operator_decorator']) retrieved from /home/airflow/.local/lib/python3.7/site-packages/airflow/example_dags/example_branch_operator_decorator.py
[2023-02-21T11:47:05.171+0000] {logging_mixin.py:137} INFO - [2023-02-21T11:47:05.170+0000] {dag.py:2690} INFO - Sync 1 DAGs
[2023-02-21T11:47:05.356+0000] {logging_mixin.py:137} INFO - [2023-02-21T11:47:05.356+0000] {dag.py:3441} INFO - Setting next_dagrun for example_branch_python_operator_decorator to 2023-02-20T00:00:00+00:00, run_after=2023-02-21T00:00:00+00:00
[2023-02-21T11:47:05.523+0000] {processor.py:175} INFO - Processing /home/airflow/.local/lib/python3.7/site-packages/airflow/example_dags/example_branch_operator_decorator.py took 0.652 seconds
[2023-02-21T11:48:00.670+0000] {processor.py:153} INFO - Started process (PID=205) to work on /home/airflow/.local/lib/python3.7/site-packages/airflow/example_dags/example_branch_operator_decorator.py
[2023-02-21T11:48:00.680+0000] {processor.py:743} INFO - Processing file /home/airflow/.local/lib/python3.7/site-packages/airflow/example_dags/example_branch_operator_decorator.py for tasks to queue
[2023-02-21T11:48:00.688+0000] {logging_mixin.py:137} INFO - [2023-02-21T11:48:00.686+0000] {dagbag.py:538} INFO - Filling up the DagBag from /home/airflow/.local/lib/python3.7/site-packages/airflow/example_dags/example_branch_operator_decorator.py
[2023-02-21T11:48:00.896+0000] {processor.py:753} INFO - DAG(s) dict_keys(['example_branch_python_operator_decorator']) retrieved from /home/airflow/.local/lib/python3.7/site-packages/airflow/example_dags/example_branch_operator_decorator.py
[2023-02-21T11:48:01.066+0000] {logging_mixin.py:137} INFO - [2023-02-21T11:48:01.065+0000] {dag.py:2690} INFO - Sync 1 DAGs
[2023-02-21T11:48:01.277+0000] {logging_mixin.py:137} INFO - [2023-02-21T11:48:01.277+0000] {dag.py:3441} INFO - Setting next_dagrun for example_branch_python_operator_decorator to 2023-02-20T00:00:00+00:00, run_after=2023-02-21T00:00:00+00:00
[2023-02-21T11:48:01.391+0000] {processor.py:175} INFO - Processing /home/airflow/.local/lib/python3.7/site-packages/airflow/example_dags/example_branch_operator_decorator.py took 0.770 seconds
[2023-02-21T11:48:43.554+0000] {processor.py:153} INFO - Started process (PID=273) to work on /home/airflow/.local/lib/python3.7/site-packages/airflow/example_dags/example_branch_operator_decorator.py
[2023-02-21T11:48:43.568+0000] {processor.py:743} INFO - Processing file /home/airflow/.local/lib/python3.7/site-packages/airflow/example_dags/example_branch_operator_decorator.py for tasks to queue
[2023-02-21T11:48:43.573+0000] {logging_mixin.py:137} INFO - [2023-02-21T11:48:43.572+0000] {dagbag.py:538} INFO - Filling up the DagBag from /home/airflow/.local/lib/python3.7/site-packages/airflow/example_dags/example_branch_operator_decorator.py
[2023-02-21T11:48:43.770+0000] {processor.py:753} INFO - DAG(s) dict_keys(['example_branch_python_operator_decorator']) retrieved from /home/airflow/.local/lib/python3.7/site-packages/airflow/example_dags/example_branch_operator_decorator.py
[2023-02-21T11:48:44.000+0000] {logging_mixin.py:137} INFO - [2023-02-21T11:48:43.999+0000] {dag.py:2690} INFO - Sync 1 DAGs
[2023-02-21T11:48:44.334+0000] {logging_mixin.py:137} INFO - [2023-02-21T11:48:44.334+0000] {dag.py:3441} INFO - Setting next_dagrun for example_branch_python_operator_decorator to 2023-02-20T00:00:00+00:00, run_after=2023-02-21T00:00:00+00:00
[2023-02-21T11:48:44.479+0000] {processor.py:175} INFO - Processing /home/airflow/.local/lib/python3.7/site-packages/airflow/example_dags/example_branch_operator_decorator.py took 0.949 seconds
[2023-02-21T11:49:42.589+0000] {processor.py:153} INFO - Started process (PID=340) to work on /home/airflow/.local/lib/python3.7/site-packages/airflow/example_dags/example_branch_operator_decorator.py
[2023-02-21T11:49:42.612+0000] {processor.py:743} INFO - Processing file /home/airflow/.local/lib/python3.7/site-packages/airflow/example_dags/example_branch_operator_decorator.py for tasks to queue
[2023-02-21T11:49:42.625+0000] {logging_mixin.py:137} INFO - [2023-02-21T11:49:42.622+0000] {dagbag.py:538} INFO - Filling up the DagBag from /home/airflow/.local/lib/python3.7/site-packages/airflow/example_dags/example_branch_operator_decorator.py
[2023-02-21T11:49:43.175+0000] {processor.py:753} INFO - DAG(s) dict_keys(['example_branch_python_operator_decorator']) retrieved from /home/airflow/.local/lib/python3.7/site-packages/airflow/example_dags/example_branch_operator_decorator.py
[2023-02-21T11:49:43.427+0000] {logging_mixin.py:137} INFO - [2023-02-21T11:49:43.427+0000] {dag.py:2690} INFO - Sync 1 DAGs
[2023-02-21T11:49:44.089+0000] {logging_mixin.py:137} INFO - [2023-02-21T11:49:44.088+0000] {dag.py:3441} INFO - Setting next_dagrun for example_branch_python_operator_decorator to 2023-02-20T00:00:00+00:00, run_after=2023-02-21T00:00:00+00:00
[2023-02-21T11:49:44.451+0000] {processor.py:175} INFO - Processing /home/airflow/.local/lib/python3.7/site-packages/airflow/example_dags/example_branch_operator_decorator.py took 1.921 seconds
[2023-02-21T11:50:39.422+0000] {processor.py:153} INFO - Started process (PID=410) to work on /home/airflow/.local/lib/python3.7/site-packages/airflow/example_dags/example_branch_operator_decorator.py
[2023-02-21T11:50:39.439+0000] {processor.py:743} INFO - Processing file /home/airflow/.local/lib/python3.7/site-packages/airflow/example_dags/example_branch_operator_decorator.py for tasks to queue
[2023-02-21T11:50:39.452+0000] {logging_mixin.py:137} INFO - [2023-02-21T11:50:39.449+0000] {dagbag.py:538} INFO - Filling up the DagBag from /home/airflow/.local/lib/python3.7/site-packages/airflow/example_dags/example_branch_operator_decorator.py
[2023-02-21T11:50:39.849+0000] {processor.py:753} INFO - DAG(s) dict_keys(['example_branch_python_operator_decorator']) retrieved from /home/airflow/.local/lib/python3.7/site-packages/airflow/example_dags/example_branch_operator_decorator.py
[2023-02-21T11:50:40.099+0000] {logging_mixin.py:137} INFO - [2023-02-21T11:50:40.099+0000] {dag.py:2690} INFO - Sync 1 DAGs
[2023-02-21T11:50:40.501+0000] {logging_mixin.py:137} INFO - [2023-02-21T11:50:40.501+0000] {dag.py:3441} INFO - Setting next_dagrun for example_branch_python_operator_decorator to 2023-02-20T00:00:00+00:00, run_after=2023-02-21T00:00:00+00:00
[2023-02-21T11:50:40.904+0000] {processor.py:175} INFO - Processing /home/airflow/.local/lib/python3.7/site-packages/airflow/example_dags/example_branch_operator_decorator.py took 1.534 seconds
[2023-02-21T11:51:13.828+0000] {processor.py:153} INFO - Started process (PID=468) to work on /home/airflow/.local/lib/python3.7/site-packages/airflow/example_dags/example_branch_operator_decorator.py
[2023-02-21T11:51:13.834+0000] {processor.py:743} INFO - Processing file /home/airflow/.local/lib/python3.7/site-packages/airflow/example_dags/example_branch_operator_decorator.py for tasks to queue
[2023-02-21T11:51:13.841+0000] {logging_mixin.py:137} INFO - [2023-02-21T11:51:13.840+0000] {dagbag.py:538} INFO - Filling up the DagBag from /home/airflow/.local/lib/python3.7/site-packages/airflow/example_dags/example_branch_operator_decorator.py
[2023-02-21T11:51:13.920+0000] {processor.py:753} INFO - DAG(s) dict_keys(['example_branch_python_operator_decorator']) retrieved from /home/airflow/.local/lib/python3.7/site-packages/airflow/example_dags/example_branch_operator_decorator.py
[2023-02-21T11:51:13.979+0000] {logging_mixin.py:137} INFO - [2023-02-21T11:51:13.979+0000] {dag.py:2690} INFO - Sync 1 DAGs
[2023-02-21T11:51:14.227+0000] {logging_mixin.py:137} INFO - [2023-02-21T11:51:14.227+0000] {dag.py:3441} INFO - Setting next_dagrun for example_branch_python_operator_decorator to 2023-02-20T00:00:00+00:00, run_after=2023-02-21T00:00:00+00:00
[2023-02-21T11:51:14.569+0000] {processor.py:175} INFO - Processing /home/airflow/.local/lib/python3.7/site-packages/airflow/example_dags/example_branch_operator_decorator.py took 0.754 seconds
[2023-02-21T11:51:51.746+0000] {processor.py:153} INFO - Started process (PID=532) to work on /home/airflow/.local/lib/python3.7/site-packages/airflow/example_dags/example_branch_operator_decorator.py
[2023-02-21T11:51:51.754+0000] {processor.py:743} INFO - Processing file /home/airflow/.local/lib/python3.7/site-packages/airflow/example_dags/example_branch_operator_decorator.py for tasks to queue
[2023-02-21T11:51:51.760+0000] {logging_mixin.py:137} INFO - [2023-02-21T11:51:51.759+0000] {dagbag.py:538} INFO - Filling up the DagBag from /home/airflow/.local/lib/python3.7/site-packages/airflow/example_dags/example_branch_operator_decorator.py
[2023-02-21T11:51:51.893+0000] {processor.py:753} INFO - DAG(s) dict_keys(['example_branch_python_operator_decorator']) retrieved from /home/airflow/.local/lib/python3.7/site-packages/airflow/example_dags/example_branch_operator_decorator.py
[2023-02-21T11:51:52.134+0000] {logging_mixin.py:137} INFO - [2023-02-21T11:51:52.122+0000] {dag.py:2690} INFO - Sync 1 DAGs
[2023-02-21T11:51:52.514+0000] {logging_mixin.py:137} INFO - [2023-02-21T11:51:52.512+0000] {dag.py:3441} INFO - Setting next_dagrun for example_branch_python_operator_decorator to 2023-02-20T00:00:00+00:00, run_after=2023-02-21T00:00:00+00:00
[2023-02-21T11:51:52.918+0000] {processor.py:175} INFO - Processing /home/airflow/.local/lib/python3.7/site-packages/airflow/example_dags/example_branch_operator_decorator.py took 1.190 seconds
[2023-02-21T11:52:25.815+0000] {processor.py:153} INFO - Started process (PID=590) to work on /home/airflow/.local/lib/python3.7/site-packages/airflow/example_dags/example_branch_operator_decorator.py
[2023-02-21T11:52:25.827+0000] {processor.py:743} INFO - Processing file /home/airflow/.local/lib/python3.7/site-packages/airflow/example_dags/example_branch_operator_decorator.py for tasks to queue
[2023-02-21T11:52:25.955+0000] {logging_mixin.py:137} INFO - [2023-02-21T11:52:25.831+0000] {dagbag.py:538} INFO - Filling up the DagBag from /home/airflow/.local/lib/python3.7/site-packages/airflow/example_dags/example_branch_operator_decorator.py
[2023-02-21T11:52:26.509+0000] {processor.py:753} INFO - DAG(s) dict_keys(['example_branch_python_operator_decorator']) retrieved from /home/airflow/.local/lib/python3.7/site-packages/airflow/example_dags/example_branch_operator_decorator.py
[2023-02-21T11:52:26.926+0000] {logging_mixin.py:137} INFO - [2023-02-21T11:52:26.925+0000] {dag.py:2690} INFO - Sync 1 DAGs
[2023-02-21T11:52:27.399+0000] {logging_mixin.py:137} INFO - [2023-02-21T11:52:27.398+0000] {dag.py:3441} INFO - Setting next_dagrun for example_branch_python_operator_decorator to 2023-02-20T00:00:00+00:00, run_after=2023-02-21T00:00:00+00:00
[2023-02-21T11:52:27.577+0000] {processor.py:175} INFO - Processing /home/airflow/.local/lib/python3.7/site-packages/airflow/example_dags/example_branch_operator_decorator.py took 1.816 seconds
[2023-02-21T11:52:57.899+0000] {processor.py:153} INFO - Started process (PID=641) to work on /home/airflow/.local/lib/python3.7/site-packages/airflow/example_dags/example_branch_operator_decorator.py
[2023-02-21T11:52:57.903+0000] {processor.py:743} INFO - Processing file /home/airflow/.local/lib/python3.7/site-packages/airflow/example_dags/example_branch_operator_decorator.py for tasks to queue
[2023-02-21T11:52:57.905+0000] {logging_mixin.py:137} INFO - [2023-02-21T11:52:57.904+0000] {dagbag.py:538} INFO - Filling up the DagBag from /home/airflow/.local/lib/python3.7/site-packages/airflow/example_dags/example_branch_operator_decorator.py
[2023-02-21T11:52:57.943+0000] {processor.py:753} INFO - DAG(s) dict_keys(['example_branch_python_operator_decorator']) retrieved from /home/airflow/.local/lib/python3.7/site-packages/airflow/example_dags/example_branch_operator_decorator.py
[2023-02-21T11:52:57.985+0000] {logging_mixin.py:137} INFO - [2023-02-21T11:52:57.984+0000] {dag.py:2690} INFO - Sync 1 DAGs
[2023-02-21T11:52:58.021+0000] {logging_mixin.py:137} INFO - [2023-02-21T11:52:58.021+0000] {dag.py:3441} INFO - Setting next_dagrun for example_branch_python_operator_decorator to 2023-02-20T00:00:00+00:00, run_after=2023-02-21T00:00:00+00:00
[2023-02-21T11:52:58.059+0000] {processor.py:175} INFO - Processing /home/airflow/.local/lib/python3.7/site-packages/airflow/example_dags/example_branch_operator_decorator.py took 0.165 seconds
[2023-02-21T11:53:28.712+0000] {processor.py:153} INFO - Started process (PID=700) to work on /home/airflow/.local/lib/python3.7/site-packages/airflow/example_dags/example_branch_operator_decorator.py
[2023-02-21T11:53:28.724+0000] {processor.py:743} INFO - Processing file /home/airflow/.local/lib/python3.7/site-packages/airflow/example_dags/example_branch_operator_decorator.py for tasks to queue
[2023-02-21T11:53:28.741+0000] {logging_mixin.py:137} INFO - [2023-02-21T11:53:28.740+0000] {dagbag.py:538} INFO - Filling up the DagBag from /home/airflow/.local/lib/python3.7/site-packages/airflow/example_dags/example_branch_operator_decorator.py
[2023-02-21T11:53:28.862+0000] {processor.py:753} INFO - DAG(s) dict_keys(['example_branch_python_operator_decorator']) retrieved from /home/airflow/.local/lib/python3.7/site-packages/airflow/example_dags/example_branch_operator_decorator.py
[2023-02-21T11:53:28.949+0000] {logging_mixin.py:137} INFO - [2023-02-21T11:53:28.947+0000] {dag.py:2690} INFO - Sync 1 DAGs
[2023-02-21T11:53:29.154+0000] {logging_mixin.py:137} INFO - [2023-02-21T11:53:29.154+0000] {dag.py:3441} INFO - Setting next_dagrun for example_branch_python_operator_decorator to 2023-02-20T00:00:00+00:00, run_after=2023-02-21T00:00:00+00:00
[2023-02-21T11:53:29.203+0000] {processor.py:175} INFO - Processing /home/airflow/.local/lib/python3.7/site-packages/airflow/example_dags/example_branch_operator_decorator.py took 0.500 seconds
[2023-02-21T11:54:07.396+0000] {processor.py:153} INFO - Started process (PID=760) to work on /home/airflow/.local/lib/python3.7/site-packages/airflow/example_dags/example_branch_operator_decorator.py
[2023-02-21T11:54:07.413+0000] {processor.py:743} INFO - Processing file /home/airflow/.local/lib/python3.7/site-packages/airflow/example_dags/example_branch_operator_decorator.py for tasks to queue
[2023-02-21T11:54:07.439+0000] {logging_mixin.py:137} INFO - [2023-02-21T11:54:07.425+0000] {dagbag.py:538} INFO - Filling up the DagBag from /home/airflow/.local/lib/python3.7/site-packages/airflow/example_dags/example_branch_operator_decorator.py
[2023-02-21T11:54:07.810+0000] {processor.py:753} INFO - DAG(s) dict_keys(['example_branch_python_operator_decorator']) retrieved from /home/airflow/.local/lib/python3.7/site-packages/airflow/example_dags/example_branch_operator_decorator.py
[2023-02-21T11:54:08.079+0000] {logging_mixin.py:137} INFO - [2023-02-21T11:54:08.078+0000] {dag.py:2690} INFO - Sync 1 DAGs
[2023-02-21T11:54:08.747+0000] {logging_mixin.py:137} INFO - [2023-02-21T11:54:08.747+0000] {dag.py:3441} INFO - Setting next_dagrun for example_branch_python_operator_decorator to 2023-02-20T00:00:00+00:00, run_after=2023-02-21T00:00:00+00:00
[2023-02-21T11:54:09.121+0000] {processor.py:175} INFO - Processing /home/airflow/.local/lib/python3.7/site-packages/airflow/example_dags/example_branch_operator_decorator.py took 1.755 seconds
[2023-02-21T11:54:39.460+0000] {processor.py:153} INFO - Started process (PID=818) to work on /home/airflow/.local/lib/python3.7/site-packages/airflow/example_dags/example_branch_operator_decorator.py
[2023-02-21T11:54:39.463+0000] {processor.py:743} INFO - Processing file /home/airflow/.local/lib/python3.7/site-packages/airflow/example_dags/example_branch_operator_decorator.py for tasks to queue
[2023-02-21T11:54:39.480+0000] {logging_mixin.py:137} INFO - [2023-02-21T11:54:39.480+0000] {dagbag.py:538} INFO - Filling up the DagBag from /home/airflow/.local/lib/python3.7/site-packages/airflow/example_dags/example_branch_operator_decorator.py
[2023-02-21T11:54:39.722+0000] {processor.py:753} INFO - DAG(s) dict_keys(['example_branch_python_operator_decorator']) retrieved from /home/airflow/.local/lib/python3.7/site-packages/airflow/example_dags/example_branch_operator_decorator.py
[2023-02-21T11:54:39.915+0000] {logging_mixin.py:137} INFO - [2023-02-21T11:54:39.915+0000] {dag.py:2690} INFO - Sync 1 DAGs
[2023-02-21T11:54:40.126+0000] {logging_mixin.py:137} INFO - [2023-02-21T11:54:40.126+0000] {dag.py:3441} INFO - Setting next_dagrun for example_branch_python_operator_decorator to 2023-02-20T00:00:00+00:00, run_after=2023-02-21T00:00:00+00:00
[2023-02-21T11:54:40.280+0000] {processor.py:175} INFO - Processing /home/airflow/.local/lib/python3.7/site-packages/airflow/example_dags/example_branch_operator_decorator.py took 0.832 seconds
[2023-02-21T11:55:18.259+0000] {processor.py:153} INFO - Started process (PID=876) to work on /home/airflow/.local/lib/python3.7/site-packages/airflow/example_dags/example_branch_operator_decorator.py
[2023-02-21T11:55:18.285+0000] {processor.py:743} INFO - Processing file /home/airflow/.local/lib/python3.7/site-packages/airflow/example_dags/example_branch_operator_decorator.py for tasks to queue
[2023-02-21T11:55:18.292+0000] {logging_mixin.py:137} INFO - [2023-02-21T11:55:18.291+0000] {dagbag.py:538} INFO - Filling up the DagBag from /home/airflow/.local/lib/python3.7/site-packages/airflow/example_dags/example_branch_operator_decorator.py
[2023-02-21T11:55:19.137+0000] {processor.py:753} INFO - DAG(s) dict_keys(['example_branch_python_operator_decorator']) retrieved from /home/airflow/.local/lib/python3.7/site-packages/airflow/example_dags/example_branch_operator_decorator.py
[2023-02-21T11:55:20.107+0000] {logging_mixin.py:137} INFO - [2023-02-21T11:55:20.107+0000] {dag.py:2690} INFO - Sync 1 DAGs
[2023-02-21T11:55:20.708+0000] {logging_mixin.py:137} INFO - [2023-02-21T11:55:20.707+0000] {dag.py:3441} INFO - Setting next_dagrun for example_branch_python_operator_decorator to 2023-02-20T00:00:00+00:00, run_after=2023-02-21T00:00:00+00:00
[2023-02-21T11:55:20.963+0000] {processor.py:175} INFO - Processing /home/airflow/.local/lib/python3.7/site-packages/airflow/example_dags/example_branch_operator_decorator.py took 2.752 seconds
[2023-02-21T11:55:51.257+0000] {processor.py:153} INFO - Started process (PID=934) to work on /home/airflow/.local/lib/python3.7/site-packages/airflow/example_dags/example_branch_operator_decorator.py
[2023-02-21T11:55:51.260+0000] {processor.py:743} INFO - Processing file /home/airflow/.local/lib/python3.7/site-packages/airflow/example_dags/example_branch_operator_decorator.py for tasks to queue
[2023-02-21T11:55:51.264+0000] {logging_mixin.py:137} INFO - [2023-02-21T11:55:51.262+0000] {dagbag.py:538} INFO - Filling up the DagBag from /home/airflow/.local/lib/python3.7/site-packages/airflow/example_dags/example_branch_operator_decorator.py
[2023-02-21T11:55:51.351+0000] {processor.py:753} INFO - DAG(s) dict_keys(['example_branch_python_operator_decorator']) retrieved from /home/airflow/.local/lib/python3.7/site-packages/airflow/example_dags/example_branch_operator_decorator.py
[2023-02-21T11:55:51.437+0000] {logging_mixin.py:137} INFO - [2023-02-21T11:55:51.437+0000] {dag.py:2690} INFO - Sync 1 DAGs
[2023-02-21T11:55:51.531+0000] {logging_mixin.py:137} INFO - [2023-02-21T11:55:51.531+0000] {dag.py:3441} INFO - Setting next_dagrun for example_branch_python_operator_decorator to 2023-02-20T00:00:00+00:00, run_after=2023-02-21T00:00:00+00:00
[2023-02-21T11:55:51.603+0000] {processor.py:175} INFO - Processing /home/airflow/.local/lib/python3.7/site-packages/airflow/example_dags/example_branch_operator_decorator.py took 0.359 seconds
[2023-02-21T11:56:21.885+0000] {processor.py:153} INFO - Started process (PID=992) to work on /home/airflow/.local/lib/python3.7/site-packages/airflow/example_dags/example_branch_operator_decorator.py
[2023-02-21T11:56:21.888+0000] {processor.py:743} INFO - Processing file /home/airflow/.local/lib/python3.7/site-packages/airflow/example_dags/example_branch_operator_decorator.py for tasks to queue
[2023-02-21T11:56:21.890+0000] {logging_mixin.py:137} INFO - [2023-02-21T11:56:21.890+0000] {dagbag.py:538} INFO - Filling up the DagBag from /home/airflow/.local/lib/python3.7/site-packages/airflow/example_dags/example_branch_operator_decorator.py
[2023-02-21T11:56:21.935+0000] {processor.py:753} INFO - DAG(s) dict_keys(['example_branch_python_operator_decorator']) retrieved from /home/airflow/.local/lib/python3.7/site-packages/airflow/example_dags/example_branch_operator_decorator.py
[2023-02-21T11:56:22.000+0000] {logging_mixin.py:137} INFO - [2023-02-21T11:56:22.000+0000] {dag.py:2690} INFO - Sync 1 DAGs
[2023-02-21T11:56:22.070+0000] {logging_mixin.py:137} INFO - [2023-02-21T11:56:22.069+0000] {dag.py:3441} INFO - Setting next_dagrun for example_branch_python_operator_decorator to 2023-02-20T00:00:00+00:00, run_after=2023-02-21T00:00:00+00:00
[2023-02-21T11:56:22.128+0000] {processor.py:175} INFO - Processing /home/airflow/.local/lib/python3.7/site-packages/airflow/example_dags/example_branch_operator_decorator.py took 0.248 seconds
[2023-02-21T11:56:52.337+0000] {processor.py:153} INFO - Started process (PID=1051) to work on /home/airflow/.local/lib/python3.7/site-packages/airflow/example_dags/example_branch_operator_decorator.py
[2023-02-21T11:56:52.340+0000] {processor.py:743} INFO - Processing file /home/airflow/.local/lib/python3.7/site-packages/airflow/example_dags/example_branch_operator_decorator.py for tasks to queue
[2023-02-21T11:56:52.347+0000] {logging_mixin.py:137} INFO - [2023-02-21T11:56:52.347+0000] {dagbag.py:538} INFO - Filling up the DagBag from /home/airflow/.local/lib/python3.7/site-packages/airflow/example_dags/example_branch_operator_decorator.py
[2023-02-21T11:56:52.423+0000] {processor.py:753} INFO - DAG(s) dict_keys(['example_branch_python_operator_decorator']) retrieved from /home/airflow/.local/lib/python3.7/site-packages/airflow/example_dags/example_branch_operator_decorator.py
[2023-02-21T11:56:52.481+0000] {logging_mixin.py:137} INFO - [2023-02-21T11:56:52.481+0000] {dag.py:2690} INFO - Sync 1 DAGs
[2023-02-21T11:56:52.538+0000] {logging_mixin.py:137} INFO - [2023-02-21T11:56:52.537+0000] {dag.py:3441} INFO - Setting next_dagrun for example_branch_python_operator_decorator to 2023-02-20T00:00:00+00:00, run_after=2023-02-21T00:00:00+00:00
[2023-02-21T11:56:52.591+0000] {processor.py:175} INFO - Processing /home/airflow/.local/lib/python3.7/site-packages/airflow/example_dags/example_branch_operator_decorator.py took 0.259 seconds
[2023-02-21T11:57:22.826+0000] {processor.py:153} INFO - Started process (PID=1109) to work on /home/airflow/.local/lib/python3.7/site-packages/airflow/example_dags/example_branch_operator_decorator.py
[2023-02-21T11:57:22.830+0000] {processor.py:743} INFO - Processing file /home/airflow/.local/lib/python3.7/site-packages/airflow/example_dags/example_branch_operator_decorator.py for tasks to queue
[2023-02-21T11:57:22.833+0000] {logging_mixin.py:137} INFO - [2023-02-21T11:57:22.833+0000] {dagbag.py:538} INFO - Filling up the DagBag from /home/airflow/.local/lib/python3.7/site-packages/airflow/example_dags/example_branch_operator_decorator.py
[2023-02-21T11:57:22.882+0000] {processor.py:753} INFO - DAG(s) dict_keys(['example_branch_python_operator_decorator']) retrieved from /home/airflow/.local/lib/python3.7/site-packages/airflow/example_dags/example_branch_operator_decorator.py
[2023-02-21T11:57:22.968+0000] {logging_mixin.py:137} INFO - [2023-02-21T11:57:22.967+0000] {dag.py:2690} INFO - Sync 1 DAGs
[2023-02-21T11:57:23.011+0000] {logging_mixin.py:137} INFO - [2023-02-21T11:57:23.010+0000] {dag.py:3441} INFO - Setting next_dagrun for example_branch_python_operator_decorator to 2023-02-20T00:00:00+00:00, run_after=2023-02-21T00:00:00+00:00
[2023-02-21T11:57:23.041+0000] {processor.py:175} INFO - Processing /home/airflow/.local/lib/python3.7/site-packages/airflow/example_dags/example_branch_operator_decorator.py took 0.224 seconds
[2023-02-21T11:57:54.387+0000] {processor.py:153} INFO - Started process (PID=1166) to work on /home/airflow/.local/lib/python3.7/site-packages/airflow/example_dags/example_branch_operator_decorator.py
[2023-02-21T11:57:54.393+0000] {processor.py:743} INFO - Processing file /home/airflow/.local/lib/python3.7/site-packages/airflow/example_dags/example_branch_operator_decorator.py for tasks to queue
[2023-02-21T11:57:54.431+0000] {logging_mixin.py:137} INFO - [2023-02-21T11:57:54.406+0000] {dagbag.py:538} INFO - Filling up the DagBag from /home/airflow/.local/lib/python3.7/site-packages/airflow/example_dags/example_branch_operator_decorator.py
[2023-02-21T11:57:54.622+0000] {processor.py:753} INFO - DAG(s) dict_keys(['example_branch_python_operator_decorator']) retrieved from /home/airflow/.local/lib/python3.7/site-packages/airflow/example_dags/example_branch_operator_decorator.py
[2023-02-21T11:57:54.707+0000] {logging_mixin.py:137} INFO - [2023-02-21T11:57:54.706+0000] {dag.py:2690} INFO - Sync 1 DAGs
[2023-02-21T11:57:54.897+0000] {logging_mixin.py:137} INFO - [2023-02-21T11:57:54.896+0000] {dag.py:3441} INFO - Setting next_dagrun for example_branch_python_operator_decorator to 2023-02-20T00:00:00+00:00, run_after=2023-02-21T00:00:00+00:00
[2023-02-21T11:57:55.085+0000] {processor.py:175} INFO - Processing /home/airflow/.local/lib/python3.7/site-packages/airflow/example_dags/example_branch_operator_decorator.py took 0.722 seconds
[2023-02-21T11:58:25.234+0000] {processor.py:153} INFO - Started process (PID=1216) to work on /home/airflow/.local/lib/python3.7/site-packages/airflow/example_dags/example_branch_operator_decorator.py
[2023-02-21T11:58:25.237+0000] {processor.py:743} INFO - Processing file /home/airflow/.local/lib/python3.7/site-packages/airflow/example_dags/example_branch_operator_decorator.py for tasks to queue
[2023-02-21T11:58:25.239+0000] {logging_mixin.py:137} INFO - [2023-02-21T11:58:25.239+0000] {dagbag.py:538} INFO - Filling up the DagBag from /home/airflow/.local/lib/python3.7/site-packages/airflow/example_dags/example_branch_operator_decorator.py
[2023-02-21T11:58:25.292+0000] {processor.py:753} INFO - DAG(s) dict_keys(['example_branch_python_operator_decorator']) retrieved from /home/airflow/.local/lib/python3.7/site-packages/airflow/example_dags/example_branch_operator_decorator.py
[2023-02-21T11:58:25.371+0000] {logging_mixin.py:137} INFO - [2023-02-21T11:58:25.371+0000] {dag.py:2690} INFO - Sync 1 DAGs
[2023-02-21T11:58:25.416+0000] {logging_mixin.py:137} INFO - [2023-02-21T11:58:25.416+0000] {dag.py:3441} INFO - Setting next_dagrun for example_branch_python_operator_decorator to 2023-02-20T00:00:00+00:00, run_after=2023-02-21T00:00:00+00:00
[2023-02-21T11:58:25.475+0000] {processor.py:175} INFO - Processing /home/airflow/.local/lib/python3.7/site-packages/airflow/example_dags/example_branch_operator_decorator.py took 0.246 seconds
[2023-02-21T11:58:55.777+0000] {processor.py:153} INFO - Started process (PID=1275) to work on /home/airflow/.local/lib/python3.7/site-packages/airflow/example_dags/example_branch_operator_decorator.py
[2023-02-21T11:58:55.780+0000] {processor.py:743} INFO - Processing file /home/airflow/.local/lib/python3.7/site-packages/airflow/example_dags/example_branch_operator_decorator.py for tasks to queue
[2023-02-21T11:58:55.783+0000] {logging_mixin.py:137} INFO - [2023-02-21T11:58:55.783+0000] {dagbag.py:538} INFO - Filling up the DagBag from /home/airflow/.local/lib/python3.7/site-packages/airflow/example_dags/example_branch_operator_decorator.py
[2023-02-21T11:58:55.868+0000] {processor.py:753} INFO - DAG(s) dict_keys(['example_branch_python_operator_decorator']) retrieved from /home/airflow/.local/lib/python3.7/site-packages/airflow/example_dags/example_branch_operator_decorator.py
[2023-02-21T11:58:55.928+0000] {logging_mixin.py:137} INFO - [2023-02-21T11:58:55.928+0000] {dag.py:2690} INFO - Sync 1 DAGs
[2023-02-21T11:58:56.027+0000] {logging_mixin.py:137} INFO - [2023-02-21T11:58:56.027+0000] {dag.py:3441} INFO - Setting next_dagrun for example_branch_python_operator_decorator to 2023-02-20T00:00:00+00:00, run_after=2023-02-21T00:00:00+00:00
[2023-02-21T11:58:56.080+0000] {processor.py:175} INFO - Processing /home/airflow/.local/lib/python3.7/site-packages/airflow/example_dags/example_branch_operator_decorator.py took 0.314 seconds
[2023-02-21T11:59:27.847+0000] {processor.py:153} INFO - Started process (PID=1334) to work on /home/airflow/.local/lib/python3.7/site-packages/airflow/example_dags/example_branch_operator_decorator.py
[2023-02-21T11:59:27.852+0000] {processor.py:743} INFO - Processing file /home/airflow/.local/lib/python3.7/site-packages/airflow/example_dags/example_branch_operator_decorator.py for tasks to queue
[2023-02-21T11:59:27.860+0000] {logging_mixin.py:137} INFO - [2023-02-21T11:59:27.859+0000] {dagbag.py:538} INFO - Filling up the DagBag from /home/airflow/.local/lib/python3.7/site-packages/airflow/example_dags/example_branch_operator_decorator.py
[2023-02-21T11:59:27.935+0000] {processor.py:753} INFO - DAG(s) dict_keys(['example_branch_python_operator_decorator']) retrieved from /home/airflow/.local/lib/python3.7/site-packages/airflow/example_dags/example_branch_operator_decorator.py
[2023-02-21T11:59:28.018+0000] {logging_mixin.py:137} INFO - [2023-02-21T11:59:28.018+0000] {dag.py:2690} INFO - Sync 1 DAGs
[2023-02-21T11:59:28.073+0000] {logging_mixin.py:137} INFO - [2023-02-21T11:59:28.073+0000] {dag.py:3441} INFO - Setting next_dagrun for example_branch_python_operator_decorator to 2023-02-20T00:00:00+00:00, run_after=2023-02-21T00:00:00+00:00
[2023-02-21T11:59:28.128+0000] {processor.py:175} INFO - Processing /home/airflow/.local/lib/python3.7/site-packages/airflow/example_dags/example_branch_operator_decorator.py took 0.306 seconds
[2023-02-21T12:00:01.415+0000] {processor.py:153} INFO - Started process (PID=1390) to work on /home/airflow/.local/lib/python3.7/site-packages/airflow/example_dags/example_branch_operator_decorator.py
[2023-02-21T12:00:01.418+0000] {processor.py:743} INFO - Processing file /home/airflow/.local/lib/python3.7/site-packages/airflow/example_dags/example_branch_operator_decorator.py for tasks to queue
[2023-02-21T12:00:01.421+0000] {logging_mixin.py:137} INFO - [2023-02-21T12:00:01.421+0000] {dagbag.py:538} INFO - Filling up the DagBag from /home/airflow/.local/lib/python3.7/site-packages/airflow/example_dags/example_branch_operator_decorator.py
[2023-02-21T12:00:01.525+0000] {processor.py:753} INFO - DAG(s) dict_keys(['example_branch_python_operator_decorator']) retrieved from /home/airflow/.local/lib/python3.7/site-packages/airflow/example_dags/example_branch_operator_decorator.py
[2023-02-21T12:00:01.718+0000] {logging_mixin.py:137} INFO - [2023-02-21T12:00:01.718+0000] {dag.py:2690} INFO - Sync 1 DAGs
[2023-02-21T12:00:01.876+0000] {logging_mixin.py:137} INFO - [2023-02-21T12:00:01.876+0000] {dag.py:3441} INFO - Setting next_dagrun for example_branch_python_operator_decorator to 2023-02-20T00:00:00+00:00, run_after=2023-02-21T00:00:00+00:00
[2023-02-21T12:00:02.051+0000] {processor.py:175} INFO - Processing /home/airflow/.local/lib/python3.7/site-packages/airflow/example_dags/example_branch_operator_decorator.py took 0.641 seconds
[2023-02-21T12:00:37.064+0000] {processor.py:153} INFO - Started process (PID=1447) to work on /home/airflow/.local/lib/python3.7/site-packages/airflow/example_dags/example_branch_operator_decorator.py
[2023-02-21T12:00:37.116+0000] {processor.py:743} INFO - Processing file /home/airflow/.local/lib/python3.7/site-packages/airflow/example_dags/example_branch_operator_decorator.py for tasks to queue
[2023-02-21T12:00:37.125+0000] {logging_mixin.py:137} INFO - [2023-02-21T12:00:37.123+0000] {dagbag.py:538} INFO - Filling up the DagBag from /home/airflow/.local/lib/python3.7/site-packages/airflow/example_dags/example_branch_operator_decorator.py
[2023-02-21T12:00:37.777+0000] {processor.py:753} INFO - DAG(s) dict_keys(['example_branch_python_operator_decorator']) retrieved from /home/airflow/.local/lib/python3.7/site-packages/airflow/example_dags/example_branch_operator_decorator.py
[2023-02-21T12:00:38.064+0000] {logging_mixin.py:137} INFO - [2023-02-21T12:00:38.064+0000] {dag.py:2690} INFO - Sync 1 DAGs
[2023-02-21T12:00:38.629+0000] {logging_mixin.py:137} INFO - [2023-02-21T12:00:38.629+0000] {dag.py:3441} INFO - Setting next_dagrun for example_branch_python_operator_decorator to 2023-02-20T00:00:00+00:00, run_after=2023-02-21T00:00:00+00:00
[2023-02-21T12:00:38.883+0000] {processor.py:175} INFO - Processing /home/airflow/.local/lib/python3.7/site-packages/airflow/example_dags/example_branch_operator_decorator.py took 1.858 seconds
[2023-02-21T12:01:09.114+0000] {processor.py:153} INFO - Started process (PID=1499) to work on /home/airflow/.local/lib/python3.7/site-packages/airflow/example_dags/example_branch_operator_decorator.py
[2023-02-21T12:01:09.118+0000] {processor.py:743} INFO - Processing file /home/airflow/.local/lib/python3.7/site-packages/airflow/example_dags/example_branch_operator_decorator.py for tasks to queue
[2023-02-21T12:01:09.123+0000] {logging_mixin.py:137} INFO - [2023-02-21T12:01:09.123+0000] {dagbag.py:538} INFO - Filling up the DagBag from /home/airflow/.local/lib/python3.7/site-packages/airflow/example_dags/example_branch_operator_decorator.py
[2023-02-21T12:01:09.180+0000] {processor.py:753} INFO - DAG(s) dict_keys(['example_branch_python_operator_decorator']) retrieved from /home/airflow/.local/lib/python3.7/site-packages/airflow/example_dags/example_branch_operator_decorator.py
[2023-02-21T12:01:09.210+0000] {logging_mixin.py:137} INFO - [2023-02-21T12:01:09.209+0000] {dag.py:2690} INFO - Sync 1 DAGs
[2023-02-21T12:01:09.263+0000] {logging_mixin.py:137} INFO - [2023-02-21T12:01:09.263+0000] {dag.py:3441} INFO - Setting next_dagrun for example_branch_python_operator_decorator to 2023-02-20T00:00:00+00:00, run_after=2023-02-21T00:00:00+00:00
[2023-02-21T12:01:09.297+0000] {processor.py:175} INFO - Processing /home/airflow/.local/lib/python3.7/site-packages/airflow/example_dags/example_branch_operator_decorator.py took 0.189 seconds
[2023-02-21T12:01:39.486+0000] {processor.py:153} INFO - Started process (PID=1558) to work on /home/airflow/.local/lib/python3.7/site-packages/airflow/example_dags/example_branch_operator_decorator.py
[2023-02-21T12:01:39.495+0000] {processor.py:743} INFO - Processing file /home/airflow/.local/lib/python3.7/site-packages/airflow/example_dags/example_branch_operator_decorator.py for tasks to queue
[2023-02-21T12:01:39.502+0000] {logging_mixin.py:137} INFO - [2023-02-21T12:01:39.501+0000] {dagbag.py:538} INFO - Filling up the DagBag from /home/airflow/.local/lib/python3.7/site-packages/airflow/example_dags/example_branch_operator_decorator.py
[2023-02-21T12:01:39.594+0000] {processor.py:753} INFO - DAG(s) dict_keys(['example_branch_python_operator_decorator']) retrieved from /home/airflow/.local/lib/python3.7/site-packages/airflow/example_dags/example_branch_operator_decorator.py
[2023-02-21T12:01:39.683+0000] {logging_mixin.py:137} INFO - [2023-02-21T12:01:39.682+0000] {dag.py:2690} INFO - Sync 1 DAGs
[2023-02-21T12:01:39.768+0000] {logging_mixin.py:137} INFO - [2023-02-21T12:01:39.768+0000] {dag.py:3441} INFO - Setting next_dagrun for example_branch_python_operator_decorator to 2023-02-20T00:00:00+00:00, run_after=2023-02-21T00:00:00+00:00
[2023-02-21T12:01:39.828+0000] {processor.py:175} INFO - Processing /home/airflow/.local/lib/python3.7/site-packages/airflow/example_dags/example_branch_operator_decorator.py took 0.362 seconds
[2023-02-21T12:02:10.661+0000] {processor.py:153} INFO - Started process (PID=1628) to work on /home/airflow/.local/lib/python3.7/site-packages/airflow/example_dags/example_branch_operator_decorator.py
[2023-02-21T12:02:10.664+0000] {processor.py:743} INFO - Processing file /home/airflow/.local/lib/python3.7/site-packages/airflow/example_dags/example_branch_operator_decorator.py for tasks to queue
[2023-02-21T12:02:10.667+0000] {logging_mixin.py:137} INFO - [2023-02-21T12:02:10.667+0000] {dagbag.py:538} INFO - Filling up the DagBag from /home/airflow/.local/lib/python3.7/site-packages/airflow/example_dags/example_branch_operator_decorator.py
[2023-02-21T12:02:10.759+0000] {processor.py:753} INFO - DAG(s) dict_keys(['example_branch_python_operator_decorator']) retrieved from /home/airflow/.local/lib/python3.7/site-packages/airflow/example_dags/example_branch_operator_decorator.py
[2023-02-21T12:02:10.874+0000] {logging_mixin.py:137} INFO - [2023-02-21T12:02:10.874+0000] {dag.py:2690} INFO - Sync 1 DAGs
[2023-02-21T12:02:10.975+0000] {logging_mixin.py:137} INFO - [2023-02-21T12:02:10.975+0000] {dag.py:3441} INFO - Setting next_dagrun for example_branch_python_operator_decorator to 2023-02-20T00:00:00+00:00, run_after=2023-02-21T00:00:00+00:00
[2023-02-21T12:02:11.029+0000] {processor.py:175} INFO - Processing /home/airflow/.local/lib/python3.7/site-packages/airflow/example_dags/example_branch_operator_decorator.py took 0.400 seconds
[2023-02-21T12:02:41.493+0000] {processor.py:153} INFO - Started process (PID=1689) to work on /home/airflow/.local/lib/python3.7/site-packages/airflow/example_dags/example_branch_operator_decorator.py
[2023-02-21T12:02:41.508+0000] {processor.py:743} INFO - Processing file /home/airflow/.local/lib/python3.7/site-packages/airflow/example_dags/example_branch_operator_decorator.py for tasks to queue
[2023-02-21T12:02:41.510+0000] {logging_mixin.py:137} INFO - [2023-02-21T12:02:41.510+0000] {dagbag.py:538} INFO - Filling up the DagBag from /home/airflow/.local/lib/python3.7/site-packages/airflow/example_dags/example_branch_operator_decorator.py
[2023-02-21T12:02:41.630+0000] {processor.py:753} INFO - DAG(s) dict_keys(['example_branch_python_operator_decorator']) retrieved from /home/airflow/.local/lib/python3.7/site-packages/airflow/example_dags/example_branch_operator_decorator.py
[2023-02-21T12:02:41.819+0000] {logging_mixin.py:137} INFO - [2023-02-21T12:02:41.819+0000] {dag.py:2690} INFO - Sync 1 DAGs
[2023-02-21T12:02:41.896+0000] {logging_mixin.py:137} INFO - [2023-02-21T12:02:41.895+0000] {dag.py:3441} INFO - Setting next_dagrun for example_branch_python_operator_decorator to 2023-02-20T00:00:00+00:00, run_after=2023-02-21T00:00:00+00:00
[2023-02-21T12:02:41.990+0000] {processor.py:175} INFO - Processing /home/airflow/.local/lib/python3.7/site-packages/airflow/example_dags/example_branch_operator_decorator.py took 0.522 seconds
[2023-02-21T12:03:12.564+0000] {processor.py:153} INFO - Started process (PID=1737) to work on /home/airflow/.local/lib/python3.7/site-packages/airflow/example_dags/example_branch_operator_decorator.py
[2023-02-21T12:03:12.567+0000] {processor.py:743} INFO - Processing file /home/airflow/.local/lib/python3.7/site-packages/airflow/example_dags/example_branch_operator_decorator.py for tasks to queue
[2023-02-21T12:03:12.572+0000] {logging_mixin.py:137} INFO - [2023-02-21T12:03:12.569+0000] {dagbag.py:538} INFO - Filling up the DagBag from /home/airflow/.local/lib/python3.7/site-packages/airflow/example_dags/example_branch_operator_decorator.py
[2023-02-21T12:03:12.669+0000] {processor.py:753} INFO - DAG(s) dict_keys(['example_branch_python_operator_decorator']) retrieved from /home/airflow/.local/lib/python3.7/site-packages/airflow/example_dags/example_branch_operator_decorator.py
[2023-02-21T12:03:12.726+0000] {logging_mixin.py:137} INFO - [2023-02-21T12:03:12.725+0000] {dag.py:2690} INFO - Sync 1 DAGs
[2023-02-21T12:03:12.817+0000] {logging_mixin.py:137} INFO - [2023-02-21T12:03:12.817+0000] {dag.py:3441} INFO - Setting next_dagrun for example_branch_python_operator_decorator to 2023-02-20T00:00:00+00:00, run_after=2023-02-21T00:00:00+00:00
[2023-02-21T12:03:12.886+0000] {processor.py:175} INFO - Processing /home/airflow/.local/lib/python3.7/site-packages/airflow/example_dags/example_branch_operator_decorator.py took 0.330 seconds
[2023-02-21T12:03:44.459+0000] {processor.py:153} INFO - Started process (PID=1806) to work on /home/airflow/.local/lib/python3.7/site-packages/airflow/example_dags/example_branch_operator_decorator.py
[2023-02-21T12:03:44.465+0000] {processor.py:743} INFO - Processing file /home/airflow/.local/lib/python3.7/site-packages/airflow/example_dags/example_branch_operator_decorator.py for tasks to queue
[2023-02-21T12:03:44.470+0000] {logging_mixin.py:137} INFO - [2023-02-21T12:03:44.469+0000] {dagbag.py:538} INFO - Filling up the DagBag from /home/airflow/.local/lib/python3.7/site-packages/airflow/example_dags/example_branch_operator_decorator.py
[2023-02-21T12:03:44.612+0000] {processor.py:753} INFO - DAG(s) dict_keys(['example_branch_python_operator_decorator']) retrieved from /home/airflow/.local/lib/python3.7/site-packages/airflow/example_dags/example_branch_operator_decorator.py
[2023-02-21T12:03:44.710+0000] {logging_mixin.py:137} INFO - [2023-02-21T12:03:44.709+0000] {dag.py:2690} INFO - Sync 1 DAGs
[2023-02-21T12:03:45.050+0000] {logging_mixin.py:137} INFO - [2023-02-21T12:03:45.037+0000] {dag.py:3441} INFO - Setting next_dagrun for example_branch_python_operator_decorator to 2023-02-20T00:00:00+00:00, run_after=2023-02-21T00:00:00+00:00
[2023-02-21T12:03:45.228+0000] {processor.py:175} INFO - Processing /home/airflow/.local/lib/python3.7/site-packages/airflow/example_dags/example_branch_operator_decorator.py took 0.805 seconds
[2023-02-21T12:04:15.448+0000] {processor.py:153} INFO - Started process (PID=1865) to work on /home/airflow/.local/lib/python3.7/site-packages/airflow/example_dags/example_branch_operator_decorator.py
[2023-02-21T12:04:15.451+0000] {processor.py:743} INFO - Processing file /home/airflow/.local/lib/python3.7/site-packages/airflow/example_dags/example_branch_operator_decorator.py for tasks to queue
[2023-02-21T12:04:15.456+0000] {logging_mixin.py:137} INFO - [2023-02-21T12:04:15.455+0000] {dagbag.py:538} INFO - Filling up the DagBag from /home/airflow/.local/lib/python3.7/site-packages/airflow/example_dags/example_branch_operator_decorator.py
[2023-02-21T12:04:15.515+0000] {processor.py:753} INFO - DAG(s) dict_keys(['example_branch_python_operator_decorator']) retrieved from /home/airflow/.local/lib/python3.7/site-packages/airflow/example_dags/example_branch_operator_decorator.py
[2023-02-21T12:04:15.572+0000] {logging_mixin.py:137} INFO - [2023-02-21T12:04:15.571+0000] {dag.py:2690} INFO - Sync 1 DAGs
[2023-02-21T12:04:15.618+0000] {logging_mixin.py:137} INFO - [2023-02-21T12:04:15.617+0000] {dag.py:3441} INFO - Setting next_dagrun for example_branch_python_operator_decorator to 2023-02-20T00:00:00+00:00, run_after=2023-02-21T00:00:00+00:00
[2023-02-21T12:04:15.665+0000] {processor.py:175} INFO - Processing /home/airflow/.local/lib/python3.7/site-packages/airflow/example_dags/example_branch_operator_decorator.py took 0.226 seconds
[2023-02-21T12:04:46.269+0000] {processor.py:153} INFO - Started process (PID=1919) to work on /home/airflow/.local/lib/python3.7/site-packages/airflow/example_dags/example_branch_operator_decorator.py
[2023-02-21T12:04:46.291+0000] {processor.py:743} INFO - Processing file /home/airflow/.local/lib/python3.7/site-packages/airflow/example_dags/example_branch_operator_decorator.py for tasks to queue
[2023-02-21T12:04:46.301+0000] {logging_mixin.py:137} INFO - [2023-02-21T12:04:46.298+0000] {dagbag.py:538} INFO - Filling up the DagBag from /home/airflow/.local/lib/python3.7/site-packages/airflow/example_dags/example_branch_operator_decorator.py
[2023-02-21T12:04:46.394+0000] {processor.py:753} INFO - DAG(s) dict_keys(['example_branch_python_operator_decorator']) retrieved from /home/airflow/.local/lib/python3.7/site-packages/airflow/example_dags/example_branch_operator_decorator.py
[2023-02-21T12:04:46.634+0000] {logging_mixin.py:137} INFO - [2023-02-21T12:04:46.633+0000] {dag.py:2690} INFO - Sync 1 DAGs
[2023-02-21T12:04:46.934+0000] {logging_mixin.py:137} INFO - [2023-02-21T12:04:46.925+0000] {dag.py:3441} INFO - Setting next_dagrun for example_branch_python_operator_decorator to 2023-02-20T00:00:00+00:00, run_after=2023-02-21T00:00:00+00:00
[2023-02-21T12:04:47.066+0000] {processor.py:175} INFO - Processing /home/airflow/.local/lib/python3.7/site-packages/airflow/example_dags/example_branch_operator_decorator.py took 0.814 seconds
[2023-02-21T12:05:17.432+0000] {processor.py:153} INFO - Started process (PID=1971) to work on /home/airflow/.local/lib/python3.7/site-packages/airflow/example_dags/example_branch_operator_decorator.py
[2023-02-21T12:05:17.437+0000] {processor.py:743} INFO - Processing file /home/airflow/.local/lib/python3.7/site-packages/airflow/example_dags/example_branch_operator_decorator.py for tasks to queue
[2023-02-21T12:05:17.440+0000] {logging_mixin.py:137} INFO - [2023-02-21T12:05:17.440+0000] {dagbag.py:538} INFO - Filling up the DagBag from /home/airflow/.local/lib/python3.7/site-packages/airflow/example_dags/example_branch_operator_decorator.py
[2023-02-21T12:05:17.484+0000] {processor.py:753} INFO - DAG(s) dict_keys(['example_branch_python_operator_decorator']) retrieved from /home/airflow/.local/lib/python3.7/site-packages/airflow/example_dags/example_branch_operator_decorator.py
[2023-02-21T12:05:17.537+0000] {logging_mixin.py:137} INFO - [2023-02-21T12:05:17.537+0000] {dag.py:2690} INFO - Sync 1 DAGs
[2023-02-21T12:05:17.587+0000] {logging_mixin.py:137} INFO - [2023-02-21T12:05:17.586+0000] {dag.py:3441} INFO - Setting next_dagrun for example_branch_python_operator_decorator to 2023-02-20T00:00:00+00:00, run_after=2023-02-21T00:00:00+00:00
[2023-02-21T12:05:17.626+0000] {processor.py:175} INFO - Processing /home/airflow/.local/lib/python3.7/site-packages/airflow/example_dags/example_branch_operator_decorator.py took 0.202 seconds
[2023-02-21T12:05:48.674+0000] {processor.py:153} INFO - Started process (PID=2031) to work on /home/airflow/.local/lib/python3.7/site-packages/airflow/example_dags/example_branch_operator_decorator.py
[2023-02-21T12:05:48.687+0000] {processor.py:743} INFO - Processing file /home/airflow/.local/lib/python3.7/site-packages/airflow/example_dags/example_branch_operator_decorator.py for tasks to queue
[2023-02-21T12:05:48.711+0000] {logging_mixin.py:137} INFO - [2023-02-21T12:05:48.697+0000] {dagbag.py:538} INFO - Filling up the DagBag from /home/airflow/.local/lib/python3.7/site-packages/airflow/example_dags/example_branch_operator_decorator.py
[2023-02-21T12:05:48.891+0000] {processor.py:753} INFO - DAG(s) dict_keys(['example_branch_python_operator_decorator']) retrieved from /home/airflow/.local/lib/python3.7/site-packages/airflow/example_dags/example_branch_operator_decorator.py
[2023-02-21T12:05:48.950+0000] {logging_mixin.py:137} INFO - [2023-02-21T12:05:48.949+0000] {dag.py:2690} INFO - Sync 1 DAGs
[2023-02-21T12:05:49.006+0000] {logging_mixin.py:137} INFO - [2023-02-21T12:05:49.005+0000] {dag.py:3441} INFO - Setting next_dagrun for example_branch_python_operator_decorator to 2023-02-20T00:00:00+00:00, run_after=2023-02-21T00:00:00+00:00
[2023-02-21T12:05:49.051+0000] {processor.py:175} INFO - Processing /home/airflow/.local/lib/python3.7/site-packages/airflow/example_dags/example_branch_operator_decorator.py took 0.424 seconds
[2023-02-21T12:06:19.632+0000] {processor.py:153} INFO - Started process (PID=2090) to work on /home/airflow/.local/lib/python3.7/site-packages/airflow/example_dags/example_branch_operator_decorator.py
[2023-02-21T12:06:19.641+0000] {processor.py:743} INFO - Processing file /home/airflow/.local/lib/python3.7/site-packages/airflow/example_dags/example_branch_operator_decorator.py for tasks to queue
[2023-02-21T12:06:19.665+0000] {logging_mixin.py:137} INFO - [2023-02-21T12:06:19.646+0000] {dagbag.py:538} INFO - Filling up the DagBag from /home/airflow/.local/lib/python3.7/site-packages/airflow/example_dags/example_branch_operator_decorator.py
[2023-02-21T12:06:19.965+0000] {processor.py:753} INFO - DAG(s) dict_keys(['example_branch_python_operator_decorator']) retrieved from /home/airflow/.local/lib/python3.7/site-packages/airflow/example_dags/example_branch_operator_decorator.py
[2023-02-21T12:06:20.197+0000] {logging_mixin.py:137} INFO - [2023-02-21T12:06:20.196+0000] {dag.py:2690} INFO - Sync 1 DAGs
[2023-02-21T12:06:20.403+0000] {logging_mixin.py:137} INFO - [2023-02-21T12:06:20.403+0000] {dag.py:3441} INFO - Setting next_dagrun for example_branch_python_operator_decorator to 2023-02-20T00:00:00+00:00, run_after=2023-02-21T00:00:00+00:00
[2023-02-21T12:06:20.470+0000] {processor.py:175} INFO - Processing /home/airflow/.local/lib/python3.7/site-packages/airflow/example_dags/example_branch_operator_decorator.py took 0.852 seconds
[2023-02-21T12:06:50.780+0000] {processor.py:153} INFO - Started process (PID=2145) to work on /home/airflow/.local/lib/python3.7/site-packages/airflow/example_dags/example_branch_operator_decorator.py
[2023-02-21T12:06:50.806+0000] {processor.py:743} INFO - Processing file /home/airflow/.local/lib/python3.7/site-packages/airflow/example_dags/example_branch_operator_decorator.py for tasks to queue
[2023-02-21T12:06:50.811+0000] {logging_mixin.py:137} INFO - [2023-02-21T12:06:50.810+0000] {dagbag.py:538} INFO - Filling up the DagBag from /home/airflow/.local/lib/python3.7/site-packages/airflow/example_dags/example_branch_operator_decorator.py
[2023-02-21T12:06:51.040+0000] {processor.py:753} INFO - DAG(s) dict_keys(['example_branch_python_operator_decorator']) retrieved from /home/airflow/.local/lib/python3.7/site-packages/airflow/example_dags/example_branch_operator_decorator.py
[2023-02-21T12:06:51.264+0000] {logging_mixin.py:137} INFO - [2023-02-21T12:06:51.264+0000] {dag.py:2690} INFO - Sync 1 DAGs
[2023-02-21T12:06:51.394+0000] {logging_mixin.py:137} INFO - [2023-02-21T12:06:51.393+0000] {dag.py:3441} INFO - Setting next_dagrun for example_branch_python_operator_decorator to 2023-02-20T00:00:00+00:00, run_after=2023-02-21T00:00:00+00:00
[2023-02-21T12:06:51.479+0000] {processor.py:175} INFO - Processing /home/airflow/.local/lib/python3.7/site-packages/airflow/example_dags/example_branch_operator_decorator.py took 0.716 seconds
[2023-02-21T12:07:21.905+0000] {processor.py:153} INFO - Started process (PID=2206) to work on /home/airflow/.local/lib/python3.7/site-packages/airflow/example_dags/example_branch_operator_decorator.py
[2023-02-21T12:07:21.911+0000] {processor.py:743} INFO - Processing file /home/airflow/.local/lib/python3.7/site-packages/airflow/example_dags/example_branch_operator_decorator.py for tasks to queue
[2023-02-21T12:07:21.916+0000] {logging_mixin.py:137} INFO - [2023-02-21T12:07:21.915+0000] {dagbag.py:538} INFO - Filling up the DagBag from /home/airflow/.local/lib/python3.7/site-packages/airflow/example_dags/example_branch_operator_decorator.py
[2023-02-21T12:07:22.096+0000] {processor.py:753} INFO - DAG(s) dict_keys(['example_branch_python_operator_decorator']) retrieved from /home/airflow/.local/lib/python3.7/site-packages/airflow/example_dags/example_branch_operator_decorator.py
[2023-02-21T12:07:22.253+0000] {logging_mixin.py:137} INFO - [2023-02-21T12:07:22.253+0000] {dag.py:2690} INFO - Sync 1 DAGs
[2023-02-21T12:07:22.422+0000] {logging_mixin.py:137} INFO - [2023-02-21T12:07:22.422+0000] {dag.py:3441} INFO - Setting next_dagrun for example_branch_python_operator_decorator to 2023-02-20T00:00:00+00:00, run_after=2023-02-21T00:00:00+00:00
[2023-02-21T12:07:22.544+0000] {processor.py:175} INFO - Processing /home/airflow/.local/lib/python3.7/site-packages/airflow/example_dags/example_branch_operator_decorator.py took 0.677 seconds
[2023-02-21T12:07:52.763+0000] {processor.py:153} INFO - Started process (PID=2266) to work on /home/airflow/.local/lib/python3.7/site-packages/airflow/example_dags/example_branch_operator_decorator.py
[2023-02-21T12:07:52.777+0000] {processor.py:743} INFO - Processing file /home/airflow/.local/lib/python3.7/site-packages/airflow/example_dags/example_branch_operator_decorator.py for tasks to queue
[2023-02-21T12:07:52.782+0000] {logging_mixin.py:137} INFO - [2023-02-21T12:07:52.781+0000] {dagbag.py:538} INFO - Filling up the DagBag from /home/airflow/.local/lib/python3.7/site-packages/airflow/example_dags/example_branch_operator_decorator.py
[2023-02-21T12:07:52.916+0000] {processor.py:753} INFO - DAG(s) dict_keys(['example_branch_python_operator_decorator']) retrieved from /home/airflow/.local/lib/python3.7/site-packages/airflow/example_dags/example_branch_operator_decorator.py
[2023-02-21T12:07:53.306+0000] {logging_mixin.py:137} INFO - [2023-02-21T12:07:53.306+0000] {dag.py:2690} INFO - Sync 1 DAGs
[2023-02-21T12:07:53.622+0000] {logging_mixin.py:137} INFO - [2023-02-21T12:07:53.622+0000] {dag.py:3441} INFO - Setting next_dagrun for example_branch_python_operator_decorator to 2023-02-20T00:00:00+00:00, run_after=2023-02-21T00:00:00+00:00
[2023-02-21T12:07:53.795+0000] {processor.py:175} INFO - Processing /home/airflow/.local/lib/python3.7/site-packages/airflow/example_dags/example_branch_operator_decorator.py took 1.037 seconds
[2023-02-21T12:08:25.461+0000] {processor.py:153} INFO - Started process (PID=2325) to work on /home/airflow/.local/lib/python3.7/site-packages/airflow/example_dags/example_branch_operator_decorator.py
[2023-02-21T12:08:25.473+0000] {processor.py:743} INFO - Processing file /home/airflow/.local/lib/python3.7/site-packages/airflow/example_dags/example_branch_operator_decorator.py for tasks to queue
[2023-02-21T12:08:25.498+0000] {logging_mixin.py:137} INFO - [2023-02-21T12:08:25.497+0000] {dagbag.py:538} INFO - Filling up the DagBag from /home/airflow/.local/lib/python3.7/site-packages/airflow/example_dags/example_branch_operator_decorator.py
[2023-02-21T12:08:25.610+0000] {processor.py:753} INFO - DAG(s) dict_keys(['example_branch_python_operator_decorator']) retrieved from /home/airflow/.local/lib/python3.7/site-packages/airflow/example_dags/example_branch_operator_decorator.py
[2023-02-21T12:08:25.711+0000] {logging_mixin.py:137} INFO - [2023-02-21T12:08:25.710+0000] {dag.py:2690} INFO - Sync 1 DAGs
[2023-02-21T12:08:25.904+0000] {logging_mixin.py:137} INFO - [2023-02-21T12:08:25.904+0000] {dag.py:3441} INFO - Setting next_dagrun for example_branch_python_operator_decorator to 2023-02-20T00:00:00+00:00, run_after=2023-02-21T00:00:00+00:00
[2023-02-21T12:08:25.982+0000] {processor.py:175} INFO - Processing /home/airflow/.local/lib/python3.7/site-packages/airflow/example_dags/example_branch_operator_decorator.py took 0.528 seconds
[2023-02-21T12:08:56.605+0000] {processor.py:153} INFO - Started process (PID=2384) to work on /home/airflow/.local/lib/python3.7/site-packages/airflow/example_dags/example_branch_operator_decorator.py
[2023-02-21T12:08:56.608+0000] {processor.py:743} INFO - Processing file /home/airflow/.local/lib/python3.7/site-packages/airflow/example_dags/example_branch_operator_decorator.py for tasks to queue
[2023-02-21T12:08:56.611+0000] {logging_mixin.py:137} INFO - [2023-02-21T12:08:56.611+0000] {dagbag.py:538} INFO - Filling up the DagBag from /home/airflow/.local/lib/python3.7/site-packages/airflow/example_dags/example_branch_operator_decorator.py
[2023-02-21T12:08:56.750+0000] {processor.py:753} INFO - DAG(s) dict_keys(['example_branch_python_operator_decorator']) retrieved from /home/airflow/.local/lib/python3.7/site-packages/airflow/example_dags/example_branch_operator_decorator.py
[2023-02-21T12:08:56.872+0000] {logging_mixin.py:137} INFO - [2023-02-21T12:08:56.872+0000] {dag.py:2690} INFO - Sync 1 DAGs
[2023-02-21T12:08:56.961+0000] {logging_mixin.py:137} INFO - [2023-02-21T12:08:56.961+0000] {dag.py:3441} INFO - Setting next_dagrun for example_branch_python_operator_decorator to 2023-02-20T00:00:00+00:00, run_after=2023-02-21T00:00:00+00:00
[2023-02-21T12:08:57.046+0000] {processor.py:175} INFO - Processing /home/airflow/.local/lib/python3.7/site-packages/airflow/example_dags/example_branch_operator_decorator.py took 0.447 seconds
[2023-02-21T12:09:27.518+0000] {processor.py:153} INFO - Started process (PID=2442) to work on /home/airflow/.local/lib/python3.7/site-packages/airflow/example_dags/example_branch_operator_decorator.py
[2023-02-21T12:09:27.531+0000] {processor.py:743} INFO - Processing file /home/airflow/.local/lib/python3.7/site-packages/airflow/example_dags/example_branch_operator_decorator.py for tasks to queue
[2023-02-21T12:09:27.543+0000] {logging_mixin.py:137} INFO - [2023-02-21T12:09:27.537+0000] {dagbag.py:538} INFO - Filling up the DagBag from /home/airflow/.local/lib/python3.7/site-packages/airflow/example_dags/example_branch_operator_decorator.py
[2023-02-21T12:09:27.713+0000] {processor.py:753} INFO - DAG(s) dict_keys(['example_branch_python_operator_decorator']) retrieved from /home/airflow/.local/lib/python3.7/site-packages/airflow/example_dags/example_branch_operator_decorator.py
[2023-02-21T12:09:27.861+0000] {logging_mixin.py:137} INFO - [2023-02-21T12:09:27.861+0000] {dag.py:2690} INFO - Sync 1 DAGs
[2023-02-21T12:09:28.007+0000] {logging_mixin.py:137} INFO - [2023-02-21T12:09:28.006+0000] {dag.py:3441} INFO - Setting next_dagrun for example_branch_python_operator_decorator to 2023-02-20T00:00:00+00:00, run_after=2023-02-21T00:00:00+00:00
[2023-02-21T12:09:28.097+0000] {processor.py:175} INFO - Processing /home/airflow/.local/lib/python3.7/site-packages/airflow/example_dags/example_branch_operator_decorator.py took 0.591 seconds
[2023-02-21T12:09:58.247+0000] {processor.py:153} INFO - Started process (PID=2500) to work on /home/airflow/.local/lib/python3.7/site-packages/airflow/example_dags/example_branch_operator_decorator.py
[2023-02-21T12:09:58.251+0000] {processor.py:743} INFO - Processing file /home/airflow/.local/lib/python3.7/site-packages/airflow/example_dags/example_branch_operator_decorator.py for tasks to queue
[2023-02-21T12:09:58.254+0000] {logging_mixin.py:137} INFO - [2023-02-21T12:09:58.253+0000] {dagbag.py:538} INFO - Filling up the DagBag from /home/airflow/.local/lib/python3.7/site-packages/airflow/example_dags/example_branch_operator_decorator.py
[2023-02-21T12:09:58.291+0000] {processor.py:753} INFO - DAG(s) dict_keys(['example_branch_python_operator_decorator']) retrieved from /home/airflow/.local/lib/python3.7/site-packages/airflow/example_dags/example_branch_operator_decorator.py
[2023-02-21T12:09:58.334+0000] {logging_mixin.py:137} INFO - [2023-02-21T12:09:58.333+0000] {dag.py:2690} INFO - Sync 1 DAGs
[2023-02-21T12:09:58.374+0000] {logging_mixin.py:137} INFO - [2023-02-21T12:09:58.374+0000] {dag.py:3441} INFO - Setting next_dagrun for example_branch_python_operator_decorator to 2023-02-20T00:00:00+00:00, run_after=2023-02-21T00:00:00+00:00
[2023-02-21T12:09:58.411+0000] {processor.py:175} INFO - Processing /home/airflow/.local/lib/python3.7/site-packages/airflow/example_dags/example_branch_operator_decorator.py took 0.169 seconds
[2023-02-21T12:10:28.815+0000] {processor.py:153} INFO - Started process (PID=2560) to work on /home/airflow/.local/lib/python3.7/site-packages/airflow/example_dags/example_branch_operator_decorator.py
[2023-02-21T12:10:28.824+0000] {processor.py:743} INFO - Processing file /home/airflow/.local/lib/python3.7/site-packages/airflow/example_dags/example_branch_operator_decorator.py for tasks to queue
[2023-02-21T12:10:28.830+0000] {logging_mixin.py:137} INFO - [2023-02-21T12:10:28.828+0000] {dagbag.py:538} INFO - Filling up the DagBag from /home/airflow/.local/lib/python3.7/site-packages/airflow/example_dags/example_branch_operator_decorator.py
[2023-02-21T12:10:28.944+0000] {processor.py:753} INFO - DAG(s) dict_keys(['example_branch_python_operator_decorator']) retrieved from /home/airflow/.local/lib/python3.7/site-packages/airflow/example_dags/example_branch_operator_decorator.py
[2023-02-21T12:10:29.050+0000] {logging_mixin.py:137} INFO - [2023-02-21T12:10:29.050+0000] {dag.py:2690} INFO - Sync 1 DAGs
[2023-02-21T12:10:29.156+0000] {logging_mixin.py:137} INFO - [2023-02-21T12:10:29.155+0000] {dag.py:3441} INFO - Setting next_dagrun for example_branch_python_operator_decorator to 2023-02-20T00:00:00+00:00, run_after=2023-02-21T00:00:00+00:00
[2023-02-21T12:10:29.230+0000] {processor.py:175} INFO - Processing /home/airflow/.local/lib/python3.7/site-packages/airflow/example_dags/example_branch_operator_decorator.py took 0.433 seconds
[2023-02-21T12:11:00.305+0000] {processor.py:153} INFO - Started process (PID=2621) to work on /home/airflow/.local/lib/python3.7/site-packages/airflow/example_dags/example_branch_operator_decorator.py
[2023-02-21T12:11:00.308+0000] {processor.py:743} INFO - Processing file /home/airflow/.local/lib/python3.7/site-packages/airflow/example_dags/example_branch_operator_decorator.py for tasks to queue
[2023-02-21T12:11:00.312+0000] {logging_mixin.py:137} INFO - [2023-02-21T12:11:00.311+0000] {dagbag.py:538} INFO - Filling up the DagBag from /home/airflow/.local/lib/python3.7/site-packages/airflow/example_dags/example_branch_operator_decorator.py
[2023-02-21T12:11:00.396+0000] {processor.py:753} INFO - DAG(s) dict_keys(['example_branch_python_operator_decorator']) retrieved from /home/airflow/.local/lib/python3.7/site-packages/airflow/example_dags/example_branch_operator_decorator.py
[2023-02-21T12:11:00.461+0000] {logging_mixin.py:137} INFO - [2023-02-21T12:11:00.460+0000] {dag.py:2690} INFO - Sync 1 DAGs
[2023-02-21T12:11:00.590+0000] {logging_mixin.py:137} INFO - [2023-02-21T12:11:00.590+0000] {dag.py:3441} INFO - Setting next_dagrun for example_branch_python_operator_decorator to 2023-02-20T00:00:00+00:00, run_after=2023-02-21T00:00:00+00:00
[2023-02-21T12:11:00.649+0000] {processor.py:175} INFO - Processing /home/airflow/.local/lib/python3.7/site-packages/airflow/example_dags/example_branch_operator_decorator.py took 0.351 seconds
[2023-02-21T12:11:31.493+0000] {processor.py:153} INFO - Started process (PID=2679) to work on /home/airflow/.local/lib/python3.7/site-packages/airflow/example_dags/example_branch_operator_decorator.py
[2023-02-21T12:11:31.499+0000] {processor.py:743} INFO - Processing file /home/airflow/.local/lib/python3.7/site-packages/airflow/example_dags/example_branch_operator_decorator.py for tasks to queue
[2023-02-21T12:11:31.505+0000] {logging_mixin.py:137} INFO - [2023-02-21T12:11:31.503+0000] {dagbag.py:538} INFO - Filling up the DagBag from /home/airflow/.local/lib/python3.7/site-packages/airflow/example_dags/example_branch_operator_decorator.py
[2023-02-21T12:11:31.632+0000] {processor.py:753} INFO - DAG(s) dict_keys(['example_branch_python_operator_decorator']) retrieved from /home/airflow/.local/lib/python3.7/site-packages/airflow/example_dags/example_branch_operator_decorator.py
[2023-02-21T12:11:31.789+0000] {logging_mixin.py:137} INFO - [2023-02-21T12:11:31.789+0000] {dag.py:2690} INFO - Sync 1 DAGs
[2023-02-21T12:11:31.864+0000] {logging_mixin.py:137} INFO - [2023-02-21T12:11:31.864+0000] {dag.py:3441} INFO - Setting next_dagrun for example_branch_python_operator_decorator to 2023-02-20T00:00:00+00:00, run_after=2023-02-21T00:00:00+00:00
[2023-02-21T12:11:31.909+0000] {processor.py:175} INFO - Processing /home/airflow/.local/lib/python3.7/site-packages/airflow/example_dags/example_branch_operator_decorator.py took 0.451 seconds
[2023-02-21T12:12:02.426+0000] {processor.py:153} INFO - Started process (PID=2738) to work on /home/airflow/.local/lib/python3.7/site-packages/airflow/example_dags/example_branch_operator_decorator.py
[2023-02-21T12:12:02.430+0000] {processor.py:743} INFO - Processing file /home/airflow/.local/lib/python3.7/site-packages/airflow/example_dags/example_branch_operator_decorator.py for tasks to queue
[2023-02-21T12:12:02.435+0000] {logging_mixin.py:137} INFO - [2023-02-21T12:12:02.434+0000] {dagbag.py:538} INFO - Filling up the DagBag from /home/airflow/.local/lib/python3.7/site-packages/airflow/example_dags/example_branch_operator_decorator.py
[2023-02-21T12:12:02.542+0000] {processor.py:753} INFO - DAG(s) dict_keys(['example_branch_python_operator_decorator']) retrieved from /home/airflow/.local/lib/python3.7/site-packages/airflow/example_dags/example_branch_operator_decorator.py
[2023-02-21T12:12:02.646+0000] {logging_mixin.py:137} INFO - [2023-02-21T12:12:02.646+0000] {dag.py:2690} INFO - Sync 1 DAGs
[2023-02-21T12:12:02.710+0000] {logging_mixin.py:137} INFO - [2023-02-21T12:12:02.710+0000] {dag.py:3441} INFO - Setting next_dagrun for example_branch_python_operator_decorator to 2023-02-20T00:00:00+00:00, run_after=2023-02-21T00:00:00+00:00
[2023-02-21T12:12:02.763+0000] {processor.py:175} INFO - Processing /home/airflow/.local/lib/python3.7/site-packages/airflow/example_dags/example_branch_operator_decorator.py took 0.354 seconds
[2023-02-21T12:12:33.646+0000] {processor.py:153} INFO - Started process (PID=2797) to work on /home/airflow/.local/lib/python3.7/site-packages/airflow/example_dags/example_branch_operator_decorator.py
[2023-02-21T12:12:33.652+0000] {processor.py:743} INFO - Processing file /home/airflow/.local/lib/python3.7/site-packages/airflow/example_dags/example_branch_operator_decorator.py for tasks to queue
[2023-02-21T12:12:33.656+0000] {logging_mixin.py:137} INFO - [2023-02-21T12:12:33.655+0000] {dagbag.py:538} INFO - Filling up the DagBag from /home/airflow/.local/lib/python3.7/site-packages/airflow/example_dags/example_branch_operator_decorator.py
[2023-02-21T12:12:33.754+0000] {processor.py:753} INFO - DAG(s) dict_keys(['example_branch_python_operator_decorator']) retrieved from /home/airflow/.local/lib/python3.7/site-packages/airflow/example_dags/example_branch_operator_decorator.py
[2023-02-21T12:12:33.840+0000] {logging_mixin.py:137} INFO - [2023-02-21T12:12:33.840+0000] {dag.py:2690} INFO - Sync 1 DAGs
[2023-02-21T12:12:33.923+0000] {logging_mixin.py:137} INFO - [2023-02-21T12:12:33.923+0000] {dag.py:3441} INFO - Setting next_dagrun for example_branch_python_operator_decorator to 2023-02-20T00:00:00+00:00, run_after=2023-02-21T00:00:00+00:00
[2023-02-21T12:12:33.975+0000] {processor.py:175} INFO - Processing /home/airflow/.local/lib/python3.7/site-packages/airflow/example_dags/example_branch_operator_decorator.py took 0.340 seconds
[2023-02-21T12:13:04.139+0000] {processor.py:153} INFO - Started process (PID=2867) to work on /home/airflow/.local/lib/python3.7/site-packages/airflow/example_dags/example_branch_operator_decorator.py
[2023-02-21T12:13:04.142+0000] {processor.py:743} INFO - Processing file /home/airflow/.local/lib/python3.7/site-packages/airflow/example_dags/example_branch_operator_decorator.py for tasks to queue
[2023-02-21T12:13:04.145+0000] {logging_mixin.py:137} INFO - [2023-02-21T12:13:04.145+0000] {dagbag.py:538} INFO - Filling up the DagBag from /home/airflow/.local/lib/python3.7/site-packages/airflow/example_dags/example_branch_operator_decorator.py
[2023-02-21T12:13:04.264+0000] {processor.py:753} INFO - DAG(s) dict_keys(['example_branch_python_operator_decorator']) retrieved from /home/airflow/.local/lib/python3.7/site-packages/airflow/example_dags/example_branch_operator_decorator.py
[2023-02-21T12:13:04.369+0000] {logging_mixin.py:137} INFO - [2023-02-21T12:13:04.369+0000] {dag.py:2690} INFO - Sync 1 DAGs
[2023-02-21T12:13:04.458+0000] {logging_mixin.py:137} INFO - [2023-02-21T12:13:04.458+0000] {dag.py:3441} INFO - Setting next_dagrun for example_branch_python_operator_decorator to 2023-02-20T00:00:00+00:00, run_after=2023-02-21T00:00:00+00:00
[2023-02-21T12:13:04.522+0000] {processor.py:175} INFO - Processing /home/airflow/.local/lib/python3.7/site-packages/airflow/example_dags/example_branch_operator_decorator.py took 0.395 seconds
[2023-02-21T12:13:35.036+0000] {processor.py:153} INFO - Started process (PID=2926) to work on /home/airflow/.local/lib/python3.7/site-packages/airflow/example_dags/example_branch_operator_decorator.py
[2023-02-21T12:13:35.042+0000] {processor.py:743} INFO - Processing file /home/airflow/.local/lib/python3.7/site-packages/airflow/example_dags/example_branch_operator_decorator.py for tasks to queue
[2023-02-21T12:13:35.046+0000] {logging_mixin.py:137} INFO - [2023-02-21T12:13:35.045+0000] {dagbag.py:538} INFO - Filling up the DagBag from /home/airflow/.local/lib/python3.7/site-packages/airflow/example_dags/example_branch_operator_decorator.py
[2023-02-21T12:13:35.121+0000] {processor.py:753} INFO - DAG(s) dict_keys(['example_branch_python_operator_decorator']) retrieved from /home/airflow/.local/lib/python3.7/site-packages/airflow/example_dags/example_branch_operator_decorator.py
[2023-02-21T12:13:35.201+0000] {logging_mixin.py:137} INFO - [2023-02-21T12:13:35.201+0000] {dag.py:2690} INFO - Sync 1 DAGs
[2023-02-21T12:13:35.254+0000] {logging_mixin.py:137} INFO - [2023-02-21T12:13:35.254+0000] {dag.py:3441} INFO - Setting next_dagrun for example_branch_python_operator_decorator to 2023-02-20T00:00:00+00:00, run_after=2023-02-21T00:00:00+00:00
[2023-02-21T12:13:35.321+0000] {processor.py:175} INFO - Processing /home/airflow/.local/lib/python3.7/site-packages/airflow/example_dags/example_branch_operator_decorator.py took 0.297 seconds
[2023-02-21T12:14:05.839+0000] {processor.py:153} INFO - Started process (PID=2985) to work on /home/airflow/.local/lib/python3.7/site-packages/airflow/example_dags/example_branch_operator_decorator.py
[2023-02-21T12:14:05.844+0000] {processor.py:743} INFO - Processing file /home/airflow/.local/lib/python3.7/site-packages/airflow/example_dags/example_branch_operator_decorator.py for tasks to queue
[2023-02-21T12:14:05.846+0000] {logging_mixin.py:137} INFO - [2023-02-21T12:14:05.846+0000] {dagbag.py:538} INFO - Filling up the DagBag from /home/airflow/.local/lib/python3.7/site-packages/airflow/example_dags/example_branch_operator_decorator.py
[2023-02-21T12:14:05.924+0000] {processor.py:753} INFO - DAG(s) dict_keys(['example_branch_python_operator_decorator']) retrieved from /home/airflow/.local/lib/python3.7/site-packages/airflow/example_dags/example_branch_operator_decorator.py
[2023-02-21T12:14:06.010+0000] {logging_mixin.py:137} INFO - [2023-02-21T12:14:06.010+0000] {dag.py:2690} INFO - Sync 1 DAGs
[2023-02-21T12:14:06.079+0000] {logging_mixin.py:137} INFO - [2023-02-21T12:14:06.079+0000] {dag.py:3441} INFO - Setting next_dagrun for example_branch_python_operator_decorator to 2023-02-20T00:00:00+00:00, run_after=2023-02-21T00:00:00+00:00
[2023-02-21T12:14:06.138+0000] {processor.py:175} INFO - Processing /home/airflow/.local/lib/python3.7/site-packages/airflow/example_dags/example_branch_operator_decorator.py took 0.314 seconds
[2023-02-21T12:14:36.644+0000] {processor.py:153} INFO - Started process (PID=3055) to work on /home/airflow/.local/lib/python3.7/site-packages/airflow/example_dags/example_branch_operator_decorator.py
[2023-02-21T12:14:36.653+0000] {processor.py:743} INFO - Processing file /home/airflow/.local/lib/python3.7/site-packages/airflow/example_dags/example_branch_operator_decorator.py for tasks to queue
[2023-02-21T12:14:36.656+0000] {logging_mixin.py:137} INFO - [2023-02-21T12:14:36.655+0000] {dagbag.py:538} INFO - Filling up the DagBag from /home/airflow/.local/lib/python3.7/site-packages/airflow/example_dags/example_branch_operator_decorator.py
[2023-02-21T12:14:36.705+0000] {processor.py:753} INFO - DAG(s) dict_keys(['example_branch_python_operator_decorator']) retrieved from /home/airflow/.local/lib/python3.7/site-packages/airflow/example_dags/example_branch_operator_decorator.py
[2023-02-21T12:14:36.750+0000] {logging_mixin.py:137} INFO - [2023-02-21T12:14:36.750+0000] {dag.py:2690} INFO - Sync 1 DAGs
[2023-02-21T12:14:36.806+0000] {logging_mixin.py:137} INFO - [2023-02-21T12:14:36.806+0000] {dag.py:3441} INFO - Setting next_dagrun for example_branch_python_operator_decorator to 2023-02-20T00:00:00+00:00, run_after=2023-02-21T00:00:00+00:00
[2023-02-21T12:14:36.847+0000] {processor.py:175} INFO - Processing /home/airflow/.local/lib/python3.7/site-packages/airflow/example_dags/example_branch_operator_decorator.py took 0.214 seconds
[2023-02-21T12:15:07.037+0000] {processor.py:153} INFO - Started process (PID=3114) to work on /home/airflow/.local/lib/python3.7/site-packages/airflow/example_dags/example_branch_operator_decorator.py
[2023-02-21T12:15:07.039+0000] {processor.py:743} INFO - Processing file /home/airflow/.local/lib/python3.7/site-packages/airflow/example_dags/example_branch_operator_decorator.py for tasks to queue
[2023-02-21T12:15:07.042+0000] {logging_mixin.py:137} INFO - [2023-02-21T12:15:07.042+0000] {dagbag.py:538} INFO - Filling up the DagBag from /home/airflow/.local/lib/python3.7/site-packages/airflow/example_dags/example_branch_operator_decorator.py
[2023-02-21T12:15:07.092+0000] {processor.py:753} INFO - DAG(s) dict_keys(['example_branch_python_operator_decorator']) retrieved from /home/airflow/.local/lib/python3.7/site-packages/airflow/example_dags/example_branch_operator_decorator.py
[2023-02-21T12:15:07.135+0000] {logging_mixin.py:137} INFO - [2023-02-21T12:15:07.135+0000] {dag.py:2690} INFO - Sync 1 DAGs
[2023-02-21T12:15:07.183+0000] {logging_mixin.py:137} INFO - [2023-02-21T12:15:07.183+0000] {dag.py:3441} INFO - Setting next_dagrun for example_branch_python_operator_decorator to 2023-02-20T00:00:00+00:00, run_after=2023-02-21T00:00:00+00:00
[2023-02-21T12:15:07.218+0000] {processor.py:175} INFO - Processing /home/airflow/.local/lib/python3.7/site-packages/airflow/example_dags/example_branch_operator_decorator.py took 0.185 seconds
[2023-02-21T12:15:38.042+0000] {processor.py:153} INFO - Started process (PID=3175) to work on /home/airflow/.local/lib/python3.7/site-packages/airflow/example_dags/example_branch_operator_decorator.py
[2023-02-21T12:15:38.046+0000] {processor.py:743} INFO - Processing file /home/airflow/.local/lib/python3.7/site-packages/airflow/example_dags/example_branch_operator_decorator.py for tasks to queue
[2023-02-21T12:15:38.049+0000] {logging_mixin.py:137} INFO - [2023-02-21T12:15:38.049+0000] {dagbag.py:538} INFO - Filling up the DagBag from /home/airflow/.local/lib/python3.7/site-packages/airflow/example_dags/example_branch_operator_decorator.py
[2023-02-21T12:15:38.093+0000] {processor.py:753} INFO - DAG(s) dict_keys(['example_branch_python_operator_decorator']) retrieved from /home/airflow/.local/lib/python3.7/site-packages/airflow/example_dags/example_branch_operator_decorator.py
[2023-02-21T12:15:38.173+0000] {logging_mixin.py:137} INFO - [2023-02-21T12:15:38.173+0000] {dag.py:2690} INFO - Sync 1 DAGs
[2023-02-21T12:15:38.260+0000] {logging_mixin.py:137} INFO - [2023-02-21T12:15:38.259+0000] {dag.py:3441} INFO - Setting next_dagrun for example_branch_python_operator_decorator to 2023-02-20T00:00:00+00:00, run_after=2023-02-21T00:00:00+00:00
[2023-02-21T12:15:38.294+0000] {processor.py:175} INFO - Processing /home/airflow/.local/lib/python3.7/site-packages/airflow/example_dags/example_branch_operator_decorator.py took 0.257 seconds
[2023-02-21T12:16:10.084+0000] {processor.py:153} INFO - Started process (PID=3233) to work on /home/airflow/.local/lib/python3.7/site-packages/airflow/example_dags/example_branch_operator_decorator.py
[2023-02-21T12:16:10.087+0000] {processor.py:743} INFO - Processing file /home/airflow/.local/lib/python3.7/site-packages/airflow/example_dags/example_branch_operator_decorator.py for tasks to queue
[2023-02-21T12:16:10.090+0000] {logging_mixin.py:137} INFO - [2023-02-21T12:16:10.090+0000] {dagbag.py:538} INFO - Filling up the DagBag from /home/airflow/.local/lib/python3.7/site-packages/airflow/example_dags/example_branch_operator_decorator.py
[2023-02-21T12:16:10.267+0000] {processor.py:753} INFO - DAG(s) dict_keys(['example_branch_python_operator_decorator']) retrieved from /home/airflow/.local/lib/python3.7/site-packages/airflow/example_dags/example_branch_operator_decorator.py
[2023-02-21T12:16:10.392+0000] {logging_mixin.py:137} INFO - [2023-02-21T12:16:10.392+0000] {dag.py:2690} INFO - Sync 1 DAGs
[2023-02-21T12:16:10.534+0000] {logging_mixin.py:137} INFO - [2023-02-21T12:16:10.533+0000] {dag.py:3441} INFO - Setting next_dagrun for example_branch_python_operator_decorator to 2023-02-20T00:00:00+00:00, run_after=2023-02-21T00:00:00+00:00
[2023-02-21T12:16:10.631+0000] {processor.py:175} INFO - Processing /home/airflow/.local/lib/python3.7/site-packages/airflow/example_dags/example_branch_operator_decorator.py took 0.552 seconds
[2023-02-21T12:16:41.349+0000] {processor.py:153} INFO - Started process (PID=3304) to work on /home/airflow/.local/lib/python3.7/site-packages/airflow/example_dags/example_branch_operator_decorator.py
[2023-02-21T12:16:41.355+0000] {processor.py:743} INFO - Processing file /home/airflow/.local/lib/python3.7/site-packages/airflow/example_dags/example_branch_operator_decorator.py for tasks to queue
[2023-02-21T12:16:41.359+0000] {logging_mixin.py:137} INFO - [2023-02-21T12:16:41.358+0000] {dagbag.py:538} INFO - Filling up the DagBag from /home/airflow/.local/lib/python3.7/site-packages/airflow/example_dags/example_branch_operator_decorator.py
[2023-02-21T12:16:41.431+0000] {processor.py:753} INFO - DAG(s) dict_keys(['example_branch_python_operator_decorator']) retrieved from /home/airflow/.local/lib/python3.7/site-packages/airflow/example_dags/example_branch_operator_decorator.py
[2023-02-21T12:16:41.589+0000] {logging_mixin.py:137} INFO - [2023-02-21T12:16:41.589+0000] {dag.py:2690} INFO - Sync 1 DAGs
[2023-02-21T12:16:41.655+0000] {logging_mixin.py:137} INFO - [2023-02-21T12:16:41.655+0000] {dag.py:3441} INFO - Setting next_dagrun for example_branch_python_operator_decorator to 2023-02-20T00:00:00+00:00, run_after=2023-02-21T00:00:00+00:00
[2023-02-21T12:16:41.745+0000] {processor.py:175} INFO - Processing /home/airflow/.local/lib/python3.7/site-packages/airflow/example_dags/example_branch_operator_decorator.py took 0.413 seconds
[2023-02-21T12:17:13.022+0000] {processor.py:153} INFO - Started process (PID=3363) to work on /home/airflow/.local/lib/python3.7/site-packages/airflow/example_dags/example_branch_operator_decorator.py
[2023-02-21T12:17:13.036+0000] {processor.py:743} INFO - Processing file /home/airflow/.local/lib/python3.7/site-packages/airflow/example_dags/example_branch_operator_decorator.py for tasks to queue
[2023-02-21T12:17:13.044+0000] {logging_mixin.py:137} INFO - [2023-02-21T12:17:13.044+0000] {dagbag.py:538} INFO - Filling up the DagBag from /home/airflow/.local/lib/python3.7/site-packages/airflow/example_dags/example_branch_operator_decorator.py
[2023-02-21T12:17:13.517+0000] {processor.py:753} INFO - DAG(s) dict_keys(['example_branch_python_operator_decorator']) retrieved from /home/airflow/.local/lib/python3.7/site-packages/airflow/example_dags/example_branch_operator_decorator.py
[2023-02-21T12:17:13.751+0000] {logging_mixin.py:137} INFO - [2023-02-21T12:17:13.751+0000] {dag.py:2690} INFO - Sync 1 DAGs
[2023-02-21T12:17:13.975+0000] {logging_mixin.py:137} INFO - [2023-02-21T12:17:13.975+0000] {dag.py:3441} INFO - Setting next_dagrun for example_branch_python_operator_decorator to 2023-02-20T00:00:00+00:00, run_after=2023-02-21T00:00:00+00:00
[2023-02-21T12:17:14.074+0000] {processor.py:175} INFO - Processing /home/airflow/.local/lib/python3.7/site-packages/airflow/example_dags/example_branch_operator_decorator.py took 1.076 seconds
[2023-02-21T12:17:44.286+0000] {processor.py:153} INFO - Started process (PID=3412) to work on /home/airflow/.local/lib/python3.7/site-packages/airflow/example_dags/example_branch_operator_decorator.py
[2023-02-21T12:17:44.288+0000] {processor.py:743} INFO - Processing file /home/airflow/.local/lib/python3.7/site-packages/airflow/example_dags/example_branch_operator_decorator.py for tasks to queue
[2023-02-21T12:17:44.291+0000] {logging_mixin.py:137} INFO - [2023-02-21T12:17:44.291+0000] {dagbag.py:538} INFO - Filling up the DagBag from /home/airflow/.local/lib/python3.7/site-packages/airflow/example_dags/example_branch_operator_decorator.py
[2023-02-21T12:17:44.359+0000] {processor.py:753} INFO - DAG(s) dict_keys(['example_branch_python_operator_decorator']) retrieved from /home/airflow/.local/lib/python3.7/site-packages/airflow/example_dags/example_branch_operator_decorator.py
[2023-02-21T12:17:44.435+0000] {logging_mixin.py:137} INFO - [2023-02-21T12:17:44.434+0000] {dag.py:2690} INFO - Sync 1 DAGs
[2023-02-21T12:17:44.498+0000] {logging_mixin.py:137} INFO - [2023-02-21T12:17:44.498+0000] {dag.py:3441} INFO - Setting next_dagrun for example_branch_python_operator_decorator to 2023-02-20T00:00:00+00:00, run_after=2023-02-21T00:00:00+00:00
[2023-02-21T12:17:44.554+0000] {processor.py:175} INFO - Processing /home/airflow/.local/lib/python3.7/site-packages/airflow/example_dags/example_branch_operator_decorator.py took 0.277 seconds
[2023-02-21T12:18:15.438+0000] {processor.py:153} INFO - Started process (PID=3470) to work on /home/airflow/.local/lib/python3.7/site-packages/airflow/example_dags/example_branch_operator_decorator.py
[2023-02-21T12:18:15.443+0000] {processor.py:743} INFO - Processing file /home/airflow/.local/lib/python3.7/site-packages/airflow/example_dags/example_branch_operator_decorator.py for tasks to queue
[2023-02-21T12:18:15.459+0000] {logging_mixin.py:137} INFO - [2023-02-21T12:18:15.447+0000] {dagbag.py:538} INFO - Filling up the DagBag from /home/airflow/.local/lib/python3.7/site-packages/airflow/example_dags/example_branch_operator_decorator.py
[2023-02-21T12:18:15.698+0000] {processor.py:753} INFO - DAG(s) dict_keys(['example_branch_python_operator_decorator']) retrieved from /home/airflow/.local/lib/python3.7/site-packages/airflow/example_dags/example_branch_operator_decorator.py
[2023-02-21T12:18:15.888+0000] {logging_mixin.py:137} INFO - [2023-02-21T12:18:15.887+0000] {dag.py:2690} INFO - Sync 1 DAGs
[2023-02-21T12:18:16.095+0000] {logging_mixin.py:137} INFO - [2023-02-21T12:18:16.094+0000] {dag.py:3441} INFO - Setting next_dagrun for example_branch_python_operator_decorator to 2023-02-20T00:00:00+00:00, run_after=2023-02-21T00:00:00+00:00
[2023-02-21T12:18:16.206+0000] {processor.py:175} INFO - Processing /home/airflow/.local/lib/python3.7/site-packages/airflow/example_dags/example_branch_operator_decorator.py took 0.777 seconds
[2023-02-21T12:18:46.371+0000] {processor.py:153} INFO - Started process (PID=3529) to work on /home/airflow/.local/lib/python3.7/site-packages/airflow/example_dags/example_branch_operator_decorator.py
[2023-02-21T12:18:46.379+0000] {processor.py:743} INFO - Processing file /home/airflow/.local/lib/python3.7/site-packages/airflow/example_dags/example_branch_operator_decorator.py for tasks to queue
[2023-02-21T12:18:46.385+0000] {logging_mixin.py:137} INFO - [2023-02-21T12:18:46.384+0000] {dagbag.py:538} INFO - Filling up the DagBag from /home/airflow/.local/lib/python3.7/site-packages/airflow/example_dags/example_branch_operator_decorator.py
[2023-02-21T12:18:46.486+0000] {processor.py:753} INFO - DAG(s) dict_keys(['example_branch_python_operator_decorator']) retrieved from /home/airflow/.local/lib/python3.7/site-packages/airflow/example_dags/example_branch_operator_decorator.py
[2023-02-21T12:18:46.571+0000] {logging_mixin.py:137} INFO - [2023-02-21T12:18:46.571+0000] {dag.py:2690} INFO - Sync 1 DAGs
[2023-02-21T12:18:46.620+0000] {logging_mixin.py:137} INFO - [2023-02-21T12:18:46.620+0000] {dag.py:3441} INFO - Setting next_dagrun for example_branch_python_operator_decorator to 2023-02-20T00:00:00+00:00, run_after=2023-02-21T00:00:00+00:00
[2023-02-21T12:18:46.667+0000] {processor.py:175} INFO - Processing /home/airflow/.local/lib/python3.7/site-packages/airflow/example_dags/example_branch_operator_decorator.py took 0.330 seconds
[2023-02-21T12:19:16.830+0000] {processor.py:153} INFO - Started process (PID=3587) to work on /home/airflow/.local/lib/python3.7/site-packages/airflow/example_dags/example_branch_operator_decorator.py
[2023-02-21T12:19:16.833+0000] {processor.py:743} INFO - Processing file /home/airflow/.local/lib/python3.7/site-packages/airflow/example_dags/example_branch_operator_decorator.py for tasks to queue
[2023-02-21T12:19:16.836+0000] {logging_mixin.py:137} INFO - [2023-02-21T12:19:16.836+0000] {dagbag.py:538} INFO - Filling up the DagBag from /home/airflow/.local/lib/python3.7/site-packages/airflow/example_dags/example_branch_operator_decorator.py
[2023-02-21T12:19:16.901+0000] {processor.py:753} INFO - DAG(s) dict_keys(['example_branch_python_operator_decorator']) retrieved from /home/airflow/.local/lib/python3.7/site-packages/airflow/example_dags/example_branch_operator_decorator.py
[2023-02-21T12:19:16.985+0000] {logging_mixin.py:137} INFO - [2023-02-21T12:19:16.985+0000] {dag.py:2690} INFO - Sync 1 DAGs
[2023-02-21T12:19:17.051+0000] {logging_mixin.py:137} INFO - [2023-02-21T12:19:17.050+0000] {dag.py:3441} INFO - Setting next_dagrun for example_branch_python_operator_decorator to 2023-02-20T00:00:00+00:00, run_after=2023-02-21T00:00:00+00:00
[2023-02-21T12:19:17.099+0000] {processor.py:175} INFO - Processing /home/airflow/.local/lib/python3.7/site-packages/airflow/example_dags/example_branch_operator_decorator.py took 0.273 seconds
[2023-02-21T12:19:47.591+0000] {processor.py:153} INFO - Started process (PID=3646) to work on /home/airflow/.local/lib/python3.7/site-packages/airflow/example_dags/example_branch_operator_decorator.py
[2023-02-21T12:19:47.602+0000] {processor.py:743} INFO - Processing file /home/airflow/.local/lib/python3.7/site-packages/airflow/example_dags/example_branch_operator_decorator.py for tasks to queue
[2023-02-21T12:19:47.617+0000] {logging_mixin.py:137} INFO - [2023-02-21T12:19:47.616+0000] {dagbag.py:538} INFO - Filling up the DagBag from /home/airflow/.local/lib/python3.7/site-packages/airflow/example_dags/example_branch_operator_decorator.py
[2023-02-21T12:19:47.682+0000] {processor.py:753} INFO - DAG(s) dict_keys(['example_branch_python_operator_decorator']) retrieved from /home/airflow/.local/lib/python3.7/site-packages/airflow/example_dags/example_branch_operator_decorator.py
[2023-02-21T12:19:47.782+0000] {logging_mixin.py:137} INFO - [2023-02-21T12:19:47.782+0000] {dag.py:2690} INFO - Sync 1 DAGs
[2023-02-21T12:19:47.860+0000] {logging_mixin.py:137} INFO - [2023-02-21T12:19:47.860+0000] {dag.py:3441} INFO - Setting next_dagrun for example_branch_python_operator_decorator to 2023-02-20T00:00:00+00:00, run_after=2023-02-21T00:00:00+00:00
[2023-02-21T12:19:47.935+0000] {processor.py:175} INFO - Processing /home/airflow/.local/lib/python3.7/site-packages/airflow/example_dags/example_branch_operator_decorator.py took 0.351 seconds
[2023-02-21T12:20:18.694+0000] {processor.py:153} INFO - Started process (PID=3705) to work on /home/airflow/.local/lib/python3.7/site-packages/airflow/example_dags/example_branch_operator_decorator.py
[2023-02-21T12:20:18.704+0000] {processor.py:743} INFO - Processing file /home/airflow/.local/lib/python3.7/site-packages/airflow/example_dags/example_branch_operator_decorator.py for tasks to queue
[2023-02-21T12:20:18.711+0000] {logging_mixin.py:137} INFO - [2023-02-21T12:20:18.710+0000] {dagbag.py:538} INFO - Filling up the DagBag from /home/airflow/.local/lib/python3.7/site-packages/airflow/example_dags/example_branch_operator_decorator.py
[2023-02-21T12:20:18.824+0000] {processor.py:753} INFO - DAG(s) dict_keys(['example_branch_python_operator_decorator']) retrieved from /home/airflow/.local/lib/python3.7/site-packages/airflow/example_dags/example_branch_operator_decorator.py
[2023-02-21T12:20:18.956+0000] {logging_mixin.py:137} INFO - [2023-02-21T12:20:18.956+0000] {dag.py:2690} INFO - Sync 1 DAGs
[2023-02-21T12:20:19.055+0000] {logging_mixin.py:137} INFO - [2023-02-21T12:20:19.055+0000] {dag.py:3441} INFO - Setting next_dagrun for example_branch_python_operator_decorator to 2023-02-20T00:00:00+00:00, run_after=2023-02-21T00:00:00+00:00
[2023-02-21T12:20:19.134+0000] {processor.py:175} INFO - Processing /home/airflow/.local/lib/python3.7/site-packages/airflow/example_dags/example_branch_operator_decorator.py took 0.460 seconds
[2023-02-21T12:20:49.282+0000] {processor.py:153} INFO - Started process (PID=3764) to work on /home/airflow/.local/lib/python3.7/site-packages/airflow/example_dags/example_branch_operator_decorator.py
[2023-02-21T12:20:49.285+0000] {processor.py:743} INFO - Processing file /home/airflow/.local/lib/python3.7/site-packages/airflow/example_dags/example_branch_operator_decorator.py for tasks to queue
[2023-02-21T12:20:49.287+0000] {logging_mixin.py:137} INFO - [2023-02-21T12:20:49.287+0000] {dagbag.py:538} INFO - Filling up the DagBag from /home/airflow/.local/lib/python3.7/site-packages/airflow/example_dags/example_branch_operator_decorator.py
[2023-02-21T12:20:49.339+0000] {processor.py:753} INFO - DAG(s) dict_keys(['example_branch_python_operator_decorator']) retrieved from /home/airflow/.local/lib/python3.7/site-packages/airflow/example_dags/example_branch_operator_decorator.py
[2023-02-21T12:20:49.441+0000] {logging_mixin.py:137} INFO - [2023-02-21T12:20:49.441+0000] {dag.py:2690} INFO - Sync 1 DAGs
[2023-02-21T12:20:49.530+0000] {logging_mixin.py:137} INFO - [2023-02-21T12:20:49.530+0000] {dag.py:3441} INFO - Setting next_dagrun for example_branch_python_operator_decorator to 2023-02-20T00:00:00+00:00, run_after=2023-02-21T00:00:00+00:00
[2023-02-21T12:20:49.582+0000] {processor.py:175} INFO - Processing /home/airflow/.local/lib/python3.7/site-packages/airflow/example_dags/example_branch_operator_decorator.py took 0.307 seconds
[2023-02-21T12:21:20.142+0000] {processor.py:153} INFO - Started process (PID=3824) to work on /home/airflow/.local/lib/python3.7/site-packages/airflow/example_dags/example_branch_operator_decorator.py
[2023-02-21T12:21:20.149+0000] {processor.py:743} INFO - Processing file /home/airflow/.local/lib/python3.7/site-packages/airflow/example_dags/example_branch_operator_decorator.py for tasks to queue
[2023-02-21T12:21:20.163+0000] {logging_mixin.py:137} INFO - [2023-02-21T12:21:20.159+0000] {dagbag.py:538} INFO - Filling up the DagBag from /home/airflow/.local/lib/python3.7/site-packages/airflow/example_dags/example_branch_operator_decorator.py
[2023-02-21T12:21:20.285+0000] {processor.py:753} INFO - DAG(s) dict_keys(['example_branch_python_operator_decorator']) retrieved from /home/airflow/.local/lib/python3.7/site-packages/airflow/example_dags/example_branch_operator_decorator.py
[2023-02-21T12:21:20.380+0000] {logging_mixin.py:137} INFO - [2023-02-21T12:21:20.378+0000] {dag.py:2690} INFO - Sync 1 DAGs
[2023-02-21T12:21:20.482+0000] {logging_mixin.py:137} INFO - [2023-02-21T12:21:20.482+0000] {dag.py:3441} INFO - Setting next_dagrun for example_branch_python_operator_decorator to 2023-02-20T00:00:00+00:00, run_after=2023-02-21T00:00:00+00:00
[2023-02-21T12:21:20.541+0000] {processor.py:175} INFO - Processing /home/airflow/.local/lib/python3.7/site-packages/airflow/example_dags/example_branch_operator_decorator.py took 0.418 seconds
[2023-02-21T12:21:51.025+0000] {processor.py:153} INFO - Started process (PID=3892) to work on /home/airflow/.local/lib/python3.7/site-packages/airflow/example_dags/example_branch_operator_decorator.py
[2023-02-21T12:21:51.028+0000] {processor.py:743} INFO - Processing file /home/airflow/.local/lib/python3.7/site-packages/airflow/example_dags/example_branch_operator_decorator.py for tasks to queue
[2023-02-21T12:21:51.031+0000] {logging_mixin.py:137} INFO - [2023-02-21T12:21:51.031+0000] {dagbag.py:538} INFO - Filling up the DagBag from /home/airflow/.local/lib/python3.7/site-packages/airflow/example_dags/example_branch_operator_decorator.py
[2023-02-21T12:21:51.070+0000] {processor.py:753} INFO - DAG(s) dict_keys(['example_branch_python_operator_decorator']) retrieved from /home/airflow/.local/lib/python3.7/site-packages/airflow/example_dags/example_branch_operator_decorator.py
[2023-02-21T12:21:51.139+0000] {logging_mixin.py:137} INFO - [2023-02-21T12:21:51.138+0000] {dag.py:2690} INFO - Sync 1 DAGs
[2023-02-21T12:21:51.199+0000] {logging_mixin.py:137} INFO - [2023-02-21T12:21:51.199+0000] {dag.py:3441} INFO - Setting next_dagrun for example_branch_python_operator_decorator to 2023-02-20T00:00:00+00:00, run_after=2023-02-21T00:00:00+00:00
[2023-02-21T12:21:51.234+0000] {processor.py:175} INFO - Processing /home/airflow/.local/lib/python3.7/site-packages/airflow/example_dags/example_branch_operator_decorator.py took 0.220 seconds
[2023-02-21T12:22:22.023+0000] {processor.py:153} INFO - Started process (PID=3952) to work on /home/airflow/.local/lib/python3.7/site-packages/airflow/example_dags/example_branch_operator_decorator.py
[2023-02-21T12:22:22.028+0000] {processor.py:743} INFO - Processing file /home/airflow/.local/lib/python3.7/site-packages/airflow/example_dags/example_branch_operator_decorator.py for tasks to queue
[2023-02-21T12:22:22.040+0000] {logging_mixin.py:137} INFO - [2023-02-21T12:22:22.040+0000] {dagbag.py:538} INFO - Filling up the DagBag from /home/airflow/.local/lib/python3.7/site-packages/airflow/example_dags/example_branch_operator_decorator.py
[2023-02-21T12:22:22.176+0000] {processor.py:753} INFO - DAG(s) dict_keys(['example_branch_python_operator_decorator']) retrieved from /home/airflow/.local/lib/python3.7/site-packages/airflow/example_dags/example_branch_operator_decorator.py
[2023-02-21T12:22:22.316+0000] {logging_mixin.py:137} INFO - [2023-02-21T12:22:22.316+0000] {dag.py:2690} INFO - Sync 1 DAGs
[2023-02-21T12:22:22.429+0000] {logging_mixin.py:137} INFO - [2023-02-21T12:22:22.429+0000] {dag.py:3441} INFO - Setting next_dagrun for example_branch_python_operator_decorator to 2023-02-20T00:00:00+00:00, run_after=2023-02-21T00:00:00+00:00
[2023-02-21T12:22:22.574+0000] {processor.py:175} INFO - Processing /home/airflow/.local/lib/python3.7/site-packages/airflow/example_dags/example_branch_operator_decorator.py took 0.556 seconds
[2023-02-21T12:22:53.114+0000] {processor.py:153} INFO - Started process (PID=4011) to work on /home/airflow/.local/lib/python3.7/site-packages/airflow/example_dags/example_branch_operator_decorator.py
[2023-02-21T12:22:53.118+0000] {processor.py:743} INFO - Processing file /home/airflow/.local/lib/python3.7/site-packages/airflow/example_dags/example_branch_operator_decorator.py for tasks to queue
[2023-02-21T12:22:53.126+0000] {logging_mixin.py:137} INFO - [2023-02-21T12:22:53.125+0000] {dagbag.py:538} INFO - Filling up the DagBag from /home/airflow/.local/lib/python3.7/site-packages/airflow/example_dags/example_branch_operator_decorator.py
[2023-02-21T12:22:53.258+0000] {processor.py:753} INFO - DAG(s) dict_keys(['example_branch_python_operator_decorator']) retrieved from /home/airflow/.local/lib/python3.7/site-packages/airflow/example_dags/example_branch_operator_decorator.py
[2023-02-21T12:22:53.332+0000] {logging_mixin.py:137} INFO - [2023-02-21T12:22:53.332+0000] {dag.py:2690} INFO - Sync 1 DAGs
[2023-02-21T12:22:53.432+0000] {logging_mixin.py:137} INFO - [2023-02-21T12:22:53.432+0000] {dag.py:3441} INFO - Setting next_dagrun for example_branch_python_operator_decorator to 2023-02-20T00:00:00+00:00, run_after=2023-02-21T00:00:00+00:00
[2023-02-21T12:22:53.541+0000] {processor.py:175} INFO - Processing /home/airflow/.local/lib/python3.7/site-packages/airflow/example_dags/example_branch_operator_decorator.py took 0.433 seconds
[2023-02-21T12:23:23.811+0000] {processor.py:153} INFO - Started process (PID=4070) to work on /home/airflow/.local/lib/python3.7/site-packages/airflow/example_dags/example_branch_operator_decorator.py
[2023-02-21T12:23:23.821+0000] {processor.py:743} INFO - Processing file /home/airflow/.local/lib/python3.7/site-packages/airflow/example_dags/example_branch_operator_decorator.py for tasks to queue
[2023-02-21T12:23:23.827+0000] {logging_mixin.py:137} INFO - [2023-02-21T12:23:23.827+0000] {dagbag.py:538} INFO - Filling up the DagBag from /home/airflow/.local/lib/python3.7/site-packages/airflow/example_dags/example_branch_operator_decorator.py
[2023-02-21T12:23:23.926+0000] {processor.py:753} INFO - DAG(s) dict_keys(['example_branch_python_operator_decorator']) retrieved from /home/airflow/.local/lib/python3.7/site-packages/airflow/example_dags/example_branch_operator_decorator.py
[2023-02-21T12:23:24.011+0000] {logging_mixin.py:137} INFO - [2023-02-21T12:23:24.010+0000] {dag.py:2690} INFO - Sync 1 DAGs
[2023-02-21T12:23:24.111+0000] {logging_mixin.py:137} INFO - [2023-02-21T12:23:24.111+0000] {dag.py:3441} INFO - Setting next_dagrun for example_branch_python_operator_decorator to 2023-02-20T00:00:00+00:00, run_after=2023-02-21T00:00:00+00:00
[2023-02-21T12:23:24.182+0000] {processor.py:175} INFO - Processing /home/airflow/.local/lib/python3.7/site-packages/airflow/example_dags/example_branch_operator_decorator.py took 0.381 seconds
[2023-02-21T12:23:54.473+0000] {processor.py:153} INFO - Started process (PID=4134) to work on /home/airflow/.local/lib/python3.7/site-packages/airflow/example_dags/example_branch_operator_decorator.py
[2023-02-21T12:23:54.482+0000] {processor.py:743} INFO - Processing file /home/airflow/.local/lib/python3.7/site-packages/airflow/example_dags/example_branch_operator_decorator.py for tasks to queue
[2023-02-21T12:23:54.485+0000] {logging_mixin.py:137} INFO - [2023-02-21T12:23:54.484+0000] {dagbag.py:538} INFO - Filling up the DagBag from /home/airflow/.local/lib/python3.7/site-packages/airflow/example_dags/example_branch_operator_decorator.py
[2023-02-21T12:23:54.595+0000] {processor.py:753} INFO - DAG(s) dict_keys(['example_branch_python_operator_decorator']) retrieved from /home/airflow/.local/lib/python3.7/site-packages/airflow/example_dags/example_branch_operator_decorator.py
[2023-02-21T12:23:54.687+0000] {logging_mixin.py:137} INFO - [2023-02-21T12:23:54.687+0000] {dag.py:2690} INFO - Sync 1 DAGs
[2023-02-21T12:23:54.783+0000] {logging_mixin.py:137} INFO - [2023-02-21T12:23:54.783+0000] {dag.py:3441} INFO - Setting next_dagrun for example_branch_python_operator_decorator to 2023-02-20T00:00:00+00:00, run_after=2023-02-21T00:00:00+00:00
[2023-02-21T12:23:54.898+0000] {processor.py:175} INFO - Processing /home/airflow/.local/lib/python3.7/site-packages/airflow/example_dags/example_branch_operator_decorator.py took 0.436 seconds
