[2023-02-21T11:46:37.630+0000] {processor.py:153} INFO - Started process (PID=107) to work on /home/airflow/.local/lib/python3.7/site-packages/airflow/example_dags/example_trigger_target_dag.py
[2023-02-21T11:46:37.655+0000] {processor.py:743} INFO - Processing file /home/airflow/.local/lib/python3.7/site-packages/airflow/example_dags/example_trigger_target_dag.py for tasks to queue
[2023-02-21T11:46:37.764+0000] {logging_mixin.py:137} INFO - [2023-02-21T11:46:37.764+0000] {dagbag.py:538} INFO - Filling up the DagBag from /home/airflow/.local/lib/python3.7/site-packages/airflow/example_dags/example_trigger_target_dag.py
[2023-02-21T11:46:38.350+0000] {processor.py:753} INFO - DAG(s) dict_keys(['example_trigger_target_dag']) retrieved from /home/airflow/.local/lib/python3.7/site-packages/airflow/example_dags/example_trigger_target_dag.py
[2023-02-21T11:46:40.490+0000] {logging_mixin.py:137} INFO - [2023-02-21T11:46:40.490+0000] {dag.py:2690} INFO - Sync 1 DAGs
[2023-02-21T11:46:41.001+0000] {logging_mixin.py:137} INFO - [2023-02-21T11:46:41.000+0000] {dag.py:2711} INFO - Creating ORM DAG for example_trigger_target_dag
[2023-02-21T11:46:41.414+0000] {logging_mixin.py:137} INFO - [2023-02-21T11:46:41.413+0000] {dag.py:3441} INFO - Setting next_dagrun for example_trigger_target_dag to None, run_after=None
[2023-02-21T11:46:41.819+0000] {processor.py:175} INFO - Processing /home/airflow/.local/lib/python3.7/site-packages/airflow/example_dags/example_trigger_target_dag.py took 4.282 seconds
[2023-02-21T11:47:22.727+0000] {processor.py:153} INFO - Started process (PID=163) to work on /home/airflow/.local/lib/python3.7/site-packages/airflow/example_dags/example_trigger_target_dag.py
[2023-02-21T11:47:22.743+0000] {processor.py:743} INFO - Processing file /home/airflow/.local/lib/python3.7/site-packages/airflow/example_dags/example_trigger_target_dag.py for tasks to queue
[2023-02-21T11:47:22.763+0000] {logging_mixin.py:137} INFO - [2023-02-21T11:47:22.762+0000] {dagbag.py:538} INFO - Filling up the DagBag from /home/airflow/.local/lib/python3.7/site-packages/airflow/example_dags/example_trigger_target_dag.py
[2023-02-21T11:47:23.042+0000] {processor.py:753} INFO - DAG(s) dict_keys(['example_trigger_target_dag']) retrieved from /home/airflow/.local/lib/python3.7/site-packages/airflow/example_dags/example_trigger_target_dag.py
[2023-02-21T11:47:23.245+0000] {logging_mixin.py:137} INFO - [2023-02-21T11:47:23.241+0000] {dag.py:2690} INFO - Sync 1 DAGs
[2023-02-21T11:47:23.512+0000] {logging_mixin.py:137} INFO - [2023-02-21T11:47:23.511+0000] {dag.py:3441} INFO - Setting next_dagrun for example_trigger_target_dag to None, run_after=None
[2023-02-21T11:47:23.681+0000] {processor.py:175} INFO - Processing /home/airflow/.local/lib/python3.7/site-packages/airflow/example_dags/example_trigger_target_dag.py took 1.012 seconds
[2023-02-21T11:48:03.210+0000] {processor.py:153} INFO - Started process (PID=213) to work on /home/airflow/.local/lib/python3.7/site-packages/airflow/example_dags/example_trigger_target_dag.py
[2023-02-21T11:48:03.214+0000] {processor.py:743} INFO - Processing file /home/airflow/.local/lib/python3.7/site-packages/airflow/example_dags/example_trigger_target_dag.py for tasks to queue
[2023-02-21T11:48:03.219+0000] {logging_mixin.py:137} INFO - [2023-02-21T11:48:03.219+0000] {dagbag.py:538} INFO - Filling up the DagBag from /home/airflow/.local/lib/python3.7/site-packages/airflow/example_dags/example_trigger_target_dag.py
[2023-02-21T11:48:03.281+0000] {processor.py:753} INFO - DAG(s) dict_keys(['example_trigger_target_dag']) retrieved from /home/airflow/.local/lib/python3.7/site-packages/airflow/example_dags/example_trigger_target_dag.py
[2023-02-21T11:48:03.373+0000] {logging_mixin.py:137} INFO - [2023-02-21T11:48:03.372+0000] {dag.py:2690} INFO - Sync 1 DAGs
[2023-02-21T11:48:03.433+0000] {logging_mixin.py:137} INFO - [2023-02-21T11:48:03.433+0000] {dag.py:3441} INFO - Setting next_dagrun for example_trigger_target_dag to None, run_after=None
[2023-02-21T11:48:03.485+0000] {processor.py:175} INFO - Processing /home/airflow/.local/lib/python3.7/site-packages/airflow/example_dags/example_trigger_target_dag.py took 0.293 seconds
[2023-02-21T11:48:39.516+0000] {processor.py:153} INFO - Started process (PID=266) to work on /home/airflow/.local/lib/python3.7/site-packages/airflow/example_dags/example_trigger_target_dag.py
[2023-02-21T11:48:39.528+0000] {processor.py:743} INFO - Processing file /home/airflow/.local/lib/python3.7/site-packages/airflow/example_dags/example_trigger_target_dag.py for tasks to queue
[2023-02-21T11:48:39.570+0000] {logging_mixin.py:137} INFO - [2023-02-21T11:48:39.569+0000] {dagbag.py:538} INFO - Filling up the DagBag from /home/airflow/.local/lib/python3.7/site-packages/airflow/example_dags/example_trigger_target_dag.py
[2023-02-21T11:48:39.786+0000] {processor.py:753} INFO - DAG(s) dict_keys(['example_trigger_target_dag']) retrieved from /home/airflow/.local/lib/python3.7/site-packages/airflow/example_dags/example_trigger_target_dag.py
[2023-02-21T11:48:40.169+0000] {logging_mixin.py:137} INFO - [2023-02-21T11:48:40.148+0000] {dag.py:2690} INFO - Sync 1 DAGs
[2023-02-21T11:48:40.482+0000] {logging_mixin.py:137} INFO - [2023-02-21T11:48:40.482+0000] {dag.py:3441} INFO - Setting next_dagrun for example_trigger_target_dag to None, run_after=None
[2023-02-21T11:48:40.597+0000] {processor.py:175} INFO - Processing /home/airflow/.local/lib/python3.7/site-packages/airflow/example_dags/example_trigger_target_dag.py took 1.111 seconds
[2023-02-21T11:49:24.937+0000] {processor.py:153} INFO - Started process (PID=320) to work on /home/airflow/.local/lib/python3.7/site-packages/airflow/example_dags/example_trigger_target_dag.py
[2023-02-21T11:49:24.969+0000] {processor.py:743} INFO - Processing file /home/airflow/.local/lib/python3.7/site-packages/airflow/example_dags/example_trigger_target_dag.py for tasks to queue
[2023-02-21T11:49:24.989+0000] {logging_mixin.py:137} INFO - [2023-02-21T11:49:24.979+0000] {dagbag.py:538} INFO - Filling up the DagBag from /home/airflow/.local/lib/python3.7/site-packages/airflow/example_dags/example_trigger_target_dag.py
[2023-02-21T11:49:25.857+0000] {processor.py:753} INFO - DAG(s) dict_keys(['example_trigger_target_dag']) retrieved from /home/airflow/.local/lib/python3.7/site-packages/airflow/example_dags/example_trigger_target_dag.py
[2023-02-21T11:49:26.588+0000] {logging_mixin.py:137} INFO - [2023-02-21T11:49:26.587+0000] {dag.py:2690} INFO - Sync 1 DAGs
[2023-02-21T11:49:27.132+0000] {logging_mixin.py:137} INFO - [2023-02-21T11:49:27.132+0000] {dag.py:3441} INFO - Setting next_dagrun for example_trigger_target_dag to None, run_after=None
[2023-02-21T11:49:27.737+0000] {processor.py:175} INFO - Processing /home/airflow/.local/lib/python3.7/site-packages/airflow/example_dags/example_trigger_target_dag.py took 2.900 seconds
[2023-02-21T11:50:11.052+0000] {processor.py:153} INFO - Started process (PID=381) to work on /home/airflow/.local/lib/python3.7/site-packages/airflow/example_dags/example_trigger_target_dag.py
[2023-02-21T11:50:11.066+0000] {processor.py:743} INFO - Processing file /home/airflow/.local/lib/python3.7/site-packages/airflow/example_dags/example_trigger_target_dag.py for tasks to queue
[2023-02-21T11:50:11.092+0000] {logging_mixin.py:137} INFO - [2023-02-21T11:50:11.077+0000] {dagbag.py:538} INFO - Filling up the DagBag from /home/airflow/.local/lib/python3.7/site-packages/airflow/example_dags/example_trigger_target_dag.py
[2023-02-21T11:50:11.779+0000] {processor.py:753} INFO - DAG(s) dict_keys(['example_trigger_target_dag']) retrieved from /home/airflow/.local/lib/python3.7/site-packages/airflow/example_dags/example_trigger_target_dag.py
[2023-02-21T11:50:12.426+0000] {logging_mixin.py:137} INFO - [2023-02-21T11:50:12.426+0000] {dag.py:2690} INFO - Sync 1 DAGs
[2023-02-21T11:50:13.182+0000] {logging_mixin.py:137} INFO - [2023-02-21T11:50:13.182+0000] {dag.py:3441} INFO - Setting next_dagrun for example_trigger_target_dag to None, run_after=None
[2023-02-21T11:50:13.660+0000] {processor.py:175} INFO - Processing /home/airflow/.local/lib/python3.7/site-packages/airflow/example_dags/example_trigger_target_dag.py took 2.842 seconds
[2023-02-21T11:50:56.839+0000] {processor.py:153} INFO - Started process (PID=440) to work on /home/airflow/.local/lib/python3.7/site-packages/airflow/example_dags/example_trigger_target_dag.py
[2023-02-21T11:50:56.860+0000] {processor.py:743} INFO - Processing file /home/airflow/.local/lib/python3.7/site-packages/airflow/example_dags/example_trigger_target_dag.py for tasks to queue
[2023-02-21T11:50:56.875+0000] {logging_mixin.py:137} INFO - [2023-02-21T11:50:56.873+0000] {dagbag.py:538} INFO - Filling up the DagBag from /home/airflow/.local/lib/python3.7/site-packages/airflow/example_dags/example_trigger_target_dag.py
[2023-02-21T11:50:57.230+0000] {processor.py:753} INFO - DAG(s) dict_keys(['example_trigger_target_dag']) retrieved from /home/airflow/.local/lib/python3.7/site-packages/airflow/example_dags/example_trigger_target_dag.py
[2023-02-21T11:50:57.460+0000] {logging_mixin.py:137} INFO - [2023-02-21T11:50:57.459+0000] {dag.py:2690} INFO - Sync 1 DAGs
[2023-02-21T11:50:57.631+0000] {logging_mixin.py:137} INFO - [2023-02-21T11:50:57.631+0000] {dag.py:3441} INFO - Setting next_dagrun for example_trigger_target_dag to None, run_after=None
[2023-02-21T11:50:57.920+0000] {processor.py:175} INFO - Processing /home/airflow/.local/lib/python3.7/site-packages/airflow/example_dags/example_trigger_target_dag.py took 1.124 seconds
[2023-02-21T11:51:28.529+0000] {processor.py:153} INFO - Started process (PID=499) to work on /home/airflow/.local/lib/python3.7/site-packages/airflow/example_dags/example_trigger_target_dag.py
[2023-02-21T11:51:28.532+0000] {processor.py:743} INFO - Processing file /home/airflow/.local/lib/python3.7/site-packages/airflow/example_dags/example_trigger_target_dag.py for tasks to queue
[2023-02-21T11:51:28.537+0000] {logging_mixin.py:137} INFO - [2023-02-21T11:51:28.536+0000] {dagbag.py:538} INFO - Filling up the DagBag from /home/airflow/.local/lib/python3.7/site-packages/airflow/example_dags/example_trigger_target_dag.py
[2023-02-21T11:51:28.587+0000] {processor.py:753} INFO - DAG(s) dict_keys(['example_trigger_target_dag']) retrieved from /home/airflow/.local/lib/python3.7/site-packages/airflow/example_dags/example_trigger_target_dag.py
[2023-02-21T11:51:28.631+0000] {logging_mixin.py:137} INFO - [2023-02-21T11:51:28.631+0000] {dag.py:2690} INFO - Sync 1 DAGs
[2023-02-21T11:51:28.676+0000] {logging_mixin.py:137} INFO - [2023-02-21T11:51:28.676+0000] {dag.py:3441} INFO - Setting next_dagrun for example_trigger_target_dag to None, run_after=None
[2023-02-21T11:51:28.713+0000] {processor.py:175} INFO - Processing /home/airflow/.local/lib/python3.7/site-packages/airflow/example_dags/example_trigger_target_dag.py took 0.195 seconds
[2023-02-21T11:52:02.182+0000] {processor.py:153} INFO - Started process (PID=551) to work on /home/airflow/.local/lib/python3.7/site-packages/airflow/example_dags/example_trigger_target_dag.py
[2023-02-21T11:52:02.214+0000] {processor.py:743} INFO - Processing file /home/airflow/.local/lib/python3.7/site-packages/airflow/example_dags/example_trigger_target_dag.py for tasks to queue
[2023-02-21T11:52:02.227+0000] {logging_mixin.py:137} INFO - [2023-02-21T11:52:02.220+0000] {dagbag.py:538} INFO - Filling up the DagBag from /home/airflow/.local/lib/python3.7/site-packages/airflow/example_dags/example_trigger_target_dag.py
[2023-02-21T11:52:02.351+0000] {processor.py:753} INFO - DAG(s) dict_keys(['example_trigger_target_dag']) retrieved from /home/airflow/.local/lib/python3.7/site-packages/airflow/example_dags/example_trigger_target_dag.py
[2023-02-21T11:52:02.648+0000] {logging_mixin.py:137} INFO - [2023-02-21T11:52:02.647+0000] {dag.py:2690} INFO - Sync 1 DAGs
[2023-02-21T11:52:02.783+0000] {logging_mixin.py:137} INFO - [2023-02-21T11:52:02.781+0000] {dag.py:3441} INFO - Setting next_dagrun for example_trigger_target_dag to None, run_after=None
[2023-02-21T11:52:02.894+0000] {processor.py:175} INFO - Processing /home/airflow/.local/lib/python3.7/site-packages/airflow/example_dags/example_trigger_target_dag.py took 0.773 seconds
[2023-02-21T11:52:36.476+0000] {processor.py:153} INFO - Started process (PID=602) to work on /home/airflow/.local/lib/python3.7/site-packages/airflow/example_dags/example_trigger_target_dag.py
[2023-02-21T11:52:36.534+0000] {processor.py:743} INFO - Processing file /home/airflow/.local/lib/python3.7/site-packages/airflow/example_dags/example_trigger_target_dag.py for tasks to queue
[2023-02-21T11:52:36.554+0000] {logging_mixin.py:137} INFO - [2023-02-21T11:52:36.547+0000] {dagbag.py:538} INFO - Filling up the DagBag from /home/airflow/.local/lib/python3.7/site-packages/airflow/example_dags/example_trigger_target_dag.py
[2023-02-21T11:52:37.069+0000] {processor.py:753} INFO - DAG(s) dict_keys(['example_trigger_target_dag']) retrieved from /home/airflow/.local/lib/python3.7/site-packages/airflow/example_dags/example_trigger_target_dag.py
[2023-02-21T11:52:37.412+0000] {logging_mixin.py:137} INFO - [2023-02-21T11:52:37.411+0000] {dag.py:2690} INFO - Sync 1 DAGs
[2023-02-21T11:52:37.742+0000] {logging_mixin.py:137} INFO - [2023-02-21T11:52:37.741+0000] {dag.py:3441} INFO - Setting next_dagrun for example_trigger_target_dag to None, run_after=None
[2023-02-21T11:52:38.260+0000] {processor.py:175} INFO - Processing /home/airflow/.local/lib/python3.7/site-packages/airflow/example_dags/example_trigger_target_dag.py took 1.833 seconds
[2023-02-21T11:53:08.962+0000] {processor.py:153} INFO - Started process (PID=660) to work on /home/airflow/.local/lib/python3.7/site-packages/airflow/example_dags/example_trigger_target_dag.py
[2023-02-21T11:53:08.973+0000] {processor.py:743} INFO - Processing file /home/airflow/.local/lib/python3.7/site-packages/airflow/example_dags/example_trigger_target_dag.py for tasks to queue
[2023-02-21T11:53:08.978+0000] {logging_mixin.py:137} INFO - [2023-02-21T11:53:08.978+0000] {dagbag.py:538} INFO - Filling up the DagBag from /home/airflow/.local/lib/python3.7/site-packages/airflow/example_dags/example_trigger_target_dag.py
[2023-02-21T11:53:09.201+0000] {processor.py:753} INFO - DAG(s) dict_keys(['example_trigger_target_dag']) retrieved from /home/airflow/.local/lib/python3.7/site-packages/airflow/example_dags/example_trigger_target_dag.py
[2023-02-21T11:53:09.309+0000] {logging_mixin.py:137} INFO - [2023-02-21T11:53:09.309+0000] {dag.py:2690} INFO - Sync 1 DAGs
[2023-02-21T11:53:09.378+0000] {logging_mixin.py:137} INFO - [2023-02-21T11:53:09.378+0000] {dag.py:3441} INFO - Setting next_dagrun for example_trigger_target_dag to None, run_after=None
[2023-02-21T11:53:09.431+0000] {processor.py:175} INFO - Processing /home/airflow/.local/lib/python3.7/site-packages/airflow/example_dags/example_trigger_target_dag.py took 0.475 seconds
[2023-02-21T11:53:39.957+0000] {processor.py:153} INFO - Started process (PID=720) to work on /home/airflow/.local/lib/python3.7/site-packages/airflow/example_dags/example_trigger_target_dag.py
[2023-02-21T11:53:40.000+0000] {processor.py:743} INFO - Processing file /home/airflow/.local/lib/python3.7/site-packages/airflow/example_dags/example_trigger_target_dag.py for tasks to queue
[2023-02-21T11:53:40.013+0000] {logging_mixin.py:137} INFO - [2023-02-21T11:53:40.010+0000] {dagbag.py:538} INFO - Filling up the DagBag from /home/airflow/.local/lib/python3.7/site-packages/airflow/example_dags/example_trigger_target_dag.py
[2023-02-21T11:53:40.371+0000] {processor.py:753} INFO - DAG(s) dict_keys(['example_trigger_target_dag']) retrieved from /home/airflow/.local/lib/python3.7/site-packages/airflow/example_dags/example_trigger_target_dag.py
[2023-02-21T11:53:40.928+0000] {logging_mixin.py:137} INFO - [2023-02-21T11:53:40.925+0000] {dag.py:2690} INFO - Sync 1 DAGs
[2023-02-21T11:53:41.506+0000] {logging_mixin.py:137} INFO - [2023-02-21T11:53:41.504+0000] {dag.py:3441} INFO - Setting next_dagrun for example_trigger_target_dag to None, run_after=None
[2023-02-21T11:53:42.064+0000] {processor.py:175} INFO - Processing /home/airflow/.local/lib/python3.7/site-packages/airflow/example_dags/example_trigger_target_dag.py took 2.137 seconds
[2023-02-21T11:54:12.263+0000] {processor.py:153} INFO - Started process (PID=777) to work on /home/airflow/.local/lib/python3.7/site-packages/airflow/example_dags/example_trigger_target_dag.py
[2023-02-21T11:54:12.270+0000] {processor.py:743} INFO - Processing file /home/airflow/.local/lib/python3.7/site-packages/airflow/example_dags/example_trigger_target_dag.py for tasks to queue
[2023-02-21T11:54:12.275+0000] {logging_mixin.py:137} INFO - [2023-02-21T11:54:12.275+0000] {dagbag.py:538} INFO - Filling up the DagBag from /home/airflow/.local/lib/python3.7/site-packages/airflow/example_dags/example_trigger_target_dag.py
[2023-02-21T11:54:12.358+0000] {processor.py:753} INFO - DAG(s) dict_keys(['example_trigger_target_dag']) retrieved from /home/airflow/.local/lib/python3.7/site-packages/airflow/example_dags/example_trigger_target_dag.py
[2023-02-21T11:54:12.429+0000] {logging_mixin.py:137} INFO - [2023-02-21T11:54:12.429+0000] {dag.py:2690} INFO - Sync 1 DAGs
[2023-02-21T11:54:12.564+0000] {logging_mixin.py:137} INFO - [2023-02-21T11:54:12.564+0000] {dag.py:3441} INFO - Setting next_dagrun for example_trigger_target_dag to None, run_after=None
[2023-02-21T11:54:13.594+0000] {processor.py:175} INFO - Processing /home/airflow/.local/lib/python3.7/site-packages/airflow/example_dags/example_trigger_target_dag.py took 1.344 seconds
[2023-02-21T11:54:44.766+0000] {processor.py:153} INFO - Started process (PID=837) to work on /home/airflow/.local/lib/python3.7/site-packages/airflow/example_dags/example_trigger_target_dag.py
[2023-02-21T11:54:44.770+0000] {processor.py:743} INFO - Processing file /home/airflow/.local/lib/python3.7/site-packages/airflow/example_dags/example_trigger_target_dag.py for tasks to queue
[2023-02-21T11:54:44.779+0000] {logging_mixin.py:137} INFO - [2023-02-21T11:54:44.776+0000] {dagbag.py:538} INFO - Filling up the DagBag from /home/airflow/.local/lib/python3.7/site-packages/airflow/example_dags/example_trigger_target_dag.py
[2023-02-21T11:54:44.965+0000] {processor.py:753} INFO - DAG(s) dict_keys(['example_trigger_target_dag']) retrieved from /home/airflow/.local/lib/python3.7/site-packages/airflow/example_dags/example_trigger_target_dag.py
[2023-02-21T11:54:45.047+0000] {logging_mixin.py:137} INFO - [2023-02-21T11:54:45.047+0000] {dag.py:2690} INFO - Sync 1 DAGs
[2023-02-21T11:54:45.146+0000] {logging_mixin.py:137} INFO - [2023-02-21T11:54:45.146+0000] {dag.py:3441} INFO - Setting next_dagrun for example_trigger_target_dag to None, run_after=None
[2023-02-21T11:54:45.465+0000] {processor.py:175} INFO - Processing /home/airflow/.local/lib/python3.7/site-packages/airflow/example_dags/example_trigger_target_dag.py took 0.711 seconds
[2023-02-21T11:55:21.515+0000] {processor.py:153} INFO - Started process (PID=878) to work on /home/airflow/.local/lib/python3.7/site-packages/airflow/example_dags/example_trigger_target_dag.py
[2023-02-21T11:55:21.545+0000] {processor.py:743} INFO - Processing file /home/airflow/.local/lib/python3.7/site-packages/airflow/example_dags/example_trigger_target_dag.py for tasks to queue
[2023-02-21T11:55:21.560+0000] {logging_mixin.py:137} INFO - [2023-02-21T11:55:21.559+0000] {dagbag.py:538} INFO - Filling up the DagBag from /home/airflow/.local/lib/python3.7/site-packages/airflow/example_dags/example_trigger_target_dag.py
[2023-02-21T11:55:22.091+0000] {processor.py:753} INFO - DAG(s) dict_keys(['example_trigger_target_dag']) retrieved from /home/airflow/.local/lib/python3.7/site-packages/airflow/example_dags/example_trigger_target_dag.py
[2023-02-21T11:55:24.137+0000] {logging_mixin.py:137} INFO - [2023-02-21T11:55:24.137+0000] {dag.py:2690} INFO - Sync 1 DAGs
[2023-02-21T11:55:26.037+0000] {logging_mixin.py:137} INFO - [2023-02-21T11:55:26.036+0000] {dag.py:3441} INFO - Setting next_dagrun for example_trigger_target_dag to None, run_after=None
[2023-02-21T11:55:26.896+0000] {processor.py:175} INFO - Processing /home/airflow/.local/lib/python3.7/site-packages/airflow/example_dags/example_trigger_target_dag.py took 5.482 seconds
[2023-02-21T11:55:57.607+0000] {processor.py:153} INFO - Started process (PID=944) to work on /home/airflow/.local/lib/python3.7/site-packages/airflow/example_dags/example_trigger_target_dag.py
[2023-02-21T11:55:57.630+0000] {processor.py:743} INFO - Processing file /home/airflow/.local/lib/python3.7/site-packages/airflow/example_dags/example_trigger_target_dag.py for tasks to queue
[2023-02-21T11:55:57.640+0000] {logging_mixin.py:137} INFO - [2023-02-21T11:55:57.637+0000] {dagbag.py:538} INFO - Filling up the DagBag from /home/airflow/.local/lib/python3.7/site-packages/airflow/example_dags/example_trigger_target_dag.py
[2023-02-21T11:55:57.713+0000] {processor.py:753} INFO - DAG(s) dict_keys(['example_trigger_target_dag']) retrieved from /home/airflow/.local/lib/python3.7/site-packages/airflow/example_dags/example_trigger_target_dag.py
[2023-02-21T11:55:57.781+0000] {logging_mixin.py:137} INFO - [2023-02-21T11:55:57.781+0000] {dag.py:2690} INFO - Sync 1 DAGs
[2023-02-21T11:55:57.828+0000] {logging_mixin.py:137} INFO - [2023-02-21T11:55:57.828+0000] {dag.py:3441} INFO - Setting next_dagrun for example_trigger_target_dag to None, run_after=None
[2023-02-21T11:55:57.861+0000] {processor.py:175} INFO - Processing /home/airflow/.local/lib/python3.7/site-packages/airflow/example_dags/example_trigger_target_dag.py took 0.260 seconds
[2023-02-21T11:56:27.936+0000] {processor.py:153} INFO - Started process (PID=1003) to work on /home/airflow/.local/lib/python3.7/site-packages/airflow/example_dags/example_trigger_target_dag.py
[2023-02-21T11:56:27.939+0000] {processor.py:743} INFO - Processing file /home/airflow/.local/lib/python3.7/site-packages/airflow/example_dags/example_trigger_target_dag.py for tasks to queue
[2023-02-21T11:56:27.942+0000] {logging_mixin.py:137} INFO - [2023-02-21T11:56:27.941+0000] {dagbag.py:538} INFO - Filling up the DagBag from /home/airflow/.local/lib/python3.7/site-packages/airflow/example_dags/example_trigger_target_dag.py
[2023-02-21T11:56:27.984+0000] {processor.py:753} INFO - DAG(s) dict_keys(['example_trigger_target_dag']) retrieved from /home/airflow/.local/lib/python3.7/site-packages/airflow/example_dags/example_trigger_target_dag.py
[2023-02-21T11:56:28.078+0000] {logging_mixin.py:137} INFO - [2023-02-21T11:56:28.078+0000] {dag.py:2690} INFO - Sync 1 DAGs
[2023-02-21T11:56:28.133+0000] {logging_mixin.py:137} INFO - [2023-02-21T11:56:28.132+0000] {dag.py:3441} INFO - Setting next_dagrun for example_trigger_target_dag to None, run_after=None
[2023-02-21T11:56:28.182+0000] {processor.py:175} INFO - Processing /home/airflow/.local/lib/python3.7/site-packages/airflow/example_dags/example_trigger_target_dag.py took 0.253 seconds
[2023-02-21T11:56:58.482+0000] {processor.py:153} INFO - Started process (PID=1061) to work on /home/airflow/.local/lib/python3.7/site-packages/airflow/example_dags/example_trigger_target_dag.py
[2023-02-21T11:56:58.486+0000] {processor.py:743} INFO - Processing file /home/airflow/.local/lib/python3.7/site-packages/airflow/example_dags/example_trigger_target_dag.py for tasks to queue
[2023-02-21T11:56:58.493+0000] {logging_mixin.py:137} INFO - [2023-02-21T11:56:58.491+0000] {dagbag.py:538} INFO - Filling up the DagBag from /home/airflow/.local/lib/python3.7/site-packages/airflow/example_dags/example_trigger_target_dag.py
[2023-02-21T11:56:58.639+0000] {processor.py:753} INFO - DAG(s) dict_keys(['example_trigger_target_dag']) retrieved from /home/airflow/.local/lib/python3.7/site-packages/airflow/example_dags/example_trigger_target_dag.py
[2023-02-21T11:56:58.810+0000] {logging_mixin.py:137} INFO - [2023-02-21T11:56:58.809+0000] {dag.py:2690} INFO - Sync 1 DAGs
[2023-02-21T11:56:58.934+0000] {logging_mixin.py:137} INFO - [2023-02-21T11:56:58.934+0000] {dag.py:3441} INFO - Setting next_dagrun for example_trigger_target_dag to None, run_after=None
[2023-02-21T11:56:59.027+0000] {processor.py:175} INFO - Processing /home/airflow/.local/lib/python3.7/site-packages/airflow/example_dags/example_trigger_target_dag.py took 0.559 seconds
[2023-02-21T11:57:29.184+0000] {processor.py:153} INFO - Started process (PID=1110) to work on /home/airflow/.local/lib/python3.7/site-packages/airflow/example_dags/example_trigger_target_dag.py
[2023-02-21T11:57:29.188+0000] {processor.py:743} INFO - Processing file /home/airflow/.local/lib/python3.7/site-packages/airflow/example_dags/example_trigger_target_dag.py for tasks to queue
[2023-02-21T11:57:29.212+0000] {logging_mixin.py:137} INFO - [2023-02-21T11:57:29.211+0000] {dagbag.py:538} INFO - Filling up the DagBag from /home/airflow/.local/lib/python3.7/site-packages/airflow/example_dags/example_trigger_target_dag.py
[2023-02-21T11:57:29.289+0000] {processor.py:753} INFO - DAG(s) dict_keys(['example_trigger_target_dag']) retrieved from /home/airflow/.local/lib/python3.7/site-packages/airflow/example_dags/example_trigger_target_dag.py
[2023-02-21T11:57:29.355+0000] {logging_mixin.py:137} INFO - [2023-02-21T11:57:29.355+0000] {dag.py:2690} INFO - Sync 1 DAGs
[2023-02-21T11:57:29.424+0000] {logging_mixin.py:137} INFO - [2023-02-21T11:57:29.424+0000] {dag.py:3441} INFO - Setting next_dagrun for example_trigger_target_dag to None, run_after=None
[2023-02-21T11:57:29.480+0000] {processor.py:175} INFO - Processing /home/airflow/.local/lib/python3.7/site-packages/airflow/example_dags/example_trigger_target_dag.py took 0.303 seconds
[2023-02-21T11:57:59.768+0000] {processor.py:153} INFO - Started process (PID=1168) to work on /home/airflow/.local/lib/python3.7/site-packages/airflow/example_dags/example_trigger_target_dag.py
[2023-02-21T11:57:59.774+0000] {processor.py:743} INFO - Processing file /home/airflow/.local/lib/python3.7/site-packages/airflow/example_dags/example_trigger_target_dag.py for tasks to queue
[2023-02-21T11:57:59.778+0000] {logging_mixin.py:137} INFO - [2023-02-21T11:57:59.778+0000] {dagbag.py:538} INFO - Filling up the DagBag from /home/airflow/.local/lib/python3.7/site-packages/airflow/example_dags/example_trigger_target_dag.py
[2023-02-21T11:57:59.829+0000] {processor.py:753} INFO - DAG(s) dict_keys(['example_trigger_target_dag']) retrieved from /home/airflow/.local/lib/python3.7/site-packages/airflow/example_dags/example_trigger_target_dag.py
[2023-02-21T11:57:59.906+0000] {logging_mixin.py:137} INFO - [2023-02-21T11:57:59.906+0000] {dag.py:2690} INFO - Sync 1 DAGs
[2023-02-21T11:57:59.964+0000] {logging_mixin.py:137} INFO - [2023-02-21T11:57:59.964+0000] {dag.py:3441} INFO - Setting next_dagrun for example_trigger_target_dag to None, run_after=None
[2023-02-21T11:58:00.008+0000] {processor.py:175} INFO - Processing /home/airflow/.local/lib/python3.7/site-packages/airflow/example_dags/example_trigger_target_dag.py took 0.261 seconds
[2023-02-21T11:58:30.284+0000] {processor.py:153} INFO - Started process (PID=1226) to work on /home/airflow/.local/lib/python3.7/site-packages/airflow/example_dags/example_trigger_target_dag.py
[2023-02-21T11:58:30.287+0000] {processor.py:743} INFO - Processing file /home/airflow/.local/lib/python3.7/site-packages/airflow/example_dags/example_trigger_target_dag.py for tasks to queue
[2023-02-21T11:58:30.290+0000] {logging_mixin.py:137} INFO - [2023-02-21T11:58:30.289+0000] {dagbag.py:538} INFO - Filling up the DagBag from /home/airflow/.local/lib/python3.7/site-packages/airflow/example_dags/example_trigger_target_dag.py
[2023-02-21T11:58:30.338+0000] {processor.py:753} INFO - DAG(s) dict_keys(['example_trigger_target_dag']) retrieved from /home/airflow/.local/lib/python3.7/site-packages/airflow/example_dags/example_trigger_target_dag.py
[2023-02-21T11:58:30.403+0000] {logging_mixin.py:137} INFO - [2023-02-21T11:58:30.402+0000] {dag.py:2690} INFO - Sync 1 DAGs
[2023-02-21T11:58:30.451+0000] {logging_mixin.py:137} INFO - [2023-02-21T11:58:30.450+0000] {dag.py:3441} INFO - Setting next_dagrun for example_trigger_target_dag to None, run_after=None
[2023-02-21T11:58:30.526+0000] {processor.py:175} INFO - Processing /home/airflow/.local/lib/python3.7/site-packages/airflow/example_dags/example_trigger_target_dag.py took 0.249 seconds
[2023-02-21T11:59:00.806+0000] {processor.py:153} INFO - Started process (PID=1276) to work on /home/airflow/.local/lib/python3.7/site-packages/airflow/example_dags/example_trigger_target_dag.py
[2023-02-21T11:59:00.811+0000] {processor.py:743} INFO - Processing file /home/airflow/.local/lib/python3.7/site-packages/airflow/example_dags/example_trigger_target_dag.py for tasks to queue
[2023-02-21T11:59:00.814+0000] {logging_mixin.py:137} INFO - [2023-02-21T11:59:00.814+0000] {dagbag.py:538} INFO - Filling up the DagBag from /home/airflow/.local/lib/python3.7/site-packages/airflow/example_dags/example_trigger_target_dag.py
[2023-02-21T11:59:00.847+0000] {processor.py:753} INFO - DAG(s) dict_keys(['example_trigger_target_dag']) retrieved from /home/airflow/.local/lib/python3.7/site-packages/airflow/example_dags/example_trigger_target_dag.py
[2023-02-21T11:59:00.890+0000] {logging_mixin.py:137} INFO - [2023-02-21T11:59:00.890+0000] {dag.py:2690} INFO - Sync 1 DAGs
[2023-02-21T11:59:00.932+0000] {logging_mixin.py:137} INFO - [2023-02-21T11:59:00.932+0000] {dag.py:3441} INFO - Setting next_dagrun for example_trigger_target_dag to None, run_after=None
[2023-02-21T11:59:00.966+0000] {processor.py:175} INFO - Processing /home/airflow/.local/lib/python3.7/site-packages/airflow/example_dags/example_trigger_target_dag.py took 0.167 seconds
[2023-02-21T11:59:31.132+0000] {processor.py:153} INFO - Started process (PID=1335) to work on /home/airflow/.local/lib/python3.7/site-packages/airflow/example_dags/example_trigger_target_dag.py
[2023-02-21T11:59:31.136+0000] {processor.py:743} INFO - Processing file /home/airflow/.local/lib/python3.7/site-packages/airflow/example_dags/example_trigger_target_dag.py for tasks to queue
[2023-02-21T11:59:31.138+0000] {logging_mixin.py:137} INFO - [2023-02-21T11:59:31.138+0000] {dagbag.py:538} INFO - Filling up the DagBag from /home/airflow/.local/lib/python3.7/site-packages/airflow/example_dags/example_trigger_target_dag.py
[2023-02-21T11:59:31.229+0000] {processor.py:753} INFO - DAG(s) dict_keys(['example_trigger_target_dag']) retrieved from /home/airflow/.local/lib/python3.7/site-packages/airflow/example_dags/example_trigger_target_dag.py
[2023-02-21T11:59:31.309+0000] {logging_mixin.py:137} INFO - [2023-02-21T11:59:31.309+0000] {dag.py:2690} INFO - Sync 1 DAGs
[2023-02-21T11:59:31.362+0000] {logging_mixin.py:137} INFO - [2023-02-21T11:59:31.361+0000] {dag.py:3441} INFO - Setting next_dagrun for example_trigger_target_dag to None, run_after=None
[2023-02-21T11:59:31.426+0000] {processor.py:175} INFO - Processing /home/airflow/.local/lib/python3.7/site-packages/airflow/example_dags/example_trigger_target_dag.py took 0.299 seconds
[2023-02-21T12:00:01.632+0000] {processor.py:153} INFO - Started process (PID=1391) to work on /home/airflow/.local/lib/python3.7/site-packages/airflow/example_dags/example_trigger_target_dag.py
[2023-02-21T12:00:01.636+0000] {processor.py:743} INFO - Processing file /home/airflow/.local/lib/python3.7/site-packages/airflow/example_dags/example_trigger_target_dag.py for tasks to queue
[2023-02-21T12:00:01.660+0000] {logging_mixin.py:137} INFO - [2023-02-21T12:00:01.659+0000] {dagbag.py:538} INFO - Filling up the DagBag from /home/airflow/.local/lib/python3.7/site-packages/airflow/example_dags/example_trigger_target_dag.py
[2023-02-21T12:00:01.741+0000] {processor.py:753} INFO - DAG(s) dict_keys(['example_trigger_target_dag']) retrieved from /home/airflow/.local/lib/python3.7/site-packages/airflow/example_dags/example_trigger_target_dag.py
[2023-02-21T12:00:01.802+0000] {logging_mixin.py:137} INFO - [2023-02-21T12:00:01.802+0000] {dag.py:2690} INFO - Sync 1 DAGs
[2023-02-21T12:00:01.917+0000] {logging_mixin.py:137} INFO - [2023-02-21T12:00:01.917+0000] {dag.py:3441} INFO - Setting next_dagrun for example_trigger_target_dag to None, run_after=None
[2023-02-21T12:00:01.987+0000] {processor.py:175} INFO - Processing /home/airflow/.local/lib/python3.7/site-packages/airflow/example_dags/example_trigger_target_dag.py took 0.363 seconds
[2023-02-21T12:00:34.233+0000] {processor.py:153} INFO - Started process (PID=1445) to work on /home/airflow/.local/lib/python3.7/site-packages/airflow/example_dags/example_trigger_target_dag.py
[2023-02-21T12:00:34.244+0000] {processor.py:743} INFO - Processing file /home/airflow/.local/lib/python3.7/site-packages/airflow/example_dags/example_trigger_target_dag.py for tasks to queue
[2023-02-21T12:00:34.284+0000] {logging_mixin.py:137} INFO - [2023-02-21T12:00:34.282+0000] {dagbag.py:538} INFO - Filling up the DagBag from /home/airflow/.local/lib/python3.7/site-packages/airflow/example_dags/example_trigger_target_dag.py
[2023-02-21T12:00:34.928+0000] {processor.py:753} INFO - DAG(s) dict_keys(['example_trigger_target_dag']) retrieved from /home/airflow/.local/lib/python3.7/site-packages/airflow/example_dags/example_trigger_target_dag.py
[2023-02-21T12:00:35.213+0000] {logging_mixin.py:137} INFO - [2023-02-21T12:00:35.212+0000] {dag.py:2690} INFO - Sync 1 DAGs
[2023-02-21T12:00:35.685+0000] {logging_mixin.py:137} INFO - [2023-02-21T12:00:35.685+0000] {dag.py:3441} INFO - Setting next_dagrun for example_trigger_target_dag to None, run_after=None
[2023-02-21T12:00:35.967+0000] {processor.py:175} INFO - Processing /home/airflow/.local/lib/python3.7/site-packages/airflow/example_dags/example_trigger_target_dag.py took 1.796 seconds
[2023-02-21T12:01:06.470+0000] {processor.py:153} INFO - Started process (PID=1496) to work on /home/airflow/.local/lib/python3.7/site-packages/airflow/example_dags/example_trigger_target_dag.py
[2023-02-21T12:01:06.474+0000] {processor.py:743} INFO - Processing file /home/airflow/.local/lib/python3.7/site-packages/airflow/example_dags/example_trigger_target_dag.py for tasks to queue
[2023-02-21T12:01:06.482+0000] {logging_mixin.py:137} INFO - [2023-02-21T12:01:06.480+0000] {dagbag.py:538} INFO - Filling up the DagBag from /home/airflow/.local/lib/python3.7/site-packages/airflow/example_dags/example_trigger_target_dag.py
[2023-02-21T12:01:06.720+0000] {processor.py:753} INFO - DAG(s) dict_keys(['example_trigger_target_dag']) retrieved from /home/airflow/.local/lib/python3.7/site-packages/airflow/example_dags/example_trigger_target_dag.py
[2023-02-21T12:01:06.914+0000] {logging_mixin.py:137} INFO - [2023-02-21T12:01:06.914+0000] {dag.py:2690} INFO - Sync 1 DAGs
[2023-02-21T12:01:07.128+0000] {logging_mixin.py:137} INFO - [2023-02-21T12:01:07.127+0000] {dag.py:3441} INFO - Setting next_dagrun for example_trigger_target_dag to None, run_after=None
[2023-02-21T12:01:07.385+0000] {processor.py:175} INFO - Processing /home/airflow/.local/lib/python3.7/site-packages/airflow/example_dags/example_trigger_target_dag.py took 0.949 seconds
[2023-02-21T12:01:38.082+0000] {processor.py:153} INFO - Started process (PID=1555) to work on /home/airflow/.local/lib/python3.7/site-packages/airflow/example_dags/example_trigger_target_dag.py
[2023-02-21T12:01:38.095+0000] {processor.py:743} INFO - Processing file /home/airflow/.local/lib/python3.7/site-packages/airflow/example_dags/example_trigger_target_dag.py for tasks to queue
[2023-02-21T12:01:38.105+0000] {logging_mixin.py:137} INFO - [2023-02-21T12:01:38.104+0000] {dagbag.py:538} INFO - Filling up the DagBag from /home/airflow/.local/lib/python3.7/site-packages/airflow/example_dags/example_trigger_target_dag.py
[2023-02-21T12:01:38.155+0000] {processor.py:753} INFO - DAG(s) dict_keys(['example_trigger_target_dag']) retrieved from /home/airflow/.local/lib/python3.7/site-packages/airflow/example_dags/example_trigger_target_dag.py
[2023-02-21T12:01:38.220+0000] {logging_mixin.py:137} INFO - [2023-02-21T12:01:38.219+0000] {dag.py:2690} INFO - Sync 1 DAGs
[2023-02-21T12:01:38.290+0000] {logging_mixin.py:137} INFO - [2023-02-21T12:01:38.290+0000] {dag.py:3441} INFO - Setting next_dagrun for example_trigger_target_dag to None, run_after=None
[2023-02-21T12:01:38.336+0000] {processor.py:175} INFO - Processing /home/airflow/.local/lib/python3.7/site-packages/airflow/example_dags/example_trigger_target_dag.py took 0.259 seconds
[2023-02-21T12:02:09.277+0000] {processor.py:153} INFO - Started process (PID=1616) to work on /home/airflow/.local/lib/python3.7/site-packages/airflow/example_dags/example_trigger_target_dag.py
[2023-02-21T12:02:09.282+0000] {processor.py:743} INFO - Processing file /home/airflow/.local/lib/python3.7/site-packages/airflow/example_dags/example_trigger_target_dag.py for tasks to queue
[2023-02-21T12:02:09.288+0000] {logging_mixin.py:137} INFO - [2023-02-21T12:02:09.287+0000] {dagbag.py:538} INFO - Filling up the DagBag from /home/airflow/.local/lib/python3.7/site-packages/airflow/example_dags/example_trigger_target_dag.py
[2023-02-21T12:02:09.354+0000] {processor.py:753} INFO - DAG(s) dict_keys(['example_trigger_target_dag']) retrieved from /home/airflow/.local/lib/python3.7/site-packages/airflow/example_dags/example_trigger_target_dag.py
[2023-02-21T12:02:09.410+0000] {logging_mixin.py:137} INFO - [2023-02-21T12:02:09.410+0000] {dag.py:2690} INFO - Sync 1 DAGs
[2023-02-21T12:02:09.478+0000] {logging_mixin.py:137} INFO - [2023-02-21T12:02:09.477+0000] {dag.py:3441} INFO - Setting next_dagrun for example_trigger_target_dag to None, run_after=None
[2023-02-21T12:02:09.516+0000] {processor.py:175} INFO - Processing /home/airflow/.local/lib/python3.7/site-packages/airflow/example_dags/example_trigger_target_dag.py took 0.252 seconds
[2023-02-21T12:02:39.799+0000] {processor.py:153} INFO - Started process (PID=1685) to work on /home/airflow/.local/lib/python3.7/site-packages/airflow/example_dags/example_trigger_target_dag.py
[2023-02-21T12:02:39.819+0000] {processor.py:743} INFO - Processing file /home/airflow/.local/lib/python3.7/site-packages/airflow/example_dags/example_trigger_target_dag.py for tasks to queue
[2023-02-21T12:02:39.823+0000] {logging_mixin.py:137} INFO - [2023-02-21T12:02:39.823+0000] {dagbag.py:538} INFO - Filling up the DagBag from /home/airflow/.local/lib/python3.7/site-packages/airflow/example_dags/example_trigger_target_dag.py
[2023-02-21T12:02:39.961+0000] {processor.py:753} INFO - DAG(s) dict_keys(['example_trigger_target_dag']) retrieved from /home/airflow/.local/lib/python3.7/site-packages/airflow/example_dags/example_trigger_target_dag.py
[2023-02-21T12:02:40.112+0000] {logging_mixin.py:137} INFO - [2023-02-21T12:02:40.112+0000] {dag.py:2690} INFO - Sync 1 DAGs
[2023-02-21T12:02:40.220+0000] {logging_mixin.py:137} INFO - [2023-02-21T12:02:40.219+0000] {dag.py:3441} INFO - Setting next_dagrun for example_trigger_target_dag to None, run_after=None
[2023-02-21T12:02:40.334+0000] {processor.py:175} INFO - Processing /home/airflow/.local/lib/python3.7/site-packages/airflow/example_dags/example_trigger_target_dag.py took 0.568 seconds
[2023-02-21T12:03:11.169+0000] {processor.py:153} INFO - Started process (PID=1734) to work on /home/airflow/.local/lib/python3.7/site-packages/airflow/example_dags/example_trigger_target_dag.py
[2023-02-21T12:03:11.172+0000] {processor.py:743} INFO - Processing file /home/airflow/.local/lib/python3.7/site-packages/airflow/example_dags/example_trigger_target_dag.py for tasks to queue
[2023-02-21T12:03:11.185+0000] {logging_mixin.py:137} INFO - [2023-02-21T12:03:11.185+0000] {dagbag.py:538} INFO - Filling up the DagBag from /home/airflow/.local/lib/python3.7/site-packages/airflow/example_dags/example_trigger_target_dag.py
[2023-02-21T12:03:11.263+0000] {processor.py:753} INFO - DAG(s) dict_keys(['example_trigger_target_dag']) retrieved from /home/airflow/.local/lib/python3.7/site-packages/airflow/example_dags/example_trigger_target_dag.py
[2023-02-21T12:03:11.320+0000] {logging_mixin.py:137} INFO - [2023-02-21T12:03:11.320+0000] {dag.py:2690} INFO - Sync 1 DAGs
[2023-02-21T12:03:11.395+0000] {logging_mixin.py:137} INFO - [2023-02-21T12:03:11.395+0000] {dag.py:3441} INFO - Setting next_dagrun for example_trigger_target_dag to None, run_after=None
[2023-02-21T12:03:11.460+0000] {processor.py:175} INFO - Processing /home/airflow/.local/lib/python3.7/site-packages/airflow/example_dags/example_trigger_target_dag.py took 0.299 seconds
[2023-02-21T12:03:42.103+0000] {processor.py:153} INFO - Started process (PID=1801) to work on /home/airflow/.local/lib/python3.7/site-packages/airflow/example_dags/example_trigger_target_dag.py
[2023-02-21T12:03:42.109+0000] {processor.py:743} INFO - Processing file /home/airflow/.local/lib/python3.7/site-packages/airflow/example_dags/example_trigger_target_dag.py for tasks to queue
[2023-02-21T12:03:42.117+0000] {logging_mixin.py:137} INFO - [2023-02-21T12:03:42.116+0000] {dagbag.py:538} INFO - Filling up the DagBag from /home/airflow/.local/lib/python3.7/site-packages/airflow/example_dags/example_trigger_target_dag.py
[2023-02-21T12:03:42.154+0000] {processor.py:753} INFO - DAG(s) dict_keys(['example_trigger_target_dag']) retrieved from /home/airflow/.local/lib/python3.7/site-packages/airflow/example_dags/example_trigger_target_dag.py
[2023-02-21T12:03:42.237+0000] {logging_mixin.py:137} INFO - [2023-02-21T12:03:42.237+0000] {dag.py:2690} INFO - Sync 1 DAGs
[2023-02-21T12:03:42.303+0000] {logging_mixin.py:137} INFO - [2023-02-21T12:03:42.302+0000] {dag.py:3441} INFO - Setting next_dagrun for example_trigger_target_dag to None, run_after=None
[2023-02-21T12:03:42.336+0000] {processor.py:175} INFO - Processing /home/airflow/.local/lib/python3.7/site-packages/airflow/example_dags/example_trigger_target_dag.py took 0.246 seconds
[2023-02-21T12:04:12.515+0000] {processor.py:153} INFO - Started process (PID=1860) to work on /home/airflow/.local/lib/python3.7/site-packages/airflow/example_dags/example_trigger_target_dag.py
[2023-02-21T12:04:12.519+0000] {processor.py:743} INFO - Processing file /home/airflow/.local/lib/python3.7/site-packages/airflow/example_dags/example_trigger_target_dag.py for tasks to queue
[2023-02-21T12:04:12.524+0000] {logging_mixin.py:137} INFO - [2023-02-21T12:04:12.523+0000] {dagbag.py:538} INFO - Filling up the DagBag from /home/airflow/.local/lib/python3.7/site-packages/airflow/example_dags/example_trigger_target_dag.py
[2023-02-21T12:04:12.611+0000] {processor.py:753} INFO - DAG(s) dict_keys(['example_trigger_target_dag']) retrieved from /home/airflow/.local/lib/python3.7/site-packages/airflow/example_dags/example_trigger_target_dag.py
[2023-02-21T12:04:12.772+0000] {logging_mixin.py:137} INFO - [2023-02-21T12:04:12.771+0000] {dag.py:2690} INFO - Sync 1 DAGs
[2023-02-21T12:04:12.882+0000] {logging_mixin.py:137} INFO - [2023-02-21T12:04:12.882+0000] {dag.py:3441} INFO - Setting next_dagrun for example_trigger_target_dag to None, run_after=None
[2023-02-21T12:04:12.952+0000] {processor.py:175} INFO - Processing /home/airflow/.local/lib/python3.7/site-packages/airflow/example_dags/example_trigger_target_dag.py took 0.461 seconds
[2023-02-21T12:04:43.113+0000] {processor.py:153} INFO - Started process (PID=1909) to work on /home/airflow/.local/lib/python3.7/site-packages/airflow/example_dags/example_trigger_target_dag.py
[2023-02-21T12:04:43.119+0000] {processor.py:743} INFO - Processing file /home/airflow/.local/lib/python3.7/site-packages/airflow/example_dags/example_trigger_target_dag.py for tasks to queue
[2023-02-21T12:04:43.134+0000] {logging_mixin.py:137} INFO - [2023-02-21T12:04:43.133+0000] {dagbag.py:538} INFO - Filling up the DagBag from /home/airflow/.local/lib/python3.7/site-packages/airflow/example_dags/example_trigger_target_dag.py
[2023-02-21T12:04:43.216+0000] {processor.py:753} INFO - DAG(s) dict_keys(['example_trigger_target_dag']) retrieved from /home/airflow/.local/lib/python3.7/site-packages/airflow/example_dags/example_trigger_target_dag.py
[2023-02-21T12:04:43.304+0000] {logging_mixin.py:137} INFO - [2023-02-21T12:04:43.304+0000] {dag.py:2690} INFO - Sync 1 DAGs
[2023-02-21T12:04:43.408+0000] {logging_mixin.py:137} INFO - [2023-02-21T12:04:43.408+0000] {dag.py:3441} INFO - Setting next_dagrun for example_trigger_target_dag to None, run_after=None
[2023-02-21T12:04:43.465+0000] {processor.py:175} INFO - Processing /home/airflow/.local/lib/python3.7/site-packages/airflow/example_dags/example_trigger_target_dag.py took 0.359 seconds
[2023-02-21T12:05:14.268+0000] {processor.py:153} INFO - Started process (PID=1967) to work on /home/airflow/.local/lib/python3.7/site-packages/airflow/example_dags/example_trigger_target_dag.py
[2023-02-21T12:05:14.276+0000] {processor.py:743} INFO - Processing file /home/airflow/.local/lib/python3.7/site-packages/airflow/example_dags/example_trigger_target_dag.py for tasks to queue
[2023-02-21T12:05:14.305+0000] {logging_mixin.py:137} INFO - [2023-02-21T12:05:14.305+0000] {dagbag.py:538} INFO - Filling up the DagBag from /home/airflow/.local/lib/python3.7/site-packages/airflow/example_dags/example_trigger_target_dag.py
[2023-02-21T12:05:14.507+0000] {processor.py:753} INFO - DAG(s) dict_keys(['example_trigger_target_dag']) retrieved from /home/airflow/.local/lib/python3.7/site-packages/airflow/example_dags/example_trigger_target_dag.py
[2023-02-21T12:05:14.659+0000] {logging_mixin.py:137} INFO - [2023-02-21T12:05:14.659+0000] {dag.py:2690} INFO - Sync 1 DAGs
[2023-02-21T12:05:14.855+0000] {logging_mixin.py:137} INFO - [2023-02-21T12:05:14.854+0000] {dag.py:3441} INFO - Setting next_dagrun for example_trigger_target_dag to None, run_after=None
[2023-02-21T12:05:14.976+0000] {processor.py:175} INFO - Processing /home/airflow/.local/lib/python3.7/site-packages/airflow/example_dags/example_trigger_target_dag.py took 0.715 seconds
[2023-02-21T12:05:45.962+0000] {processor.py:153} INFO - Started process (PID=2026) to work on /home/airflow/.local/lib/python3.7/site-packages/airflow/example_dags/example_trigger_target_dag.py
[2023-02-21T12:05:45.969+0000] {processor.py:743} INFO - Processing file /home/airflow/.local/lib/python3.7/site-packages/airflow/example_dags/example_trigger_target_dag.py for tasks to queue
[2023-02-21T12:05:45.974+0000] {logging_mixin.py:137} INFO - [2023-02-21T12:05:45.973+0000] {dagbag.py:538} INFO - Filling up the DagBag from /home/airflow/.local/lib/python3.7/site-packages/airflow/example_dags/example_trigger_target_dag.py
[2023-02-21T12:05:46.071+0000] {processor.py:753} INFO - DAG(s) dict_keys(['example_trigger_target_dag']) retrieved from /home/airflow/.local/lib/python3.7/site-packages/airflow/example_dags/example_trigger_target_dag.py
[2023-02-21T12:05:46.209+0000] {logging_mixin.py:137} INFO - [2023-02-21T12:05:46.209+0000] {dag.py:2690} INFO - Sync 1 DAGs
[2023-02-21T12:05:46.307+0000] {logging_mixin.py:137} INFO - [2023-02-21T12:05:46.306+0000] {dag.py:3441} INFO - Setting next_dagrun for example_trigger_target_dag to None, run_after=None
[2023-02-21T12:05:46.410+0000] {processor.py:175} INFO - Processing /home/airflow/.local/lib/python3.7/site-packages/airflow/example_dags/example_trigger_target_dag.py took 0.489 seconds
[2023-02-21T12:06:16.964+0000] {processor.py:153} INFO - Started process (PID=2085) to work on /home/airflow/.local/lib/python3.7/site-packages/airflow/example_dags/example_trigger_target_dag.py
[2023-02-21T12:06:16.969+0000] {processor.py:743} INFO - Processing file /home/airflow/.local/lib/python3.7/site-packages/airflow/example_dags/example_trigger_target_dag.py for tasks to queue
[2023-02-21T12:06:17.004+0000] {logging_mixin.py:137} INFO - [2023-02-21T12:06:17.004+0000] {dagbag.py:538} INFO - Filling up the DagBag from /home/airflow/.local/lib/python3.7/site-packages/airflow/example_dags/example_trigger_target_dag.py
[2023-02-21T12:06:17.157+0000] {processor.py:753} INFO - DAG(s) dict_keys(['example_trigger_target_dag']) retrieved from /home/airflow/.local/lib/python3.7/site-packages/airflow/example_dags/example_trigger_target_dag.py
[2023-02-21T12:06:17.285+0000] {logging_mixin.py:137} INFO - [2023-02-21T12:06:17.285+0000] {dag.py:2690} INFO - Sync 1 DAGs
[2023-02-21T12:06:17.385+0000] {logging_mixin.py:137} INFO - [2023-02-21T12:06:17.385+0000] {dag.py:3441} INFO - Setting next_dagrun for example_trigger_target_dag to None, run_after=None
[2023-02-21T12:06:17.611+0000] {processor.py:175} INFO - Processing /home/airflow/.local/lib/python3.7/site-packages/airflow/example_dags/example_trigger_target_dag.py took 0.676 seconds
[2023-02-21T12:06:47.870+0000] {processor.py:153} INFO - Started process (PID=2134) to work on /home/airflow/.local/lib/python3.7/site-packages/airflow/example_dags/example_trigger_target_dag.py
[2023-02-21T12:06:47.873+0000] {processor.py:743} INFO - Processing file /home/airflow/.local/lib/python3.7/site-packages/airflow/example_dags/example_trigger_target_dag.py for tasks to queue
[2023-02-21T12:06:47.875+0000] {logging_mixin.py:137} INFO - [2023-02-21T12:06:47.875+0000] {dagbag.py:538} INFO - Filling up the DagBag from /home/airflow/.local/lib/python3.7/site-packages/airflow/example_dags/example_trigger_target_dag.py
[2023-02-21T12:06:47.918+0000] {processor.py:753} INFO - DAG(s) dict_keys(['example_trigger_target_dag']) retrieved from /home/airflow/.local/lib/python3.7/site-packages/airflow/example_dags/example_trigger_target_dag.py
[2023-02-21T12:06:47.994+0000] {logging_mixin.py:137} INFO - [2023-02-21T12:06:47.993+0000] {dag.py:2690} INFO - Sync 1 DAGs
[2023-02-21T12:06:48.057+0000] {logging_mixin.py:137} INFO - [2023-02-21T12:06:48.057+0000] {dag.py:3441} INFO - Setting next_dagrun for example_trigger_target_dag to None, run_after=None
[2023-02-21T12:06:48.121+0000] {processor.py:175} INFO - Processing /home/airflow/.local/lib/python3.7/site-packages/airflow/example_dags/example_trigger_target_dag.py took 0.259 seconds
[2023-02-21T12:07:19.017+0000] {processor.py:153} INFO - Started process (PID=2192) to work on /home/airflow/.local/lib/python3.7/site-packages/airflow/example_dags/example_trigger_target_dag.py
[2023-02-21T12:07:19.021+0000] {processor.py:743} INFO - Processing file /home/airflow/.local/lib/python3.7/site-packages/airflow/example_dags/example_trigger_target_dag.py for tasks to queue
[2023-02-21T12:07:19.026+0000] {logging_mixin.py:137} INFO - [2023-02-21T12:07:19.026+0000] {dagbag.py:538} INFO - Filling up the DagBag from /home/airflow/.local/lib/python3.7/site-packages/airflow/example_dags/example_trigger_target_dag.py
[2023-02-21T12:07:19.148+0000] {processor.py:753} INFO - DAG(s) dict_keys(['example_trigger_target_dag']) retrieved from /home/airflow/.local/lib/python3.7/site-packages/airflow/example_dags/example_trigger_target_dag.py
[2023-02-21T12:07:19.261+0000] {logging_mixin.py:137} INFO - [2023-02-21T12:07:19.260+0000] {dag.py:2690} INFO - Sync 1 DAGs
[2023-02-21T12:07:19.328+0000] {logging_mixin.py:137} INFO - [2023-02-21T12:07:19.328+0000] {dag.py:3441} INFO - Setting next_dagrun for example_trigger_target_dag to None, run_after=None
[2023-02-21T12:07:19.402+0000] {processor.py:175} INFO - Processing /home/airflow/.local/lib/python3.7/site-packages/airflow/example_dags/example_trigger_target_dag.py took 0.406 seconds
[2023-02-21T12:07:49.775+0000] {processor.py:153} INFO - Started process (PID=2260) to work on /home/airflow/.local/lib/python3.7/site-packages/airflow/example_dags/example_trigger_target_dag.py
[2023-02-21T12:07:49.799+0000] {processor.py:743} INFO - Processing file /home/airflow/.local/lib/python3.7/site-packages/airflow/example_dags/example_trigger_target_dag.py for tasks to queue
[2023-02-21T12:07:49.801+0000] {logging_mixin.py:137} INFO - [2023-02-21T12:07:49.801+0000] {dagbag.py:538} INFO - Filling up the DagBag from /home/airflow/.local/lib/python3.7/site-packages/airflow/example_dags/example_trigger_target_dag.py
[2023-02-21T12:07:49.976+0000] {processor.py:753} INFO - DAG(s) dict_keys(['example_trigger_target_dag']) retrieved from /home/airflow/.local/lib/python3.7/site-packages/airflow/example_dags/example_trigger_target_dag.py
[2023-02-21T12:07:50.176+0000] {logging_mixin.py:137} INFO - [2023-02-21T12:07:50.176+0000] {dag.py:2690} INFO - Sync 1 DAGs
[2023-02-21T12:07:50.463+0000] {logging_mixin.py:137} INFO - [2023-02-21T12:07:50.463+0000] {dag.py:3441} INFO - Setting next_dagrun for example_trigger_target_dag to None, run_after=None
[2023-02-21T12:07:50.611+0000] {processor.py:175} INFO - Processing /home/airflow/.local/lib/python3.7/site-packages/airflow/example_dags/example_trigger_target_dag.py took 0.872 seconds
[2023-02-21T12:08:21.067+0000] {processor.py:153} INFO - Started process (PID=2310) to work on /home/airflow/.local/lib/python3.7/site-packages/airflow/example_dags/example_trigger_target_dag.py
[2023-02-21T12:08:21.157+0000] {processor.py:743} INFO - Processing file /home/airflow/.local/lib/python3.7/site-packages/airflow/example_dags/example_trigger_target_dag.py for tasks to queue
[2023-02-21T12:08:21.165+0000] {logging_mixin.py:137} INFO - [2023-02-21T12:08:21.164+0000] {dagbag.py:538} INFO - Filling up the DagBag from /home/airflow/.local/lib/python3.7/site-packages/airflow/example_dags/example_trigger_target_dag.py
[2023-02-21T12:08:21.366+0000] {processor.py:753} INFO - DAG(s) dict_keys(['example_trigger_target_dag']) retrieved from /home/airflow/.local/lib/python3.7/site-packages/airflow/example_dags/example_trigger_target_dag.py
[2023-02-21T12:08:21.699+0000] {logging_mixin.py:137} INFO - [2023-02-21T12:08:21.699+0000] {dag.py:2690} INFO - Sync 1 DAGs
[2023-02-21T12:08:22.043+0000] {logging_mixin.py:137} INFO - [2023-02-21T12:08:22.043+0000] {dag.py:3441} INFO - Setting next_dagrun for example_trigger_target_dag to None, run_after=None
[2023-02-21T12:08:22.247+0000] {processor.py:175} INFO - Processing /home/airflow/.local/lib/python3.7/site-packages/airflow/example_dags/example_trigger_target_dag.py took 1.199 seconds
[2023-02-21T12:08:52.846+0000] {processor.py:153} INFO - Started process (PID=2375) to work on /home/airflow/.local/lib/python3.7/site-packages/airflow/example_dags/example_trigger_target_dag.py
[2023-02-21T12:08:52.853+0000] {processor.py:743} INFO - Processing file /home/airflow/.local/lib/python3.7/site-packages/airflow/example_dags/example_trigger_target_dag.py for tasks to queue
[2023-02-21T12:08:52.863+0000] {logging_mixin.py:137} INFO - [2023-02-21T12:08:52.861+0000] {dagbag.py:538} INFO - Filling up the DagBag from /home/airflow/.local/lib/python3.7/site-packages/airflow/example_dags/example_trigger_target_dag.py
[2023-02-21T12:08:53.138+0000] {processor.py:753} INFO - DAG(s) dict_keys(['example_trigger_target_dag']) retrieved from /home/airflow/.local/lib/python3.7/site-packages/airflow/example_dags/example_trigger_target_dag.py
[2023-02-21T12:08:53.449+0000] {logging_mixin.py:137} INFO - [2023-02-21T12:08:53.448+0000] {dag.py:2690} INFO - Sync 1 DAGs
[2023-02-21T12:08:53.668+0000] {logging_mixin.py:137} INFO - [2023-02-21T12:08:53.668+0000] {dag.py:3441} INFO - Setting next_dagrun for example_trigger_target_dag to None, run_after=None
[2023-02-21T12:08:53.796+0000] {processor.py:175} INFO - Processing /home/airflow/.local/lib/python3.7/site-packages/airflow/example_dags/example_trigger_target_dag.py took 0.982 seconds
[2023-02-21T12:09:24.528+0000] {processor.py:153} INFO - Started process (PID=2435) to work on /home/airflow/.local/lib/python3.7/site-packages/airflow/example_dags/example_trigger_target_dag.py
[2023-02-21T12:09:24.541+0000] {processor.py:743} INFO - Processing file /home/airflow/.local/lib/python3.7/site-packages/airflow/example_dags/example_trigger_target_dag.py for tasks to queue
[2023-02-21T12:09:24.547+0000] {logging_mixin.py:137} INFO - [2023-02-21T12:09:24.546+0000] {dagbag.py:538} INFO - Filling up the DagBag from /home/airflow/.local/lib/python3.7/site-packages/airflow/example_dags/example_trigger_target_dag.py
[2023-02-21T12:09:24.650+0000] {processor.py:753} INFO - DAG(s) dict_keys(['example_trigger_target_dag']) retrieved from /home/airflow/.local/lib/python3.7/site-packages/airflow/example_dags/example_trigger_target_dag.py
[2023-02-21T12:09:24.780+0000] {logging_mixin.py:137} INFO - [2023-02-21T12:09:24.778+0000] {dag.py:2690} INFO - Sync 1 DAGs
[2023-02-21T12:09:24.865+0000] {logging_mixin.py:137} INFO - [2023-02-21T12:09:24.865+0000] {dag.py:3441} INFO - Setting next_dagrun for example_trigger_target_dag to None, run_after=None
[2023-02-21T12:09:24.919+0000] {processor.py:175} INFO - Processing /home/airflow/.local/lib/python3.7/site-packages/airflow/example_dags/example_trigger_target_dag.py took 0.411 seconds
[2023-02-21T12:09:55.472+0000] {processor.py:153} INFO - Started process (PID=2495) to work on /home/airflow/.local/lib/python3.7/site-packages/airflow/example_dags/example_trigger_target_dag.py
[2023-02-21T12:09:55.479+0000] {processor.py:743} INFO - Processing file /home/airflow/.local/lib/python3.7/site-packages/airflow/example_dags/example_trigger_target_dag.py for tasks to queue
[2023-02-21T12:09:55.490+0000] {logging_mixin.py:137} INFO - [2023-02-21T12:09:55.485+0000] {dagbag.py:538} INFO - Filling up the DagBag from /home/airflow/.local/lib/python3.7/site-packages/airflow/example_dags/example_trigger_target_dag.py
[2023-02-21T12:09:55.549+0000] {processor.py:753} INFO - DAG(s) dict_keys(['example_trigger_target_dag']) retrieved from /home/airflow/.local/lib/python3.7/site-packages/airflow/example_dags/example_trigger_target_dag.py
[2023-02-21T12:09:55.601+0000] {logging_mixin.py:137} INFO - [2023-02-21T12:09:55.601+0000] {dag.py:2690} INFO - Sync 1 DAGs
[2023-02-21T12:09:55.651+0000] {logging_mixin.py:137} INFO - [2023-02-21T12:09:55.651+0000] {dag.py:3441} INFO - Setting next_dagrun for example_trigger_target_dag to None, run_after=None
[2023-02-21T12:09:55.688+0000] {processor.py:175} INFO - Processing /home/airflow/.local/lib/python3.7/site-packages/airflow/example_dags/example_trigger_target_dag.py took 0.221 seconds
[2023-02-21T12:10:25.903+0000] {processor.py:153} INFO - Started process (PID=2554) to work on /home/airflow/.local/lib/python3.7/site-packages/airflow/example_dags/example_trigger_target_dag.py
[2023-02-21T12:10:25.906+0000] {processor.py:743} INFO - Processing file /home/airflow/.local/lib/python3.7/site-packages/airflow/example_dags/example_trigger_target_dag.py for tasks to queue
[2023-02-21T12:10:25.909+0000] {logging_mixin.py:137} INFO - [2023-02-21T12:10:25.909+0000] {dagbag.py:538} INFO - Filling up the DagBag from /home/airflow/.local/lib/python3.7/site-packages/airflow/example_dags/example_trigger_target_dag.py
[2023-02-21T12:10:25.981+0000] {processor.py:753} INFO - DAG(s) dict_keys(['example_trigger_target_dag']) retrieved from /home/airflow/.local/lib/python3.7/site-packages/airflow/example_dags/example_trigger_target_dag.py
[2023-02-21T12:10:26.046+0000] {logging_mixin.py:137} INFO - [2023-02-21T12:10:26.046+0000] {dag.py:2690} INFO - Sync 1 DAGs
[2023-02-21T12:10:26.091+0000] {logging_mixin.py:137} INFO - [2023-02-21T12:10:26.091+0000] {dag.py:3441} INFO - Setting next_dagrun for example_trigger_target_dag to None, run_after=None
[2023-02-21T12:10:26.146+0000] {processor.py:175} INFO - Processing /home/airflow/.local/lib/python3.7/site-packages/airflow/example_dags/example_trigger_target_dag.py took 0.254 seconds
[2023-02-21T12:10:56.360+0000] {processor.py:153} INFO - Started process (PID=2613) to work on /home/airflow/.local/lib/python3.7/site-packages/airflow/example_dags/example_trigger_target_dag.py
[2023-02-21T12:10:56.363+0000] {processor.py:743} INFO - Processing file /home/airflow/.local/lib/python3.7/site-packages/airflow/example_dags/example_trigger_target_dag.py for tasks to queue
[2023-02-21T12:10:56.386+0000] {logging_mixin.py:137} INFO - [2023-02-21T12:10:56.385+0000] {dagbag.py:538} INFO - Filling up the DagBag from /home/airflow/.local/lib/python3.7/site-packages/airflow/example_dags/example_trigger_target_dag.py
[2023-02-21T12:10:56.449+0000] {processor.py:753} INFO - DAG(s) dict_keys(['example_trigger_target_dag']) retrieved from /home/airflow/.local/lib/python3.7/site-packages/airflow/example_dags/example_trigger_target_dag.py
[2023-02-21T12:10:56.518+0000] {logging_mixin.py:137} INFO - [2023-02-21T12:10:56.518+0000] {dag.py:2690} INFO - Sync 1 DAGs
[2023-02-21T12:10:56.591+0000] {logging_mixin.py:137} INFO - [2023-02-21T12:10:56.591+0000] {dag.py:3441} INFO - Setting next_dagrun for example_trigger_target_dag to None, run_after=None
[2023-02-21T12:10:56.694+0000] {processor.py:175} INFO - Processing /home/airflow/.local/lib/python3.7/site-packages/airflow/example_dags/example_trigger_target_dag.py took 0.343 seconds
[2023-02-21T12:11:26.838+0000] {processor.py:153} INFO - Started process (PID=2671) to work on /home/airflow/.local/lib/python3.7/site-packages/airflow/example_dags/example_trigger_target_dag.py
[2023-02-21T12:11:26.851+0000] {processor.py:743} INFO - Processing file /home/airflow/.local/lib/python3.7/site-packages/airflow/example_dags/example_trigger_target_dag.py for tasks to queue
[2023-02-21T12:11:26.857+0000] {logging_mixin.py:137} INFO - [2023-02-21T12:11:26.856+0000] {dagbag.py:538} INFO - Filling up the DagBag from /home/airflow/.local/lib/python3.7/site-packages/airflow/example_dags/example_trigger_target_dag.py
[2023-02-21T12:11:27.120+0000] {processor.py:753} INFO - DAG(s) dict_keys(['example_trigger_target_dag']) retrieved from /home/airflow/.local/lib/python3.7/site-packages/airflow/example_dags/example_trigger_target_dag.py
[2023-02-21T12:11:27.270+0000] {logging_mixin.py:137} INFO - [2023-02-21T12:11:27.269+0000] {dag.py:2690} INFO - Sync 1 DAGs
[2023-02-21T12:11:27.358+0000] {logging_mixin.py:137} INFO - [2023-02-21T12:11:27.357+0000] {dag.py:3441} INFO - Setting next_dagrun for example_trigger_target_dag to None, run_after=None
[2023-02-21T12:11:27.416+0000] {processor.py:175} INFO - Processing /home/airflow/.local/lib/python3.7/site-packages/airflow/example_dags/example_trigger_target_dag.py took 0.616 seconds
[2023-02-21T12:11:58.499+0000] {processor.py:153} INFO - Started process (PID=2730) to work on /home/airflow/.local/lib/python3.7/site-packages/airflow/example_dags/example_trigger_target_dag.py
[2023-02-21T12:11:58.504+0000] {processor.py:743} INFO - Processing file /home/airflow/.local/lib/python3.7/site-packages/airflow/example_dags/example_trigger_target_dag.py for tasks to queue
[2023-02-21T12:11:58.505+0000] {logging_mixin.py:137} INFO - [2023-02-21T12:11:58.505+0000] {dagbag.py:538} INFO - Filling up the DagBag from /home/airflow/.local/lib/python3.7/site-packages/airflow/example_dags/example_trigger_target_dag.py
[2023-02-21T12:11:58.630+0000] {processor.py:753} INFO - DAG(s) dict_keys(['example_trigger_target_dag']) retrieved from /home/airflow/.local/lib/python3.7/site-packages/airflow/example_dags/example_trigger_target_dag.py
[2023-02-21T12:11:58.713+0000] {logging_mixin.py:137} INFO - [2023-02-21T12:11:58.713+0000] {dag.py:2690} INFO - Sync 1 DAGs
[2023-02-21T12:11:58.845+0000] {logging_mixin.py:137} INFO - [2023-02-21T12:11:58.845+0000] {dag.py:3441} INFO - Setting next_dagrun for example_trigger_target_dag to None, run_after=None
[2023-02-21T12:11:58.936+0000] {processor.py:175} INFO - Processing /home/airflow/.local/lib/python3.7/site-packages/airflow/example_dags/example_trigger_target_dag.py took 0.450 seconds
[2023-02-21T12:12:29.100+0000] {processor.py:153} INFO - Started process (PID=2789) to work on /home/airflow/.local/lib/python3.7/site-packages/airflow/example_dags/example_trigger_target_dag.py
[2023-02-21T12:12:29.107+0000] {processor.py:743} INFO - Processing file /home/airflow/.local/lib/python3.7/site-packages/airflow/example_dags/example_trigger_target_dag.py for tasks to queue
[2023-02-21T12:12:29.111+0000] {logging_mixin.py:137} INFO - [2023-02-21T12:12:29.110+0000] {dagbag.py:538} INFO - Filling up the DagBag from /home/airflow/.local/lib/python3.7/site-packages/airflow/example_dags/example_trigger_target_dag.py
[2023-02-21T12:12:29.161+0000] {processor.py:753} INFO - DAG(s) dict_keys(['example_trigger_target_dag']) retrieved from /home/airflow/.local/lib/python3.7/site-packages/airflow/example_dags/example_trigger_target_dag.py
[2023-02-21T12:12:29.249+0000] {logging_mixin.py:137} INFO - [2023-02-21T12:12:29.249+0000] {dag.py:2690} INFO - Sync 1 DAGs
[2023-02-21T12:12:29.291+0000] {logging_mixin.py:137} INFO - [2023-02-21T12:12:29.291+0000] {dag.py:3441} INFO - Setting next_dagrun for example_trigger_target_dag to None, run_after=None
[2023-02-21T12:12:29.330+0000] {processor.py:175} INFO - Processing /home/airflow/.local/lib/python3.7/site-packages/airflow/example_dags/example_trigger_target_dag.py took 0.243 seconds
[2023-02-21T12:12:59.800+0000] {processor.py:153} INFO - Started process (PID=2849) to work on /home/airflow/.local/lib/python3.7/site-packages/airflow/example_dags/example_trigger_target_dag.py
[2023-02-21T12:12:59.806+0000] {processor.py:743} INFO - Processing file /home/airflow/.local/lib/python3.7/site-packages/airflow/example_dags/example_trigger_target_dag.py for tasks to queue
[2023-02-21T12:12:59.818+0000] {logging_mixin.py:137} INFO - [2023-02-21T12:12:59.816+0000] {dagbag.py:538} INFO - Filling up the DagBag from /home/airflow/.local/lib/python3.7/site-packages/airflow/example_dags/example_trigger_target_dag.py
[2023-02-21T12:12:59.916+0000] {processor.py:753} INFO - DAG(s) dict_keys(['example_trigger_target_dag']) retrieved from /home/airflow/.local/lib/python3.7/site-packages/airflow/example_dags/example_trigger_target_dag.py
[2023-02-21T12:13:00.019+0000] {logging_mixin.py:137} INFO - [2023-02-21T12:13:00.019+0000] {dag.py:2690} INFO - Sync 1 DAGs
[2023-02-21T12:13:00.117+0000] {logging_mixin.py:137} INFO - [2023-02-21T12:13:00.117+0000] {dag.py:3441} INFO - Setting next_dagrun for example_trigger_target_dag to None, run_after=None
[2023-02-21T12:13:00.172+0000] {processor.py:175} INFO - Processing /home/airflow/.local/lib/python3.7/site-packages/airflow/example_dags/example_trigger_target_dag.py took 0.381 seconds
[2023-02-21T12:13:30.523+0000] {processor.py:153} INFO - Started process (PID=2918) to work on /home/airflow/.local/lib/python3.7/site-packages/airflow/example_dags/example_trigger_target_dag.py
[2023-02-21T12:13:30.532+0000] {processor.py:743} INFO - Processing file /home/airflow/.local/lib/python3.7/site-packages/airflow/example_dags/example_trigger_target_dag.py for tasks to queue
[2023-02-21T12:13:30.536+0000] {logging_mixin.py:137} INFO - [2023-02-21T12:13:30.536+0000] {dagbag.py:538} INFO - Filling up the DagBag from /home/airflow/.local/lib/python3.7/site-packages/airflow/example_dags/example_trigger_target_dag.py
[2023-02-21T12:13:30.613+0000] {processor.py:753} INFO - DAG(s) dict_keys(['example_trigger_target_dag']) retrieved from /home/airflow/.local/lib/python3.7/site-packages/airflow/example_dags/example_trigger_target_dag.py
[2023-02-21T12:13:30.719+0000] {logging_mixin.py:137} INFO - [2023-02-21T12:13:30.719+0000] {dag.py:2690} INFO - Sync 1 DAGs
[2023-02-21T12:13:30.783+0000] {logging_mixin.py:137} INFO - [2023-02-21T12:13:30.783+0000] {dag.py:3441} INFO - Setting next_dagrun for example_trigger_target_dag to None, run_after=None
[2023-02-21T12:13:30.848+0000] {processor.py:175} INFO - Processing /home/airflow/.local/lib/python3.7/site-packages/airflow/example_dags/example_trigger_target_dag.py took 0.342 seconds
[2023-02-21T12:14:01.053+0000] {processor.py:153} INFO - Started process (PID=2977) to work on /home/airflow/.local/lib/python3.7/site-packages/airflow/example_dags/example_trigger_target_dag.py
[2023-02-21T12:14:01.061+0000] {processor.py:743} INFO - Processing file /home/airflow/.local/lib/python3.7/site-packages/airflow/example_dags/example_trigger_target_dag.py for tasks to queue
[2023-02-21T12:14:01.065+0000] {logging_mixin.py:137} INFO - [2023-02-21T12:14:01.065+0000] {dagbag.py:538} INFO - Filling up the DagBag from /home/airflow/.local/lib/python3.7/site-packages/airflow/example_dags/example_trigger_target_dag.py
[2023-02-21T12:14:01.160+0000] {processor.py:753} INFO - DAG(s) dict_keys(['example_trigger_target_dag']) retrieved from /home/airflow/.local/lib/python3.7/site-packages/airflow/example_dags/example_trigger_target_dag.py
[2023-02-21T12:14:01.249+0000] {logging_mixin.py:137} INFO - [2023-02-21T12:14:01.249+0000] {dag.py:2690} INFO - Sync 1 DAGs
[2023-02-21T12:14:01.327+0000] {logging_mixin.py:137} INFO - [2023-02-21T12:14:01.326+0000] {dag.py:3441} INFO - Setting next_dagrun for example_trigger_target_dag to None, run_after=None
[2023-02-21T12:14:01.404+0000] {processor.py:175} INFO - Processing /home/airflow/.local/lib/python3.7/site-packages/airflow/example_dags/example_trigger_target_dag.py took 0.364 seconds
[2023-02-21T12:14:32.190+0000] {processor.py:153} INFO - Started process (PID=3036) to work on /home/airflow/.local/lib/python3.7/site-packages/airflow/example_dags/example_trigger_target_dag.py
[2023-02-21T12:14:32.194+0000] {processor.py:743} INFO - Processing file /home/airflow/.local/lib/python3.7/site-packages/airflow/example_dags/example_trigger_target_dag.py for tasks to queue
[2023-02-21T12:14:32.199+0000] {logging_mixin.py:137} INFO - [2023-02-21T12:14:32.199+0000] {dagbag.py:538} INFO - Filling up the DagBag from /home/airflow/.local/lib/python3.7/site-packages/airflow/example_dags/example_trigger_target_dag.py
[2023-02-21T12:14:32.274+0000] {processor.py:753} INFO - DAG(s) dict_keys(['example_trigger_target_dag']) retrieved from /home/airflow/.local/lib/python3.7/site-packages/airflow/example_dags/example_trigger_target_dag.py
[2023-02-21T12:14:32.406+0000] {logging_mixin.py:137} INFO - [2023-02-21T12:14:32.406+0000] {dag.py:2690} INFO - Sync 1 DAGs
[2023-02-21T12:14:32.484+0000] {logging_mixin.py:137} INFO - [2023-02-21T12:14:32.484+0000] {dag.py:3441} INFO - Setting next_dagrun for example_trigger_target_dag to None, run_after=None
[2023-02-21T12:14:32.549+0000] {processor.py:175} INFO - Processing /home/airflow/.local/lib/python3.7/site-packages/airflow/example_dags/example_trigger_target_dag.py took 0.375 seconds
[2023-02-21T12:15:03.097+0000] {processor.py:153} INFO - Started process (PID=3107) to work on /home/airflow/.local/lib/python3.7/site-packages/airflow/example_dags/example_trigger_target_dag.py
[2023-02-21T12:15:03.104+0000] {processor.py:743} INFO - Processing file /home/airflow/.local/lib/python3.7/site-packages/airflow/example_dags/example_trigger_target_dag.py for tasks to queue
[2023-02-21T12:15:03.108+0000] {logging_mixin.py:137} INFO - [2023-02-21T12:15:03.107+0000] {dagbag.py:538} INFO - Filling up the DagBag from /home/airflow/.local/lib/python3.7/site-packages/airflow/example_dags/example_trigger_target_dag.py
[2023-02-21T12:15:03.153+0000] {processor.py:753} INFO - DAG(s) dict_keys(['example_trigger_target_dag']) retrieved from /home/airflow/.local/lib/python3.7/site-packages/airflow/example_dags/example_trigger_target_dag.py
[2023-02-21T12:15:03.195+0000] {logging_mixin.py:137} INFO - [2023-02-21T12:15:03.195+0000] {dag.py:2690} INFO - Sync 1 DAGs
[2023-02-21T12:15:03.245+0000] {logging_mixin.py:137} INFO - [2023-02-21T12:15:03.245+0000] {dag.py:3441} INFO - Setting next_dagrun for example_trigger_target_dag to None, run_after=None
[2023-02-21T12:15:03.288+0000] {processor.py:175} INFO - Processing /home/airflow/.local/lib/python3.7/site-packages/airflow/example_dags/example_trigger_target_dag.py took 0.205 seconds
[2023-02-21T12:15:33.895+0000] {processor.py:153} INFO - Started process (PID=3167) to work on /home/airflow/.local/lib/python3.7/site-packages/airflow/example_dags/example_trigger_target_dag.py
[2023-02-21T12:15:33.899+0000] {processor.py:743} INFO - Processing file /home/airflow/.local/lib/python3.7/site-packages/airflow/example_dags/example_trigger_target_dag.py for tasks to queue
[2023-02-21T12:15:33.902+0000] {logging_mixin.py:137} INFO - [2023-02-21T12:15:33.902+0000] {dagbag.py:538} INFO - Filling up the DagBag from /home/airflow/.local/lib/python3.7/site-packages/airflow/example_dags/example_trigger_target_dag.py
[2023-02-21T12:15:33.937+0000] {processor.py:753} INFO - DAG(s) dict_keys(['example_trigger_target_dag']) retrieved from /home/airflow/.local/lib/python3.7/site-packages/airflow/example_dags/example_trigger_target_dag.py
[2023-02-21T12:15:33.987+0000] {logging_mixin.py:137} INFO - [2023-02-21T12:15:33.987+0000] {dag.py:2690} INFO - Sync 1 DAGs
[2023-02-21T12:15:34.069+0000] {logging_mixin.py:137} INFO - [2023-02-21T12:15:34.068+0000] {dag.py:3441} INFO - Setting next_dagrun for example_trigger_target_dag to None, run_after=None
[2023-02-21T12:15:34.150+0000] {processor.py:175} INFO - Processing /home/airflow/.local/lib/python3.7/site-packages/airflow/example_dags/example_trigger_target_dag.py took 0.267 seconds
[2023-02-21T12:16:04.583+0000] {processor.py:153} INFO - Started process (PID=3226) to work on /home/airflow/.local/lib/python3.7/site-packages/airflow/example_dags/example_trigger_target_dag.py
[2023-02-21T12:16:04.585+0000] {processor.py:743} INFO - Processing file /home/airflow/.local/lib/python3.7/site-packages/airflow/example_dags/example_trigger_target_dag.py for tasks to queue
[2023-02-21T12:16:04.590+0000] {logging_mixin.py:137} INFO - [2023-02-21T12:16:04.590+0000] {dagbag.py:538} INFO - Filling up the DagBag from /home/airflow/.local/lib/python3.7/site-packages/airflow/example_dags/example_trigger_target_dag.py
[2023-02-21T12:16:04.685+0000] {processor.py:753} INFO - DAG(s) dict_keys(['example_trigger_target_dag']) retrieved from /home/airflow/.local/lib/python3.7/site-packages/airflow/example_dags/example_trigger_target_dag.py
[2023-02-21T12:16:04.778+0000] {logging_mixin.py:137} INFO - [2023-02-21T12:16:04.777+0000] {dag.py:2690} INFO - Sync 1 DAGs
[2023-02-21T12:16:04.848+0000] {logging_mixin.py:137} INFO - [2023-02-21T12:16:04.847+0000] {dag.py:3441} INFO - Setting next_dagrun for example_trigger_target_dag to None, run_after=None
[2023-02-21T12:16:04.927+0000] {processor.py:175} INFO - Processing /home/airflow/.local/lib/python3.7/site-packages/airflow/example_dags/example_trigger_target_dag.py took 0.349 seconds
[2023-02-21T12:16:35.801+0000] {processor.py:153} INFO - Started process (PID=3286) to work on /home/airflow/.local/lib/python3.7/site-packages/airflow/example_dags/example_trigger_target_dag.py
[2023-02-21T12:16:35.809+0000] {processor.py:743} INFO - Processing file /home/airflow/.local/lib/python3.7/site-packages/airflow/example_dags/example_trigger_target_dag.py for tasks to queue
[2023-02-21T12:16:35.823+0000] {logging_mixin.py:137} INFO - [2023-02-21T12:16:35.822+0000] {dagbag.py:538} INFO - Filling up the DagBag from /home/airflow/.local/lib/python3.7/site-packages/airflow/example_dags/example_trigger_target_dag.py
[2023-02-21T12:16:35.885+0000] {processor.py:753} INFO - DAG(s) dict_keys(['example_trigger_target_dag']) retrieved from /home/airflow/.local/lib/python3.7/site-packages/airflow/example_dags/example_trigger_target_dag.py
[2023-02-21T12:16:35.947+0000] {logging_mixin.py:137} INFO - [2023-02-21T12:16:35.946+0000] {dag.py:2690} INFO - Sync 1 DAGs
[2023-02-21T12:16:36.006+0000] {logging_mixin.py:137} INFO - [2023-02-21T12:16:36.005+0000] {dag.py:3441} INFO - Setting next_dagrun for example_trigger_target_dag to None, run_after=None
[2023-02-21T12:16:36.045+0000] {processor.py:175} INFO - Processing /home/airflow/.local/lib/python3.7/site-packages/airflow/example_dags/example_trigger_target_dag.py took 0.254 seconds
[2023-02-21T12:17:06.636+0000] {processor.py:153} INFO - Started process (PID=3345) to work on /home/airflow/.local/lib/python3.7/site-packages/airflow/example_dags/example_trigger_target_dag.py
[2023-02-21T12:17:06.640+0000] {processor.py:743} INFO - Processing file /home/airflow/.local/lib/python3.7/site-packages/airflow/example_dags/example_trigger_target_dag.py for tasks to queue
[2023-02-21T12:17:06.664+0000] {logging_mixin.py:137} INFO - [2023-02-21T12:17:06.653+0000] {dagbag.py:538} INFO - Filling up the DagBag from /home/airflow/.local/lib/python3.7/site-packages/airflow/example_dags/example_trigger_target_dag.py
[2023-02-21T12:17:06.823+0000] {processor.py:753} INFO - DAG(s) dict_keys(['example_trigger_target_dag']) retrieved from /home/airflow/.local/lib/python3.7/site-packages/airflow/example_dags/example_trigger_target_dag.py
[2023-02-21T12:17:06.972+0000] {logging_mixin.py:137} INFO - [2023-02-21T12:17:06.972+0000] {dag.py:2690} INFO - Sync 1 DAGs
[2023-02-21T12:17:07.038+0000] {logging_mixin.py:137} INFO - [2023-02-21T12:17:07.038+0000] {dag.py:3441} INFO - Setting next_dagrun for example_trigger_target_dag to None, run_after=None
[2023-02-21T12:17:07.152+0000] {processor.py:175} INFO - Processing /home/airflow/.local/lib/python3.7/site-packages/airflow/example_dags/example_trigger_target_dag.py took 0.548 seconds
[2023-02-21T12:17:37.779+0000] {processor.py:153} INFO - Started process (PID=3404) to work on /home/airflow/.local/lib/python3.7/site-packages/airflow/example_dags/example_trigger_target_dag.py
[2023-02-21T12:17:37.781+0000] {processor.py:743} INFO - Processing file /home/airflow/.local/lib/python3.7/site-packages/airflow/example_dags/example_trigger_target_dag.py for tasks to queue
[2023-02-21T12:17:37.782+0000] {logging_mixin.py:137} INFO - [2023-02-21T12:17:37.782+0000] {dagbag.py:538} INFO - Filling up the DagBag from /home/airflow/.local/lib/python3.7/site-packages/airflow/example_dags/example_trigger_target_dag.py
[2023-02-21T12:17:37.882+0000] {processor.py:753} INFO - DAG(s) dict_keys(['example_trigger_target_dag']) retrieved from /home/airflow/.local/lib/python3.7/site-packages/airflow/example_dags/example_trigger_target_dag.py
[2023-02-21T12:17:38.091+0000] {logging_mixin.py:137} INFO - [2023-02-21T12:17:38.091+0000] {dag.py:2690} INFO - Sync 1 DAGs
[2023-02-21T12:17:38.226+0000] {logging_mixin.py:137} INFO - [2023-02-21T12:17:38.225+0000] {dag.py:3441} INFO - Setting next_dagrun for example_trigger_target_dag to None, run_after=None
[2023-02-21T12:17:38.317+0000] {processor.py:175} INFO - Processing /home/airflow/.local/lib/python3.7/site-packages/airflow/example_dags/example_trigger_target_dag.py took 0.577 seconds
[2023-02-21T12:18:08.417+0000] {processor.py:153} INFO - Started process (PID=3462) to work on /home/airflow/.local/lib/python3.7/site-packages/airflow/example_dags/example_trigger_target_dag.py
[2023-02-21T12:18:08.421+0000] {processor.py:743} INFO - Processing file /home/airflow/.local/lib/python3.7/site-packages/airflow/example_dags/example_trigger_target_dag.py for tasks to queue
[2023-02-21T12:18:08.424+0000] {logging_mixin.py:137} INFO - [2023-02-21T12:18:08.424+0000] {dagbag.py:538} INFO - Filling up the DagBag from /home/airflow/.local/lib/python3.7/site-packages/airflow/example_dags/example_trigger_target_dag.py
[2023-02-21T12:18:08.475+0000] {processor.py:753} INFO - DAG(s) dict_keys(['example_trigger_target_dag']) retrieved from /home/airflow/.local/lib/python3.7/site-packages/airflow/example_dags/example_trigger_target_dag.py
[2023-02-21T12:18:08.562+0000] {logging_mixin.py:137} INFO - [2023-02-21T12:18:08.561+0000] {dag.py:2690} INFO - Sync 1 DAGs
[2023-02-21T12:18:08.634+0000] {logging_mixin.py:137} INFO - [2023-02-21T12:18:08.634+0000] {dag.py:3441} INFO - Setting next_dagrun for example_trigger_target_dag to None, run_after=None
[2023-02-21T12:18:08.682+0000] {processor.py:175} INFO - Processing /home/airflow/.local/lib/python3.7/site-packages/airflow/example_dags/example_trigger_target_dag.py took 0.273 seconds
[2023-02-21T12:18:39.402+0000] {processor.py:153} INFO - Started process (PID=3520) to work on /home/airflow/.local/lib/python3.7/site-packages/airflow/example_dags/example_trigger_target_dag.py
[2023-02-21T12:18:39.411+0000] {processor.py:743} INFO - Processing file /home/airflow/.local/lib/python3.7/site-packages/airflow/example_dags/example_trigger_target_dag.py for tasks to queue
[2023-02-21T12:18:39.424+0000] {logging_mixin.py:137} INFO - [2023-02-21T12:18:39.423+0000] {dagbag.py:538} INFO - Filling up the DagBag from /home/airflow/.local/lib/python3.7/site-packages/airflow/example_dags/example_trigger_target_dag.py
[2023-02-21T12:18:39.554+0000] {processor.py:753} INFO - DAG(s) dict_keys(['example_trigger_target_dag']) retrieved from /home/airflow/.local/lib/python3.7/site-packages/airflow/example_dags/example_trigger_target_dag.py
[2023-02-21T12:18:39.826+0000] {logging_mixin.py:137} INFO - [2023-02-21T12:18:39.825+0000] {dag.py:2690} INFO - Sync 1 DAGs
[2023-02-21T12:18:40.024+0000] {logging_mixin.py:137} INFO - [2023-02-21T12:18:40.024+0000] {dag.py:3441} INFO - Setting next_dagrun for example_trigger_target_dag to None, run_after=None
[2023-02-21T12:18:40.146+0000] {processor.py:175} INFO - Processing /home/airflow/.local/lib/python3.7/site-packages/airflow/example_dags/example_trigger_target_dag.py took 0.761 seconds
[2023-02-21T12:19:10.454+0000] {processor.py:153} INFO - Started process (PID=3577) to work on /home/airflow/.local/lib/python3.7/site-packages/airflow/example_dags/example_trigger_target_dag.py
[2023-02-21T12:19:10.521+0000] {processor.py:743} INFO - Processing file /home/airflow/.local/lib/python3.7/site-packages/airflow/example_dags/example_trigger_target_dag.py for tasks to queue
[2023-02-21T12:19:10.525+0000] {logging_mixin.py:137} INFO - [2023-02-21T12:19:10.524+0000] {dagbag.py:538} INFO - Filling up the DagBag from /home/airflow/.local/lib/python3.7/site-packages/airflow/example_dags/example_trigger_target_dag.py
[2023-02-21T12:19:10.778+0000] {processor.py:753} INFO - DAG(s) dict_keys(['example_trigger_target_dag']) retrieved from /home/airflow/.local/lib/python3.7/site-packages/airflow/example_dags/example_trigger_target_dag.py
[2023-02-21T12:19:10.918+0000] {logging_mixin.py:137} INFO - [2023-02-21T12:19:10.915+0000] {dag.py:2690} INFO - Sync 1 DAGs
[2023-02-21T12:19:11.120+0000] {logging_mixin.py:137} INFO - [2023-02-21T12:19:11.119+0000] {dag.py:3441} INFO - Setting next_dagrun for example_trigger_target_dag to None, run_after=None
[2023-02-21T12:19:11.376+0000] {processor.py:175} INFO - Processing /home/airflow/.local/lib/python3.7/site-packages/airflow/example_dags/example_trigger_target_dag.py took 1.063 seconds
[2023-02-21T12:19:41.870+0000] {processor.py:153} INFO - Started process (PID=3633) to work on /home/airflow/.local/lib/python3.7/site-packages/airflow/example_dags/example_trigger_target_dag.py
[2023-02-21T12:19:41.876+0000] {processor.py:743} INFO - Processing file /home/airflow/.local/lib/python3.7/site-packages/airflow/example_dags/example_trigger_target_dag.py for tasks to queue
[2023-02-21T12:19:41.880+0000] {logging_mixin.py:137} INFO - [2023-02-21T12:19:41.879+0000] {dagbag.py:538} INFO - Filling up the DagBag from /home/airflow/.local/lib/python3.7/site-packages/airflow/example_dags/example_trigger_target_dag.py
[2023-02-21T12:19:42.037+0000] {processor.py:753} INFO - DAG(s) dict_keys(['example_trigger_target_dag']) retrieved from /home/airflow/.local/lib/python3.7/site-packages/airflow/example_dags/example_trigger_target_dag.py
[2023-02-21T12:19:42.214+0000] {logging_mixin.py:137} INFO - [2023-02-21T12:19:42.192+0000] {dag.py:2690} INFO - Sync 1 DAGs
[2023-02-21T12:19:42.372+0000] {logging_mixin.py:137} INFO - [2023-02-21T12:19:42.372+0000] {dag.py:3441} INFO - Setting next_dagrun for example_trigger_target_dag to None, run_after=None
[2023-02-21T12:19:42.447+0000] {processor.py:175} INFO - Processing /home/airflow/.local/lib/python3.7/site-packages/airflow/example_dags/example_trigger_target_dag.py took 0.607 seconds
[2023-02-21T12:20:12.879+0000] {processor.py:153} INFO - Started process (PID=3685) to work on /home/airflow/.local/lib/python3.7/site-packages/airflow/example_dags/example_trigger_target_dag.py
[2023-02-21T12:20:12.881+0000] {processor.py:743} INFO - Processing file /home/airflow/.local/lib/python3.7/site-packages/airflow/example_dags/example_trigger_target_dag.py for tasks to queue
[2023-02-21T12:20:12.884+0000] {logging_mixin.py:137} INFO - [2023-02-21T12:20:12.884+0000] {dagbag.py:538} INFO - Filling up the DagBag from /home/airflow/.local/lib/python3.7/site-packages/airflow/example_dags/example_trigger_target_dag.py
[2023-02-21T12:20:12.935+0000] {processor.py:753} INFO - DAG(s) dict_keys(['example_trigger_target_dag']) retrieved from /home/airflow/.local/lib/python3.7/site-packages/airflow/example_dags/example_trigger_target_dag.py
[2023-02-21T12:20:13.008+0000] {logging_mixin.py:137} INFO - [2023-02-21T12:20:13.008+0000] {dag.py:2690} INFO - Sync 1 DAGs
[2023-02-21T12:20:13.070+0000] {logging_mixin.py:137} INFO - [2023-02-21T12:20:13.070+0000] {dag.py:3441} INFO - Setting next_dagrun for example_trigger_target_dag to None, run_after=None
[2023-02-21T12:20:13.124+0000] {processor.py:175} INFO - Processing /home/airflow/.local/lib/python3.7/site-packages/airflow/example_dags/example_trigger_target_dag.py took 0.252 seconds
[2023-02-21T12:20:43.277+0000] {processor.py:153} INFO - Started process (PID=3754) to work on /home/airflow/.local/lib/python3.7/site-packages/airflow/example_dags/example_trigger_target_dag.py
[2023-02-21T12:20:43.281+0000] {processor.py:743} INFO - Processing file /home/airflow/.local/lib/python3.7/site-packages/airflow/example_dags/example_trigger_target_dag.py for tasks to queue
[2023-02-21T12:20:43.285+0000] {logging_mixin.py:137} INFO - [2023-02-21T12:20:43.284+0000] {dagbag.py:538} INFO - Filling up the DagBag from /home/airflow/.local/lib/python3.7/site-packages/airflow/example_dags/example_trigger_target_dag.py
[2023-02-21T12:20:43.330+0000] {processor.py:753} INFO - DAG(s) dict_keys(['example_trigger_target_dag']) retrieved from /home/airflow/.local/lib/python3.7/site-packages/airflow/example_dags/example_trigger_target_dag.py
[2023-02-21T12:20:43.376+0000] {logging_mixin.py:137} INFO - [2023-02-21T12:20:43.375+0000] {dag.py:2690} INFO - Sync 1 DAGs
[2023-02-21T12:20:43.416+0000] {logging_mixin.py:137} INFO - [2023-02-21T12:20:43.415+0000] {dag.py:3441} INFO - Setting next_dagrun for example_trigger_target_dag to None, run_after=None
[2023-02-21T12:20:43.447+0000] {processor.py:175} INFO - Processing /home/airflow/.local/lib/python3.7/site-packages/airflow/example_dags/example_trigger_target_dag.py took 0.178 seconds
[2023-02-21T12:21:13.774+0000] {processor.py:153} INFO - Started process (PID=3813) to work on /home/airflow/.local/lib/python3.7/site-packages/airflow/example_dags/example_trigger_target_dag.py
[2023-02-21T12:21:13.781+0000] {processor.py:743} INFO - Processing file /home/airflow/.local/lib/python3.7/site-packages/airflow/example_dags/example_trigger_target_dag.py for tasks to queue
[2023-02-21T12:21:13.803+0000] {logging_mixin.py:137} INFO - [2023-02-21T12:21:13.800+0000] {dagbag.py:538} INFO - Filling up the DagBag from /home/airflow/.local/lib/python3.7/site-packages/airflow/example_dags/example_trigger_target_dag.py
[2023-02-21T12:21:13.939+0000] {processor.py:753} INFO - DAG(s) dict_keys(['example_trigger_target_dag']) retrieved from /home/airflow/.local/lib/python3.7/site-packages/airflow/example_dags/example_trigger_target_dag.py
[2023-02-21T12:21:14.042+0000] {logging_mixin.py:137} INFO - [2023-02-21T12:21:14.042+0000] {dag.py:2690} INFO - Sync 1 DAGs
[2023-02-21T12:21:14.110+0000] {logging_mixin.py:137} INFO - [2023-02-21T12:21:14.110+0000] {dag.py:3441} INFO - Setting next_dagrun for example_trigger_target_dag to None, run_after=None
[2023-02-21T12:21:14.191+0000] {processor.py:175} INFO - Processing /home/airflow/.local/lib/python3.7/site-packages/airflow/example_dags/example_trigger_target_dag.py took 0.422 seconds
[2023-02-21T12:21:44.483+0000] {processor.py:153} INFO - Started process (PID=3872) to work on /home/airflow/.local/lib/python3.7/site-packages/airflow/example_dags/example_trigger_target_dag.py
[2023-02-21T12:21:44.486+0000] {processor.py:743} INFO - Processing file /home/airflow/.local/lib/python3.7/site-packages/airflow/example_dags/example_trigger_target_dag.py for tasks to queue
[2023-02-21T12:21:44.489+0000] {logging_mixin.py:137} INFO - [2023-02-21T12:21:44.488+0000] {dagbag.py:538} INFO - Filling up the DagBag from /home/airflow/.local/lib/python3.7/site-packages/airflow/example_dags/example_trigger_target_dag.py
[2023-02-21T12:21:44.527+0000] {processor.py:753} INFO - DAG(s) dict_keys(['example_trigger_target_dag']) retrieved from /home/airflow/.local/lib/python3.7/site-packages/airflow/example_dags/example_trigger_target_dag.py
[2023-02-21T12:21:44.565+0000] {logging_mixin.py:137} INFO - [2023-02-21T12:21:44.565+0000] {dag.py:2690} INFO - Sync 1 DAGs
[2023-02-21T12:21:44.598+0000] {logging_mixin.py:137} INFO - [2023-02-21T12:21:44.598+0000] {dag.py:3441} INFO - Setting next_dagrun for example_trigger_target_dag to None, run_after=None
[2023-02-21T12:21:44.647+0000] {processor.py:175} INFO - Processing /home/airflow/.local/lib/python3.7/site-packages/airflow/example_dags/example_trigger_target_dag.py took 0.168 seconds
[2023-02-21T12:22:15.373+0000] {processor.py:153} INFO - Started process (PID=3931) to work on /home/airflow/.local/lib/python3.7/site-packages/airflow/example_dags/example_trigger_target_dag.py
[2023-02-21T12:22:15.375+0000] {processor.py:743} INFO - Processing file /home/airflow/.local/lib/python3.7/site-packages/airflow/example_dags/example_trigger_target_dag.py for tasks to queue
[2023-02-21T12:22:15.378+0000] {logging_mixin.py:137} INFO - [2023-02-21T12:22:15.377+0000] {dagbag.py:538} INFO - Filling up the DagBag from /home/airflow/.local/lib/python3.7/site-packages/airflow/example_dags/example_trigger_target_dag.py
[2023-02-21T12:22:15.423+0000] {processor.py:753} INFO - DAG(s) dict_keys(['example_trigger_target_dag']) retrieved from /home/airflow/.local/lib/python3.7/site-packages/airflow/example_dags/example_trigger_target_dag.py
[2023-02-21T12:22:15.503+0000] {logging_mixin.py:137} INFO - [2023-02-21T12:22:15.503+0000] {dag.py:2690} INFO - Sync 1 DAGs
[2023-02-21T12:22:15.578+0000] {logging_mixin.py:137} INFO - [2023-02-21T12:22:15.578+0000] {dag.py:3441} INFO - Setting next_dagrun for example_trigger_target_dag to None, run_after=None
[2023-02-21T12:22:15.621+0000] {processor.py:175} INFO - Processing /home/airflow/.local/lib/python3.7/site-packages/airflow/example_dags/example_trigger_target_dag.py took 0.256 seconds
[2023-02-21T12:22:45.864+0000] {processor.py:153} INFO - Started process (PID=3990) to work on /home/airflow/.local/lib/python3.7/site-packages/airflow/example_dags/example_trigger_target_dag.py
[2023-02-21T12:22:45.874+0000] {processor.py:743} INFO - Processing file /home/airflow/.local/lib/python3.7/site-packages/airflow/example_dags/example_trigger_target_dag.py for tasks to queue
[2023-02-21T12:22:45.889+0000] {logging_mixin.py:137} INFO - [2023-02-21T12:22:45.888+0000] {dagbag.py:538} INFO - Filling up the DagBag from /home/airflow/.local/lib/python3.7/site-packages/airflow/example_dags/example_trigger_target_dag.py
[2023-02-21T12:22:46.002+0000] {processor.py:753} INFO - DAG(s) dict_keys(['example_trigger_target_dag']) retrieved from /home/airflow/.local/lib/python3.7/site-packages/airflow/example_dags/example_trigger_target_dag.py
[2023-02-21T12:22:46.150+0000] {logging_mixin.py:137} INFO - [2023-02-21T12:22:46.146+0000] {dag.py:2690} INFO - Sync 1 DAGs
[2023-02-21T12:22:46.260+0000] {logging_mixin.py:137} INFO - [2023-02-21T12:22:46.260+0000] {dag.py:3441} INFO - Setting next_dagrun for example_trigger_target_dag to None, run_after=None
[2023-02-21T12:22:46.318+0000] {processor.py:175} INFO - Processing /home/airflow/.local/lib/python3.7/site-packages/airflow/example_dags/example_trigger_target_dag.py took 0.459 seconds
[2023-02-21T12:23:17.236+0000] {processor.py:153} INFO - Started process (PID=4060) to work on /home/airflow/.local/lib/python3.7/site-packages/airflow/example_dags/example_trigger_target_dag.py
[2023-02-21T12:23:17.247+0000] {processor.py:743} INFO - Processing file /home/airflow/.local/lib/python3.7/site-packages/airflow/example_dags/example_trigger_target_dag.py for tasks to queue
[2023-02-21T12:23:17.251+0000] {logging_mixin.py:137} INFO - [2023-02-21T12:23:17.251+0000] {dagbag.py:538} INFO - Filling up the DagBag from /home/airflow/.local/lib/python3.7/site-packages/airflow/example_dags/example_trigger_target_dag.py
[2023-02-21T12:23:17.303+0000] {processor.py:753} INFO - DAG(s) dict_keys(['example_trigger_target_dag']) retrieved from /home/airflow/.local/lib/python3.7/site-packages/airflow/example_dags/example_trigger_target_dag.py
[2023-02-21T12:23:17.357+0000] {logging_mixin.py:137} INFO - [2023-02-21T12:23:17.356+0000] {dag.py:2690} INFO - Sync 1 DAGs
[2023-02-21T12:23:17.419+0000] {logging_mixin.py:137} INFO - [2023-02-21T12:23:17.418+0000] {dag.py:3441} INFO - Setting next_dagrun for example_trigger_target_dag to None, run_after=None
[2023-02-21T12:23:17.458+0000] {processor.py:175} INFO - Processing /home/airflow/.local/lib/python3.7/site-packages/airflow/example_dags/example_trigger_target_dag.py took 0.232 seconds
[2023-02-21T12:23:48.231+0000] {processor.py:153} INFO - Started process (PID=4118) to work on /home/airflow/.local/lib/python3.7/site-packages/airflow/example_dags/example_trigger_target_dag.py
[2023-02-21T12:23:48.275+0000] {processor.py:743} INFO - Processing file /home/airflow/.local/lib/python3.7/site-packages/airflow/example_dags/example_trigger_target_dag.py for tasks to queue
[2023-02-21T12:23:48.299+0000] {logging_mixin.py:137} INFO - [2023-02-21T12:23:48.299+0000] {dagbag.py:538} INFO - Filling up the DagBag from /home/airflow/.local/lib/python3.7/site-packages/airflow/example_dags/example_trigger_target_dag.py
[2023-02-21T12:23:48.353+0000] {processor.py:753} INFO - DAG(s) dict_keys(['example_trigger_target_dag']) retrieved from /home/airflow/.local/lib/python3.7/site-packages/airflow/example_dags/example_trigger_target_dag.py
[2023-02-21T12:23:48.445+0000] {logging_mixin.py:137} INFO - [2023-02-21T12:23:48.445+0000] {dag.py:2690} INFO - Sync 1 DAGs
[2023-02-21T12:23:48.586+0000] {logging_mixin.py:137} INFO - [2023-02-21T12:23:48.586+0000] {dag.py:3441} INFO - Setting next_dagrun for example_trigger_target_dag to None, run_after=None
[2023-02-21T12:23:48.660+0000] {processor.py:175} INFO - Processing /home/airflow/.local/lib/python3.7/site-packages/airflow/example_dags/example_trigger_target_dag.py took 0.436 seconds
[2023-02-21T12:24:19.021+0000] {processor.py:153} INFO - Started process (PID=4176) to work on /home/airflow/.local/lib/python3.7/site-packages/airflow/example_dags/example_trigger_target_dag.py
[2023-02-21T12:24:19.032+0000] {processor.py:743} INFO - Processing file /home/airflow/.local/lib/python3.7/site-packages/airflow/example_dags/example_trigger_target_dag.py for tasks to queue
[2023-02-21T12:24:19.055+0000] {logging_mixin.py:137} INFO - [2023-02-21T12:24:19.053+0000] {dagbag.py:538} INFO - Filling up the DagBag from /home/airflow/.local/lib/python3.7/site-packages/airflow/example_dags/example_trigger_target_dag.py
[2023-02-21T12:24:19.286+0000] {processor.py:753} INFO - DAG(s) dict_keys(['example_trigger_target_dag']) retrieved from /home/airflow/.local/lib/python3.7/site-packages/airflow/example_dags/example_trigger_target_dag.py
