[2023-02-21T11:46:49.167+0000] {processor.py:153} INFO - Started process (PID=124) to work on /home/airflow/.local/lib/python3.7/site-packages/airflow/example_dags/example_dynamic_task_mapping.py
[2023-02-21T11:46:49.192+0000] {processor.py:743} INFO - Processing file /home/airflow/.local/lib/python3.7/site-packages/airflow/example_dags/example_dynamic_task_mapping.py for tasks to queue
[2023-02-21T11:46:49.273+0000] {logging_mixin.py:137} INFO - [2023-02-21T11:46:49.273+0000] {dagbag.py:538} INFO - Filling up the DagBag from /home/airflow/.local/lib/python3.7/site-packages/airflow/example_dags/example_dynamic_task_mapping.py
[2023-02-21T11:46:50.215+0000] {processor.py:753} INFO - DAG(s) dict_keys(['example_dynamic_task_mapping']) retrieved from /home/airflow/.local/lib/python3.7/site-packages/airflow/example_dags/example_dynamic_task_mapping.py
[2023-02-21T11:46:50.488+0000] {logging_mixin.py:137} INFO - [2023-02-21T11:46:50.488+0000] {dag.py:2690} INFO - Sync 1 DAGs
[2023-02-21T11:46:51.472+0000] {logging_mixin.py:137} INFO - [2023-02-21T11:46:51.470+0000] {dag.py:3441} INFO - Setting next_dagrun for example_dynamic_task_mapping to 2022-03-04T00:00:00+00:00, run_after=2022-03-05T00:00:00+00:00
[2023-02-21T11:46:52.157+0000] {processor.py:175} INFO - Processing /home/airflow/.local/lib/python3.7/site-packages/airflow/example_dags/example_dynamic_task_mapping.py took 3.118 seconds
[2023-02-21T11:47:33.879+0000] {processor.py:153} INFO - Started process (PID=182) to work on /home/airflow/.local/lib/python3.7/site-packages/airflow/example_dags/example_dynamic_task_mapping.py
[2023-02-21T11:47:33.891+0000] {processor.py:743} INFO - Processing file /home/airflow/.local/lib/python3.7/site-packages/airflow/example_dags/example_dynamic_task_mapping.py for tasks to queue
[2023-02-21T11:47:33.918+0000] {logging_mixin.py:137} INFO - [2023-02-21T11:47:33.918+0000] {dagbag.py:538} INFO - Filling up the DagBag from /home/airflow/.local/lib/python3.7/site-packages/airflow/example_dags/example_dynamic_task_mapping.py
[2023-02-21T11:47:34.684+0000] {processor.py:753} INFO - DAG(s) dict_keys(['example_dynamic_task_mapping']) retrieved from /home/airflow/.local/lib/python3.7/site-packages/airflow/example_dags/example_dynamic_task_mapping.py
[2023-02-21T11:47:35.483+0000] {logging_mixin.py:137} INFO - [2023-02-21T11:47:35.480+0000] {dag.py:2690} INFO - Sync 1 DAGs
[2023-02-21T11:47:36.739+0000] {logging_mixin.py:137} INFO - [2023-02-21T11:47:36.738+0000] {dag.py:3441} INFO - Setting next_dagrun for example_dynamic_task_mapping to 2022-03-04T00:00:00+00:00, run_after=2022-03-05T00:00:00+00:00
[2023-02-21T11:47:37.582+0000] {processor.py:175} INFO - Processing /home/airflow/.local/lib/python3.7/site-packages/airflow/example_dags/example_dynamic_task_mapping.py took 3.815 seconds
[2023-02-21T11:48:11.759+0000] {processor.py:153} INFO - Started process (PID=239) to work on /home/airflow/.local/lib/python3.7/site-packages/airflow/example_dags/example_dynamic_task_mapping.py
[2023-02-21T11:48:11.835+0000] {processor.py:743} INFO - Processing file /home/airflow/.local/lib/python3.7/site-packages/airflow/example_dags/example_dynamic_task_mapping.py for tasks to queue
[2023-02-21T11:48:11.936+0000] {logging_mixin.py:137} INFO - [2023-02-21T11:48:11.931+0000] {dagbag.py:538} INFO - Filling up the DagBag from /home/airflow/.local/lib/python3.7/site-packages/airflow/example_dags/example_dynamic_task_mapping.py
[2023-02-21T11:48:12.604+0000] {processor.py:753} INFO - DAG(s) dict_keys(['example_dynamic_task_mapping']) retrieved from /home/airflow/.local/lib/python3.7/site-packages/airflow/example_dags/example_dynamic_task_mapping.py
[2023-02-21T11:48:12.857+0000] {logging_mixin.py:137} INFO - [2023-02-21T11:48:12.857+0000] {dag.py:2690} INFO - Sync 1 DAGs
[2023-02-21T11:48:13.335+0000] {logging_mixin.py:137} INFO - [2023-02-21T11:48:13.331+0000] {dag.py:3441} INFO - Setting next_dagrun for example_dynamic_task_mapping to 2022-03-04T00:00:00+00:00, run_after=2022-03-05T00:00:00+00:00
[2023-02-21T11:48:13.931+0000] {processor.py:175} INFO - Processing /home/airflow/.local/lib/python3.7/site-packages/airflow/example_dags/example_dynamic_task_mapping.py took 2.302 seconds
[2023-02-21T11:48:54.057+0000] {processor.py:153} INFO - Started process (PID=292) to work on /home/airflow/.local/lib/python3.7/site-packages/airflow/example_dags/example_dynamic_task_mapping.py
[2023-02-21T11:48:54.119+0000] {processor.py:743} INFO - Processing file /home/airflow/.local/lib/python3.7/site-packages/airflow/example_dags/example_dynamic_task_mapping.py for tasks to queue
[2023-02-21T11:48:54.142+0000] {logging_mixin.py:137} INFO - [2023-02-21T11:48:54.135+0000] {dagbag.py:538} INFO - Filling up the DagBag from /home/airflow/.local/lib/python3.7/site-packages/airflow/example_dags/example_dynamic_task_mapping.py
[2023-02-21T11:48:54.672+0000] {processor.py:753} INFO - DAG(s) dict_keys(['example_dynamic_task_mapping']) retrieved from /home/airflow/.local/lib/python3.7/site-packages/airflow/example_dags/example_dynamic_task_mapping.py
[2023-02-21T11:48:55.542+0000] {logging_mixin.py:137} INFO - [2023-02-21T11:48:55.542+0000] {dag.py:2690} INFO - Sync 1 DAGs
[2023-02-21T11:48:56.028+0000] {logging_mixin.py:137} INFO - [2023-02-21T11:48:56.028+0000] {dag.py:3441} INFO - Setting next_dagrun for example_dynamic_task_mapping to 2022-03-04T00:00:00+00:00, run_after=2022-03-05T00:00:00+00:00
[2023-02-21T11:48:56.397+0000] {processor.py:175} INFO - Processing /home/airflow/.local/lib/python3.7/site-packages/airflow/example_dags/example_dynamic_task_mapping.py took 2.352 seconds
[2023-02-21T11:49:50.743+0000] {processor.py:153} INFO - Started process (PID=356) to work on /home/airflow/.local/lib/python3.7/site-packages/airflow/example_dags/example_dynamic_task_mapping.py
[2023-02-21T11:49:50.776+0000] {processor.py:743} INFO - Processing file /home/airflow/.local/lib/python3.7/site-packages/airflow/example_dags/example_dynamic_task_mapping.py for tasks to queue
[2023-02-21T11:49:50.803+0000] {logging_mixin.py:137} INFO - [2023-02-21T11:49:50.802+0000] {dagbag.py:538} INFO - Filling up the DagBag from /home/airflow/.local/lib/python3.7/site-packages/airflow/example_dags/example_dynamic_task_mapping.py
[2023-02-21T11:49:51.529+0000] {processor.py:753} INFO - DAG(s) dict_keys(['example_dynamic_task_mapping']) retrieved from /home/airflow/.local/lib/python3.7/site-packages/airflow/example_dags/example_dynamic_task_mapping.py
[2023-02-21T11:49:51.773+0000] {logging_mixin.py:137} INFO - [2023-02-21T11:49:51.773+0000] {dag.py:2690} INFO - Sync 1 DAGs
[2023-02-21T11:49:52.493+0000] {logging_mixin.py:137} INFO - [2023-02-21T11:49:52.493+0000] {dag.py:3441} INFO - Setting next_dagrun for example_dynamic_task_mapping to 2022-03-04T00:00:00+00:00, run_after=2022-03-05T00:00:00+00:00
[2023-02-21T11:49:53.183+0000] {processor.py:175} INFO - Processing /home/airflow/.local/lib/python3.7/site-packages/airflow/example_dags/example_dynamic_task_mapping.py took 2.511 seconds
[2023-02-21T11:50:30.851+0000] {processor.py:153} INFO - Started process (PID=403) to work on /home/airflow/.local/lib/python3.7/site-packages/airflow/example_dags/example_dynamic_task_mapping.py
[2023-02-21T11:50:30.865+0000] {processor.py:743} INFO - Processing file /home/airflow/.local/lib/python3.7/site-packages/airflow/example_dags/example_dynamic_task_mapping.py for tasks to queue
[2023-02-21T11:50:30.878+0000] {logging_mixin.py:137} INFO - [2023-02-21T11:50:30.878+0000] {dagbag.py:538} INFO - Filling up the DagBag from /home/airflow/.local/lib/python3.7/site-packages/airflow/example_dags/example_dynamic_task_mapping.py
[2023-02-21T11:50:31.425+0000] {processor.py:753} INFO - DAG(s) dict_keys(['example_dynamic_task_mapping']) retrieved from /home/airflow/.local/lib/python3.7/site-packages/airflow/example_dags/example_dynamic_task_mapping.py
[2023-02-21T11:50:31.811+0000] {logging_mixin.py:137} INFO - [2023-02-21T11:50:31.809+0000] {dag.py:2690} INFO - Sync 1 DAGs
[2023-02-21T11:50:33.687+0000] {logging_mixin.py:137} INFO - [2023-02-21T11:50:33.679+0000] {dag.py:3441} INFO - Setting next_dagrun for example_dynamic_task_mapping to 2022-03-04T00:00:00+00:00, run_after=2022-03-05T00:00:00+00:00
[2023-02-21T11:50:34.041+0000] {processor.py:175} INFO - Processing /home/airflow/.local/lib/python3.7/site-packages/airflow/example_dags/example_dynamic_task_mapping.py took 2.942 seconds
[2023-02-21T11:51:12.409+0000] {processor.py:153} INFO - Started process (PID=463) to work on /home/airflow/.local/lib/python3.7/site-packages/airflow/example_dags/example_dynamic_task_mapping.py
[2023-02-21T11:51:12.415+0000] {processor.py:743} INFO - Processing file /home/airflow/.local/lib/python3.7/site-packages/airflow/example_dags/example_dynamic_task_mapping.py for tasks to queue
[2023-02-21T11:51:12.423+0000] {logging_mixin.py:137} INFO - [2023-02-21T11:51:12.421+0000] {dagbag.py:538} INFO - Filling up the DagBag from /home/airflow/.local/lib/python3.7/site-packages/airflow/example_dags/example_dynamic_task_mapping.py
[2023-02-21T11:51:12.618+0000] {processor.py:753} INFO - DAG(s) dict_keys(['example_dynamic_task_mapping']) retrieved from /home/airflow/.local/lib/python3.7/site-packages/airflow/example_dags/example_dynamic_task_mapping.py
[2023-02-21T11:51:12.783+0000] {logging_mixin.py:137} INFO - [2023-02-21T11:51:12.782+0000] {dag.py:2690} INFO - Sync 1 DAGs
[2023-02-21T11:51:12.983+0000] {logging_mixin.py:137} INFO - [2023-02-21T11:51:12.982+0000] {dag.py:3441} INFO - Setting next_dagrun for example_dynamic_task_mapping to 2022-03-04T00:00:00+00:00, run_after=2022-03-05T00:00:00+00:00
[2023-02-21T11:51:13.040+0000] {processor.py:175} INFO - Processing /home/airflow/.local/lib/python3.7/site-packages/airflow/example_dags/example_dynamic_task_mapping.py took 0.665 seconds
[2023-02-21T11:51:43.666+0000] {processor.py:153} INFO - Started process (PID=523) to work on /home/airflow/.local/lib/python3.7/site-packages/airflow/example_dags/example_dynamic_task_mapping.py
[2023-02-21T11:51:43.673+0000] {processor.py:743} INFO - Processing file /home/airflow/.local/lib/python3.7/site-packages/airflow/example_dags/example_dynamic_task_mapping.py for tasks to queue
[2023-02-21T11:51:43.676+0000] {logging_mixin.py:137} INFO - [2023-02-21T11:51:43.676+0000] {dagbag.py:538} INFO - Filling up the DagBag from /home/airflow/.local/lib/python3.7/site-packages/airflow/example_dags/example_dynamic_task_mapping.py
[2023-02-21T11:51:43.843+0000] {processor.py:753} INFO - DAG(s) dict_keys(['example_dynamic_task_mapping']) retrieved from /home/airflow/.local/lib/python3.7/site-packages/airflow/example_dags/example_dynamic_task_mapping.py
[2023-02-21T11:51:45.706+0000] {logging_mixin.py:137} INFO - [2023-02-21T11:51:45.706+0000] {dag.py:2690} INFO - Sync 1 DAGs
[2023-02-21T11:51:45.812+0000] {logging_mixin.py:137} INFO - [2023-02-21T11:51:45.812+0000] {dag.py:3441} INFO - Setting next_dagrun for example_dynamic_task_mapping to 2022-03-04T00:00:00+00:00, run_after=2022-03-05T00:00:00+00:00
[2023-02-21T11:51:46.107+0000] {processor.py:175} INFO - Processing /home/airflow/.local/lib/python3.7/site-packages/airflow/example_dags/example_dynamic_task_mapping.py took 2.453 seconds
[2023-02-21T11:52:18.645+0000] {processor.py:153} INFO - Started process (PID=573) to work on /home/airflow/.local/lib/python3.7/site-packages/airflow/example_dags/example_dynamic_task_mapping.py
[2023-02-21T11:52:18.670+0000] {processor.py:743} INFO - Processing file /home/airflow/.local/lib/python3.7/site-packages/airflow/example_dags/example_dynamic_task_mapping.py for tasks to queue
[2023-02-21T11:52:18.682+0000] {logging_mixin.py:137} INFO - [2023-02-21T11:52:18.682+0000] {dagbag.py:538} INFO - Filling up the DagBag from /home/airflow/.local/lib/python3.7/site-packages/airflow/example_dags/example_dynamic_task_mapping.py
[2023-02-21T11:52:18.976+0000] {processor.py:753} INFO - DAG(s) dict_keys(['example_dynamic_task_mapping']) retrieved from /home/airflow/.local/lib/python3.7/site-packages/airflow/example_dags/example_dynamic_task_mapping.py
[2023-02-21T11:52:19.225+0000] {logging_mixin.py:137} INFO - [2023-02-21T11:52:19.223+0000] {dag.py:2690} INFO - Sync 1 DAGs
[2023-02-21T11:52:19.468+0000] {logging_mixin.py:137} INFO - [2023-02-21T11:52:19.467+0000] {dag.py:3441} INFO - Setting next_dagrun for example_dynamic_task_mapping to 2022-03-04T00:00:00+00:00, run_after=2022-03-05T00:00:00+00:00
[2023-02-21T11:52:19.625+0000] {processor.py:175} INFO - Processing /home/airflow/.local/lib/python3.7/site-packages/airflow/example_dags/example_dynamic_task_mapping.py took 1.040 seconds
[2023-02-21T11:52:54.386+0000] {processor.py:153} INFO - Started process (PID=634) to work on /home/airflow/.local/lib/python3.7/site-packages/airflow/example_dags/example_dynamic_task_mapping.py
[2023-02-21T11:52:54.399+0000] {processor.py:743} INFO - Processing file /home/airflow/.local/lib/python3.7/site-packages/airflow/example_dags/example_dynamic_task_mapping.py for tasks to queue
[2023-02-21T11:52:54.409+0000] {logging_mixin.py:137} INFO - [2023-02-21T11:52:54.405+0000] {dagbag.py:538} INFO - Filling up the DagBag from /home/airflow/.local/lib/python3.7/site-packages/airflow/example_dags/example_dynamic_task_mapping.py
[2023-02-21T11:52:54.510+0000] {processor.py:753} INFO - DAG(s) dict_keys(['example_dynamic_task_mapping']) retrieved from /home/airflow/.local/lib/python3.7/site-packages/airflow/example_dags/example_dynamic_task_mapping.py
[2023-02-21T11:52:54.668+0000] {logging_mixin.py:137} INFO - [2023-02-21T11:52:54.667+0000] {dag.py:2690} INFO - Sync 1 DAGs
[2023-02-21T11:52:54.726+0000] {logging_mixin.py:137} INFO - [2023-02-21T11:52:54.726+0000] {dag.py:3441} INFO - Setting next_dagrun for example_dynamic_task_mapping to 2022-03-04T00:00:00+00:00, run_after=2022-03-05T00:00:00+00:00
[2023-02-21T11:52:54.819+0000] {processor.py:175} INFO - Processing /home/airflow/.local/lib/python3.7/site-packages/airflow/example_dags/example_dynamic_task_mapping.py took 0.456 seconds
[2023-02-21T11:53:26.365+0000] {processor.py:153} INFO - Started process (PID=694) to work on /home/airflow/.local/lib/python3.7/site-packages/airflow/example_dags/example_dynamic_task_mapping.py
[2023-02-21T11:53:26.378+0000] {processor.py:743} INFO - Processing file /home/airflow/.local/lib/python3.7/site-packages/airflow/example_dags/example_dynamic_task_mapping.py for tasks to queue
[2023-02-21T11:53:26.393+0000] {logging_mixin.py:137} INFO - [2023-02-21T11:53:26.393+0000] {dagbag.py:538} INFO - Filling up the DagBag from /home/airflow/.local/lib/python3.7/site-packages/airflow/example_dags/example_dynamic_task_mapping.py
[2023-02-21T11:53:26.678+0000] {processor.py:753} INFO - DAG(s) dict_keys(['example_dynamic_task_mapping']) retrieved from /home/airflow/.local/lib/python3.7/site-packages/airflow/example_dags/example_dynamic_task_mapping.py
[2023-02-21T11:53:26.909+0000] {logging_mixin.py:137} INFO - [2023-02-21T11:53:26.909+0000] {dag.py:2690} INFO - Sync 1 DAGs
[2023-02-21T11:53:27.101+0000] {logging_mixin.py:137} INFO - [2023-02-21T11:53:27.101+0000] {dag.py:3441} INFO - Setting next_dagrun for example_dynamic_task_mapping to 2022-03-04T00:00:00+00:00, run_after=2022-03-05T00:00:00+00:00
[2023-02-21T11:53:27.216+0000] {processor.py:175} INFO - Processing /home/airflow/.local/lib/python3.7/site-packages/airflow/example_dags/example_dynamic_task_mapping.py took 0.865 seconds
[2023-02-21T11:53:59.336+0000] {processor.py:153} INFO - Started process (PID=753) to work on /home/airflow/.local/lib/python3.7/site-packages/airflow/example_dags/example_dynamic_task_mapping.py
[2023-02-21T11:53:59.345+0000] {processor.py:743} INFO - Processing file /home/airflow/.local/lib/python3.7/site-packages/airflow/example_dags/example_dynamic_task_mapping.py for tasks to queue
[2023-02-21T11:53:59.364+0000] {logging_mixin.py:137} INFO - [2023-02-21T11:53:59.351+0000] {dagbag.py:538} INFO - Filling up the DagBag from /home/airflow/.local/lib/python3.7/site-packages/airflow/example_dags/example_dynamic_task_mapping.py
[2023-02-21T11:53:59.785+0000] {processor.py:753} INFO - DAG(s) dict_keys(['example_dynamic_task_mapping']) retrieved from /home/airflow/.local/lib/python3.7/site-packages/airflow/example_dags/example_dynamic_task_mapping.py
[2023-02-21T11:54:00.397+0000] {logging_mixin.py:137} INFO - [2023-02-21T11:54:00.396+0000] {dag.py:2690} INFO - Sync 1 DAGs
[2023-02-21T11:54:01.325+0000] {logging_mixin.py:137} INFO - [2023-02-21T11:54:01.325+0000] {dag.py:3441} INFO - Setting next_dagrun for example_dynamic_task_mapping to 2022-03-04T00:00:00+00:00, run_after=2022-03-05T00:00:00+00:00
[2023-02-21T11:54:01.707+0000] {processor.py:175} INFO - Processing /home/airflow/.local/lib/python3.7/site-packages/airflow/example_dags/example_dynamic_task_mapping.py took 2.404 seconds
[2023-02-21T11:54:32.121+0000] {processor.py:153} INFO - Started process (PID=811) to work on /home/airflow/.local/lib/python3.7/site-packages/airflow/example_dags/example_dynamic_task_mapping.py
[2023-02-21T11:54:32.124+0000] {processor.py:743} INFO - Processing file /home/airflow/.local/lib/python3.7/site-packages/airflow/example_dags/example_dynamic_task_mapping.py for tasks to queue
[2023-02-21T11:54:32.137+0000] {logging_mixin.py:137} INFO - [2023-02-21T11:54:32.137+0000] {dagbag.py:538} INFO - Filling up the DagBag from /home/airflow/.local/lib/python3.7/site-packages/airflow/example_dags/example_dynamic_task_mapping.py
[2023-02-21T11:54:32.181+0000] {processor.py:753} INFO - DAG(s) dict_keys(['example_dynamic_task_mapping']) retrieved from /home/airflow/.local/lib/python3.7/site-packages/airflow/example_dags/example_dynamic_task_mapping.py
[2023-02-21T11:54:32.237+0000] {logging_mixin.py:137} INFO - [2023-02-21T11:54:32.236+0000] {dag.py:2690} INFO - Sync 1 DAGs
[2023-02-21T11:54:32.297+0000] {logging_mixin.py:137} INFO - [2023-02-21T11:54:32.297+0000] {dag.py:3441} INFO - Setting next_dagrun for example_dynamic_task_mapping to 2022-03-04T00:00:00+00:00, run_after=2022-03-05T00:00:00+00:00
[2023-02-21T11:54:32.351+0000] {processor.py:175} INFO - Processing /home/airflow/.local/lib/python3.7/site-packages/airflow/example_dags/example_dynamic_task_mapping.py took 0.235 seconds
[2023-02-21T11:55:10.695+0000] {processor.py:153} INFO - Started process (PID=868) to work on /home/airflow/.local/lib/python3.7/site-packages/airflow/example_dags/example_dynamic_task_mapping.py
[2023-02-21T11:55:10.700+0000] {processor.py:743} INFO - Processing file /home/airflow/.local/lib/python3.7/site-packages/airflow/example_dags/example_dynamic_task_mapping.py for tasks to queue
[2023-02-21T11:55:10.703+0000] {logging_mixin.py:137} INFO - [2023-02-21T11:55:10.703+0000] {dagbag.py:538} INFO - Filling up the DagBag from /home/airflow/.local/lib/python3.7/site-packages/airflow/example_dags/example_dynamic_task_mapping.py
[2023-02-21T11:55:10.862+0000] {processor.py:753} INFO - DAG(s) dict_keys(['example_dynamic_task_mapping']) retrieved from /home/airflow/.local/lib/python3.7/site-packages/airflow/example_dags/example_dynamic_task_mapping.py
[2023-02-21T11:55:11.055+0000] {logging_mixin.py:137} INFO - [2023-02-21T11:55:11.054+0000] {dag.py:2690} INFO - Sync 1 DAGs
[2023-02-21T11:55:11.301+0000] {logging_mixin.py:137} INFO - [2023-02-21T11:55:11.301+0000] {dag.py:3441} INFO - Setting next_dagrun for example_dynamic_task_mapping to 2022-03-04T00:00:00+00:00, run_after=2022-03-05T00:00:00+00:00
[2023-02-21T11:55:11.458+0000] {processor.py:175} INFO - Processing /home/airflow/.local/lib/python3.7/site-packages/airflow/example_dags/example_dynamic_task_mapping.py took 0.799 seconds
[2023-02-21T11:55:41.604+0000] {processor.py:153} INFO - Started process (PID=917) to work on /home/airflow/.local/lib/python3.7/site-packages/airflow/example_dags/example_dynamic_task_mapping.py
[2023-02-21T11:55:41.624+0000] {processor.py:743} INFO - Processing file /home/airflow/.local/lib/python3.7/site-packages/airflow/example_dags/example_dynamic_task_mapping.py for tasks to queue
[2023-02-21T11:55:41.631+0000] {logging_mixin.py:137} INFO - [2023-02-21T11:55:41.630+0000] {dagbag.py:538} INFO - Filling up the DagBag from /home/airflow/.local/lib/python3.7/site-packages/airflow/example_dags/example_dynamic_task_mapping.py
[2023-02-21T11:55:41.702+0000] {processor.py:753} INFO - DAG(s) dict_keys(['example_dynamic_task_mapping']) retrieved from /home/airflow/.local/lib/python3.7/site-packages/airflow/example_dags/example_dynamic_task_mapping.py
[2023-02-21T11:55:41.816+0000] {logging_mixin.py:137} INFO - [2023-02-21T11:55:41.816+0000] {dag.py:2690} INFO - Sync 1 DAGs
[2023-02-21T11:55:41.891+0000] {logging_mixin.py:137} INFO - [2023-02-21T11:55:41.891+0000] {dag.py:3441} INFO - Setting next_dagrun for example_dynamic_task_mapping to 2022-03-04T00:00:00+00:00, run_after=2022-03-05T00:00:00+00:00
[2023-02-21T11:55:41.927+0000] {processor.py:175} INFO - Processing /home/airflow/.local/lib/python3.7/site-packages/airflow/example_dags/example_dynamic_task_mapping.py took 0.331 seconds
[2023-02-21T11:56:12.399+0000] {processor.py:153} INFO - Started process (PID=985) to work on /home/airflow/.local/lib/python3.7/site-packages/airflow/example_dags/example_dynamic_task_mapping.py
[2023-02-21T11:56:12.402+0000] {processor.py:743} INFO - Processing file /home/airflow/.local/lib/python3.7/site-packages/airflow/example_dags/example_dynamic_task_mapping.py for tasks to queue
[2023-02-21T11:56:12.427+0000] {logging_mixin.py:137} INFO - [2023-02-21T11:56:12.427+0000] {dagbag.py:538} INFO - Filling up the DagBag from /home/airflow/.local/lib/python3.7/site-packages/airflow/example_dags/example_dynamic_task_mapping.py
[2023-02-21T11:56:12.500+0000] {processor.py:753} INFO - DAG(s) dict_keys(['example_dynamic_task_mapping']) retrieved from /home/airflow/.local/lib/python3.7/site-packages/airflow/example_dags/example_dynamic_task_mapping.py
[2023-02-21T11:56:12.585+0000] {logging_mixin.py:137} INFO - [2023-02-21T11:56:12.584+0000] {dag.py:2690} INFO - Sync 1 DAGs
[2023-02-21T11:56:12.645+0000] {logging_mixin.py:137} INFO - [2023-02-21T11:56:12.645+0000] {dag.py:3441} INFO - Setting next_dagrun for example_dynamic_task_mapping to 2022-03-04T00:00:00+00:00, run_after=2022-03-05T00:00:00+00:00
[2023-02-21T11:56:12.774+0000] {processor.py:175} INFO - Processing /home/airflow/.local/lib/python3.7/site-packages/airflow/example_dags/example_dynamic_task_mapping.py took 0.398 seconds
[2023-02-21T11:56:46.081+0000] {processor.py:153} INFO - Started process (PID=1044) to work on /home/airflow/.local/lib/python3.7/site-packages/airflow/example_dags/example_dynamic_task_mapping.py
[2023-02-21T11:56:46.122+0000] {processor.py:743} INFO - Processing file /home/airflow/.local/lib/python3.7/site-packages/airflow/example_dags/example_dynamic_task_mapping.py for tasks to queue
[2023-02-21T11:56:46.129+0000] {logging_mixin.py:137} INFO - [2023-02-21T11:56:46.127+0000] {dagbag.py:538} INFO - Filling up the DagBag from /home/airflow/.local/lib/python3.7/site-packages/airflow/example_dags/example_dynamic_task_mapping.py
[2023-02-21T11:56:46.416+0000] {processor.py:753} INFO - DAG(s) dict_keys(['example_dynamic_task_mapping']) retrieved from /home/airflow/.local/lib/python3.7/site-packages/airflow/example_dags/example_dynamic_task_mapping.py
[2023-02-21T11:56:46.825+0000] {logging_mixin.py:137} INFO - [2023-02-21T11:56:46.824+0000] {dag.py:2690} INFO - Sync 1 DAGs
[2023-02-21T11:56:47.087+0000] {logging_mixin.py:137} INFO - [2023-02-21T11:56:47.087+0000] {dag.py:3441} INFO - Setting next_dagrun for example_dynamic_task_mapping to 2022-03-04T00:00:00+00:00, run_after=2022-03-05T00:00:00+00:00
[2023-02-21T11:56:47.524+0000] {processor.py:175} INFO - Processing /home/airflow/.local/lib/python3.7/site-packages/airflow/example_dags/example_dynamic_task_mapping.py took 1.509 seconds
[2023-02-21T11:57:17.783+0000] {processor.py:153} INFO - Started process (PID=1101) to work on /home/airflow/.local/lib/python3.7/site-packages/airflow/example_dags/example_dynamic_task_mapping.py
[2023-02-21T11:57:17.788+0000] {processor.py:743} INFO - Processing file /home/airflow/.local/lib/python3.7/site-packages/airflow/example_dags/example_dynamic_task_mapping.py for tasks to queue
[2023-02-21T11:57:17.813+0000] {logging_mixin.py:137} INFO - [2023-02-21T11:57:17.813+0000] {dagbag.py:538} INFO - Filling up the DagBag from /home/airflow/.local/lib/python3.7/site-packages/airflow/example_dags/example_dynamic_task_mapping.py
[2023-02-21T11:57:17.889+0000] {processor.py:753} INFO - DAG(s) dict_keys(['example_dynamic_task_mapping']) retrieved from /home/airflow/.local/lib/python3.7/site-packages/airflow/example_dags/example_dynamic_task_mapping.py
[2023-02-21T11:57:18.012+0000] {logging_mixin.py:137} INFO - [2023-02-21T11:57:18.011+0000] {dag.py:2690} INFO - Sync 1 DAGs
[2023-02-21T11:57:18.092+0000] {logging_mixin.py:137} INFO - [2023-02-21T11:57:18.092+0000] {dag.py:3441} INFO - Setting next_dagrun for example_dynamic_task_mapping to 2022-03-04T00:00:00+00:00, run_after=2022-03-05T00:00:00+00:00
[2023-02-21T11:57:18.133+0000] {processor.py:175} INFO - Processing /home/airflow/.local/lib/python3.7/site-packages/airflow/example_dags/example_dynamic_task_mapping.py took 0.364 seconds
[2023-02-21T11:57:48.639+0000] {processor.py:153} INFO - Started process (PID=1151) to work on /home/airflow/.local/lib/python3.7/site-packages/airflow/example_dags/example_dynamic_task_mapping.py
[2023-02-21T11:57:48.642+0000] {processor.py:743} INFO - Processing file /home/airflow/.local/lib/python3.7/site-packages/airflow/example_dags/example_dynamic_task_mapping.py for tasks to queue
[2023-02-21T11:57:48.658+0000] {logging_mixin.py:137} INFO - [2023-02-21T11:57:48.657+0000] {dagbag.py:538} INFO - Filling up the DagBag from /home/airflow/.local/lib/python3.7/site-packages/airflow/example_dags/example_dynamic_task_mapping.py
[2023-02-21T11:57:48.752+0000] {processor.py:753} INFO - DAG(s) dict_keys(['example_dynamic_task_mapping']) retrieved from /home/airflow/.local/lib/python3.7/site-packages/airflow/example_dags/example_dynamic_task_mapping.py
[2023-02-21T11:57:48.820+0000] {logging_mixin.py:137} INFO - [2023-02-21T11:57:48.820+0000] {dag.py:2690} INFO - Sync 1 DAGs
[2023-02-21T11:57:48.933+0000] {logging_mixin.py:137} INFO - [2023-02-21T11:57:48.933+0000] {dag.py:3441} INFO - Setting next_dagrun for example_dynamic_task_mapping to 2022-03-04T00:00:00+00:00, run_after=2022-03-05T00:00:00+00:00
[2023-02-21T11:57:48.993+0000] {processor.py:175} INFO - Processing /home/airflow/.local/lib/python3.7/site-packages/airflow/example_dags/example_dynamic_task_mapping.py took 0.365 seconds
[2023-02-21T11:58:19.396+0000] {processor.py:153} INFO - Started process (PID=1210) to work on /home/airflow/.local/lib/python3.7/site-packages/airflow/example_dags/example_dynamic_task_mapping.py
[2023-02-21T11:58:19.423+0000] {processor.py:743} INFO - Processing file /home/airflow/.local/lib/python3.7/site-packages/airflow/example_dags/example_dynamic_task_mapping.py for tasks to queue
[2023-02-21T11:58:19.428+0000] {logging_mixin.py:137} INFO - [2023-02-21T11:58:19.428+0000] {dagbag.py:538} INFO - Filling up the DagBag from /home/airflow/.local/lib/python3.7/site-packages/airflow/example_dags/example_dynamic_task_mapping.py
[2023-02-21T11:58:19.510+0000] {processor.py:753} INFO - DAG(s) dict_keys(['example_dynamic_task_mapping']) retrieved from /home/airflow/.local/lib/python3.7/site-packages/airflow/example_dags/example_dynamic_task_mapping.py
[2023-02-21T11:58:19.611+0000] {logging_mixin.py:137} INFO - [2023-02-21T11:58:19.611+0000] {dag.py:2690} INFO - Sync 1 DAGs
[2023-02-21T11:58:19.674+0000] {logging_mixin.py:137} INFO - [2023-02-21T11:58:19.674+0000] {dag.py:3441} INFO - Setting next_dagrun for example_dynamic_task_mapping to 2022-03-04T00:00:00+00:00, run_after=2022-03-05T00:00:00+00:00
[2023-02-21T11:58:19.720+0000] {processor.py:175} INFO - Processing /home/airflow/.local/lib/python3.7/site-packages/airflow/example_dags/example_dynamic_task_mapping.py took 0.330 seconds
[2023-02-21T11:58:50.371+0000] {processor.py:153} INFO - Started process (PID=1269) to work on /home/airflow/.local/lib/python3.7/site-packages/airflow/example_dags/example_dynamic_task_mapping.py
[2023-02-21T11:58:50.375+0000] {processor.py:743} INFO - Processing file /home/airflow/.local/lib/python3.7/site-packages/airflow/example_dags/example_dynamic_task_mapping.py for tasks to queue
[2023-02-21T11:58:50.380+0000] {logging_mixin.py:137} INFO - [2023-02-21T11:58:50.378+0000] {dagbag.py:538} INFO - Filling up the DagBag from /home/airflow/.local/lib/python3.7/site-packages/airflow/example_dags/example_dynamic_task_mapping.py
[2023-02-21T11:58:50.575+0000] {processor.py:753} INFO - DAG(s) dict_keys(['example_dynamic_task_mapping']) retrieved from /home/airflow/.local/lib/python3.7/site-packages/airflow/example_dags/example_dynamic_task_mapping.py
[2023-02-21T11:58:50.699+0000] {logging_mixin.py:137} INFO - [2023-02-21T11:58:50.699+0000] {dag.py:2690} INFO - Sync 1 DAGs
[2023-02-21T11:58:50.826+0000] {logging_mixin.py:137} INFO - [2023-02-21T11:58:50.826+0000] {dag.py:3441} INFO - Setting next_dagrun for example_dynamic_task_mapping to 2022-03-04T00:00:00+00:00, run_after=2022-03-05T00:00:00+00:00
[2023-02-21T11:58:50.955+0000] {processor.py:175} INFO - Processing /home/airflow/.local/lib/python3.7/site-packages/airflow/example_dags/example_dynamic_task_mapping.py took 0.617 seconds
[2023-02-21T11:59:23.797+0000] {processor.py:153} INFO - Started process (PID=1328) to work on /home/airflow/.local/lib/python3.7/site-packages/airflow/example_dags/example_dynamic_task_mapping.py
[2023-02-21T11:59:23.824+0000] {processor.py:743} INFO - Processing file /home/airflow/.local/lib/python3.7/site-packages/airflow/example_dags/example_dynamic_task_mapping.py for tasks to queue
[2023-02-21T11:59:23.859+0000] {logging_mixin.py:137} INFO - [2023-02-21T11:59:23.834+0000] {dagbag.py:538} INFO - Filling up the DagBag from /home/airflow/.local/lib/python3.7/site-packages/airflow/example_dags/example_dynamic_task_mapping.py
[2023-02-21T11:59:24.270+0000] {processor.py:753} INFO - DAG(s) dict_keys(['example_dynamic_task_mapping']) retrieved from /home/airflow/.local/lib/python3.7/site-packages/airflow/example_dags/example_dynamic_task_mapping.py
[2023-02-21T11:59:24.632+0000] {logging_mixin.py:137} INFO - [2023-02-21T11:59:24.631+0000] {dag.py:2690} INFO - Sync 1 DAGs
[2023-02-21T11:59:24.983+0000] {logging_mixin.py:137} INFO - [2023-02-21T11:59:24.982+0000] {dag.py:3441} INFO - Setting next_dagrun for example_dynamic_task_mapping to 2022-03-04T00:00:00+00:00, run_after=2022-03-05T00:00:00+00:00
[2023-02-21T11:59:25.258+0000] {processor.py:175} INFO - Processing /home/airflow/.local/lib/python3.7/site-packages/airflow/example_dags/example_dynamic_task_mapping.py took 1.499 seconds
[2023-02-21T11:59:56.515+0000] {processor.py:153} INFO - Started process (PID=1382) to work on /home/airflow/.local/lib/python3.7/site-packages/airflow/example_dags/example_dynamic_task_mapping.py
[2023-02-21T11:59:56.535+0000] {processor.py:743} INFO - Processing file /home/airflow/.local/lib/python3.7/site-packages/airflow/example_dags/example_dynamic_task_mapping.py for tasks to queue
[2023-02-21T11:59:56.554+0000] {logging_mixin.py:137} INFO - [2023-02-21T11:59:56.554+0000] {dagbag.py:538} INFO - Filling up the DagBag from /home/airflow/.local/lib/python3.7/site-packages/airflow/example_dags/example_dynamic_task_mapping.py
[2023-02-21T11:59:56.816+0000] {processor.py:753} INFO - DAG(s) dict_keys(['example_dynamic_task_mapping']) retrieved from /home/airflow/.local/lib/python3.7/site-packages/airflow/example_dags/example_dynamic_task_mapping.py
[2023-02-21T11:59:57.319+0000] {logging_mixin.py:137} INFO - [2023-02-21T11:59:57.318+0000] {dag.py:2690} INFO - Sync 1 DAGs
[2023-02-21T11:59:57.583+0000] {logging_mixin.py:137} INFO - [2023-02-21T11:59:57.582+0000] {dag.py:3441} INFO - Setting next_dagrun for example_dynamic_task_mapping to 2022-03-04T00:00:00+00:00, run_after=2022-03-05T00:00:00+00:00
[2023-02-21T11:59:57.884+0000] {processor.py:175} INFO - Processing /home/airflow/.local/lib/python3.7/site-packages/airflow/example_dags/example_dynamic_task_mapping.py took 1.510 seconds
[2023-02-21T12:00:28.078+0000] {processor.py:153} INFO - Started process (PID=1433) to work on /home/airflow/.local/lib/python3.7/site-packages/airflow/example_dags/example_dynamic_task_mapping.py
[2023-02-21T12:00:28.081+0000] {processor.py:743} INFO - Processing file /home/airflow/.local/lib/python3.7/site-packages/airflow/example_dags/example_dynamic_task_mapping.py for tasks to queue
[2023-02-21T12:00:28.084+0000] {logging_mixin.py:137} INFO - [2023-02-21T12:00:28.084+0000] {dagbag.py:538} INFO - Filling up the DagBag from /home/airflow/.local/lib/python3.7/site-packages/airflow/example_dags/example_dynamic_task_mapping.py
[2023-02-21T12:00:28.170+0000] {processor.py:753} INFO - DAG(s) dict_keys(['example_dynamic_task_mapping']) retrieved from /home/airflow/.local/lib/python3.7/site-packages/airflow/example_dags/example_dynamic_task_mapping.py
[2023-02-21T12:00:28.252+0000] {logging_mixin.py:137} INFO - [2023-02-21T12:00:28.252+0000] {dag.py:2690} INFO - Sync 1 DAGs
[2023-02-21T12:00:28.313+0000] {logging_mixin.py:137} INFO - [2023-02-21T12:00:28.313+0000] {dag.py:3441} INFO - Setting next_dagrun for example_dynamic_task_mapping to 2022-03-04T00:00:00+00:00, run_after=2022-03-05T00:00:00+00:00
[2023-02-21T12:00:28.427+0000] {processor.py:175} INFO - Processing /home/airflow/.local/lib/python3.7/site-packages/airflow/example_dags/example_dynamic_task_mapping.py took 0.356 seconds
[2023-02-21T12:01:00.399+0000] {processor.py:153} INFO - Started process (PID=1491) to work on /home/airflow/.local/lib/python3.7/site-packages/airflow/example_dags/example_dynamic_task_mapping.py
[2023-02-21T12:01:00.417+0000] {processor.py:743} INFO - Processing file /home/airflow/.local/lib/python3.7/site-packages/airflow/example_dags/example_dynamic_task_mapping.py for tasks to queue
[2023-02-21T12:01:00.420+0000] {logging_mixin.py:137} INFO - [2023-02-21T12:01:00.420+0000] {dagbag.py:538} INFO - Filling up the DagBag from /home/airflow/.local/lib/python3.7/site-packages/airflow/example_dags/example_dynamic_task_mapping.py
[2023-02-21T12:01:00.643+0000] {processor.py:753} INFO - DAG(s) dict_keys(['example_dynamic_task_mapping']) retrieved from /home/airflow/.local/lib/python3.7/site-packages/airflow/example_dags/example_dynamic_task_mapping.py
[2023-02-21T12:01:00.723+0000] {logging_mixin.py:137} INFO - [2023-02-21T12:01:00.723+0000] {dag.py:2690} INFO - Sync 1 DAGs
[2023-02-21T12:01:00.901+0000] {logging_mixin.py:137} INFO - [2023-02-21T12:01:00.901+0000] {dag.py:3441} INFO - Setting next_dagrun for example_dynamic_task_mapping to 2022-03-04T00:00:00+00:00, run_after=2022-03-05T00:00:00+00:00
[2023-02-21T12:01:01.056+0000] {processor.py:175} INFO - Processing /home/airflow/.local/lib/python3.7/site-packages/airflow/example_dags/example_dynamic_task_mapping.py took 0.670 seconds
[2023-02-21T12:01:31.251+0000] {processor.py:153} INFO - Started process (PID=1551) to work on /home/airflow/.local/lib/python3.7/site-packages/airflow/example_dags/example_dynamic_task_mapping.py
[2023-02-21T12:01:31.261+0000] {processor.py:743} INFO - Processing file /home/airflow/.local/lib/python3.7/site-packages/airflow/example_dags/example_dynamic_task_mapping.py for tasks to queue
[2023-02-21T12:01:31.265+0000] {logging_mixin.py:137} INFO - [2023-02-21T12:01:31.264+0000] {dagbag.py:538} INFO - Filling up the DagBag from /home/airflow/.local/lib/python3.7/site-packages/airflow/example_dags/example_dynamic_task_mapping.py
[2023-02-21T12:01:31.354+0000] {processor.py:753} INFO - DAG(s) dict_keys(['example_dynamic_task_mapping']) retrieved from /home/airflow/.local/lib/python3.7/site-packages/airflow/example_dags/example_dynamic_task_mapping.py
[2023-02-21T12:01:31.432+0000] {logging_mixin.py:137} INFO - [2023-02-21T12:01:31.431+0000] {dag.py:2690} INFO - Sync 1 DAGs
[2023-02-21T12:01:31.513+0000] {logging_mixin.py:137} INFO - [2023-02-21T12:01:31.512+0000] {dag.py:3441} INFO - Setting next_dagrun for example_dynamic_task_mapping to 2022-03-04T00:00:00+00:00, run_after=2022-03-05T00:00:00+00:00
[2023-02-21T12:01:31.562+0000] {processor.py:175} INFO - Processing /home/airflow/.local/lib/python3.7/site-packages/airflow/example_dags/example_dynamic_task_mapping.py took 0.323 seconds
[2023-02-21T12:02:01.759+0000] {processor.py:153} INFO - Started process (PID=1611) to work on /home/airflow/.local/lib/python3.7/site-packages/airflow/example_dags/example_dynamic_task_mapping.py
[2023-02-21T12:02:01.768+0000] {processor.py:743} INFO - Processing file /home/airflow/.local/lib/python3.7/site-packages/airflow/example_dags/example_dynamic_task_mapping.py for tasks to queue
[2023-02-21T12:02:01.782+0000] {logging_mixin.py:137} INFO - [2023-02-21T12:02:01.781+0000] {dagbag.py:538} INFO - Filling up the DagBag from /home/airflow/.local/lib/python3.7/site-packages/airflow/example_dags/example_dynamic_task_mapping.py
[2023-02-21T12:02:02.046+0000] {processor.py:753} INFO - DAG(s) dict_keys(['example_dynamic_task_mapping']) retrieved from /home/airflow/.local/lib/python3.7/site-packages/airflow/example_dags/example_dynamic_task_mapping.py
[2023-02-21T12:02:02.252+0000] {logging_mixin.py:137} INFO - [2023-02-21T12:02:02.249+0000] {dag.py:2690} INFO - Sync 1 DAGs
[2023-02-21T12:02:02.464+0000] {logging_mixin.py:137} INFO - [2023-02-21T12:02:02.463+0000] {dag.py:3441} INFO - Setting next_dagrun for example_dynamic_task_mapping to 2022-03-04T00:00:00+00:00, run_after=2022-03-05T00:00:00+00:00
[2023-02-21T12:02:02.600+0000] {processor.py:175} INFO - Processing /home/airflow/.local/lib/python3.7/site-packages/airflow/example_dags/example_dynamic_task_mapping.py took 0.864 seconds
[2023-02-21T12:02:33.173+0000] {processor.py:153} INFO - Started process (PID=1672) to work on /home/airflow/.local/lib/python3.7/site-packages/airflow/example_dags/example_dynamic_task_mapping.py
[2023-02-21T12:02:33.186+0000] {processor.py:743} INFO - Processing file /home/airflow/.local/lib/python3.7/site-packages/airflow/example_dags/example_dynamic_task_mapping.py for tasks to queue
[2023-02-21T12:02:33.200+0000] {logging_mixin.py:137} INFO - [2023-02-21T12:02:33.200+0000] {dagbag.py:538} INFO - Filling up the DagBag from /home/airflow/.local/lib/python3.7/site-packages/airflow/example_dags/example_dynamic_task_mapping.py
[2023-02-21T12:02:33.522+0000] {processor.py:753} INFO - DAG(s) dict_keys(['example_dynamic_task_mapping']) retrieved from /home/airflow/.local/lib/python3.7/site-packages/airflow/example_dags/example_dynamic_task_mapping.py
[2023-02-21T12:02:33.685+0000] {logging_mixin.py:137} INFO - [2023-02-21T12:02:33.684+0000] {dag.py:2690} INFO - Sync 1 DAGs
[2023-02-21T12:02:33.862+0000] {logging_mixin.py:137} INFO - [2023-02-21T12:02:33.862+0000] {dag.py:3441} INFO - Setting next_dagrun for example_dynamic_task_mapping to 2022-03-04T00:00:00+00:00, run_after=2022-03-05T00:00:00+00:00
[2023-02-21T12:02:34.105+0000] {processor.py:175} INFO - Processing /home/airflow/.local/lib/python3.7/site-packages/airflow/example_dags/example_dynamic_task_mapping.py took 0.957 seconds
[2023-02-21T12:03:04.533+0000] {processor.py:153} INFO - Started process (PID=1727) to work on /home/airflow/.local/lib/python3.7/site-packages/airflow/example_dags/example_dynamic_task_mapping.py
[2023-02-21T12:03:04.552+0000] {processor.py:743} INFO - Processing file /home/airflow/.local/lib/python3.7/site-packages/airflow/example_dags/example_dynamic_task_mapping.py for tasks to queue
[2023-02-21T12:03:04.556+0000] {logging_mixin.py:137} INFO - [2023-02-21T12:03:04.556+0000] {dagbag.py:538} INFO - Filling up the DagBag from /home/airflow/.local/lib/python3.7/site-packages/airflow/example_dags/example_dynamic_task_mapping.py
[2023-02-21T12:03:04.708+0000] {processor.py:753} INFO - DAG(s) dict_keys(['example_dynamic_task_mapping']) retrieved from /home/airflow/.local/lib/python3.7/site-packages/airflow/example_dags/example_dynamic_task_mapping.py
[2023-02-21T12:03:04.806+0000] {logging_mixin.py:137} INFO - [2023-02-21T12:03:04.805+0000] {dag.py:2690} INFO - Sync 1 DAGs
[2023-02-21T12:03:05.056+0000] {logging_mixin.py:137} INFO - [2023-02-21T12:03:05.055+0000] {dag.py:3441} INFO - Setting next_dagrun for example_dynamic_task_mapping to 2022-03-04T00:00:00+00:00, run_after=2022-03-05T00:00:00+00:00
[2023-02-21T12:03:05.174+0000] {processor.py:175} INFO - Processing /home/airflow/.local/lib/python3.7/site-packages/airflow/example_dags/example_dynamic_task_mapping.py took 0.653 seconds
[2023-02-21T12:03:36.168+0000] {processor.py:153} INFO - Started process (PID=1785) to work on /home/airflow/.local/lib/python3.7/site-packages/airflow/example_dags/example_dynamic_task_mapping.py
[2023-02-21T12:03:36.178+0000] {processor.py:743} INFO - Processing file /home/airflow/.local/lib/python3.7/site-packages/airflow/example_dags/example_dynamic_task_mapping.py for tasks to queue
[2023-02-21T12:03:36.194+0000] {logging_mixin.py:137} INFO - [2023-02-21T12:03:36.194+0000] {dagbag.py:538} INFO - Filling up the DagBag from /home/airflow/.local/lib/python3.7/site-packages/airflow/example_dags/example_dynamic_task_mapping.py
[2023-02-21T12:03:36.252+0000] {processor.py:753} INFO - DAG(s) dict_keys(['example_dynamic_task_mapping']) retrieved from /home/airflow/.local/lib/python3.7/site-packages/airflow/example_dags/example_dynamic_task_mapping.py
[2023-02-21T12:03:36.296+0000] {logging_mixin.py:137} INFO - [2023-02-21T12:03:36.296+0000] {dag.py:2690} INFO - Sync 1 DAGs
[2023-02-21T12:03:36.336+0000] {logging_mixin.py:137} INFO - [2023-02-21T12:03:36.336+0000] {dag.py:3441} INFO - Setting next_dagrun for example_dynamic_task_mapping to 2022-03-04T00:00:00+00:00, run_after=2022-03-05T00:00:00+00:00
[2023-02-21T12:03:36.367+0000] {processor.py:175} INFO - Processing /home/airflow/.local/lib/python3.7/site-packages/airflow/example_dags/example_dynamic_task_mapping.py took 0.223 seconds
[2023-02-21T12:04:06.661+0000] {processor.py:153} INFO - Started process (PID=1844) to work on /home/airflow/.local/lib/python3.7/site-packages/airflow/example_dags/example_dynamic_task_mapping.py
[2023-02-21T12:04:06.665+0000] {processor.py:743} INFO - Processing file /home/airflow/.local/lib/python3.7/site-packages/airflow/example_dags/example_dynamic_task_mapping.py for tasks to queue
[2023-02-21T12:04:06.672+0000] {logging_mixin.py:137} INFO - [2023-02-21T12:04:06.671+0000] {dagbag.py:538} INFO - Filling up the DagBag from /home/airflow/.local/lib/python3.7/site-packages/airflow/example_dags/example_dynamic_task_mapping.py
[2023-02-21T12:04:06.742+0000] {processor.py:753} INFO - DAG(s) dict_keys(['example_dynamic_task_mapping']) retrieved from /home/airflow/.local/lib/python3.7/site-packages/airflow/example_dags/example_dynamic_task_mapping.py
[2023-02-21T12:04:06.796+0000] {logging_mixin.py:137} INFO - [2023-02-21T12:04:06.796+0000] {dag.py:2690} INFO - Sync 1 DAGs
[2023-02-21T12:04:06.836+0000] {logging_mixin.py:137} INFO - [2023-02-21T12:04:06.836+0000] {dag.py:3441} INFO - Setting next_dagrun for example_dynamic_task_mapping to 2022-03-04T00:00:00+00:00, run_after=2022-03-05T00:00:00+00:00
[2023-02-21T12:04:06.875+0000] {processor.py:175} INFO - Processing /home/airflow/.local/lib/python3.7/site-packages/airflow/example_dags/example_dynamic_task_mapping.py took 0.225 seconds
[2023-02-21T12:04:37.599+0000] {processor.py:153} INFO - Started process (PID=1902) to work on /home/airflow/.local/lib/python3.7/site-packages/airflow/example_dags/example_dynamic_task_mapping.py
[2023-02-21T12:04:37.605+0000] {processor.py:743} INFO - Processing file /home/airflow/.local/lib/python3.7/site-packages/airflow/example_dags/example_dynamic_task_mapping.py for tasks to queue
[2023-02-21T12:04:37.608+0000] {logging_mixin.py:137} INFO - [2023-02-21T12:04:37.608+0000] {dagbag.py:538} INFO - Filling up the DagBag from /home/airflow/.local/lib/python3.7/site-packages/airflow/example_dags/example_dynamic_task_mapping.py
[2023-02-21T12:04:37.661+0000] {processor.py:753} INFO - DAG(s) dict_keys(['example_dynamic_task_mapping']) retrieved from /home/airflow/.local/lib/python3.7/site-packages/airflow/example_dags/example_dynamic_task_mapping.py
[2023-02-21T12:04:37.757+0000] {logging_mixin.py:137} INFO - [2023-02-21T12:04:37.756+0000] {dag.py:2690} INFO - Sync 1 DAGs
[2023-02-21T12:04:37.799+0000] {logging_mixin.py:137} INFO - [2023-02-21T12:04:37.799+0000] {dag.py:3441} INFO - Setting next_dagrun for example_dynamic_task_mapping to 2022-03-04T00:00:00+00:00, run_after=2022-03-05T00:00:00+00:00
[2023-02-21T12:04:37.858+0000] {processor.py:175} INFO - Processing /home/airflow/.local/lib/python3.7/site-packages/airflow/example_dags/example_dynamic_task_mapping.py took 0.269 seconds
[2023-02-21T12:05:09.003+0000] {processor.py:153} INFO - Started process (PID=1959) to work on /home/airflow/.local/lib/python3.7/site-packages/airflow/example_dags/example_dynamic_task_mapping.py
[2023-02-21T12:05:09.018+0000] {processor.py:743} INFO - Processing file /home/airflow/.local/lib/python3.7/site-packages/airflow/example_dags/example_dynamic_task_mapping.py for tasks to queue
[2023-02-21T12:05:09.021+0000] {logging_mixin.py:137} INFO - [2023-02-21T12:05:09.020+0000] {dagbag.py:538} INFO - Filling up the DagBag from /home/airflow/.local/lib/python3.7/site-packages/airflow/example_dags/example_dynamic_task_mapping.py
[2023-02-21T12:05:09.533+0000] {processor.py:753} INFO - DAG(s) dict_keys(['example_dynamic_task_mapping']) retrieved from /home/airflow/.local/lib/python3.7/site-packages/airflow/example_dags/example_dynamic_task_mapping.py
[2023-02-21T12:05:09.854+0000] {logging_mixin.py:137} INFO - [2023-02-21T12:05:09.854+0000] {dag.py:2690} INFO - Sync 1 DAGs
[2023-02-21T12:05:09.997+0000] {logging_mixin.py:137} INFO - [2023-02-21T12:05:09.997+0000] {dag.py:3441} INFO - Setting next_dagrun for example_dynamic_task_mapping to 2022-03-04T00:00:00+00:00, run_after=2022-03-05T00:00:00+00:00
[2023-02-21T12:05:10.155+0000] {processor.py:175} INFO - Processing /home/airflow/.local/lib/python3.7/site-packages/airflow/example_dags/example_dynamic_task_mapping.py took 1.170 seconds
[2023-02-21T12:05:40.705+0000] {processor.py:153} INFO - Started process (PID=2018) to work on /home/airflow/.local/lib/python3.7/site-packages/airflow/example_dags/example_dynamic_task_mapping.py
[2023-02-21T12:05:40.714+0000] {processor.py:743} INFO - Processing file /home/airflow/.local/lib/python3.7/site-packages/airflow/example_dags/example_dynamic_task_mapping.py for tasks to queue
[2023-02-21T12:05:40.717+0000] {logging_mixin.py:137} INFO - [2023-02-21T12:05:40.717+0000] {dagbag.py:538} INFO - Filling up the DagBag from /home/airflow/.local/lib/python3.7/site-packages/airflow/example_dags/example_dynamic_task_mapping.py
[2023-02-21T12:05:40.815+0000] {processor.py:753} INFO - DAG(s) dict_keys(['example_dynamic_task_mapping']) retrieved from /home/airflow/.local/lib/python3.7/site-packages/airflow/example_dags/example_dynamic_task_mapping.py
[2023-02-21T12:05:41.050+0000] {logging_mixin.py:137} INFO - [2023-02-21T12:05:41.050+0000] {dag.py:2690} INFO - Sync 1 DAGs
[2023-02-21T12:05:41.173+0000] {logging_mixin.py:137} INFO - [2023-02-21T12:05:41.173+0000] {dag.py:3441} INFO - Setting next_dagrun for example_dynamic_task_mapping to 2022-03-04T00:00:00+00:00, run_after=2022-03-05T00:00:00+00:00
[2023-02-21T12:05:41.308+0000] {processor.py:175} INFO - Processing /home/airflow/.local/lib/python3.7/site-packages/airflow/example_dags/example_dynamic_task_mapping.py took 0.627 seconds
[2023-02-21T12:06:11.727+0000] {processor.py:153} INFO - Started process (PID=2068) to work on /home/airflow/.local/lib/python3.7/site-packages/airflow/example_dags/example_dynamic_task_mapping.py
[2023-02-21T12:06:11.741+0000] {processor.py:743} INFO - Processing file /home/airflow/.local/lib/python3.7/site-packages/airflow/example_dags/example_dynamic_task_mapping.py for tasks to queue
[2023-02-21T12:06:11.754+0000] {logging_mixin.py:137} INFO - [2023-02-21T12:06:11.753+0000] {dagbag.py:538} INFO - Filling up the DagBag from /home/airflow/.local/lib/python3.7/site-packages/airflow/example_dags/example_dynamic_task_mapping.py
[2023-02-21T12:06:11.808+0000] {processor.py:753} INFO - DAG(s) dict_keys(['example_dynamic_task_mapping']) retrieved from /home/airflow/.local/lib/python3.7/site-packages/airflow/example_dags/example_dynamic_task_mapping.py
[2023-02-21T12:06:11.914+0000] {logging_mixin.py:137} INFO - [2023-02-21T12:06:11.914+0000] {dag.py:2690} INFO - Sync 1 DAGs
[2023-02-21T12:06:12.012+0000] {logging_mixin.py:137} INFO - [2023-02-21T12:06:12.012+0000] {dag.py:3441} INFO - Setting next_dagrun for example_dynamic_task_mapping to 2022-03-04T00:00:00+00:00, run_after=2022-03-05T00:00:00+00:00
[2023-02-21T12:06:12.066+0000] {processor.py:175} INFO - Processing /home/airflow/.local/lib/python3.7/site-packages/airflow/example_dags/example_dynamic_task_mapping.py took 0.347 seconds
[2023-02-21T12:06:42.255+0000] {processor.py:153} INFO - Started process (PID=2127) to work on /home/airflow/.local/lib/python3.7/site-packages/airflow/example_dags/example_dynamic_task_mapping.py
[2023-02-21T12:06:42.263+0000] {processor.py:743} INFO - Processing file /home/airflow/.local/lib/python3.7/site-packages/airflow/example_dags/example_dynamic_task_mapping.py for tasks to queue
[2023-02-21T12:06:42.266+0000] {logging_mixin.py:137} INFO - [2023-02-21T12:06:42.266+0000] {dagbag.py:538} INFO - Filling up the DagBag from /home/airflow/.local/lib/python3.7/site-packages/airflow/example_dags/example_dynamic_task_mapping.py
[2023-02-21T12:06:42.375+0000] {processor.py:753} INFO - DAG(s) dict_keys(['example_dynamic_task_mapping']) retrieved from /home/airflow/.local/lib/python3.7/site-packages/airflow/example_dags/example_dynamic_task_mapping.py
[2023-02-21T12:06:42.480+0000] {logging_mixin.py:137} INFO - [2023-02-21T12:06:42.479+0000] {dag.py:2690} INFO - Sync 1 DAGs
[2023-02-21T12:06:42.601+0000] {logging_mixin.py:137} INFO - [2023-02-21T12:06:42.600+0000] {dag.py:3441} INFO - Setting next_dagrun for example_dynamic_task_mapping to 2022-03-04T00:00:00+00:00, run_after=2022-03-05T00:00:00+00:00
[2023-02-21T12:06:42.755+0000] {processor.py:175} INFO - Processing /home/airflow/.local/lib/python3.7/site-packages/airflow/example_dags/example_dynamic_task_mapping.py took 0.535 seconds
[2023-02-21T12:07:12.922+0000] {processor.py:153} INFO - Started process (PID=2185) to work on /home/airflow/.local/lib/python3.7/site-packages/airflow/example_dags/example_dynamic_task_mapping.py
[2023-02-21T12:07:12.924+0000] {processor.py:743} INFO - Processing file /home/airflow/.local/lib/python3.7/site-packages/airflow/example_dags/example_dynamic_task_mapping.py for tasks to queue
[2023-02-21T12:07:12.929+0000] {logging_mixin.py:137} INFO - [2023-02-21T12:07:12.928+0000] {dagbag.py:538} INFO - Filling up the DagBag from /home/airflow/.local/lib/python3.7/site-packages/airflow/example_dags/example_dynamic_task_mapping.py
[2023-02-21T12:07:12.964+0000] {processor.py:753} INFO - DAG(s) dict_keys(['example_dynamic_task_mapping']) retrieved from /home/airflow/.local/lib/python3.7/site-packages/airflow/example_dags/example_dynamic_task_mapping.py
[2023-02-21T12:07:13.002+0000] {logging_mixin.py:137} INFO - [2023-02-21T12:07:13.002+0000] {dag.py:2690} INFO - Sync 1 DAGs
[2023-02-21T12:07:13.040+0000] {logging_mixin.py:137} INFO - [2023-02-21T12:07:13.040+0000] {dag.py:3441} INFO - Setting next_dagrun for example_dynamic_task_mapping to 2022-03-04T00:00:00+00:00, run_after=2022-03-05T00:00:00+00:00
[2023-02-21T12:07:13.072+0000] {processor.py:175} INFO - Processing /home/airflow/.local/lib/python3.7/site-packages/airflow/example_dags/example_dynamic_task_mapping.py took 0.155 seconds
[2023-02-21T12:07:44.219+0000] {processor.py:153} INFO - Started process (PID=2244) to work on /home/airflow/.local/lib/python3.7/site-packages/airflow/example_dags/example_dynamic_task_mapping.py
[2023-02-21T12:07:44.224+0000] {processor.py:743} INFO - Processing file /home/airflow/.local/lib/python3.7/site-packages/airflow/example_dags/example_dynamic_task_mapping.py for tasks to queue
[2023-02-21T12:07:44.235+0000] {logging_mixin.py:137} INFO - [2023-02-21T12:07:44.235+0000] {dagbag.py:538} INFO - Filling up the DagBag from /home/airflow/.local/lib/python3.7/site-packages/airflow/example_dags/example_dynamic_task_mapping.py
[2023-02-21T12:07:44.323+0000] {processor.py:753} INFO - DAG(s) dict_keys(['example_dynamic_task_mapping']) retrieved from /home/airflow/.local/lib/python3.7/site-packages/airflow/example_dags/example_dynamic_task_mapping.py
[2023-02-21T12:07:44.399+0000] {logging_mixin.py:137} INFO - [2023-02-21T12:07:44.398+0000] {dag.py:2690} INFO - Sync 1 DAGs
[2023-02-21T12:07:44.446+0000] {logging_mixin.py:137} INFO - [2023-02-21T12:07:44.446+0000] {dag.py:3441} INFO - Setting next_dagrun for example_dynamic_task_mapping to 2022-03-04T00:00:00+00:00, run_after=2022-03-05T00:00:00+00:00
[2023-02-21T12:07:44.482+0000] {processor.py:175} INFO - Processing /home/airflow/.local/lib/python3.7/site-packages/airflow/example_dags/example_dynamic_task_mapping.py took 0.273 seconds
[2023-02-21T12:08:15.288+0000] {processor.py:153} INFO - Started process (PID=2302) to work on /home/airflow/.local/lib/python3.7/site-packages/airflow/example_dags/example_dynamic_task_mapping.py
[2023-02-21T12:08:15.299+0000] {processor.py:743} INFO - Processing file /home/airflow/.local/lib/python3.7/site-packages/airflow/example_dags/example_dynamic_task_mapping.py for tasks to queue
[2023-02-21T12:08:15.312+0000] {logging_mixin.py:137} INFO - [2023-02-21T12:08:15.312+0000] {dagbag.py:538} INFO - Filling up the DagBag from /home/airflow/.local/lib/python3.7/site-packages/airflow/example_dags/example_dynamic_task_mapping.py
[2023-02-21T12:08:15.483+0000] {processor.py:753} INFO - DAG(s) dict_keys(['example_dynamic_task_mapping']) retrieved from /home/airflow/.local/lib/python3.7/site-packages/airflow/example_dags/example_dynamic_task_mapping.py
[2023-02-21T12:08:15.680+0000] {logging_mixin.py:137} INFO - [2023-02-21T12:08:15.680+0000] {dag.py:2690} INFO - Sync 1 DAGs
[2023-02-21T12:08:15.943+0000] {logging_mixin.py:137} INFO - [2023-02-21T12:08:15.942+0000] {dag.py:3441} INFO - Setting next_dagrun for example_dynamic_task_mapping to 2022-03-04T00:00:00+00:00, run_after=2022-03-05T00:00:00+00:00
[2023-02-21T12:08:16.166+0000] {processor.py:175} INFO - Processing /home/airflow/.local/lib/python3.7/site-packages/airflow/example_dags/example_dynamic_task_mapping.py took 0.899 seconds
[2023-02-21T12:08:47.114+0000] {processor.py:153} INFO - Started process (PID=2361) to work on /home/airflow/.local/lib/python3.7/site-packages/airflow/example_dags/example_dynamic_task_mapping.py
[2023-02-21T12:08:47.116+0000] {processor.py:743} INFO - Processing file /home/airflow/.local/lib/python3.7/site-packages/airflow/example_dags/example_dynamic_task_mapping.py for tasks to queue
[2023-02-21T12:08:47.120+0000] {logging_mixin.py:137} INFO - [2023-02-21T12:08:47.119+0000] {dagbag.py:538} INFO - Filling up the DagBag from /home/airflow/.local/lib/python3.7/site-packages/airflow/example_dags/example_dynamic_task_mapping.py
[2023-02-21T12:08:47.203+0000] {processor.py:753} INFO - DAG(s) dict_keys(['example_dynamic_task_mapping']) retrieved from /home/airflow/.local/lib/python3.7/site-packages/airflow/example_dags/example_dynamic_task_mapping.py
[2023-02-21T12:08:47.253+0000] {logging_mixin.py:137} INFO - [2023-02-21T12:08:47.253+0000] {dag.py:2690} INFO - Sync 1 DAGs
[2023-02-21T12:08:47.298+0000] {logging_mixin.py:137} INFO - [2023-02-21T12:08:47.298+0000] {dag.py:3441} INFO - Setting next_dagrun for example_dynamic_task_mapping to 2022-03-04T00:00:00+00:00, run_after=2022-03-05T00:00:00+00:00
[2023-02-21T12:08:47.355+0000] {processor.py:175} INFO - Processing /home/airflow/.local/lib/python3.7/site-packages/airflow/example_dags/example_dynamic_task_mapping.py took 0.246 seconds
[2023-02-21T12:09:17.711+0000] {processor.py:153} INFO - Started process (PID=2418) to work on /home/airflow/.local/lib/python3.7/site-packages/airflow/example_dags/example_dynamic_task_mapping.py
[2023-02-21T12:09:17.740+0000] {processor.py:743} INFO - Processing file /home/airflow/.local/lib/python3.7/site-packages/airflow/example_dags/example_dynamic_task_mapping.py for tasks to queue
[2023-02-21T12:09:17.755+0000] {logging_mixin.py:137} INFO - [2023-02-21T12:09:17.755+0000] {dagbag.py:538} INFO - Filling up the DagBag from /home/airflow/.local/lib/python3.7/site-packages/airflow/example_dags/example_dynamic_task_mapping.py
[2023-02-21T12:09:17.860+0000] {processor.py:753} INFO - DAG(s) dict_keys(['example_dynamic_task_mapping']) retrieved from /home/airflow/.local/lib/python3.7/site-packages/airflow/example_dags/example_dynamic_task_mapping.py
[2023-02-21T12:09:17.990+0000] {logging_mixin.py:137} INFO - [2023-02-21T12:09:17.990+0000] {dag.py:2690} INFO - Sync 1 DAGs
[2023-02-21T12:09:18.091+0000] {logging_mixin.py:137} INFO - [2023-02-21T12:09:18.090+0000] {dag.py:3441} INFO - Setting next_dagrun for example_dynamic_task_mapping to 2022-03-04T00:00:00+00:00, run_after=2022-03-05T00:00:00+00:00
[2023-02-21T12:09:18.168+0000] {processor.py:175} INFO - Processing /home/airflow/.local/lib/python3.7/site-packages/airflow/example_dags/example_dynamic_task_mapping.py took 0.468 seconds
[2023-02-21T12:09:48.958+0000] {processor.py:153} INFO - Started process (PID=2476) to work on /home/airflow/.local/lib/python3.7/site-packages/airflow/example_dags/example_dynamic_task_mapping.py
[2023-02-21T12:09:48.966+0000] {processor.py:743} INFO - Processing file /home/airflow/.local/lib/python3.7/site-packages/airflow/example_dags/example_dynamic_task_mapping.py for tasks to queue
[2023-02-21T12:09:48.981+0000] {logging_mixin.py:137} INFO - [2023-02-21T12:09:48.981+0000] {dagbag.py:538} INFO - Filling up the DagBag from /home/airflow/.local/lib/python3.7/site-packages/airflow/example_dags/example_dynamic_task_mapping.py
[2023-02-21T12:09:49.274+0000] {processor.py:753} INFO - DAG(s) dict_keys(['example_dynamic_task_mapping']) retrieved from /home/airflow/.local/lib/python3.7/site-packages/airflow/example_dags/example_dynamic_task_mapping.py
[2023-02-21T12:09:49.546+0000] {logging_mixin.py:137} INFO - [2023-02-21T12:09:49.546+0000] {dag.py:2690} INFO - Sync 1 DAGs
[2023-02-21T12:09:49.834+0000] {logging_mixin.py:137} INFO - [2023-02-21T12:09:49.833+0000] {dag.py:3441} INFO - Setting next_dagrun for example_dynamic_task_mapping to 2022-03-04T00:00:00+00:00, run_after=2022-03-05T00:00:00+00:00
[2023-02-21T12:09:50.006+0000] {processor.py:175} INFO - Processing /home/airflow/.local/lib/python3.7/site-packages/airflow/example_dags/example_dynamic_task_mapping.py took 1.076 seconds
[2023-02-21T12:10:20.542+0000] {processor.py:153} INFO - Started process (PID=2545) to work on /home/airflow/.local/lib/python3.7/site-packages/airflow/example_dags/example_dynamic_task_mapping.py
[2023-02-21T12:10:20.552+0000] {processor.py:743} INFO - Processing file /home/airflow/.local/lib/python3.7/site-packages/airflow/example_dags/example_dynamic_task_mapping.py for tasks to queue
[2023-02-21T12:10:20.572+0000] {logging_mixin.py:137} INFO - [2023-02-21T12:10:20.569+0000] {dagbag.py:538} INFO - Filling up the DagBag from /home/airflow/.local/lib/python3.7/site-packages/airflow/example_dags/example_dynamic_task_mapping.py
[2023-02-21T12:10:20.768+0000] {processor.py:753} INFO - DAG(s) dict_keys(['example_dynamic_task_mapping']) retrieved from /home/airflow/.local/lib/python3.7/site-packages/airflow/example_dags/example_dynamic_task_mapping.py
[2023-02-21T12:10:20.885+0000] {logging_mixin.py:137} INFO - [2023-02-21T12:10:20.885+0000] {dag.py:2690} INFO - Sync 1 DAGs
[2023-02-21T12:10:20.961+0000] {logging_mixin.py:137} INFO - [2023-02-21T12:10:20.961+0000] {dag.py:3441} INFO - Setting next_dagrun for example_dynamic_task_mapping to 2022-03-04T00:00:00+00:00, run_after=2022-03-05T00:00:00+00:00
[2023-02-21T12:10:21.008+0000] {processor.py:175} INFO - Processing /home/airflow/.local/lib/python3.7/site-packages/airflow/example_dags/example_dynamic_task_mapping.py took 0.506 seconds
[2023-02-21T12:10:51.256+0000] {processor.py:153} INFO - Started process (PID=2605) to work on /home/airflow/.local/lib/python3.7/site-packages/airflow/example_dags/example_dynamic_task_mapping.py
[2023-02-21T12:10:51.259+0000] {processor.py:743} INFO - Processing file /home/airflow/.local/lib/python3.7/site-packages/airflow/example_dags/example_dynamic_task_mapping.py for tasks to queue
[2023-02-21T12:10:51.261+0000] {logging_mixin.py:137} INFO - [2023-02-21T12:10:51.260+0000] {dagbag.py:538} INFO - Filling up the DagBag from /home/airflow/.local/lib/python3.7/site-packages/airflow/example_dags/example_dynamic_task_mapping.py
[2023-02-21T12:10:51.404+0000] {processor.py:753} INFO - DAG(s) dict_keys(['example_dynamic_task_mapping']) retrieved from /home/airflow/.local/lib/python3.7/site-packages/airflow/example_dags/example_dynamic_task_mapping.py
[2023-02-21T12:10:51.507+0000] {logging_mixin.py:137} INFO - [2023-02-21T12:10:51.507+0000] {dag.py:2690} INFO - Sync 1 DAGs
[2023-02-21T12:10:51.639+0000] {logging_mixin.py:137} INFO - [2023-02-21T12:10:51.639+0000] {dag.py:3441} INFO - Setting next_dagrun for example_dynamic_task_mapping to 2022-03-04T00:00:00+00:00, run_after=2022-03-05T00:00:00+00:00
[2023-02-21T12:10:51.700+0000] {processor.py:175} INFO - Processing /home/airflow/.local/lib/python3.7/site-packages/airflow/example_dags/example_dynamic_task_mapping.py took 0.453 seconds
[2023-02-21T12:11:22.474+0000] {processor.py:153} INFO - Started process (PID=2662) to work on /home/airflow/.local/lib/python3.7/site-packages/airflow/example_dags/example_dynamic_task_mapping.py
[2023-02-21T12:11:22.526+0000] {processor.py:743} INFO - Processing file /home/airflow/.local/lib/python3.7/site-packages/airflow/example_dags/example_dynamic_task_mapping.py for tasks to queue
[2023-02-21T12:11:22.558+0000] {logging_mixin.py:137} INFO - [2023-02-21T12:11:22.557+0000] {dagbag.py:538} INFO - Filling up the DagBag from /home/airflow/.local/lib/python3.7/site-packages/airflow/example_dags/example_dynamic_task_mapping.py
[2023-02-21T12:11:22.724+0000] {processor.py:753} INFO - DAG(s) dict_keys(['example_dynamic_task_mapping']) retrieved from /home/airflow/.local/lib/python3.7/site-packages/airflow/example_dags/example_dynamic_task_mapping.py
[2023-02-21T12:11:22.914+0000] {logging_mixin.py:137} INFO - [2023-02-21T12:11:22.914+0000] {dag.py:2690} INFO - Sync 1 DAGs
[2023-02-21T12:11:23.208+0000] {logging_mixin.py:137} INFO - [2023-02-21T12:11:23.206+0000] {dag.py:3441} INFO - Setting next_dagrun for example_dynamic_task_mapping to 2022-03-04T00:00:00+00:00, run_after=2022-03-05T00:00:00+00:00
[2023-02-21T12:11:23.456+0000] {processor.py:175} INFO - Processing /home/airflow/.local/lib/python3.7/site-packages/airflow/example_dags/example_dynamic_task_mapping.py took 1.050 seconds
[2023-02-21T12:11:54.151+0000] {processor.py:153} INFO - Started process (PID=2713) to work on /home/airflow/.local/lib/python3.7/site-packages/airflow/example_dags/example_dynamic_task_mapping.py
[2023-02-21T12:11:54.156+0000] {processor.py:743} INFO - Processing file /home/airflow/.local/lib/python3.7/site-packages/airflow/example_dags/example_dynamic_task_mapping.py for tasks to queue
[2023-02-21T12:11:54.165+0000] {logging_mixin.py:137} INFO - [2023-02-21T12:11:54.164+0000] {dagbag.py:538} INFO - Filling up the DagBag from /home/airflow/.local/lib/python3.7/site-packages/airflow/example_dags/example_dynamic_task_mapping.py
[2023-02-21T12:11:54.208+0000] {processor.py:753} INFO - DAG(s) dict_keys(['example_dynamic_task_mapping']) retrieved from /home/airflow/.local/lib/python3.7/site-packages/airflow/example_dags/example_dynamic_task_mapping.py
[2023-02-21T12:11:54.351+0000] {logging_mixin.py:137} INFO - [2023-02-21T12:11:54.351+0000] {dag.py:2690} INFO - Sync 1 DAGs
[2023-02-21T12:11:54.497+0000] {logging_mixin.py:137} INFO - [2023-02-21T12:11:54.497+0000] {dag.py:3441} INFO - Setting next_dagrun for example_dynamic_task_mapping to 2022-03-04T00:00:00+00:00, run_after=2022-03-05T00:00:00+00:00
[2023-02-21T12:11:54.564+0000] {processor.py:175} INFO - Processing /home/airflow/.local/lib/python3.7/site-packages/airflow/example_dags/example_dynamic_task_mapping.py took 0.438 seconds
[2023-02-21T12:12:24.956+0000] {processor.py:153} INFO - Started process (PID=2780) to work on /home/airflow/.local/lib/python3.7/site-packages/airflow/example_dags/example_dynamic_task_mapping.py
[2023-02-21T12:12:24.960+0000] {processor.py:743} INFO - Processing file /home/airflow/.local/lib/python3.7/site-packages/airflow/example_dags/example_dynamic_task_mapping.py for tasks to queue
[2023-02-21T12:12:24.968+0000] {logging_mixin.py:137} INFO - [2023-02-21T12:12:24.967+0000] {dagbag.py:538} INFO - Filling up the DagBag from /home/airflow/.local/lib/python3.7/site-packages/airflow/example_dags/example_dynamic_task_mapping.py
[2023-02-21T12:12:25.083+0000] {processor.py:753} INFO - DAG(s) dict_keys(['example_dynamic_task_mapping']) retrieved from /home/airflow/.local/lib/python3.7/site-packages/airflow/example_dags/example_dynamic_task_mapping.py
[2023-02-21T12:12:25.141+0000] {logging_mixin.py:137} INFO - [2023-02-21T12:12:25.141+0000] {dag.py:2690} INFO - Sync 1 DAGs
[2023-02-21T12:12:25.214+0000] {logging_mixin.py:137} INFO - [2023-02-21T12:12:25.214+0000] {dag.py:3441} INFO - Setting next_dagrun for example_dynamic_task_mapping to 2022-03-04T00:00:00+00:00, run_after=2022-03-05T00:00:00+00:00
[2023-02-21T12:12:25.266+0000] {processor.py:175} INFO - Processing /home/airflow/.local/lib/python3.7/site-packages/airflow/example_dags/example_dynamic_task_mapping.py took 0.330 seconds
[2023-02-21T12:12:55.527+0000] {processor.py:153} INFO - Started process (PID=2841) to work on /home/airflow/.local/lib/python3.7/site-packages/airflow/example_dags/example_dynamic_task_mapping.py
[2023-02-21T12:12:55.544+0000] {processor.py:743} INFO - Processing file /home/airflow/.local/lib/python3.7/site-packages/airflow/example_dags/example_dynamic_task_mapping.py for tasks to queue
[2023-02-21T12:12:55.549+0000] {logging_mixin.py:137} INFO - [2023-02-21T12:12:55.548+0000] {dagbag.py:538} INFO - Filling up the DagBag from /home/airflow/.local/lib/python3.7/site-packages/airflow/example_dags/example_dynamic_task_mapping.py
[2023-02-21T12:12:55.678+0000] {processor.py:753} INFO - DAG(s) dict_keys(['example_dynamic_task_mapping']) retrieved from /home/airflow/.local/lib/python3.7/site-packages/airflow/example_dags/example_dynamic_task_mapping.py
[2023-02-21T12:12:55.773+0000] {logging_mixin.py:137} INFO - [2023-02-21T12:12:55.772+0000] {dag.py:2690} INFO - Sync 1 DAGs
[2023-02-21T12:12:55.832+0000] {logging_mixin.py:137} INFO - [2023-02-21T12:12:55.832+0000] {dag.py:3441} INFO - Setting next_dagrun for example_dynamic_task_mapping to 2022-03-04T00:00:00+00:00, run_after=2022-03-05T00:00:00+00:00
[2023-02-21T12:12:55.899+0000] {processor.py:175} INFO - Processing /home/airflow/.local/lib/python3.7/site-packages/airflow/example_dags/example_dynamic_task_mapping.py took 0.403 seconds
[2023-02-21T12:13:26.347+0000] {processor.py:153} INFO - Started process (PID=2900) to work on /home/airflow/.local/lib/python3.7/site-packages/airflow/example_dags/example_dynamic_task_mapping.py
[2023-02-21T12:13:26.350+0000] {processor.py:743} INFO - Processing file /home/airflow/.local/lib/python3.7/site-packages/airflow/example_dags/example_dynamic_task_mapping.py for tasks to queue
[2023-02-21T12:13:26.354+0000] {logging_mixin.py:137} INFO - [2023-02-21T12:13:26.353+0000] {dagbag.py:538} INFO - Filling up the DagBag from /home/airflow/.local/lib/python3.7/site-packages/airflow/example_dags/example_dynamic_task_mapping.py
[2023-02-21T12:13:26.395+0000] {processor.py:753} INFO - DAG(s) dict_keys(['example_dynamic_task_mapping']) retrieved from /home/airflow/.local/lib/python3.7/site-packages/airflow/example_dags/example_dynamic_task_mapping.py
[2023-02-21T12:13:26.457+0000] {logging_mixin.py:137} INFO - [2023-02-21T12:13:26.456+0000] {dag.py:2690} INFO - Sync 1 DAGs
[2023-02-21T12:13:26.499+0000] {logging_mixin.py:137} INFO - [2023-02-21T12:13:26.499+0000] {dag.py:3441} INFO - Setting next_dagrun for example_dynamic_task_mapping to 2022-03-04T00:00:00+00:00, run_after=2022-03-05T00:00:00+00:00
[2023-02-21T12:13:26.541+0000] {processor.py:175} INFO - Processing /home/airflow/.local/lib/python3.7/site-packages/airflow/example_dags/example_dynamic_task_mapping.py took 0.207 seconds
[2023-02-21T12:13:56.799+0000] {processor.py:153} INFO - Started process (PID=2969) to work on /home/airflow/.local/lib/python3.7/site-packages/airflow/example_dags/example_dynamic_task_mapping.py
[2023-02-21T12:13:56.803+0000] {processor.py:743} INFO - Processing file /home/airflow/.local/lib/python3.7/site-packages/airflow/example_dags/example_dynamic_task_mapping.py for tasks to queue
[2023-02-21T12:13:56.805+0000] {logging_mixin.py:137} INFO - [2023-02-21T12:13:56.805+0000] {dagbag.py:538} INFO - Filling up the DagBag from /home/airflow/.local/lib/python3.7/site-packages/airflow/example_dags/example_dynamic_task_mapping.py
[2023-02-21T12:13:56.887+0000] {processor.py:753} INFO - DAG(s) dict_keys(['example_dynamic_task_mapping']) retrieved from /home/airflow/.local/lib/python3.7/site-packages/airflow/example_dags/example_dynamic_task_mapping.py
[2023-02-21T12:13:56.949+0000] {logging_mixin.py:137} INFO - [2023-02-21T12:13:56.949+0000] {dag.py:2690} INFO - Sync 1 DAGs
[2023-02-21T12:13:57.058+0000] {logging_mixin.py:137} INFO - [2023-02-21T12:13:57.058+0000] {dag.py:3441} INFO - Setting next_dagrun for example_dynamic_task_mapping to 2022-03-04T00:00:00+00:00, run_after=2022-03-05T00:00:00+00:00
[2023-02-21T12:13:57.113+0000] {processor.py:175} INFO - Processing /home/airflow/.local/lib/python3.7/site-packages/airflow/example_dags/example_dynamic_task_mapping.py took 0.334 seconds
[2023-02-21T12:14:27.627+0000] {processor.py:153} INFO - Started process (PID=3028) to work on /home/airflow/.local/lib/python3.7/site-packages/airflow/example_dags/example_dynamic_task_mapping.py
[2023-02-21T12:14:27.632+0000] {processor.py:743} INFO - Processing file /home/airflow/.local/lib/python3.7/site-packages/airflow/example_dags/example_dynamic_task_mapping.py for tasks to queue
[2023-02-21T12:14:27.635+0000] {logging_mixin.py:137} INFO - [2023-02-21T12:14:27.635+0000] {dagbag.py:538} INFO - Filling up the DagBag from /home/airflow/.local/lib/python3.7/site-packages/airflow/example_dags/example_dynamic_task_mapping.py
[2023-02-21T12:14:27.673+0000] {processor.py:753} INFO - DAG(s) dict_keys(['example_dynamic_task_mapping']) retrieved from /home/airflow/.local/lib/python3.7/site-packages/airflow/example_dags/example_dynamic_task_mapping.py
[2023-02-21T12:14:27.734+0000] {logging_mixin.py:137} INFO - [2023-02-21T12:14:27.733+0000] {dag.py:2690} INFO - Sync 1 DAGs
[2023-02-21T12:14:27.774+0000] {logging_mixin.py:137} INFO - [2023-02-21T12:14:27.774+0000] {dag.py:3441} INFO - Setting next_dagrun for example_dynamic_task_mapping to 2022-03-04T00:00:00+00:00, run_after=2022-03-05T00:00:00+00:00
[2023-02-21T12:14:27.810+0000] {processor.py:175} INFO - Processing /home/airflow/.local/lib/python3.7/site-packages/airflow/example_dags/example_dynamic_task_mapping.py took 0.195 seconds
[2023-02-21T12:14:58.064+0000] {processor.py:153} INFO - Started process (PID=3088) to work on /home/airflow/.local/lib/python3.7/site-packages/airflow/example_dags/example_dynamic_task_mapping.py
[2023-02-21T12:14:58.069+0000] {processor.py:743} INFO - Processing file /home/airflow/.local/lib/python3.7/site-packages/airflow/example_dags/example_dynamic_task_mapping.py for tasks to queue
[2023-02-21T12:14:58.073+0000] {logging_mixin.py:137} INFO - [2023-02-21T12:14:58.072+0000] {dagbag.py:538} INFO - Filling up the DagBag from /home/airflow/.local/lib/python3.7/site-packages/airflow/example_dags/example_dynamic_task_mapping.py
[2023-02-21T12:14:58.156+0000] {processor.py:753} INFO - DAG(s) dict_keys(['example_dynamic_task_mapping']) retrieved from /home/airflow/.local/lib/python3.7/site-packages/airflow/example_dags/example_dynamic_task_mapping.py
[2023-02-21T12:14:58.213+0000] {logging_mixin.py:137} INFO - [2023-02-21T12:14:58.213+0000] {dag.py:2690} INFO - Sync 1 DAGs
[2023-02-21T12:14:58.263+0000] {logging_mixin.py:137} INFO - [2023-02-21T12:14:58.263+0000] {dag.py:3441} INFO - Setting next_dagrun for example_dynamic_task_mapping to 2022-03-04T00:00:00+00:00, run_after=2022-03-05T00:00:00+00:00
[2023-02-21T12:14:58.312+0000] {processor.py:175} INFO - Processing /home/airflow/.local/lib/python3.7/site-packages/airflow/example_dags/example_dynamic_task_mapping.py took 0.270 seconds
[2023-02-21T12:15:28.947+0000] {processor.py:153} INFO - Started process (PID=3159) to work on /home/airflow/.local/lib/python3.7/site-packages/airflow/example_dags/example_dynamic_task_mapping.py
[2023-02-21T12:15:28.950+0000] {processor.py:743} INFO - Processing file /home/airflow/.local/lib/python3.7/site-packages/airflow/example_dags/example_dynamic_task_mapping.py for tasks to queue
[2023-02-21T12:15:28.953+0000] {logging_mixin.py:137} INFO - [2023-02-21T12:15:28.952+0000] {dagbag.py:538} INFO - Filling up the DagBag from /home/airflow/.local/lib/python3.7/site-packages/airflow/example_dags/example_dynamic_task_mapping.py
[2023-02-21T12:15:29.029+0000] {processor.py:753} INFO - DAG(s) dict_keys(['example_dynamic_task_mapping']) retrieved from /home/airflow/.local/lib/python3.7/site-packages/airflow/example_dags/example_dynamic_task_mapping.py
[2023-02-21T12:15:29.102+0000] {logging_mixin.py:137} INFO - [2023-02-21T12:15:29.102+0000] {dag.py:2690} INFO - Sync 1 DAGs
[2023-02-21T12:15:29.159+0000] {logging_mixin.py:137} INFO - [2023-02-21T12:15:29.159+0000] {dag.py:3441} INFO - Setting next_dagrun for example_dynamic_task_mapping to 2022-03-04T00:00:00+00:00, run_after=2022-03-05T00:00:00+00:00
[2023-02-21T12:15:29.217+0000] {processor.py:175} INFO - Processing /home/airflow/.local/lib/python3.7/site-packages/airflow/example_dags/example_dynamic_task_mapping.py took 0.277 seconds
[2023-02-21T12:15:59.341+0000] {processor.py:153} INFO - Started process (PID=3217) to work on /home/airflow/.local/lib/python3.7/site-packages/airflow/example_dags/example_dynamic_task_mapping.py
[2023-02-21T12:15:59.346+0000] {processor.py:743} INFO - Processing file /home/airflow/.local/lib/python3.7/site-packages/airflow/example_dags/example_dynamic_task_mapping.py for tasks to queue
[2023-02-21T12:15:59.362+0000] {logging_mixin.py:137} INFO - [2023-02-21T12:15:59.361+0000] {dagbag.py:538} INFO - Filling up the DagBag from /home/airflow/.local/lib/python3.7/site-packages/airflow/example_dags/example_dynamic_task_mapping.py
[2023-02-21T12:15:59.580+0000] {processor.py:753} INFO - DAG(s) dict_keys(['example_dynamic_task_mapping']) retrieved from /home/airflow/.local/lib/python3.7/site-packages/airflow/example_dags/example_dynamic_task_mapping.py
[2023-02-21T12:15:59.681+0000] {logging_mixin.py:137} INFO - [2023-02-21T12:15:59.680+0000] {dag.py:2690} INFO - Sync 1 DAGs
[2023-02-21T12:15:59.786+0000] {logging_mixin.py:137} INFO - [2023-02-21T12:15:59.785+0000] {dag.py:3441} INFO - Setting next_dagrun for example_dynamic_task_mapping to 2022-03-04T00:00:00+00:00, run_after=2022-03-05T00:00:00+00:00
[2023-02-21T12:15:59.839+0000] {processor.py:175} INFO - Processing /home/airflow/.local/lib/python3.7/site-packages/airflow/example_dags/example_dynamic_task_mapping.py took 0.507 seconds
[2023-02-21T12:16:29.968+0000] {processor.py:153} INFO - Started process (PID=3277) to work on /home/airflow/.local/lib/python3.7/site-packages/airflow/example_dags/example_dynamic_task_mapping.py
[2023-02-21T12:16:29.971+0000] {processor.py:743} INFO - Processing file /home/airflow/.local/lib/python3.7/site-packages/airflow/example_dags/example_dynamic_task_mapping.py for tasks to queue
[2023-02-21T12:16:29.976+0000] {logging_mixin.py:137} INFO - [2023-02-21T12:16:29.976+0000] {dagbag.py:538} INFO - Filling up the DagBag from /home/airflow/.local/lib/python3.7/site-packages/airflow/example_dags/example_dynamic_task_mapping.py
[2023-02-21T12:16:30.011+0000] {processor.py:753} INFO - DAG(s) dict_keys(['example_dynamic_task_mapping']) retrieved from /home/airflow/.local/lib/python3.7/site-packages/airflow/example_dags/example_dynamic_task_mapping.py
[2023-02-21T12:16:30.058+0000] {logging_mixin.py:137} INFO - [2023-02-21T12:16:30.058+0000] {dag.py:2690} INFO - Sync 1 DAGs
[2023-02-21T12:16:30.106+0000] {logging_mixin.py:137} INFO - [2023-02-21T12:16:30.106+0000] {dag.py:3441} INFO - Setting next_dagrun for example_dynamic_task_mapping to 2022-03-04T00:00:00+00:00, run_after=2022-03-05T00:00:00+00:00
[2023-02-21T12:16:30.170+0000] {processor.py:175} INFO - Processing /home/airflow/.local/lib/python3.7/site-packages/airflow/example_dags/example_dynamic_task_mapping.py took 0.207 seconds
[2023-02-21T12:17:00.421+0000] {processor.py:153} INFO - Started process (PID=3337) to work on /home/airflow/.local/lib/python3.7/site-packages/airflow/example_dags/example_dynamic_task_mapping.py
[2023-02-21T12:17:00.427+0000] {processor.py:743} INFO - Processing file /home/airflow/.local/lib/python3.7/site-packages/airflow/example_dags/example_dynamic_task_mapping.py for tasks to queue
[2023-02-21T12:17:00.431+0000] {logging_mixin.py:137} INFO - [2023-02-21T12:17:00.431+0000] {dagbag.py:538} INFO - Filling up the DagBag from /home/airflow/.local/lib/python3.7/site-packages/airflow/example_dags/example_dynamic_task_mapping.py
[2023-02-21T12:17:00.527+0000] {processor.py:753} INFO - DAG(s) dict_keys(['example_dynamic_task_mapping']) retrieved from /home/airflow/.local/lib/python3.7/site-packages/airflow/example_dags/example_dynamic_task_mapping.py
[2023-02-21T12:17:00.688+0000] {logging_mixin.py:137} INFO - [2023-02-21T12:17:00.688+0000] {dag.py:2690} INFO - Sync 1 DAGs
[2023-02-21T12:17:00.770+0000] {logging_mixin.py:137} INFO - [2023-02-21T12:17:00.770+0000] {dag.py:3441} INFO - Setting next_dagrun for example_dynamic_task_mapping to 2022-03-04T00:00:00+00:00, run_after=2022-03-05T00:00:00+00:00
[2023-02-21T12:17:00.870+0000] {processor.py:175} INFO - Processing /home/airflow/.local/lib/python3.7/site-packages/airflow/example_dags/example_dynamic_task_mapping.py took 0.481 seconds
[2023-02-21T12:17:32.028+0000] {processor.py:153} INFO - Started process (PID=3395) to work on /home/airflow/.local/lib/python3.7/site-packages/airflow/example_dags/example_dynamic_task_mapping.py
[2023-02-21T12:17:32.030+0000] {processor.py:743} INFO - Processing file /home/airflow/.local/lib/python3.7/site-packages/airflow/example_dags/example_dynamic_task_mapping.py for tasks to queue
[2023-02-21T12:17:32.033+0000] {logging_mixin.py:137} INFO - [2023-02-21T12:17:32.032+0000] {dagbag.py:538} INFO - Filling up the DagBag from /home/airflow/.local/lib/python3.7/site-packages/airflow/example_dags/example_dynamic_task_mapping.py
[2023-02-21T12:17:32.131+0000] {processor.py:753} INFO - DAG(s) dict_keys(['example_dynamic_task_mapping']) retrieved from /home/airflow/.local/lib/python3.7/site-packages/airflow/example_dags/example_dynamic_task_mapping.py
[2023-02-21T12:17:32.452+0000] {logging_mixin.py:137} INFO - [2023-02-21T12:17:32.451+0000] {dag.py:2690} INFO - Sync 1 DAGs
[2023-02-21T12:17:32.828+0000] {logging_mixin.py:137} INFO - [2023-02-21T12:17:32.828+0000] {dag.py:3441} INFO - Setting next_dagrun for example_dynamic_task_mapping to 2022-03-04T00:00:00+00:00, run_after=2022-03-05T00:00:00+00:00
[2023-02-21T12:17:32.904+0000] {processor.py:175} INFO - Processing /home/airflow/.local/lib/python3.7/site-packages/airflow/example_dags/example_dynamic_task_mapping.py took 0.915 seconds
[2023-02-21T12:18:03.386+0000] {processor.py:153} INFO - Started process (PID=3452) to work on /home/airflow/.local/lib/python3.7/site-packages/airflow/example_dags/example_dynamic_task_mapping.py
[2023-02-21T12:18:03.389+0000] {processor.py:743} INFO - Processing file /home/airflow/.local/lib/python3.7/site-packages/airflow/example_dags/example_dynamic_task_mapping.py for tasks to queue
[2023-02-21T12:18:03.392+0000] {logging_mixin.py:137} INFO - [2023-02-21T12:18:03.391+0000] {dagbag.py:538} INFO - Filling up the DagBag from /home/airflow/.local/lib/python3.7/site-packages/airflow/example_dags/example_dynamic_task_mapping.py
[2023-02-21T12:18:03.444+0000] {processor.py:753} INFO - DAG(s) dict_keys(['example_dynamic_task_mapping']) retrieved from /home/airflow/.local/lib/python3.7/site-packages/airflow/example_dags/example_dynamic_task_mapping.py
[2023-02-21T12:18:03.514+0000] {logging_mixin.py:137} INFO - [2023-02-21T12:18:03.514+0000] {dag.py:2690} INFO - Sync 1 DAGs
[2023-02-21T12:18:03.573+0000] {logging_mixin.py:137} INFO - [2023-02-21T12:18:03.573+0000] {dag.py:3441} INFO - Setting next_dagrun for example_dynamic_task_mapping to 2022-03-04T00:00:00+00:00, run_after=2022-03-05T00:00:00+00:00
[2023-02-21T12:18:03.608+0000] {processor.py:175} INFO - Processing /home/airflow/.local/lib/python3.7/site-packages/airflow/example_dags/example_dynamic_task_mapping.py took 0.235 seconds
[2023-02-21T12:18:33.852+0000] {processor.py:153} INFO - Started process (PID=3509) to work on /home/airflow/.local/lib/python3.7/site-packages/airflow/example_dags/example_dynamic_task_mapping.py
[2023-02-21T12:18:33.863+0000] {processor.py:743} INFO - Processing file /home/airflow/.local/lib/python3.7/site-packages/airflow/example_dags/example_dynamic_task_mapping.py for tasks to queue
[2023-02-21T12:18:33.873+0000] {logging_mixin.py:137} INFO - [2023-02-21T12:18:33.872+0000] {dagbag.py:538} INFO - Filling up the DagBag from /home/airflow/.local/lib/python3.7/site-packages/airflow/example_dags/example_dynamic_task_mapping.py
[2023-02-21T12:18:33.986+0000] {processor.py:753} INFO - DAG(s) dict_keys(['example_dynamic_task_mapping']) retrieved from /home/airflow/.local/lib/python3.7/site-packages/airflow/example_dags/example_dynamic_task_mapping.py
[2023-02-21T12:18:34.082+0000] {logging_mixin.py:137} INFO - [2023-02-21T12:18:34.082+0000] {dag.py:2690} INFO - Sync 1 DAGs
[2023-02-21T12:18:34.180+0000] {logging_mixin.py:137} INFO - [2023-02-21T12:18:34.180+0000] {dag.py:3441} INFO - Setting next_dagrun for example_dynamic_task_mapping to 2022-03-04T00:00:00+00:00, run_after=2022-03-05T00:00:00+00:00
[2023-02-21T12:18:34.240+0000] {processor.py:175} INFO - Processing /home/airflow/.local/lib/python3.7/site-packages/airflow/example_dags/example_dynamic_task_mapping.py took 0.408 seconds
[2023-02-21T12:19:04.432+0000] {processor.py:153} INFO - Started process (PID=3561) to work on /home/airflow/.local/lib/python3.7/site-packages/airflow/example_dags/example_dynamic_task_mapping.py
[2023-02-21T12:19:04.435+0000] {processor.py:743} INFO - Processing file /home/airflow/.local/lib/python3.7/site-packages/airflow/example_dags/example_dynamic_task_mapping.py for tasks to queue
[2023-02-21T12:19:04.437+0000] {logging_mixin.py:137} INFO - [2023-02-21T12:19:04.437+0000] {dagbag.py:538} INFO - Filling up the DagBag from /home/airflow/.local/lib/python3.7/site-packages/airflow/example_dags/example_dynamic_task_mapping.py
[2023-02-21T12:19:04.489+0000] {processor.py:753} INFO - DAG(s) dict_keys(['example_dynamic_task_mapping']) retrieved from /home/airflow/.local/lib/python3.7/site-packages/airflow/example_dags/example_dynamic_task_mapping.py
[2023-02-21T12:19:04.558+0000] {logging_mixin.py:137} INFO - [2023-02-21T12:19:04.558+0000] {dag.py:2690} INFO - Sync 1 DAGs
[2023-02-21T12:19:04.634+0000] {logging_mixin.py:137} INFO - [2023-02-21T12:19:04.634+0000] {dag.py:3441} INFO - Setting next_dagrun for example_dynamic_task_mapping to 2022-03-04T00:00:00+00:00, run_after=2022-03-05T00:00:00+00:00
[2023-02-21T12:19:04.726+0000] {processor.py:175} INFO - Processing /home/airflow/.local/lib/python3.7/site-packages/airflow/example_dags/example_dynamic_task_mapping.py took 0.301 seconds
[2023-02-21T12:19:35.979+0000] {processor.py:153} INFO - Started process (PID=3619) to work on /home/airflow/.local/lib/python3.7/site-packages/airflow/example_dags/example_dynamic_task_mapping.py
[2023-02-21T12:19:35.984+0000] {processor.py:743} INFO - Processing file /home/airflow/.local/lib/python3.7/site-packages/airflow/example_dags/example_dynamic_task_mapping.py for tasks to queue
[2023-02-21T12:19:35.987+0000] {logging_mixin.py:137} INFO - [2023-02-21T12:19:35.987+0000] {dagbag.py:538} INFO - Filling up the DagBag from /home/airflow/.local/lib/python3.7/site-packages/airflow/example_dags/example_dynamic_task_mapping.py
[2023-02-21T12:19:36.079+0000] {processor.py:753} INFO - DAG(s) dict_keys(['example_dynamic_task_mapping']) retrieved from /home/airflow/.local/lib/python3.7/site-packages/airflow/example_dags/example_dynamic_task_mapping.py
[2023-02-21T12:19:36.154+0000] {logging_mixin.py:137} INFO - [2023-02-21T12:19:36.154+0000] {dag.py:2690} INFO - Sync 1 DAGs
[2023-02-21T12:19:36.281+0000] {logging_mixin.py:137} INFO - [2023-02-21T12:19:36.281+0000] {dag.py:3441} INFO - Setting next_dagrun for example_dynamic_task_mapping to 2022-03-04T00:00:00+00:00, run_after=2022-03-05T00:00:00+00:00
[2023-02-21T12:19:36.374+0000] {processor.py:175} INFO - Processing /home/airflow/.local/lib/python3.7/site-packages/airflow/example_dags/example_dynamic_task_mapping.py took 0.406 seconds
[2023-02-21T12:20:06.741+0000] {processor.py:153} INFO - Started process (PID=3677) to work on /home/airflow/.local/lib/python3.7/site-packages/airflow/example_dags/example_dynamic_task_mapping.py
[2023-02-21T12:20:06.757+0000] {processor.py:743} INFO - Processing file /home/airflow/.local/lib/python3.7/site-packages/airflow/example_dags/example_dynamic_task_mapping.py for tasks to queue
[2023-02-21T12:20:06.767+0000] {logging_mixin.py:137} INFO - [2023-02-21T12:20:06.767+0000] {dagbag.py:538} INFO - Filling up the DagBag from /home/airflow/.local/lib/python3.7/site-packages/airflow/example_dags/example_dynamic_task_mapping.py
[2023-02-21T12:20:06.838+0000] {processor.py:753} INFO - DAG(s) dict_keys(['example_dynamic_task_mapping']) retrieved from /home/airflow/.local/lib/python3.7/site-packages/airflow/example_dags/example_dynamic_task_mapping.py
[2023-02-21T12:20:06.971+0000] {logging_mixin.py:137} INFO - [2023-02-21T12:20:06.971+0000] {dag.py:2690} INFO - Sync 1 DAGs
[2023-02-21T12:20:07.069+0000] {logging_mixin.py:137} INFO - [2023-02-21T12:20:07.069+0000] {dag.py:3441} INFO - Setting next_dagrun for example_dynamic_task_mapping to 2022-03-04T00:00:00+00:00, run_after=2022-03-05T00:00:00+00:00
[2023-02-21T12:20:07.186+0000] {processor.py:175} INFO - Processing /home/airflow/.local/lib/python3.7/site-packages/airflow/example_dags/example_dynamic_task_mapping.py took 0.457 seconds
[2023-02-21T12:20:37.732+0000] {processor.py:153} INFO - Started process (PID=3734) to work on /home/airflow/.local/lib/python3.7/site-packages/airflow/example_dags/example_dynamic_task_mapping.py
[2023-02-21T12:20:37.736+0000] {processor.py:743} INFO - Processing file /home/airflow/.local/lib/python3.7/site-packages/airflow/example_dags/example_dynamic_task_mapping.py for tasks to queue
[2023-02-21T12:20:37.756+0000] {logging_mixin.py:137} INFO - [2023-02-21T12:20:37.756+0000] {dagbag.py:538} INFO - Filling up the DagBag from /home/airflow/.local/lib/python3.7/site-packages/airflow/example_dags/example_dynamic_task_mapping.py
[2023-02-21T12:20:37.919+0000] {processor.py:753} INFO - DAG(s) dict_keys(['example_dynamic_task_mapping']) retrieved from /home/airflow/.local/lib/python3.7/site-packages/airflow/example_dags/example_dynamic_task_mapping.py
[2023-02-21T12:20:38.051+0000] {logging_mixin.py:137} INFO - [2023-02-21T12:20:38.050+0000] {dag.py:2690} INFO - Sync 1 DAGs
[2023-02-21T12:20:38.227+0000] {logging_mixin.py:137} INFO - [2023-02-21T12:20:38.227+0000] {dag.py:3441} INFO - Setting next_dagrun for example_dynamic_task_mapping to 2022-03-04T00:00:00+00:00, run_after=2022-03-05T00:00:00+00:00
[2023-02-21T12:20:38.307+0000] {processor.py:175} INFO - Processing /home/airflow/.local/lib/python3.7/site-packages/airflow/example_dags/example_dynamic_task_mapping.py took 0.584 seconds
[2023-02-21T12:21:08.677+0000] {processor.py:153} INFO - Started process (PID=3804) to work on /home/airflow/.local/lib/python3.7/site-packages/airflow/example_dags/example_dynamic_task_mapping.py
[2023-02-21T12:21:08.686+0000] {processor.py:743} INFO - Processing file /home/airflow/.local/lib/python3.7/site-packages/airflow/example_dags/example_dynamic_task_mapping.py for tasks to queue
[2023-02-21T12:21:08.690+0000] {logging_mixin.py:137} INFO - [2023-02-21T12:21:08.689+0000] {dagbag.py:538} INFO - Filling up the DagBag from /home/airflow/.local/lib/python3.7/site-packages/airflow/example_dags/example_dynamic_task_mapping.py
[2023-02-21T12:21:08.765+0000] {processor.py:753} INFO - DAG(s) dict_keys(['example_dynamic_task_mapping']) retrieved from /home/airflow/.local/lib/python3.7/site-packages/airflow/example_dags/example_dynamic_task_mapping.py
[2023-02-21T12:21:08.831+0000] {logging_mixin.py:137} INFO - [2023-02-21T12:21:08.830+0000] {dag.py:2690} INFO - Sync 1 DAGs
[2023-02-21T12:21:08.883+0000] {logging_mixin.py:137} INFO - [2023-02-21T12:21:08.883+0000] {dag.py:3441} INFO - Setting next_dagrun for example_dynamic_task_mapping to 2022-03-04T00:00:00+00:00, run_after=2022-03-05T00:00:00+00:00
[2023-02-21T12:21:08.999+0000] {processor.py:175} INFO - Processing /home/airflow/.local/lib/python3.7/site-packages/airflow/example_dags/example_dynamic_task_mapping.py took 0.312 seconds
[2023-02-21T12:21:39.258+0000] {processor.py:153} INFO - Started process (PID=3864) to work on /home/airflow/.local/lib/python3.7/site-packages/airflow/example_dags/example_dynamic_task_mapping.py
[2023-02-21T12:21:39.264+0000] {processor.py:743} INFO - Processing file /home/airflow/.local/lib/python3.7/site-packages/airflow/example_dags/example_dynamic_task_mapping.py for tasks to queue
[2023-02-21T12:21:39.268+0000] {logging_mixin.py:137} INFO - [2023-02-21T12:21:39.267+0000] {dagbag.py:538} INFO - Filling up the DagBag from /home/airflow/.local/lib/python3.7/site-packages/airflow/example_dags/example_dynamic_task_mapping.py
[2023-02-21T12:21:39.316+0000] {processor.py:753} INFO - DAG(s) dict_keys(['example_dynamic_task_mapping']) retrieved from /home/airflow/.local/lib/python3.7/site-packages/airflow/example_dags/example_dynamic_task_mapping.py
[2023-02-21T12:21:39.362+0000] {logging_mixin.py:137} INFO - [2023-02-21T12:21:39.361+0000] {dag.py:2690} INFO - Sync 1 DAGs
[2023-02-21T12:21:39.408+0000] {logging_mixin.py:137} INFO - [2023-02-21T12:21:39.408+0000] {dag.py:3441} INFO - Setting next_dagrun for example_dynamic_task_mapping to 2022-03-04T00:00:00+00:00, run_after=2022-03-05T00:00:00+00:00
[2023-02-21T12:21:39.443+0000] {processor.py:175} INFO - Processing /home/airflow/.local/lib/python3.7/site-packages/airflow/example_dags/example_dynamic_task_mapping.py took 0.193 seconds
[2023-02-21T12:22:09.562+0000] {processor.py:153} INFO - Started process (PID=3922) to work on /home/airflow/.local/lib/python3.7/site-packages/airflow/example_dags/example_dynamic_task_mapping.py
[2023-02-21T12:22:09.578+0000] {processor.py:743} INFO - Processing file /home/airflow/.local/lib/python3.7/site-packages/airflow/example_dags/example_dynamic_task_mapping.py for tasks to queue
[2023-02-21T12:22:09.597+0000] {logging_mixin.py:137} INFO - [2023-02-21T12:22:09.596+0000] {dagbag.py:538} INFO - Filling up the DagBag from /home/airflow/.local/lib/python3.7/site-packages/airflow/example_dags/example_dynamic_task_mapping.py
[2023-02-21T12:22:09.707+0000] {processor.py:753} INFO - DAG(s) dict_keys(['example_dynamic_task_mapping']) retrieved from /home/airflow/.local/lib/python3.7/site-packages/airflow/example_dags/example_dynamic_task_mapping.py
[2023-02-21T12:22:09.821+0000] {logging_mixin.py:137} INFO - [2023-02-21T12:22:09.821+0000] {dag.py:2690} INFO - Sync 1 DAGs
[2023-02-21T12:22:09.949+0000] {logging_mixin.py:137} INFO - [2023-02-21T12:22:09.949+0000] {dag.py:3441} INFO - Setting next_dagrun for example_dynamic_task_mapping to 2022-03-04T00:00:00+00:00, run_after=2022-03-05T00:00:00+00:00
[2023-02-21T12:22:10.049+0000] {processor.py:175} INFO - Processing /home/airflow/.local/lib/python3.7/site-packages/airflow/example_dags/example_dynamic_task_mapping.py took 0.531 seconds
[2023-02-21T12:22:40.197+0000] {processor.py:153} INFO - Started process (PID=3981) to work on /home/airflow/.local/lib/python3.7/site-packages/airflow/example_dags/example_dynamic_task_mapping.py
[2023-02-21T12:22:40.215+0000] {processor.py:743} INFO - Processing file /home/airflow/.local/lib/python3.7/site-packages/airflow/example_dags/example_dynamic_task_mapping.py for tasks to queue
[2023-02-21T12:22:40.226+0000] {logging_mixin.py:137} INFO - [2023-02-21T12:22:40.226+0000] {dagbag.py:538} INFO - Filling up the DagBag from /home/airflow/.local/lib/python3.7/site-packages/airflow/example_dags/example_dynamic_task_mapping.py
[2023-02-21T12:22:40.502+0000] {processor.py:753} INFO - DAG(s) dict_keys(['example_dynamic_task_mapping']) retrieved from /home/airflow/.local/lib/python3.7/site-packages/airflow/example_dags/example_dynamic_task_mapping.py
[2023-02-21T12:22:40.719+0000] {logging_mixin.py:137} INFO - [2023-02-21T12:22:40.719+0000] {dag.py:2690} INFO - Sync 1 DAGs
[2023-02-21T12:22:40.918+0000] {logging_mixin.py:137} INFO - [2023-02-21T12:22:40.918+0000] {dag.py:3441} INFO - Setting next_dagrun for example_dynamic_task_mapping to 2022-03-04T00:00:00+00:00, run_after=2022-03-05T00:00:00+00:00
[2023-02-21T12:22:41.034+0000] {processor.py:175} INFO - Processing /home/airflow/.local/lib/python3.7/site-packages/airflow/example_dags/example_dynamic_task_mapping.py took 0.859 seconds
[2023-02-21T12:23:11.328+0000] {processor.py:153} INFO - Started process (PID=4040) to work on /home/airflow/.local/lib/python3.7/site-packages/airflow/example_dags/example_dynamic_task_mapping.py
[2023-02-21T12:23:11.334+0000] {processor.py:743} INFO - Processing file /home/airflow/.local/lib/python3.7/site-packages/airflow/example_dags/example_dynamic_task_mapping.py for tasks to queue
[2023-02-21T12:23:11.337+0000] {logging_mixin.py:137} INFO - [2023-02-21T12:23:11.337+0000] {dagbag.py:538} INFO - Filling up the DagBag from /home/airflow/.local/lib/python3.7/site-packages/airflow/example_dags/example_dynamic_task_mapping.py
[2023-02-21T12:23:11.377+0000] {processor.py:753} INFO - DAG(s) dict_keys(['example_dynamic_task_mapping']) retrieved from /home/airflow/.local/lib/python3.7/site-packages/airflow/example_dags/example_dynamic_task_mapping.py
[2023-02-21T12:23:11.427+0000] {logging_mixin.py:137} INFO - [2023-02-21T12:23:11.427+0000] {dag.py:2690} INFO - Sync 1 DAGs
[2023-02-21T12:23:11.465+0000] {logging_mixin.py:137} INFO - [2023-02-21T12:23:11.465+0000] {dag.py:3441} INFO - Setting next_dagrun for example_dynamic_task_mapping to 2022-03-04T00:00:00+00:00, run_after=2022-03-05T00:00:00+00:00
[2023-02-21T12:23:11.495+0000] {processor.py:175} INFO - Processing /home/airflow/.local/lib/python3.7/site-packages/airflow/example_dags/example_dynamic_task_mapping.py took 0.178 seconds
[2023-02-21T12:23:41.738+0000] {processor.py:153} INFO - Started process (PID=4108) to work on /home/airflow/.local/lib/python3.7/site-packages/airflow/example_dags/example_dynamic_task_mapping.py
[2023-02-21T12:23:41.758+0000] {processor.py:743} INFO - Processing file /home/airflow/.local/lib/python3.7/site-packages/airflow/example_dags/example_dynamic_task_mapping.py for tasks to queue
[2023-02-21T12:23:41.765+0000] {logging_mixin.py:137} INFO - [2023-02-21T12:23:41.762+0000] {dagbag.py:538} INFO - Filling up the DagBag from /home/airflow/.local/lib/python3.7/site-packages/airflow/example_dags/example_dynamic_task_mapping.py
[2023-02-21T12:23:41.874+0000] {processor.py:753} INFO - DAG(s) dict_keys(['example_dynamic_task_mapping']) retrieved from /home/airflow/.local/lib/python3.7/site-packages/airflow/example_dags/example_dynamic_task_mapping.py
[2023-02-21T12:23:41.947+0000] {logging_mixin.py:137} INFO - [2023-02-21T12:23:41.947+0000] {dag.py:2690} INFO - Sync 1 DAGs
[2023-02-21T12:23:42.024+0000] {logging_mixin.py:137} INFO - [2023-02-21T12:23:42.024+0000] {dag.py:3441} INFO - Setting next_dagrun for example_dynamic_task_mapping to 2022-03-04T00:00:00+00:00, run_after=2022-03-05T00:00:00+00:00
[2023-02-21T12:23:42.075+0000] {processor.py:175} INFO - Processing /home/airflow/.local/lib/python3.7/site-packages/airflow/example_dags/example_dynamic_task_mapping.py took 0.347 seconds
[2023-02-21T12:24:12.241+0000] {processor.py:153} INFO - Started process (PID=4166) to work on /home/airflow/.local/lib/python3.7/site-packages/airflow/example_dags/example_dynamic_task_mapping.py
[2023-02-21T12:24:12.245+0000] {processor.py:743} INFO - Processing file /home/airflow/.local/lib/python3.7/site-packages/airflow/example_dags/example_dynamic_task_mapping.py for tasks to queue
[2023-02-21T12:24:12.254+0000] {logging_mixin.py:137} INFO - [2023-02-21T12:24:12.253+0000] {dagbag.py:538} INFO - Filling up the DagBag from /home/airflow/.local/lib/python3.7/site-packages/airflow/example_dags/example_dynamic_task_mapping.py
[2023-02-21T12:24:12.317+0000] {processor.py:753} INFO - DAG(s) dict_keys(['example_dynamic_task_mapping']) retrieved from /home/airflow/.local/lib/python3.7/site-packages/airflow/example_dags/example_dynamic_task_mapping.py
[2023-02-21T12:24:12.406+0000] {logging_mixin.py:137} INFO - [2023-02-21T12:24:12.404+0000] {dag.py:2690} INFO - Sync 1 DAGs
[2023-02-21T12:24:12.485+0000] {logging_mixin.py:137} INFO - [2023-02-21T12:24:12.475+0000] {dag.py:3441} INFO - Setting next_dagrun for example_dynamic_task_mapping to 2022-03-04T00:00:00+00:00, run_after=2022-03-05T00:00:00+00:00
[2023-02-21T12:24:12.579+0000] {processor.py:175} INFO - Processing /home/airflow/.local/lib/python3.7/site-packages/airflow/example_dags/example_dynamic_task_mapping.py took 0.357 seconds
