[2023-02-21T11:46:52.792+0000] {processor.py:153} INFO - Started process (PID=128) to work on /home/airflow/.local/lib/python3.7/site-packages/airflow/example_dags/example_nested_branch_dag.py
[2023-02-21T11:46:52.817+0000] {processor.py:743} INFO - Processing file /home/airflow/.local/lib/python3.7/site-packages/airflow/example_dags/example_nested_branch_dag.py for tasks to queue
[2023-02-21T11:46:52.835+0000] {logging_mixin.py:137} INFO - [2023-02-21T11:46:52.832+0000] {dagbag.py:538} INFO - Filling up the DagBag from /home/airflow/.local/lib/python3.7/site-packages/airflow/example_dags/example_nested_branch_dag.py
[2023-02-21T11:46:53.452+0000] {processor.py:753} INFO - DAG(s) dict_keys(['example_nested_branch_dag']) retrieved from /home/airflow/.local/lib/python3.7/site-packages/airflow/example_dags/example_nested_branch_dag.py
[2023-02-21T11:46:53.769+0000] {logging_mixin.py:137} INFO - [2023-02-21T11:46:53.765+0000] {dag.py:2690} INFO - Sync 1 DAGs
[2023-02-21T11:46:54.433+0000] {logging_mixin.py:137} INFO - [2023-02-21T11:46:54.433+0000] {dag.py:3441} INFO - Setting next_dagrun for example_nested_branch_dag to 2023-02-20T00:00:00+00:00, run_after=2023-02-21T00:00:00+00:00
[2023-02-21T11:46:55.258+0000] {processor.py:175} INFO - Processing /home/airflow/.local/lib/python3.7/site-packages/airflow/example_dags/example_nested_branch_dag.py took 2.512 seconds
[2023-02-21T11:47:38.038+0000] {processor.py:153} INFO - Started process (PID=184) to work on /home/airflow/.local/lib/python3.7/site-packages/airflow/example_dags/example_nested_branch_dag.py
[2023-02-21T11:47:38.070+0000] {processor.py:743} INFO - Processing file /home/airflow/.local/lib/python3.7/site-packages/airflow/example_dags/example_nested_branch_dag.py for tasks to queue
[2023-02-21T11:47:38.080+0000] {logging_mixin.py:137} INFO - [2023-02-21T11:47:38.077+0000] {dagbag.py:538} INFO - Filling up the DagBag from /home/airflow/.local/lib/python3.7/site-packages/airflow/example_dags/example_nested_branch_dag.py
[2023-02-21T11:47:39.518+0000] {processor.py:753} INFO - DAG(s) dict_keys(['example_nested_branch_dag']) retrieved from /home/airflow/.local/lib/python3.7/site-packages/airflow/example_dags/example_nested_branch_dag.py
[2023-02-21T11:47:40.306+0000] {logging_mixin.py:137} INFO - [2023-02-21T11:47:40.306+0000] {dag.py:2690} INFO - Sync 1 DAGs
[2023-02-21T11:47:41.254+0000] {logging_mixin.py:137} INFO - [2023-02-21T11:47:41.254+0000] {dag.py:3441} INFO - Setting next_dagrun for example_nested_branch_dag to 2023-02-20T00:00:00+00:00, run_after=2023-02-21T00:00:00+00:00
[2023-02-21T11:47:42.021+0000] {processor.py:175} INFO - Processing /home/airflow/.local/lib/python3.7/site-packages/airflow/example_dags/example_nested_branch_dag.py took 4.071 seconds
[2023-02-21T11:48:14.355+0000] {processor.py:153} INFO - Started process (PID=241) to work on /home/airflow/.local/lib/python3.7/site-packages/airflow/example_dags/example_nested_branch_dag.py
[2023-02-21T11:48:14.367+0000] {processor.py:743} INFO - Processing file /home/airflow/.local/lib/python3.7/site-packages/airflow/example_dags/example_nested_branch_dag.py for tasks to queue
[2023-02-21T11:48:14.378+0000] {logging_mixin.py:137} INFO - [2023-02-21T11:48:14.377+0000] {dagbag.py:538} INFO - Filling up the DagBag from /home/airflow/.local/lib/python3.7/site-packages/airflow/example_dags/example_nested_branch_dag.py
[2023-02-21T11:48:15.007+0000] {processor.py:753} INFO - DAG(s) dict_keys(['example_nested_branch_dag']) retrieved from /home/airflow/.local/lib/python3.7/site-packages/airflow/example_dags/example_nested_branch_dag.py
[2023-02-21T11:48:15.465+0000] {logging_mixin.py:137} INFO - [2023-02-21T11:48:15.465+0000] {dag.py:2690} INFO - Sync 1 DAGs
[2023-02-21T11:48:15.688+0000] {logging_mixin.py:137} INFO - [2023-02-21T11:48:15.687+0000] {dag.py:3441} INFO - Setting next_dagrun for example_nested_branch_dag to 2023-02-20T00:00:00+00:00, run_after=2023-02-21T00:00:00+00:00
[2023-02-21T11:48:15.887+0000] {processor.py:175} INFO - Processing /home/airflow/.local/lib/python3.7/site-packages/airflow/example_dags/example_nested_branch_dag.py took 1.595 seconds
[2023-02-21T11:48:57.008+0000] {processor.py:153} INFO - Started process (PID=294) to work on /home/airflow/.local/lib/python3.7/site-packages/airflow/example_dags/example_nested_branch_dag.py
[2023-02-21T11:48:57.041+0000] {processor.py:743} INFO - Processing file /home/airflow/.local/lib/python3.7/site-packages/airflow/example_dags/example_nested_branch_dag.py for tasks to queue
[2023-02-21T11:48:57.046+0000] {logging_mixin.py:137} INFO - [2023-02-21T11:48:57.045+0000] {dagbag.py:538} INFO - Filling up the DagBag from /home/airflow/.local/lib/python3.7/site-packages/airflow/example_dags/example_nested_branch_dag.py
[2023-02-21T11:48:57.555+0000] {processor.py:753} INFO - DAG(s) dict_keys(['example_nested_branch_dag']) retrieved from /home/airflow/.local/lib/python3.7/site-packages/airflow/example_dags/example_nested_branch_dag.py
[2023-02-21T11:48:58.206+0000] {logging_mixin.py:137} INFO - [2023-02-21T11:48:58.201+0000] {dag.py:2690} INFO - Sync 1 DAGs
[2023-02-21T11:48:58.583+0000] {logging_mixin.py:137} INFO - [2023-02-21T11:48:58.583+0000] {dag.py:3441} INFO - Setting next_dagrun for example_nested_branch_dag to 2023-02-20T00:00:00+00:00, run_after=2023-02-21T00:00:00+00:00
[2023-02-21T11:48:59.080+0000] {processor.py:175} INFO - Processing /home/airflow/.local/lib/python3.7/site-packages/airflow/example_dags/example_nested_branch_dag.py took 2.157 seconds
[2023-02-21T11:49:53.712+0000] {processor.py:153} INFO - Started process (PID=358) to work on /home/airflow/.local/lib/python3.7/site-packages/airflow/example_dags/example_nested_branch_dag.py
[2023-02-21T11:49:53.731+0000] {processor.py:743} INFO - Processing file /home/airflow/.local/lib/python3.7/site-packages/airflow/example_dags/example_nested_branch_dag.py for tasks to queue
[2023-02-21T11:49:53.763+0000] {logging_mixin.py:137} INFO - [2023-02-21T11:49:53.758+0000] {dagbag.py:538} INFO - Filling up the DagBag from /home/airflow/.local/lib/python3.7/site-packages/airflow/example_dags/example_nested_branch_dag.py
[2023-02-21T11:49:54.411+0000] {processor.py:753} INFO - DAG(s) dict_keys(['example_nested_branch_dag']) retrieved from /home/airflow/.local/lib/python3.7/site-packages/airflow/example_dags/example_nested_branch_dag.py
[2023-02-21T11:49:54.668+0000] {logging_mixin.py:137} INFO - [2023-02-21T11:49:54.668+0000] {dag.py:2690} INFO - Sync 1 DAGs
[2023-02-21T11:49:55.326+0000] {logging_mixin.py:137} INFO - [2023-02-21T11:49:55.324+0000] {dag.py:3441} INFO - Setting next_dagrun for example_nested_branch_dag to 2023-02-20T00:00:00+00:00, run_after=2023-02-21T00:00:00+00:00
[2023-02-21T11:49:55.648+0000] {processor.py:175} INFO - Processing /home/airflow/.local/lib/python3.7/site-packages/airflow/example_dags/example_nested_branch_dag.py took 2.100 seconds
[2023-02-21T11:50:46.136+0000] {processor.py:153} INFO - Started process (PID=417) to work on /home/airflow/.local/lib/python3.7/site-packages/airflow/example_dags/example_nested_branch_dag.py
[2023-02-21T11:50:46.153+0000] {processor.py:743} INFO - Processing file /home/airflow/.local/lib/python3.7/site-packages/airflow/example_dags/example_nested_branch_dag.py for tasks to queue
[2023-02-21T11:50:46.157+0000] {logging_mixin.py:137} INFO - [2023-02-21T11:50:46.156+0000] {dagbag.py:538} INFO - Filling up the DagBag from /home/airflow/.local/lib/python3.7/site-packages/airflow/example_dags/example_nested_branch_dag.py
[2023-02-21T11:50:46.444+0000] {processor.py:753} INFO - DAG(s) dict_keys(['example_nested_branch_dag']) retrieved from /home/airflow/.local/lib/python3.7/site-packages/airflow/example_dags/example_nested_branch_dag.py
[2023-02-21T11:50:47.120+0000] {logging_mixin.py:137} INFO - [2023-02-21T11:50:47.109+0000] {dag.py:2690} INFO - Sync 1 DAGs
[2023-02-21T11:50:47.614+0000] {logging_mixin.py:137} INFO - [2023-02-21T11:50:47.614+0000] {dag.py:3441} INFO - Setting next_dagrun for example_nested_branch_dag to 2023-02-20T00:00:00+00:00, run_after=2023-02-21T00:00:00+00:00
[2023-02-21T11:50:47.839+0000] {processor.py:175} INFO - Processing /home/airflow/.local/lib/python3.7/site-packages/airflow/example_dags/example_nested_branch_dag.py took 1.742 seconds
[2023-02-21T11:51:18.178+0000] {processor.py:153} INFO - Started process (PID=476) to work on /home/airflow/.local/lib/python3.7/site-packages/airflow/example_dags/example_nested_branch_dag.py
[2023-02-21T11:51:18.182+0000] {processor.py:743} INFO - Processing file /home/airflow/.local/lib/python3.7/site-packages/airflow/example_dags/example_nested_branch_dag.py for tasks to queue
[2023-02-21T11:51:18.193+0000] {logging_mixin.py:137} INFO - [2023-02-21T11:51:18.193+0000] {dagbag.py:538} INFO - Filling up the DagBag from /home/airflow/.local/lib/python3.7/site-packages/airflow/example_dags/example_nested_branch_dag.py
[2023-02-21T11:51:18.467+0000] {processor.py:753} INFO - DAG(s) dict_keys(['example_nested_branch_dag']) retrieved from /home/airflow/.local/lib/python3.7/site-packages/airflow/example_dags/example_nested_branch_dag.py
[2023-02-21T11:51:18.580+0000] {logging_mixin.py:137} INFO - [2023-02-21T11:51:18.580+0000] {dag.py:2690} INFO - Sync 1 DAGs
[2023-02-21T11:51:18.671+0000] {logging_mixin.py:137} INFO - [2023-02-21T11:51:18.671+0000] {dag.py:3441} INFO - Setting next_dagrun for example_nested_branch_dag to 2023-02-20T00:00:00+00:00, run_after=2023-02-21T00:00:00+00:00
[2023-02-21T11:51:18.782+0000] {processor.py:175} INFO - Processing /home/airflow/.local/lib/python3.7/site-packages/airflow/example_dags/example_nested_branch_dag.py took 0.611 seconds
[2023-02-21T11:51:55.767+0000] {processor.py:153} INFO - Started process (PID=536) to work on /home/airflow/.local/lib/python3.7/site-packages/airflow/example_dags/example_nested_branch_dag.py
[2023-02-21T11:51:55.798+0000] {processor.py:743} INFO - Processing file /home/airflow/.local/lib/python3.7/site-packages/airflow/example_dags/example_nested_branch_dag.py for tasks to queue
[2023-02-21T11:51:55.803+0000] {logging_mixin.py:137} INFO - [2023-02-21T11:51:55.802+0000] {dagbag.py:538} INFO - Filling up the DagBag from /home/airflow/.local/lib/python3.7/site-packages/airflow/example_dags/example_nested_branch_dag.py
[2023-02-21T11:51:56.122+0000] {processor.py:753} INFO - DAG(s) dict_keys(['example_nested_branch_dag']) retrieved from /home/airflow/.local/lib/python3.7/site-packages/airflow/example_dags/example_nested_branch_dag.py
[2023-02-21T11:51:56.550+0000] {logging_mixin.py:137} INFO - [2023-02-21T11:51:56.550+0000] {dag.py:2690} INFO - Sync 1 DAGs
[2023-02-21T11:51:56.953+0000] {logging_mixin.py:137} INFO - [2023-02-21T11:51:56.952+0000] {dag.py:3441} INFO - Setting next_dagrun for example_nested_branch_dag to 2023-02-20T00:00:00+00:00, run_after=2023-02-21T00:00:00+00:00
[2023-02-21T11:51:57.187+0000] {processor.py:175} INFO - Processing /home/airflow/.local/lib/python3.7/site-packages/airflow/example_dags/example_nested_branch_dag.py took 1.467 seconds
[2023-02-21T11:52:27.797+0000] {processor.py:153} INFO - Started process (PID=593) to work on /home/airflow/.local/lib/python3.7/site-packages/airflow/example_dags/example_nested_branch_dag.py
[2023-02-21T11:52:27.809+0000] {processor.py:743} INFO - Processing file /home/airflow/.local/lib/python3.7/site-packages/airflow/example_dags/example_nested_branch_dag.py for tasks to queue
[2023-02-21T11:52:27.820+0000] {logging_mixin.py:137} INFO - [2023-02-21T11:52:27.819+0000] {dagbag.py:538} INFO - Filling up the DagBag from /home/airflow/.local/lib/python3.7/site-packages/airflow/example_dags/example_nested_branch_dag.py
[2023-02-21T11:52:27.978+0000] {processor.py:753} INFO - DAG(s) dict_keys(['example_nested_branch_dag']) retrieved from /home/airflow/.local/lib/python3.7/site-packages/airflow/example_dags/example_nested_branch_dag.py
[2023-02-21T11:52:28.307+0000] {logging_mixin.py:137} INFO - [2023-02-21T11:52:28.306+0000] {dag.py:2690} INFO - Sync 1 DAGs
[2023-02-21T11:52:28.429+0000] {logging_mixin.py:137} INFO - [2023-02-21T11:52:28.429+0000] {dag.py:3441} INFO - Setting next_dagrun for example_nested_branch_dag to 2023-02-20T00:00:00+00:00, run_after=2023-02-21T00:00:00+00:00
[2023-02-21T11:52:28.615+0000] {processor.py:175} INFO - Processing /home/airflow/.local/lib/python3.7/site-packages/airflow/example_dags/example_nested_branch_dag.py took 0.837 seconds
[2023-02-21T11:52:58.913+0000] {processor.py:153} INFO - Started process (PID=642) to work on /home/airflow/.local/lib/python3.7/site-packages/airflow/example_dags/example_nested_branch_dag.py
[2023-02-21T11:52:58.917+0000] {processor.py:743} INFO - Processing file /home/airflow/.local/lib/python3.7/site-packages/airflow/example_dags/example_nested_branch_dag.py for tasks to queue
[2023-02-21T11:52:58.919+0000] {logging_mixin.py:137} INFO - [2023-02-21T11:52:58.919+0000] {dagbag.py:538} INFO - Filling up the DagBag from /home/airflow/.local/lib/python3.7/site-packages/airflow/example_dags/example_nested_branch_dag.py
[2023-02-21T11:52:58.961+0000] {processor.py:753} INFO - DAG(s) dict_keys(['example_nested_branch_dag']) retrieved from /home/airflow/.local/lib/python3.7/site-packages/airflow/example_dags/example_nested_branch_dag.py
[2023-02-21T11:52:59.001+0000] {logging_mixin.py:137} INFO - [2023-02-21T11:52:59.001+0000] {dag.py:2690} INFO - Sync 1 DAGs
[2023-02-21T11:52:59.038+0000] {logging_mixin.py:137} INFO - [2023-02-21T11:52:59.038+0000] {dag.py:3441} INFO - Setting next_dagrun for example_nested_branch_dag to 2023-02-20T00:00:00+00:00, run_after=2023-02-21T00:00:00+00:00
[2023-02-21T11:52:59.072+0000] {processor.py:175} INFO - Processing /home/airflow/.local/lib/python3.7/site-packages/airflow/example_dags/example_nested_branch_dag.py took 0.164 seconds
[2023-02-21T11:53:29.310+0000] {processor.py:153} INFO - Started process (PID=702) to work on /home/airflow/.local/lib/python3.7/site-packages/airflow/example_dags/example_nested_branch_dag.py
[2023-02-21T11:53:29.315+0000] {processor.py:743} INFO - Processing file /home/airflow/.local/lib/python3.7/site-packages/airflow/example_dags/example_nested_branch_dag.py for tasks to queue
[2023-02-21T11:53:29.320+0000] {logging_mixin.py:137} INFO - [2023-02-21T11:53:29.319+0000] {dagbag.py:538} INFO - Filling up the DagBag from /home/airflow/.local/lib/python3.7/site-packages/airflow/example_dags/example_nested_branch_dag.py
[2023-02-21T11:53:29.422+0000] {processor.py:753} INFO - DAG(s) dict_keys(['example_nested_branch_dag']) retrieved from /home/airflow/.local/lib/python3.7/site-packages/airflow/example_dags/example_nested_branch_dag.py
[2023-02-21T11:53:29.491+0000] {logging_mixin.py:137} INFO - [2023-02-21T11:53:29.491+0000] {dag.py:2690} INFO - Sync 1 DAGs
[2023-02-21T11:53:29.581+0000] {logging_mixin.py:137} INFO - [2023-02-21T11:53:29.581+0000] {dag.py:3441} INFO - Setting next_dagrun for example_nested_branch_dag to 2023-02-20T00:00:00+00:00, run_after=2023-02-21T00:00:00+00:00
[2023-02-21T11:53:29.644+0000] {processor.py:175} INFO - Processing /home/airflow/.local/lib/python3.7/site-packages/airflow/example_dags/example_nested_branch_dag.py took 0.346 seconds
[2023-02-21T11:54:04.300+0000] {processor.py:153} INFO - Started process (PID=756) to work on /home/airflow/.local/lib/python3.7/site-packages/airflow/example_dags/example_nested_branch_dag.py
[2023-02-21T11:54:04.354+0000] {processor.py:743} INFO - Processing file /home/airflow/.local/lib/python3.7/site-packages/airflow/example_dags/example_nested_branch_dag.py for tasks to queue
[2023-02-21T11:54:04.406+0000] {logging_mixin.py:137} INFO - [2023-02-21T11:54:04.399+0000] {dagbag.py:538} INFO - Filling up the DagBag from /home/airflow/.local/lib/python3.7/site-packages/airflow/example_dags/example_nested_branch_dag.py
[2023-02-21T11:54:04.817+0000] {processor.py:753} INFO - DAG(s) dict_keys(['example_nested_branch_dag']) retrieved from /home/airflow/.local/lib/python3.7/site-packages/airflow/example_dags/example_nested_branch_dag.py
[2023-02-21T11:54:05.226+0000] {logging_mixin.py:137} INFO - [2023-02-21T11:54:05.225+0000] {dag.py:2690} INFO - Sync 1 DAGs
[2023-02-21T11:54:05.522+0000] {logging_mixin.py:137} INFO - [2023-02-21T11:54:05.522+0000] {dag.py:3441} INFO - Setting next_dagrun for example_nested_branch_dag to 2023-02-20T00:00:00+00:00, run_after=2023-02-21T00:00:00+00:00
[2023-02-21T11:54:05.802+0000] {processor.py:175} INFO - Processing /home/airflow/.local/lib/python3.7/site-packages/airflow/example_dags/example_nested_branch_dag.py took 1.590 seconds
[2023-02-21T11:54:36.217+0000] {processor.py:153} INFO - Started process (PID=813) to work on /home/airflow/.local/lib/python3.7/site-packages/airflow/example_dags/example_nested_branch_dag.py
[2023-02-21T11:54:36.231+0000] {processor.py:743} INFO - Processing file /home/airflow/.local/lib/python3.7/site-packages/airflow/example_dags/example_nested_branch_dag.py for tasks to queue
[2023-02-21T11:54:36.245+0000] {logging_mixin.py:137} INFO - [2023-02-21T11:54:36.244+0000] {dagbag.py:538} INFO - Filling up the DagBag from /home/airflow/.local/lib/python3.7/site-packages/airflow/example_dags/example_nested_branch_dag.py
[2023-02-21T11:54:36.344+0000] {processor.py:753} INFO - DAG(s) dict_keys(['example_nested_branch_dag']) retrieved from /home/airflow/.local/lib/python3.7/site-packages/airflow/example_dags/example_nested_branch_dag.py
[2023-02-21T11:54:36.397+0000] {logging_mixin.py:137} INFO - [2023-02-21T11:54:36.397+0000] {dag.py:2690} INFO - Sync 1 DAGs
[2023-02-21T11:54:36.461+0000] {logging_mixin.py:137} INFO - [2023-02-21T11:54:36.461+0000] {dag.py:3441} INFO - Setting next_dagrun for example_nested_branch_dag to 2023-02-20T00:00:00+00:00, run_after=2023-02-21T00:00:00+00:00
[2023-02-21T11:54:36.504+0000] {processor.py:175} INFO - Processing /home/airflow/.local/lib/python3.7/site-packages/airflow/example_dags/example_nested_branch_dag.py took 0.296 seconds
[2023-02-21T11:55:11.609+0000] {processor.py:153} INFO - Started process (PID=870) to work on /home/airflow/.local/lib/python3.7/site-packages/airflow/example_dags/example_nested_branch_dag.py
[2023-02-21T11:55:11.624+0000] {processor.py:743} INFO - Processing file /home/airflow/.local/lib/python3.7/site-packages/airflow/example_dags/example_nested_branch_dag.py for tasks to queue
[2023-02-21T11:55:11.629+0000] {logging_mixin.py:137} INFO - [2023-02-21T11:55:11.628+0000] {dagbag.py:538} INFO - Filling up the DagBag from /home/airflow/.local/lib/python3.7/site-packages/airflow/example_dags/example_nested_branch_dag.py
[2023-02-21T11:55:12.031+0000] {processor.py:753} INFO - DAG(s) dict_keys(['example_nested_branch_dag']) retrieved from /home/airflow/.local/lib/python3.7/site-packages/airflow/example_dags/example_nested_branch_dag.py
[2023-02-21T11:55:12.580+0000] {logging_mixin.py:137} INFO - [2023-02-21T11:55:12.580+0000] {dag.py:2690} INFO - Sync 1 DAGs
[2023-02-21T11:55:13.194+0000] {logging_mixin.py:137} INFO - [2023-02-21T11:55:13.194+0000] {dag.py:3441} INFO - Setting next_dagrun for example_nested_branch_dag to 2023-02-20T00:00:00+00:00, run_after=2023-02-21T00:00:00+00:00
[2023-02-21T11:55:13.327+0000] {processor.py:175} INFO - Processing /home/airflow/.local/lib/python3.7/site-packages/airflow/example_dags/example_nested_branch_dag.py took 1.731 seconds
[2023-02-21T11:55:44.109+0000] {processor.py:153} INFO - Started process (PID=929) to work on /home/airflow/.local/lib/python3.7/site-packages/airflow/example_dags/example_nested_branch_dag.py
[2023-02-21T11:55:44.112+0000] {processor.py:743} INFO - Processing file /home/airflow/.local/lib/python3.7/site-packages/airflow/example_dags/example_nested_branch_dag.py for tasks to queue
[2023-02-21T11:55:44.116+0000] {logging_mixin.py:137} INFO - [2023-02-21T11:55:44.115+0000] {dagbag.py:538} INFO - Filling up the DagBag from /home/airflow/.local/lib/python3.7/site-packages/airflow/example_dags/example_nested_branch_dag.py
[2023-02-21T11:55:44.219+0000] {processor.py:753} INFO - DAG(s) dict_keys(['example_nested_branch_dag']) retrieved from /home/airflow/.local/lib/python3.7/site-packages/airflow/example_dags/example_nested_branch_dag.py
[2023-02-21T11:55:44.328+0000] {logging_mixin.py:137} INFO - [2023-02-21T11:55:44.327+0000] {dag.py:2690} INFO - Sync 1 DAGs
[2023-02-21T11:55:44.407+0000] {logging_mixin.py:137} INFO - [2023-02-21T11:55:44.407+0000] {dag.py:3441} INFO - Setting next_dagrun for example_nested_branch_dag to 2023-02-20T00:00:00+00:00, run_after=2023-02-21T00:00:00+00:00
[2023-02-21T11:55:44.461+0000] {processor.py:175} INFO - Processing /home/airflow/.local/lib/python3.7/site-packages/airflow/example_dags/example_nested_branch_dag.py took 0.416 seconds
[2023-02-21T11:56:15.091+0000] {processor.py:153} INFO - Started process (PID=987) to work on /home/airflow/.local/lib/python3.7/site-packages/airflow/example_dags/example_nested_branch_dag.py
[2023-02-21T11:56:15.094+0000] {processor.py:743} INFO - Processing file /home/airflow/.local/lib/python3.7/site-packages/airflow/example_dags/example_nested_branch_dag.py for tasks to queue
[2023-02-21T11:56:15.100+0000] {logging_mixin.py:137} INFO - [2023-02-21T11:56:15.098+0000] {dagbag.py:538} INFO - Filling up the DagBag from /home/airflow/.local/lib/python3.7/site-packages/airflow/example_dags/example_nested_branch_dag.py
[2023-02-21T11:56:15.214+0000] {processor.py:753} INFO - DAG(s) dict_keys(['example_nested_branch_dag']) retrieved from /home/airflow/.local/lib/python3.7/site-packages/airflow/example_dags/example_nested_branch_dag.py
[2023-02-21T11:56:15.420+0000] {logging_mixin.py:137} INFO - [2023-02-21T11:56:15.420+0000] {dag.py:2690} INFO - Sync 1 DAGs
[2023-02-21T11:56:15.496+0000] {logging_mixin.py:137} INFO - [2023-02-21T11:56:15.495+0000] {dag.py:3441} INFO - Setting next_dagrun for example_nested_branch_dag to 2023-02-20T00:00:00+00:00, run_after=2023-02-21T00:00:00+00:00
[2023-02-21T11:56:15.586+0000] {processor.py:175} INFO - Processing /home/airflow/.local/lib/python3.7/site-packages/airflow/example_dags/example_nested_branch_dag.py took 0.543 seconds
[2023-02-21T11:56:47.792+0000] {processor.py:153} INFO - Started process (PID=1046) to work on /home/airflow/.local/lib/python3.7/site-packages/airflow/example_dags/example_nested_branch_dag.py
[2023-02-21T11:56:47.797+0000] {processor.py:743} INFO - Processing file /home/airflow/.local/lib/python3.7/site-packages/airflow/example_dags/example_nested_branch_dag.py for tasks to queue
[2023-02-21T11:56:47.812+0000] {logging_mixin.py:137} INFO - [2023-02-21T11:56:47.811+0000] {dagbag.py:538} INFO - Filling up the DagBag from /home/airflow/.local/lib/python3.7/site-packages/airflow/example_dags/example_nested_branch_dag.py
[2023-02-21T11:56:48.179+0000] {processor.py:753} INFO - DAG(s) dict_keys(['example_nested_branch_dag']) retrieved from /home/airflow/.local/lib/python3.7/site-packages/airflow/example_dags/example_nested_branch_dag.py
[2023-02-21T11:56:48.439+0000] {logging_mixin.py:137} INFO - [2023-02-21T11:56:48.439+0000] {dag.py:2690} INFO - Sync 1 DAGs
[2023-02-21T11:56:48.615+0000] {logging_mixin.py:137} INFO - [2023-02-21T11:56:48.615+0000] {dag.py:3441} INFO - Setting next_dagrun for example_nested_branch_dag to 2023-02-20T00:00:00+00:00, run_after=2023-02-21T00:00:00+00:00
[2023-02-21T11:56:48.826+0000] {processor.py:175} INFO - Processing /home/airflow/.local/lib/python3.7/site-packages/airflow/example_dags/example_nested_branch_dag.py took 1.076 seconds
[2023-02-21T11:57:19.268+0000] {processor.py:153} INFO - Started process (PID=1104) to work on /home/airflow/.local/lib/python3.7/site-packages/airflow/example_dags/example_nested_branch_dag.py
[2023-02-21T11:57:19.289+0000] {processor.py:743} INFO - Processing file /home/airflow/.local/lib/python3.7/site-packages/airflow/example_dags/example_nested_branch_dag.py for tasks to queue
[2023-02-21T11:57:19.315+0000] {logging_mixin.py:137} INFO - [2023-02-21T11:57:19.314+0000] {dagbag.py:538} INFO - Filling up the DagBag from /home/airflow/.local/lib/python3.7/site-packages/airflow/example_dags/example_nested_branch_dag.py
[2023-02-21T11:57:19.476+0000] {processor.py:753} INFO - DAG(s) dict_keys(['example_nested_branch_dag']) retrieved from /home/airflow/.local/lib/python3.7/site-packages/airflow/example_dags/example_nested_branch_dag.py
[2023-02-21T11:57:19.700+0000] {logging_mixin.py:137} INFO - [2023-02-21T11:57:19.700+0000] {dag.py:2690} INFO - Sync 1 DAGs
[2023-02-21T11:57:19.933+0000] {logging_mixin.py:137} INFO - [2023-02-21T11:57:19.932+0000] {dag.py:3441} INFO - Setting next_dagrun for example_nested_branch_dag to 2023-02-20T00:00:00+00:00, run_after=2023-02-21T00:00:00+00:00
[2023-02-21T11:57:20.014+0000] {processor.py:175} INFO - Processing /home/airflow/.local/lib/python3.7/site-packages/airflow/example_dags/example_nested_branch_dag.py took 0.775 seconds
[2023-02-21T11:57:51.137+0000] {processor.py:153} INFO - Started process (PID=1153) to work on /home/airflow/.local/lib/python3.7/site-packages/airflow/example_dags/example_nested_branch_dag.py
[2023-02-21T11:57:51.141+0000] {processor.py:743} INFO - Processing file /home/airflow/.local/lib/python3.7/site-packages/airflow/example_dags/example_nested_branch_dag.py for tasks to queue
[2023-02-21T11:57:51.156+0000] {logging_mixin.py:137} INFO - [2023-02-21T11:57:51.155+0000] {dagbag.py:538} INFO - Filling up the DagBag from /home/airflow/.local/lib/python3.7/site-packages/airflow/example_dags/example_nested_branch_dag.py
[2023-02-21T11:57:51.293+0000] {processor.py:753} INFO - DAG(s) dict_keys(['example_nested_branch_dag']) retrieved from /home/airflow/.local/lib/python3.7/site-packages/airflow/example_dags/example_nested_branch_dag.py
[2023-02-21T11:57:51.387+0000] {logging_mixin.py:137} INFO - [2023-02-21T11:57:51.386+0000] {dag.py:2690} INFO - Sync 1 DAGs
[2023-02-21T11:57:51.558+0000] {logging_mixin.py:137} INFO - [2023-02-21T11:57:51.543+0000] {dag.py:3441} INFO - Setting next_dagrun for example_nested_branch_dag to 2023-02-20T00:00:00+00:00, run_after=2023-02-21T00:00:00+00:00
[2023-02-21T11:57:51.633+0000] {processor.py:175} INFO - Processing /home/airflow/.local/lib/python3.7/site-packages/airflow/example_dags/example_nested_branch_dag.py took 0.510 seconds
[2023-02-21T11:58:21.791+0000] {processor.py:153} INFO - Started process (PID=1211) to work on /home/airflow/.local/lib/python3.7/site-packages/airflow/example_dags/example_nested_branch_dag.py
[2023-02-21T11:58:21.796+0000] {processor.py:743} INFO - Processing file /home/airflow/.local/lib/python3.7/site-packages/airflow/example_dags/example_nested_branch_dag.py for tasks to queue
[2023-02-21T11:58:21.802+0000] {logging_mixin.py:137} INFO - [2023-02-21T11:58:21.801+0000] {dagbag.py:538} INFO - Filling up the DagBag from /home/airflow/.local/lib/python3.7/site-packages/airflow/example_dags/example_nested_branch_dag.py
[2023-02-21T11:58:21.880+0000] {processor.py:753} INFO - DAG(s) dict_keys(['example_nested_branch_dag']) retrieved from /home/airflow/.local/lib/python3.7/site-packages/airflow/example_dags/example_nested_branch_dag.py
[2023-02-21T11:58:21.939+0000] {logging_mixin.py:137} INFO - [2023-02-21T11:58:21.939+0000] {dag.py:2690} INFO - Sync 1 DAGs
[2023-02-21T11:58:22.016+0000] {logging_mixin.py:137} INFO - [2023-02-21T11:58:22.015+0000] {dag.py:3441} INFO - Setting next_dagrun for example_nested_branch_dag to 2023-02-20T00:00:00+00:00, run_after=2023-02-21T00:00:00+00:00
[2023-02-21T11:58:22.065+0000] {processor.py:175} INFO - Processing /home/airflow/.local/lib/python3.7/site-packages/airflow/example_dags/example_nested_branch_dag.py took 0.281 seconds
[2023-02-21T11:58:52.183+0000] {processor.py:153} INFO - Started process (PID=1270) to work on /home/airflow/.local/lib/python3.7/site-packages/airflow/example_dags/example_nested_branch_dag.py
[2023-02-21T11:58:52.185+0000] {processor.py:743} INFO - Processing file /home/airflow/.local/lib/python3.7/site-packages/airflow/example_dags/example_nested_branch_dag.py for tasks to queue
[2023-02-21T11:58:52.187+0000] {logging_mixin.py:137} INFO - [2023-02-21T11:58:52.187+0000] {dagbag.py:538} INFO - Filling up the DagBag from /home/airflow/.local/lib/python3.7/site-packages/airflow/example_dags/example_nested_branch_dag.py
[2023-02-21T11:58:52.257+0000] {processor.py:753} INFO - DAG(s) dict_keys(['example_nested_branch_dag']) retrieved from /home/airflow/.local/lib/python3.7/site-packages/airflow/example_dags/example_nested_branch_dag.py
[2023-02-21T11:58:52.316+0000] {logging_mixin.py:137} INFO - [2023-02-21T11:58:52.316+0000] {dag.py:2690} INFO - Sync 1 DAGs
[2023-02-21T11:58:52.394+0000] {logging_mixin.py:137} INFO - [2023-02-21T11:58:52.393+0000] {dag.py:3441} INFO - Setting next_dagrun for example_nested_branch_dag to 2023-02-20T00:00:00+00:00, run_after=2023-02-21T00:00:00+00:00
[2023-02-21T11:58:52.468+0000] {processor.py:175} INFO - Processing /home/airflow/.local/lib/python3.7/site-packages/airflow/example_dags/example_nested_branch_dag.py took 0.292 seconds
[2023-02-21T11:59:25.368+0000] {processor.py:153} INFO - Started process (PID=1329) to work on /home/airflow/.local/lib/python3.7/site-packages/airflow/example_dags/example_nested_branch_dag.py
[2023-02-21T11:59:25.412+0000] {processor.py:743} INFO - Processing file /home/airflow/.local/lib/python3.7/site-packages/airflow/example_dags/example_nested_branch_dag.py for tasks to queue
[2023-02-21T11:59:25.420+0000] {logging_mixin.py:137} INFO - [2023-02-21T11:59:25.420+0000] {dagbag.py:538} INFO - Filling up the DagBag from /home/airflow/.local/lib/python3.7/site-packages/airflow/example_dags/example_nested_branch_dag.py
[2023-02-21T11:59:25.672+0000] {processor.py:753} INFO - DAG(s) dict_keys(['example_nested_branch_dag']) retrieved from /home/airflow/.local/lib/python3.7/site-packages/airflow/example_dags/example_nested_branch_dag.py
[2023-02-21T11:59:25.774+0000] {logging_mixin.py:137} INFO - [2023-02-21T11:59:25.774+0000] {dag.py:2690} INFO - Sync 1 DAGs
[2023-02-21T11:59:25.991+0000] {logging_mixin.py:137} INFO - [2023-02-21T11:59:25.990+0000] {dag.py:3441} INFO - Setting next_dagrun for example_nested_branch_dag to 2023-02-20T00:00:00+00:00, run_after=2023-02-21T00:00:00+00:00
[2023-02-21T11:59:26.106+0000] {processor.py:175} INFO - Processing /home/airflow/.local/lib/python3.7/site-packages/airflow/example_dags/example_nested_branch_dag.py took 0.768 seconds
[2023-02-21T11:59:56.960+0000] {processor.py:153} INFO - Started process (PID=1383) to work on /home/airflow/.local/lib/python3.7/site-packages/airflow/example_dags/example_nested_branch_dag.py
[2023-02-21T11:59:56.971+0000] {processor.py:743} INFO - Processing file /home/airflow/.local/lib/python3.7/site-packages/airflow/example_dags/example_nested_branch_dag.py for tasks to queue
[2023-02-21T11:59:57.006+0000] {logging_mixin.py:137} INFO - [2023-02-21T11:59:57.006+0000] {dagbag.py:538} INFO - Filling up the DagBag from /home/airflow/.local/lib/python3.7/site-packages/airflow/example_dags/example_nested_branch_dag.py
[2023-02-21T11:59:57.366+0000] {processor.py:753} INFO - DAG(s) dict_keys(['example_nested_branch_dag']) retrieved from /home/airflow/.local/lib/python3.7/site-packages/airflow/example_dags/example_nested_branch_dag.py
[2023-02-21T11:59:57.815+0000] {logging_mixin.py:137} INFO - [2023-02-21T11:59:57.815+0000] {dag.py:2690} INFO - Sync 1 DAGs
[2023-02-21T11:59:58.142+0000] {logging_mixin.py:137} INFO - [2023-02-21T11:59:58.142+0000] {dag.py:3441} INFO - Setting next_dagrun for example_nested_branch_dag to 2023-02-20T00:00:00+00:00, run_after=2023-02-21T00:00:00+00:00
[2023-02-21T11:59:58.359+0000] {processor.py:175} INFO - Processing /home/airflow/.local/lib/python3.7/site-packages/airflow/example_dags/example_nested_branch_dag.py took 1.444 seconds
[2023-02-21T12:00:28.574+0000] {processor.py:153} INFO - Started process (PID=1434) to work on /home/airflow/.local/lib/python3.7/site-packages/airflow/example_dags/example_nested_branch_dag.py
[2023-02-21T12:00:28.578+0000] {processor.py:743} INFO - Processing file /home/airflow/.local/lib/python3.7/site-packages/airflow/example_dags/example_nested_branch_dag.py for tasks to queue
[2023-02-21T12:00:28.581+0000] {logging_mixin.py:137} INFO - [2023-02-21T12:00:28.580+0000] {dagbag.py:538} INFO - Filling up the DagBag from /home/airflow/.local/lib/python3.7/site-packages/airflow/example_dags/example_nested_branch_dag.py
[2023-02-21T12:00:28.663+0000] {processor.py:753} INFO - DAG(s) dict_keys(['example_nested_branch_dag']) retrieved from /home/airflow/.local/lib/python3.7/site-packages/airflow/example_dags/example_nested_branch_dag.py
[2023-02-21T12:00:28.876+0000] {logging_mixin.py:137} INFO - [2023-02-21T12:00:28.827+0000] {dag.py:2690} INFO - Sync 1 DAGs
[2023-02-21T12:00:29.211+0000] {logging_mixin.py:137} INFO - [2023-02-21T12:00:29.211+0000] {dag.py:3441} INFO - Setting next_dagrun for example_nested_branch_dag to 2023-02-20T00:00:00+00:00, run_after=2023-02-21T00:00:00+00:00
[2023-02-21T12:00:29.323+0000] {processor.py:175} INFO - Processing /home/airflow/.local/lib/python3.7/site-packages/airflow/example_dags/example_nested_branch_dag.py took 0.778 seconds
[2023-02-21T12:01:00.586+0000] {processor.py:153} INFO - Started process (PID=1492) to work on /home/airflow/.local/lib/python3.7/site-packages/airflow/example_dags/example_nested_branch_dag.py
[2023-02-21T12:01:00.589+0000] {processor.py:743} INFO - Processing file /home/airflow/.local/lib/python3.7/site-packages/airflow/example_dags/example_nested_branch_dag.py for tasks to queue
[2023-02-21T12:01:00.592+0000] {logging_mixin.py:137} INFO - [2023-02-21T12:01:00.591+0000] {dagbag.py:538} INFO - Filling up the DagBag from /home/airflow/.local/lib/python3.7/site-packages/airflow/example_dags/example_nested_branch_dag.py
[2023-02-21T12:01:00.710+0000] {processor.py:753} INFO - DAG(s) dict_keys(['example_nested_branch_dag']) retrieved from /home/airflow/.local/lib/python3.7/site-packages/airflow/example_dags/example_nested_branch_dag.py
[2023-02-21T12:01:00.787+0000] {logging_mixin.py:137} INFO - [2023-02-21T12:01:00.787+0000] {dag.py:2690} INFO - Sync 1 DAGs
[2023-02-21T12:01:00.964+0000] {logging_mixin.py:137} INFO - [2023-02-21T12:01:00.960+0000] {dag.py:3441} INFO - Setting next_dagrun for example_nested_branch_dag to 2023-02-20T00:00:00+00:00, run_after=2023-02-21T00:00:00+00:00
[2023-02-21T12:01:01.149+0000] {processor.py:175} INFO - Processing /home/airflow/.local/lib/python3.7/site-packages/airflow/example_dags/example_nested_branch_dag.py took 0.580 seconds
[2023-02-21T12:01:31.635+0000] {processor.py:153} INFO - Started process (PID=1552) to work on /home/airflow/.local/lib/python3.7/site-packages/airflow/example_dags/example_nested_branch_dag.py
[2023-02-21T12:01:31.638+0000] {processor.py:743} INFO - Processing file /home/airflow/.local/lib/python3.7/site-packages/airflow/example_dags/example_nested_branch_dag.py for tasks to queue
[2023-02-21T12:01:31.641+0000] {logging_mixin.py:137} INFO - [2023-02-21T12:01:31.640+0000] {dagbag.py:538} INFO - Filling up the DagBag from /home/airflow/.local/lib/python3.7/site-packages/airflow/example_dags/example_nested_branch_dag.py
[2023-02-21T12:01:31.681+0000] {processor.py:753} INFO - DAG(s) dict_keys(['example_nested_branch_dag']) retrieved from /home/airflow/.local/lib/python3.7/site-packages/airflow/example_dags/example_nested_branch_dag.py
[2023-02-21T12:01:31.740+0000] {logging_mixin.py:137} INFO - [2023-02-21T12:01:31.740+0000] {dag.py:2690} INFO - Sync 1 DAGs
[2023-02-21T12:01:31.783+0000] {logging_mixin.py:137} INFO - [2023-02-21T12:01:31.783+0000] {dag.py:3441} INFO - Setting next_dagrun for example_nested_branch_dag to 2023-02-20T00:00:00+00:00, run_after=2023-02-21T00:00:00+00:00
[2023-02-21T12:01:31.816+0000] {processor.py:175} INFO - Processing /home/airflow/.local/lib/python3.7/site-packages/airflow/example_dags/example_nested_branch_dag.py took 0.189 seconds
[2023-02-21T12:02:02.312+0000] {processor.py:153} INFO - Started process (PID=1613) to work on /home/airflow/.local/lib/python3.7/site-packages/airflow/example_dags/example_nested_branch_dag.py
[2023-02-21T12:02:02.318+0000] {processor.py:743} INFO - Processing file /home/airflow/.local/lib/python3.7/site-packages/airflow/example_dags/example_nested_branch_dag.py for tasks to queue
[2023-02-21T12:02:02.327+0000] {logging_mixin.py:137} INFO - [2023-02-21T12:02:02.326+0000] {dagbag.py:538} INFO - Filling up the DagBag from /home/airflow/.local/lib/python3.7/site-packages/airflow/example_dags/example_nested_branch_dag.py
[2023-02-21T12:02:02.518+0000] {processor.py:753} INFO - DAG(s) dict_keys(['example_nested_branch_dag']) retrieved from /home/airflow/.local/lib/python3.7/site-packages/airflow/example_dags/example_nested_branch_dag.py
[2023-02-21T12:02:02.695+0000] {logging_mixin.py:137} INFO - [2023-02-21T12:02:02.695+0000] {dag.py:2690} INFO - Sync 1 DAGs
[2023-02-21T12:02:02.768+0000] {logging_mixin.py:137} INFO - [2023-02-21T12:02:02.768+0000] {dag.py:3441} INFO - Setting next_dagrun for example_nested_branch_dag to 2023-02-20T00:00:00+00:00, run_after=2023-02-21T00:00:00+00:00
[2023-02-21T12:02:02.815+0000] {processor.py:175} INFO - Processing /home/airflow/.local/lib/python3.7/site-packages/airflow/example_dags/example_nested_branch_dag.py took 0.522 seconds
[2023-02-21T12:02:34.139+0000] {processor.py:153} INFO - Started process (PID=1673) to work on /home/airflow/.local/lib/python3.7/site-packages/airflow/example_dags/example_nested_branch_dag.py
[2023-02-21T12:02:34.156+0000] {processor.py:743} INFO - Processing file /home/airflow/.local/lib/python3.7/site-packages/airflow/example_dags/example_nested_branch_dag.py for tasks to queue
[2023-02-21T12:02:34.164+0000] {logging_mixin.py:137} INFO - [2023-02-21T12:02:34.162+0000] {dagbag.py:538} INFO - Filling up the DagBag from /home/airflow/.local/lib/python3.7/site-packages/airflow/example_dags/example_nested_branch_dag.py
[2023-02-21T12:02:34.303+0000] {processor.py:753} INFO - DAG(s) dict_keys(['example_nested_branch_dag']) retrieved from /home/airflow/.local/lib/python3.7/site-packages/airflow/example_dags/example_nested_branch_dag.py
[2023-02-21T12:02:34.421+0000] {logging_mixin.py:137} INFO - [2023-02-21T12:02:34.420+0000] {dag.py:2690} INFO - Sync 1 DAGs
[2023-02-21T12:02:34.637+0000] {logging_mixin.py:137} INFO - [2023-02-21T12:02:34.636+0000] {dag.py:3441} INFO - Setting next_dagrun for example_nested_branch_dag to 2023-02-20T00:00:00+00:00, run_after=2023-02-21T00:00:00+00:00
[2023-02-21T12:02:34.772+0000] {processor.py:175} INFO - Processing /home/airflow/.local/lib/python3.7/site-packages/airflow/example_dags/example_nested_branch_dag.py took 0.660 seconds
[2023-02-21T12:03:06.539+0000] {processor.py:153} INFO - Started process (PID=1731) to work on /home/airflow/.local/lib/python3.7/site-packages/airflow/example_dags/example_nested_branch_dag.py
[2023-02-21T12:03:06.542+0000] {processor.py:743} INFO - Processing file /home/airflow/.local/lib/python3.7/site-packages/airflow/example_dags/example_nested_branch_dag.py for tasks to queue
[2023-02-21T12:03:06.545+0000] {logging_mixin.py:137} INFO - [2023-02-21T12:03:06.545+0000] {dagbag.py:538} INFO - Filling up the DagBag from /home/airflow/.local/lib/python3.7/site-packages/airflow/example_dags/example_nested_branch_dag.py
[2023-02-21T12:03:06.676+0000] {processor.py:753} INFO - DAG(s) dict_keys(['example_nested_branch_dag']) retrieved from /home/airflow/.local/lib/python3.7/site-packages/airflow/example_dags/example_nested_branch_dag.py
[2023-02-21T12:03:06.836+0000] {logging_mixin.py:137} INFO - [2023-02-21T12:03:06.836+0000] {dag.py:2690} INFO - Sync 1 DAGs
[2023-02-21T12:03:07.010+0000] {logging_mixin.py:137} INFO - [2023-02-21T12:03:07.010+0000] {dag.py:3441} INFO - Setting next_dagrun for example_nested_branch_dag to 2023-02-20T00:00:00+00:00, run_after=2023-02-21T00:00:00+00:00
[2023-02-21T12:03:07.214+0000] {processor.py:175} INFO - Processing /home/airflow/.local/lib/python3.7/site-packages/airflow/example_dags/example_nested_branch_dag.py took 0.701 seconds
[2023-02-21T12:03:37.602+0000] {processor.py:153} INFO - Started process (PID=1789) to work on /home/airflow/.local/lib/python3.7/site-packages/airflow/example_dags/example_nested_branch_dag.py
[2023-02-21T12:03:37.605+0000] {processor.py:743} INFO - Processing file /home/airflow/.local/lib/python3.7/site-packages/airflow/example_dags/example_nested_branch_dag.py for tasks to queue
[2023-02-21T12:03:37.609+0000] {logging_mixin.py:137} INFO - [2023-02-21T12:03:37.608+0000] {dagbag.py:538} INFO - Filling up the DagBag from /home/airflow/.local/lib/python3.7/site-packages/airflow/example_dags/example_nested_branch_dag.py
[2023-02-21T12:03:37.672+0000] {processor.py:753} INFO - DAG(s) dict_keys(['example_nested_branch_dag']) retrieved from /home/airflow/.local/lib/python3.7/site-packages/airflow/example_dags/example_nested_branch_dag.py
[2023-02-21T12:03:37.729+0000] {logging_mixin.py:137} INFO - [2023-02-21T12:03:37.729+0000] {dag.py:2690} INFO - Sync 1 DAGs
[2023-02-21T12:03:37.840+0000] {logging_mixin.py:137} INFO - [2023-02-21T12:03:37.840+0000] {dag.py:3441} INFO - Setting next_dagrun for example_nested_branch_dag to 2023-02-20T00:00:00+00:00, run_after=2023-02-21T00:00:00+00:00
[2023-02-21T12:03:37.905+0000] {processor.py:175} INFO - Processing /home/airflow/.local/lib/python3.7/site-packages/airflow/example_dags/example_nested_branch_dag.py took 0.312 seconds
[2023-02-21T12:04:08.070+0000] {processor.py:153} INFO - Started process (PID=1848) to work on /home/airflow/.local/lib/python3.7/site-packages/airflow/example_dags/example_nested_branch_dag.py
[2023-02-21T12:04:08.074+0000] {processor.py:743} INFO - Processing file /home/airflow/.local/lib/python3.7/site-packages/airflow/example_dags/example_nested_branch_dag.py for tasks to queue
[2023-02-21T12:04:08.077+0000] {logging_mixin.py:137} INFO - [2023-02-21T12:04:08.077+0000] {dagbag.py:538} INFO - Filling up the DagBag from /home/airflow/.local/lib/python3.7/site-packages/airflow/example_dags/example_nested_branch_dag.py
[2023-02-21T12:04:08.117+0000] {processor.py:753} INFO - DAG(s) dict_keys(['example_nested_branch_dag']) retrieved from /home/airflow/.local/lib/python3.7/site-packages/airflow/example_dags/example_nested_branch_dag.py
[2023-02-21T12:04:08.158+0000] {logging_mixin.py:137} INFO - [2023-02-21T12:04:08.158+0000] {dag.py:2690} INFO - Sync 1 DAGs
[2023-02-21T12:04:08.194+0000] {logging_mixin.py:137} INFO - [2023-02-21T12:04:08.194+0000] {dag.py:3441} INFO - Setting next_dagrun for example_nested_branch_dag to 2023-02-20T00:00:00+00:00, run_after=2023-02-21T00:00:00+00:00
[2023-02-21T12:04:08.225+0000] {processor.py:175} INFO - Processing /home/airflow/.local/lib/python3.7/site-packages/airflow/example_dags/example_nested_branch_dag.py took 0.162 seconds
[2023-02-21T12:04:39.221+0000] {processor.py:153} INFO - Started process (PID=1906) to work on /home/airflow/.local/lib/python3.7/site-packages/airflow/example_dags/example_nested_branch_dag.py
[2023-02-21T12:04:39.223+0000] {processor.py:743} INFO - Processing file /home/airflow/.local/lib/python3.7/site-packages/airflow/example_dags/example_nested_branch_dag.py for tasks to queue
[2023-02-21T12:04:39.254+0000] {logging_mixin.py:137} INFO - [2023-02-21T12:04:39.254+0000] {dagbag.py:538} INFO - Filling up the DagBag from /home/airflow/.local/lib/python3.7/site-packages/airflow/example_dags/example_nested_branch_dag.py
[2023-02-21T12:04:39.302+0000] {processor.py:753} INFO - DAG(s) dict_keys(['example_nested_branch_dag']) retrieved from /home/airflow/.local/lib/python3.7/site-packages/airflow/example_dags/example_nested_branch_dag.py
[2023-02-21T12:04:39.355+0000] {logging_mixin.py:137} INFO - [2023-02-21T12:04:39.355+0000] {dag.py:2690} INFO - Sync 1 DAGs
[2023-02-21T12:04:39.412+0000] {logging_mixin.py:137} INFO - [2023-02-21T12:04:39.412+0000] {dag.py:3441} INFO - Setting next_dagrun for example_nested_branch_dag to 2023-02-20T00:00:00+00:00, run_after=2023-02-21T00:00:00+00:00
[2023-02-21T12:04:39.461+0000] {processor.py:175} INFO - Processing /home/airflow/.local/lib/python3.7/site-packages/airflow/example_dags/example_nested_branch_dag.py took 0.245 seconds
[2023-02-21T12:05:11.123+0000] {processor.py:153} INFO - Started process (PID=1964) to work on /home/airflow/.local/lib/python3.7/site-packages/airflow/example_dags/example_nested_branch_dag.py
[2023-02-21T12:05:11.132+0000] {processor.py:743} INFO - Processing file /home/airflow/.local/lib/python3.7/site-packages/airflow/example_dags/example_nested_branch_dag.py for tasks to queue
[2023-02-21T12:05:11.163+0000] {logging_mixin.py:137} INFO - [2023-02-21T12:05:11.162+0000] {dagbag.py:538} INFO - Filling up the DagBag from /home/airflow/.local/lib/python3.7/site-packages/airflow/example_dags/example_nested_branch_dag.py
[2023-02-21T12:05:11.371+0000] {processor.py:753} INFO - DAG(s) dict_keys(['example_nested_branch_dag']) retrieved from /home/airflow/.local/lib/python3.7/site-packages/airflow/example_dags/example_nested_branch_dag.py
[2023-02-21T12:05:11.579+0000] {logging_mixin.py:137} INFO - [2023-02-21T12:05:11.579+0000] {dag.py:2690} INFO - Sync 1 DAGs
[2023-02-21T12:05:11.872+0000] {logging_mixin.py:137} INFO - [2023-02-21T12:05:11.871+0000] {dag.py:3441} INFO - Setting next_dagrun for example_nested_branch_dag to 2023-02-20T00:00:00+00:00, run_after=2023-02-21T00:00:00+00:00
[2023-02-21T12:05:12.020+0000] {processor.py:175} INFO - Processing /home/airflow/.local/lib/python3.7/site-packages/airflow/example_dags/example_nested_branch_dag.py took 0.959 seconds
[2023-02-21T12:05:42.263+0000] {processor.py:153} INFO - Started process (PID=2023) to work on /home/airflow/.local/lib/python3.7/site-packages/airflow/example_dags/example_nested_branch_dag.py
[2023-02-21T12:05:42.266+0000] {processor.py:743} INFO - Processing file /home/airflow/.local/lib/python3.7/site-packages/airflow/example_dags/example_nested_branch_dag.py for tasks to queue
[2023-02-21T12:05:42.293+0000] {logging_mixin.py:137} INFO - [2023-02-21T12:05:42.292+0000] {dagbag.py:538} INFO - Filling up the DagBag from /home/airflow/.local/lib/python3.7/site-packages/airflow/example_dags/example_nested_branch_dag.py
[2023-02-21T12:05:42.639+0000] {processor.py:753} INFO - DAG(s) dict_keys(['example_nested_branch_dag']) retrieved from /home/airflow/.local/lib/python3.7/site-packages/airflow/example_dags/example_nested_branch_dag.py
[2023-02-21T12:05:42.806+0000] {logging_mixin.py:137} INFO - [2023-02-21T12:05:42.805+0000] {dag.py:2690} INFO - Sync 1 DAGs
[2023-02-21T12:05:42.916+0000] {logging_mixin.py:137} INFO - [2023-02-21T12:05:42.916+0000] {dag.py:3441} INFO - Setting next_dagrun for example_nested_branch_dag to 2023-02-20T00:00:00+00:00, run_after=2023-02-21T00:00:00+00:00
[2023-02-21T12:05:43.048+0000] {processor.py:175} INFO - Processing /home/airflow/.local/lib/python3.7/site-packages/airflow/example_dags/example_nested_branch_dag.py took 0.789 seconds
[2023-02-21T12:06:13.443+0000] {processor.py:153} INFO - Started process (PID=2079) to work on /home/airflow/.local/lib/python3.7/site-packages/airflow/example_dags/example_nested_branch_dag.py
[2023-02-21T12:06:13.456+0000] {processor.py:743} INFO - Processing file /home/airflow/.local/lib/python3.7/site-packages/airflow/example_dags/example_nested_branch_dag.py for tasks to queue
[2023-02-21T12:06:13.461+0000] {logging_mixin.py:137} INFO - [2023-02-21T12:06:13.461+0000] {dagbag.py:538} INFO - Filling up the DagBag from /home/airflow/.local/lib/python3.7/site-packages/airflow/example_dags/example_nested_branch_dag.py
[2023-02-21T12:06:13.619+0000] {processor.py:753} INFO - DAG(s) dict_keys(['example_nested_branch_dag']) retrieved from /home/airflow/.local/lib/python3.7/site-packages/airflow/example_dags/example_nested_branch_dag.py
[2023-02-21T12:06:13.759+0000] {logging_mixin.py:137} INFO - [2023-02-21T12:06:13.759+0000] {dag.py:2690} INFO - Sync 1 DAGs
[2023-02-21T12:06:13.817+0000] {logging_mixin.py:137} INFO - [2023-02-21T12:06:13.817+0000] {dag.py:3441} INFO - Setting next_dagrun for example_nested_branch_dag to 2023-02-20T00:00:00+00:00, run_after=2023-02-21T00:00:00+00:00
[2023-02-21T12:06:13.949+0000] {processor.py:175} INFO - Processing /home/airflow/.local/lib/python3.7/site-packages/airflow/example_dags/example_nested_branch_dag.py took 0.541 seconds
[2023-02-21T12:06:44.152+0000] {processor.py:153} INFO - Started process (PID=2130) to work on /home/airflow/.local/lib/python3.7/site-packages/airflow/example_dags/example_nested_branch_dag.py
[2023-02-21T12:06:44.154+0000] {processor.py:743} INFO - Processing file /home/airflow/.local/lib/python3.7/site-packages/airflow/example_dags/example_nested_branch_dag.py for tasks to queue
[2023-02-21T12:06:44.157+0000] {logging_mixin.py:137} INFO - [2023-02-21T12:06:44.157+0000] {dagbag.py:538} INFO - Filling up the DagBag from /home/airflow/.local/lib/python3.7/site-packages/airflow/example_dags/example_nested_branch_dag.py
[2023-02-21T12:06:44.216+0000] {processor.py:753} INFO - DAG(s) dict_keys(['example_nested_branch_dag']) retrieved from /home/airflow/.local/lib/python3.7/site-packages/airflow/example_dags/example_nested_branch_dag.py
[2023-02-21T12:06:44.291+0000] {logging_mixin.py:137} INFO - [2023-02-21T12:06:44.291+0000] {dag.py:2690} INFO - Sync 1 DAGs
[2023-02-21T12:06:44.383+0000] {logging_mixin.py:137} INFO - [2023-02-21T12:06:44.382+0000] {dag.py:3441} INFO - Setting next_dagrun for example_nested_branch_dag to 2023-02-20T00:00:00+00:00, run_after=2023-02-21T00:00:00+00:00
[2023-02-21T12:06:44.447+0000] {processor.py:175} INFO - Processing /home/airflow/.local/lib/python3.7/site-packages/airflow/example_dags/example_nested_branch_dag.py took 0.315 seconds
[2023-02-21T12:07:14.708+0000] {processor.py:153} INFO - Started process (PID=2189) to work on /home/airflow/.local/lib/python3.7/site-packages/airflow/example_dags/example_nested_branch_dag.py
[2023-02-21T12:07:14.711+0000] {processor.py:743} INFO - Processing file /home/airflow/.local/lib/python3.7/site-packages/airflow/example_dags/example_nested_branch_dag.py for tasks to queue
[2023-02-21T12:07:14.714+0000] {logging_mixin.py:137} INFO - [2023-02-21T12:07:14.713+0000] {dagbag.py:538} INFO - Filling up the DagBag from /home/airflow/.local/lib/python3.7/site-packages/airflow/example_dags/example_nested_branch_dag.py
[2023-02-21T12:07:14.753+0000] {processor.py:753} INFO - DAG(s) dict_keys(['example_nested_branch_dag']) retrieved from /home/airflow/.local/lib/python3.7/site-packages/airflow/example_dags/example_nested_branch_dag.py
[2023-02-21T12:07:14.800+0000] {logging_mixin.py:137} INFO - [2023-02-21T12:07:14.800+0000] {dag.py:2690} INFO - Sync 1 DAGs
[2023-02-21T12:07:14.844+0000] {logging_mixin.py:137} INFO - [2023-02-21T12:07:14.844+0000] {dag.py:3441} INFO - Setting next_dagrun for example_nested_branch_dag to 2023-02-20T00:00:00+00:00, run_after=2023-02-21T00:00:00+00:00
[2023-02-21T12:07:14.878+0000] {processor.py:175} INFO - Processing /home/airflow/.local/lib/python3.7/site-packages/airflow/example_dags/example_nested_branch_dag.py took 0.174 seconds
[2023-02-21T12:07:45.090+0000] {processor.py:153} INFO - Started process (PID=2248) to work on /home/airflow/.local/lib/python3.7/site-packages/airflow/example_dags/example_nested_branch_dag.py
[2023-02-21T12:07:45.103+0000] {processor.py:743} INFO - Processing file /home/airflow/.local/lib/python3.7/site-packages/airflow/example_dags/example_nested_branch_dag.py for tasks to queue
[2023-02-21T12:07:45.125+0000] {logging_mixin.py:137} INFO - [2023-02-21T12:07:45.113+0000] {dagbag.py:538} INFO - Filling up the DagBag from /home/airflow/.local/lib/python3.7/site-packages/airflow/example_dags/example_nested_branch_dag.py
[2023-02-21T12:07:45.363+0000] {processor.py:753} INFO - DAG(s) dict_keys(['example_nested_branch_dag']) retrieved from /home/airflow/.local/lib/python3.7/site-packages/airflow/example_dags/example_nested_branch_dag.py
[2023-02-21T12:07:45.560+0000] {logging_mixin.py:137} INFO - [2023-02-21T12:07:45.559+0000] {dag.py:2690} INFO - Sync 1 DAGs
[2023-02-21T12:07:45.662+0000] {logging_mixin.py:137} INFO - [2023-02-21T12:07:45.661+0000] {dag.py:3441} INFO - Setting next_dagrun for example_nested_branch_dag to 2023-02-20T00:00:00+00:00, run_after=2023-02-21T00:00:00+00:00
[2023-02-21T12:07:45.810+0000] {processor.py:175} INFO - Processing /home/airflow/.local/lib/python3.7/site-packages/airflow/example_dags/example_nested_branch_dag.py took 0.765 seconds
[2023-02-21T12:08:17.321+0000] {processor.py:153} INFO - Started process (PID=2306) to work on /home/airflow/.local/lib/python3.7/site-packages/airflow/example_dags/example_nested_branch_dag.py
[2023-02-21T12:08:17.332+0000] {processor.py:743} INFO - Processing file /home/airflow/.local/lib/python3.7/site-packages/airflow/example_dags/example_nested_branch_dag.py for tasks to queue
[2023-02-21T12:08:17.346+0000] {logging_mixin.py:137} INFO - [2023-02-21T12:08:17.346+0000] {dagbag.py:538} INFO - Filling up the DagBag from /home/airflow/.local/lib/python3.7/site-packages/airflow/example_dags/example_nested_branch_dag.py
[2023-02-21T12:08:17.660+0000] {processor.py:753} INFO - DAG(s) dict_keys(['example_nested_branch_dag']) retrieved from /home/airflow/.local/lib/python3.7/site-packages/airflow/example_dags/example_nested_branch_dag.py
[2023-02-21T12:08:18.063+0000] {logging_mixin.py:137} INFO - [2023-02-21T12:08:18.063+0000] {dag.py:2690} INFO - Sync 1 DAGs
[2023-02-21T12:08:18.507+0000] {logging_mixin.py:137} INFO - [2023-02-21T12:08:18.507+0000] {dag.py:3441} INFO - Setting next_dagrun for example_nested_branch_dag to 2023-02-20T00:00:00+00:00, run_after=2023-02-21T00:00:00+00:00
[2023-02-21T12:08:18.662+0000] {processor.py:175} INFO - Processing /home/airflow/.local/lib/python3.7/site-packages/airflow/example_dags/example_nested_branch_dag.py took 1.365 seconds
[2023-02-21T12:08:49.566+0000] {processor.py:153} INFO - Started process (PID=2365) to work on /home/airflow/.local/lib/python3.7/site-packages/airflow/example_dags/example_nested_branch_dag.py
[2023-02-21T12:08:49.597+0000] {processor.py:743} INFO - Processing file /home/airflow/.local/lib/python3.7/site-packages/airflow/example_dags/example_nested_branch_dag.py for tasks to queue
[2023-02-21T12:08:49.600+0000] {logging_mixin.py:137} INFO - [2023-02-21T12:08:49.600+0000] {dagbag.py:538} INFO - Filling up the DagBag from /home/airflow/.local/lib/python3.7/site-packages/airflow/example_dags/example_nested_branch_dag.py
[2023-02-21T12:08:49.866+0000] {processor.py:753} INFO - DAG(s) dict_keys(['example_nested_branch_dag']) retrieved from /home/airflow/.local/lib/python3.7/site-packages/airflow/example_dags/example_nested_branch_dag.py
[2023-02-21T12:08:50.168+0000] {logging_mixin.py:137} INFO - [2023-02-21T12:08:50.168+0000] {dag.py:2690} INFO - Sync 1 DAGs
[2023-02-21T12:08:50.395+0000] {logging_mixin.py:137} INFO - [2023-02-21T12:08:50.395+0000] {dag.py:3441} INFO - Setting next_dagrun for example_nested_branch_dag to 2023-02-20T00:00:00+00:00, run_after=2023-02-21T00:00:00+00:00
[2023-02-21T12:08:50.548+0000] {processor.py:175} INFO - Processing /home/airflow/.local/lib/python3.7/site-packages/airflow/example_dags/example_nested_branch_dag.py took 0.962 seconds
[2023-02-21T12:09:21.608+0000] {processor.py:153} INFO - Started process (PID=2422) to work on /home/airflow/.local/lib/python3.7/site-packages/airflow/example_dags/example_nested_branch_dag.py
[2023-02-21T12:09:21.613+0000] {processor.py:743} INFO - Processing file /home/airflow/.local/lib/python3.7/site-packages/airflow/example_dags/example_nested_branch_dag.py for tasks to queue
[2023-02-21T12:09:21.619+0000] {logging_mixin.py:137} INFO - [2023-02-21T12:09:21.617+0000] {dagbag.py:538} INFO - Filling up the DagBag from /home/airflow/.local/lib/python3.7/site-packages/airflow/example_dags/example_nested_branch_dag.py
[2023-02-21T12:09:21.747+0000] {processor.py:753} INFO - DAG(s) dict_keys(['example_nested_branch_dag']) retrieved from /home/airflow/.local/lib/python3.7/site-packages/airflow/example_dags/example_nested_branch_dag.py
[2023-02-21T12:09:21.900+0000] {logging_mixin.py:137} INFO - [2023-02-21T12:09:21.900+0000] {dag.py:2690} INFO - Sync 1 DAGs
[2023-02-21T12:09:22.061+0000] {logging_mixin.py:137} INFO - [2023-02-21T12:09:22.060+0000] {dag.py:3441} INFO - Setting next_dagrun for example_nested_branch_dag to 2023-02-20T00:00:00+00:00, run_after=2023-02-21T00:00:00+00:00
[2023-02-21T12:09:22.154+0000] {processor.py:175} INFO - Processing /home/airflow/.local/lib/python3.7/site-packages/airflow/example_dags/example_nested_branch_dag.py took 0.589 seconds
[2023-02-21T12:09:52.415+0000] {processor.py:153} INFO - Started process (PID=2490) to work on /home/airflow/.local/lib/python3.7/site-packages/airflow/example_dags/example_nested_branch_dag.py
[2023-02-21T12:09:52.426+0000] {processor.py:743} INFO - Processing file /home/airflow/.local/lib/python3.7/site-packages/airflow/example_dags/example_nested_branch_dag.py for tasks to queue
[2023-02-21T12:09:52.436+0000] {logging_mixin.py:137} INFO - [2023-02-21T12:09:52.434+0000] {dagbag.py:538} INFO - Filling up the DagBag from /home/airflow/.local/lib/python3.7/site-packages/airflow/example_dags/example_nested_branch_dag.py
[2023-02-21T12:09:52.591+0000] {processor.py:753} INFO - DAG(s) dict_keys(['example_nested_branch_dag']) retrieved from /home/airflow/.local/lib/python3.7/site-packages/airflow/example_dags/example_nested_branch_dag.py
[2023-02-21T12:09:52.758+0000] {logging_mixin.py:137} INFO - [2023-02-21T12:09:52.758+0000] {dag.py:2690} INFO - Sync 1 DAGs
[2023-02-21T12:09:52.893+0000] {logging_mixin.py:137} INFO - [2023-02-21T12:09:52.893+0000] {dag.py:3441} INFO - Setting next_dagrun for example_nested_branch_dag to 2023-02-20T00:00:00+00:00, run_after=2023-02-21T00:00:00+00:00
[2023-02-21T12:09:52.987+0000] {processor.py:175} INFO - Processing /home/airflow/.local/lib/python3.7/site-packages/airflow/example_dags/example_nested_branch_dag.py took 0.596 seconds
[2023-02-21T12:10:23.204+0000] {processor.py:153} INFO - Started process (PID=2550) to work on /home/airflow/.local/lib/python3.7/site-packages/airflow/example_dags/example_nested_branch_dag.py
[2023-02-21T12:10:23.207+0000] {processor.py:743} INFO - Processing file /home/airflow/.local/lib/python3.7/site-packages/airflow/example_dags/example_nested_branch_dag.py for tasks to queue
[2023-02-21T12:10:23.210+0000] {logging_mixin.py:137} INFO - [2023-02-21T12:10:23.209+0000] {dagbag.py:538} INFO - Filling up the DagBag from /home/airflow/.local/lib/python3.7/site-packages/airflow/example_dags/example_nested_branch_dag.py
[2023-02-21T12:10:23.266+0000] {processor.py:753} INFO - DAG(s) dict_keys(['example_nested_branch_dag']) retrieved from /home/airflow/.local/lib/python3.7/site-packages/airflow/example_dags/example_nested_branch_dag.py
[2023-02-21T12:10:23.333+0000] {logging_mixin.py:137} INFO - [2023-02-21T12:10:23.333+0000] {dag.py:2690} INFO - Sync 1 DAGs
[2023-02-21T12:10:23.417+0000] {logging_mixin.py:137} INFO - [2023-02-21T12:10:23.417+0000] {dag.py:3441} INFO - Setting next_dagrun for example_nested_branch_dag to 2023-02-20T00:00:00+00:00, run_after=2023-02-21T00:00:00+00:00
[2023-02-21T12:10:23.463+0000] {processor.py:175} INFO - Processing /home/airflow/.local/lib/python3.7/site-packages/airflow/example_dags/example_nested_branch_dag.py took 0.274 seconds
[2023-02-21T12:10:54.164+0000] {processor.py:153} INFO - Started process (PID=2609) to work on /home/airflow/.local/lib/python3.7/site-packages/airflow/example_dags/example_nested_branch_dag.py
[2023-02-21T12:10:54.185+0000] {processor.py:743} INFO - Processing file /home/airflow/.local/lib/python3.7/site-packages/airflow/example_dags/example_nested_branch_dag.py for tasks to queue
[2023-02-21T12:10:54.191+0000] {logging_mixin.py:137} INFO - [2023-02-21T12:10:54.191+0000] {dagbag.py:538} INFO - Filling up the DagBag from /home/airflow/.local/lib/python3.7/site-packages/airflow/example_dags/example_nested_branch_dag.py
[2023-02-21T12:10:54.356+0000] {processor.py:753} INFO - DAG(s) dict_keys(['example_nested_branch_dag']) retrieved from /home/airflow/.local/lib/python3.7/site-packages/airflow/example_dags/example_nested_branch_dag.py
[2023-02-21T12:10:54.646+0000] {logging_mixin.py:137} INFO - [2023-02-21T12:10:54.645+0000] {dag.py:2690} INFO - Sync 1 DAGs
[2023-02-21T12:10:54.782+0000] {logging_mixin.py:137} INFO - [2023-02-21T12:10:54.781+0000] {dag.py:3441} INFO - Setting next_dagrun for example_nested_branch_dag to 2023-02-20T00:00:00+00:00, run_after=2023-02-21T00:00:00+00:00
[2023-02-21T12:10:54.869+0000] {processor.py:175} INFO - Processing /home/airflow/.local/lib/python3.7/site-packages/airflow/example_dags/example_nested_branch_dag.py took 0.722 seconds
[2023-02-21T12:11:25.051+0000] {processor.py:153} INFO - Started process (PID=2667) to work on /home/airflow/.local/lib/python3.7/site-packages/airflow/example_dags/example_nested_branch_dag.py
[2023-02-21T12:11:25.055+0000] {processor.py:743} INFO - Processing file /home/airflow/.local/lib/python3.7/site-packages/airflow/example_dags/example_nested_branch_dag.py for tasks to queue
[2023-02-21T12:11:25.058+0000] {logging_mixin.py:137} INFO - [2023-02-21T12:11:25.057+0000] {dagbag.py:538} INFO - Filling up the DagBag from /home/airflow/.local/lib/python3.7/site-packages/airflow/example_dags/example_nested_branch_dag.py
[2023-02-21T12:11:25.259+0000] {processor.py:753} INFO - DAG(s) dict_keys(['example_nested_branch_dag']) retrieved from /home/airflow/.local/lib/python3.7/site-packages/airflow/example_dags/example_nested_branch_dag.py
[2023-02-21T12:11:25.515+0000] {logging_mixin.py:137} INFO - [2023-02-21T12:11:25.515+0000] {dag.py:2690} INFO - Sync 1 DAGs
[2023-02-21T12:11:25.726+0000] {logging_mixin.py:137} INFO - [2023-02-21T12:11:25.726+0000] {dag.py:3441} INFO - Setting next_dagrun for example_nested_branch_dag to 2023-02-20T00:00:00+00:00, run_after=2023-02-21T00:00:00+00:00
[2023-02-21T12:11:25.862+0000] {processor.py:175} INFO - Processing /home/airflow/.local/lib/python3.7/site-packages/airflow/example_dags/example_nested_branch_dag.py took 0.820 seconds
[2023-02-21T12:11:56.042+0000] {processor.py:153} INFO - Started process (PID=2725) to work on /home/airflow/.local/lib/python3.7/site-packages/airflow/example_dags/example_nested_branch_dag.py
[2023-02-21T12:11:56.050+0000] {processor.py:743} INFO - Processing file /home/airflow/.local/lib/python3.7/site-packages/airflow/example_dags/example_nested_branch_dag.py for tasks to queue
[2023-02-21T12:11:56.056+0000] {logging_mixin.py:137} INFO - [2023-02-21T12:11:56.056+0000] {dagbag.py:538} INFO - Filling up the DagBag from /home/airflow/.local/lib/python3.7/site-packages/airflow/example_dags/example_nested_branch_dag.py
[2023-02-21T12:11:56.130+0000] {processor.py:753} INFO - DAG(s) dict_keys(['example_nested_branch_dag']) retrieved from /home/airflow/.local/lib/python3.7/site-packages/airflow/example_dags/example_nested_branch_dag.py
[2023-02-21T12:11:56.205+0000] {logging_mixin.py:137} INFO - [2023-02-21T12:11:56.205+0000] {dag.py:2690} INFO - Sync 1 DAGs
[2023-02-21T12:11:56.392+0000] {logging_mixin.py:137} INFO - [2023-02-21T12:11:56.392+0000] {dag.py:3441} INFO - Setting next_dagrun for example_nested_branch_dag to 2023-02-20T00:00:00+00:00, run_after=2023-02-21T00:00:00+00:00
[2023-02-21T12:11:56.501+0000] {processor.py:175} INFO - Processing /home/airflow/.local/lib/python3.7/site-packages/airflow/example_dags/example_nested_branch_dag.py took 0.490 seconds
[2023-02-21T12:12:27.432+0000] {processor.py:153} INFO - Started process (PID=2785) to work on /home/airflow/.local/lib/python3.7/site-packages/airflow/example_dags/example_nested_branch_dag.py
[2023-02-21T12:12:27.435+0000] {processor.py:743} INFO - Processing file /home/airflow/.local/lib/python3.7/site-packages/airflow/example_dags/example_nested_branch_dag.py for tasks to queue
[2023-02-21T12:12:27.439+0000] {logging_mixin.py:137} INFO - [2023-02-21T12:12:27.439+0000] {dagbag.py:538} INFO - Filling up the DagBag from /home/airflow/.local/lib/python3.7/site-packages/airflow/example_dags/example_nested_branch_dag.py
[2023-02-21T12:12:27.484+0000] {processor.py:753} INFO - DAG(s) dict_keys(['example_nested_branch_dag']) retrieved from /home/airflow/.local/lib/python3.7/site-packages/airflow/example_dags/example_nested_branch_dag.py
[2023-02-21T12:12:27.571+0000] {logging_mixin.py:137} INFO - [2023-02-21T12:12:27.571+0000] {dag.py:2690} INFO - Sync 1 DAGs
[2023-02-21T12:12:27.626+0000] {logging_mixin.py:137} INFO - [2023-02-21T12:12:27.626+0000] {dag.py:3441} INFO - Setting next_dagrun for example_nested_branch_dag to 2023-02-20T00:00:00+00:00, run_after=2023-02-21T00:00:00+00:00
[2023-02-21T12:12:27.665+0000] {processor.py:175} INFO - Processing /home/airflow/.local/lib/python3.7/site-packages/airflow/example_dags/example_nested_branch_dag.py took 0.244 seconds
[2023-02-21T12:12:58.103+0000] {processor.py:153} INFO - Started process (PID=2845) to work on /home/airflow/.local/lib/python3.7/site-packages/airflow/example_dags/example_nested_branch_dag.py
[2023-02-21T12:12:58.117+0000] {processor.py:743} INFO - Processing file /home/airflow/.local/lib/python3.7/site-packages/airflow/example_dags/example_nested_branch_dag.py for tasks to queue
[2023-02-21T12:12:58.121+0000] {logging_mixin.py:137} INFO - [2023-02-21T12:12:58.121+0000] {dagbag.py:538} INFO - Filling up the DagBag from /home/airflow/.local/lib/python3.7/site-packages/airflow/example_dags/example_nested_branch_dag.py
[2023-02-21T12:12:58.191+0000] {processor.py:753} INFO - DAG(s) dict_keys(['example_nested_branch_dag']) retrieved from /home/airflow/.local/lib/python3.7/site-packages/airflow/example_dags/example_nested_branch_dag.py
[2023-02-21T12:12:58.258+0000] {logging_mixin.py:137} INFO - [2023-02-21T12:12:58.258+0000] {dag.py:2690} INFO - Sync 1 DAGs
[2023-02-21T12:12:58.303+0000] {logging_mixin.py:137} INFO - [2023-02-21T12:12:58.303+0000] {dag.py:3441} INFO - Setting next_dagrun for example_nested_branch_dag to 2023-02-20T00:00:00+00:00, run_after=2023-02-21T00:00:00+00:00
[2023-02-21T12:12:58.359+0000] {processor.py:175} INFO - Processing /home/airflow/.local/lib/python3.7/site-packages/airflow/example_dags/example_nested_branch_dag.py took 0.268 seconds
[2023-02-21T12:13:28.760+0000] {processor.py:153} INFO - Started process (PID=2913) to work on /home/airflow/.local/lib/python3.7/site-packages/airflow/example_dags/example_nested_branch_dag.py
[2023-02-21T12:13:28.769+0000] {processor.py:743} INFO - Processing file /home/airflow/.local/lib/python3.7/site-packages/airflow/example_dags/example_nested_branch_dag.py for tasks to queue
[2023-02-21T12:13:28.778+0000] {logging_mixin.py:137} INFO - [2023-02-21T12:13:28.778+0000] {dagbag.py:538} INFO - Filling up the DagBag from /home/airflow/.local/lib/python3.7/site-packages/airflow/example_dags/example_nested_branch_dag.py
[2023-02-21T12:13:28.841+0000] {processor.py:753} INFO - DAG(s) dict_keys(['example_nested_branch_dag']) retrieved from /home/airflow/.local/lib/python3.7/site-packages/airflow/example_dags/example_nested_branch_dag.py
[2023-02-21T12:13:28.883+0000] {logging_mixin.py:137} INFO - [2023-02-21T12:13:28.882+0000] {dag.py:2690} INFO - Sync 1 DAGs
[2023-02-21T12:13:28.944+0000] {logging_mixin.py:137} INFO - [2023-02-21T12:13:28.944+0000] {dag.py:3441} INFO - Setting next_dagrun for example_nested_branch_dag to 2023-02-20T00:00:00+00:00, run_after=2023-02-21T00:00:00+00:00
[2023-02-21T12:13:29.051+0000] {processor.py:175} INFO - Processing /home/airflow/.local/lib/python3.7/site-packages/airflow/example_dags/example_nested_branch_dag.py took 0.304 seconds
[2023-02-21T12:13:59.344+0000] {processor.py:153} INFO - Started process (PID=2973) to work on /home/airflow/.local/lib/python3.7/site-packages/airflow/example_dags/example_nested_branch_dag.py
[2023-02-21T12:13:59.348+0000] {processor.py:743} INFO - Processing file /home/airflow/.local/lib/python3.7/site-packages/airflow/example_dags/example_nested_branch_dag.py for tasks to queue
[2023-02-21T12:13:59.351+0000] {logging_mixin.py:137} INFO - [2023-02-21T12:13:59.351+0000] {dagbag.py:538} INFO - Filling up the DagBag from /home/airflow/.local/lib/python3.7/site-packages/airflow/example_dags/example_nested_branch_dag.py
[2023-02-21T12:13:59.429+0000] {processor.py:753} INFO - DAG(s) dict_keys(['example_nested_branch_dag']) retrieved from /home/airflow/.local/lib/python3.7/site-packages/airflow/example_dags/example_nested_branch_dag.py
[2023-02-21T12:13:59.510+0000] {logging_mixin.py:137} INFO - [2023-02-21T12:13:59.510+0000] {dag.py:2690} INFO - Sync 1 DAGs
[2023-02-21T12:13:59.601+0000] {logging_mixin.py:137} INFO - [2023-02-21T12:13:59.601+0000] {dag.py:3441} INFO - Setting next_dagrun for example_nested_branch_dag to 2023-02-20T00:00:00+00:00, run_after=2023-02-21T00:00:00+00:00
[2023-02-21T12:13:59.688+0000] {processor.py:175} INFO - Processing /home/airflow/.local/lib/python3.7/site-packages/airflow/example_dags/example_nested_branch_dag.py took 0.357 seconds
[2023-02-21T12:14:29.963+0000] {processor.py:153} INFO - Started process (PID=3032) to work on /home/airflow/.local/lib/python3.7/site-packages/airflow/example_dags/example_nested_branch_dag.py
[2023-02-21T12:14:29.978+0000] {processor.py:743} INFO - Processing file /home/airflow/.local/lib/python3.7/site-packages/airflow/example_dags/example_nested_branch_dag.py for tasks to queue
[2023-02-21T12:14:29.980+0000] {logging_mixin.py:137} INFO - [2023-02-21T12:14:29.980+0000] {dagbag.py:538} INFO - Filling up the DagBag from /home/airflow/.local/lib/python3.7/site-packages/airflow/example_dags/example_nested_branch_dag.py
[2023-02-21T12:14:30.156+0000] {processor.py:753} INFO - DAG(s) dict_keys(['example_nested_branch_dag']) retrieved from /home/airflow/.local/lib/python3.7/site-packages/airflow/example_dags/example_nested_branch_dag.py
[2023-02-21T12:14:30.290+0000] {logging_mixin.py:137} INFO - [2023-02-21T12:14:30.290+0000] {dag.py:2690} INFO - Sync 1 DAGs
[2023-02-21T12:14:30.397+0000] {logging_mixin.py:137} INFO - [2023-02-21T12:14:30.397+0000] {dag.py:3441} INFO - Setting next_dagrun for example_nested_branch_dag to 2023-02-20T00:00:00+00:00, run_after=2023-02-21T00:00:00+00:00
[2023-02-21T12:14:30.493+0000] {processor.py:175} INFO - Processing /home/airflow/.local/lib/python3.7/site-packages/airflow/example_dags/example_nested_branch_dag.py took 0.543 seconds
[2023-02-21T12:15:01.435+0000] {processor.py:153} INFO - Started process (PID=3102) to work on /home/airflow/.local/lib/python3.7/site-packages/airflow/example_dags/example_nested_branch_dag.py
[2023-02-21T12:15:01.438+0000] {processor.py:743} INFO - Processing file /home/airflow/.local/lib/python3.7/site-packages/airflow/example_dags/example_nested_branch_dag.py for tasks to queue
[2023-02-21T12:15:01.446+0000] {logging_mixin.py:137} INFO - [2023-02-21T12:15:01.445+0000] {dagbag.py:538} INFO - Filling up the DagBag from /home/airflow/.local/lib/python3.7/site-packages/airflow/example_dags/example_nested_branch_dag.py
[2023-02-21T12:15:01.509+0000] {processor.py:753} INFO - DAG(s) dict_keys(['example_nested_branch_dag']) retrieved from /home/airflow/.local/lib/python3.7/site-packages/airflow/example_dags/example_nested_branch_dag.py
[2023-02-21T12:15:01.554+0000] {logging_mixin.py:137} INFO - [2023-02-21T12:15:01.554+0000] {dag.py:2690} INFO - Sync 1 DAGs
[2023-02-21T12:15:01.624+0000] {logging_mixin.py:137} INFO - [2023-02-21T12:15:01.624+0000] {dag.py:3441} INFO - Setting next_dagrun for example_nested_branch_dag to 2023-02-20T00:00:00+00:00, run_after=2023-02-21T00:00:00+00:00
[2023-02-21T12:15:01.656+0000] {processor.py:175} INFO - Processing /home/airflow/.local/lib/python3.7/site-packages/airflow/example_dags/example_nested_branch_dag.py took 0.230 seconds
[2023-02-21T12:15:32.423+0000] {processor.py:153} INFO - Started process (PID=3163) to work on /home/airflow/.local/lib/python3.7/site-packages/airflow/example_dags/example_nested_branch_dag.py
[2023-02-21T12:15:32.429+0000] {processor.py:743} INFO - Processing file /home/airflow/.local/lib/python3.7/site-packages/airflow/example_dags/example_nested_branch_dag.py for tasks to queue
[2023-02-21T12:15:32.435+0000] {logging_mixin.py:137} INFO - [2023-02-21T12:15:32.434+0000] {dagbag.py:538} INFO - Filling up the DagBag from /home/airflow/.local/lib/python3.7/site-packages/airflow/example_dags/example_nested_branch_dag.py
[2023-02-21T12:15:32.481+0000] {processor.py:753} INFO - DAG(s) dict_keys(['example_nested_branch_dag']) retrieved from /home/airflow/.local/lib/python3.7/site-packages/airflow/example_dags/example_nested_branch_dag.py
[2023-02-21T12:15:32.538+0000] {logging_mixin.py:137} INFO - [2023-02-21T12:15:32.538+0000] {dag.py:2690} INFO - Sync 1 DAGs
[2023-02-21T12:15:32.583+0000] {logging_mixin.py:137} INFO - [2023-02-21T12:15:32.583+0000] {dag.py:3441} INFO - Setting next_dagrun for example_nested_branch_dag to 2023-02-20T00:00:00+00:00, run_after=2023-02-21T00:00:00+00:00
[2023-02-21T12:15:32.621+0000] {processor.py:175} INFO - Processing /home/airflow/.local/lib/python3.7/site-packages/airflow/example_dags/example_nested_branch_dag.py took 0.226 seconds
[2023-02-21T12:16:03.264+0000] {processor.py:153} INFO - Started process (PID=3221) to work on /home/airflow/.local/lib/python3.7/site-packages/airflow/example_dags/example_nested_branch_dag.py
[2023-02-21T12:16:03.270+0000] {processor.py:743} INFO - Processing file /home/airflow/.local/lib/python3.7/site-packages/airflow/example_dags/example_nested_branch_dag.py for tasks to queue
[2023-02-21T12:16:03.279+0000] {logging_mixin.py:137} INFO - [2023-02-21T12:16:03.279+0000] {dagbag.py:538} INFO - Filling up the DagBag from /home/airflow/.local/lib/python3.7/site-packages/airflow/example_dags/example_nested_branch_dag.py
[2023-02-21T12:16:03.383+0000] {processor.py:753} INFO - DAG(s) dict_keys(['example_nested_branch_dag']) retrieved from /home/airflow/.local/lib/python3.7/site-packages/airflow/example_dags/example_nested_branch_dag.py
[2023-02-21T12:16:03.476+0000] {logging_mixin.py:137} INFO - [2023-02-21T12:16:03.475+0000] {dag.py:2690} INFO - Sync 1 DAGs
[2023-02-21T12:16:03.556+0000] {logging_mixin.py:137} INFO - [2023-02-21T12:16:03.556+0000] {dag.py:3441} INFO - Setting next_dagrun for example_nested_branch_dag to 2023-02-20T00:00:00+00:00, run_after=2023-02-21T00:00:00+00:00
[2023-02-21T12:16:03.633+0000] {processor.py:175} INFO - Processing /home/airflow/.local/lib/python3.7/site-packages/airflow/example_dags/example_nested_branch_dag.py took 0.397 seconds
[2023-02-21T12:16:34.618+0000] {processor.py:153} INFO - Started process (PID=3282) to work on /home/airflow/.local/lib/python3.7/site-packages/airflow/example_dags/example_nested_branch_dag.py
[2023-02-21T12:16:34.629+0000] {processor.py:743} INFO - Processing file /home/airflow/.local/lib/python3.7/site-packages/airflow/example_dags/example_nested_branch_dag.py for tasks to queue
[2023-02-21T12:16:34.636+0000] {logging_mixin.py:137} INFO - [2023-02-21T12:16:34.635+0000] {dagbag.py:538} INFO - Filling up the DagBag from /home/airflow/.local/lib/python3.7/site-packages/airflow/example_dags/example_nested_branch_dag.py
[2023-02-21T12:16:34.749+0000] {processor.py:753} INFO - DAG(s) dict_keys(['example_nested_branch_dag']) retrieved from /home/airflow/.local/lib/python3.7/site-packages/airflow/example_dags/example_nested_branch_dag.py
[2023-02-21T12:16:34.873+0000] {logging_mixin.py:137} INFO - [2023-02-21T12:16:34.872+0000] {dag.py:2690} INFO - Sync 1 DAGs
[2023-02-21T12:16:34.987+0000] {logging_mixin.py:137} INFO - [2023-02-21T12:16:34.987+0000] {dag.py:3441} INFO - Setting next_dagrun for example_nested_branch_dag to 2023-02-20T00:00:00+00:00, run_after=2023-02-21T00:00:00+00:00
[2023-02-21T12:16:35.045+0000] {processor.py:175} INFO - Processing /home/airflow/.local/lib/python3.7/site-packages/airflow/example_dags/example_nested_branch_dag.py took 0.457 seconds
[2023-02-21T12:17:05.341+0000] {processor.py:153} INFO - Started process (PID=3342) to work on /home/airflow/.local/lib/python3.7/site-packages/airflow/example_dags/example_nested_branch_dag.py
[2023-02-21T12:17:05.352+0000] {processor.py:743} INFO - Processing file /home/airflow/.local/lib/python3.7/site-packages/airflow/example_dags/example_nested_branch_dag.py for tasks to queue
[2023-02-21T12:17:05.358+0000] {logging_mixin.py:137} INFO - [2023-02-21T12:17:05.357+0000] {dagbag.py:538} INFO - Filling up the DagBag from /home/airflow/.local/lib/python3.7/site-packages/airflow/example_dags/example_nested_branch_dag.py
[2023-02-21T12:17:05.492+0000] {processor.py:753} INFO - DAG(s) dict_keys(['example_nested_branch_dag']) retrieved from /home/airflow/.local/lib/python3.7/site-packages/airflow/example_dags/example_nested_branch_dag.py
[2023-02-21T12:17:05.631+0000] {logging_mixin.py:137} INFO - [2023-02-21T12:17:05.631+0000] {dag.py:2690} INFO - Sync 1 DAGs
[2023-02-21T12:17:05.779+0000] {logging_mixin.py:137} INFO - [2023-02-21T12:17:05.779+0000] {dag.py:3441} INFO - Setting next_dagrun for example_nested_branch_dag to 2023-02-20T00:00:00+00:00, run_after=2023-02-21T00:00:00+00:00
[2023-02-21T12:17:05.880+0000] {processor.py:175} INFO - Processing /home/airflow/.local/lib/python3.7/site-packages/airflow/example_dags/example_nested_branch_dag.py took 0.548 seconds
[2023-02-21T12:17:36.391+0000] {processor.py:153} INFO - Started process (PID=3401) to work on /home/airflow/.local/lib/python3.7/site-packages/airflow/example_dags/example_nested_branch_dag.py
[2023-02-21T12:17:36.416+0000] {processor.py:743} INFO - Processing file /home/airflow/.local/lib/python3.7/site-packages/airflow/example_dags/example_nested_branch_dag.py for tasks to queue
[2023-02-21T12:17:36.424+0000] {logging_mixin.py:137} INFO - [2023-02-21T12:17:36.424+0000] {dagbag.py:538} INFO - Filling up the DagBag from /home/airflow/.local/lib/python3.7/site-packages/airflow/example_dags/example_nested_branch_dag.py
[2023-02-21T12:17:36.553+0000] {processor.py:753} INFO - DAG(s) dict_keys(['example_nested_branch_dag']) retrieved from /home/airflow/.local/lib/python3.7/site-packages/airflow/example_dags/example_nested_branch_dag.py
[2023-02-21T12:17:36.690+0000] {logging_mixin.py:137} INFO - [2023-02-21T12:17:36.690+0000] {dag.py:2690} INFO - Sync 1 DAGs
[2023-02-21T12:17:36.783+0000] {logging_mixin.py:137} INFO - [2023-02-21T12:17:36.782+0000] {dag.py:3441} INFO - Setting next_dagrun for example_nested_branch_dag to 2023-02-20T00:00:00+00:00, run_after=2023-02-21T00:00:00+00:00
[2023-02-21T12:17:36.874+0000] {processor.py:175} INFO - Processing /home/airflow/.local/lib/python3.7/site-packages/airflow/example_dags/example_nested_branch_dag.py took 0.494 seconds
[2023-02-21T12:18:07.349+0000] {processor.py:153} INFO - Started process (PID=3459) to work on /home/airflow/.local/lib/python3.7/site-packages/airflow/example_dags/example_nested_branch_dag.py
[2023-02-21T12:18:07.363+0000] {processor.py:743} INFO - Processing file /home/airflow/.local/lib/python3.7/site-packages/airflow/example_dags/example_nested_branch_dag.py for tasks to queue
[2023-02-21T12:18:07.367+0000] {logging_mixin.py:137} INFO - [2023-02-21T12:18:07.366+0000] {dagbag.py:538} INFO - Filling up the DagBag from /home/airflow/.local/lib/python3.7/site-packages/airflow/example_dags/example_nested_branch_dag.py
[2023-02-21T12:18:07.522+0000] {processor.py:753} INFO - DAG(s) dict_keys(['example_nested_branch_dag']) retrieved from /home/airflow/.local/lib/python3.7/site-packages/airflow/example_dags/example_nested_branch_dag.py
[2023-02-21T12:18:07.596+0000] {logging_mixin.py:137} INFO - [2023-02-21T12:18:07.596+0000] {dag.py:2690} INFO - Sync 1 DAGs
[2023-02-21T12:18:07.736+0000] {logging_mixin.py:137} INFO - [2023-02-21T12:18:07.736+0000] {dag.py:3441} INFO - Setting next_dagrun for example_nested_branch_dag to 2023-02-20T00:00:00+00:00, run_after=2023-02-21T00:00:00+00:00
[2023-02-21T12:18:07.872+0000] {processor.py:175} INFO - Processing /home/airflow/.local/lib/python3.7/site-packages/airflow/example_dags/example_nested_branch_dag.py took 0.537 seconds
[2023-02-21T12:18:38.422+0000] {processor.py:153} INFO - Started process (PID=3518) to work on /home/airflow/.local/lib/python3.7/site-packages/airflow/example_dags/example_nested_branch_dag.py
[2023-02-21T12:18:38.438+0000] {processor.py:743} INFO - Processing file /home/airflow/.local/lib/python3.7/site-packages/airflow/example_dags/example_nested_branch_dag.py for tasks to queue
[2023-02-21T12:18:38.441+0000] {logging_mixin.py:137} INFO - [2023-02-21T12:18:38.440+0000] {dagbag.py:538} INFO - Filling up the DagBag from /home/airflow/.local/lib/python3.7/site-packages/airflow/example_dags/example_nested_branch_dag.py
[2023-02-21T12:18:38.720+0000] {processor.py:753} INFO - DAG(s) dict_keys(['example_nested_branch_dag']) retrieved from /home/airflow/.local/lib/python3.7/site-packages/airflow/example_dags/example_nested_branch_dag.py
[2023-02-21T12:18:38.937+0000] {logging_mixin.py:137} INFO - [2023-02-21T12:18:38.936+0000] {dag.py:2690} INFO - Sync 1 DAGs
[2023-02-21T12:18:39.084+0000] {logging_mixin.py:137} INFO - [2023-02-21T12:18:39.083+0000] {dag.py:3441} INFO - Setting next_dagrun for example_nested_branch_dag to 2023-02-20T00:00:00+00:00, run_after=2023-02-21T00:00:00+00:00
[2023-02-21T12:18:39.234+0000] {processor.py:175} INFO - Processing /home/airflow/.local/lib/python3.7/site-packages/airflow/example_dags/example_nested_branch_dag.py took 0.855 seconds
[2023-02-21T12:19:09.618+0000] {processor.py:153} INFO - Started process (PID=3576) to work on /home/airflow/.local/lib/python3.7/site-packages/airflow/example_dags/example_nested_branch_dag.py
[2023-02-21T12:19:09.622+0000] {processor.py:743} INFO - Processing file /home/airflow/.local/lib/python3.7/site-packages/airflow/example_dags/example_nested_branch_dag.py for tasks to queue
[2023-02-21T12:19:09.625+0000] {logging_mixin.py:137} INFO - [2023-02-21T12:19:09.624+0000] {dagbag.py:538} INFO - Filling up the DagBag from /home/airflow/.local/lib/python3.7/site-packages/airflow/example_dags/example_nested_branch_dag.py
[2023-02-21T12:19:09.722+0000] {processor.py:753} INFO - DAG(s) dict_keys(['example_nested_branch_dag']) retrieved from /home/airflow/.local/lib/python3.7/site-packages/airflow/example_dags/example_nested_branch_dag.py
[2023-02-21T12:19:09.825+0000] {logging_mixin.py:137} INFO - [2023-02-21T12:19:09.825+0000] {dag.py:2690} INFO - Sync 1 DAGs
[2023-02-21T12:19:09.967+0000] {logging_mixin.py:137} INFO - [2023-02-21T12:19:09.967+0000] {dag.py:3441} INFO - Setting next_dagrun for example_nested_branch_dag to 2023-02-20T00:00:00+00:00, run_after=2023-02-21T00:00:00+00:00
[2023-02-21T12:19:10.169+0000] {processor.py:175} INFO - Processing /home/airflow/.local/lib/python3.7/site-packages/airflow/example_dags/example_nested_branch_dag.py took 0.580 seconds
[2023-02-21T12:19:40.384+0000] {processor.py:153} INFO - Started process (PID=3625) to work on /home/airflow/.local/lib/python3.7/site-packages/airflow/example_dags/example_nested_branch_dag.py
[2023-02-21T12:19:40.388+0000] {processor.py:743} INFO - Processing file /home/airflow/.local/lib/python3.7/site-packages/airflow/example_dags/example_nested_branch_dag.py for tasks to queue
[2023-02-21T12:19:40.392+0000] {logging_mixin.py:137} INFO - [2023-02-21T12:19:40.391+0000] {dagbag.py:538} INFO - Filling up the DagBag from /home/airflow/.local/lib/python3.7/site-packages/airflow/example_dags/example_nested_branch_dag.py
[2023-02-21T12:19:40.454+0000] {processor.py:753} INFO - DAG(s) dict_keys(['example_nested_branch_dag']) retrieved from /home/airflow/.local/lib/python3.7/site-packages/airflow/example_dags/example_nested_branch_dag.py
[2023-02-21T12:19:40.527+0000] {logging_mixin.py:137} INFO - [2023-02-21T12:19:40.526+0000] {dag.py:2690} INFO - Sync 1 DAGs
[2023-02-21T12:19:40.590+0000] {logging_mixin.py:137} INFO - [2023-02-21T12:19:40.590+0000] {dag.py:3441} INFO - Setting next_dagrun for example_nested_branch_dag to 2023-02-20T00:00:00+00:00, run_after=2023-02-21T00:00:00+00:00
[2023-02-21T12:19:40.637+0000] {processor.py:175} INFO - Processing /home/airflow/.local/lib/python3.7/site-packages/airflow/example_dags/example_nested_branch_dag.py took 0.262 seconds
[2023-02-21T12:20:10.950+0000] {processor.py:153} INFO - Started process (PID=3683) to work on /home/airflow/.local/lib/python3.7/site-packages/airflow/example_dags/example_nested_branch_dag.py
[2023-02-21T12:20:10.986+0000] {processor.py:743} INFO - Processing file /home/airflow/.local/lib/python3.7/site-packages/airflow/example_dags/example_nested_branch_dag.py for tasks to queue
[2023-02-21T12:20:10.988+0000] {logging_mixin.py:137} INFO - [2023-02-21T12:20:10.988+0000] {dagbag.py:538} INFO - Filling up the DagBag from /home/airflow/.local/lib/python3.7/site-packages/airflow/example_dags/example_nested_branch_dag.py
[2023-02-21T12:20:11.208+0000] {processor.py:753} INFO - DAG(s) dict_keys(['example_nested_branch_dag']) retrieved from /home/airflow/.local/lib/python3.7/site-packages/airflow/example_dags/example_nested_branch_dag.py
[2023-02-21T12:20:11.326+0000] {logging_mixin.py:137} INFO - [2023-02-21T12:20:11.325+0000] {dag.py:2690} INFO - Sync 1 DAGs
[2023-02-21T12:20:11.388+0000] {logging_mixin.py:137} INFO - [2023-02-21T12:20:11.388+0000] {dag.py:3441} INFO - Setting next_dagrun for example_nested_branch_dag to 2023-02-20T00:00:00+00:00, run_after=2023-02-21T00:00:00+00:00
[2023-02-21T12:20:11.434+0000] {processor.py:175} INFO - Processing /home/airflow/.local/lib/python3.7/site-packages/airflow/example_dags/example_nested_branch_dag.py took 0.511 seconds
[2023-02-21T12:20:41.624+0000] {processor.py:153} INFO - Started process (PID=3751) to work on /home/airflow/.local/lib/python3.7/site-packages/airflow/example_dags/example_nested_branch_dag.py
[2023-02-21T12:20:41.628+0000] {processor.py:743} INFO - Processing file /home/airflow/.local/lib/python3.7/site-packages/airflow/example_dags/example_nested_branch_dag.py for tasks to queue
[2023-02-21T12:20:41.630+0000] {logging_mixin.py:137} INFO - [2023-02-21T12:20:41.630+0000] {dagbag.py:538} INFO - Filling up the DagBag from /home/airflow/.local/lib/python3.7/site-packages/airflow/example_dags/example_nested_branch_dag.py
[2023-02-21T12:20:41.675+0000] {processor.py:753} INFO - DAG(s) dict_keys(['example_nested_branch_dag']) retrieved from /home/airflow/.local/lib/python3.7/site-packages/airflow/example_dags/example_nested_branch_dag.py
[2023-02-21T12:20:41.729+0000] {logging_mixin.py:137} INFO - [2023-02-21T12:20:41.728+0000] {dag.py:2690} INFO - Sync 1 DAGs
[2023-02-21T12:20:41.780+0000] {logging_mixin.py:137} INFO - [2023-02-21T12:20:41.779+0000] {dag.py:3441} INFO - Setting next_dagrun for example_nested_branch_dag to 2023-02-20T00:00:00+00:00, run_after=2023-02-21T00:00:00+00:00
[2023-02-21T12:20:41.817+0000] {processor.py:175} INFO - Processing /home/airflow/.local/lib/python3.7/site-packages/airflow/example_dags/example_nested_branch_dag.py took 0.200 seconds
[2023-02-21T12:21:12.336+0000] {processor.py:153} INFO - Started process (PID=3812) to work on /home/airflow/.local/lib/python3.7/site-packages/airflow/example_dags/example_nested_branch_dag.py
[2023-02-21T12:21:12.339+0000] {processor.py:743} INFO - Processing file /home/airflow/.local/lib/python3.7/site-packages/airflow/example_dags/example_nested_branch_dag.py for tasks to queue
[2023-02-21T12:21:12.344+0000] {logging_mixin.py:137} INFO - [2023-02-21T12:21:12.343+0000] {dagbag.py:538} INFO - Filling up the DagBag from /home/airflow/.local/lib/python3.7/site-packages/airflow/example_dags/example_nested_branch_dag.py
[2023-02-21T12:21:12.469+0000] {processor.py:753} INFO - DAG(s) dict_keys(['example_nested_branch_dag']) retrieved from /home/airflow/.local/lib/python3.7/site-packages/airflow/example_dags/example_nested_branch_dag.py
[2023-02-21T12:21:12.571+0000] {logging_mixin.py:137} INFO - [2023-02-21T12:21:12.571+0000] {dag.py:2690} INFO - Sync 1 DAGs
[2023-02-21T12:21:12.654+0000] {logging_mixin.py:137} INFO - [2023-02-21T12:21:12.654+0000] {dag.py:3441} INFO - Setting next_dagrun for example_nested_branch_dag to 2023-02-20T00:00:00+00:00, run_after=2023-02-21T00:00:00+00:00
[2023-02-21T12:21:12.737+0000] {processor.py:175} INFO - Processing /home/airflow/.local/lib/python3.7/site-packages/airflow/example_dags/example_nested_branch_dag.py took 0.448 seconds
[2023-02-21T12:21:43.115+0000] {processor.py:153} INFO - Started process (PID=3871) to work on /home/airflow/.local/lib/python3.7/site-packages/airflow/example_dags/example_nested_branch_dag.py
[2023-02-21T12:21:43.120+0000] {processor.py:743} INFO - Processing file /home/airflow/.local/lib/python3.7/site-packages/airflow/example_dags/example_nested_branch_dag.py for tasks to queue
[2023-02-21T12:21:43.125+0000] {logging_mixin.py:137} INFO - [2023-02-21T12:21:43.124+0000] {dagbag.py:538} INFO - Filling up the DagBag from /home/airflow/.local/lib/python3.7/site-packages/airflow/example_dags/example_nested_branch_dag.py
[2023-02-21T12:21:43.235+0000] {processor.py:753} INFO - DAG(s) dict_keys(['example_nested_branch_dag']) retrieved from /home/airflow/.local/lib/python3.7/site-packages/airflow/example_dags/example_nested_branch_dag.py
[2023-02-21T12:21:43.339+0000] {logging_mixin.py:137} INFO - [2023-02-21T12:21:43.339+0000] {dag.py:2690} INFO - Sync 1 DAGs
[2023-02-21T12:21:43.387+0000] {logging_mixin.py:137} INFO - [2023-02-21T12:21:43.386+0000] {dag.py:3441} INFO - Setting next_dagrun for example_nested_branch_dag to 2023-02-20T00:00:00+00:00, run_after=2023-02-21T00:00:00+00:00
[2023-02-21T12:21:43.427+0000] {processor.py:175} INFO - Processing /home/airflow/.local/lib/python3.7/site-packages/airflow/example_dags/example_nested_branch_dag.py took 0.329 seconds
[2023-02-21T12:22:13.974+0000] {processor.py:153} INFO - Started process (PID=3930) to work on /home/airflow/.local/lib/python3.7/site-packages/airflow/example_dags/example_nested_branch_dag.py
[2023-02-21T12:22:13.978+0000] {processor.py:743} INFO - Processing file /home/airflow/.local/lib/python3.7/site-packages/airflow/example_dags/example_nested_branch_dag.py for tasks to queue
[2023-02-21T12:22:13.981+0000] {logging_mixin.py:137} INFO - [2023-02-21T12:22:13.980+0000] {dagbag.py:538} INFO - Filling up the DagBag from /home/airflow/.local/lib/python3.7/site-packages/airflow/example_dags/example_nested_branch_dag.py
[2023-02-21T12:22:14.040+0000] {processor.py:753} INFO - DAG(s) dict_keys(['example_nested_branch_dag']) retrieved from /home/airflow/.local/lib/python3.7/site-packages/airflow/example_dags/example_nested_branch_dag.py
[2023-02-21T12:22:14.151+0000] {logging_mixin.py:137} INFO - [2023-02-21T12:22:14.150+0000] {dag.py:2690} INFO - Sync 1 DAGs
[2023-02-21T12:22:14.211+0000] {logging_mixin.py:137} INFO - [2023-02-21T12:22:14.211+0000] {dag.py:3441} INFO - Setting next_dagrun for example_nested_branch_dag to 2023-02-20T00:00:00+00:00, run_after=2023-02-21T00:00:00+00:00
[2023-02-21T12:22:14.281+0000] {processor.py:175} INFO - Processing /home/airflow/.local/lib/python3.7/site-packages/airflow/example_dags/example_nested_branch_dag.py took 0.313 seconds
[2023-02-21T12:22:44.468+0000] {processor.py:153} INFO - Started process (PID=3989) to work on /home/airflow/.local/lib/python3.7/site-packages/airflow/example_dags/example_nested_branch_dag.py
[2023-02-21T12:22:44.471+0000] {processor.py:743} INFO - Processing file /home/airflow/.local/lib/python3.7/site-packages/airflow/example_dags/example_nested_branch_dag.py for tasks to queue
[2023-02-21T12:22:44.489+0000] {logging_mixin.py:137} INFO - [2023-02-21T12:22:44.485+0000] {dagbag.py:538} INFO - Filling up the DagBag from /home/airflow/.local/lib/python3.7/site-packages/airflow/example_dags/example_nested_branch_dag.py
[2023-02-21T12:22:44.558+0000] {processor.py:753} INFO - DAG(s) dict_keys(['example_nested_branch_dag']) retrieved from /home/airflow/.local/lib/python3.7/site-packages/airflow/example_dags/example_nested_branch_dag.py
[2023-02-21T12:22:44.622+0000] {logging_mixin.py:137} INFO - [2023-02-21T12:22:44.621+0000] {dag.py:2690} INFO - Sync 1 DAGs
[2023-02-21T12:22:44.704+0000] {logging_mixin.py:137} INFO - [2023-02-21T12:22:44.704+0000] {dag.py:3441} INFO - Setting next_dagrun for example_nested_branch_dag to 2023-02-20T00:00:00+00:00, run_after=2023-02-21T00:00:00+00:00
[2023-02-21T12:22:44.797+0000] {processor.py:175} INFO - Processing /home/airflow/.local/lib/python3.7/site-packages/airflow/example_dags/example_nested_branch_dag.py took 0.338 seconds
[2023-02-21T12:23:14.898+0000] {processor.py:153} INFO - Started process (PID=4059) to work on /home/airflow/.local/lib/python3.7/site-packages/airflow/example_dags/example_nested_branch_dag.py
[2023-02-21T12:23:14.901+0000] {processor.py:743} INFO - Processing file /home/airflow/.local/lib/python3.7/site-packages/airflow/example_dags/example_nested_branch_dag.py for tasks to queue
[2023-02-21T12:23:14.904+0000] {logging_mixin.py:137} INFO - [2023-02-21T12:23:14.903+0000] {dagbag.py:538} INFO - Filling up the DagBag from /home/airflow/.local/lib/python3.7/site-packages/airflow/example_dags/example_nested_branch_dag.py
[2023-02-21T12:23:15.016+0000] {processor.py:753} INFO - DAG(s) dict_keys(['example_nested_branch_dag']) retrieved from /home/airflow/.local/lib/python3.7/site-packages/airflow/example_dags/example_nested_branch_dag.py
[2023-02-21T12:23:15.083+0000] {logging_mixin.py:137} INFO - [2023-02-21T12:23:15.083+0000] {dag.py:2690} INFO - Sync 1 DAGs
[2023-02-21T12:23:15.156+0000] {logging_mixin.py:137} INFO - [2023-02-21T12:23:15.156+0000] {dag.py:3441} INFO - Setting next_dagrun for example_nested_branch_dag to 2023-02-20T00:00:00+00:00, run_after=2023-02-21T00:00:00+00:00
[2023-02-21T12:23:15.198+0000] {processor.py:175} INFO - Processing /home/airflow/.local/lib/python3.7/site-packages/airflow/example_dags/example_nested_branch_dag.py took 0.313 seconds
[2023-02-21T12:23:45.974+0000] {processor.py:153} INFO - Started process (PID=4117) to work on /home/airflow/.local/lib/python3.7/site-packages/airflow/example_dags/example_nested_branch_dag.py
[2023-02-21T12:23:45.979+0000] {processor.py:743} INFO - Processing file /home/airflow/.local/lib/python3.7/site-packages/airflow/example_dags/example_nested_branch_dag.py for tasks to queue
[2023-02-21T12:23:45.982+0000] {logging_mixin.py:137} INFO - [2023-02-21T12:23:45.982+0000] {dagbag.py:538} INFO - Filling up the DagBag from /home/airflow/.local/lib/python3.7/site-packages/airflow/example_dags/example_nested_branch_dag.py
[2023-02-21T12:23:46.029+0000] {processor.py:753} INFO - DAG(s) dict_keys(['example_nested_branch_dag']) retrieved from /home/airflow/.local/lib/python3.7/site-packages/airflow/example_dags/example_nested_branch_dag.py
[2023-02-21T12:23:46.091+0000] {logging_mixin.py:137} INFO - [2023-02-21T12:23:46.091+0000] {dag.py:2690} INFO - Sync 1 DAGs
[2023-02-21T12:23:46.169+0000] {logging_mixin.py:137} INFO - [2023-02-21T12:23:46.169+0000] {dag.py:3441} INFO - Setting next_dagrun for example_nested_branch_dag to 2023-02-20T00:00:00+00:00, run_after=2023-02-21T00:00:00+00:00
[2023-02-21T12:23:46.208+0000] {processor.py:175} INFO - Processing /home/airflow/.local/lib/python3.7/site-packages/airflow/example_dags/example_nested_branch_dag.py took 0.239 seconds
[2023-02-21T12:24:16.834+0000] {processor.py:153} INFO - Started process (PID=4175) to work on /home/airflow/.local/lib/python3.7/site-packages/airflow/example_dags/example_nested_branch_dag.py
[2023-02-21T12:24:16.843+0000] {processor.py:743} INFO - Processing file /home/airflow/.local/lib/python3.7/site-packages/airflow/example_dags/example_nested_branch_dag.py for tasks to queue
[2023-02-21T12:24:16.850+0000] {logging_mixin.py:137} INFO - [2023-02-21T12:24:16.850+0000] {dagbag.py:538} INFO - Filling up the DagBag from /home/airflow/.local/lib/python3.7/site-packages/airflow/example_dags/example_nested_branch_dag.py
[2023-02-21T12:24:16.923+0000] {processor.py:753} INFO - DAG(s) dict_keys(['example_nested_branch_dag']) retrieved from /home/airflow/.local/lib/python3.7/site-packages/airflow/example_dags/example_nested_branch_dag.py
[2023-02-21T12:24:17.061+0000] {logging_mixin.py:137} INFO - [2023-02-21T12:24:17.061+0000] {dag.py:2690} INFO - Sync 1 DAGs
[2023-02-21T12:24:17.213+0000] {logging_mixin.py:137} INFO - [2023-02-21T12:24:17.212+0000] {dag.py:3441} INFO - Setting next_dagrun for example_nested_branch_dag to 2023-02-20T00:00:00+00:00, run_after=2023-02-21T00:00:00+00:00
[2023-02-21T12:24:17.340+0000] {processor.py:175} INFO - Processing /home/airflow/.local/lib/python3.7/site-packages/airflow/example_dags/example_nested_branch_dag.py took 0.516 seconds
