[2023-02-21T11:47:08.781+0000] {processor.py:153} INFO - Started process (PID=150) to work on /home/airflow/.local/lib/python3.7/site-packages/airflow/example_dags/example_sensor_decorator.py
[2023-02-21T11:47:08.815+0000] {processor.py:743} INFO - Processing file /home/airflow/.local/lib/python3.7/site-packages/airflow/example_dags/example_sensor_decorator.py for tasks to queue
[2023-02-21T11:47:08.842+0000] {logging_mixin.py:137} INFO - [2023-02-21T11:47:08.841+0000] {dagbag.py:538} INFO - Filling up the DagBag from /home/airflow/.local/lib/python3.7/site-packages/airflow/example_dags/example_sensor_decorator.py
[2023-02-21T11:47:09.777+0000] {processor.py:753} INFO - DAG(s) dict_keys(['example_sensor_decorator']) retrieved from /home/airflow/.local/lib/python3.7/site-packages/airflow/example_dags/example_sensor_decorator.py
[2023-02-21T11:47:10.137+0000] {logging_mixin.py:137} INFO - [2023-02-21T11:47:10.136+0000] {dag.py:2690} INFO - Sync 1 DAGs
[2023-02-21T11:47:10.775+0000] {logging_mixin.py:137} INFO - [2023-02-21T11:47:10.775+0000] {dag.py:3441} INFO - Setting next_dagrun for example_sensor_decorator to None, run_after=None
[2023-02-21T11:47:11.371+0000] {processor.py:175} INFO - Processing /home/airflow/.local/lib/python3.7/site-packages/airflow/example_dags/example_sensor_decorator.py took 2.780 seconds
[2023-02-21T11:48:01.883+0000] {processor.py:153} INFO - Started process (PID=209) to work on /home/airflow/.local/lib/python3.7/site-packages/airflow/example_dags/example_sensor_decorator.py
[2023-02-21T11:48:01.889+0000] {processor.py:743} INFO - Processing file /home/airflow/.local/lib/python3.7/site-packages/airflow/example_dags/example_sensor_decorator.py for tasks to queue
[2023-02-21T11:48:01.891+0000] {logging_mixin.py:137} INFO - [2023-02-21T11:48:01.890+0000] {dagbag.py:538} INFO - Filling up the DagBag from /home/airflow/.local/lib/python3.7/site-packages/airflow/example_dags/example_sensor_decorator.py
[2023-02-21T11:48:01.985+0000] {processor.py:753} INFO - DAG(s) dict_keys(['example_sensor_decorator']) retrieved from /home/airflow/.local/lib/python3.7/site-packages/airflow/example_dags/example_sensor_decorator.py
[2023-02-21T11:48:02.081+0000] {logging_mixin.py:137} INFO - [2023-02-21T11:48:02.080+0000] {dag.py:2690} INFO - Sync 1 DAGs
[2023-02-21T11:48:02.175+0000] {logging_mixin.py:137} INFO - [2023-02-21T11:48:02.175+0000] {dag.py:3441} INFO - Setting next_dagrun for example_sensor_decorator to None, run_after=None
[2023-02-21T11:48:02.235+0000] {processor.py:175} INFO - Processing /home/airflow/.local/lib/python3.7/site-packages/airflow/example_dags/example_sensor_decorator.py took 0.364 seconds
[2023-02-21T11:48:47.045+0000] {processor.py:153} INFO - Started process (PID=284) to work on /home/airflow/.local/lib/python3.7/site-packages/airflow/example_dags/example_sensor_decorator.py
[2023-02-21T11:48:47.048+0000] {processor.py:743} INFO - Processing file /home/airflow/.local/lib/python3.7/site-packages/airflow/example_dags/example_sensor_decorator.py for tasks to queue
[2023-02-21T11:48:47.069+0000] {logging_mixin.py:137} INFO - [2023-02-21T11:48:47.069+0000] {dagbag.py:538} INFO - Filling up the DagBag from /home/airflow/.local/lib/python3.7/site-packages/airflow/example_dags/example_sensor_decorator.py
[2023-02-21T11:48:47.401+0000] {processor.py:753} INFO - DAG(s) dict_keys(['example_sensor_decorator']) retrieved from /home/airflow/.local/lib/python3.7/site-packages/airflow/example_dags/example_sensor_decorator.py
[2023-02-21T11:48:47.726+0000] {logging_mixin.py:137} INFO - [2023-02-21T11:48:47.726+0000] {dag.py:2690} INFO - Sync 1 DAGs
[2023-02-21T11:48:48.054+0000] {logging_mixin.py:137} INFO - [2023-02-21T11:48:48.054+0000] {dag.py:3441} INFO - Setting next_dagrun for example_sensor_decorator to None, run_after=None
[2023-02-21T11:48:48.368+0000] {processor.py:175} INFO - Processing /home/airflow/.local/lib/python3.7/site-packages/airflow/example_dags/example_sensor_decorator.py took 1.370 seconds
[2023-02-21T11:49:59.263+0000] {processor.py:153} INFO - Started process (PID=363) to work on /home/airflow/.local/lib/python3.7/site-packages/airflow/example_dags/example_sensor_decorator.py
[2023-02-21T11:49:59.287+0000] {processor.py:743} INFO - Processing file /home/airflow/.local/lib/python3.7/site-packages/airflow/example_dags/example_sensor_decorator.py for tasks to queue
[2023-02-21T11:49:59.394+0000] {logging_mixin.py:137} INFO - [2023-02-21T11:49:59.394+0000] {dagbag.py:538} INFO - Filling up the DagBag from /home/airflow/.local/lib/python3.7/site-packages/airflow/example_dags/example_sensor_decorator.py
[2023-02-21T11:49:59.782+0000] {processor.py:753} INFO - DAG(s) dict_keys(['example_sensor_decorator']) retrieved from /home/airflow/.local/lib/python3.7/site-packages/airflow/example_dags/example_sensor_decorator.py
[2023-02-21T11:49:59.971+0000] {logging_mixin.py:137} INFO - [2023-02-21T11:49:59.971+0000] {dag.py:2690} INFO - Sync 1 DAGs
[2023-02-21T11:50:00.377+0000] {logging_mixin.py:137} INFO - [2023-02-21T11:50:00.376+0000] {dag.py:3441} INFO - Setting next_dagrun for example_sensor_decorator to None, run_after=None
[2023-02-21T11:50:00.743+0000] {processor.py:175} INFO - Processing /home/airflow/.local/lib/python3.7/site-packages/airflow/example_dags/example_sensor_decorator.py took 1.598 seconds
[2023-02-21T11:50:51.094+0000] {processor.py:153} INFO - Started process (PID=431) to work on /home/airflow/.local/lib/python3.7/site-packages/airflow/example_dags/example_sensor_decorator.py
[2023-02-21T11:50:51.099+0000] {processor.py:743} INFO - Processing file /home/airflow/.local/lib/python3.7/site-packages/airflow/example_dags/example_sensor_decorator.py for tasks to queue
[2023-02-21T11:50:51.120+0000] {logging_mixin.py:137} INFO - [2023-02-21T11:50:51.119+0000] {dagbag.py:538} INFO - Filling up the DagBag from /home/airflow/.local/lib/python3.7/site-packages/airflow/example_dags/example_sensor_decorator.py
[2023-02-21T11:50:51.293+0000] {processor.py:753} INFO - DAG(s) dict_keys(['example_sensor_decorator']) retrieved from /home/airflow/.local/lib/python3.7/site-packages/airflow/example_dags/example_sensor_decorator.py
[2023-02-21T11:50:51.638+0000] {logging_mixin.py:137} INFO - [2023-02-21T11:50:51.638+0000] {dag.py:2690} INFO - Sync 1 DAGs
[2023-02-21T11:50:52.277+0000] {logging_mixin.py:137} INFO - [2023-02-21T11:50:52.277+0000] {dag.py:3441} INFO - Setting next_dagrun for example_sensor_decorator to None, run_after=None
[2023-02-21T11:50:52.489+0000] {processor.py:175} INFO - Processing /home/airflow/.local/lib/python3.7/site-packages/airflow/example_dags/example_sensor_decorator.py took 1.450 seconds
[2023-02-21T11:51:22.754+0000] {processor.py:153} INFO - Started process (PID=481) to work on /home/airflow/.local/lib/python3.7/site-packages/airflow/example_dags/example_sensor_decorator.py
[2023-02-21T11:51:22.758+0000] {processor.py:743} INFO - Processing file /home/airflow/.local/lib/python3.7/site-packages/airflow/example_dags/example_sensor_decorator.py for tasks to queue
[2023-02-21T11:51:22.761+0000] {logging_mixin.py:137} INFO - [2023-02-21T11:51:22.760+0000] {dagbag.py:538} INFO - Filling up the DagBag from /home/airflow/.local/lib/python3.7/site-packages/airflow/example_dags/example_sensor_decorator.py
[2023-02-21T11:51:22.796+0000] {processor.py:753} INFO - DAG(s) dict_keys(['example_sensor_decorator']) retrieved from /home/airflow/.local/lib/python3.7/site-packages/airflow/example_dags/example_sensor_decorator.py
[2023-02-21T11:51:22.835+0000] {logging_mixin.py:137} INFO - [2023-02-21T11:51:22.835+0000] {dag.py:2690} INFO - Sync 1 DAGs
[2023-02-21T11:51:22.873+0000] {logging_mixin.py:137} INFO - [2023-02-21T11:51:22.872+0000] {dag.py:3441} INFO - Setting next_dagrun for example_sensor_decorator to None, run_after=None
[2023-02-21T11:51:22.924+0000] {processor.py:175} INFO - Processing /home/airflow/.local/lib/python3.7/site-packages/airflow/example_dags/example_sensor_decorator.py took 0.177 seconds
[2023-02-21T11:51:59.898+0000] {processor.py:153} INFO - Started process (PID=541) to work on /home/airflow/.local/lib/python3.7/site-packages/airflow/example_dags/example_sensor_decorator.py
[2023-02-21T11:51:59.916+0000] {processor.py:743} INFO - Processing file /home/airflow/.local/lib/python3.7/site-packages/airflow/example_dags/example_sensor_decorator.py for tasks to queue
[2023-02-21T11:51:59.957+0000] {logging_mixin.py:137} INFO - [2023-02-21T11:51:59.957+0000] {dagbag.py:538} INFO - Filling up the DagBag from /home/airflow/.local/lib/python3.7/site-packages/airflow/example_dags/example_sensor_decorator.py
[2023-02-21T11:52:00.190+0000] {processor.py:753} INFO - DAG(s) dict_keys(['example_sensor_decorator']) retrieved from /home/airflow/.local/lib/python3.7/site-packages/airflow/example_dags/example_sensor_decorator.py
[2023-02-21T11:52:00.403+0000] {logging_mixin.py:137} INFO - [2023-02-21T11:52:00.401+0000] {dag.py:2690} INFO - Sync 1 DAGs
[2023-02-21T11:52:00.722+0000] {logging_mixin.py:137} INFO - [2023-02-21T11:52:00.722+0000] {dag.py:3441} INFO - Setting next_dagrun for example_sensor_decorator to None, run_after=None
[2023-02-21T11:52:00.970+0000] {processor.py:175} INFO - Processing /home/airflow/.local/lib/python3.7/site-packages/airflow/example_dags/example_sensor_decorator.py took 1.093 seconds
[2023-02-21T11:52:34.372+0000] {processor.py:153} INFO - Started process (PID=600) to work on /home/airflow/.local/lib/python3.7/site-packages/airflow/example_dags/example_sensor_decorator.py
[2023-02-21T11:52:34.388+0000] {processor.py:743} INFO - Processing file /home/airflow/.local/lib/python3.7/site-packages/airflow/example_dags/example_sensor_decorator.py for tasks to queue
[2023-02-21T11:52:34.406+0000] {logging_mixin.py:137} INFO - [2023-02-21T11:52:34.405+0000] {dagbag.py:538} INFO - Filling up the DagBag from /home/airflow/.local/lib/python3.7/site-packages/airflow/example_dags/example_sensor_decorator.py
[2023-02-21T11:52:35.068+0000] {processor.py:753} INFO - DAG(s) dict_keys(['example_sensor_decorator']) retrieved from /home/airflow/.local/lib/python3.7/site-packages/airflow/example_dags/example_sensor_decorator.py
[2023-02-21T11:52:35.321+0000] {logging_mixin.py:137} INFO - [2023-02-21T11:52:35.321+0000] {dag.py:2690} INFO - Sync 1 DAGs
[2023-02-21T11:52:35.713+0000] {logging_mixin.py:137} INFO - [2023-02-21T11:52:35.704+0000] {dag.py:3441} INFO - Setting next_dagrun for example_sensor_decorator to None, run_after=None
[2023-02-21T11:52:36.034+0000] {processor.py:175} INFO - Processing /home/airflow/.local/lib/python3.7/site-packages/airflow/example_dags/example_sensor_decorator.py took 1.869 seconds
[2023-02-21T11:53:06.235+0000] {processor.py:153} INFO - Started process (PID=659) to work on /home/airflow/.local/lib/python3.7/site-packages/airflow/example_dags/example_sensor_decorator.py
[2023-02-21T11:53:06.254+0000] {processor.py:743} INFO - Processing file /home/airflow/.local/lib/python3.7/site-packages/airflow/example_dags/example_sensor_decorator.py for tasks to queue
[2023-02-21T11:53:06.256+0000] {logging_mixin.py:137} INFO - [2023-02-21T11:53:06.256+0000] {dagbag.py:538} INFO - Filling up the DagBag from /home/airflow/.local/lib/python3.7/site-packages/airflow/example_dags/example_sensor_decorator.py
[2023-02-21T11:53:06.348+0000] {processor.py:753} INFO - DAG(s) dict_keys(['example_sensor_decorator']) retrieved from /home/airflow/.local/lib/python3.7/site-packages/airflow/example_dags/example_sensor_decorator.py
[2023-02-21T11:53:06.510+0000] {logging_mixin.py:137} INFO - [2023-02-21T11:53:06.510+0000] {dag.py:2690} INFO - Sync 1 DAGs
[2023-02-21T11:53:06.751+0000] {logging_mixin.py:137} INFO - [2023-02-21T11:53:06.751+0000] {dag.py:3441} INFO - Setting next_dagrun for example_sensor_decorator to None, run_after=None
[2023-02-21T11:53:06.910+0000] {processor.py:175} INFO - Processing /home/airflow/.local/lib/python3.7/site-packages/airflow/example_dags/example_sensor_decorator.py took 0.691 seconds
[2023-02-21T11:53:37.811+0000] {processor.py:153} INFO - Started process (PID=719) to work on /home/airflow/.local/lib/python3.7/site-packages/airflow/example_dags/example_sensor_decorator.py
[2023-02-21T11:53:37.816+0000] {processor.py:743} INFO - Processing file /home/airflow/.local/lib/python3.7/site-packages/airflow/example_dags/example_sensor_decorator.py for tasks to queue
[2023-02-21T11:53:37.829+0000] {logging_mixin.py:137} INFO - [2023-02-21T11:53:37.828+0000] {dagbag.py:538} INFO - Filling up the DagBag from /home/airflow/.local/lib/python3.7/site-packages/airflow/example_dags/example_sensor_decorator.py
[2023-02-21T11:53:38.013+0000] {processor.py:753} INFO - DAG(s) dict_keys(['example_sensor_decorator']) retrieved from /home/airflow/.local/lib/python3.7/site-packages/airflow/example_dags/example_sensor_decorator.py
[2023-02-21T11:53:38.227+0000] {logging_mixin.py:137} INFO - [2023-02-21T11:53:38.227+0000] {dag.py:2690} INFO - Sync 1 DAGs
[2023-02-21T11:53:38.660+0000] {logging_mixin.py:137} INFO - [2023-02-21T11:53:38.660+0000] {dag.py:3441} INFO - Setting next_dagrun for example_sensor_decorator to None, run_after=None
[2023-02-21T11:53:38.884+0000] {processor.py:175} INFO - Processing /home/airflow/.local/lib/python3.7/site-packages/airflow/example_dags/example_sensor_decorator.py took 1.094 seconds
[2023-02-21T11:54:11.903+0000] {processor.py:153} INFO - Started process (PID=776) to work on /home/airflow/.local/lib/python3.7/site-packages/airflow/example_dags/example_sensor_decorator.py
[2023-02-21T11:54:11.909+0000] {processor.py:743} INFO - Processing file /home/airflow/.local/lib/python3.7/site-packages/airflow/example_dags/example_sensor_decorator.py for tasks to queue
[2023-02-21T11:54:11.920+0000] {logging_mixin.py:137} INFO - [2023-02-21T11:54:11.920+0000] {dagbag.py:538} INFO - Filling up the DagBag from /home/airflow/.local/lib/python3.7/site-packages/airflow/example_dags/example_sensor_decorator.py
[2023-02-21T11:54:12.008+0000] {processor.py:753} INFO - DAG(s) dict_keys(['example_sensor_decorator']) retrieved from /home/airflow/.local/lib/python3.7/site-packages/airflow/example_dags/example_sensor_decorator.py
[2023-02-21T11:54:12.068+0000] {logging_mixin.py:137} INFO - [2023-02-21T11:54:12.068+0000] {dag.py:2690} INFO - Sync 1 DAGs
[2023-02-21T11:54:12.122+0000] {logging_mixin.py:137} INFO - [2023-02-21T11:54:12.122+0000] {dag.py:3441} INFO - Setting next_dagrun for example_sensor_decorator to None, run_after=None
[2023-02-21T11:54:12.163+0000] {processor.py:175} INFO - Processing /home/airflow/.local/lib/python3.7/site-packages/airflow/example_dags/example_sensor_decorator.py took 0.270 seconds
[2023-02-21T11:54:44.170+0000] {processor.py:153} INFO - Started process (PID=835) to work on /home/airflow/.local/lib/python3.7/site-packages/airflow/example_dags/example_sensor_decorator.py
[2023-02-21T11:54:44.178+0000] {processor.py:743} INFO - Processing file /home/airflow/.local/lib/python3.7/site-packages/airflow/example_dags/example_sensor_decorator.py for tasks to queue
[2023-02-21T11:54:44.190+0000] {logging_mixin.py:137} INFO - [2023-02-21T11:54:44.189+0000] {dagbag.py:538} INFO - Filling up the DagBag from /home/airflow/.local/lib/python3.7/site-packages/airflow/example_dags/example_sensor_decorator.py
[2023-02-21T11:54:44.295+0000] {processor.py:753} INFO - DAG(s) dict_keys(['example_sensor_decorator']) retrieved from /home/airflow/.local/lib/python3.7/site-packages/airflow/example_dags/example_sensor_decorator.py
[2023-02-21T11:54:44.406+0000] {logging_mixin.py:137} INFO - [2023-02-21T11:54:44.406+0000] {dag.py:2690} INFO - Sync 1 DAGs
[2023-02-21T11:54:44.498+0000] {logging_mixin.py:137} INFO - [2023-02-21T11:54:44.498+0000] {dag.py:3441} INFO - Setting next_dagrun for example_sensor_decorator to None, run_after=None
[2023-02-21T11:54:44.607+0000] {processor.py:175} INFO - Processing /home/airflow/.local/lib/python3.7/site-packages/airflow/example_dags/example_sensor_decorator.py took 0.450 seconds
[2023-02-21T11:55:34.426+0000] {processor.py:153} INFO - Started process (PID=896) to work on /home/airflow/.local/lib/python3.7/site-packages/airflow/example_dags/example_sensor_decorator.py
[2023-02-21T11:55:34.444+0000] {processor.py:743} INFO - Processing file /home/airflow/.local/lib/python3.7/site-packages/airflow/example_dags/example_sensor_decorator.py for tasks to queue
[2023-02-21T11:55:34.453+0000] {logging_mixin.py:137} INFO - [2023-02-21T11:55:34.452+0000] {dagbag.py:538} INFO - Filling up the DagBag from /home/airflow/.local/lib/python3.7/site-packages/airflow/example_dags/example_sensor_decorator.py
[2023-02-21T11:55:34.918+0000] {processor.py:753} INFO - DAG(s) dict_keys(['example_sensor_decorator']) retrieved from /home/airflow/.local/lib/python3.7/site-packages/airflow/example_dags/example_sensor_decorator.py
[2023-02-21T11:55:35.193+0000] {logging_mixin.py:137} INFO - [2023-02-21T11:55:35.193+0000] {dag.py:2690} INFO - Sync 1 DAGs
[2023-02-21T11:55:35.439+0000] {logging_mixin.py:137} INFO - [2023-02-21T11:55:35.439+0000] {dag.py:3441} INFO - Setting next_dagrun for example_sensor_decorator to None, run_after=None
[2023-02-21T11:55:35.659+0000] {processor.py:175} INFO - Processing /home/airflow/.local/lib/python3.7/site-packages/airflow/example_dags/example_sensor_decorator.py took 1.265 seconds
[2023-02-21T11:56:06.540+0000] {processor.py:153} INFO - Started process (PID=954) to work on /home/airflow/.local/lib/python3.7/site-packages/airflow/example_dags/example_sensor_decorator.py
[2023-02-21T11:56:06.542+0000] {processor.py:743} INFO - Processing file /home/airflow/.local/lib/python3.7/site-packages/airflow/example_dags/example_sensor_decorator.py for tasks to queue
[2023-02-21T11:56:06.545+0000] {logging_mixin.py:137} INFO - [2023-02-21T11:56:06.544+0000] {dagbag.py:538} INFO - Filling up the DagBag from /home/airflow/.local/lib/python3.7/site-packages/airflow/example_dags/example_sensor_decorator.py
[2023-02-21T11:56:06.588+0000] {processor.py:753} INFO - DAG(s) dict_keys(['example_sensor_decorator']) retrieved from /home/airflow/.local/lib/python3.7/site-packages/airflow/example_dags/example_sensor_decorator.py
[2023-02-21T11:56:06.651+0000] {logging_mixin.py:137} INFO - [2023-02-21T11:56:06.651+0000] {dag.py:2690} INFO - Sync 1 DAGs
[2023-02-21T11:56:06.751+0000] {logging_mixin.py:137} INFO - [2023-02-21T11:56:06.750+0000] {dag.py:3441} INFO - Setting next_dagrun for example_sensor_decorator to None, run_after=None
[2023-02-21T11:56:06.834+0000] {processor.py:175} INFO - Processing /home/airflow/.local/lib/python3.7/site-packages/airflow/example_dags/example_sensor_decorator.py took 0.302 seconds
[2023-02-21T11:56:37.283+0000] {processor.py:153} INFO - Started process (PID=1013) to work on /home/airflow/.local/lib/python3.7/site-packages/airflow/example_dags/example_sensor_decorator.py
[2023-02-21T11:56:37.289+0000] {processor.py:743} INFO - Processing file /home/airflow/.local/lib/python3.7/site-packages/airflow/example_dags/example_sensor_decorator.py for tasks to queue
[2023-02-21T11:56:37.302+0000] {logging_mixin.py:137} INFO - [2023-02-21T11:56:37.302+0000] {dagbag.py:538} INFO - Filling up the DagBag from /home/airflow/.local/lib/python3.7/site-packages/airflow/example_dags/example_sensor_decorator.py
[2023-02-21T11:56:37.352+0000] {processor.py:753} INFO - DAG(s) dict_keys(['example_sensor_decorator']) retrieved from /home/airflow/.local/lib/python3.7/site-packages/airflow/example_dags/example_sensor_decorator.py
[2023-02-21T11:56:37.424+0000] {logging_mixin.py:137} INFO - [2023-02-21T11:56:37.423+0000] {dag.py:2690} INFO - Sync 1 DAGs
[2023-02-21T11:56:37.528+0000] {logging_mixin.py:137} INFO - [2023-02-21T11:56:37.528+0000] {dag.py:3441} INFO - Setting next_dagrun for example_sensor_decorator to None, run_after=None
[2023-02-21T11:56:37.607+0000] {processor.py:175} INFO - Processing /home/airflow/.local/lib/python3.7/site-packages/airflow/example_dags/example_sensor_decorator.py took 0.332 seconds
[2023-02-21T11:57:07.690+0000] {processor.py:153} INFO - Started process (PID=1072) to work on /home/airflow/.local/lib/python3.7/site-packages/airflow/example_dags/example_sensor_decorator.py
[2023-02-21T11:57:07.713+0000] {processor.py:743} INFO - Processing file /home/airflow/.local/lib/python3.7/site-packages/airflow/example_dags/example_sensor_decorator.py for tasks to queue
[2023-02-21T11:57:07.727+0000] {logging_mixin.py:137} INFO - [2023-02-21T11:57:07.726+0000] {dagbag.py:538} INFO - Filling up the DagBag from /home/airflow/.local/lib/python3.7/site-packages/airflow/example_dags/example_sensor_decorator.py
[2023-02-21T11:57:07.790+0000] {processor.py:753} INFO - DAG(s) dict_keys(['example_sensor_decorator']) retrieved from /home/airflow/.local/lib/python3.7/site-packages/airflow/example_dags/example_sensor_decorator.py
[2023-02-21T11:57:07.879+0000] {logging_mixin.py:137} INFO - [2023-02-21T11:57:07.879+0000] {dag.py:2690} INFO - Sync 1 DAGs
[2023-02-21T11:57:07.931+0000] {logging_mixin.py:137} INFO - [2023-02-21T11:57:07.931+0000] {dag.py:3441} INFO - Setting next_dagrun for example_sensor_decorator to None, run_after=None
[2023-02-21T11:57:08.013+0000] {processor.py:175} INFO - Processing /home/airflow/.local/lib/python3.7/site-packages/airflow/example_dags/example_sensor_decorator.py took 0.332 seconds
[2023-02-21T11:57:38.782+0000] {processor.py:153} INFO - Started process (PID=1130) to work on /home/airflow/.local/lib/python3.7/site-packages/airflow/example_dags/example_sensor_decorator.py
[2023-02-21T11:57:38.785+0000] {processor.py:743} INFO - Processing file /home/airflow/.local/lib/python3.7/site-packages/airflow/example_dags/example_sensor_decorator.py for tasks to queue
[2023-02-21T11:57:38.791+0000] {logging_mixin.py:137} INFO - [2023-02-21T11:57:38.790+0000] {dagbag.py:538} INFO - Filling up the DagBag from /home/airflow/.local/lib/python3.7/site-packages/airflow/example_dags/example_sensor_decorator.py
[2023-02-21T11:57:38.883+0000] {processor.py:753} INFO - DAG(s) dict_keys(['example_sensor_decorator']) retrieved from /home/airflow/.local/lib/python3.7/site-packages/airflow/example_dags/example_sensor_decorator.py
[2023-02-21T11:57:38.982+0000] {logging_mixin.py:137} INFO - [2023-02-21T11:57:38.982+0000] {dag.py:2690} INFO - Sync 1 DAGs
[2023-02-21T11:57:39.132+0000] {logging_mixin.py:137} INFO - [2023-02-21T11:57:39.132+0000] {dag.py:3441} INFO - Setting next_dagrun for example_sensor_decorator to None, run_after=None
[2023-02-21T11:57:39.290+0000] {processor.py:175} INFO - Processing /home/airflow/.local/lib/python3.7/site-packages/airflow/example_dags/example_sensor_decorator.py took 0.547 seconds
[2023-02-21T11:58:09.725+0000] {processor.py:153} INFO - Started process (PID=1185) to work on /home/airflow/.local/lib/python3.7/site-packages/airflow/example_dags/example_sensor_decorator.py
[2023-02-21T11:58:09.734+0000] {processor.py:743} INFO - Processing file /home/airflow/.local/lib/python3.7/site-packages/airflow/example_dags/example_sensor_decorator.py for tasks to queue
[2023-02-21T11:58:09.751+0000] {logging_mixin.py:137} INFO - [2023-02-21T11:58:09.750+0000] {dagbag.py:538} INFO - Filling up the DagBag from /home/airflow/.local/lib/python3.7/site-packages/airflow/example_dags/example_sensor_decorator.py
[2023-02-21T11:58:09.930+0000] {processor.py:753} INFO - DAG(s) dict_keys(['example_sensor_decorator']) retrieved from /home/airflow/.local/lib/python3.7/site-packages/airflow/example_dags/example_sensor_decorator.py
[2023-02-21T11:58:10.007+0000] {logging_mixin.py:137} INFO - [2023-02-21T11:58:10.007+0000] {dag.py:2690} INFO - Sync 1 DAGs
[2023-02-21T11:58:10.121+0000] {logging_mixin.py:137} INFO - [2023-02-21T11:58:10.121+0000] {dag.py:3441} INFO - Setting next_dagrun for example_sensor_decorator to None, run_after=None
[2023-02-21T11:58:10.247+0000] {processor.py:175} INFO - Processing /home/airflow/.local/lib/python3.7/site-packages/airflow/example_dags/example_sensor_decorator.py took 0.567 seconds
[2023-02-21T11:58:40.675+0000] {processor.py:153} INFO - Started process (PID=1237) to work on /home/airflow/.local/lib/python3.7/site-packages/airflow/example_dags/example_sensor_decorator.py
[2023-02-21T11:58:40.679+0000] {processor.py:743} INFO - Processing file /home/airflow/.local/lib/python3.7/site-packages/airflow/example_dags/example_sensor_decorator.py for tasks to queue
[2023-02-21T11:58:40.683+0000] {logging_mixin.py:137} INFO - [2023-02-21T11:58:40.682+0000] {dagbag.py:538} INFO - Filling up the DagBag from /home/airflow/.local/lib/python3.7/site-packages/airflow/example_dags/example_sensor_decorator.py
[2023-02-21T11:58:40.821+0000] {processor.py:753} INFO - DAG(s) dict_keys(['example_sensor_decorator']) retrieved from /home/airflow/.local/lib/python3.7/site-packages/airflow/example_dags/example_sensor_decorator.py
[2023-02-21T11:58:40.976+0000] {logging_mixin.py:137} INFO - [2023-02-21T11:58:40.976+0000] {dag.py:2690} INFO - Sync 1 DAGs
[2023-02-21T11:58:41.129+0000] {logging_mixin.py:137} INFO - [2023-02-21T11:58:41.128+0000] {dag.py:3441} INFO - Setting next_dagrun for example_sensor_decorator to None, run_after=None
[2023-02-21T11:58:41.221+0000] {processor.py:175} INFO - Processing /home/airflow/.local/lib/python3.7/site-packages/airflow/example_dags/example_sensor_decorator.py took 0.587 seconds
[2023-02-21T11:59:11.813+0000] {processor.py:153} INFO - Started process (PID=1296) to work on /home/airflow/.local/lib/python3.7/site-packages/airflow/example_dags/example_sensor_decorator.py
[2023-02-21T11:59:11.816+0000] {processor.py:743} INFO - Processing file /home/airflow/.local/lib/python3.7/site-packages/airflow/example_dags/example_sensor_decorator.py for tasks to queue
[2023-02-21T11:59:11.826+0000] {logging_mixin.py:137} INFO - [2023-02-21T11:59:11.826+0000] {dagbag.py:538} INFO - Filling up the DagBag from /home/airflow/.local/lib/python3.7/site-packages/airflow/example_dags/example_sensor_decorator.py
[2023-02-21T11:59:11.891+0000] {processor.py:753} INFO - DAG(s) dict_keys(['example_sensor_decorator']) retrieved from /home/airflow/.local/lib/python3.7/site-packages/airflow/example_dags/example_sensor_decorator.py
[2023-02-21T11:59:11.966+0000] {logging_mixin.py:137} INFO - [2023-02-21T11:59:11.965+0000] {dag.py:2690} INFO - Sync 1 DAGs
[2023-02-21T11:59:12.048+0000] {logging_mixin.py:137} INFO - [2023-02-21T11:59:12.048+0000] {dag.py:3441} INFO - Setting next_dagrun for example_sensor_decorator to None, run_after=None
[2023-02-21T11:59:12.097+0000] {processor.py:175} INFO - Processing /home/airflow/.local/lib/python3.7/site-packages/airflow/example_dags/example_sensor_decorator.py took 0.291 seconds
[2023-02-21T11:59:44.131+0000] {processor.py:153} INFO - Started process (PID=1354) to work on /home/airflow/.local/lib/python3.7/site-packages/airflow/example_dags/example_sensor_decorator.py
[2023-02-21T11:59:44.157+0000] {processor.py:743} INFO - Processing file /home/airflow/.local/lib/python3.7/site-packages/airflow/example_dags/example_sensor_decorator.py for tasks to queue
[2023-02-21T11:59:44.161+0000] {logging_mixin.py:137} INFO - [2023-02-21T11:59:44.160+0000] {dagbag.py:538} INFO - Filling up the DagBag from /home/airflow/.local/lib/python3.7/site-packages/airflow/example_dags/example_sensor_decorator.py
[2023-02-21T11:59:44.266+0000] {processor.py:753} INFO - DAG(s) dict_keys(['example_sensor_decorator']) retrieved from /home/airflow/.local/lib/python3.7/site-packages/airflow/example_dags/example_sensor_decorator.py
[2023-02-21T11:59:44.364+0000] {logging_mixin.py:137} INFO - [2023-02-21T11:59:44.364+0000] {dag.py:2690} INFO - Sync 1 DAGs
[2023-02-21T11:59:44.419+0000] {logging_mixin.py:137} INFO - [2023-02-21T11:59:44.418+0000] {dag.py:3441} INFO - Setting next_dagrun for example_sensor_decorator to None, run_after=None
[2023-02-21T11:59:44.511+0000] {processor.py:175} INFO - Processing /home/airflow/.local/lib/python3.7/site-packages/airflow/example_dags/example_sensor_decorator.py took 0.396 seconds
[2023-02-21T12:00:17.855+0000] {processor.py:153} INFO - Started process (PID=1412) to work on /home/airflow/.local/lib/python3.7/site-packages/airflow/example_dags/example_sensor_decorator.py
[2023-02-21T12:00:17.881+0000] {processor.py:743} INFO - Processing file /home/airflow/.local/lib/python3.7/site-packages/airflow/example_dags/example_sensor_decorator.py for tasks to queue
[2023-02-21T12:00:17.890+0000] {logging_mixin.py:137} INFO - [2023-02-21T12:00:17.888+0000] {dagbag.py:538} INFO - Filling up the DagBag from /home/airflow/.local/lib/python3.7/site-packages/airflow/example_dags/example_sensor_decorator.py
[2023-02-21T12:00:18.033+0000] {processor.py:753} INFO - DAG(s) dict_keys(['example_sensor_decorator']) retrieved from /home/airflow/.local/lib/python3.7/site-packages/airflow/example_dags/example_sensor_decorator.py
[2023-02-21T12:00:18.178+0000] {logging_mixin.py:137} INFO - [2023-02-21T12:00:18.178+0000] {dag.py:2690} INFO - Sync 1 DAGs
[2023-02-21T12:00:18.274+0000] {logging_mixin.py:137} INFO - [2023-02-21T12:00:18.274+0000] {dag.py:3441} INFO - Setting next_dagrun for example_sensor_decorator to None, run_after=None
[2023-02-21T12:00:18.383+0000] {processor.py:175} INFO - Processing /home/airflow/.local/lib/python3.7/site-packages/airflow/example_dags/example_sensor_decorator.py took 0.555 seconds
[2023-02-21T12:00:48.833+0000] {processor.py:153} INFO - Started process (PID=1462) to work on /home/airflow/.local/lib/python3.7/site-packages/airflow/example_dags/example_sensor_decorator.py
[2023-02-21T12:00:48.838+0000] {processor.py:743} INFO - Processing file /home/airflow/.local/lib/python3.7/site-packages/airflow/example_dags/example_sensor_decorator.py for tasks to queue
[2023-02-21T12:00:48.866+0000] {logging_mixin.py:137} INFO - [2023-02-21T12:00:48.865+0000] {dagbag.py:538} INFO - Filling up the DagBag from /home/airflow/.local/lib/python3.7/site-packages/airflow/example_dags/example_sensor_decorator.py
[2023-02-21T12:00:49.285+0000] {processor.py:753} INFO - DAG(s) dict_keys(['example_sensor_decorator']) retrieved from /home/airflow/.local/lib/python3.7/site-packages/airflow/example_dags/example_sensor_decorator.py
[2023-02-21T12:00:49.691+0000] {logging_mixin.py:137} INFO - [2023-02-21T12:00:49.690+0000] {dag.py:2690} INFO - Sync 1 DAGs
[2023-02-21T12:00:50.116+0000] {logging_mixin.py:137} INFO - [2023-02-21T12:00:50.115+0000] {dag.py:3441} INFO - Setting next_dagrun for example_sensor_decorator to None, run_after=None
[2023-02-21T12:00:50.387+0000] {processor.py:175} INFO - Processing /home/airflow/.local/lib/python3.7/site-packages/airflow/example_dags/example_sensor_decorator.py took 1.602 seconds
[2023-02-21T12:01:20.658+0000] {processor.py:153} INFO - Started process (PID=1521) to work on /home/airflow/.local/lib/python3.7/site-packages/airflow/example_dags/example_sensor_decorator.py
[2023-02-21T12:01:20.662+0000] {processor.py:743} INFO - Processing file /home/airflow/.local/lib/python3.7/site-packages/airflow/example_dags/example_sensor_decorator.py for tasks to queue
[2023-02-21T12:01:20.667+0000] {logging_mixin.py:137} INFO - [2023-02-21T12:01:20.666+0000] {dagbag.py:538} INFO - Filling up the DagBag from /home/airflow/.local/lib/python3.7/site-packages/airflow/example_dags/example_sensor_decorator.py
[2023-02-21T12:01:20.728+0000] {processor.py:753} INFO - DAG(s) dict_keys(['example_sensor_decorator']) retrieved from /home/airflow/.local/lib/python3.7/site-packages/airflow/example_dags/example_sensor_decorator.py
[2023-02-21T12:01:20.768+0000] {logging_mixin.py:137} INFO - [2023-02-21T12:01:20.767+0000] {dag.py:2690} INFO - Sync 1 DAGs
[2023-02-21T12:01:20.819+0000] {logging_mixin.py:137} INFO - [2023-02-21T12:01:20.819+0000] {dag.py:3441} INFO - Setting next_dagrun for example_sensor_decorator to None, run_after=None
[2023-02-21T12:01:20.863+0000] {processor.py:175} INFO - Processing /home/airflow/.local/lib/python3.7/site-packages/airflow/example_dags/example_sensor_decorator.py took 0.216 seconds
[2023-02-21T12:01:51.034+0000] {processor.py:153} INFO - Started process (PID=1582) to work on /home/airflow/.local/lib/python3.7/site-packages/airflow/example_dags/example_sensor_decorator.py
[2023-02-21T12:01:51.037+0000] {processor.py:743} INFO - Processing file /home/airflow/.local/lib/python3.7/site-packages/airflow/example_dags/example_sensor_decorator.py for tasks to queue
[2023-02-21T12:01:51.039+0000] {logging_mixin.py:137} INFO - [2023-02-21T12:01:51.039+0000] {dagbag.py:538} INFO - Filling up the DagBag from /home/airflow/.local/lib/python3.7/site-packages/airflow/example_dags/example_sensor_decorator.py
[2023-02-21T12:01:51.082+0000] {processor.py:753} INFO - DAG(s) dict_keys(['example_sensor_decorator']) retrieved from /home/airflow/.local/lib/python3.7/site-packages/airflow/example_dags/example_sensor_decorator.py
[2023-02-21T12:01:51.126+0000] {logging_mixin.py:137} INFO - [2023-02-21T12:01:51.126+0000] {dag.py:2690} INFO - Sync 1 DAGs
[2023-02-21T12:01:51.172+0000] {logging_mixin.py:137} INFO - [2023-02-21T12:01:51.171+0000] {dag.py:3441} INFO - Setting next_dagrun for example_sensor_decorator to None, run_after=None
[2023-02-21T12:01:51.211+0000] {processor.py:175} INFO - Processing /home/airflow/.local/lib/python3.7/site-packages/airflow/example_dags/example_sensor_decorator.py took 0.184 seconds
[2023-02-21T12:02:21.421+0000] {processor.py:153} INFO - Started process (PID=1641) to work on /home/airflow/.local/lib/python3.7/site-packages/airflow/example_dags/example_sensor_decorator.py
[2023-02-21T12:02:21.427+0000] {processor.py:743} INFO - Processing file /home/airflow/.local/lib/python3.7/site-packages/airflow/example_dags/example_sensor_decorator.py for tasks to queue
[2023-02-21T12:02:21.433+0000] {logging_mixin.py:137} INFO - [2023-02-21T12:02:21.433+0000] {dagbag.py:538} INFO - Filling up the DagBag from /home/airflow/.local/lib/python3.7/site-packages/airflow/example_dags/example_sensor_decorator.py
[2023-02-21T12:02:21.491+0000] {processor.py:753} INFO - DAG(s) dict_keys(['example_sensor_decorator']) retrieved from /home/airflow/.local/lib/python3.7/site-packages/airflow/example_dags/example_sensor_decorator.py
[2023-02-21T12:02:21.552+0000] {logging_mixin.py:137} INFO - [2023-02-21T12:02:21.551+0000] {dag.py:2690} INFO - Sync 1 DAGs
[2023-02-21T12:02:21.656+0000] {logging_mixin.py:137} INFO - [2023-02-21T12:02:21.646+0000] {dag.py:3441} INFO - Setting next_dagrun for example_sensor_decorator to None, run_after=None
[2023-02-21T12:02:21.722+0000] {processor.py:175} INFO - Processing /home/airflow/.local/lib/python3.7/site-packages/airflow/example_dags/example_sensor_decorator.py took 0.317 seconds
[2023-02-21T12:02:52.102+0000] {processor.py:153} INFO - Started process (PID=1701) to work on /home/airflow/.local/lib/python3.7/site-packages/airflow/example_dags/example_sensor_decorator.py
[2023-02-21T12:02:52.112+0000] {processor.py:743} INFO - Processing file /home/airflow/.local/lib/python3.7/site-packages/airflow/example_dags/example_sensor_decorator.py for tasks to queue
[2023-02-21T12:02:52.116+0000] {logging_mixin.py:137} INFO - [2023-02-21T12:02:52.116+0000] {dagbag.py:538} INFO - Filling up the DagBag from /home/airflow/.local/lib/python3.7/site-packages/airflow/example_dags/example_sensor_decorator.py
[2023-02-21T12:02:52.185+0000] {processor.py:753} INFO - DAG(s) dict_keys(['example_sensor_decorator']) retrieved from /home/airflow/.local/lib/python3.7/site-packages/airflow/example_dags/example_sensor_decorator.py
[2023-02-21T12:02:52.277+0000] {logging_mixin.py:137} INFO - [2023-02-21T12:02:52.274+0000] {dag.py:2690} INFO - Sync 1 DAGs
[2023-02-21T12:02:52.356+0000] {logging_mixin.py:137} INFO - [2023-02-21T12:02:52.356+0000] {dag.py:3441} INFO - Setting next_dagrun for example_sensor_decorator to None, run_after=None
[2023-02-21T12:02:52.445+0000] {processor.py:175} INFO - Processing /home/airflow/.local/lib/python3.7/site-packages/airflow/example_dags/example_sensor_decorator.py took 0.362 seconds
[2023-02-21T12:03:22.612+0000] {processor.py:153} INFO - Started process (PID=1758) to work on /home/airflow/.local/lib/python3.7/site-packages/airflow/example_dags/example_sensor_decorator.py
[2023-02-21T12:03:22.619+0000] {processor.py:743} INFO - Processing file /home/airflow/.local/lib/python3.7/site-packages/airflow/example_dags/example_sensor_decorator.py for tasks to queue
[2023-02-21T12:03:22.631+0000] {logging_mixin.py:137} INFO - [2023-02-21T12:03:22.627+0000] {dagbag.py:538} INFO - Filling up the DagBag from /home/airflow/.local/lib/python3.7/site-packages/airflow/example_dags/example_sensor_decorator.py
[2023-02-21T12:03:22.804+0000] {processor.py:753} INFO - DAG(s) dict_keys(['example_sensor_decorator']) retrieved from /home/airflow/.local/lib/python3.7/site-packages/airflow/example_dags/example_sensor_decorator.py
[2023-02-21T12:03:22.962+0000] {logging_mixin.py:137} INFO - [2023-02-21T12:03:22.960+0000] {dag.py:2690} INFO - Sync 1 DAGs
[2023-02-21T12:03:23.021+0000] {logging_mixin.py:137} INFO - [2023-02-21T12:03:23.021+0000] {dag.py:3441} INFO - Setting next_dagrun for example_sensor_decorator to None, run_after=None
[2023-02-21T12:03:23.071+0000] {processor.py:175} INFO - Processing /home/airflow/.local/lib/python3.7/site-packages/airflow/example_dags/example_sensor_decorator.py took 0.476 seconds
[2023-02-21T12:03:53.193+0000] {processor.py:153} INFO - Started process (PID=1817) to work on /home/airflow/.local/lib/python3.7/site-packages/airflow/example_dags/example_sensor_decorator.py
[2023-02-21T12:03:53.196+0000] {processor.py:743} INFO - Processing file /home/airflow/.local/lib/python3.7/site-packages/airflow/example_dags/example_sensor_decorator.py for tasks to queue
[2023-02-21T12:03:53.200+0000] {logging_mixin.py:137} INFO - [2023-02-21T12:03:53.200+0000] {dagbag.py:538} INFO - Filling up the DagBag from /home/airflow/.local/lib/python3.7/site-packages/airflow/example_dags/example_sensor_decorator.py
[2023-02-21T12:03:53.242+0000] {processor.py:753} INFO - DAG(s) dict_keys(['example_sensor_decorator']) retrieved from /home/airflow/.local/lib/python3.7/site-packages/airflow/example_dags/example_sensor_decorator.py
[2023-02-21T12:03:53.302+0000] {logging_mixin.py:137} INFO - [2023-02-21T12:03:53.302+0000] {dag.py:2690} INFO - Sync 1 DAGs
[2023-02-21T12:03:53.348+0000] {logging_mixin.py:137} INFO - [2023-02-21T12:03:53.348+0000] {dag.py:3441} INFO - Setting next_dagrun for example_sensor_decorator to None, run_after=None
[2023-02-21T12:03:53.387+0000] {processor.py:175} INFO - Processing /home/airflow/.local/lib/python3.7/site-packages/airflow/example_dags/example_sensor_decorator.py took 0.201 seconds
[2023-02-21T12:04:24.145+0000] {processor.py:153} INFO - Started process (PID=1876) to work on /home/airflow/.local/lib/python3.7/site-packages/airflow/example_dags/example_sensor_decorator.py
[2023-02-21T12:04:24.148+0000] {processor.py:743} INFO - Processing file /home/airflow/.local/lib/python3.7/site-packages/airflow/example_dags/example_sensor_decorator.py for tasks to queue
[2023-02-21T12:04:24.158+0000] {logging_mixin.py:137} INFO - [2023-02-21T12:04:24.157+0000] {dagbag.py:538} INFO - Filling up the DagBag from /home/airflow/.local/lib/python3.7/site-packages/airflow/example_dags/example_sensor_decorator.py
[2023-02-21T12:04:24.208+0000] {processor.py:753} INFO - DAG(s) dict_keys(['example_sensor_decorator']) retrieved from /home/airflow/.local/lib/python3.7/site-packages/airflow/example_dags/example_sensor_decorator.py
[2023-02-21T12:04:24.308+0000] {logging_mixin.py:137} INFO - [2023-02-21T12:04:24.305+0000] {dag.py:2690} INFO - Sync 1 DAGs
[2023-02-21T12:04:24.369+0000] {logging_mixin.py:137} INFO - [2023-02-21T12:04:24.369+0000] {dag.py:3441} INFO - Setting next_dagrun for example_sensor_decorator to None, run_after=None
[2023-02-21T12:04:24.437+0000] {processor.py:175} INFO - Processing /home/airflow/.local/lib/python3.7/site-packages/airflow/example_dags/example_sensor_decorator.py took 0.318 seconds
[2023-02-21T12:04:54.864+0000] {processor.py:153} INFO - Started process (PID=1933) to work on /home/airflow/.local/lib/python3.7/site-packages/airflow/example_dags/example_sensor_decorator.py
[2023-02-21T12:04:54.930+0000] {processor.py:743} INFO - Processing file /home/airflow/.local/lib/python3.7/site-packages/airflow/example_dags/example_sensor_decorator.py for tasks to queue
[2023-02-21T12:04:54.992+0000] {logging_mixin.py:137} INFO - [2023-02-21T12:04:54.991+0000] {dagbag.py:538} INFO - Filling up the DagBag from /home/airflow/.local/lib/python3.7/site-packages/airflow/example_dags/example_sensor_decorator.py
[2023-02-21T12:04:55.082+0000] {processor.py:753} INFO - DAG(s) dict_keys(['example_sensor_decorator']) retrieved from /home/airflow/.local/lib/python3.7/site-packages/airflow/example_dags/example_sensor_decorator.py
[2023-02-21T12:04:55.158+0000] {logging_mixin.py:137} INFO - [2023-02-21T12:04:55.157+0000] {dag.py:2690} INFO - Sync 1 DAGs
[2023-02-21T12:04:55.212+0000] {logging_mixin.py:137} INFO - [2023-02-21T12:04:55.212+0000] {dag.py:3441} INFO - Setting next_dagrun for example_sensor_decorator to None, run_after=None
[2023-02-21T12:04:55.258+0000] {processor.py:175} INFO - Processing /home/airflow/.local/lib/python3.7/site-packages/airflow/example_dags/example_sensor_decorator.py took 0.422 seconds
[2023-02-21T12:05:25.756+0000] {processor.py:153} INFO - Started process (PID=1992) to work on /home/airflow/.local/lib/python3.7/site-packages/airflow/example_dags/example_sensor_decorator.py
[2023-02-21T12:05:25.762+0000] {processor.py:743} INFO - Processing file /home/airflow/.local/lib/python3.7/site-packages/airflow/example_dags/example_sensor_decorator.py for tasks to queue
[2023-02-21T12:05:25.772+0000] {logging_mixin.py:137} INFO - [2023-02-21T12:05:25.772+0000] {dagbag.py:538} INFO - Filling up the DagBag from /home/airflow/.local/lib/python3.7/site-packages/airflow/example_dags/example_sensor_decorator.py
[2023-02-21T12:05:25.853+0000] {processor.py:753} INFO - DAG(s) dict_keys(['example_sensor_decorator']) retrieved from /home/airflow/.local/lib/python3.7/site-packages/airflow/example_dags/example_sensor_decorator.py
[2023-02-21T12:05:25.935+0000] {logging_mixin.py:137} INFO - [2023-02-21T12:05:25.935+0000] {dag.py:2690} INFO - Sync 1 DAGs
[2023-02-21T12:05:26.024+0000] {logging_mixin.py:137} INFO - [2023-02-21T12:05:26.024+0000] {dag.py:3441} INFO - Setting next_dagrun for example_sensor_decorator to None, run_after=None
[2023-02-21T12:05:26.102+0000] {processor.py:175} INFO - Processing /home/airflow/.local/lib/python3.7/site-packages/airflow/example_dags/example_sensor_decorator.py took 0.377 seconds
[2023-02-21T12:05:57.614+0000] {processor.py:153} INFO - Started process (PID=2050) to work on /home/airflow/.local/lib/python3.7/site-packages/airflow/example_dags/example_sensor_decorator.py
[2023-02-21T12:05:57.620+0000] {processor.py:743} INFO - Processing file /home/airflow/.local/lib/python3.7/site-packages/airflow/example_dags/example_sensor_decorator.py for tasks to queue
[2023-02-21T12:05:57.654+0000] {logging_mixin.py:137} INFO - [2023-02-21T12:05:57.654+0000] {dagbag.py:538} INFO - Filling up the DagBag from /home/airflow/.local/lib/python3.7/site-packages/airflow/example_dags/example_sensor_decorator.py
[2023-02-21T12:05:57.748+0000] {processor.py:753} INFO - DAG(s) dict_keys(['example_sensor_decorator']) retrieved from /home/airflow/.local/lib/python3.7/site-packages/airflow/example_dags/example_sensor_decorator.py
[2023-02-21T12:05:58.054+0000] {logging_mixin.py:137} INFO - [2023-02-21T12:05:58.052+0000] {dag.py:2690} INFO - Sync 1 DAGs
[2023-02-21T12:05:58.246+0000] {logging_mixin.py:137} INFO - [2023-02-21T12:05:58.246+0000] {dag.py:3441} INFO - Setting next_dagrun for example_sensor_decorator to None, run_after=None
[2023-02-21T12:05:58.400+0000] {processor.py:175} INFO - Processing /home/airflow/.local/lib/python3.7/site-packages/airflow/example_dags/example_sensor_decorator.py took 0.796 seconds
[2023-02-21T12:06:28.902+0000] {processor.py:153} INFO - Started process (PID=2100) to work on /home/airflow/.local/lib/python3.7/site-packages/airflow/example_dags/example_sensor_decorator.py
[2023-02-21T12:06:28.911+0000] {processor.py:743} INFO - Processing file /home/airflow/.local/lib/python3.7/site-packages/airflow/example_dags/example_sensor_decorator.py for tasks to queue
[2023-02-21T12:06:28.935+0000] {logging_mixin.py:137} INFO - [2023-02-21T12:06:28.922+0000] {dagbag.py:538} INFO - Filling up the DagBag from /home/airflow/.local/lib/python3.7/site-packages/airflow/example_dags/example_sensor_decorator.py
[2023-02-21T12:06:29.047+0000] {processor.py:753} INFO - DAG(s) dict_keys(['example_sensor_decorator']) retrieved from /home/airflow/.local/lib/python3.7/site-packages/airflow/example_dags/example_sensor_decorator.py
[2023-02-21T12:06:29.214+0000] {logging_mixin.py:137} INFO - [2023-02-21T12:06:29.210+0000] {dag.py:2690} INFO - Sync 1 DAGs
[2023-02-21T12:06:29.284+0000] {logging_mixin.py:137} INFO - [2023-02-21T12:06:29.283+0000] {dag.py:3441} INFO - Setting next_dagrun for example_sensor_decorator to None, run_after=None
[2023-02-21T12:06:29.358+0000] {processor.py:175} INFO - Processing /home/airflow/.local/lib/python3.7/site-packages/airflow/example_dags/example_sensor_decorator.py took 0.487 seconds
[2023-02-21T12:07:00.119+0000] {processor.py:153} INFO - Started process (PID=2158) to work on /home/airflow/.local/lib/python3.7/site-packages/airflow/example_dags/example_sensor_decorator.py
[2023-02-21T12:07:00.121+0000] {processor.py:743} INFO - Processing file /home/airflow/.local/lib/python3.7/site-packages/airflow/example_dags/example_sensor_decorator.py for tasks to queue
[2023-02-21T12:07:00.124+0000] {logging_mixin.py:137} INFO - [2023-02-21T12:07:00.123+0000] {dagbag.py:538} INFO - Filling up the DagBag from /home/airflow/.local/lib/python3.7/site-packages/airflow/example_dags/example_sensor_decorator.py
[2023-02-21T12:07:00.177+0000] {processor.py:753} INFO - DAG(s) dict_keys(['example_sensor_decorator']) retrieved from /home/airflow/.local/lib/python3.7/site-packages/airflow/example_dags/example_sensor_decorator.py
[2023-02-21T12:07:00.240+0000] {logging_mixin.py:137} INFO - [2023-02-21T12:07:00.239+0000] {dag.py:2690} INFO - Sync 1 DAGs
[2023-02-21T12:07:00.278+0000] {logging_mixin.py:137} INFO - [2023-02-21T12:07:00.278+0000] {dag.py:3441} INFO - Setting next_dagrun for example_sensor_decorator to None, run_after=None
[2023-02-21T12:07:00.313+0000] {processor.py:175} INFO - Processing /home/airflow/.local/lib/python3.7/site-packages/airflow/example_dags/example_sensor_decorator.py took 0.201 seconds
[2023-02-21T12:07:30.816+0000] {processor.py:153} INFO - Started process (PID=2216) to work on /home/airflow/.local/lib/python3.7/site-packages/airflow/example_dags/example_sensor_decorator.py
[2023-02-21T12:07:30.819+0000] {processor.py:743} INFO - Processing file /home/airflow/.local/lib/python3.7/site-packages/airflow/example_dags/example_sensor_decorator.py for tasks to queue
[2023-02-21T12:07:30.822+0000] {logging_mixin.py:137} INFO - [2023-02-21T12:07:30.821+0000] {dagbag.py:538} INFO - Filling up the DagBag from /home/airflow/.local/lib/python3.7/site-packages/airflow/example_dags/example_sensor_decorator.py
[2023-02-21T12:07:30.864+0000] {processor.py:753} INFO - DAG(s) dict_keys(['example_sensor_decorator']) retrieved from /home/airflow/.local/lib/python3.7/site-packages/airflow/example_dags/example_sensor_decorator.py
[2023-02-21T12:07:30.925+0000] {logging_mixin.py:137} INFO - [2023-02-21T12:07:30.925+0000] {dag.py:2690} INFO - Sync 1 DAGs
[2023-02-21T12:07:30.980+0000] {logging_mixin.py:137} INFO - [2023-02-21T12:07:30.979+0000] {dag.py:3441} INFO - Setting next_dagrun for example_sensor_decorator to None, run_after=None
[2023-02-21T12:07:31.013+0000] {processor.py:175} INFO - Processing /home/airflow/.local/lib/python3.7/site-packages/airflow/example_dags/example_sensor_decorator.py took 0.204 seconds
[2023-02-21T12:08:01.721+0000] {processor.py:153} INFO - Started process (PID=2276) to work on /home/airflow/.local/lib/python3.7/site-packages/airflow/example_dags/example_sensor_decorator.py
[2023-02-21T12:08:01.726+0000] {processor.py:743} INFO - Processing file /home/airflow/.local/lib/python3.7/site-packages/airflow/example_dags/example_sensor_decorator.py for tasks to queue
[2023-02-21T12:08:01.731+0000] {logging_mixin.py:137} INFO - [2023-02-21T12:08:01.730+0000] {dagbag.py:538} INFO - Filling up the DagBag from /home/airflow/.local/lib/python3.7/site-packages/airflow/example_dags/example_sensor_decorator.py
[2023-02-21T12:08:01.801+0000] {processor.py:753} INFO - DAG(s) dict_keys(['example_sensor_decorator']) retrieved from /home/airflow/.local/lib/python3.7/site-packages/airflow/example_dags/example_sensor_decorator.py
[2023-02-21T12:08:01.950+0000] {logging_mixin.py:137} INFO - [2023-02-21T12:08:01.950+0000] {dag.py:2690} INFO - Sync 1 DAGs
[2023-02-21T12:08:02.085+0000] {logging_mixin.py:137} INFO - [2023-02-21T12:08:02.084+0000] {dag.py:3441} INFO - Setting next_dagrun for example_sensor_decorator to None, run_after=None
[2023-02-21T12:08:02.201+0000] {processor.py:175} INFO - Processing /home/airflow/.local/lib/python3.7/site-packages/airflow/example_dags/example_sensor_decorator.py took 0.495 seconds
[2023-02-21T12:08:32.606+0000] {processor.py:153} INFO - Started process (PID=2335) to work on /home/airflow/.local/lib/python3.7/site-packages/airflow/example_dags/example_sensor_decorator.py
[2023-02-21T12:08:32.609+0000] {processor.py:743} INFO - Processing file /home/airflow/.local/lib/python3.7/site-packages/airflow/example_dags/example_sensor_decorator.py for tasks to queue
[2023-02-21T12:08:32.613+0000] {logging_mixin.py:137} INFO - [2023-02-21T12:08:32.612+0000] {dagbag.py:538} INFO - Filling up the DagBag from /home/airflow/.local/lib/python3.7/site-packages/airflow/example_dags/example_sensor_decorator.py
[2023-02-21T12:08:32.650+0000] {processor.py:753} INFO - DAG(s) dict_keys(['example_sensor_decorator']) retrieved from /home/airflow/.local/lib/python3.7/site-packages/airflow/example_dags/example_sensor_decorator.py
[2023-02-21T12:08:32.689+0000] {logging_mixin.py:137} INFO - [2023-02-21T12:08:32.688+0000] {dag.py:2690} INFO - Sync 1 DAGs
[2023-02-21T12:08:32.732+0000] {logging_mixin.py:137} INFO - [2023-02-21T12:08:32.732+0000] {dag.py:3441} INFO - Setting next_dagrun for example_sensor_decorator to None, run_after=None
[2023-02-21T12:08:32.766+0000] {processor.py:175} INFO - Processing /home/airflow/.local/lib/python3.7/site-packages/airflow/example_dags/example_sensor_decorator.py took 0.165 seconds
[2023-02-21T12:09:02.894+0000] {processor.py:153} INFO - Started process (PID=2393) to work on /home/airflow/.local/lib/python3.7/site-packages/airflow/example_dags/example_sensor_decorator.py
[2023-02-21T12:09:02.898+0000] {processor.py:743} INFO - Processing file /home/airflow/.local/lib/python3.7/site-packages/airflow/example_dags/example_sensor_decorator.py for tasks to queue
[2023-02-21T12:09:02.901+0000] {logging_mixin.py:137} INFO - [2023-02-21T12:09:02.901+0000] {dagbag.py:538} INFO - Filling up the DagBag from /home/airflow/.local/lib/python3.7/site-packages/airflow/example_dags/example_sensor_decorator.py
[2023-02-21T12:09:02.962+0000] {processor.py:753} INFO - DAG(s) dict_keys(['example_sensor_decorator']) retrieved from /home/airflow/.local/lib/python3.7/site-packages/airflow/example_dags/example_sensor_decorator.py
[2023-02-21T12:09:03.038+0000] {logging_mixin.py:137} INFO - [2023-02-21T12:09:03.038+0000] {dag.py:2690} INFO - Sync 1 DAGs
[2023-02-21T12:09:03.101+0000] {logging_mixin.py:137} INFO - [2023-02-21T12:09:03.101+0000] {dag.py:3441} INFO - Setting next_dagrun for example_sensor_decorator to None, run_after=None
[2023-02-21T12:09:03.155+0000] {processor.py:175} INFO - Processing /home/airflow/.local/lib/python3.7/site-packages/airflow/example_dags/example_sensor_decorator.py took 0.287 seconds
[2023-02-21T12:09:34.571+0000] {processor.py:153} INFO - Started process (PID=2451) to work on /home/airflow/.local/lib/python3.7/site-packages/airflow/example_dags/example_sensor_decorator.py
[2023-02-21T12:09:34.578+0000] {processor.py:743} INFO - Processing file /home/airflow/.local/lib/python3.7/site-packages/airflow/example_dags/example_sensor_decorator.py for tasks to queue
[2023-02-21T12:09:34.583+0000] {logging_mixin.py:137} INFO - [2023-02-21T12:09:34.582+0000] {dagbag.py:538} INFO - Filling up the DagBag from /home/airflow/.local/lib/python3.7/site-packages/airflow/example_dags/example_sensor_decorator.py
[2023-02-21T12:09:34.693+0000] {processor.py:753} INFO - DAG(s) dict_keys(['example_sensor_decorator']) retrieved from /home/airflow/.local/lib/python3.7/site-packages/airflow/example_dags/example_sensor_decorator.py
[2023-02-21T12:09:34.814+0000] {logging_mixin.py:137} INFO - [2023-02-21T12:09:34.813+0000] {dag.py:2690} INFO - Sync 1 DAGs
[2023-02-21T12:09:35.026+0000] {logging_mixin.py:137} INFO - [2023-02-21T12:09:34.978+0000] {dag.py:3441} INFO - Setting next_dagrun for example_sensor_decorator to None, run_after=None
[2023-02-21T12:09:35.229+0000] {processor.py:175} INFO - Processing /home/airflow/.local/lib/python3.7/site-packages/airflow/example_dags/example_sensor_decorator.py took 0.681 seconds
[2023-02-21T12:10:05.798+0000] {processor.py:153} INFO - Started process (PID=2519) to work on /home/airflow/.local/lib/python3.7/site-packages/airflow/example_dags/example_sensor_decorator.py
[2023-02-21T12:10:05.807+0000] {processor.py:743} INFO - Processing file /home/airflow/.local/lib/python3.7/site-packages/airflow/example_dags/example_sensor_decorator.py for tasks to queue
[2023-02-21T12:10:05.809+0000] {logging_mixin.py:137} INFO - [2023-02-21T12:10:05.809+0000] {dagbag.py:538} INFO - Filling up the DagBag from /home/airflow/.local/lib/python3.7/site-packages/airflow/example_dags/example_sensor_decorator.py
[2023-02-21T12:10:06.019+0000] {processor.py:753} INFO - DAG(s) dict_keys(['example_sensor_decorator']) retrieved from /home/airflow/.local/lib/python3.7/site-packages/airflow/example_dags/example_sensor_decorator.py
[2023-02-21T12:10:06.165+0000] {logging_mixin.py:137} INFO - [2023-02-21T12:10:06.165+0000] {dag.py:2690} INFO - Sync 1 DAGs
[2023-02-21T12:10:06.266+0000] {logging_mixin.py:137} INFO - [2023-02-21T12:10:06.265+0000] {dag.py:3441} INFO - Setting next_dagrun for example_sensor_decorator to None, run_after=None
[2023-02-21T12:10:06.363+0000] {processor.py:175} INFO - Processing /home/airflow/.local/lib/python3.7/site-packages/airflow/example_dags/example_sensor_decorator.py took 0.585 seconds
[2023-02-21T12:10:36.536+0000] {processor.py:153} INFO - Started process (PID=2579) to work on /home/airflow/.local/lib/python3.7/site-packages/airflow/example_dags/example_sensor_decorator.py
[2023-02-21T12:10:36.539+0000] {processor.py:743} INFO - Processing file /home/airflow/.local/lib/python3.7/site-packages/airflow/example_dags/example_sensor_decorator.py for tasks to queue
[2023-02-21T12:10:36.542+0000] {logging_mixin.py:137} INFO - [2023-02-21T12:10:36.542+0000] {dagbag.py:538} INFO - Filling up the DagBag from /home/airflow/.local/lib/python3.7/site-packages/airflow/example_dags/example_sensor_decorator.py
[2023-02-21T12:10:36.634+0000] {processor.py:753} INFO - DAG(s) dict_keys(['example_sensor_decorator']) retrieved from /home/airflow/.local/lib/python3.7/site-packages/airflow/example_dags/example_sensor_decorator.py
[2023-02-21T12:10:36.699+0000] {logging_mixin.py:137} INFO - [2023-02-21T12:10:36.699+0000] {dag.py:2690} INFO - Sync 1 DAGs
[2023-02-21T12:10:36.783+0000] {logging_mixin.py:137} INFO - [2023-02-21T12:10:36.783+0000] {dag.py:3441} INFO - Setting next_dagrun for example_sensor_decorator to None, run_after=None
[2023-02-21T12:10:36.900+0000] {processor.py:175} INFO - Processing /home/airflow/.local/lib/python3.7/site-packages/airflow/example_dags/example_sensor_decorator.py took 0.380 seconds
[2023-02-21T12:11:07.614+0000] {processor.py:153} INFO - Started process (PID=2637) to work on /home/airflow/.local/lib/python3.7/site-packages/airflow/example_dags/example_sensor_decorator.py
[2023-02-21T12:11:07.649+0000] {processor.py:743} INFO - Processing file /home/airflow/.local/lib/python3.7/site-packages/airflow/example_dags/example_sensor_decorator.py for tasks to queue
[2023-02-21T12:11:07.654+0000] {logging_mixin.py:137} INFO - [2023-02-21T12:11:07.654+0000] {dagbag.py:538} INFO - Filling up the DagBag from /home/airflow/.local/lib/python3.7/site-packages/airflow/example_dags/example_sensor_decorator.py
[2023-02-21T12:11:08.046+0000] {processor.py:753} INFO - DAG(s) dict_keys(['example_sensor_decorator']) retrieved from /home/airflow/.local/lib/python3.7/site-packages/airflow/example_dags/example_sensor_decorator.py
[2023-02-21T12:11:08.239+0000] {logging_mixin.py:137} INFO - [2023-02-21T12:11:08.239+0000] {dag.py:2690} INFO - Sync 1 DAGs
[2023-02-21T12:11:08.397+0000] {logging_mixin.py:137} INFO - [2023-02-21T12:11:08.397+0000] {dag.py:3441} INFO - Setting next_dagrun for example_sensor_decorator to None, run_after=None
[2023-02-21T12:11:08.545+0000] {processor.py:175} INFO - Processing /home/airflow/.local/lib/python3.7/site-packages/airflow/example_dags/example_sensor_decorator.py took 0.962 seconds
[2023-02-21T12:11:39.823+0000] {processor.py:153} INFO - Started process (PID=2697) to work on /home/airflow/.local/lib/python3.7/site-packages/airflow/example_dags/example_sensor_decorator.py
[2023-02-21T12:11:39.836+0000] {processor.py:743} INFO - Processing file /home/airflow/.local/lib/python3.7/site-packages/airflow/example_dags/example_sensor_decorator.py for tasks to queue
[2023-02-21T12:11:39.840+0000] {logging_mixin.py:137} INFO - [2023-02-21T12:11:39.840+0000] {dagbag.py:538} INFO - Filling up the DagBag from /home/airflow/.local/lib/python3.7/site-packages/airflow/example_dags/example_sensor_decorator.py
[2023-02-21T12:11:40.071+0000] {processor.py:753} INFO - DAG(s) dict_keys(['example_sensor_decorator']) retrieved from /home/airflow/.local/lib/python3.7/site-packages/airflow/example_dags/example_sensor_decorator.py
[2023-02-21T12:11:40.303+0000] {logging_mixin.py:137} INFO - [2023-02-21T12:11:40.302+0000] {dag.py:2690} INFO - Sync 1 DAGs
[2023-02-21T12:11:40.492+0000] {logging_mixin.py:137} INFO - [2023-02-21T12:11:40.492+0000] {dag.py:3441} INFO - Setting next_dagrun for example_sensor_decorator to None, run_after=None
[2023-02-21T12:11:40.644+0000] {processor.py:175} INFO - Processing /home/airflow/.local/lib/python3.7/site-packages/airflow/example_dags/example_sensor_decorator.py took 0.824 seconds
[2023-02-21T12:12:11.268+0000] {processor.py:153} INFO - Started process (PID=2755) to work on /home/airflow/.local/lib/python3.7/site-packages/airflow/example_dags/example_sensor_decorator.py
[2023-02-21T12:12:11.274+0000] {processor.py:743} INFO - Processing file /home/airflow/.local/lib/python3.7/site-packages/airflow/example_dags/example_sensor_decorator.py for tasks to queue
[2023-02-21T12:12:11.282+0000] {logging_mixin.py:137} INFO - [2023-02-21T12:12:11.279+0000] {dagbag.py:538} INFO - Filling up the DagBag from /home/airflow/.local/lib/python3.7/site-packages/airflow/example_dags/example_sensor_decorator.py
[2023-02-21T12:12:11.363+0000] {processor.py:753} INFO - DAG(s) dict_keys(['example_sensor_decorator']) retrieved from /home/airflow/.local/lib/python3.7/site-packages/airflow/example_dags/example_sensor_decorator.py
[2023-02-21T12:12:11.436+0000] {logging_mixin.py:137} INFO - [2023-02-21T12:12:11.436+0000] {dag.py:2690} INFO - Sync 1 DAGs
[2023-02-21T12:12:11.525+0000] {logging_mixin.py:137} INFO - [2023-02-21T12:12:11.522+0000] {dag.py:3441} INFO - Setting next_dagrun for example_sensor_decorator to None, run_after=None
[2023-02-21T12:12:11.600+0000] {processor.py:175} INFO - Processing /home/airflow/.local/lib/python3.7/site-packages/airflow/example_dags/example_sensor_decorator.py took 0.360 seconds
[2023-02-21T12:12:42.279+0000] {processor.py:153} INFO - Started process (PID=2815) to work on /home/airflow/.local/lib/python3.7/site-packages/airflow/example_dags/example_sensor_decorator.py
[2023-02-21T12:12:42.288+0000] {processor.py:743} INFO - Processing file /home/airflow/.local/lib/python3.7/site-packages/airflow/example_dags/example_sensor_decorator.py for tasks to queue
[2023-02-21T12:12:42.295+0000] {logging_mixin.py:137} INFO - [2023-02-21T12:12:42.294+0000] {dagbag.py:538} INFO - Filling up the DagBag from /home/airflow/.local/lib/python3.7/site-packages/airflow/example_dags/example_sensor_decorator.py
[2023-02-21T12:12:42.370+0000] {processor.py:753} INFO - DAG(s) dict_keys(['example_sensor_decorator']) retrieved from /home/airflow/.local/lib/python3.7/site-packages/airflow/example_dags/example_sensor_decorator.py
[2023-02-21T12:12:42.433+0000] {logging_mixin.py:137} INFO - [2023-02-21T12:12:42.433+0000] {dag.py:2690} INFO - Sync 1 DAGs
[2023-02-21T12:12:42.534+0000] {logging_mixin.py:137} INFO - [2023-02-21T12:12:42.534+0000] {dag.py:3441} INFO - Setting next_dagrun for example_sensor_decorator to None, run_after=None
[2023-02-21T12:12:42.591+0000] {processor.py:175} INFO - Processing /home/airflow/.local/lib/python3.7/site-packages/airflow/example_dags/example_sensor_decorator.py took 0.320 seconds
[2023-02-21T12:13:12.834+0000] {processor.py:153} INFO - Started process (PID=2875) to work on /home/airflow/.local/lib/python3.7/site-packages/airflow/example_dags/example_sensor_decorator.py
[2023-02-21T12:13:12.842+0000] {processor.py:743} INFO - Processing file /home/airflow/.local/lib/python3.7/site-packages/airflow/example_dags/example_sensor_decorator.py for tasks to queue
[2023-02-21T12:13:12.847+0000] {logging_mixin.py:137} INFO - [2023-02-21T12:13:12.847+0000] {dagbag.py:538} INFO - Filling up the DagBag from /home/airflow/.local/lib/python3.7/site-packages/airflow/example_dags/example_sensor_decorator.py
[2023-02-21T12:13:12.896+0000] {processor.py:753} INFO - DAG(s) dict_keys(['example_sensor_decorator']) retrieved from /home/airflow/.local/lib/python3.7/site-packages/airflow/example_dags/example_sensor_decorator.py
[2023-02-21T12:13:12.952+0000] {logging_mixin.py:137} INFO - [2023-02-21T12:13:12.952+0000] {dag.py:2690} INFO - Sync 1 DAGs
[2023-02-21T12:13:13.007+0000] {logging_mixin.py:137} INFO - [2023-02-21T12:13:13.006+0000] {dag.py:3441} INFO - Setting next_dagrun for example_sensor_decorator to None, run_after=None
[2023-02-21T12:13:13.062+0000] {processor.py:175} INFO - Processing /home/airflow/.local/lib/python3.7/site-packages/airflow/example_dags/example_sensor_decorator.py took 0.251 seconds
[2023-02-21T12:13:43.197+0000] {processor.py:153} INFO - Started process (PID=2943) to work on /home/airflow/.local/lib/python3.7/site-packages/airflow/example_dags/example_sensor_decorator.py
[2023-02-21T12:13:43.203+0000] {processor.py:743} INFO - Processing file /home/airflow/.local/lib/python3.7/site-packages/airflow/example_dags/example_sensor_decorator.py for tasks to queue
[2023-02-21T12:13:43.213+0000] {logging_mixin.py:137} INFO - [2023-02-21T12:13:43.211+0000] {dagbag.py:538} INFO - Filling up the DagBag from /home/airflow/.local/lib/python3.7/site-packages/airflow/example_dags/example_sensor_decorator.py
[2023-02-21T12:13:43.323+0000] {processor.py:753} INFO - DAG(s) dict_keys(['example_sensor_decorator']) retrieved from /home/airflow/.local/lib/python3.7/site-packages/airflow/example_dags/example_sensor_decorator.py
[2023-02-21T12:13:43.363+0000] {logging_mixin.py:137} INFO - [2023-02-21T12:13:43.362+0000] {dag.py:2690} INFO - Sync 1 DAGs
[2023-02-21T12:13:43.409+0000] {logging_mixin.py:137} INFO - [2023-02-21T12:13:43.409+0000] {dag.py:3441} INFO - Setting next_dagrun for example_sensor_decorator to None, run_after=None
[2023-02-21T12:13:43.458+0000] {processor.py:175} INFO - Processing /home/airflow/.local/lib/python3.7/site-packages/airflow/example_dags/example_sensor_decorator.py took 0.285 seconds
[2023-02-21T12:14:13.902+0000] {processor.py:153} INFO - Started process (PID=3003) to work on /home/airflow/.local/lib/python3.7/site-packages/airflow/example_dags/example_sensor_decorator.py
[2023-02-21T12:14:13.920+0000] {processor.py:743} INFO - Processing file /home/airflow/.local/lib/python3.7/site-packages/airflow/example_dags/example_sensor_decorator.py for tasks to queue
[2023-02-21T12:14:13.925+0000] {logging_mixin.py:137} INFO - [2023-02-21T12:14:13.924+0000] {dagbag.py:538} INFO - Filling up the DagBag from /home/airflow/.local/lib/python3.7/site-packages/airflow/example_dags/example_sensor_decorator.py
[2023-02-21T12:14:14.126+0000] {processor.py:753} INFO - DAG(s) dict_keys(['example_sensor_decorator']) retrieved from /home/airflow/.local/lib/python3.7/site-packages/airflow/example_dags/example_sensor_decorator.py
[2023-02-21T12:14:14.436+0000] {logging_mixin.py:137} INFO - [2023-02-21T12:14:14.436+0000] {dag.py:2690} INFO - Sync 1 DAGs
[2023-02-21T12:14:14.906+0000] {logging_mixin.py:137} INFO - [2023-02-21T12:14:14.906+0000] {dag.py:3441} INFO - Setting next_dagrun for example_sensor_decorator to None, run_after=None
[2023-02-21T12:14:15.083+0000] {processor.py:175} INFO - Processing /home/airflow/.local/lib/python3.7/site-packages/airflow/example_dags/example_sensor_decorator.py took 1.198 seconds
[2023-02-21T12:14:45.275+0000] {processor.py:153} INFO - Started process (PID=3063) to work on /home/airflow/.local/lib/python3.7/site-packages/airflow/example_dags/example_sensor_decorator.py
[2023-02-21T12:14:45.280+0000] {processor.py:743} INFO - Processing file /home/airflow/.local/lib/python3.7/site-packages/airflow/example_dags/example_sensor_decorator.py for tasks to queue
[2023-02-21T12:14:45.284+0000] {logging_mixin.py:137} INFO - [2023-02-21T12:14:45.283+0000] {dagbag.py:538} INFO - Filling up the DagBag from /home/airflow/.local/lib/python3.7/site-packages/airflow/example_dags/example_sensor_decorator.py
[2023-02-21T12:14:45.340+0000] {processor.py:753} INFO - DAG(s) dict_keys(['example_sensor_decorator']) retrieved from /home/airflow/.local/lib/python3.7/site-packages/airflow/example_dags/example_sensor_decorator.py
[2023-02-21T12:14:45.382+0000] {logging_mixin.py:137} INFO - [2023-02-21T12:14:45.381+0000] {dag.py:2690} INFO - Sync 1 DAGs
[2023-02-21T12:14:45.424+0000] {logging_mixin.py:137} INFO - [2023-02-21T12:14:45.424+0000] {dag.py:3441} INFO - Setting next_dagrun for example_sensor_decorator to None, run_after=None
[2023-02-21T12:14:45.470+0000] {processor.py:175} INFO - Processing /home/airflow/.local/lib/python3.7/site-packages/airflow/example_dags/example_sensor_decorator.py took 0.203 seconds
[2023-02-21T12:15:16.409+0000] {processor.py:153} INFO - Started process (PID=3134) to work on /home/airflow/.local/lib/python3.7/site-packages/airflow/example_dags/example_sensor_decorator.py
[2023-02-21T12:15:16.416+0000] {processor.py:743} INFO - Processing file /home/airflow/.local/lib/python3.7/site-packages/airflow/example_dags/example_sensor_decorator.py for tasks to queue
[2023-02-21T12:15:16.419+0000] {logging_mixin.py:137} INFO - [2023-02-21T12:15:16.418+0000] {dagbag.py:538} INFO - Filling up the DagBag from /home/airflow/.local/lib/python3.7/site-packages/airflow/example_dags/example_sensor_decorator.py
[2023-02-21T12:15:16.458+0000] {processor.py:753} INFO - DAG(s) dict_keys(['example_sensor_decorator']) retrieved from /home/airflow/.local/lib/python3.7/site-packages/airflow/example_dags/example_sensor_decorator.py
[2023-02-21T12:15:16.497+0000] {logging_mixin.py:137} INFO - [2023-02-21T12:15:16.497+0000] {dag.py:2690} INFO - Sync 1 DAGs
[2023-02-21T12:15:16.536+0000] {logging_mixin.py:137} INFO - [2023-02-21T12:15:16.535+0000] {dag.py:3441} INFO - Setting next_dagrun for example_sensor_decorator to None, run_after=None
[2023-02-21T12:15:16.589+0000] {processor.py:175} INFO - Processing /home/airflow/.local/lib/python3.7/site-packages/airflow/example_dags/example_sensor_decorator.py took 0.183 seconds
[2023-02-21T12:15:48.619+0000] {processor.py:153} INFO - Started process (PID=3193) to work on /home/airflow/.local/lib/python3.7/site-packages/airflow/example_dags/example_sensor_decorator.py
[2023-02-21T12:15:48.624+0000] {processor.py:743} INFO - Processing file /home/airflow/.local/lib/python3.7/site-packages/airflow/example_dags/example_sensor_decorator.py for tasks to queue
[2023-02-21T12:15:48.631+0000] {logging_mixin.py:137} INFO - [2023-02-21T12:15:48.630+0000] {dagbag.py:538} INFO - Filling up the DagBag from /home/airflow/.local/lib/python3.7/site-packages/airflow/example_dags/example_sensor_decorator.py
[2023-02-21T12:15:48.706+0000] {processor.py:753} INFO - DAG(s) dict_keys(['example_sensor_decorator']) retrieved from /home/airflow/.local/lib/python3.7/site-packages/airflow/example_dags/example_sensor_decorator.py
[2023-02-21T12:15:49.005+0000] {logging_mixin.py:137} INFO - [2023-02-21T12:15:49.005+0000] {dag.py:2690} INFO - Sync 1 DAGs
[2023-02-21T12:15:49.182+0000] {logging_mixin.py:137} INFO - [2023-02-21T12:15:49.182+0000] {dag.py:3441} INFO - Setting next_dagrun for example_sensor_decorator to None, run_after=None
[2023-02-21T12:15:49.304+0000] {processor.py:175} INFO - Processing /home/airflow/.local/lib/python3.7/site-packages/airflow/example_dags/example_sensor_decorator.py took 0.718 seconds
[2023-02-21T12:16:19.576+0000] {processor.py:153} INFO - Started process (PID=3251) to work on /home/airflow/.local/lib/python3.7/site-packages/airflow/example_dags/example_sensor_decorator.py
[2023-02-21T12:16:19.590+0000] {processor.py:743} INFO - Processing file /home/airflow/.local/lib/python3.7/site-packages/airflow/example_dags/example_sensor_decorator.py for tasks to queue
[2023-02-21T12:16:19.595+0000] {logging_mixin.py:137} INFO - [2023-02-21T12:16:19.594+0000] {dagbag.py:538} INFO - Filling up the DagBag from /home/airflow/.local/lib/python3.7/site-packages/airflow/example_dags/example_sensor_decorator.py
[2023-02-21T12:16:19.686+0000] {processor.py:753} INFO - DAG(s) dict_keys(['example_sensor_decorator']) retrieved from /home/airflow/.local/lib/python3.7/site-packages/airflow/example_dags/example_sensor_decorator.py
[2023-02-21T12:16:19.875+0000] {logging_mixin.py:137} INFO - [2023-02-21T12:16:19.875+0000] {dag.py:2690} INFO - Sync 1 DAGs
[2023-02-21T12:16:19.960+0000] {logging_mixin.py:137} INFO - [2023-02-21T12:16:19.959+0000] {dag.py:3441} INFO - Setting next_dagrun for example_sensor_decorator to None, run_after=None
[2023-02-21T12:16:20.067+0000] {processor.py:175} INFO - Processing /home/airflow/.local/lib/python3.7/site-packages/airflow/example_dags/example_sensor_decorator.py took 0.499 seconds
[2023-02-21T12:16:50.541+0000] {processor.py:153} INFO - Started process (PID=3312) to work on /home/airflow/.local/lib/python3.7/site-packages/airflow/example_dags/example_sensor_decorator.py
[2023-02-21T12:16:50.576+0000] {processor.py:743} INFO - Processing file /home/airflow/.local/lib/python3.7/site-packages/airflow/example_dags/example_sensor_decorator.py for tasks to queue
[2023-02-21T12:16:50.579+0000] {logging_mixin.py:137} INFO - [2023-02-21T12:16:50.578+0000] {dagbag.py:538} INFO - Filling up the DagBag from /home/airflow/.local/lib/python3.7/site-packages/airflow/example_dags/example_sensor_decorator.py
[2023-02-21T12:16:50.682+0000] {processor.py:753} INFO - DAG(s) dict_keys(['example_sensor_decorator']) retrieved from /home/airflow/.local/lib/python3.7/site-packages/airflow/example_dags/example_sensor_decorator.py
[2023-02-21T12:16:50.859+0000] {logging_mixin.py:137} INFO - [2023-02-21T12:16:50.859+0000] {dag.py:2690} INFO - Sync 1 DAGs
[2023-02-21T12:16:51.117+0000] {logging_mixin.py:137} INFO - [2023-02-21T12:16:51.116+0000] {dag.py:3441} INFO - Setting next_dagrun for example_sensor_decorator to None, run_after=None
[2023-02-21T12:16:51.287+0000] {processor.py:175} INFO - Processing /home/airflow/.local/lib/python3.7/site-packages/airflow/example_dags/example_sensor_decorator.py took 0.756 seconds
[2023-02-21T12:17:22.040+0000] {processor.py:153} INFO - Started process (PID=3371) to work on /home/airflow/.local/lib/python3.7/site-packages/airflow/example_dags/example_sensor_decorator.py
[2023-02-21T12:17:22.056+0000] {processor.py:743} INFO - Processing file /home/airflow/.local/lib/python3.7/site-packages/airflow/example_dags/example_sensor_decorator.py for tasks to queue
[2023-02-21T12:17:22.060+0000] {logging_mixin.py:137} INFO - [2023-02-21T12:17:22.059+0000] {dagbag.py:538} INFO - Filling up the DagBag from /home/airflow/.local/lib/python3.7/site-packages/airflow/example_dags/example_sensor_decorator.py
[2023-02-21T12:17:22.230+0000] {processor.py:753} INFO - DAG(s) dict_keys(['example_sensor_decorator']) retrieved from /home/airflow/.local/lib/python3.7/site-packages/airflow/example_dags/example_sensor_decorator.py
[2023-02-21T12:17:22.340+0000] {logging_mixin.py:137} INFO - [2023-02-21T12:17:22.340+0000] {dag.py:2690} INFO - Sync 1 DAGs
[2023-02-21T12:17:22.487+0000] {logging_mixin.py:137} INFO - [2023-02-21T12:17:22.487+0000] {dag.py:3441} INFO - Setting next_dagrun for example_sensor_decorator to None, run_after=None
[2023-02-21T12:17:22.566+0000] {processor.py:175} INFO - Processing /home/airflow/.local/lib/python3.7/site-packages/airflow/example_dags/example_sensor_decorator.py took 0.549 seconds
[2023-02-21T12:17:53.157+0000] {processor.py:153} INFO - Started process (PID=3429) to work on /home/airflow/.local/lib/python3.7/site-packages/airflow/example_dags/example_sensor_decorator.py
[2023-02-21T12:17:53.162+0000] {processor.py:743} INFO - Processing file /home/airflow/.local/lib/python3.7/site-packages/airflow/example_dags/example_sensor_decorator.py for tasks to queue
[2023-02-21T12:17:53.167+0000] {logging_mixin.py:137} INFO - [2023-02-21T12:17:53.167+0000] {dagbag.py:538} INFO - Filling up the DagBag from /home/airflow/.local/lib/python3.7/site-packages/airflow/example_dags/example_sensor_decorator.py
[2023-02-21T12:17:53.289+0000] {processor.py:753} INFO - DAG(s) dict_keys(['example_sensor_decorator']) retrieved from /home/airflow/.local/lib/python3.7/site-packages/airflow/example_dags/example_sensor_decorator.py
[2023-02-21T12:17:53.403+0000] {logging_mixin.py:137} INFO - [2023-02-21T12:17:53.403+0000] {dag.py:2690} INFO - Sync 1 DAGs
[2023-02-21T12:17:53.536+0000] {logging_mixin.py:137} INFO - [2023-02-21T12:17:53.536+0000] {dag.py:3441} INFO - Setting next_dagrun for example_sensor_decorator to None, run_after=None
[2023-02-21T12:17:53.581+0000] {processor.py:175} INFO - Processing /home/airflow/.local/lib/python3.7/site-packages/airflow/example_dags/example_sensor_decorator.py took 0.454 seconds
[2023-02-21T12:18:24.016+0000] {processor.py:153} INFO - Started process (PID=3488) to work on /home/airflow/.local/lib/python3.7/site-packages/airflow/example_dags/example_sensor_decorator.py
[2023-02-21T12:18:24.024+0000] {processor.py:743} INFO - Processing file /home/airflow/.local/lib/python3.7/site-packages/airflow/example_dags/example_sensor_decorator.py for tasks to queue
[2023-02-21T12:18:24.035+0000] {logging_mixin.py:137} INFO - [2023-02-21T12:18:24.028+0000] {dagbag.py:538} INFO - Filling up the DagBag from /home/airflow/.local/lib/python3.7/site-packages/airflow/example_dags/example_sensor_decorator.py
[2023-02-21T12:18:24.108+0000] {processor.py:753} INFO - DAG(s) dict_keys(['example_sensor_decorator']) retrieved from /home/airflow/.local/lib/python3.7/site-packages/airflow/example_dags/example_sensor_decorator.py
[2023-02-21T12:18:24.239+0000] {logging_mixin.py:137} INFO - [2023-02-21T12:18:24.239+0000] {dag.py:2690} INFO - Sync 1 DAGs
[2023-02-21T12:18:24.368+0000] {logging_mixin.py:137} INFO - [2023-02-21T12:18:24.368+0000] {dag.py:3441} INFO - Setting next_dagrun for example_sensor_decorator to None, run_after=None
[2023-02-21T12:18:24.464+0000] {processor.py:175} INFO - Processing /home/airflow/.local/lib/python3.7/site-packages/airflow/example_dags/example_sensor_decorator.py took 0.471 seconds
[2023-02-21T12:18:55.194+0000] {processor.py:153} INFO - Started process (PID=3547) to work on /home/airflow/.local/lib/python3.7/site-packages/airflow/example_dags/example_sensor_decorator.py
[2023-02-21T12:18:55.216+0000] {processor.py:743} INFO - Processing file /home/airflow/.local/lib/python3.7/site-packages/airflow/example_dags/example_sensor_decorator.py for tasks to queue
[2023-02-21T12:18:55.219+0000] {logging_mixin.py:137} INFO - [2023-02-21T12:18:55.219+0000] {dagbag.py:538} INFO - Filling up the DagBag from /home/airflow/.local/lib/python3.7/site-packages/airflow/example_dags/example_sensor_decorator.py
[2023-02-21T12:18:55.326+0000] {processor.py:753} INFO - DAG(s) dict_keys(['example_sensor_decorator']) retrieved from /home/airflow/.local/lib/python3.7/site-packages/airflow/example_dags/example_sensor_decorator.py
[2023-02-21T12:18:55.443+0000] {logging_mixin.py:137} INFO - [2023-02-21T12:18:55.443+0000] {dag.py:2690} INFO - Sync 1 DAGs
[2023-02-21T12:18:55.529+0000] {logging_mixin.py:137} INFO - [2023-02-21T12:18:55.529+0000] {dag.py:3441} INFO - Setting next_dagrun for example_sensor_decorator to None, run_after=None
[2023-02-21T12:18:55.626+0000] {processor.py:175} INFO - Processing /home/airflow/.local/lib/python3.7/site-packages/airflow/example_dags/example_sensor_decorator.py took 0.443 seconds
[2023-02-21T12:19:26.070+0000] {processor.py:153} INFO - Started process (PID=3604) to work on /home/airflow/.local/lib/python3.7/site-packages/airflow/example_dags/example_sensor_decorator.py
[2023-02-21T12:19:26.076+0000] {processor.py:743} INFO - Processing file /home/airflow/.local/lib/python3.7/site-packages/airflow/example_dags/example_sensor_decorator.py for tasks to queue
[2023-02-21T12:19:26.081+0000] {logging_mixin.py:137} INFO - [2023-02-21T12:19:26.080+0000] {dagbag.py:538} INFO - Filling up the DagBag from /home/airflow/.local/lib/python3.7/site-packages/airflow/example_dags/example_sensor_decorator.py
[2023-02-21T12:19:26.185+0000] {processor.py:753} INFO - DAG(s) dict_keys(['example_sensor_decorator']) retrieved from /home/airflow/.local/lib/python3.7/site-packages/airflow/example_dags/example_sensor_decorator.py
[2023-02-21T12:19:26.300+0000] {logging_mixin.py:137} INFO - [2023-02-21T12:19:26.300+0000] {dag.py:2690} INFO - Sync 1 DAGs
[2023-02-21T12:19:26.378+0000] {logging_mixin.py:137} INFO - [2023-02-21T12:19:26.378+0000] {dag.py:3441} INFO - Setting next_dagrun for example_sensor_decorator to None, run_after=None
[2023-02-21T12:19:26.477+0000] {processor.py:175} INFO - Processing /home/airflow/.local/lib/python3.7/site-packages/airflow/example_dags/example_sensor_decorator.py took 0.437 seconds
[2023-02-21T12:19:56.627+0000] {processor.py:153} INFO - Started process (PID=3652) to work on /home/airflow/.local/lib/python3.7/site-packages/airflow/example_dags/example_sensor_decorator.py
[2023-02-21T12:19:56.630+0000] {processor.py:743} INFO - Processing file /home/airflow/.local/lib/python3.7/site-packages/airflow/example_dags/example_sensor_decorator.py for tasks to queue
[2023-02-21T12:19:56.633+0000] {logging_mixin.py:137} INFO - [2023-02-21T12:19:56.633+0000] {dagbag.py:538} INFO - Filling up the DagBag from /home/airflow/.local/lib/python3.7/site-packages/airflow/example_dags/example_sensor_decorator.py
[2023-02-21T12:19:56.680+0000] {processor.py:753} INFO - DAG(s) dict_keys(['example_sensor_decorator']) retrieved from /home/airflow/.local/lib/python3.7/site-packages/airflow/example_dags/example_sensor_decorator.py
[2023-02-21T12:19:56.764+0000] {logging_mixin.py:137} INFO - [2023-02-21T12:19:56.764+0000] {dag.py:2690} INFO - Sync 1 DAGs
[2023-02-21T12:19:56.844+0000] {logging_mixin.py:137} INFO - [2023-02-21T12:19:56.844+0000] {dag.py:3441} INFO - Setting next_dagrun for example_sensor_decorator to None, run_after=None
[2023-02-21T12:19:56.884+0000] {processor.py:175} INFO - Processing /home/airflow/.local/lib/python3.7/site-packages/airflow/example_dags/example_sensor_decorator.py took 0.262 seconds
[2023-02-21T12:20:27.070+0000] {processor.py:153} INFO - Started process (PID=3711) to work on /home/airflow/.local/lib/python3.7/site-packages/airflow/example_dags/example_sensor_decorator.py
[2023-02-21T12:20:27.072+0000] {processor.py:743} INFO - Processing file /home/airflow/.local/lib/python3.7/site-packages/airflow/example_dags/example_sensor_decorator.py for tasks to queue
[2023-02-21T12:20:27.075+0000] {logging_mixin.py:137} INFO - [2023-02-21T12:20:27.075+0000] {dagbag.py:538} INFO - Filling up the DagBag from /home/airflow/.local/lib/python3.7/site-packages/airflow/example_dags/example_sensor_decorator.py
[2023-02-21T12:20:27.103+0000] {processor.py:753} INFO - DAG(s) dict_keys(['example_sensor_decorator']) retrieved from /home/airflow/.local/lib/python3.7/site-packages/airflow/example_dags/example_sensor_decorator.py
[2023-02-21T12:20:27.139+0000] {logging_mixin.py:137} INFO - [2023-02-21T12:20:27.139+0000] {dag.py:2690} INFO - Sync 1 DAGs
[2023-02-21T12:20:27.180+0000] {logging_mixin.py:137} INFO - [2023-02-21T12:20:27.180+0000] {dag.py:3441} INFO - Setting next_dagrun for example_sensor_decorator to None, run_after=None
[2023-02-21T12:20:27.212+0000] {processor.py:175} INFO - Processing /home/airflow/.local/lib/python3.7/site-packages/airflow/example_dags/example_sensor_decorator.py took 0.148 seconds
[2023-02-21T12:20:57.632+0000] {processor.py:153} INFO - Started process (PID=3780) to work on /home/airflow/.local/lib/python3.7/site-packages/airflow/example_dags/example_sensor_decorator.py
[2023-02-21T12:20:57.634+0000] {processor.py:743} INFO - Processing file /home/airflow/.local/lib/python3.7/site-packages/airflow/example_dags/example_sensor_decorator.py for tasks to queue
[2023-02-21T12:20:57.637+0000] {logging_mixin.py:137} INFO - [2023-02-21T12:20:57.637+0000] {dagbag.py:538} INFO - Filling up the DagBag from /home/airflow/.local/lib/python3.7/site-packages/airflow/example_dags/example_sensor_decorator.py
[2023-02-21T12:20:57.685+0000] {processor.py:753} INFO - DAG(s) dict_keys(['example_sensor_decorator']) retrieved from /home/airflow/.local/lib/python3.7/site-packages/airflow/example_dags/example_sensor_decorator.py
[2023-02-21T12:20:57.780+0000] {logging_mixin.py:137} INFO - [2023-02-21T12:20:57.780+0000] {dag.py:2690} INFO - Sync 1 DAGs
[2023-02-21T12:20:57.866+0000] {logging_mixin.py:137} INFO - [2023-02-21T12:20:57.865+0000] {dag.py:3441} INFO - Setting next_dagrun for example_sensor_decorator to None, run_after=None
[2023-02-21T12:20:57.921+0000] {processor.py:175} INFO - Processing /home/airflow/.local/lib/python3.7/site-packages/airflow/example_dags/example_sensor_decorator.py took 0.296 seconds
[2023-02-21T12:21:28.625+0000] {processor.py:153} INFO - Started process (PID=3840) to work on /home/airflow/.local/lib/python3.7/site-packages/airflow/example_dags/example_sensor_decorator.py
[2023-02-21T12:21:28.628+0000] {processor.py:743} INFO - Processing file /home/airflow/.local/lib/python3.7/site-packages/airflow/example_dags/example_sensor_decorator.py for tasks to queue
[2023-02-21T12:21:28.633+0000] {logging_mixin.py:137} INFO - [2023-02-21T12:21:28.632+0000] {dagbag.py:538} INFO - Filling up the DagBag from /home/airflow/.local/lib/python3.7/site-packages/airflow/example_dags/example_sensor_decorator.py
[2023-02-21T12:21:28.681+0000] {processor.py:753} INFO - DAG(s) dict_keys(['example_sensor_decorator']) retrieved from /home/airflow/.local/lib/python3.7/site-packages/airflow/example_dags/example_sensor_decorator.py
[2023-02-21T12:21:28.777+0000] {logging_mixin.py:137} INFO - [2023-02-21T12:21:28.777+0000] {dag.py:2690} INFO - Sync 1 DAGs
[2023-02-21T12:21:28.842+0000] {logging_mixin.py:137} INFO - [2023-02-21T12:21:28.842+0000] {dag.py:3441} INFO - Setting next_dagrun for example_sensor_decorator to None, run_after=None
[2023-02-21T12:21:28.887+0000] {processor.py:175} INFO - Processing /home/airflow/.local/lib/python3.7/site-packages/airflow/example_dags/example_sensor_decorator.py took 0.269 seconds
[2023-02-21T12:21:58.994+0000] {processor.py:153} INFO - Started process (PID=3899) to work on /home/airflow/.local/lib/python3.7/site-packages/airflow/example_dags/example_sensor_decorator.py
[2023-02-21T12:21:58.998+0000] {processor.py:743} INFO - Processing file /home/airflow/.local/lib/python3.7/site-packages/airflow/example_dags/example_sensor_decorator.py for tasks to queue
[2023-02-21T12:21:59.002+0000] {logging_mixin.py:137} INFO - [2023-02-21T12:21:59.001+0000] {dagbag.py:538} INFO - Filling up the DagBag from /home/airflow/.local/lib/python3.7/site-packages/airflow/example_dags/example_sensor_decorator.py
[2023-02-21T12:21:59.056+0000] {processor.py:753} INFO - DAG(s) dict_keys(['example_sensor_decorator']) retrieved from /home/airflow/.local/lib/python3.7/site-packages/airflow/example_dags/example_sensor_decorator.py
[2023-02-21T12:21:59.097+0000] {logging_mixin.py:137} INFO - [2023-02-21T12:21:59.097+0000] {dag.py:2690} INFO - Sync 1 DAGs
[2023-02-21T12:21:59.136+0000] {logging_mixin.py:137} INFO - [2023-02-21T12:21:59.136+0000] {dag.py:3441} INFO - Setting next_dagrun for example_sensor_decorator to None, run_after=None
[2023-02-21T12:21:59.167+0000] {processor.py:175} INFO - Processing /home/airflow/.local/lib/python3.7/site-packages/airflow/example_dags/example_sensor_decorator.py took 0.184 seconds
[2023-02-21T12:22:29.421+0000] {processor.py:153} INFO - Started process (PID=3958) to work on /home/airflow/.local/lib/python3.7/site-packages/airflow/example_dags/example_sensor_decorator.py
[2023-02-21T12:22:29.424+0000] {processor.py:743} INFO - Processing file /home/airflow/.local/lib/python3.7/site-packages/airflow/example_dags/example_sensor_decorator.py for tasks to queue
[2023-02-21T12:22:29.426+0000] {logging_mixin.py:137} INFO - [2023-02-21T12:22:29.426+0000] {dagbag.py:538} INFO - Filling up the DagBag from /home/airflow/.local/lib/python3.7/site-packages/airflow/example_dags/example_sensor_decorator.py
[2023-02-21T12:22:29.481+0000] {processor.py:753} INFO - DAG(s) dict_keys(['example_sensor_decorator']) retrieved from /home/airflow/.local/lib/python3.7/site-packages/airflow/example_dags/example_sensor_decorator.py
[2023-02-21T12:22:29.557+0000] {logging_mixin.py:137} INFO - [2023-02-21T12:22:29.557+0000] {dag.py:2690} INFO - Sync 1 DAGs
[2023-02-21T12:22:29.611+0000] {logging_mixin.py:137} INFO - [2023-02-21T12:22:29.610+0000] {dag.py:3441} INFO - Setting next_dagrun for example_sensor_decorator to None, run_after=None
[2023-02-21T12:22:29.665+0000] {processor.py:175} INFO - Processing /home/airflow/.local/lib/python3.7/site-packages/airflow/example_dags/example_sensor_decorator.py took 0.248 seconds
[2023-02-21T12:23:00.017+0000] {processor.py:153} INFO - Started process (PID=4017) to work on /home/airflow/.local/lib/python3.7/site-packages/airflow/example_dags/example_sensor_decorator.py
[2023-02-21T12:23:00.019+0000] {processor.py:743} INFO - Processing file /home/airflow/.local/lib/python3.7/site-packages/airflow/example_dags/example_sensor_decorator.py for tasks to queue
[2023-02-21T12:23:00.021+0000] {logging_mixin.py:137} INFO - [2023-02-21T12:23:00.021+0000] {dagbag.py:538} INFO - Filling up the DagBag from /home/airflow/.local/lib/python3.7/site-packages/airflow/example_dags/example_sensor_decorator.py
[2023-02-21T12:23:00.053+0000] {processor.py:753} INFO - DAG(s) dict_keys(['example_sensor_decorator']) retrieved from /home/airflow/.local/lib/python3.7/site-packages/airflow/example_dags/example_sensor_decorator.py
[2023-02-21T12:23:00.090+0000] {logging_mixin.py:137} INFO - [2023-02-21T12:23:00.089+0000] {dag.py:2690} INFO - Sync 1 DAGs
[2023-02-21T12:23:00.123+0000] {logging_mixin.py:137} INFO - [2023-02-21T12:23:00.123+0000] {dag.py:3441} INFO - Setting next_dagrun for example_sensor_decorator to None, run_after=None
[2023-02-21T12:23:00.157+0000] {processor.py:175} INFO - Processing /home/airflow/.local/lib/python3.7/site-packages/airflow/example_dags/example_sensor_decorator.py took 0.147 seconds
[2023-02-21T12:23:30.397+0000] {processor.py:153} INFO - Started process (PID=4087) to work on /home/airflow/.local/lib/python3.7/site-packages/airflow/example_dags/example_sensor_decorator.py
[2023-02-21T12:23:30.401+0000] {processor.py:743} INFO - Processing file /home/airflow/.local/lib/python3.7/site-packages/airflow/example_dags/example_sensor_decorator.py for tasks to queue
[2023-02-21T12:23:30.403+0000] {logging_mixin.py:137} INFO - [2023-02-21T12:23:30.403+0000] {dagbag.py:538} INFO - Filling up the DagBag from /home/airflow/.local/lib/python3.7/site-packages/airflow/example_dags/example_sensor_decorator.py
[2023-02-21T12:23:30.438+0000] {processor.py:753} INFO - DAG(s) dict_keys(['example_sensor_decorator']) retrieved from /home/airflow/.local/lib/python3.7/site-packages/airflow/example_dags/example_sensor_decorator.py
[2023-02-21T12:23:30.474+0000] {logging_mixin.py:137} INFO - [2023-02-21T12:23:30.474+0000] {dag.py:2690} INFO - Sync 1 DAGs
[2023-02-21T12:23:30.513+0000] {logging_mixin.py:137} INFO - [2023-02-21T12:23:30.513+0000] {dag.py:3441} INFO - Setting next_dagrun for example_sensor_decorator to None, run_after=None
[2023-02-21T12:23:30.543+0000] {processor.py:175} INFO - Processing /home/airflow/.local/lib/python3.7/site-packages/airflow/example_dags/example_sensor_decorator.py took 0.151 seconds
[2023-02-21T12:24:01.368+0000] {processor.py:153} INFO - Started process (PID=4144) to work on /home/airflow/.local/lib/python3.7/site-packages/airflow/example_dags/example_sensor_decorator.py
[2023-02-21T12:24:01.370+0000] {processor.py:743} INFO - Processing file /home/airflow/.local/lib/python3.7/site-packages/airflow/example_dags/example_sensor_decorator.py for tasks to queue
[2023-02-21T12:24:01.372+0000] {logging_mixin.py:137} INFO - [2023-02-21T12:24:01.372+0000] {dagbag.py:538} INFO - Filling up the DagBag from /home/airflow/.local/lib/python3.7/site-packages/airflow/example_dags/example_sensor_decorator.py
[2023-02-21T12:24:01.413+0000] {processor.py:753} INFO - DAG(s) dict_keys(['example_sensor_decorator']) retrieved from /home/airflow/.local/lib/python3.7/site-packages/airflow/example_dags/example_sensor_decorator.py
[2023-02-21T12:24:01.466+0000] {logging_mixin.py:137} INFO - [2023-02-21T12:24:01.466+0000] {dag.py:2690} INFO - Sync 1 DAGs
[2023-02-21T12:24:01.516+0000] {logging_mixin.py:137} INFO - [2023-02-21T12:24:01.515+0000] {dag.py:3441} INFO - Setting next_dagrun for example_sensor_decorator to None, run_after=None
[2023-02-21T12:24:01.552+0000] {processor.py:175} INFO - Processing /home/airflow/.local/lib/python3.7/site-packages/airflow/example_dags/example_sensor_decorator.py took 0.189 seconds
