[2023-07-02T03:02:00.271+0000] {processor.py:153} INFO - Started process (PID=86) to work on /home/airflow/.local/lib/python3.7/site-packages/airflow/example_dags/example_branch_labels.py
[2023-07-02T03:02:00.285+0000] {processor.py:743} INFO - Processing file /home/airflow/.local/lib/python3.7/site-packages/airflow/example_dags/example_branch_labels.py for tasks to queue
[2023-07-02T03:02:00.293+0000] {logging_mixin.py:137} INFO - [2023-07-02T03:02:00.292+0000] {dagbag.py:538} INFO - Filling up the DagBag from /home/airflow/.local/lib/python3.7/site-packages/airflow/example_dags/example_branch_labels.py
[2023-07-02T03:02:00.433+0000] {processor.py:753} INFO - DAG(s) dict_keys(['example_branch_labels']) retrieved from /home/airflow/.local/lib/python3.7/site-packages/airflow/example_dags/example_branch_labels.py
[2023-07-02T03:02:00.553+0000] {logging_mixin.py:137} INFO - [2023-07-02T03:02:00.553+0000] {dag.py:2690} INFO - Sync 1 DAGs
[2023-07-02T03:02:00.759+0000] {logging_mixin.py:137} INFO - [2023-07-02T03:02:00.759+0000] {dag.py:3441} INFO - Setting next_dagrun for example_branch_labels to 2023-07-01T00:00:00+00:00, run_after=2023-07-02T00:00:00+00:00
[2023-07-02T03:02:00.891+0000] {processor.py:175} INFO - Processing /home/airflow/.local/lib/python3.7/site-packages/airflow/example_dags/example_branch_labels.py took 0.648 seconds
[2023-07-02T03:02:31.859+0000] {processor.py:153} INFO - Started process (PID=145) to work on /home/airflow/.local/lib/python3.7/site-packages/airflow/example_dags/example_branch_labels.py
[2023-07-02T03:02:31.863+0000] {processor.py:743} INFO - Processing file /home/airflow/.local/lib/python3.7/site-packages/airflow/example_dags/example_branch_labels.py for tasks to queue
[2023-07-02T03:02:31.876+0000] {logging_mixin.py:137} INFO - [2023-07-02T03:02:31.875+0000] {dagbag.py:538} INFO - Filling up the DagBag from /home/airflow/.local/lib/python3.7/site-packages/airflow/example_dags/example_branch_labels.py
[2023-07-02T03:02:31.960+0000] {processor.py:753} INFO - DAG(s) dict_keys(['example_branch_labels']) retrieved from /home/airflow/.local/lib/python3.7/site-packages/airflow/example_dags/example_branch_labels.py
[2023-07-02T03:02:32.039+0000] {logging_mixin.py:137} INFO - [2023-07-02T03:02:32.038+0000] {dag.py:2690} INFO - Sync 1 DAGs
[2023-07-02T03:02:32.086+0000] {logging_mixin.py:137} INFO - [2023-07-02T03:02:32.086+0000] {dag.py:3441} INFO - Setting next_dagrun for example_branch_labels to 2023-07-01T00:00:00+00:00, run_after=2023-07-02T00:00:00+00:00
[2023-07-02T03:02:32.128+0000] {processor.py:175} INFO - Processing /home/airflow/.local/lib/python3.7/site-packages/airflow/example_dags/example_branch_labels.py took 0.276 seconds
[2023-07-02T03:03:02.214+0000] {processor.py:153} INFO - Started process (PID=214) to work on /home/airflow/.local/lib/python3.7/site-packages/airflow/example_dags/example_branch_labels.py
[2023-07-02T03:03:02.217+0000] {processor.py:743} INFO - Processing file /home/airflow/.local/lib/python3.7/site-packages/airflow/example_dags/example_branch_labels.py for tasks to queue
[2023-07-02T03:03:02.220+0000] {logging_mixin.py:137} INFO - [2023-07-02T03:03:02.219+0000] {dagbag.py:538} INFO - Filling up the DagBag from /home/airflow/.local/lib/python3.7/site-packages/airflow/example_dags/example_branch_labels.py
[2023-07-02T03:03:02.247+0000] {processor.py:753} INFO - DAG(s) dict_keys(['example_branch_labels']) retrieved from /home/airflow/.local/lib/python3.7/site-packages/airflow/example_dags/example_branch_labels.py
[2023-07-02T03:03:02.300+0000] {logging_mixin.py:137} INFO - [2023-07-02T03:03:02.300+0000] {dag.py:2690} INFO - Sync 1 DAGs
[2023-07-02T03:03:02.356+0000] {logging_mixin.py:137} INFO - [2023-07-02T03:03:02.356+0000] {dag.py:3441} INFO - Setting next_dagrun for example_branch_labels to 2023-07-01T00:00:00+00:00, run_after=2023-07-02T00:00:00+00:00
[2023-07-02T03:03:02.397+0000] {processor.py:175} INFO - Processing /home/airflow/.local/lib/python3.7/site-packages/airflow/example_dags/example_branch_labels.py took 0.190 seconds
[2023-07-02T03:03:32.546+0000] {processor.py:153} INFO - Started process (PID=272) to work on /home/airflow/.local/lib/python3.7/site-packages/airflow/example_dags/example_branch_labels.py
[2023-07-02T03:03:32.549+0000] {processor.py:743} INFO - Processing file /home/airflow/.local/lib/python3.7/site-packages/airflow/example_dags/example_branch_labels.py for tasks to queue
[2023-07-02T03:03:32.552+0000] {logging_mixin.py:137} INFO - [2023-07-02T03:03:32.551+0000] {dagbag.py:538} INFO - Filling up the DagBag from /home/airflow/.local/lib/python3.7/site-packages/airflow/example_dags/example_branch_labels.py
[2023-07-02T03:03:32.574+0000] {processor.py:753} INFO - DAG(s) dict_keys(['example_branch_labels']) retrieved from /home/airflow/.local/lib/python3.7/site-packages/airflow/example_dags/example_branch_labels.py
[2023-07-02T03:03:32.628+0000] {logging_mixin.py:137} INFO - [2023-07-02T03:03:32.628+0000] {dag.py:2690} INFO - Sync 1 DAGs
[2023-07-02T03:03:32.689+0000] {logging_mixin.py:137} INFO - [2023-07-02T03:03:32.689+0000] {dag.py:3441} INFO - Setting next_dagrun for example_branch_labels to 2023-07-01T00:00:00+00:00, run_after=2023-07-02T00:00:00+00:00
[2023-07-02T03:03:32.741+0000] {processor.py:175} INFO - Processing /home/airflow/.local/lib/python3.7/site-packages/airflow/example_dags/example_branch_labels.py took 0.200 seconds
[2023-07-02T03:04:03.494+0000] {processor.py:153} INFO - Started process (PID=330) to work on /home/airflow/.local/lib/python3.7/site-packages/airflow/example_dags/example_branch_labels.py
[2023-07-02T03:04:03.499+0000] {processor.py:743} INFO - Processing file /home/airflow/.local/lib/python3.7/site-packages/airflow/example_dags/example_branch_labels.py for tasks to queue
[2023-07-02T03:04:03.503+0000] {logging_mixin.py:137} INFO - [2023-07-02T03:04:03.502+0000] {dagbag.py:538} INFO - Filling up the DagBag from /home/airflow/.local/lib/python3.7/site-packages/airflow/example_dags/example_branch_labels.py
[2023-07-02T03:04:03.552+0000] {processor.py:753} INFO - DAG(s) dict_keys(['example_branch_labels']) retrieved from /home/airflow/.local/lib/python3.7/site-packages/airflow/example_dags/example_branch_labels.py
[2023-07-02T03:04:03.617+0000] {logging_mixin.py:137} INFO - [2023-07-02T03:04:03.616+0000] {dag.py:2690} INFO - Sync 1 DAGs
[2023-07-02T03:04:03.677+0000] {logging_mixin.py:137} INFO - [2023-07-02T03:04:03.677+0000] {dag.py:3441} INFO - Setting next_dagrun for example_branch_labels to 2023-07-01T00:00:00+00:00, run_after=2023-07-02T00:00:00+00:00
[2023-07-02T03:04:03.735+0000] {processor.py:175} INFO - Processing /home/airflow/.local/lib/python3.7/site-packages/airflow/example_dags/example_branch_labels.py took 0.246 seconds
[2023-07-02T03:04:42.512+0000] {processor.py:153} INFO - Started process (PID=387) to work on /home/airflow/.local/lib/python3.7/site-packages/airflow/example_dags/example_branch_labels.py
[2023-07-02T03:04:42.515+0000] {processor.py:743} INFO - Processing file /home/airflow/.local/lib/python3.7/site-packages/airflow/example_dags/example_branch_labels.py for tasks to queue
[2023-07-02T03:04:42.520+0000] {logging_mixin.py:137} INFO - [2023-07-02T03:04:42.519+0000] {dagbag.py:538} INFO - Filling up the DagBag from /home/airflow/.local/lib/python3.7/site-packages/airflow/example_dags/example_branch_labels.py
[2023-07-02T03:04:42.581+0000] {processor.py:753} INFO - DAG(s) dict_keys(['example_branch_labels']) retrieved from /home/airflow/.local/lib/python3.7/site-packages/airflow/example_dags/example_branch_labels.py
[2023-07-02T03:04:42.662+0000] {logging_mixin.py:137} INFO - [2023-07-02T03:04:42.662+0000] {dag.py:2690} INFO - Sync 1 DAGs
[2023-07-02T03:04:42.753+0000] {logging_mixin.py:137} INFO - [2023-07-02T03:04:42.752+0000] {dag.py:3441} INFO - Setting next_dagrun for example_branch_labels to 2023-07-01T00:00:00+00:00, run_after=2023-07-02T00:00:00+00:00
[2023-07-02T03:04:42.914+0000] {processor.py:175} INFO - Processing /home/airflow/.local/lib/python3.7/site-packages/airflow/example_dags/example_branch_labels.py took 0.419 seconds
[2023-07-02T03:05:13.380+0000] {processor.py:153} INFO - Started process (PID=447) to work on /home/airflow/.local/lib/python3.7/site-packages/airflow/example_dags/example_branch_labels.py
[2023-07-02T03:05:13.390+0000] {processor.py:743} INFO - Processing file /home/airflow/.local/lib/python3.7/site-packages/airflow/example_dags/example_branch_labels.py for tasks to queue
[2023-07-02T03:05:13.395+0000] {logging_mixin.py:137} INFO - [2023-07-02T03:05:13.395+0000] {dagbag.py:538} INFO - Filling up the DagBag from /home/airflow/.local/lib/python3.7/site-packages/airflow/example_dags/example_branch_labels.py
[2023-07-02T03:05:13.422+0000] {processor.py:753} INFO - DAG(s) dict_keys(['example_branch_labels']) retrieved from /home/airflow/.local/lib/python3.7/site-packages/airflow/example_dags/example_branch_labels.py
[2023-07-02T03:05:13.463+0000] {logging_mixin.py:137} INFO - [2023-07-02T03:05:13.463+0000] {dag.py:2690} INFO - Sync 1 DAGs
[2023-07-02T03:05:13.508+0000] {logging_mixin.py:137} INFO - [2023-07-02T03:05:13.507+0000] {dag.py:3441} INFO - Setting next_dagrun for example_branch_labels to 2023-07-01T00:00:00+00:00, run_after=2023-07-02T00:00:00+00:00
[2023-07-02T03:05:13.545+0000] {processor.py:175} INFO - Processing /home/airflow/.local/lib/python3.7/site-packages/airflow/example_dags/example_branch_labels.py took 0.172 seconds
[2023-07-02T03:05:44.298+0000] {processor.py:153} INFO - Started process (PID=504) to work on /home/airflow/.local/lib/python3.7/site-packages/airflow/example_dags/example_branch_labels.py
[2023-07-02T03:05:44.307+0000] {processor.py:743} INFO - Processing file /home/airflow/.local/lib/python3.7/site-packages/airflow/example_dags/example_branch_labels.py for tasks to queue
[2023-07-02T03:05:44.311+0000] {logging_mixin.py:137} INFO - [2023-07-02T03:05:44.310+0000] {dagbag.py:538} INFO - Filling up the DagBag from /home/airflow/.local/lib/python3.7/site-packages/airflow/example_dags/example_branch_labels.py
[2023-07-02T03:05:44.357+0000] {processor.py:753} INFO - DAG(s) dict_keys(['example_branch_labels']) retrieved from /home/airflow/.local/lib/python3.7/site-packages/airflow/example_dags/example_branch_labels.py
[2023-07-02T03:05:44.398+0000] {logging_mixin.py:137} INFO - [2023-07-02T03:05:44.398+0000] {dag.py:2690} INFO - Sync 1 DAGs
[2023-07-02T03:05:44.479+0000] {logging_mixin.py:137} INFO - [2023-07-02T03:05:44.479+0000] {dag.py:3441} INFO - Setting next_dagrun for example_branch_labels to 2023-07-01T00:00:00+00:00, run_after=2023-07-02T00:00:00+00:00
[2023-07-02T03:05:44.556+0000] {processor.py:175} INFO - Processing /home/airflow/.local/lib/python3.7/site-packages/airflow/example_dags/example_branch_labels.py took 0.279 seconds
[2023-07-02T03:06:18.345+0000] {processor.py:153} INFO - Started process (PID=564) to work on /home/airflow/.local/lib/python3.7/site-packages/airflow/example_dags/example_branch_labels.py
[2023-07-02T03:06:18.375+0000] {processor.py:743} INFO - Processing file /home/airflow/.local/lib/python3.7/site-packages/airflow/example_dags/example_branch_labels.py for tasks to queue
[2023-07-02T03:06:18.385+0000] {logging_mixin.py:137} INFO - [2023-07-02T03:06:18.381+0000] {dagbag.py:538} INFO - Filling up the DagBag from /home/airflow/.local/lib/python3.7/site-packages/airflow/example_dags/example_branch_labels.py
[2023-07-02T03:06:18.437+0000] {processor.py:753} INFO - DAG(s) dict_keys(['example_branch_labels']) retrieved from /home/airflow/.local/lib/python3.7/site-packages/airflow/example_dags/example_branch_labels.py
[2023-07-02T03:06:18.504+0000] {logging_mixin.py:137} INFO - [2023-07-02T03:06:18.504+0000] {dag.py:2690} INFO - Sync 1 DAGs
[2023-07-02T03:06:18.542+0000] {logging_mixin.py:137} INFO - [2023-07-02T03:06:18.542+0000] {dag.py:3441} INFO - Setting next_dagrun for example_branch_labels to 2023-07-01T00:00:00+00:00, run_after=2023-07-02T00:00:00+00:00
[2023-07-02T03:06:19.091+0000] {processor.py:175} INFO - Processing /home/airflow/.local/lib/python3.7/site-packages/airflow/example_dags/example_branch_labels.py took 0.814 seconds
[2023-07-02T06:43:41.635+0000] {processor.py:153} INFO - Started process (PID=681) to work on /home/airflow/.local/lib/python3.7/site-packages/airflow/example_dags/example_branch_labels.py
[2023-07-02T06:43:41.643+0000] {processor.py:743} INFO - Processing file /home/airflow/.local/lib/python3.7/site-packages/airflow/example_dags/example_branch_labels.py for tasks to queue
[2023-07-02T06:43:41.648+0000] {logging_mixin.py:137} INFO - [2023-07-02T06:43:41.648+0000] {dagbag.py:538} INFO - Filling up the DagBag from /home/airflow/.local/lib/python3.7/site-packages/airflow/example_dags/example_branch_labels.py
[2023-07-02T06:43:41.784+0000] {processor.py:753} INFO - DAG(s) dict_keys(['example_branch_labels']) retrieved from /home/airflow/.local/lib/python3.7/site-packages/airflow/example_dags/example_branch_labels.py
[2023-07-02T06:43:42.004+0000] {logging_mixin.py:137} INFO - [2023-07-02T06:43:42.003+0000] {dag.py:2690} INFO - Sync 1 DAGs
[2023-07-02T06:43:42.185+0000] {logging_mixin.py:137} INFO - [2023-07-02T06:43:42.185+0000] {dag.py:3441} INFO - Setting next_dagrun for example_branch_labels to 2023-07-01T00:00:00+00:00, run_after=2023-07-02T00:00:00+00:00
[2023-07-02T06:43:42.423+0000] {processor.py:175} INFO - Processing /home/airflow/.local/lib/python3.7/site-packages/airflow/example_dags/example_branch_labels.py took 0.846 seconds
[2023-07-02T08:23:18.201+0000] {processor.py:153} INFO - Started process (PID=749) to work on /home/airflow/.local/lib/python3.7/site-packages/airflow/example_dags/example_branch_labels.py
[2023-07-02T08:23:18.206+0000] {processor.py:743} INFO - Processing file /home/airflow/.local/lib/python3.7/site-packages/airflow/example_dags/example_branch_labels.py for tasks to queue
[2023-07-02T08:23:18.209+0000] {logging_mixin.py:137} INFO - [2023-07-02T08:23:18.208+0000] {dagbag.py:538} INFO - Filling up the DagBag from /home/airflow/.local/lib/python3.7/site-packages/airflow/example_dags/example_branch_labels.py
[2023-07-02T08:23:18.238+0000] {processor.py:753} INFO - DAG(s) dict_keys(['example_branch_labels']) retrieved from /home/airflow/.local/lib/python3.7/site-packages/airflow/example_dags/example_branch_labels.py
[2023-07-02T08:23:18.288+0000] {logging_mixin.py:137} INFO - [2023-07-02T08:23:18.286+0000] {dag.py:2690} INFO - Sync 1 DAGs
[2023-07-02T08:23:18.325+0000] {logging_mixin.py:137} INFO - [2023-07-02T08:23:18.325+0000] {dag.py:3441} INFO - Setting next_dagrun for example_branch_labels to 2023-07-01T00:00:00+00:00, run_after=2023-07-02T00:00:00+00:00
[2023-07-02T08:23:18.352+0000] {processor.py:175} INFO - Processing /home/airflow/.local/lib/python3.7/site-packages/airflow/example_dags/example_branch_labels.py took 0.156 seconds
[2023-07-02T09:44:46.841+0000] {processor.py:153} INFO - Started process (PID=797) to work on /home/airflow/.local/lib/python3.7/site-packages/airflow/example_dags/example_branch_labels.py
[2023-07-02T09:44:46.856+0000] {processor.py:743} INFO - Processing file /home/airflow/.local/lib/python3.7/site-packages/airflow/example_dags/example_branch_labels.py for tasks to queue
[2023-07-02T09:44:46.866+0000] {logging_mixin.py:137} INFO - [2023-07-02T09:44:46.866+0000] {dagbag.py:538} INFO - Filling up the DagBag from /home/airflow/.local/lib/python3.7/site-packages/airflow/example_dags/example_branch_labels.py
[2023-07-02T09:44:47.333+0000] {processor.py:753} INFO - DAG(s) dict_keys(['example_branch_labels']) retrieved from /home/airflow/.local/lib/python3.7/site-packages/airflow/example_dags/example_branch_labels.py
[2023-07-02T09:44:48.045+0000] {logging_mixin.py:137} INFO - [2023-07-02T09:44:48.044+0000] {dag.py:2690} INFO - Sync 1 DAGs
[2023-07-02T09:44:48.704+0000] {logging_mixin.py:137} INFO - [2023-07-02T09:44:48.703+0000] {dag.py:3441} INFO - Setting next_dagrun for example_branch_labels to 2023-07-01T00:00:00+00:00, run_after=2023-07-02T00:00:00+00:00
[2023-07-02T09:44:49.053+0000] {processor.py:175} INFO - Processing /home/airflow/.local/lib/python3.7/site-packages/airflow/example_dags/example_branch_labels.py took 2.279 seconds
[2023-07-02T09:45:19.183+0000] {processor.py:153} INFO - Started process (PID=856) to work on /home/airflow/.local/lib/python3.7/site-packages/airflow/example_dags/example_branch_labels.py
[2023-07-02T09:45:19.189+0000] {processor.py:743} INFO - Processing file /home/airflow/.local/lib/python3.7/site-packages/airflow/example_dags/example_branch_labels.py for tasks to queue
[2023-07-02T09:45:19.193+0000] {logging_mixin.py:137} INFO - [2023-07-02T09:45:19.192+0000] {dagbag.py:538} INFO - Filling up the DagBag from /home/airflow/.local/lib/python3.7/site-packages/airflow/example_dags/example_branch_labels.py
[2023-07-02T09:45:19.232+0000] {processor.py:753} INFO - DAG(s) dict_keys(['example_branch_labels']) retrieved from /home/airflow/.local/lib/python3.7/site-packages/airflow/example_dags/example_branch_labels.py
[2023-07-02T09:45:19.318+0000] {logging_mixin.py:137} INFO - [2023-07-02T09:45:19.318+0000] {dag.py:2690} INFO - Sync 1 DAGs
[2023-07-02T09:45:19.389+0000] {logging_mixin.py:137} INFO - [2023-07-02T09:45:19.389+0000] {dag.py:3441} INFO - Setting next_dagrun for example_branch_labels to 2023-07-01T00:00:00+00:00, run_after=2023-07-02T00:00:00+00:00
[2023-07-02T09:45:19.432+0000] {processor.py:175} INFO - Processing /home/airflow/.local/lib/python3.7/site-packages/airflow/example_dags/example_branch_labels.py took 0.260 seconds
[2023-07-02T10:12:27.154+0000] {processor.py:153} INFO - Started process (PID=917) to work on /home/airflow/.local/lib/python3.7/site-packages/airflow/example_dags/example_branch_labels.py
[2023-07-02T10:12:27.173+0000] {processor.py:743} INFO - Processing file /home/airflow/.local/lib/python3.7/site-packages/airflow/example_dags/example_branch_labels.py for tasks to queue
[2023-07-02T10:12:27.180+0000] {logging_mixin.py:137} INFO - [2023-07-02T10:12:27.180+0000] {dagbag.py:538} INFO - Filling up the DagBag from /home/airflow/.local/lib/python3.7/site-packages/airflow/example_dags/example_branch_labels.py
[2023-07-02T10:12:27.292+0000] {processor.py:753} INFO - DAG(s) dict_keys(['example_branch_labels']) retrieved from /home/airflow/.local/lib/python3.7/site-packages/airflow/example_dags/example_branch_labels.py
[2023-07-02T10:12:27.494+0000] {logging_mixin.py:137} INFO - [2023-07-02T10:12:27.494+0000] {dag.py:2690} INFO - Sync 1 DAGs
[2023-07-02T10:12:27.613+0000] {logging_mixin.py:137} INFO - [2023-07-02T10:12:27.613+0000] {dag.py:3441} INFO - Setting next_dagrun for example_branch_labels to 2023-07-01T00:00:00+00:00, run_after=2023-07-02T00:00:00+00:00
[2023-07-02T10:12:27.696+0000] {processor.py:175} INFO - Processing /home/airflow/.local/lib/python3.7/site-packages/airflow/example_dags/example_branch_labels.py took 0.564 seconds
[2023-07-02T10:13:03.539+0000] {processor.py:153} INFO - Started process (PID=977) to work on /home/airflow/.local/lib/python3.7/site-packages/airflow/example_dags/example_branch_labels.py
[2023-07-02T10:13:03.576+0000] {processor.py:743} INFO - Processing file /home/airflow/.local/lib/python3.7/site-packages/airflow/example_dags/example_branch_labels.py for tasks to queue
[2023-07-02T10:13:03.586+0000] {logging_mixin.py:137} INFO - [2023-07-02T10:13:03.586+0000] {dagbag.py:538} INFO - Filling up the DagBag from /home/airflow/.local/lib/python3.7/site-packages/airflow/example_dags/example_branch_labels.py
[2023-07-02T10:13:03.816+0000] {processor.py:753} INFO - DAG(s) dict_keys(['example_branch_labels']) retrieved from /home/airflow/.local/lib/python3.7/site-packages/airflow/example_dags/example_branch_labels.py
[2023-07-02T10:13:04.134+0000] {logging_mixin.py:137} INFO - [2023-07-02T10:13:04.134+0000] {dag.py:2690} INFO - Sync 1 DAGs
[2023-07-02T10:13:04.315+0000] {logging_mixin.py:137} INFO - [2023-07-02T10:13:04.314+0000] {dag.py:3441} INFO - Setting next_dagrun for example_branch_labels to 2023-07-01T00:00:00+00:00, run_after=2023-07-02T00:00:00+00:00
[2023-07-02T10:13:04.609+0000] {processor.py:175} INFO - Processing /home/airflow/.local/lib/python3.7/site-packages/airflow/example_dags/example_branch_labels.py took 1.167 seconds
[2023-07-02T10:13:36.895+0000] {processor.py:153} INFO - Started process (PID=1035) to work on /home/airflow/.local/lib/python3.7/site-packages/airflow/example_dags/example_branch_labels.py
[2023-07-02T10:13:36.906+0000] {processor.py:743} INFO - Processing file /home/airflow/.local/lib/python3.7/site-packages/airflow/example_dags/example_branch_labels.py for tasks to queue
[2023-07-02T10:13:36.920+0000] {logging_mixin.py:137} INFO - [2023-07-02T10:13:36.918+0000] {dagbag.py:538} INFO - Filling up the DagBag from /home/airflow/.local/lib/python3.7/site-packages/airflow/example_dags/example_branch_labels.py
[2023-07-02T10:13:37.181+0000] {processor.py:753} INFO - DAG(s) dict_keys(['example_branch_labels']) retrieved from /home/airflow/.local/lib/python3.7/site-packages/airflow/example_dags/example_branch_labels.py
[2023-07-02T10:13:37.313+0000] {logging_mixin.py:137} INFO - [2023-07-02T10:13:37.312+0000] {dag.py:2690} INFO - Sync 1 DAGs
[2023-07-02T10:13:37.416+0000] {logging_mixin.py:137} INFO - [2023-07-02T10:13:37.416+0000] {dag.py:3441} INFO - Setting next_dagrun for example_branch_labels to 2023-07-01T00:00:00+00:00, run_after=2023-07-02T00:00:00+00:00
[2023-07-02T10:13:37.478+0000] {processor.py:175} INFO - Processing /home/airflow/.local/lib/python3.7/site-packages/airflow/example_dags/example_branch_labels.py took 0.623 seconds
[2023-07-02T10:34:47.140+0000] {processor.py:153} INFO - Started process (PID=1101) to work on /home/airflow/.local/lib/python3.7/site-packages/airflow/example_dags/example_branch_labels.py
[2023-07-02T10:34:47.147+0000] {processor.py:743} INFO - Processing file /home/airflow/.local/lib/python3.7/site-packages/airflow/example_dags/example_branch_labels.py for tasks to queue
[2023-07-02T10:34:47.155+0000] {logging_mixin.py:137} INFO - [2023-07-02T10:34:47.154+0000] {dagbag.py:538} INFO - Filling up the DagBag from /home/airflow/.local/lib/python3.7/site-packages/airflow/example_dags/example_branch_labels.py
[2023-07-02T10:34:47.207+0000] {processor.py:753} INFO - DAG(s) dict_keys(['example_branch_labels']) retrieved from /home/airflow/.local/lib/python3.7/site-packages/airflow/example_dags/example_branch_labels.py
[2023-07-02T10:34:47.379+0000] {logging_mixin.py:137} INFO - [2023-07-02T10:34:47.379+0000] {dag.py:2690} INFO - Sync 1 DAGs
[2023-07-02T10:34:47.489+0000] {logging_mixin.py:137} INFO - [2023-07-02T10:34:47.489+0000] {dag.py:3441} INFO - Setting next_dagrun for example_branch_labels to 2023-07-01T00:00:00+00:00, run_after=2023-07-02T00:00:00+00:00
[2023-07-02T10:34:47.581+0000] {processor.py:175} INFO - Processing /home/airflow/.local/lib/python3.7/site-packages/airflow/example_dags/example_branch_labels.py took 0.457 seconds
[2023-07-02T12:07:33.752+0000] {processor.py:153} INFO - Started process (PID=1197) to work on /home/airflow/.local/lib/python3.7/site-packages/airflow/example_dags/example_branch_labels.py
[2023-07-02T12:07:33.764+0000] {processor.py:743} INFO - Processing file /home/airflow/.local/lib/python3.7/site-packages/airflow/example_dags/example_branch_labels.py for tasks to queue
[2023-07-02T12:07:33.769+0000] {logging_mixin.py:137} INFO - [2023-07-02T12:07:33.768+0000] {dagbag.py:538} INFO - Filling up the DagBag from /home/airflow/.local/lib/python3.7/site-packages/airflow/example_dags/example_branch_labels.py
[2023-07-02T12:07:33.939+0000] {processor.py:753} INFO - DAG(s) dict_keys(['example_branch_labels']) retrieved from /home/airflow/.local/lib/python3.7/site-packages/airflow/example_dags/example_branch_labels.py
[2023-07-02T12:07:34.220+0000] {logging_mixin.py:137} INFO - [2023-07-02T12:07:34.219+0000] {dag.py:2690} INFO - Sync 1 DAGs
[2023-07-02T12:07:34.390+0000] {logging_mixin.py:137} INFO - [2023-07-02T12:07:34.390+0000] {dag.py:3441} INFO - Setting next_dagrun for example_branch_labels to 2023-07-01T00:00:00+00:00, run_after=2023-07-02T00:00:00+00:00
[2023-07-02T12:07:34.567+0000] {processor.py:175} INFO - Processing /home/airflow/.local/lib/python3.7/site-packages/airflow/example_dags/example_branch_labels.py took 0.828 seconds
[2023-07-02T12:08:05.193+0000] {processor.py:153} INFO - Started process (PID=1257) to work on /home/airflow/.local/lib/python3.7/site-packages/airflow/example_dags/example_branch_labels.py
[2023-07-02T12:08:05.197+0000] {processor.py:743} INFO - Processing file /home/airflow/.local/lib/python3.7/site-packages/airflow/example_dags/example_branch_labels.py for tasks to queue
[2023-07-02T12:08:05.199+0000] {logging_mixin.py:137} INFO - [2023-07-02T12:08:05.199+0000] {dagbag.py:538} INFO - Filling up the DagBag from /home/airflow/.local/lib/python3.7/site-packages/airflow/example_dags/example_branch_labels.py
[2023-07-02T12:08:05.240+0000] {processor.py:753} INFO - DAG(s) dict_keys(['example_branch_labels']) retrieved from /home/airflow/.local/lib/python3.7/site-packages/airflow/example_dags/example_branch_labels.py
[2023-07-02T12:08:05.310+0000] {logging_mixin.py:137} INFO - [2023-07-02T12:08:05.310+0000] {dag.py:2690} INFO - Sync 1 DAGs
[2023-07-02T12:08:05.383+0000] {logging_mixin.py:137} INFO - [2023-07-02T12:08:05.382+0000] {dag.py:3441} INFO - Setting next_dagrun for example_branch_labels to 2023-07-01T00:00:00+00:00, run_after=2023-07-02T00:00:00+00:00
[2023-07-02T12:08:05.452+0000] {processor.py:175} INFO - Processing /home/airflow/.local/lib/python3.7/site-packages/airflow/example_dags/example_branch_labels.py took 0.263 seconds
[2023-07-02T12:08:35.582+0000] {processor.py:153} INFO - Started process (PID=1315) to work on /home/airflow/.local/lib/python3.7/site-packages/airflow/example_dags/example_branch_labels.py
[2023-07-02T12:08:35.586+0000] {processor.py:743} INFO - Processing file /home/airflow/.local/lib/python3.7/site-packages/airflow/example_dags/example_branch_labels.py for tasks to queue
[2023-07-02T12:08:35.589+0000] {logging_mixin.py:137} INFO - [2023-07-02T12:08:35.589+0000] {dagbag.py:538} INFO - Filling up the DagBag from /home/airflow/.local/lib/python3.7/site-packages/airflow/example_dags/example_branch_labels.py
[2023-07-02T12:08:35.621+0000] {processor.py:753} INFO - DAG(s) dict_keys(['example_branch_labels']) retrieved from /home/airflow/.local/lib/python3.7/site-packages/airflow/example_dags/example_branch_labels.py
[2023-07-02T12:08:35.666+0000] {logging_mixin.py:137} INFO - [2023-07-02T12:08:35.666+0000] {dag.py:2690} INFO - Sync 1 DAGs
[2023-07-02T12:08:35.702+0000] {logging_mixin.py:137} INFO - [2023-07-02T12:08:35.702+0000] {dag.py:3441} INFO - Setting next_dagrun for example_branch_labels to 2023-07-01T00:00:00+00:00, run_after=2023-07-02T00:00:00+00:00
[2023-07-02T12:08:35.734+0000] {processor.py:175} INFO - Processing /home/airflow/.local/lib/python3.7/site-packages/airflow/example_dags/example_branch_labels.py took 0.163 seconds
[2023-07-02T12:09:06.159+0000] {processor.py:153} INFO - Started process (PID=1373) to work on /home/airflow/.local/lib/python3.7/site-packages/airflow/example_dags/example_branch_labels.py
[2023-07-02T12:09:06.162+0000] {processor.py:743} INFO - Processing file /home/airflow/.local/lib/python3.7/site-packages/airflow/example_dags/example_branch_labels.py for tasks to queue
[2023-07-02T12:09:06.165+0000] {logging_mixin.py:137} INFO - [2023-07-02T12:09:06.165+0000] {dagbag.py:538} INFO - Filling up the DagBag from /home/airflow/.local/lib/python3.7/site-packages/airflow/example_dags/example_branch_labels.py
[2023-07-02T12:09:06.202+0000] {processor.py:753} INFO - DAG(s) dict_keys(['example_branch_labels']) retrieved from /home/airflow/.local/lib/python3.7/site-packages/airflow/example_dags/example_branch_labels.py
[2023-07-02T12:09:06.243+0000] {logging_mixin.py:137} INFO - [2023-07-02T12:09:06.243+0000] {dag.py:2690} INFO - Sync 1 DAGs
[2023-07-02T12:09:06.281+0000] {logging_mixin.py:137} INFO - [2023-07-02T12:09:06.280+0000] {dag.py:3441} INFO - Setting next_dagrun for example_branch_labels to 2023-07-01T00:00:00+00:00, run_after=2023-07-02T00:00:00+00:00
[2023-07-02T12:09:06.331+0000] {processor.py:175} INFO - Processing /home/airflow/.local/lib/python3.7/site-packages/airflow/example_dags/example_branch_labels.py took 0.181 seconds
[2023-07-02T12:09:36.670+0000] {processor.py:153} INFO - Started process (PID=1431) to work on /home/airflow/.local/lib/python3.7/site-packages/airflow/example_dags/example_branch_labels.py
[2023-07-02T12:09:36.673+0000] {processor.py:743} INFO - Processing file /home/airflow/.local/lib/python3.7/site-packages/airflow/example_dags/example_branch_labels.py for tasks to queue
[2023-07-02T12:09:36.678+0000] {logging_mixin.py:137} INFO - [2023-07-02T12:09:36.677+0000] {dagbag.py:538} INFO - Filling up the DagBag from /home/airflow/.local/lib/python3.7/site-packages/airflow/example_dags/example_branch_labels.py
[2023-07-02T12:09:36.708+0000] {processor.py:753} INFO - DAG(s) dict_keys(['example_branch_labels']) retrieved from /home/airflow/.local/lib/python3.7/site-packages/airflow/example_dags/example_branch_labels.py
[2023-07-02T12:09:36.756+0000] {logging_mixin.py:137} INFO - [2023-07-02T12:09:36.756+0000] {dag.py:2690} INFO - Sync 1 DAGs
[2023-07-02T12:09:36.795+0000] {logging_mixin.py:137} INFO - [2023-07-02T12:09:36.795+0000] {dag.py:3441} INFO - Setting next_dagrun for example_branch_labels to 2023-07-01T00:00:00+00:00, run_after=2023-07-02T00:00:00+00:00
[2023-07-02T12:09:36.829+0000] {processor.py:175} INFO - Processing /home/airflow/.local/lib/python3.7/site-packages/airflow/example_dags/example_branch_labels.py took 0.163 seconds
[2023-07-02T12:10:07.034+0000] {processor.py:153} INFO - Started process (PID=1488) to work on /home/airflow/.local/lib/python3.7/site-packages/airflow/example_dags/example_branch_labels.py
[2023-07-02T12:10:07.037+0000] {processor.py:743} INFO - Processing file /home/airflow/.local/lib/python3.7/site-packages/airflow/example_dags/example_branch_labels.py for tasks to queue
[2023-07-02T12:10:07.039+0000] {logging_mixin.py:137} INFO - [2023-07-02T12:10:07.039+0000] {dagbag.py:538} INFO - Filling up the DagBag from /home/airflow/.local/lib/python3.7/site-packages/airflow/example_dags/example_branch_labels.py
[2023-07-02T12:10:07.085+0000] {processor.py:753} INFO - DAG(s) dict_keys(['example_branch_labels']) retrieved from /home/airflow/.local/lib/python3.7/site-packages/airflow/example_dags/example_branch_labels.py
[2023-07-02T12:10:07.165+0000] {logging_mixin.py:137} INFO - [2023-07-02T12:10:07.165+0000] {dag.py:2690} INFO - Sync 1 DAGs
[2023-07-02T12:10:07.243+0000] {logging_mixin.py:137} INFO - [2023-07-02T12:10:07.243+0000] {dag.py:3441} INFO - Setting next_dagrun for example_branch_labels to 2023-07-01T00:00:00+00:00, run_after=2023-07-02T00:00:00+00:00
[2023-07-02T12:10:07.296+0000] {processor.py:175} INFO - Processing /home/airflow/.local/lib/python3.7/site-packages/airflow/example_dags/example_branch_labels.py took 0.282 seconds
[2023-07-02T12:18:32.829+0000] {processor.py:153} INFO - Started process (PID=1559) to work on /home/airflow/.local/lib/python3.7/site-packages/airflow/example_dags/example_branch_labels.py
[2023-07-02T12:18:32.832+0000] {processor.py:743} INFO - Processing file /home/airflow/.local/lib/python3.7/site-packages/airflow/example_dags/example_branch_labels.py for tasks to queue
[2023-07-02T12:18:32.836+0000] {logging_mixin.py:137} INFO - [2023-07-02T12:18:32.836+0000] {dagbag.py:538} INFO - Filling up the DagBag from /home/airflow/.local/lib/python3.7/site-packages/airflow/example_dags/example_branch_labels.py
[2023-07-02T12:18:32.869+0000] {processor.py:753} INFO - DAG(s) dict_keys(['example_branch_labels']) retrieved from /home/airflow/.local/lib/python3.7/site-packages/airflow/example_dags/example_branch_labels.py
[2023-07-02T12:18:32.915+0000] {logging_mixin.py:137} INFO - [2023-07-02T12:18:32.915+0000] {dag.py:2690} INFO - Sync 1 DAGs
[2023-07-02T12:18:32.951+0000] {logging_mixin.py:137} INFO - [2023-07-02T12:18:32.951+0000] {dag.py:3441} INFO - Setting next_dagrun for example_branch_labels to 2023-07-01T00:00:00+00:00, run_after=2023-07-02T00:00:00+00:00
[2023-07-02T12:18:33.001+0000] {processor.py:175} INFO - Processing /home/airflow/.local/lib/python3.7/site-packages/airflow/example_dags/example_branch_labels.py took 0.182 seconds
[2023-07-02T12:48:23.983+0000] {processor.py:153} INFO - Started process (PID=1598) to work on /home/airflow/.local/lib/python3.7/site-packages/airflow/example_dags/example_branch_labels.py
[2023-07-02T12:48:23.986+0000] {processor.py:743} INFO - Processing file /home/airflow/.local/lib/python3.7/site-packages/airflow/example_dags/example_branch_labels.py for tasks to queue
[2023-07-02T12:48:23.990+0000] {logging_mixin.py:137} INFO - [2023-07-02T12:48:23.990+0000] {dagbag.py:538} INFO - Filling up the DagBag from /home/airflow/.local/lib/python3.7/site-packages/airflow/example_dags/example_branch_labels.py
[2023-07-02T12:48:24.019+0000] {processor.py:753} INFO - DAG(s) dict_keys(['example_branch_labels']) retrieved from /home/airflow/.local/lib/python3.7/site-packages/airflow/example_dags/example_branch_labels.py
[2023-07-02T12:48:24.075+0000] {logging_mixin.py:137} INFO - [2023-07-02T12:48:24.075+0000] {dag.py:2690} INFO - Sync 1 DAGs
[2023-07-02T12:48:24.127+0000] {logging_mixin.py:137} INFO - [2023-07-02T12:48:24.126+0000] {dag.py:3441} INFO - Setting next_dagrun for example_branch_labels to 2023-07-01T00:00:00+00:00, run_after=2023-07-02T00:00:00+00:00
[2023-07-02T12:48:24.162+0000] {processor.py:175} INFO - Processing /home/airflow/.local/lib/python3.7/site-packages/airflow/example_dags/example_branch_labels.py took 0.187 seconds
[2023-07-02T13:55:38.336+0000] {processor.py:153} INFO - Started process (PID=1645) to work on /home/airflow/.local/lib/python3.7/site-packages/airflow/example_dags/example_branch_labels.py
[2023-07-02T13:55:38.347+0000] {processor.py:743} INFO - Processing file /home/airflow/.local/lib/python3.7/site-packages/airflow/example_dags/example_branch_labels.py for tasks to queue
[2023-07-02T13:55:38.357+0000] {logging_mixin.py:137} INFO - [2023-07-02T13:55:38.357+0000] {dagbag.py:538} INFO - Filling up the DagBag from /home/airflow/.local/lib/python3.7/site-packages/airflow/example_dags/example_branch_labels.py
[2023-07-02T13:55:38.558+0000] {processor.py:753} INFO - DAG(s) dict_keys(['example_branch_labels']) retrieved from /home/airflow/.local/lib/python3.7/site-packages/airflow/example_dags/example_branch_labels.py
[2023-07-02T13:55:38.809+0000] {logging_mixin.py:137} INFO - [2023-07-02T13:55:38.805+0000] {dag.py:2690} INFO - Sync 1 DAGs
[2023-07-02T13:55:39.119+0000] {logging_mixin.py:137} INFO - [2023-07-02T13:55:39.119+0000] {dag.py:3441} INFO - Setting next_dagrun for example_branch_labels to 2023-07-01T00:00:00+00:00, run_after=2023-07-02T00:00:00+00:00
[2023-07-02T13:55:39.265+0000] {processor.py:175} INFO - Processing /home/airflow/.local/lib/python3.7/site-packages/airflow/example_dags/example_branch_labels.py took 0.960 seconds
[2023-07-02T13:56:10.133+0000] {processor.py:153} INFO - Started process (PID=1705) to work on /home/airflow/.local/lib/python3.7/site-packages/airflow/example_dags/example_branch_labels.py
[2023-07-02T13:56:10.136+0000] {processor.py:743} INFO - Processing file /home/airflow/.local/lib/python3.7/site-packages/airflow/example_dags/example_branch_labels.py for tasks to queue
[2023-07-02T13:56:10.139+0000] {logging_mixin.py:137} INFO - [2023-07-02T13:56:10.138+0000] {dagbag.py:538} INFO - Filling up the DagBag from /home/airflow/.local/lib/python3.7/site-packages/airflow/example_dags/example_branch_labels.py
[2023-07-02T13:56:10.166+0000] {processor.py:753} INFO - DAG(s) dict_keys(['example_branch_labels']) retrieved from /home/airflow/.local/lib/python3.7/site-packages/airflow/example_dags/example_branch_labels.py
[2023-07-02T13:56:10.205+0000] {logging_mixin.py:137} INFO - [2023-07-02T13:56:10.205+0000] {dag.py:2690} INFO - Sync 1 DAGs
[2023-07-02T13:56:10.236+0000] {logging_mixin.py:137} INFO - [2023-07-02T13:56:10.236+0000] {dag.py:3441} INFO - Setting next_dagrun for example_branch_labels to 2023-07-01T00:00:00+00:00, run_after=2023-07-02T00:00:00+00:00
[2023-07-02T13:56:10.262+0000] {processor.py:175} INFO - Processing /home/airflow/.local/lib/python3.7/site-packages/airflow/example_dags/example_branch_labels.py took 0.143 seconds
[2023-07-02T13:56:40.623+0000] {processor.py:153} INFO - Started process (PID=1773) to work on /home/airflow/.local/lib/python3.7/site-packages/airflow/example_dags/example_branch_labels.py
[2023-07-02T13:56:40.627+0000] {processor.py:743} INFO - Processing file /home/airflow/.local/lib/python3.7/site-packages/airflow/example_dags/example_branch_labels.py for tasks to queue
[2023-07-02T13:56:40.634+0000] {logging_mixin.py:137} INFO - [2023-07-02T13:56:40.633+0000] {dagbag.py:538} INFO - Filling up the DagBag from /home/airflow/.local/lib/python3.7/site-packages/airflow/example_dags/example_branch_labels.py
[2023-07-02T13:56:40.680+0000] {processor.py:753} INFO - DAG(s) dict_keys(['example_branch_labels']) retrieved from /home/airflow/.local/lib/python3.7/site-packages/airflow/example_dags/example_branch_labels.py
[2023-07-02T13:56:40.757+0000] {logging_mixin.py:137} INFO - [2023-07-02T13:56:40.757+0000] {dag.py:2690} INFO - Sync 1 DAGs
[2023-07-02T13:56:40.819+0000] {logging_mixin.py:137} INFO - [2023-07-02T13:56:40.819+0000] {dag.py:3441} INFO - Setting next_dagrun for example_branch_labels to 2023-07-01T00:00:00+00:00, run_after=2023-07-02T00:00:00+00:00
[2023-07-02T13:56:40.867+0000] {processor.py:175} INFO - Processing /home/airflow/.local/lib/python3.7/site-packages/airflow/example_dags/example_branch_labels.py took 0.251 seconds
[2023-07-02T13:57:11.380+0000] {processor.py:153} INFO - Started process (PID=1835) to work on /home/airflow/.local/lib/python3.7/site-packages/airflow/example_dags/example_branch_labels.py
[2023-07-02T13:57:11.382+0000] {processor.py:743} INFO - Processing file /home/airflow/.local/lib/python3.7/site-packages/airflow/example_dags/example_branch_labels.py for tasks to queue
[2023-07-02T13:57:11.385+0000] {logging_mixin.py:137} INFO - [2023-07-02T13:57:11.385+0000] {dagbag.py:538} INFO - Filling up the DagBag from /home/airflow/.local/lib/python3.7/site-packages/airflow/example_dags/example_branch_labels.py
[2023-07-02T13:57:11.413+0000] {processor.py:753} INFO - DAG(s) dict_keys(['example_branch_labels']) retrieved from /home/airflow/.local/lib/python3.7/site-packages/airflow/example_dags/example_branch_labels.py
[2023-07-02T13:57:11.461+0000] {logging_mixin.py:137} INFO - [2023-07-02T13:57:11.461+0000] {dag.py:2690} INFO - Sync 1 DAGs
[2023-07-02T13:57:11.534+0000] {logging_mixin.py:137} INFO - [2023-07-02T13:57:11.534+0000] {dag.py:3441} INFO - Setting next_dagrun for example_branch_labels to 2023-07-01T00:00:00+00:00, run_after=2023-07-02T00:00:00+00:00
[2023-07-02T13:57:11.584+0000] {processor.py:175} INFO - Processing /home/airflow/.local/lib/python3.7/site-packages/airflow/example_dags/example_branch_labels.py took 0.209 seconds
[2023-07-02T14:07:21.515+0000] {processor.py:153} INFO - Started process (PID=1934) to work on /home/airflow/.local/lib/python3.7/site-packages/airflow/example_dags/example_branch_labels.py
[2023-07-02T14:07:21.518+0000] {processor.py:743} INFO - Processing file /home/airflow/.local/lib/python3.7/site-packages/airflow/example_dags/example_branch_labels.py for tasks to queue
[2023-07-02T14:07:21.521+0000] {logging_mixin.py:137} INFO - [2023-07-02T14:07:21.520+0000] {dagbag.py:538} INFO - Filling up the DagBag from /home/airflow/.local/lib/python3.7/site-packages/airflow/example_dags/example_branch_labels.py
[2023-07-02T14:07:21.548+0000] {processor.py:753} INFO - DAG(s) dict_keys(['example_branch_labels']) retrieved from /home/airflow/.local/lib/python3.7/site-packages/airflow/example_dags/example_branch_labels.py
[2023-07-02T14:07:21.586+0000] {logging_mixin.py:137} INFO - [2023-07-02T14:07:21.586+0000] {dag.py:2690} INFO - Sync 1 DAGs
[2023-07-02T14:07:21.626+0000] {logging_mixin.py:137} INFO - [2023-07-02T14:07:21.626+0000] {dag.py:3441} INFO - Setting next_dagrun for example_branch_labels to 2023-07-01T00:00:00+00:00, run_after=2023-07-02T00:00:00+00:00
[2023-07-02T14:07:21.690+0000] {processor.py:175} INFO - Processing /home/airflow/.local/lib/python3.7/site-packages/airflow/example_dags/example_branch_labels.py took 0.182 seconds
[2023-07-02T15:57:42.780+0000] {processor.py:153} INFO - Started process (PID=1983) to work on /home/airflow/.local/lib/python3.7/site-packages/airflow/example_dags/example_branch_labels.py
[2023-07-02T15:57:42.782+0000] {processor.py:743} INFO - Processing file /home/airflow/.local/lib/python3.7/site-packages/airflow/example_dags/example_branch_labels.py for tasks to queue
[2023-07-02T15:57:42.786+0000] {logging_mixin.py:137} INFO - [2023-07-02T15:57:42.785+0000] {dagbag.py:538} INFO - Filling up the DagBag from /home/airflow/.local/lib/python3.7/site-packages/airflow/example_dags/example_branch_labels.py
[2023-07-02T15:57:42.809+0000] {processor.py:753} INFO - DAG(s) dict_keys(['example_branch_labels']) retrieved from /home/airflow/.local/lib/python3.7/site-packages/airflow/example_dags/example_branch_labels.py
[2023-07-02T15:57:42.852+0000] {logging_mixin.py:137} INFO - [2023-07-02T15:57:42.852+0000] {dag.py:2690} INFO - Sync 1 DAGs
[2023-07-02T15:57:42.894+0000] {logging_mixin.py:137} INFO - [2023-07-02T15:57:42.894+0000] {dag.py:3441} INFO - Setting next_dagrun for example_branch_labels to 2023-07-01T00:00:00+00:00, run_after=2023-07-02T00:00:00+00:00
[2023-07-02T15:57:42.924+0000] {processor.py:175} INFO - Processing /home/airflow/.local/lib/python3.7/site-packages/airflow/example_dags/example_branch_labels.py took 0.150 seconds
[2023-07-02T17:58:06.104+0000] {processor.py:153} INFO - Started process (PID=2042) to work on /home/airflow/.local/lib/python3.7/site-packages/airflow/example_dags/example_branch_labels.py
[2023-07-02T17:58:06.110+0000] {processor.py:743} INFO - Processing file /home/airflow/.local/lib/python3.7/site-packages/airflow/example_dags/example_branch_labels.py for tasks to queue
[2023-07-02T17:58:06.114+0000] {logging_mixin.py:137} INFO - [2023-07-02T17:58:06.114+0000] {dagbag.py:538} INFO - Filling up the DagBag from /home/airflow/.local/lib/python3.7/site-packages/airflow/example_dags/example_branch_labels.py
[2023-07-02T17:58:06.136+0000] {processor.py:753} INFO - DAG(s) dict_keys(['example_branch_labels']) retrieved from /home/airflow/.local/lib/python3.7/site-packages/airflow/example_dags/example_branch_labels.py
[2023-07-02T17:58:06.193+0000] {logging_mixin.py:137} INFO - [2023-07-02T17:58:06.193+0000] {dag.py:2690} INFO - Sync 1 DAGs
[2023-07-02T17:58:06.251+0000] {logging_mixin.py:137} INFO - [2023-07-02T17:58:06.251+0000] {dag.py:3441} INFO - Setting next_dagrun for example_branch_labels to 2023-07-01T00:00:00+00:00, run_after=2023-07-02T00:00:00+00:00
[2023-07-02T17:58:06.285+0000] {processor.py:175} INFO - Processing /home/airflow/.local/lib/python3.7/site-packages/airflow/example_dags/example_branch_labels.py took 0.185 seconds
[2023-07-02T18:10:31.053+0000] {processor.py:153} INFO - Started process (PID=2101) to work on /home/airflow/.local/lib/python3.7/site-packages/airflow/example_dags/example_branch_labels.py
[2023-07-02T18:10:31.062+0000] {processor.py:743} INFO - Processing file /home/airflow/.local/lib/python3.7/site-packages/airflow/example_dags/example_branch_labels.py for tasks to queue
[2023-07-02T18:10:31.076+0000] {logging_mixin.py:137} INFO - [2023-07-02T18:10:31.073+0000] {dagbag.py:538} INFO - Filling up the DagBag from /home/airflow/.local/lib/python3.7/site-packages/airflow/example_dags/example_branch_labels.py
[2023-07-02T18:10:31.259+0000] {processor.py:753} INFO - DAG(s) dict_keys(['example_branch_labels']) retrieved from /home/airflow/.local/lib/python3.7/site-packages/airflow/example_dags/example_branch_labels.py
[2023-07-02T18:10:31.349+0000] {logging_mixin.py:137} INFO - [2023-07-02T18:10:31.349+0000] {dag.py:2690} INFO - Sync 1 DAGs
[2023-07-02T18:10:31.496+0000] {logging_mixin.py:137} INFO - [2023-07-02T18:10:31.496+0000] {dag.py:3441} INFO - Setting next_dagrun for example_branch_labels to 2023-07-01T00:00:00+00:00, run_after=2023-07-02T00:00:00+00:00
[2023-07-02T18:10:31.615+0000] {processor.py:175} INFO - Processing /home/airflow/.local/lib/python3.7/site-packages/airflow/example_dags/example_branch_labels.py took 0.602 seconds
[2023-07-02T20:10:45.924+0000] {processor.py:153} INFO - Started process (PID=2150) to work on /home/airflow/.local/lib/python3.7/site-packages/airflow/example_dags/example_branch_labels.py
[2023-07-02T20:10:45.927+0000] {processor.py:743} INFO - Processing file /home/airflow/.local/lib/python3.7/site-packages/airflow/example_dags/example_branch_labels.py for tasks to queue
[2023-07-02T20:10:45.935+0000] {logging_mixin.py:137} INFO - [2023-07-02T20:10:45.935+0000] {dagbag.py:538} INFO - Filling up the DagBag from /home/airflow/.local/lib/python3.7/site-packages/airflow/example_dags/example_branch_labels.py
[2023-07-02T20:10:46.006+0000] {processor.py:753} INFO - DAG(s) dict_keys(['example_branch_labels']) retrieved from /home/airflow/.local/lib/python3.7/site-packages/airflow/example_dags/example_branch_labels.py
[2023-07-02T20:10:46.104+0000] {logging_mixin.py:137} INFO - [2023-07-02T20:10:46.103+0000] {dag.py:2690} INFO - Sync 1 DAGs
[2023-07-02T20:10:46.176+0000] {logging_mixin.py:137} INFO - [2023-07-02T20:10:46.175+0000] {dag.py:3441} INFO - Setting next_dagrun for example_branch_labels to 2023-07-01T00:00:00+00:00, run_after=2023-07-02T00:00:00+00:00
[2023-07-02T20:10:46.280+0000] {processor.py:175} INFO - Processing /home/airflow/.local/lib/python3.7/site-packages/airflow/example_dags/example_branch_labels.py took 0.369 seconds
[2023-07-02T22:11:10.921+0000] {processor.py:153} INFO - Started process (PID=2208) to work on /home/airflow/.local/lib/python3.7/site-packages/airflow/example_dags/example_branch_labels.py
[2023-07-02T22:11:10.925+0000] {processor.py:743} INFO - Processing file /home/airflow/.local/lib/python3.7/site-packages/airflow/example_dags/example_branch_labels.py for tasks to queue
[2023-07-02T22:11:10.928+0000] {logging_mixin.py:137} INFO - [2023-07-02T22:11:10.928+0000] {dagbag.py:538} INFO - Filling up the DagBag from /home/airflow/.local/lib/python3.7/site-packages/airflow/example_dags/example_branch_labels.py
[2023-07-02T22:11:10.955+0000] {processor.py:753} INFO - DAG(s) dict_keys(['example_branch_labels']) retrieved from /home/airflow/.local/lib/python3.7/site-packages/airflow/example_dags/example_branch_labels.py
[2023-07-02T22:11:11.004+0000] {logging_mixin.py:137} INFO - [2023-07-02T22:11:11.004+0000] {dag.py:2690} INFO - Sync 1 DAGs
[2023-07-02T22:11:11.044+0000] {logging_mixin.py:137} INFO - [2023-07-02T22:11:11.043+0000] {dag.py:3441} INFO - Setting next_dagrun for example_branch_labels to 2023-07-01T00:00:00+00:00, run_after=2023-07-02T00:00:00+00:00
[2023-07-02T22:11:11.085+0000] {processor.py:175} INFO - Processing /home/airflow/.local/lib/python3.7/site-packages/airflow/example_dags/example_branch_labels.py took 0.172 seconds
[2023-07-02T22:49:08.854+0000] {processor.py:153} INFO - Started process (PID=2271) to work on /home/airflow/.local/lib/python3.7/site-packages/airflow/example_dags/example_branch_labels.py
[2023-07-02T22:49:08.860+0000] {processor.py:743} INFO - Processing file /home/airflow/.local/lib/python3.7/site-packages/airflow/example_dags/example_branch_labels.py for tasks to queue
[2023-07-02T22:49:08.883+0000] {logging_mixin.py:137} INFO - [2023-07-02T22:49:08.879+0000] {dagbag.py:538} INFO - Filling up the DagBag from /home/airflow/.local/lib/python3.7/site-packages/airflow/example_dags/example_branch_labels.py
[2023-07-02T22:49:08.986+0000] {processor.py:753} INFO - DAG(s) dict_keys(['example_branch_labels']) retrieved from /home/airflow/.local/lib/python3.7/site-packages/airflow/example_dags/example_branch_labels.py
[2023-07-02T22:49:09.400+0000] {logging_mixin.py:137} INFO - [2023-07-02T22:49:09.400+0000] {dag.py:2690} INFO - Sync 1 DAGs
[2023-07-02T22:49:09.630+0000] {logging_mixin.py:137} INFO - [2023-07-02T22:49:09.630+0000] {dag.py:3441} INFO - Setting next_dagrun for example_branch_labels to 2023-07-01T00:00:00+00:00, run_after=2023-07-02T00:00:00+00:00
[2023-07-02T22:49:09.800+0000] {processor.py:175} INFO - Processing /home/airflow/.local/lib/python3.7/site-packages/airflow/example_dags/example_branch_labels.py took 0.965 seconds
[2023-07-02T22:49:41.457+0000] {processor.py:153} INFO - Started process (PID=2332) to work on /home/airflow/.local/lib/python3.7/site-packages/airflow/example_dags/example_branch_labels.py
[2023-07-02T22:49:41.461+0000] {processor.py:743} INFO - Processing file /home/airflow/.local/lib/python3.7/site-packages/airflow/example_dags/example_branch_labels.py for tasks to queue
[2023-07-02T22:49:41.465+0000] {logging_mixin.py:137} INFO - [2023-07-02T22:49:41.464+0000] {dagbag.py:538} INFO - Filling up the DagBag from /home/airflow/.local/lib/python3.7/site-packages/airflow/example_dags/example_branch_labels.py
[2023-07-02T22:49:41.519+0000] {processor.py:753} INFO - DAG(s) dict_keys(['example_branch_labels']) retrieved from /home/airflow/.local/lib/python3.7/site-packages/airflow/example_dags/example_branch_labels.py
[2023-07-02T22:49:41.622+0000] {logging_mixin.py:137} INFO - [2023-07-02T22:49:41.622+0000] {dag.py:2690} INFO - Sync 1 DAGs
[2023-07-02T22:49:41.740+0000] {logging_mixin.py:137} INFO - [2023-07-02T22:49:41.740+0000] {dag.py:3441} INFO - Setting next_dagrun for example_branch_labels to 2023-07-01T00:00:00+00:00, run_after=2023-07-02T00:00:00+00:00
[2023-07-02T22:49:41.828+0000] {processor.py:175} INFO - Processing /home/airflow/.local/lib/python3.7/site-packages/airflow/example_dags/example_branch_labels.py took 0.390 seconds
[2023-07-02T22:50:12.776+0000] {processor.py:153} INFO - Started process (PID=2383) to work on /home/airflow/.local/lib/python3.7/site-packages/airflow/example_dags/example_branch_labels.py
[2023-07-02T22:50:12.789+0000] {processor.py:743} INFO - Processing file /home/airflow/.local/lib/python3.7/site-packages/airflow/example_dags/example_branch_labels.py for tasks to queue
[2023-07-02T22:50:12.833+0000] {logging_mixin.py:137} INFO - [2023-07-02T22:50:12.832+0000] {dagbag.py:538} INFO - Filling up the DagBag from /home/airflow/.local/lib/python3.7/site-packages/airflow/example_dags/example_branch_labels.py
[2023-07-02T22:50:12.968+0000] {processor.py:753} INFO - DAG(s) dict_keys(['example_branch_labels']) retrieved from /home/airflow/.local/lib/python3.7/site-packages/airflow/example_dags/example_branch_labels.py
[2023-07-02T22:50:13.051+0000] {logging_mixin.py:137} INFO - [2023-07-02T22:50:13.051+0000] {dag.py:2690} INFO - Sync 1 DAGs
[2023-07-02T22:50:13.105+0000] {logging_mixin.py:137} INFO - [2023-07-02T22:50:13.105+0000] {dag.py:3441} INFO - Setting next_dagrun for example_branch_labels to 2023-07-01T00:00:00+00:00, run_after=2023-07-02T00:00:00+00:00
[2023-07-02T22:50:13.157+0000] {processor.py:175} INFO - Processing /home/airflow/.local/lib/python3.7/site-packages/airflow/example_dags/example_branch_labels.py took 0.459 seconds
[2023-07-02T22:50:45.423+0000] {processor.py:153} INFO - Started process (PID=2451) to work on /home/airflow/.local/lib/python3.7/site-packages/airflow/example_dags/example_branch_labels.py
[2023-07-02T22:50:45.430+0000] {processor.py:743} INFO - Processing file /home/airflow/.local/lib/python3.7/site-packages/airflow/example_dags/example_branch_labels.py for tasks to queue
[2023-07-02T22:50:45.432+0000] {logging_mixin.py:137} INFO - [2023-07-02T22:50:45.432+0000] {dagbag.py:538} INFO - Filling up the DagBag from /home/airflow/.local/lib/python3.7/site-packages/airflow/example_dags/example_branch_labels.py
[2023-07-02T22:50:45.496+0000] {processor.py:753} INFO - DAG(s) dict_keys(['example_branch_labels']) retrieved from /home/airflow/.local/lib/python3.7/site-packages/airflow/example_dags/example_branch_labels.py
[2023-07-02T22:50:45.580+0000] {logging_mixin.py:137} INFO - [2023-07-02T22:50:45.580+0000] {dag.py:2690} INFO - Sync 1 DAGs
[2023-07-02T22:50:45.671+0000] {logging_mixin.py:137} INFO - [2023-07-02T22:50:45.670+0000] {dag.py:3441} INFO - Setting next_dagrun for example_branch_labels to 2023-07-01T00:00:00+00:00, run_after=2023-07-02T00:00:00+00:00
[2023-07-02T22:50:45.703+0000] {processor.py:175} INFO - Processing /home/airflow/.local/lib/python3.7/site-packages/airflow/example_dags/example_branch_labels.py took 0.289 seconds
[2023-07-02T22:55:17.798+0000] {processor.py:153} INFO - Started process (PID=2537) to work on /home/airflow/.local/lib/python3.7/site-packages/airflow/example_dags/example_branch_labels.py
[2023-07-02T22:55:17.802+0000] {processor.py:743} INFO - Processing file /home/airflow/.local/lib/python3.7/site-packages/airflow/example_dags/example_branch_labels.py for tasks to queue
[2023-07-02T22:55:17.808+0000] {logging_mixin.py:137} INFO - [2023-07-02T22:55:17.808+0000] {dagbag.py:538} INFO - Filling up the DagBag from /home/airflow/.local/lib/python3.7/site-packages/airflow/example_dags/example_branch_labels.py
[2023-07-02T22:55:17.844+0000] {processor.py:753} INFO - DAG(s) dict_keys(['example_branch_labels']) retrieved from /home/airflow/.local/lib/python3.7/site-packages/airflow/example_dags/example_branch_labels.py
[2023-07-02T22:55:17.898+0000] {logging_mixin.py:137} INFO - [2023-07-02T22:55:17.897+0000] {dag.py:2690} INFO - Sync 1 DAGs
[2023-07-02T22:55:17.948+0000] {logging_mixin.py:137} INFO - [2023-07-02T22:55:17.948+0000] {dag.py:3441} INFO - Setting next_dagrun for example_branch_labels to 2023-07-01T00:00:00+00:00, run_after=2023-07-02T00:00:00+00:00
[2023-07-02T22:55:18.007+0000] {processor.py:175} INFO - Processing /home/airflow/.local/lib/python3.7/site-packages/airflow/example_dags/example_branch_labels.py took 0.215 seconds
[2023-07-02T22:55:56.908+0000] {processor.py:153} INFO - Started process (PID=2605) to work on /home/airflow/.local/lib/python3.7/site-packages/airflow/example_dags/example_branch_labels.py
[2023-07-02T22:55:56.919+0000] {processor.py:743} INFO - Processing file /home/airflow/.local/lib/python3.7/site-packages/airflow/example_dags/example_branch_labels.py for tasks to queue
[2023-07-02T22:55:56.926+0000] {logging_mixin.py:137} INFO - [2023-07-02T22:55:56.925+0000] {dagbag.py:538} INFO - Filling up the DagBag from /home/airflow/.local/lib/python3.7/site-packages/airflow/example_dags/example_branch_labels.py
[2023-07-02T22:55:56.993+0000] {processor.py:753} INFO - DAG(s) dict_keys(['example_branch_labels']) retrieved from /home/airflow/.local/lib/python3.7/site-packages/airflow/example_dags/example_branch_labels.py
[2023-07-02T22:55:57.069+0000] {logging_mixin.py:137} INFO - [2023-07-02T22:55:57.069+0000] {dag.py:2690} INFO - Sync 1 DAGs
[2023-07-02T22:55:57.131+0000] {logging_mixin.py:137} INFO - [2023-07-02T22:55:57.131+0000] {dag.py:3441} INFO - Setting next_dagrun for example_branch_labels to 2023-07-01T00:00:00+00:00, run_after=2023-07-02T00:00:00+00:00
[2023-07-02T22:55:57.190+0000] {processor.py:175} INFO - Processing /home/airflow/.local/lib/python3.7/site-packages/airflow/example_dags/example_branch_labels.py took 0.296 seconds
[2023-07-02T22:56:27.641+0000] {processor.py:153} INFO - Started process (PID=2664) to work on /home/airflow/.local/lib/python3.7/site-packages/airflow/example_dags/example_branch_labels.py
[2023-07-02T22:56:27.644+0000] {processor.py:743} INFO - Processing file /home/airflow/.local/lib/python3.7/site-packages/airflow/example_dags/example_branch_labels.py for tasks to queue
[2023-07-02T22:56:27.647+0000] {logging_mixin.py:137} INFO - [2023-07-02T22:56:27.647+0000] {dagbag.py:538} INFO - Filling up the DagBag from /home/airflow/.local/lib/python3.7/site-packages/airflow/example_dags/example_branch_labels.py
[2023-07-02T22:56:27.673+0000] {processor.py:753} INFO - DAG(s) dict_keys(['example_branch_labels']) retrieved from /home/airflow/.local/lib/python3.7/site-packages/airflow/example_dags/example_branch_labels.py
[2023-07-02T22:56:27.719+0000] {logging_mixin.py:137} INFO - [2023-07-02T22:56:27.719+0000] {dag.py:2690} INFO - Sync 1 DAGs
[2023-07-02T23:02:24.899+0000] {logging_mixin.py:137} INFO - [2023-07-02T23:02:24.898+0000] {dag.py:3441} INFO - Setting next_dagrun for example_branch_labels to 2023-07-01T00:00:00+00:00, run_after=2023-07-02T00:00:00+00:00
[2023-07-02T23:02:56.749+0000] {processor.py:153} INFO - Started process (PID=2733) to work on /home/airflow/.local/lib/python3.7/site-packages/airflow/example_dags/example_branch_labels.py
[2023-07-02T23:02:56.751+0000] {processor.py:743} INFO - Processing file /home/airflow/.local/lib/python3.7/site-packages/airflow/example_dags/example_branch_labels.py for tasks to queue
[2023-07-02T23:02:56.754+0000] {logging_mixin.py:137} INFO - [2023-07-02T23:02:56.753+0000] {dagbag.py:538} INFO - Filling up the DagBag from /home/airflow/.local/lib/python3.7/site-packages/airflow/example_dags/example_branch_labels.py
[2023-07-02T23:02:56.776+0000] {processor.py:753} INFO - DAG(s) dict_keys(['example_branch_labels']) retrieved from /home/airflow/.local/lib/python3.7/site-packages/airflow/example_dags/example_branch_labels.py
[2023-07-02T23:02:56.827+0000] {logging_mixin.py:137} INFO - [2023-07-02T23:02:56.827+0000] {dag.py:2690} INFO - Sync 1 DAGs
[2023-07-02T23:02:56.906+0000] {logging_mixin.py:137} INFO - [2023-07-02T23:02:56.906+0000] {dag.py:3441} INFO - Setting next_dagrun for example_branch_labels to 2023-07-01T00:00:00+00:00, run_after=2023-07-02T00:00:00+00:00
[2023-07-02T23:02:56.971+0000] {processor.py:175} INFO - Processing /home/airflow/.local/lib/python3.7/site-packages/airflow/example_dags/example_branch_labels.py took 0.230 seconds
[2023-07-02T23:03:27.487+0000] {processor.py:153} INFO - Started process (PID=2783) to work on /home/airflow/.local/lib/python3.7/site-packages/airflow/example_dags/example_branch_labels.py
[2023-07-02T23:03:27.496+0000] {processor.py:743} INFO - Processing file /home/airflow/.local/lib/python3.7/site-packages/airflow/example_dags/example_branch_labels.py for tasks to queue
[2023-07-02T23:03:27.498+0000] {logging_mixin.py:137} INFO - [2023-07-02T23:03:27.498+0000] {dagbag.py:538} INFO - Filling up the DagBag from /home/airflow/.local/lib/python3.7/site-packages/airflow/example_dags/example_branch_labels.py
[2023-07-02T23:03:27.587+0000] {processor.py:753} INFO - DAG(s) dict_keys(['example_branch_labels']) retrieved from /home/airflow/.local/lib/python3.7/site-packages/airflow/example_dags/example_branch_labels.py
[2023-07-02T23:03:27.699+0000] {logging_mixin.py:137} INFO - [2023-07-02T23:03:27.691+0000] {dag.py:2690} INFO - Sync 1 DAGs
[2023-07-02T23:03:27.809+0000] {logging_mixin.py:137} INFO - [2023-07-02T23:03:27.808+0000] {dag.py:3441} INFO - Setting next_dagrun for example_branch_labels to 2023-07-01T00:00:00+00:00, run_after=2023-07-02T00:00:00+00:00
[2023-07-02T23:03:27.893+0000] {processor.py:175} INFO - Processing /home/airflow/.local/lib/python3.7/site-packages/airflow/example_dags/example_branch_labels.py took 0.411 seconds
[2023-07-02T23:04:02.371+0000] {processor.py:153} INFO - Started process (PID=2856) to work on /home/airflow/.local/lib/python3.7/site-packages/airflow/example_dags/example_branch_labels.py
[2023-07-02T23:04:02.375+0000] {processor.py:743} INFO - Processing file /home/airflow/.local/lib/python3.7/site-packages/airflow/example_dags/example_branch_labels.py for tasks to queue
[2023-07-02T23:04:02.377+0000] {logging_mixin.py:137} INFO - [2023-07-02T23:04:02.376+0000] {dagbag.py:538} INFO - Filling up the DagBag from /home/airflow/.local/lib/python3.7/site-packages/airflow/example_dags/example_branch_labels.py
[2023-07-02T23:04:02.417+0000] {processor.py:753} INFO - DAG(s) dict_keys(['example_branch_labels']) retrieved from /home/airflow/.local/lib/python3.7/site-packages/airflow/example_dags/example_branch_labels.py
[2023-07-02T23:04:02.488+0000] {logging_mixin.py:137} INFO - [2023-07-02T23:04:02.488+0000] {dag.py:2690} INFO - Sync 1 DAGs
[2023-07-02T23:04:02.534+0000] {logging_mixin.py:137} INFO - [2023-07-02T23:04:02.533+0000] {dag.py:3441} INFO - Setting next_dagrun for example_branch_labels to 2023-07-01T00:00:00+00:00, run_after=2023-07-02T00:00:00+00:00
[2023-07-02T23:04:02.594+0000] {processor.py:175} INFO - Processing /home/airflow/.local/lib/python3.7/site-packages/airflow/example_dags/example_branch_labels.py took 0.232 seconds
[2023-07-02T23:07:24.888+0000] {processor.py:153} INFO - Started process (PID=2905) to work on /home/airflow/.local/lib/python3.7/site-packages/airflow/example_dags/example_branch_labels.py
[2023-07-02T23:07:24.891+0000] {processor.py:743} INFO - Processing file /home/airflow/.local/lib/python3.7/site-packages/airflow/example_dags/example_branch_labels.py for tasks to queue
[2023-07-02T23:07:24.895+0000] {logging_mixin.py:137} INFO - [2023-07-02T23:07:24.895+0000] {dagbag.py:538} INFO - Filling up the DagBag from /home/airflow/.local/lib/python3.7/site-packages/airflow/example_dags/example_branch_labels.py
[2023-07-02T23:07:24.923+0000] {processor.py:753} INFO - DAG(s) dict_keys(['example_branch_labels']) retrieved from /home/airflow/.local/lib/python3.7/site-packages/airflow/example_dags/example_branch_labels.py
[2023-07-02T23:07:24.979+0000] {logging_mixin.py:137} INFO - [2023-07-02T23:07:24.979+0000] {dag.py:2690} INFO - Sync 1 DAGs
[2023-07-02T23:07:25.034+0000] {logging_mixin.py:137} INFO - [2023-07-02T23:07:25.034+0000] {dag.py:3441} INFO - Setting next_dagrun for example_branch_labels to 2023-07-01T00:00:00+00:00, run_after=2023-07-02T00:00:00+00:00
[2023-07-02T23:07:25.080+0000] {processor.py:175} INFO - Processing /home/airflow/.local/lib/python3.7/site-packages/airflow/example_dags/example_branch_labels.py took 0.201 seconds
[2023-07-02T23:08:23.679+0000] {processor.py:153} INFO - Started process (PID=2973) to work on /home/airflow/.local/lib/python3.7/site-packages/airflow/example_dags/example_branch_labels.py
[2023-07-02T23:08:23.684+0000] {processor.py:743} INFO - Processing file /home/airflow/.local/lib/python3.7/site-packages/airflow/example_dags/example_branch_labels.py for tasks to queue
[2023-07-02T23:08:23.686+0000] {logging_mixin.py:137} INFO - [2023-07-02T23:08:23.686+0000] {dagbag.py:538} INFO - Filling up the DagBag from /home/airflow/.local/lib/python3.7/site-packages/airflow/example_dags/example_branch_labels.py
[2023-07-02T23:08:23.721+0000] {processor.py:753} INFO - DAG(s) dict_keys(['example_branch_labels']) retrieved from /home/airflow/.local/lib/python3.7/site-packages/airflow/example_dags/example_branch_labels.py
[2023-07-02T23:08:23.815+0000] {logging_mixin.py:137} INFO - [2023-07-02T23:08:23.815+0000] {dag.py:2690} INFO - Sync 1 DAGs
[2023-07-02T23:08:23.896+0000] {logging_mixin.py:137} INFO - [2023-07-02T23:08:23.896+0000] {dag.py:3441} INFO - Setting next_dagrun for example_branch_labels to 2023-07-01T00:00:00+00:00, run_after=2023-07-02T00:00:00+00:00
[2023-07-02T23:08:23.974+0000] {processor.py:175} INFO - Processing /home/airflow/.local/lib/python3.7/site-packages/airflow/example_dags/example_branch_labels.py took 0.300 seconds
[2023-07-02T23:09:09.717+0000] {processor.py:153} INFO - Started process (PID=3045) to work on /home/airflow/.local/lib/python3.7/site-packages/airflow/example_dags/example_branch_labels.py
[2023-07-02T23:09:09.720+0000] {processor.py:743} INFO - Processing file /home/airflow/.local/lib/python3.7/site-packages/airflow/example_dags/example_branch_labels.py for tasks to queue
[2023-07-02T23:09:09.723+0000] {logging_mixin.py:137} INFO - [2023-07-02T23:09:09.723+0000] {dagbag.py:538} INFO - Filling up the DagBag from /home/airflow/.local/lib/python3.7/site-packages/airflow/example_dags/example_branch_labels.py
[2023-07-02T23:09:09.751+0000] {processor.py:753} INFO - DAG(s) dict_keys(['example_branch_labels']) retrieved from /home/airflow/.local/lib/python3.7/site-packages/airflow/example_dags/example_branch_labels.py
[2023-07-02T23:09:09.833+0000] {logging_mixin.py:137} INFO - [2023-07-02T23:09:09.833+0000] {dag.py:2690} INFO - Sync 1 DAGs
[2023-07-02T23:09:09.895+0000] {logging_mixin.py:137} INFO - [2023-07-02T23:09:09.895+0000] {dag.py:3441} INFO - Setting next_dagrun for example_branch_labels to 2023-07-01T00:00:00+00:00, run_after=2023-07-02T00:00:00+00:00
[2023-07-02T23:09:09.952+0000] {processor.py:175} INFO - Processing /home/airflow/.local/lib/python3.7/site-packages/airflow/example_dags/example_branch_labels.py took 0.243 seconds
