[2023-07-02T03:01:59.592+0000] {processor.py:153} INFO - Started process (PID=84) to work on /home/airflow/.local/lib/python3.7/site-packages/airflow/example_dags/example_short_circuit_operator.py
[2023-07-02T03:01:59.594+0000] {processor.py:743} INFO - Processing file /home/airflow/.local/lib/python3.7/site-packages/airflow/example_dags/example_short_circuit_operator.py for tasks to queue
[2023-07-02T03:01:59.599+0000] {logging_mixin.py:137} INFO - [2023-07-02T03:01:59.598+0000] {dagbag.py:538} INFO - Filling up the DagBag from /home/airflow/.local/lib/python3.7/site-packages/airflow/example_dags/example_short_circuit_operator.py
[2023-07-02T03:01:59.681+0000] {processor.py:753} INFO - DAG(s) dict_keys(['example_short_circuit_operator']) retrieved from /home/airflow/.local/lib/python3.7/site-packages/airflow/example_dags/example_short_circuit_operator.py
[2023-07-02T03:01:59.876+0000] {logging_mixin.py:137} INFO - [2023-07-02T03:01:59.876+0000] {dag.py:2690} INFO - Sync 1 DAGs
[2023-07-02T03:02:00.011+0000] {logging_mixin.py:137} INFO - [2023-07-02T03:02:00.011+0000] {dag.py:3441} INFO - Setting next_dagrun for example_short_circuit_operator to 2023-07-01T03:02:00.011092+00:00, run_after=2023-07-02T03:02:00.011092+00:00
[2023-07-02T03:02:00.124+0000] {processor.py:175} INFO - Processing /home/airflow/.local/lib/python3.7/site-packages/airflow/example_dags/example_short_circuit_operator.py took 0.558 seconds
[2023-07-02T03:02:30.412+0000] {processor.py:153} INFO - Started process (PID=142) to work on /home/airflow/.local/lib/python3.7/site-packages/airflow/example_dags/example_short_circuit_operator.py
[2023-07-02T03:02:30.415+0000] {processor.py:743} INFO - Processing file /home/airflow/.local/lib/python3.7/site-packages/airflow/example_dags/example_short_circuit_operator.py for tasks to queue
[2023-07-02T03:02:30.417+0000] {logging_mixin.py:137} INFO - [2023-07-02T03:02:30.417+0000] {dagbag.py:538} INFO - Filling up the DagBag from /home/airflow/.local/lib/python3.7/site-packages/airflow/example_dags/example_short_circuit_operator.py
[2023-07-02T03:02:30.460+0000] {processor.py:753} INFO - DAG(s) dict_keys(['example_short_circuit_operator']) retrieved from /home/airflow/.local/lib/python3.7/site-packages/airflow/example_dags/example_short_circuit_operator.py
[2023-07-02T03:02:30.510+0000] {logging_mixin.py:137} INFO - [2023-07-02T03:02:30.510+0000] {dag.py:2690} INFO - Sync 1 DAGs
[2023-07-02T03:02:30.553+0000] {logging_mixin.py:137} INFO - [2023-07-02T03:02:30.553+0000] {dag.py:3441} INFO - Setting next_dagrun for example_short_circuit_operator to 2023-07-01T03:02:30.553274+00:00, run_after=2023-07-02T03:02:30.553274+00:00
[2023-07-02T03:02:30.594+0000] {processor.py:175} INFO - Processing /home/airflow/.local/lib/python3.7/site-packages/airflow/example_dags/example_short_circuit_operator.py took 0.190 seconds
[2023-07-02T03:03:01.721+0000] {processor.py:153} INFO - Started process (PID=210) to work on /home/airflow/.local/lib/python3.7/site-packages/airflow/example_dags/example_short_circuit_operator.py
[2023-07-02T03:03:01.725+0000] {processor.py:743} INFO - Processing file /home/airflow/.local/lib/python3.7/site-packages/airflow/example_dags/example_short_circuit_operator.py for tasks to queue
[2023-07-02T03:03:01.728+0000] {logging_mixin.py:137} INFO - [2023-07-02T03:03:01.727+0000] {dagbag.py:538} INFO - Filling up the DagBag from /home/airflow/.local/lib/python3.7/site-packages/airflow/example_dags/example_short_circuit_operator.py
[2023-07-02T03:03:01.754+0000] {processor.py:753} INFO - DAG(s) dict_keys(['example_short_circuit_operator']) retrieved from /home/airflow/.local/lib/python3.7/site-packages/airflow/example_dags/example_short_circuit_operator.py
[2023-07-02T03:03:01.805+0000] {logging_mixin.py:137} INFO - [2023-07-02T03:03:01.805+0000] {dag.py:2690} INFO - Sync 1 DAGs
[2023-07-02T03:03:01.845+0000] {logging_mixin.py:137} INFO - [2023-07-02T03:03:01.844+0000] {dag.py:3441} INFO - Setting next_dagrun for example_short_circuit_operator to 2023-07-01T03:03:01.844633+00:00, run_after=2023-07-02T03:03:01.844633+00:00
[2023-07-02T03:03:01.891+0000] {processor.py:175} INFO - Processing /home/airflow/.local/lib/python3.7/site-packages/airflow/example_dags/example_short_circuit_operator.py took 0.178 seconds
[2023-07-02T03:03:32.168+0000] {processor.py:153} INFO - Started process (PID=268) to work on /home/airflow/.local/lib/python3.7/site-packages/airflow/example_dags/example_short_circuit_operator.py
[2023-07-02T03:03:32.171+0000] {processor.py:743} INFO - Processing file /home/airflow/.local/lib/python3.7/site-packages/airflow/example_dags/example_short_circuit_operator.py for tasks to queue
[2023-07-02T03:03:32.175+0000] {logging_mixin.py:137} INFO - [2023-07-02T03:03:32.174+0000] {dagbag.py:538} INFO - Filling up the DagBag from /home/airflow/.local/lib/python3.7/site-packages/airflow/example_dags/example_short_circuit_operator.py
[2023-07-02T03:03:32.201+0000] {processor.py:753} INFO - DAG(s) dict_keys(['example_short_circuit_operator']) retrieved from /home/airflow/.local/lib/python3.7/site-packages/airflow/example_dags/example_short_circuit_operator.py
[2023-07-02T03:03:32.245+0000] {logging_mixin.py:137} INFO - [2023-07-02T03:03:32.244+0000] {dag.py:2690} INFO - Sync 1 DAGs
[2023-07-02T03:03:32.295+0000] {logging_mixin.py:137} INFO - [2023-07-02T03:03:32.295+0000] {dag.py:3441} INFO - Setting next_dagrun for example_short_circuit_operator to 2023-07-01T03:03:32.294667+00:00, run_after=2023-07-02T03:03:32.294667+00:00
[2023-07-02T03:03:32.328+0000] {processor.py:175} INFO - Processing /home/airflow/.local/lib/python3.7/site-packages/airflow/example_dags/example_short_circuit_operator.py took 0.170 seconds
[2023-07-02T03:04:03.016+0000] {processor.py:153} INFO - Started process (PID=327) to work on /home/airflow/.local/lib/python3.7/site-packages/airflow/example_dags/example_short_circuit_operator.py
[2023-07-02T03:04:03.024+0000] {processor.py:743} INFO - Processing file /home/airflow/.local/lib/python3.7/site-packages/airflow/example_dags/example_short_circuit_operator.py for tasks to queue
[2023-07-02T03:04:03.027+0000] {logging_mixin.py:137} INFO - [2023-07-02T03:04:03.026+0000] {dagbag.py:538} INFO - Filling up the DagBag from /home/airflow/.local/lib/python3.7/site-packages/airflow/example_dags/example_short_circuit_operator.py
[2023-07-02T03:04:03.087+0000] {processor.py:753} INFO - DAG(s) dict_keys(['example_short_circuit_operator']) retrieved from /home/airflow/.local/lib/python3.7/site-packages/airflow/example_dags/example_short_circuit_operator.py
[2023-07-02T03:04:03.209+0000] {logging_mixin.py:137} INFO - [2023-07-02T03:04:03.208+0000] {dag.py:2690} INFO - Sync 1 DAGs
[2023-07-02T03:04:03.287+0000] {logging_mixin.py:137} INFO - [2023-07-02T03:04:03.287+0000] {dag.py:3441} INFO - Setting next_dagrun for example_short_circuit_operator to 2023-07-01T03:04:03.287137+00:00, run_after=2023-07-02T03:04:03.287137+00:00
[2023-07-02T03:04:03.381+0000] {processor.py:175} INFO - Processing /home/airflow/.local/lib/python3.7/site-packages/airflow/example_dags/example_short_circuit_operator.py took 0.378 seconds
[2023-07-02T03:04:41.921+0000] {processor.py:153} INFO - Started process (PID=385) to work on /home/airflow/.local/lib/python3.7/site-packages/airflow/example_dags/example_short_circuit_operator.py
[2023-07-02T03:04:41.927+0000] {processor.py:743} INFO - Processing file /home/airflow/.local/lib/python3.7/site-packages/airflow/example_dags/example_short_circuit_operator.py for tasks to queue
[2023-07-02T03:04:41.931+0000] {logging_mixin.py:137} INFO - [2023-07-02T03:04:41.931+0000] {dagbag.py:538} INFO - Filling up the DagBag from /home/airflow/.local/lib/python3.7/site-packages/airflow/example_dags/example_short_circuit_operator.py
[2023-07-02T03:04:41.977+0000] {processor.py:753} INFO - DAG(s) dict_keys(['example_short_circuit_operator']) retrieved from /home/airflow/.local/lib/python3.7/site-packages/airflow/example_dags/example_short_circuit_operator.py
[2023-07-02T03:04:42.093+0000] {logging_mixin.py:137} INFO - [2023-07-02T03:04:42.093+0000] {dag.py:2690} INFO - Sync 1 DAGs
[2023-07-02T03:04:42.311+0000] {logging_mixin.py:137} INFO - [2023-07-02T03:04:42.310+0000] {dag.py:3441} INFO - Setting next_dagrun for example_short_circuit_operator to 2023-07-01T03:04:42.310503+00:00, run_after=2023-07-02T03:04:42.310503+00:00
[2023-07-02T03:04:42.387+0000] {processor.py:175} INFO - Processing /home/airflow/.local/lib/python3.7/site-packages/airflow/example_dags/example_short_circuit_operator.py took 0.485 seconds
[2023-07-02T03:05:12.946+0000] {processor.py:153} INFO - Started process (PID=444) to work on /home/airflow/.local/lib/python3.7/site-packages/airflow/example_dags/example_short_circuit_operator.py
[2023-07-02T03:05:12.950+0000] {processor.py:743} INFO - Processing file /home/airflow/.local/lib/python3.7/site-packages/airflow/example_dags/example_short_circuit_operator.py for tasks to queue
[2023-07-02T03:05:12.954+0000] {logging_mixin.py:137} INFO - [2023-07-02T03:05:12.954+0000] {dagbag.py:538} INFO - Filling up the DagBag from /home/airflow/.local/lib/python3.7/site-packages/airflow/example_dags/example_short_circuit_operator.py
[2023-07-02T03:05:13.019+0000] {processor.py:753} INFO - DAG(s) dict_keys(['example_short_circuit_operator']) retrieved from /home/airflow/.local/lib/python3.7/site-packages/airflow/example_dags/example_short_circuit_operator.py
[2023-07-02T03:05:13.119+0000] {logging_mixin.py:137} INFO - [2023-07-02T03:05:13.117+0000] {dag.py:2690} INFO - Sync 1 DAGs
[2023-07-02T03:05:13.196+0000] {logging_mixin.py:137} INFO - [2023-07-02T03:05:13.195+0000] {dag.py:3441} INFO - Setting next_dagrun for example_short_circuit_operator to 2023-07-01T03:05:13.195565+00:00, run_after=2023-07-02T03:05:13.195565+00:00
[2023-07-02T03:05:13.238+0000] {processor.py:175} INFO - Processing /home/airflow/.local/lib/python3.7/site-packages/airflow/example_dags/example_short_circuit_operator.py took 0.306 seconds
[2023-07-02T03:05:43.907+0000] {processor.py:153} INFO - Started process (PID=502) to work on /home/airflow/.local/lib/python3.7/site-packages/airflow/example_dags/example_short_circuit_operator.py
[2023-07-02T03:05:43.913+0000] {processor.py:743} INFO - Processing file /home/airflow/.local/lib/python3.7/site-packages/airflow/example_dags/example_short_circuit_operator.py for tasks to queue
[2023-07-02T03:05:43.919+0000] {logging_mixin.py:137} INFO - [2023-07-02T03:05:43.919+0000] {dagbag.py:538} INFO - Filling up the DagBag from /home/airflow/.local/lib/python3.7/site-packages/airflow/example_dags/example_short_circuit_operator.py
[2023-07-02T03:05:43.975+0000] {processor.py:753} INFO - DAG(s) dict_keys(['example_short_circuit_operator']) retrieved from /home/airflow/.local/lib/python3.7/site-packages/airflow/example_dags/example_short_circuit_operator.py
[2023-07-02T03:05:44.062+0000] {logging_mixin.py:137} INFO - [2023-07-02T03:05:44.062+0000] {dag.py:2690} INFO - Sync 1 DAGs
[2023-07-02T03:05:44.127+0000] {logging_mixin.py:137} INFO - [2023-07-02T03:05:44.127+0000] {dag.py:3441} INFO - Setting next_dagrun for example_short_circuit_operator to 2023-07-01T03:05:44.125947+00:00, run_after=2023-07-02T03:05:44.125947+00:00
[2023-07-02T03:05:44.206+0000] {processor.py:175} INFO - Processing /home/airflow/.local/lib/python3.7/site-packages/airflow/example_dags/example_short_circuit_operator.py took 0.316 seconds
[2023-07-02T03:06:16.810+0000] {processor.py:153} INFO - Started process (PID=562) to work on /home/airflow/.local/lib/python3.7/site-packages/airflow/example_dags/example_short_circuit_operator.py
[2023-07-02T03:06:16.822+0000] {processor.py:743} INFO - Processing file /home/airflow/.local/lib/python3.7/site-packages/airflow/example_dags/example_short_circuit_operator.py for tasks to queue
[2023-07-02T03:06:16.833+0000] {logging_mixin.py:137} INFO - [2023-07-02T03:06:16.831+0000] {dagbag.py:538} INFO - Filling up the DagBag from /home/airflow/.local/lib/python3.7/site-packages/airflow/example_dags/example_short_circuit_operator.py
[2023-07-02T03:06:17.062+0000] {processor.py:753} INFO - DAG(s) dict_keys(['example_short_circuit_operator']) retrieved from /home/airflow/.local/lib/python3.7/site-packages/airflow/example_dags/example_short_circuit_operator.py
[2023-07-02T03:06:17.407+0000] {logging_mixin.py:137} INFO - [2023-07-02T03:06:17.407+0000] {dag.py:2690} INFO - Sync 1 DAGs
[2023-07-02T03:06:17.663+0000] {logging_mixin.py:137} INFO - [2023-07-02T03:06:17.660+0000] {dag.py:3441} INFO - Setting next_dagrun for example_short_circuit_operator to 2023-07-01T03:06:17.658924+00:00, run_after=2023-07-02T03:06:17.658924+00:00
[2023-07-02T03:06:17.967+0000] {processor.py:175} INFO - Processing /home/airflow/.local/lib/python3.7/site-packages/airflow/example_dags/example_short_circuit_operator.py took 1.204 seconds
[2023-07-02T06:43:39.462+0000] {processor.py:153} INFO - Started process (PID=679) to work on /home/airflow/.local/lib/python3.7/site-packages/airflow/example_dags/example_short_circuit_operator.py
[2023-07-02T06:43:39.478+0000] {processor.py:743} INFO - Processing file /home/airflow/.local/lib/python3.7/site-packages/airflow/example_dags/example_short_circuit_operator.py for tasks to queue
[2023-07-02T06:43:39.500+0000] {logging_mixin.py:137} INFO - [2023-07-02T06:43:39.499+0000] {dagbag.py:538} INFO - Filling up the DagBag from /home/airflow/.local/lib/python3.7/site-packages/airflow/example_dags/example_short_circuit_operator.py
[2023-07-02T06:43:40.096+0000] {processor.py:753} INFO - DAG(s) dict_keys(['example_short_circuit_operator']) retrieved from /home/airflow/.local/lib/python3.7/site-packages/airflow/example_dags/example_short_circuit_operator.py
[2023-07-02T06:43:40.607+0000] {logging_mixin.py:137} INFO - [2023-07-02T06:43:40.599+0000] {dag.py:2690} INFO - Sync 1 DAGs
[2023-07-02T06:43:41.024+0000] {logging_mixin.py:137} INFO - [2023-07-02T06:43:41.023+0000] {dag.py:3441} INFO - Setting next_dagrun for example_short_circuit_operator to 2023-07-01T06:43:41.023442+00:00, run_after=2023-07-02T06:43:41.023442+00:00
[2023-07-02T06:43:41.283+0000] {processor.py:175} INFO - Processing /home/airflow/.local/lib/python3.7/site-packages/airflow/example_dags/example_short_circuit_operator.py took 1.941 seconds
[2023-07-02T08:23:17.974+0000] {processor.py:153} INFO - Started process (PID=747) to work on /home/airflow/.local/lib/python3.7/site-packages/airflow/example_dags/example_short_circuit_operator.py
[2023-07-02T08:23:17.982+0000] {processor.py:743} INFO - Processing file /home/airflow/.local/lib/python3.7/site-packages/airflow/example_dags/example_short_circuit_operator.py for tasks to queue
[2023-07-02T08:23:17.985+0000] {logging_mixin.py:137} INFO - [2023-07-02T08:23:17.985+0000] {dagbag.py:538} INFO - Filling up the DagBag from /home/airflow/.local/lib/python3.7/site-packages/airflow/example_dags/example_short_circuit_operator.py
[2023-07-02T08:23:18.024+0000] {processor.py:753} INFO - DAG(s) dict_keys(['example_short_circuit_operator']) retrieved from /home/airflow/.local/lib/python3.7/site-packages/airflow/example_dags/example_short_circuit_operator.py
[2023-07-02T08:23:18.066+0000] {logging_mixin.py:137} INFO - [2023-07-02T08:23:18.066+0000] {dag.py:2690} INFO - Sync 1 DAGs
[2023-07-02T08:23:18.097+0000] {logging_mixin.py:137} INFO - [2023-07-02T08:23:18.097+0000] {dag.py:3441} INFO - Setting next_dagrun for example_short_circuit_operator to 2023-07-01T08:23:18.096932+00:00, run_after=2023-07-02T08:23:18.096932+00:00
[2023-07-02T08:23:18.146+0000] {processor.py:175} INFO - Processing /home/airflow/.local/lib/python3.7/site-packages/airflow/example_dags/example_short_circuit_operator.py took 0.176 seconds
[2023-07-02T09:44:37.839+0000] {processor.py:153} INFO - Started process (PID=795) to work on /home/airflow/.local/lib/python3.7/site-packages/airflow/example_dags/example_short_circuit_operator.py
[2023-07-02T09:44:37.998+0000] {processor.py:743} INFO - Processing file /home/airflow/.local/lib/python3.7/site-packages/airflow/example_dags/example_short_circuit_operator.py for tasks to queue
[2023-07-02T09:44:38.199+0000] {logging_mixin.py:137} INFO - [2023-07-02T09:44:38.198+0000] {dagbag.py:538} INFO - Filling up the DagBag from /home/airflow/.local/lib/python3.7/site-packages/airflow/example_dags/example_short_circuit_operator.py
[2023-07-02T09:44:38.776+0000] {processor.py:753} INFO - DAG(s) dict_keys(['example_short_circuit_operator']) retrieved from /home/airflow/.local/lib/python3.7/site-packages/airflow/example_dags/example_short_circuit_operator.py
[2023-07-02T09:44:45.191+0000] {logging_mixin.py:137} INFO - [2023-07-02T09:44:45.191+0000] {dag.py:2690} INFO - Sync 1 DAGs
[2023-07-02T09:44:46.123+0000] {logging_mixin.py:137} INFO - [2023-07-02T09:44:46.108+0000] {dag.py:3441} INFO - Setting next_dagrun for example_short_circuit_operator to 2023-07-01T09:44:46.106590+00:00, run_after=2023-07-02T09:44:46.106590+00:00
[2023-07-02T09:44:46.510+0000] {processor.py:175} INFO - Processing /home/airflow/.local/lib/python3.7/site-packages/airflow/example_dags/example_short_circuit_operator.py took 8.762 seconds
[2023-07-02T09:45:17.518+0000] {processor.py:153} INFO - Started process (PID=853) to work on /home/airflow/.local/lib/python3.7/site-packages/airflow/example_dags/example_short_circuit_operator.py
[2023-07-02T09:45:17.546+0000] {processor.py:743} INFO - Processing file /home/airflow/.local/lib/python3.7/site-packages/airflow/example_dags/example_short_circuit_operator.py for tasks to queue
[2023-07-02T09:45:17.566+0000] {logging_mixin.py:137} INFO - [2023-07-02T09:45:17.566+0000] {dagbag.py:538} INFO - Filling up the DagBag from /home/airflow/.local/lib/python3.7/site-packages/airflow/example_dags/example_short_circuit_operator.py
[2023-07-02T09:45:17.646+0000] {processor.py:753} INFO - DAG(s) dict_keys(['example_short_circuit_operator']) retrieved from /home/airflow/.local/lib/python3.7/site-packages/airflow/example_dags/example_short_circuit_operator.py
[2023-07-02T09:45:17.830+0000] {logging_mixin.py:137} INFO - [2023-07-02T09:45:17.830+0000] {dag.py:2690} INFO - Sync 1 DAGs
[2023-07-02T09:45:17.901+0000] {logging_mixin.py:137} INFO - [2023-07-02T09:45:17.901+0000] {dag.py:3441} INFO - Setting next_dagrun for example_short_circuit_operator to 2023-07-01T09:45:17.901423+00:00, run_after=2023-07-02T09:45:17.901423+00:00
[2023-07-02T09:45:17.971+0000] {processor.py:175} INFO - Processing /home/airflow/.local/lib/python3.7/site-packages/airflow/example_dags/example_short_circuit_operator.py took 0.563 seconds
[2023-07-02T10:12:26.631+0000] {processor.py:153} INFO - Started process (PID=915) to work on /home/airflow/.local/lib/python3.7/site-packages/airflow/example_dags/example_short_circuit_operator.py
[2023-07-02T10:12:26.638+0000] {processor.py:743} INFO - Processing file /home/airflow/.local/lib/python3.7/site-packages/airflow/example_dags/example_short_circuit_operator.py for tasks to queue
[2023-07-02T10:12:26.646+0000] {logging_mixin.py:137} INFO - [2023-07-02T10:12:26.646+0000] {dagbag.py:538} INFO - Filling up the DagBag from /home/airflow/.local/lib/python3.7/site-packages/airflow/example_dags/example_short_circuit_operator.py
[2023-07-02T10:12:26.732+0000] {processor.py:753} INFO - DAG(s) dict_keys(['example_short_circuit_operator']) retrieved from /home/airflow/.local/lib/python3.7/site-packages/airflow/example_dags/example_short_circuit_operator.py
[2023-07-02T10:12:26.837+0000] {logging_mixin.py:137} INFO - [2023-07-02T10:12:26.836+0000] {dag.py:2690} INFO - Sync 1 DAGs
[2023-07-02T10:12:26.949+0000] {logging_mixin.py:137} INFO - [2023-07-02T10:12:26.949+0000] {dag.py:3441} INFO - Setting next_dagrun for example_short_circuit_operator to 2023-07-01T10:12:26.947635+00:00, run_after=2023-07-02T10:12:26.947635+00:00
[2023-07-02T10:12:27.004+0000] {processor.py:175} INFO - Processing /home/airflow/.local/lib/python3.7/site-packages/airflow/example_dags/example_short_circuit_operator.py took 0.394 seconds
[2023-07-02T10:13:01.972+0000] {processor.py:153} INFO - Started process (PID=974) to work on /home/airflow/.local/lib/python3.7/site-packages/airflow/example_dags/example_short_circuit_operator.py
[2023-07-02T10:13:01.987+0000] {processor.py:743} INFO - Processing file /home/airflow/.local/lib/python3.7/site-packages/airflow/example_dags/example_short_circuit_operator.py for tasks to queue
[2023-07-02T10:13:02.004+0000] {logging_mixin.py:137} INFO - [2023-07-02T10:13:02.003+0000] {dagbag.py:538} INFO - Filling up the DagBag from /home/airflow/.local/lib/python3.7/site-packages/airflow/example_dags/example_short_circuit_operator.py
[2023-07-02T10:13:02.384+0000] {processor.py:753} INFO - DAG(s) dict_keys(['example_short_circuit_operator']) retrieved from /home/airflow/.local/lib/python3.7/site-packages/airflow/example_dags/example_short_circuit_operator.py
[2023-07-02T10:13:02.641+0000] {logging_mixin.py:137} INFO - [2023-07-02T10:13:02.641+0000] {dag.py:2690} INFO - Sync 1 DAGs
[2023-07-02T10:13:02.945+0000] {logging_mixin.py:137} INFO - [2023-07-02T10:13:02.944+0000] {dag.py:3441} INFO - Setting next_dagrun for example_short_circuit_operator to 2023-07-01T10:13:02.944687+00:00, run_after=2023-07-02T10:13:02.944687+00:00
[2023-07-02T10:13:03.213+0000] {processor.py:175} INFO - Processing /home/airflow/.local/lib/python3.7/site-packages/airflow/example_dags/example_short_circuit_operator.py took 1.309 seconds
[2023-07-02T10:13:35.642+0000] {processor.py:153} INFO - Started process (PID=1032) to work on /home/airflow/.local/lib/python3.7/site-packages/airflow/example_dags/example_short_circuit_operator.py
[2023-07-02T10:13:35.651+0000] {processor.py:743} INFO - Processing file /home/airflow/.local/lib/python3.7/site-packages/airflow/example_dags/example_short_circuit_operator.py for tasks to queue
[2023-07-02T10:13:35.656+0000] {logging_mixin.py:137} INFO - [2023-07-02T10:13:35.655+0000] {dagbag.py:538} INFO - Filling up the DagBag from /home/airflow/.local/lib/python3.7/site-packages/airflow/example_dags/example_short_circuit_operator.py
[2023-07-02T10:13:35.840+0000] {processor.py:753} INFO - DAG(s) dict_keys(['example_short_circuit_operator']) retrieved from /home/airflow/.local/lib/python3.7/site-packages/airflow/example_dags/example_short_circuit_operator.py
[2023-07-02T10:13:36.097+0000] {logging_mixin.py:137} INFO - [2023-07-02T10:13:36.096+0000] {dag.py:2690} INFO - Sync 1 DAGs
[2023-07-02T10:13:36.281+0000] {logging_mixin.py:137} INFO - [2023-07-02T10:13:36.280+0000] {dag.py:3441} INFO - Setting next_dagrun for example_short_circuit_operator to 2023-07-01T10:13:36.278121+00:00, run_after=2023-07-02T10:13:36.278121+00:00
[2023-07-02T10:13:36.476+0000] {processor.py:175} INFO - Processing /home/airflow/.local/lib/python3.7/site-packages/airflow/example_dags/example_short_circuit_operator.py took 0.858 seconds
[2023-07-02T10:34:46.664+0000] {processor.py:153} INFO - Started process (PID=1099) to work on /home/airflow/.local/lib/python3.7/site-packages/airflow/example_dags/example_short_circuit_operator.py
[2023-07-02T10:34:46.670+0000] {processor.py:743} INFO - Processing file /home/airflow/.local/lib/python3.7/site-packages/airflow/example_dags/example_short_circuit_operator.py for tasks to queue
[2023-07-02T10:34:46.671+0000] {logging_mixin.py:137} INFO - [2023-07-02T10:34:46.671+0000] {dagbag.py:538} INFO - Filling up the DagBag from /home/airflow/.local/lib/python3.7/site-packages/airflow/example_dags/example_short_circuit_operator.py
[2023-07-02T10:34:46.729+0000] {processor.py:753} INFO - DAG(s) dict_keys(['example_short_circuit_operator']) retrieved from /home/airflow/.local/lib/python3.7/site-packages/airflow/example_dags/example_short_circuit_operator.py
[2023-07-02T10:34:46.842+0000] {logging_mixin.py:137} INFO - [2023-07-02T10:34:46.842+0000] {dag.py:2690} INFO - Sync 1 DAGs
[2023-07-02T10:34:46.940+0000] {logging_mixin.py:137} INFO - [2023-07-02T10:34:46.940+0000] {dag.py:3441} INFO - Setting next_dagrun for example_short_circuit_operator to 2023-07-01T10:34:46.939616+00:00, run_after=2023-07-02T10:34:46.939616+00:00
[2023-07-02T10:34:47.072+0000] {processor.py:175} INFO - Processing /home/airflow/.local/lib/python3.7/site-packages/airflow/example_dags/example_short_circuit_operator.py took 0.428 seconds
[2023-07-02T12:07:32.658+0000] {processor.py:153} INFO - Started process (PID=1195) to work on /home/airflow/.local/lib/python3.7/site-packages/airflow/example_dags/example_short_circuit_operator.py
[2023-07-02T12:07:32.663+0000] {processor.py:743} INFO - Processing file /home/airflow/.local/lib/python3.7/site-packages/airflow/example_dags/example_short_circuit_operator.py for tasks to queue
[2023-07-02T12:07:32.672+0000] {logging_mixin.py:137} INFO - [2023-07-02T12:07:32.672+0000] {dagbag.py:538} INFO - Filling up the DagBag from /home/airflow/.local/lib/python3.7/site-packages/airflow/example_dags/example_short_circuit_operator.py
[2023-07-02T12:07:32.770+0000] {processor.py:753} INFO - DAG(s) dict_keys(['example_short_circuit_operator']) retrieved from /home/airflow/.local/lib/python3.7/site-packages/airflow/example_dags/example_short_circuit_operator.py
[2023-07-02T12:07:33.275+0000] {logging_mixin.py:137} INFO - [2023-07-02T12:07:33.275+0000] {dag.py:2690} INFO - Sync 1 DAGs
[2023-07-02T12:07:33.482+0000] {logging_mixin.py:137} INFO - [2023-07-02T12:07:33.482+0000] {dag.py:3441} INFO - Setting next_dagrun for example_short_circuit_operator to 2023-07-01T12:07:33.482040+00:00, run_after=2023-07-02T12:07:33.482040+00:00
[2023-07-02T12:07:33.598+0000] {processor.py:175} INFO - Processing /home/airflow/.local/lib/python3.7/site-packages/airflow/example_dags/example_short_circuit_operator.py took 0.957 seconds
[2023-07-02T12:08:03.846+0000] {processor.py:153} INFO - Started process (PID=1255) to work on /home/airflow/.local/lib/python3.7/site-packages/airflow/example_dags/example_short_circuit_operator.py
[2023-07-02T12:08:03.851+0000] {processor.py:743} INFO - Processing file /home/airflow/.local/lib/python3.7/site-packages/airflow/example_dags/example_short_circuit_operator.py for tasks to queue
[2023-07-02T12:08:03.854+0000] {logging_mixin.py:137} INFO - [2023-07-02T12:08:03.853+0000] {dagbag.py:538} INFO - Filling up the DagBag from /home/airflow/.local/lib/python3.7/site-packages/airflow/example_dags/example_short_circuit_operator.py
[2023-07-02T12:08:03.914+0000] {processor.py:753} INFO - DAG(s) dict_keys(['example_short_circuit_operator']) retrieved from /home/airflow/.local/lib/python3.7/site-packages/airflow/example_dags/example_short_circuit_operator.py
[2023-07-02T12:08:04.009+0000] {logging_mixin.py:137} INFO - [2023-07-02T12:08:04.009+0000] {dag.py:2690} INFO - Sync 1 DAGs
[2023-07-02T12:08:04.068+0000] {logging_mixin.py:137} INFO - [2023-07-02T12:08:04.068+0000] {dag.py:3441} INFO - Setting next_dagrun for example_short_circuit_operator to 2023-07-01T12:08:04.068460+00:00, run_after=2023-07-02T12:08:04.068460+00:00
[2023-07-02T12:08:04.140+0000] {processor.py:175} INFO - Processing /home/airflow/.local/lib/python3.7/site-packages/airflow/example_dags/example_short_circuit_operator.py took 0.306 seconds
[2023-07-02T12:08:34.259+0000] {processor.py:153} INFO - Started process (PID=1313) to work on /home/airflow/.local/lib/python3.7/site-packages/airflow/example_dags/example_short_circuit_operator.py
[2023-07-02T12:08:34.262+0000] {processor.py:743} INFO - Processing file /home/airflow/.local/lib/python3.7/site-packages/airflow/example_dags/example_short_circuit_operator.py for tasks to queue
[2023-07-02T12:08:34.266+0000] {logging_mixin.py:137} INFO - [2023-07-02T12:08:34.266+0000] {dagbag.py:538} INFO - Filling up the DagBag from /home/airflow/.local/lib/python3.7/site-packages/airflow/example_dags/example_short_circuit_operator.py
[2023-07-02T12:08:34.317+0000] {processor.py:753} INFO - DAG(s) dict_keys(['example_short_circuit_operator']) retrieved from /home/airflow/.local/lib/python3.7/site-packages/airflow/example_dags/example_short_circuit_operator.py
[2023-07-02T12:08:34.363+0000] {logging_mixin.py:137} INFO - [2023-07-02T12:08:34.363+0000] {dag.py:2690} INFO - Sync 1 DAGs
[2023-07-02T12:08:34.404+0000] {logging_mixin.py:137} INFO - [2023-07-02T12:08:34.404+0000] {dag.py:3441} INFO - Setting next_dagrun for example_short_circuit_operator to 2023-07-01T12:08:34.403751+00:00, run_after=2023-07-02T12:08:34.403751+00:00
[2023-07-02T12:08:34.473+0000] {processor.py:175} INFO - Processing /home/airflow/.local/lib/python3.7/site-packages/airflow/example_dags/example_short_circuit_operator.py took 0.231 seconds
[2023-07-02T12:09:04.934+0000] {processor.py:153} INFO - Started process (PID=1371) to work on /home/airflow/.local/lib/python3.7/site-packages/airflow/example_dags/example_short_circuit_operator.py
[2023-07-02T12:09:04.944+0000] {processor.py:743} INFO - Processing file /home/airflow/.local/lib/python3.7/site-packages/airflow/example_dags/example_short_circuit_operator.py for tasks to queue
[2023-07-02T12:09:04.949+0000] {logging_mixin.py:137} INFO - [2023-07-02T12:09:04.948+0000] {dagbag.py:538} INFO - Filling up the DagBag from /home/airflow/.local/lib/python3.7/site-packages/airflow/example_dags/example_short_circuit_operator.py
[2023-07-02T12:09:05.007+0000] {processor.py:753} INFO - DAG(s) dict_keys(['example_short_circuit_operator']) retrieved from /home/airflow/.local/lib/python3.7/site-packages/airflow/example_dags/example_short_circuit_operator.py
[2023-07-02T12:09:05.094+0000] {logging_mixin.py:137} INFO - [2023-07-02T12:09:05.094+0000] {dag.py:2690} INFO - Sync 1 DAGs
[2023-07-02T12:09:05.127+0000] {logging_mixin.py:137} INFO - [2023-07-02T12:09:05.126+0000] {dag.py:3441} INFO - Setting next_dagrun for example_short_circuit_operator to 2023-07-01T12:09:05.126470+00:00, run_after=2023-07-02T12:09:05.126470+00:00
[2023-07-02T12:09:05.156+0000] {processor.py:175} INFO - Processing /home/airflow/.local/lib/python3.7/site-packages/airflow/example_dags/example_short_circuit_operator.py took 0.236 seconds
[2023-07-02T12:09:35.635+0000] {processor.py:153} INFO - Started process (PID=1429) to work on /home/airflow/.local/lib/python3.7/site-packages/airflow/example_dags/example_short_circuit_operator.py
[2023-07-02T12:09:35.638+0000] {processor.py:743} INFO - Processing file /home/airflow/.local/lib/python3.7/site-packages/airflow/example_dags/example_short_circuit_operator.py for tasks to queue
[2023-07-02T12:09:35.641+0000] {logging_mixin.py:137} INFO - [2023-07-02T12:09:35.640+0000] {dagbag.py:538} INFO - Filling up the DagBag from /home/airflow/.local/lib/python3.7/site-packages/airflow/example_dags/example_short_circuit_operator.py
[2023-07-02T12:09:35.663+0000] {processor.py:753} INFO - DAG(s) dict_keys(['example_short_circuit_operator']) retrieved from /home/airflow/.local/lib/python3.7/site-packages/airflow/example_dags/example_short_circuit_operator.py
[2023-07-02T12:09:35.701+0000] {logging_mixin.py:137} INFO - [2023-07-02T12:09:35.701+0000] {dag.py:2690} INFO - Sync 1 DAGs
[2023-07-02T12:09:35.731+0000] {logging_mixin.py:137} INFO - [2023-07-02T12:09:35.731+0000] {dag.py:3441} INFO - Setting next_dagrun for example_short_circuit_operator to 2023-07-01T12:09:35.731148+00:00, run_after=2023-07-02T12:09:35.731148+00:00
[2023-07-02T12:09:35.761+0000] {processor.py:175} INFO - Processing /home/airflow/.local/lib/python3.7/site-packages/airflow/example_dags/example_short_circuit_operator.py took 0.130 seconds
[2023-07-02T12:10:06.770+0000] {processor.py:153} INFO - Started process (PID=1486) to work on /home/airflow/.local/lib/python3.7/site-packages/airflow/example_dags/example_short_circuit_operator.py
[2023-07-02T12:10:06.776+0000] {processor.py:743} INFO - Processing file /home/airflow/.local/lib/python3.7/site-packages/airflow/example_dags/example_short_circuit_operator.py for tasks to queue
[2023-07-02T12:10:06.781+0000] {logging_mixin.py:137} INFO - [2023-07-02T12:10:06.780+0000] {dagbag.py:538} INFO - Filling up the DagBag from /home/airflow/.local/lib/python3.7/site-packages/airflow/example_dags/example_short_circuit_operator.py
[2023-07-02T12:10:06.839+0000] {processor.py:753} INFO - DAG(s) dict_keys(['example_short_circuit_operator']) retrieved from /home/airflow/.local/lib/python3.7/site-packages/airflow/example_dags/example_short_circuit_operator.py
[2023-07-02T12:10:06.877+0000] {logging_mixin.py:137} INFO - [2023-07-02T12:10:06.877+0000] {dag.py:2690} INFO - Sync 1 DAGs
[2023-07-02T12:10:06.919+0000] {logging_mixin.py:137} INFO - [2023-07-02T12:10:06.919+0000] {dag.py:3441} INFO - Setting next_dagrun for example_short_circuit_operator to 2023-07-01T12:10:06.919124+00:00, run_after=2023-07-02T12:10:06.919124+00:00
[2023-07-02T12:10:06.949+0000] {processor.py:175} INFO - Processing /home/airflow/.local/lib/python3.7/site-packages/airflow/example_dags/example_short_circuit_operator.py took 0.192 seconds
[2023-07-02T12:18:32.567+0000] {processor.py:153} INFO - Started process (PID=1557) to work on /home/airflow/.local/lib/python3.7/site-packages/airflow/example_dags/example_short_circuit_operator.py
[2023-07-02T12:18:32.570+0000] {processor.py:743} INFO - Processing file /home/airflow/.local/lib/python3.7/site-packages/airflow/example_dags/example_short_circuit_operator.py for tasks to queue
[2023-07-02T12:18:32.573+0000] {logging_mixin.py:137} INFO - [2023-07-02T12:18:32.573+0000] {dagbag.py:538} INFO - Filling up the DagBag from /home/airflow/.local/lib/python3.7/site-packages/airflow/example_dags/example_short_circuit_operator.py
[2023-07-02T12:18:32.610+0000] {processor.py:753} INFO - DAG(s) dict_keys(['example_short_circuit_operator']) retrieved from /home/airflow/.local/lib/python3.7/site-packages/airflow/example_dags/example_short_circuit_operator.py
[2023-07-02T12:18:32.674+0000] {logging_mixin.py:137} INFO - [2023-07-02T12:18:32.673+0000] {dag.py:2690} INFO - Sync 1 DAGs
[2023-07-02T12:18:32.729+0000] {logging_mixin.py:137} INFO - [2023-07-02T12:18:32.729+0000] {dag.py:3441} INFO - Setting next_dagrun for example_short_circuit_operator to 2023-07-01T12:18:32.728405+00:00, run_after=2023-07-02T12:18:32.728405+00:00
[2023-07-02T12:18:32.771+0000] {processor.py:175} INFO - Processing /home/airflow/.local/lib/python3.7/site-packages/airflow/example_dags/example_short_circuit_operator.py took 0.211 seconds
[2023-07-02T12:48:23.777+0000] {processor.py:153} INFO - Started process (PID=1596) to work on /home/airflow/.local/lib/python3.7/site-packages/airflow/example_dags/example_short_circuit_operator.py
[2023-07-02T12:48:23.780+0000] {processor.py:743} INFO - Processing file /home/airflow/.local/lib/python3.7/site-packages/airflow/example_dags/example_short_circuit_operator.py for tasks to queue
[2023-07-02T12:48:23.783+0000] {logging_mixin.py:137} INFO - [2023-07-02T12:48:23.783+0000] {dagbag.py:538} INFO - Filling up the DagBag from /home/airflow/.local/lib/python3.7/site-packages/airflow/example_dags/example_short_circuit_operator.py
[2023-07-02T12:48:23.808+0000] {processor.py:753} INFO - DAG(s) dict_keys(['example_short_circuit_operator']) retrieved from /home/airflow/.local/lib/python3.7/site-packages/airflow/example_dags/example_short_circuit_operator.py
[2023-07-02T12:48:23.854+0000] {logging_mixin.py:137} INFO - [2023-07-02T12:48:23.853+0000] {dag.py:2690} INFO - Sync 1 DAGs
[2023-07-02T12:48:23.883+0000] {logging_mixin.py:137} INFO - [2023-07-02T12:48:23.883+0000] {dag.py:3441} INFO - Setting next_dagrun for example_short_circuit_operator to 2023-07-01T12:48:23.882644+00:00, run_after=2023-07-02T12:48:23.882644+00:00
[2023-07-02T12:48:23.925+0000] {processor.py:175} INFO - Processing /home/airflow/.local/lib/python3.7/site-packages/airflow/example_dags/example_short_circuit_operator.py took 0.158 seconds
[2023-07-02T13:55:36.761+0000] {processor.py:153} INFO - Started process (PID=1643) to work on /home/airflow/.local/lib/python3.7/site-packages/airflow/example_dags/example_short_circuit_operator.py
[2023-07-02T13:55:36.771+0000] {processor.py:743} INFO - Processing file /home/airflow/.local/lib/python3.7/site-packages/airflow/example_dags/example_short_circuit_operator.py for tasks to queue
[2023-07-02T13:55:36.775+0000] {logging_mixin.py:137} INFO - [2023-07-02T13:55:36.774+0000] {dagbag.py:538} INFO - Filling up the DagBag from /home/airflow/.local/lib/python3.7/site-packages/airflow/example_dags/example_short_circuit_operator.py
[2023-07-02T13:55:37.363+0000] {processor.py:753} INFO - DAG(s) dict_keys(['example_short_circuit_operator']) retrieved from /home/airflow/.local/lib/python3.7/site-packages/airflow/example_dags/example_short_circuit_operator.py
[2023-07-02T13:55:37.608+0000] {logging_mixin.py:137} INFO - [2023-07-02T13:55:37.608+0000] {dag.py:2690} INFO - Sync 1 DAGs
[2023-07-02T13:55:37.806+0000] {logging_mixin.py:137} INFO - [2023-07-02T13:55:37.806+0000] {dag.py:3441} INFO - Setting next_dagrun for example_short_circuit_operator to 2023-07-01T13:55:37.806026+00:00, run_after=2023-07-02T13:55:37.806026+00:00
[2023-07-02T13:55:38.001+0000] {processor.py:175} INFO - Processing /home/airflow/.local/lib/python3.7/site-packages/airflow/example_dags/example_short_circuit_operator.py took 1.302 seconds
[2023-07-02T13:56:08.416+0000] {processor.py:153} INFO - Started process (PID=1702) to work on /home/airflow/.local/lib/python3.7/site-packages/airflow/example_dags/example_short_circuit_operator.py
[2023-07-02T13:56:08.427+0000] {processor.py:743} INFO - Processing file /home/airflow/.local/lib/python3.7/site-packages/airflow/example_dags/example_short_circuit_operator.py for tasks to queue
[2023-07-02T13:56:08.429+0000] {logging_mixin.py:137} INFO - [2023-07-02T13:56:08.429+0000] {dagbag.py:538} INFO - Filling up the DagBag from /home/airflow/.local/lib/python3.7/site-packages/airflow/example_dags/example_short_circuit_operator.py
[2023-07-02T13:56:08.518+0000] {processor.py:753} INFO - DAG(s) dict_keys(['example_short_circuit_operator']) retrieved from /home/airflow/.local/lib/python3.7/site-packages/airflow/example_dags/example_short_circuit_operator.py
[2023-07-02T13:56:08.711+0000] {logging_mixin.py:137} INFO - [2023-07-02T13:56:08.711+0000] {dag.py:2690} INFO - Sync 1 DAGs
[2023-07-02T13:56:08.823+0000] {logging_mixin.py:137} INFO - [2023-07-02T13:56:08.823+0000] {dag.py:3441} INFO - Setting next_dagrun for example_short_circuit_operator to 2023-07-01T13:56:08.822764+00:00, run_after=2023-07-02T13:56:08.822764+00:00
[2023-07-02T13:56:08.909+0000] {processor.py:175} INFO - Processing /home/airflow/.local/lib/python3.7/site-packages/airflow/example_dags/example_short_circuit_operator.py took 0.497 seconds
[2023-07-02T13:56:39.326+0000] {processor.py:153} INFO - Started process (PID=1761) to work on /home/airflow/.local/lib/python3.7/site-packages/airflow/example_dags/example_short_circuit_operator.py
[2023-07-02T13:56:39.329+0000] {processor.py:743} INFO - Processing file /home/airflow/.local/lib/python3.7/site-packages/airflow/example_dags/example_short_circuit_operator.py for tasks to queue
[2023-07-02T13:56:39.331+0000] {logging_mixin.py:137} INFO - [2023-07-02T13:56:39.331+0000] {dagbag.py:538} INFO - Filling up the DagBag from /home/airflow/.local/lib/python3.7/site-packages/airflow/example_dags/example_short_circuit_operator.py
[2023-07-02T13:56:39.357+0000] {processor.py:753} INFO - DAG(s) dict_keys(['example_short_circuit_operator']) retrieved from /home/airflow/.local/lib/python3.7/site-packages/airflow/example_dags/example_short_circuit_operator.py
[2023-07-02T13:56:39.398+0000] {logging_mixin.py:137} INFO - [2023-07-02T13:56:39.398+0000] {dag.py:2690} INFO - Sync 1 DAGs
[2023-07-02T13:56:39.437+0000] {logging_mixin.py:137} INFO - [2023-07-02T13:56:39.437+0000] {dag.py:3441} INFO - Setting next_dagrun for example_short_circuit_operator to 2023-07-01T13:56:39.437468+00:00, run_after=2023-07-02T13:56:39.437468+00:00
[2023-07-02T13:56:39.465+0000] {processor.py:175} INFO - Processing /home/airflow/.local/lib/python3.7/site-packages/airflow/example_dags/example_short_circuit_operator.py took 0.150 seconds
[2023-07-02T13:57:10.078+0000] {processor.py:153} INFO - Started process (PID=1831) to work on /home/airflow/.local/lib/python3.7/site-packages/airflow/example_dags/example_short_circuit_operator.py
[2023-07-02T13:57:10.083+0000] {processor.py:743} INFO - Processing file /home/airflow/.local/lib/python3.7/site-packages/airflow/example_dags/example_short_circuit_operator.py for tasks to queue
[2023-07-02T13:57:10.086+0000] {logging_mixin.py:137} INFO - [2023-07-02T13:57:10.085+0000] {dagbag.py:538} INFO - Filling up the DagBag from /home/airflow/.local/lib/python3.7/site-packages/airflow/example_dags/example_short_circuit_operator.py
[2023-07-02T13:57:10.111+0000] {processor.py:753} INFO - DAG(s) dict_keys(['example_short_circuit_operator']) retrieved from /home/airflow/.local/lib/python3.7/site-packages/airflow/example_dags/example_short_circuit_operator.py
[2023-07-02T13:57:10.156+0000] {logging_mixin.py:137} INFO - [2023-07-02T13:57:10.156+0000] {dag.py:2690} INFO - Sync 1 DAGs
[2023-07-02T13:57:10.195+0000] {logging_mixin.py:137} INFO - [2023-07-02T13:57:10.194+0000] {dag.py:3441} INFO - Setting next_dagrun for example_short_circuit_operator to 2023-07-01T13:57:10.194555+00:00, run_after=2023-07-02T13:57:10.194555+00:00
[2023-07-02T13:57:10.240+0000] {processor.py:175} INFO - Processing /home/airflow/.local/lib/python3.7/site-packages/airflow/example_dags/example_short_circuit_operator.py took 0.171 seconds
[2023-07-02T14:07:21.334+0000] {processor.py:153} INFO - Started process (PID=1932) to work on /home/airflow/.local/lib/python3.7/site-packages/airflow/example_dags/example_short_circuit_operator.py
[2023-07-02T14:07:21.338+0000] {processor.py:743} INFO - Processing file /home/airflow/.local/lib/python3.7/site-packages/airflow/example_dags/example_short_circuit_operator.py for tasks to queue
[2023-07-02T14:07:21.340+0000] {logging_mixin.py:137} INFO - [2023-07-02T14:07:21.339+0000] {dagbag.py:538} INFO - Filling up the DagBag from /home/airflow/.local/lib/python3.7/site-packages/airflow/example_dags/example_short_circuit_operator.py
[2023-07-02T14:07:21.362+0000] {processor.py:753} INFO - DAG(s) dict_keys(['example_short_circuit_operator']) retrieved from /home/airflow/.local/lib/python3.7/site-packages/airflow/example_dags/example_short_circuit_operator.py
[2023-07-02T14:07:21.404+0000] {logging_mixin.py:137} INFO - [2023-07-02T14:07:21.404+0000] {dag.py:2690} INFO - Sync 1 DAGs
[2023-07-02T14:07:21.433+0000] {logging_mixin.py:137} INFO - [2023-07-02T14:07:21.433+0000] {dag.py:3441} INFO - Setting next_dagrun for example_short_circuit_operator to 2023-07-01T14:07:21.432932+00:00, run_after=2023-07-02T14:07:21.432932+00:00
[2023-07-02T14:07:21.467+0000] {processor.py:175} INFO - Processing /home/airflow/.local/lib/python3.7/site-packages/airflow/example_dags/example_short_circuit_operator.py took 0.138 seconds
[2023-07-02T15:57:42.558+0000] {processor.py:153} INFO - Started process (PID=1981) to work on /home/airflow/.local/lib/python3.7/site-packages/airflow/example_dags/example_short_circuit_operator.py
[2023-07-02T15:57:42.560+0000] {processor.py:743} INFO - Processing file /home/airflow/.local/lib/python3.7/site-packages/airflow/example_dags/example_short_circuit_operator.py for tasks to queue
[2023-07-02T15:57:42.562+0000] {logging_mixin.py:137} INFO - [2023-07-02T15:57:42.562+0000] {dagbag.py:538} INFO - Filling up the DagBag from /home/airflow/.local/lib/python3.7/site-packages/airflow/example_dags/example_short_circuit_operator.py
[2023-07-02T15:57:42.586+0000] {processor.py:753} INFO - DAG(s) dict_keys(['example_short_circuit_operator']) retrieved from /home/airflow/.local/lib/python3.7/site-packages/airflow/example_dags/example_short_circuit_operator.py
[2023-07-02T15:57:42.631+0000] {logging_mixin.py:137} INFO - [2023-07-02T15:57:42.630+0000] {dag.py:2690} INFO - Sync 1 DAGs
[2023-07-02T15:57:42.688+0000] {logging_mixin.py:137} INFO - [2023-07-02T15:57:42.688+0000] {dag.py:3441} INFO - Setting next_dagrun for example_short_circuit_operator to 2023-07-01T15:57:42.688036+00:00, run_after=2023-07-02T15:57:42.688036+00:00
[2023-07-02T15:57:42.718+0000] {processor.py:175} INFO - Processing /home/airflow/.local/lib/python3.7/site-packages/airflow/example_dags/example_short_circuit_operator.py took 0.167 seconds
[2023-07-02T17:58:05.854+0000] {processor.py:153} INFO - Started process (PID=2040) to work on /home/airflow/.local/lib/python3.7/site-packages/airflow/example_dags/example_short_circuit_operator.py
[2023-07-02T17:58:05.860+0000] {processor.py:743} INFO - Processing file /home/airflow/.local/lib/python3.7/site-packages/airflow/example_dags/example_short_circuit_operator.py for tasks to queue
[2023-07-02T17:58:05.865+0000] {logging_mixin.py:137} INFO - [2023-07-02T17:58:05.862+0000] {dagbag.py:538} INFO - Filling up the DagBag from /home/airflow/.local/lib/python3.7/site-packages/airflow/example_dags/example_short_circuit_operator.py
[2023-07-02T17:58:05.908+0000] {processor.py:753} INFO - DAG(s) dict_keys(['example_short_circuit_operator']) retrieved from /home/airflow/.local/lib/python3.7/site-packages/airflow/example_dags/example_short_circuit_operator.py
[2023-07-02T17:58:05.949+0000] {logging_mixin.py:137} INFO - [2023-07-02T17:58:05.949+0000] {dag.py:2690} INFO - Sync 1 DAGs
[2023-07-02T17:58:05.997+0000] {logging_mixin.py:137} INFO - [2023-07-02T17:58:05.997+0000] {dag.py:3441} INFO - Setting next_dagrun for example_short_circuit_operator to 2023-07-01T17:58:05.996399+00:00, run_after=2023-07-02T17:58:05.996399+00:00
[2023-07-02T17:58:06.044+0000] {processor.py:175} INFO - Processing /home/airflow/.local/lib/python3.7/site-packages/airflow/example_dags/example_short_circuit_operator.py took 0.198 seconds
[2023-07-02T18:10:23.931+0000] {processor.py:153} INFO - Started process (PID=2099) to work on /home/airflow/.local/lib/python3.7/site-packages/airflow/example_dags/example_short_circuit_operator.py
[2023-07-02T18:10:23.939+0000] {processor.py:743} INFO - Processing file /home/airflow/.local/lib/python3.7/site-packages/airflow/example_dags/example_short_circuit_operator.py for tasks to queue
[2023-07-02T18:10:23.945+0000] {logging_mixin.py:137} INFO - [2023-07-02T18:10:23.945+0000] {dagbag.py:538} INFO - Filling up the DagBag from /home/airflow/.local/lib/python3.7/site-packages/airflow/example_dags/example_short_circuit_operator.py
[2023-07-02T18:10:24.022+0000] {processor.py:753} INFO - DAG(s) dict_keys(['example_short_circuit_operator']) retrieved from /home/airflow/.local/lib/python3.7/site-packages/airflow/example_dags/example_short_circuit_operator.py
[2023-07-02T18:10:24.075+0000] {logging_mixin.py:137} INFO - [2023-07-02T18:10:24.075+0000] {dag.py:2690} INFO - Sync 1 DAGs
[2023-07-02T18:10:24.110+0000] {logging_mixin.py:137} INFO - [2023-07-02T18:10:24.110+0000] {dag.py:3441} INFO - Setting next_dagrun for example_short_circuit_operator to 2023-07-01T18:10:24.110246+00:00, run_after=2023-07-02T18:10:24.110246+00:00
[2023-07-02T18:10:30.666+0000] {processor.py:175} INFO - Processing /home/airflow/.local/lib/python3.7/site-packages/airflow/example_dags/example_short_circuit_operator.py took 6.739 seconds
[2023-07-02T20:10:45.574+0000] {processor.py:153} INFO - Started process (PID=2148) to work on /home/airflow/.local/lib/python3.7/site-packages/airflow/example_dags/example_short_circuit_operator.py
[2023-07-02T20:10:45.576+0000] {processor.py:743} INFO - Processing file /home/airflow/.local/lib/python3.7/site-packages/airflow/example_dags/example_short_circuit_operator.py for tasks to queue
[2023-07-02T20:10:45.579+0000] {logging_mixin.py:137} INFO - [2023-07-02T20:10:45.579+0000] {dagbag.py:538} INFO - Filling up the DagBag from /home/airflow/.local/lib/python3.7/site-packages/airflow/example_dags/example_short_circuit_operator.py
[2023-07-02T20:10:45.636+0000] {processor.py:753} INFO - DAG(s) dict_keys(['example_short_circuit_operator']) retrieved from /home/airflow/.local/lib/python3.7/site-packages/airflow/example_dags/example_short_circuit_operator.py
[2023-07-02T20:10:45.717+0000] {logging_mixin.py:137} INFO - [2023-07-02T20:10:45.715+0000] {dag.py:2690} INFO - Sync 1 DAGs
[2023-07-02T20:10:45.780+0000] {logging_mixin.py:137} INFO - [2023-07-02T20:10:45.779+0000] {dag.py:3441} INFO - Setting next_dagrun for example_short_circuit_operator to 2023-07-01T20:10:45.779125+00:00, run_after=2023-07-02T20:10:45.779125+00:00
[2023-07-02T20:10:45.831+0000] {processor.py:175} INFO - Processing /home/airflow/.local/lib/python3.7/site-packages/airflow/example_dags/example_short_circuit_operator.py took 0.264 seconds
[2023-07-02T22:11:10.684+0000] {processor.py:153} INFO - Started process (PID=2206) to work on /home/airflow/.local/lib/python3.7/site-packages/airflow/example_dags/example_short_circuit_operator.py
[2023-07-02T22:11:10.688+0000] {processor.py:743} INFO - Processing file /home/airflow/.local/lib/python3.7/site-packages/airflow/example_dags/example_short_circuit_operator.py for tasks to queue
[2023-07-02T22:11:10.690+0000] {logging_mixin.py:137} INFO - [2023-07-02T22:11:10.690+0000] {dagbag.py:538} INFO - Filling up the DagBag from /home/airflow/.local/lib/python3.7/site-packages/airflow/example_dags/example_short_circuit_operator.py
[2023-07-02T22:11:10.730+0000] {processor.py:753} INFO - DAG(s) dict_keys(['example_short_circuit_operator']) retrieved from /home/airflow/.local/lib/python3.7/site-packages/airflow/example_dags/example_short_circuit_operator.py
[2023-07-02T22:11:10.790+0000] {logging_mixin.py:137} INFO - [2023-07-02T22:11:10.790+0000] {dag.py:2690} INFO - Sync 1 DAGs
[2023-07-02T22:11:10.842+0000] {logging_mixin.py:137} INFO - [2023-07-02T22:11:10.842+0000] {dag.py:3441} INFO - Setting next_dagrun for example_short_circuit_operator to 2023-07-01T22:11:10.842387+00:00, run_after=2023-07-02T22:11:10.842387+00:00
[2023-07-02T22:11:10.869+0000] {processor.py:175} INFO - Processing /home/airflow/.local/lib/python3.7/site-packages/airflow/example_dags/example_short_circuit_operator.py took 0.190 seconds
[2023-07-02T22:49:08.437+0000] {processor.py:153} INFO - Started process (PID=2263) to work on /home/airflow/.local/lib/python3.7/site-packages/airflow/example_dags/example_short_circuit_operator.py
[2023-07-02T22:49:08.441+0000] {processor.py:743} INFO - Processing file /home/airflow/.local/lib/python3.7/site-packages/airflow/example_dags/example_short_circuit_operator.py for tasks to queue
[2023-07-02T22:49:08.445+0000] {logging_mixin.py:137} INFO - [2023-07-02T22:49:08.444+0000] {dagbag.py:538} INFO - Filling up the DagBag from /home/airflow/.local/lib/python3.7/site-packages/airflow/example_dags/example_short_circuit_operator.py
[2023-07-02T22:49:08.496+0000] {processor.py:753} INFO - DAG(s) dict_keys(['example_short_circuit_operator']) retrieved from /home/airflow/.local/lib/python3.7/site-packages/airflow/example_dags/example_short_circuit_operator.py
[2023-07-02T22:49:08.552+0000] {logging_mixin.py:137} INFO - [2023-07-02T22:49:08.551+0000] {dag.py:2690} INFO - Sync 1 DAGs
[2023-07-02T22:49:08.607+0000] {logging_mixin.py:137} INFO - [2023-07-02T22:49:08.606+0000] {dag.py:3441} INFO - Setting next_dagrun for example_short_circuit_operator to 2023-07-01T22:49:08.605057+00:00, run_after=2023-07-02T22:49:08.605057+00:00
[2023-07-02T22:49:08.665+0000] {processor.py:175} INFO - Processing /home/airflow/.local/lib/python3.7/site-packages/airflow/example_dags/example_short_circuit_operator.py took 0.236 seconds
[2023-07-02T22:49:40.691+0000] {processor.py:153} INFO - Started process (PID=2330) to work on /home/airflow/.local/lib/python3.7/site-packages/airflow/example_dags/example_short_circuit_operator.py
[2023-07-02T22:49:40.695+0000] {processor.py:743} INFO - Processing file /home/airflow/.local/lib/python3.7/site-packages/airflow/example_dags/example_short_circuit_operator.py for tasks to queue
[2023-07-02T22:49:40.700+0000] {logging_mixin.py:137} INFO - [2023-07-02T22:49:40.699+0000] {dagbag.py:538} INFO - Filling up the DagBag from /home/airflow/.local/lib/python3.7/site-packages/airflow/example_dags/example_short_circuit_operator.py
[2023-07-02T22:49:40.758+0000] {processor.py:753} INFO - DAG(s) dict_keys(['example_short_circuit_operator']) retrieved from /home/airflow/.local/lib/python3.7/site-packages/airflow/example_dags/example_short_circuit_operator.py
[2023-07-02T22:49:40.825+0000] {logging_mixin.py:137} INFO - [2023-07-02T22:49:40.824+0000] {dag.py:2690} INFO - Sync 1 DAGs
[2023-07-02T22:49:40.888+0000] {logging_mixin.py:137} INFO - [2023-07-02T22:49:40.888+0000] {dag.py:3441} INFO - Setting next_dagrun for example_short_circuit_operator to 2023-07-01T22:49:40.888171+00:00, run_after=2023-07-02T22:49:40.888171+00:00
[2023-07-02T22:49:40.941+0000] {processor.py:175} INFO - Processing /home/airflow/.local/lib/python3.7/site-packages/airflow/example_dags/example_short_circuit_operator.py took 0.262 seconds
[2023-07-02T22:50:11.209+0000] {processor.py:153} INFO - Started process (PID=2380) to work on /home/airflow/.local/lib/python3.7/site-packages/airflow/example_dags/example_short_circuit_operator.py
[2023-07-02T22:50:11.212+0000] {processor.py:743} INFO - Processing file /home/airflow/.local/lib/python3.7/site-packages/airflow/example_dags/example_short_circuit_operator.py for tasks to queue
[2023-07-02T22:50:11.217+0000] {logging_mixin.py:137} INFO - [2023-07-02T22:50:11.216+0000] {dagbag.py:538} INFO - Filling up the DagBag from /home/airflow/.local/lib/python3.7/site-packages/airflow/example_dags/example_short_circuit_operator.py
[2023-07-02T22:50:11.249+0000] {processor.py:753} INFO - DAG(s) dict_keys(['example_short_circuit_operator']) retrieved from /home/airflow/.local/lib/python3.7/site-packages/airflow/example_dags/example_short_circuit_operator.py
[2023-07-02T22:50:11.324+0000] {logging_mixin.py:137} INFO - [2023-07-02T22:50:11.324+0000] {dag.py:2690} INFO - Sync 1 DAGs
[2023-07-02T22:50:11.369+0000] {logging_mixin.py:137} INFO - [2023-07-02T22:50:11.369+0000] {dag.py:3441} INFO - Setting next_dagrun for example_short_circuit_operator to 2023-07-01T22:50:11.369196+00:00, run_after=2023-07-02T22:50:11.369196+00:00
[2023-07-02T22:50:11.400+0000] {processor.py:175} INFO - Processing /home/airflow/.local/lib/python3.7/site-packages/airflow/example_dags/example_short_circuit_operator.py took 0.195 seconds
[2023-07-02T22:50:44.751+0000] {processor.py:153} INFO - Started process (PID=2448) to work on /home/airflow/.local/lib/python3.7/site-packages/airflow/example_dags/example_short_circuit_operator.py
[2023-07-02T22:50:44.768+0000] {processor.py:743} INFO - Processing file /home/airflow/.local/lib/python3.7/site-packages/airflow/example_dags/example_short_circuit_operator.py for tasks to queue
[2023-07-02T22:50:44.776+0000] {logging_mixin.py:137} INFO - [2023-07-02T22:50:44.775+0000] {dagbag.py:538} INFO - Filling up the DagBag from /home/airflow/.local/lib/python3.7/site-packages/airflow/example_dags/example_short_circuit_operator.py
[2023-07-02T22:50:44.874+0000] {processor.py:753} INFO - DAG(s) dict_keys(['example_short_circuit_operator']) retrieved from /home/airflow/.local/lib/python3.7/site-packages/airflow/example_dags/example_short_circuit_operator.py
[2023-07-02T22:50:44.985+0000] {logging_mixin.py:137} INFO - [2023-07-02T22:50:44.985+0000] {dag.py:2690} INFO - Sync 1 DAGs
[2023-07-02T22:50:45.084+0000] {logging_mixin.py:137} INFO - [2023-07-02T22:50:45.083+0000] {dag.py:3441} INFO - Setting next_dagrun for example_short_circuit_operator to 2023-07-01T22:50:45.080648+00:00, run_after=2023-07-02T22:50:45.080648+00:00
[2023-07-02T22:50:45.158+0000] {processor.py:175} INFO - Processing /home/airflow/.local/lib/python3.7/site-packages/airflow/example_dags/example_short_circuit_operator.py took 0.427 seconds
[2023-07-02T22:55:17.530+0000] {processor.py:153} INFO - Started process (PID=2535) to work on /home/airflow/.local/lib/python3.7/site-packages/airflow/example_dags/example_short_circuit_operator.py
[2023-07-02T22:55:17.535+0000] {processor.py:743} INFO - Processing file /home/airflow/.local/lib/python3.7/site-packages/airflow/example_dags/example_short_circuit_operator.py for tasks to queue
[2023-07-02T22:55:17.540+0000] {logging_mixin.py:137} INFO - [2023-07-02T22:55:17.539+0000] {dagbag.py:538} INFO - Filling up the DagBag from /home/airflow/.local/lib/python3.7/site-packages/airflow/example_dags/example_short_circuit_operator.py
[2023-07-02T22:55:17.587+0000] {processor.py:753} INFO - DAG(s) dict_keys(['example_short_circuit_operator']) retrieved from /home/airflow/.local/lib/python3.7/site-packages/airflow/example_dags/example_short_circuit_operator.py
[2023-07-02T22:55:17.646+0000] {logging_mixin.py:137} INFO - [2023-07-02T22:55:17.646+0000] {dag.py:2690} INFO - Sync 1 DAGs
[2023-07-02T22:55:17.696+0000] {logging_mixin.py:137} INFO - [2023-07-02T22:55:17.696+0000] {dag.py:3441} INFO - Setting next_dagrun for example_short_circuit_operator to 2023-07-01T22:55:17.696180+00:00, run_after=2023-07-02T22:55:17.696180+00:00
[2023-07-02T22:55:17.735+0000] {processor.py:175} INFO - Processing /home/airflow/.local/lib/python3.7/site-packages/airflow/example_dags/example_short_circuit_operator.py took 0.219 seconds
[2023-07-02T22:55:56.672+0000] {processor.py:153} INFO - Started process (PID=2603) to work on /home/airflow/.local/lib/python3.7/site-packages/airflow/example_dags/example_short_circuit_operator.py
[2023-07-02T22:55:56.675+0000] {processor.py:743} INFO - Processing file /home/airflow/.local/lib/python3.7/site-packages/airflow/example_dags/example_short_circuit_operator.py for tasks to queue
[2023-07-02T22:55:56.679+0000] {logging_mixin.py:137} INFO - [2023-07-02T22:55:56.678+0000] {dagbag.py:538} INFO - Filling up the DagBag from /home/airflow/.local/lib/python3.7/site-packages/airflow/example_dags/example_short_circuit_operator.py
[2023-07-02T22:55:56.706+0000] {processor.py:753} INFO - DAG(s) dict_keys(['example_short_circuit_operator']) retrieved from /home/airflow/.local/lib/python3.7/site-packages/airflow/example_dags/example_short_circuit_operator.py
[2023-07-02T22:55:56.756+0000] {logging_mixin.py:137} INFO - [2023-07-02T22:55:56.756+0000] {dag.py:2690} INFO - Sync 1 DAGs
[2023-07-02T22:55:56.792+0000] {logging_mixin.py:137} INFO - [2023-07-02T22:55:56.791+0000] {dag.py:3441} INFO - Setting next_dagrun for example_short_circuit_operator to 2023-07-01T22:55:56.791629+00:00, run_after=2023-07-02T22:55:56.791629+00:00
[2023-07-02T22:55:56.822+0000] {processor.py:175} INFO - Processing /home/airflow/.local/lib/python3.7/site-packages/airflow/example_dags/example_short_circuit_operator.py took 0.156 seconds
[2023-07-02T22:56:27.374+0000] {processor.py:153} INFO - Started process (PID=2662) to work on /home/airflow/.local/lib/python3.7/site-packages/airflow/example_dags/example_short_circuit_operator.py
[2023-07-02T22:56:27.379+0000] {processor.py:743} INFO - Processing file /home/airflow/.local/lib/python3.7/site-packages/airflow/example_dags/example_short_circuit_operator.py for tasks to queue
[2023-07-02T22:56:27.384+0000] {logging_mixin.py:137} INFO - [2023-07-02T22:56:27.383+0000] {dagbag.py:538} INFO - Filling up the DagBag from /home/airflow/.local/lib/python3.7/site-packages/airflow/example_dags/example_short_circuit_operator.py
[2023-07-02T22:56:27.419+0000] {processor.py:753} INFO - DAG(s) dict_keys(['example_short_circuit_operator']) retrieved from /home/airflow/.local/lib/python3.7/site-packages/airflow/example_dags/example_short_circuit_operator.py
[2023-07-02T22:56:27.481+0000] {logging_mixin.py:137} INFO - [2023-07-02T22:56:27.481+0000] {dag.py:2690} INFO - Sync 1 DAGs
[2023-07-02T22:56:27.548+0000] {logging_mixin.py:137} INFO - [2023-07-02T22:56:27.548+0000] {dag.py:3441} INFO - Setting next_dagrun for example_short_circuit_operator to 2023-07-01T22:56:27.547822+00:00, run_after=2023-07-02T22:56:27.547822+00:00
[2023-07-02T22:56:27.587+0000] {processor.py:175} INFO - Processing /home/airflow/.local/lib/python3.7/site-packages/airflow/example_dags/example_short_circuit_operator.py took 0.220 seconds
[2023-07-02T23:02:35.271+0000] {processor.py:153} INFO - Started process (PID=2711) to work on /home/airflow/.local/lib/python3.7/site-packages/airflow/example_dags/example_short_circuit_operator.py
[2023-07-02T23:02:35.274+0000] {processor.py:743} INFO - Processing file /home/airflow/.local/lib/python3.7/site-packages/airflow/example_dags/example_short_circuit_operator.py for tasks to queue
[2023-07-02T23:02:35.277+0000] {logging_mixin.py:137} INFO - [2023-07-02T23:02:35.276+0000] {dagbag.py:538} INFO - Filling up the DagBag from /home/airflow/.local/lib/python3.7/site-packages/airflow/example_dags/example_short_circuit_operator.py
[2023-07-02T23:02:35.306+0000] {processor.py:753} INFO - DAG(s) dict_keys(['example_short_circuit_operator']) retrieved from /home/airflow/.local/lib/python3.7/site-packages/airflow/example_dags/example_short_circuit_operator.py
[2023-07-02T23:02:35.343+0000] {logging_mixin.py:137} INFO - [2023-07-02T23:02:35.343+0000] {dag.py:2690} INFO - Sync 1 DAGs
[2023-07-02T23:02:35.376+0000] {logging_mixin.py:137} INFO - [2023-07-02T23:02:35.375+0000] {dag.py:3441} INFO - Setting next_dagrun for example_short_circuit_operator to 2023-07-01T23:02:35.375556+00:00, run_after=2023-07-02T23:02:35.375556+00:00
[2023-07-02T23:02:35.420+0000] {processor.py:175} INFO - Processing /home/airflow/.local/lib/python3.7/site-packages/airflow/example_dags/example_short_circuit_operator.py took 0.154 seconds
[2023-07-02T23:03:18.196+0000] {processor.py:153} INFO - Started process (PID=2781) to work on /home/airflow/.local/lib/python3.7/site-packages/airflow/example_dags/example_short_circuit_operator.py
[2023-07-02T23:03:18.200+0000] {processor.py:743} INFO - Processing file /home/airflow/.local/lib/python3.7/site-packages/airflow/example_dags/example_short_circuit_operator.py for tasks to queue
[2023-07-02T23:03:18.205+0000] {logging_mixin.py:137} INFO - [2023-07-02T23:03:18.204+0000] {dagbag.py:538} INFO - Filling up the DagBag from /home/airflow/.local/lib/python3.7/site-packages/airflow/example_dags/example_short_circuit_operator.py
[2023-07-02T23:03:18.241+0000] {processor.py:753} INFO - DAG(s) dict_keys(['example_short_circuit_operator']) retrieved from /home/airflow/.local/lib/python3.7/site-packages/airflow/example_dags/example_short_circuit_operator.py
[2023-07-02T23:03:18.288+0000] {logging_mixin.py:137} INFO - [2023-07-02T23:03:18.288+0000] {dag.py:2690} INFO - Sync 1 DAGs
[2023-07-02T23:03:18.334+0000] {logging_mixin.py:137} INFO - [2023-07-02T23:03:18.334+0000] {dag.py:3441} INFO - Setting next_dagrun for example_short_circuit_operator to 2023-07-01T23:03:18.334068+00:00, run_after=2023-07-02T23:03:18.334068+00:00
[2023-07-02T23:03:18.365+0000] {processor.py:175} INFO - Processing /home/airflow/.local/lib/python3.7/site-packages/airflow/example_dags/example_short_circuit_operator.py took 0.183 seconds
[2023-07-02T23:04:01.168+0000] {processor.py:153} INFO - Started process (PID=2848) to work on /home/airflow/.local/lib/python3.7/site-packages/airflow/example_dags/example_short_circuit_operator.py
[2023-07-02T23:04:01.171+0000] {processor.py:743} INFO - Processing file /home/airflow/.local/lib/python3.7/site-packages/airflow/example_dags/example_short_circuit_operator.py for tasks to queue
[2023-07-02T23:04:01.174+0000] {logging_mixin.py:137} INFO - [2023-07-02T23:04:01.174+0000] {dagbag.py:538} INFO - Filling up the DagBag from /home/airflow/.local/lib/python3.7/site-packages/airflow/example_dags/example_short_circuit_operator.py
[2023-07-02T23:04:01.210+0000] {processor.py:753} INFO - DAG(s) dict_keys(['example_short_circuit_operator']) retrieved from /home/airflow/.local/lib/python3.7/site-packages/airflow/example_dags/example_short_circuit_operator.py
[2023-07-02T23:04:01.256+0000] {logging_mixin.py:137} INFO - [2023-07-02T23:04:01.256+0000] {dag.py:2690} INFO - Sync 1 DAGs
[2023-07-02T23:04:01.319+0000] {logging_mixin.py:137} INFO - [2023-07-02T23:04:01.318+0000] {dag.py:3441} INFO - Setting next_dagrun for example_short_circuit_operator to 2023-07-01T23:04:01.318420+00:00, run_after=2023-07-02T23:04:01.318420+00:00
[2023-07-02T23:04:01.349+0000] {processor.py:175} INFO - Processing /home/airflow/.local/lib/python3.7/site-packages/airflow/example_dags/example_short_circuit_operator.py took 0.190 seconds
[2023-07-02T23:07:24.663+0000] {processor.py:153} INFO - Started process (PID=2903) to work on /home/airflow/.local/lib/python3.7/site-packages/airflow/example_dags/example_short_circuit_operator.py
[2023-07-02T23:07:24.665+0000] {processor.py:743} INFO - Processing file /home/airflow/.local/lib/python3.7/site-packages/airflow/example_dags/example_short_circuit_operator.py for tasks to queue
[2023-07-02T23:07:24.667+0000] {logging_mixin.py:137} INFO - [2023-07-02T23:07:24.667+0000] {dagbag.py:538} INFO - Filling up the DagBag from /home/airflow/.local/lib/python3.7/site-packages/airflow/example_dags/example_short_circuit_operator.py
[2023-07-02T23:07:24.707+0000] {processor.py:753} INFO - DAG(s) dict_keys(['example_short_circuit_operator']) retrieved from /home/airflow/.local/lib/python3.7/site-packages/airflow/example_dags/example_short_circuit_operator.py
[2023-07-02T23:07:24.751+0000] {logging_mixin.py:137} INFO - [2023-07-02T23:07:24.751+0000] {dag.py:2690} INFO - Sync 1 DAGs
[2023-07-02T23:07:24.794+0000] {logging_mixin.py:137} INFO - [2023-07-02T23:07:24.794+0000] {dag.py:3441} INFO - Setting next_dagrun for example_short_circuit_operator to 2023-07-01T23:07:24.794101+00:00, run_after=2023-07-02T23:07:24.794101+00:00
[2023-07-02T23:07:24.831+0000] {processor.py:175} INFO - Processing /home/airflow/.local/lib/python3.7/site-packages/airflow/example_dags/example_short_circuit_operator.py took 0.175 seconds
[2023-07-02T23:08:23.366+0000] {processor.py:153} INFO - Started process (PID=2971) to work on /home/airflow/.local/lib/python3.7/site-packages/airflow/example_dags/example_short_circuit_operator.py
[2023-07-02T23:08:23.371+0000] {processor.py:743} INFO - Processing file /home/airflow/.local/lib/python3.7/site-packages/airflow/example_dags/example_short_circuit_operator.py for tasks to queue
[2023-07-02T23:08:23.375+0000] {logging_mixin.py:137} INFO - [2023-07-02T23:08:23.374+0000] {dagbag.py:538} INFO - Filling up the DagBag from /home/airflow/.local/lib/python3.7/site-packages/airflow/example_dags/example_short_circuit_operator.py
[2023-07-02T23:08:23.431+0000] {processor.py:753} INFO - DAG(s) dict_keys(['example_short_circuit_operator']) retrieved from /home/airflow/.local/lib/python3.7/site-packages/airflow/example_dags/example_short_circuit_operator.py
[2023-07-02T23:08:23.506+0000] {logging_mixin.py:137} INFO - [2023-07-02T23:08:23.505+0000] {dag.py:2690} INFO - Sync 1 DAGs
[2023-07-02T23:08:23.560+0000] {logging_mixin.py:137} INFO - [2023-07-02T23:08:23.560+0000] {dag.py:3441} INFO - Setting next_dagrun for example_short_circuit_operator to 2023-07-01T23:08:23.559618+00:00, run_after=2023-07-02T23:08:23.559618+00:00
[2023-07-02T23:08:23.618+0000] {processor.py:175} INFO - Processing /home/airflow/.local/lib/python3.7/site-packages/airflow/example_dags/example_short_circuit_operator.py took 0.263 seconds
[2023-07-02T23:09:09.494+0000] {processor.py:153} INFO - Started process (PID=3043) to work on /home/airflow/.local/lib/python3.7/site-packages/airflow/example_dags/example_short_circuit_operator.py
[2023-07-02T23:09:09.497+0000] {processor.py:743} INFO - Processing file /home/airflow/.local/lib/python3.7/site-packages/airflow/example_dags/example_short_circuit_operator.py for tasks to queue
[2023-07-02T23:09:09.500+0000] {logging_mixin.py:137} INFO - [2023-07-02T23:09:09.500+0000] {dagbag.py:538} INFO - Filling up the DagBag from /home/airflow/.local/lib/python3.7/site-packages/airflow/example_dags/example_short_circuit_operator.py
[2023-07-02T23:09:09.535+0000] {processor.py:753} INFO - DAG(s) dict_keys(['example_short_circuit_operator']) retrieved from /home/airflow/.local/lib/python3.7/site-packages/airflow/example_dags/example_short_circuit_operator.py
[2023-07-02T23:09:09.578+0000] {logging_mixin.py:137} INFO - [2023-07-02T23:09:09.578+0000] {dag.py:2690} INFO - Sync 1 DAGs
[2023-07-02T23:09:09.618+0000] {logging_mixin.py:137} INFO - [2023-07-02T23:09:09.618+0000] {dag.py:3441} INFO - Setting next_dagrun for example_short_circuit_operator to 2023-07-01T23:09:09.617817+00:00, run_after=2023-07-02T23:09:09.617817+00:00
[2023-07-02T23:09:09.661+0000] {processor.py:175} INFO - Processing /home/airflow/.local/lib/python3.7/site-packages/airflow/example_dags/example_short_circuit_operator.py took 0.180 seconds
