[2023-02-21 11:38:37,392] {taskinstance.py:1032} INFO - Dependencies all met for <TaskInstance: data_ingestion_gcs_dag.format_to_parquet_task scheduled__2023-02-18T00:00:00+00:00 [queued]>
[2023-02-21 11:38:37,409] {taskinstance.py:1032} INFO - Dependencies all met for <TaskInstance: data_ingestion_gcs_dag.format_to_parquet_task scheduled__2023-02-18T00:00:00+00:00 [queued]>
[2023-02-21 11:38:37,411] {taskinstance.py:1238} INFO - 
--------------------------------------------------------------------------------
[2023-02-21 11:38:37,412] {taskinstance.py:1239} INFO - Starting attempt 1 of 2
[2023-02-21 11:38:37,414] {taskinstance.py:1240} INFO - 
--------------------------------------------------------------------------------
[2023-02-21 11:38:37,439] {taskinstance.py:1259} INFO - Executing <Task(PythonOperator): format_to_parquet_task> on 2023-02-18 00:00:00+00:00
[2023-02-21 11:38:37,452] {standard_task_runner.py:52} INFO - Started process 81 to run task
[2023-02-21 11:38:37,459] {standard_task_runner.py:76} INFO - Running: ['***', 'tasks', 'run', 'data_ingestion_gcs_dag', 'format_to_parquet_task', 'scheduled__2023-02-18T00:00:00+00:00', '--job-id', '14', '--raw', '--subdir', 'DAGS_FOLDER/data_ingestion_gcs_dag.py', '--cfg-path', '/tmp/tmpwvmr3xcv', '--error-file', '/tmp/tmp29h4qjgu']
[2023-02-21 11:38:37,481] {standard_task_runner.py:77} INFO - Job 14: Subtask format_to_parquet_task
[2023-02-21 11:38:37,607] {logging_mixin.py:109} INFO - Running <TaskInstance: data_ingestion_gcs_dag.format_to_parquet_task scheduled__2023-02-18T00:00:00+00:00 [running]> on host 15476612e0ea
[2023-02-21 11:38:37,687] {taskinstance.py:1426} INFO - Exporting the following env vars:
AIRFLOW_CTX_DAG_OWNER=***
AIRFLOW_CTX_DAG_ID=data_ingestion_gcs_dag
AIRFLOW_CTX_TASK_ID=format_to_parquet_task
AIRFLOW_CTX_EXECUTION_DATE=2023-02-18T00:00:00+00:00
AIRFLOW_CTX_DAG_RUN_ID=scheduled__2023-02-18T00:00:00+00:00
[2023-02-21 11:38:37,848] {python.py:175} INFO - Done. Returned value was: None
[2023-02-21 11:38:37,867] {taskinstance.py:1277} INFO - Marking task as SUCCESS. dag_id=data_ingestion_gcs_dag, task_id=format_to_parquet_task, execution_date=20230218T000000, start_date=20230221T113837, end_date=20230221T113837
[2023-02-21 11:38:37,922] {local_task_job.py:154} INFO - Task exited with return code 0
[2023-02-21 11:38:38,070] {local_task_job.py:264} INFO - 0 downstream tasks scheduled from follow-on schedule check
