[2023-03-08T01:49:41.051+0000] {processor.py:153} INFO - Started process (PID=12195) to work on /home/airflow/.local/lib/python3.7/site-packages/airflow/example_dags/example_short_circuit_decorator.py
[2023-03-08T01:49:41.058+0000] {processor.py:743} INFO - Processing file /home/airflow/.local/lib/python3.7/site-packages/airflow/example_dags/example_short_circuit_decorator.py for tasks to queue
[2023-03-08T01:49:41.065+0000] {logging_mixin.py:137} INFO - [2023-03-08T01:49:41.065+0000] {dagbag.py:538} INFO - Filling up the DagBag from /home/airflow/.local/lib/python3.7/site-packages/airflow/example_dags/example_short_circuit_decorator.py
[2023-03-08T01:49:41.229+0000] {processor.py:753} INFO - DAG(s) dict_keys(['example_short_circuit_decorator']) retrieved from /home/airflow/.local/lib/python3.7/site-packages/airflow/example_dags/example_short_circuit_decorator.py
[2023-03-08T01:49:41.341+0000] {logging_mixin.py:137} INFO - [2023-03-08T01:49:41.341+0000] {dag.py:2690} INFO - Sync 1 DAGs
[2023-03-08T01:49:41.393+0000] {logging_mixin.py:137} INFO - [2023-03-08T01:49:41.393+0000] {dag.py:3441} INFO - Setting next_dagrun for example_short_circuit_decorator to 2023-03-07T01:49:41.393093+00:00, run_after=2023-03-08T01:49:41.393093+00:00
[2023-03-08T01:49:41.424+0000] {processor.py:175} INFO - Processing /home/airflow/.local/lib/python3.7/site-packages/airflow/example_dags/example_short_circuit_decorator.py took 0.396 seconds
[2023-03-08T03:17:57.432+0000] {processor.py:153} INFO - Started process (PID=12234) to work on /home/airflow/.local/lib/python3.7/site-packages/airflow/example_dags/example_short_circuit_decorator.py
[2023-03-08T03:17:57.460+0000] {processor.py:743} INFO - Processing file /home/airflow/.local/lib/python3.7/site-packages/airflow/example_dags/example_short_circuit_decorator.py for tasks to queue
[2023-03-08T03:17:57.465+0000] {logging_mixin.py:137} INFO - [2023-03-08T03:17:57.464+0000] {dagbag.py:538} INFO - Filling up the DagBag from /home/airflow/.local/lib/python3.7/site-packages/airflow/example_dags/example_short_circuit_decorator.py
[2023-03-08T03:17:57.588+0000] {processor.py:753} INFO - DAG(s) dict_keys(['example_short_circuit_decorator']) retrieved from /home/airflow/.local/lib/python3.7/site-packages/airflow/example_dags/example_short_circuit_decorator.py
[2023-03-08T03:17:57.734+0000] {logging_mixin.py:137} INFO - [2023-03-08T03:17:57.734+0000] {dag.py:2690} INFO - Sync 1 DAGs
[2023-03-08T03:17:57.804+0000] {logging_mixin.py:137} INFO - [2023-03-08T03:17:57.803+0000] {dag.py:3441} INFO - Setting next_dagrun for example_short_circuit_decorator to 2023-03-07T03:17:57.803316+00:00, run_after=2023-03-08T03:17:57.803316+00:00
[2023-03-08T03:17:57.853+0000] {processor.py:175} INFO - Processing /home/airflow/.local/lib/python3.7/site-packages/airflow/example_dags/example_short_circuit_decorator.py took 0.434 seconds
[2023-03-08T11:47:13.603+0000] {processor.py:153} INFO - Started process (PID=12273) to work on /home/airflow/.local/lib/python3.7/site-packages/airflow/example_dags/example_short_circuit_decorator.py
[2023-03-08T11:47:13.659+0000] {processor.py:743} INFO - Processing file /home/airflow/.local/lib/python3.7/site-packages/airflow/example_dags/example_short_circuit_decorator.py for tasks to queue
[2023-03-08T11:47:13.661+0000] {logging_mixin.py:137} INFO - [2023-03-08T11:47:13.661+0000] {dagbag.py:538} INFO - Filling up the DagBag from /home/airflow/.local/lib/python3.7/site-packages/airflow/example_dags/example_short_circuit_decorator.py
[2023-03-08T11:47:13.954+0000] {processor.py:753} INFO - DAG(s) dict_keys(['example_short_circuit_decorator']) retrieved from /home/airflow/.local/lib/python3.7/site-packages/airflow/example_dags/example_short_circuit_decorator.py
[2023-03-08T11:47:14.298+0000] {logging_mixin.py:137} INFO - [2023-03-08T11:47:14.261+0000] {dag.py:2690} INFO - Sync 1 DAGs
[2023-03-08T11:47:14.540+0000] {logging_mixin.py:137} INFO - [2023-03-08T11:47:14.540+0000] {dag.py:3441} INFO - Setting next_dagrun for example_short_circuit_decorator to 2023-03-07T11:47:14.539725+00:00, run_after=2023-03-08T11:47:14.539725+00:00
[2023-03-08T11:47:14.665+0000] {processor.py:175} INFO - Processing /home/airflow/.local/lib/python3.7/site-packages/airflow/example_dags/example_short_circuit_decorator.py took 1.313 seconds
[2023-03-08T11:56:51.378+0000] {processor.py:153} INFO - Started process (PID=12332) to work on /home/airflow/.local/lib/python3.7/site-packages/airflow/example_dags/example_short_circuit_decorator.py
[2023-03-08T11:56:51.410+0000] {processor.py:743} INFO - Processing file /home/airflow/.local/lib/python3.7/site-packages/airflow/example_dags/example_short_circuit_decorator.py for tasks to queue
[2023-03-08T11:56:51.461+0000] {logging_mixin.py:137} INFO - [2023-03-08T11:56:51.446+0000] {dagbag.py:538} INFO - Filling up the DagBag from /home/airflow/.local/lib/python3.7/site-packages/airflow/example_dags/example_short_circuit_decorator.py
[2023-03-08T11:56:51.706+0000] {processor.py:753} INFO - DAG(s) dict_keys(['example_short_circuit_decorator']) retrieved from /home/airflow/.local/lib/python3.7/site-packages/airflow/example_dags/example_short_circuit_decorator.py
[2023-03-08T11:56:52.030+0000] {logging_mixin.py:137} INFO - [2023-03-08T11:56:52.030+0000] {dag.py:2690} INFO - Sync 1 DAGs
[2023-03-08T11:56:52.161+0000] {logging_mixin.py:137} INFO - [2023-03-08T11:56:52.161+0000] {dag.py:3441} INFO - Setting next_dagrun for example_short_circuit_decorator to 2023-03-07T11:56:52.160835+00:00, run_after=2023-03-08T11:56:52.160835+00:00
[2023-03-08T11:56:52.326+0000] {processor.py:175} INFO - Processing /home/airflow/.local/lib/python3.7/site-packages/airflow/example_dags/example_short_circuit_decorator.py took 1.006 seconds
[2023-03-08T11:57:23.013+0000] {processor.py:153} INFO - Started process (PID=12390) to work on /home/airflow/.local/lib/python3.7/site-packages/airflow/example_dags/example_short_circuit_decorator.py
[2023-03-08T11:57:23.018+0000] {processor.py:743} INFO - Processing file /home/airflow/.local/lib/python3.7/site-packages/airflow/example_dags/example_short_circuit_decorator.py for tasks to queue
[2023-03-08T11:57:23.022+0000] {logging_mixin.py:137} INFO - [2023-03-08T11:57:23.022+0000] {dagbag.py:538} INFO - Filling up the DagBag from /home/airflow/.local/lib/python3.7/site-packages/airflow/example_dags/example_short_circuit_decorator.py
[2023-03-08T11:57:23.069+0000] {processor.py:753} INFO - DAG(s) dict_keys(['example_short_circuit_decorator']) retrieved from /home/airflow/.local/lib/python3.7/site-packages/airflow/example_dags/example_short_circuit_decorator.py
[2023-03-08T11:57:23.123+0000] {logging_mixin.py:137} INFO - [2023-03-08T11:57:23.123+0000] {dag.py:2690} INFO - Sync 1 DAGs
[2023-03-08T11:57:23.171+0000] {logging_mixin.py:137} INFO - [2023-03-08T11:57:23.171+0000] {dag.py:3441} INFO - Setting next_dagrun for example_short_circuit_decorator to 2023-03-07T11:57:23.170652+00:00, run_after=2023-03-08T11:57:23.170652+00:00
[2023-03-08T11:57:23.220+0000] {processor.py:175} INFO - Processing /home/airflow/.local/lib/python3.7/site-packages/airflow/example_dags/example_short_circuit_decorator.py took 0.219 seconds
[2023-03-08T11:57:53.343+0000] {processor.py:153} INFO - Started process (PID=12450) to work on /home/airflow/.local/lib/python3.7/site-packages/airflow/example_dags/example_short_circuit_decorator.py
[2023-03-08T11:57:53.348+0000] {processor.py:743} INFO - Processing file /home/airflow/.local/lib/python3.7/site-packages/airflow/example_dags/example_short_circuit_decorator.py for tasks to queue
[2023-03-08T11:57:53.353+0000] {logging_mixin.py:137} INFO - [2023-03-08T11:57:53.352+0000] {dagbag.py:538} INFO - Filling up the DagBag from /home/airflow/.local/lib/python3.7/site-packages/airflow/example_dags/example_short_circuit_decorator.py
[2023-03-08T11:57:53.442+0000] {processor.py:753} INFO - DAG(s) dict_keys(['example_short_circuit_decorator']) retrieved from /home/airflow/.local/lib/python3.7/site-packages/airflow/example_dags/example_short_circuit_decorator.py
[2023-03-08T11:57:53.486+0000] {logging_mixin.py:137} INFO - [2023-03-08T11:57:53.486+0000] {dag.py:2690} INFO - Sync 1 DAGs
[2023-03-08T11:57:53.524+0000] {logging_mixin.py:137} INFO - [2023-03-08T11:57:53.524+0000] {dag.py:3441} INFO - Setting next_dagrun for example_short_circuit_decorator to 2023-03-07T11:57:53.524263+00:00, run_after=2023-03-08T11:57:53.524263+00:00
[2023-03-08T11:57:53.580+0000] {processor.py:175} INFO - Processing /home/airflow/.local/lib/python3.7/site-packages/airflow/example_dags/example_short_circuit_decorator.py took 0.258 seconds
[2023-03-08T11:58:24.219+0000] {processor.py:153} INFO - Started process (PID=12508) to work on /home/airflow/.local/lib/python3.7/site-packages/airflow/example_dags/example_short_circuit_decorator.py
[2023-03-08T11:58:24.222+0000] {processor.py:743} INFO - Processing file /home/airflow/.local/lib/python3.7/site-packages/airflow/example_dags/example_short_circuit_decorator.py for tasks to queue
[2023-03-08T11:58:24.226+0000] {logging_mixin.py:137} INFO - [2023-03-08T11:58:24.225+0000] {dagbag.py:538} INFO - Filling up the DagBag from /home/airflow/.local/lib/python3.7/site-packages/airflow/example_dags/example_short_circuit_decorator.py
[2023-03-08T11:58:24.278+0000] {processor.py:753} INFO - DAG(s) dict_keys(['example_short_circuit_decorator']) retrieved from /home/airflow/.local/lib/python3.7/site-packages/airflow/example_dags/example_short_circuit_decorator.py
[2023-03-08T11:58:24.310+0000] {logging_mixin.py:137} INFO - [2023-03-08T11:58:24.310+0000] {dag.py:2690} INFO - Sync 1 DAGs
[2023-03-08T11:58:24.346+0000] {logging_mixin.py:137} INFO - [2023-03-08T11:58:24.346+0000] {dag.py:3441} INFO - Setting next_dagrun for example_short_circuit_decorator to 2023-03-07T11:58:24.346360+00:00, run_after=2023-03-08T11:58:24.346360+00:00
[2023-03-08T11:58:24.375+0000] {processor.py:175} INFO - Processing /home/airflow/.local/lib/python3.7/site-packages/airflow/example_dags/example_short_circuit_decorator.py took 0.172 seconds
[2023-03-08T11:58:55.097+0000] {processor.py:153} INFO - Started process (PID=12576) to work on /home/airflow/.local/lib/python3.7/site-packages/airflow/example_dags/example_short_circuit_decorator.py
[2023-03-08T11:58:55.099+0000] {processor.py:743} INFO - Processing file /home/airflow/.local/lib/python3.7/site-packages/airflow/example_dags/example_short_circuit_decorator.py for tasks to queue
[2023-03-08T11:58:55.102+0000] {logging_mixin.py:137} INFO - [2023-03-08T11:58:55.101+0000] {dagbag.py:538} INFO - Filling up the DagBag from /home/airflow/.local/lib/python3.7/site-packages/airflow/example_dags/example_short_circuit_decorator.py
[2023-03-08T11:58:55.137+0000] {processor.py:753} INFO - DAG(s) dict_keys(['example_short_circuit_decorator']) retrieved from /home/airflow/.local/lib/python3.7/site-packages/airflow/example_dags/example_short_circuit_decorator.py
[2023-03-08T11:58:55.178+0000] {logging_mixin.py:137} INFO - [2023-03-08T11:58:55.178+0000] {dag.py:2690} INFO - Sync 1 DAGs
[2023-03-08T11:58:55.212+0000] {logging_mixin.py:137} INFO - [2023-03-08T11:58:55.212+0000] {dag.py:3441} INFO - Setting next_dagrun for example_short_circuit_decorator to 2023-03-07T11:58:55.211813+00:00, run_after=2023-03-08T11:58:55.211813+00:00
[2023-03-08T11:58:55.257+0000] {processor.py:175} INFO - Processing /home/airflow/.local/lib/python3.7/site-packages/airflow/example_dags/example_short_circuit_decorator.py took 0.167 seconds
[2023-03-08T11:59:27.264+0000] {processor.py:153} INFO - Started process (PID=12633) to work on /home/airflow/.local/lib/python3.7/site-packages/airflow/example_dags/example_short_circuit_decorator.py
[2023-03-08T11:59:27.270+0000] {processor.py:743} INFO - Processing file /home/airflow/.local/lib/python3.7/site-packages/airflow/example_dags/example_short_circuit_decorator.py for tasks to queue
[2023-03-08T11:59:27.278+0000] {logging_mixin.py:137} INFO - [2023-03-08T11:59:27.278+0000] {dagbag.py:538} INFO - Filling up the DagBag from /home/airflow/.local/lib/python3.7/site-packages/airflow/example_dags/example_short_circuit_decorator.py
[2023-03-08T11:59:27.525+0000] {processor.py:753} INFO - DAG(s) dict_keys(['example_short_circuit_decorator']) retrieved from /home/airflow/.local/lib/python3.7/site-packages/airflow/example_dags/example_short_circuit_decorator.py
[2023-03-08T11:59:27.699+0000] {logging_mixin.py:137} INFO - [2023-03-08T11:59:27.699+0000] {dag.py:2690} INFO - Sync 1 DAGs
[2023-03-08T11:59:27.814+0000] {logging_mixin.py:137} INFO - [2023-03-08T11:59:27.813+0000] {dag.py:3441} INFO - Setting next_dagrun for example_short_circuit_decorator to 2023-03-07T11:59:27.813491+00:00, run_after=2023-03-08T11:59:27.813491+00:00
[2023-03-08T11:59:27.914+0000] {processor.py:175} INFO - Processing /home/airflow/.local/lib/python3.7/site-packages/airflow/example_dags/example_short_circuit_decorator.py took 0.687 seconds
[2023-03-08T11:59:58.540+0000] {processor.py:153} INFO - Started process (PID=12692) to work on /home/airflow/.local/lib/python3.7/site-packages/airflow/example_dags/example_short_circuit_decorator.py
[2023-03-08T11:59:58.543+0000] {processor.py:743} INFO - Processing file /home/airflow/.local/lib/python3.7/site-packages/airflow/example_dags/example_short_circuit_decorator.py for tasks to queue
[2023-03-08T11:59:58.545+0000] {logging_mixin.py:137} INFO - [2023-03-08T11:59:58.545+0000] {dagbag.py:538} INFO - Filling up the DagBag from /home/airflow/.local/lib/python3.7/site-packages/airflow/example_dags/example_short_circuit_decorator.py
[2023-03-08T11:59:58.583+0000] {processor.py:753} INFO - DAG(s) dict_keys(['example_short_circuit_decorator']) retrieved from /home/airflow/.local/lib/python3.7/site-packages/airflow/example_dags/example_short_circuit_decorator.py
[2023-03-08T11:59:58.624+0000] {logging_mixin.py:137} INFO - [2023-03-08T11:59:58.623+0000] {dag.py:2690} INFO - Sync 1 DAGs
[2023-03-08T11:59:58.655+0000] {logging_mixin.py:137} INFO - [2023-03-08T11:59:58.655+0000] {dag.py:3441} INFO - Setting next_dagrun for example_short_circuit_decorator to 2023-03-07T11:59:58.654565+00:00, run_after=2023-03-08T11:59:58.654565+00:00
[2023-03-08T11:59:58.684+0000] {processor.py:175} INFO - Processing /home/airflow/.local/lib/python3.7/site-packages/airflow/example_dags/example_short_circuit_decorator.py took 0.156 seconds
[2023-03-08T12:00:29.683+0000] {processor.py:153} INFO - Started process (PID=12750) to work on /home/airflow/.local/lib/python3.7/site-packages/airflow/example_dags/example_short_circuit_decorator.py
[2023-03-08T12:00:29.687+0000] {processor.py:743} INFO - Processing file /home/airflow/.local/lib/python3.7/site-packages/airflow/example_dags/example_short_circuit_decorator.py for tasks to queue
[2023-03-08T12:00:29.690+0000] {logging_mixin.py:137} INFO - [2023-03-08T12:00:29.689+0000] {dagbag.py:538} INFO - Filling up the DagBag from /home/airflow/.local/lib/python3.7/site-packages/airflow/example_dags/example_short_circuit_decorator.py
[2023-03-08T12:00:29.727+0000] {processor.py:753} INFO - DAG(s) dict_keys(['example_short_circuit_decorator']) retrieved from /home/airflow/.local/lib/python3.7/site-packages/airflow/example_dags/example_short_circuit_decorator.py
[2023-03-08T12:00:29.771+0000] {logging_mixin.py:137} INFO - [2023-03-08T12:00:29.771+0000] {dag.py:2690} INFO - Sync 1 DAGs
[2023-03-08T12:00:29.814+0000] {logging_mixin.py:137} INFO - [2023-03-08T12:00:29.813+0000] {dag.py:3441} INFO - Setting next_dagrun for example_short_circuit_decorator to 2023-03-07T12:00:29.812828+00:00, run_after=2023-03-08T12:00:29.812828+00:00
[2023-03-08T12:00:29.849+0000] {processor.py:175} INFO - Processing /home/airflow/.local/lib/python3.7/site-packages/airflow/example_dags/example_short_circuit_decorator.py took 0.177 seconds
[2023-03-08T12:01:00.741+0000] {processor.py:153} INFO - Started process (PID=12815) to work on /home/airflow/.local/lib/python3.7/site-packages/airflow/example_dags/example_short_circuit_decorator.py
[2023-03-08T12:01:00.746+0000] {processor.py:743} INFO - Processing file /home/airflow/.local/lib/python3.7/site-packages/airflow/example_dags/example_short_circuit_decorator.py for tasks to queue
[2023-03-08T12:01:00.750+0000] {logging_mixin.py:137} INFO - [2023-03-08T12:01:00.749+0000] {dagbag.py:538} INFO - Filling up the DagBag from /home/airflow/.local/lib/python3.7/site-packages/airflow/example_dags/example_short_circuit_decorator.py
[2023-03-08T12:01:00.847+0000] {processor.py:753} INFO - DAG(s) dict_keys(['example_short_circuit_decorator']) retrieved from /home/airflow/.local/lib/python3.7/site-packages/airflow/example_dags/example_short_circuit_decorator.py
[2023-03-08T12:01:00.918+0000] {logging_mixin.py:137} INFO - [2023-03-08T12:01:00.918+0000] {dag.py:2690} INFO - Sync 1 DAGs
[2023-03-08T12:01:01.002+0000] {logging_mixin.py:137} INFO - [2023-03-08T12:01:00.999+0000] {dag.py:3441} INFO - Setting next_dagrun for example_short_circuit_decorator to 2023-03-07T12:01:00.999165+00:00, run_after=2023-03-08T12:01:00.999165+00:00
[2023-03-08T12:01:01.059+0000] {processor.py:175} INFO - Processing /home/airflow/.local/lib/python3.7/site-packages/airflow/example_dags/example_short_circuit_decorator.py took 0.333 seconds
[2023-03-08T12:01:31.894+0000] {processor.py:153} INFO - Started process (PID=12875) to work on /home/airflow/.local/lib/python3.7/site-packages/airflow/example_dags/example_short_circuit_decorator.py
[2023-03-08T12:01:31.896+0000] {processor.py:743} INFO - Processing file /home/airflow/.local/lib/python3.7/site-packages/airflow/example_dags/example_short_circuit_decorator.py for tasks to queue
[2023-03-08T12:01:31.899+0000] {logging_mixin.py:137} INFO - [2023-03-08T12:01:31.899+0000] {dagbag.py:538} INFO - Filling up the DagBag from /home/airflow/.local/lib/python3.7/site-packages/airflow/example_dags/example_short_circuit_decorator.py
[2023-03-08T12:01:31.949+0000] {processor.py:753} INFO - DAG(s) dict_keys(['example_short_circuit_decorator']) retrieved from /home/airflow/.local/lib/python3.7/site-packages/airflow/example_dags/example_short_circuit_decorator.py
[2023-03-08T12:01:31.990+0000] {logging_mixin.py:137} INFO - [2023-03-08T12:01:31.990+0000] {dag.py:2690} INFO - Sync 1 DAGs
[2023-03-08T12:01:32.021+0000] {logging_mixin.py:137} INFO - [2023-03-08T12:01:32.020+0000] {dag.py:3441} INFO - Setting next_dagrun for example_short_circuit_decorator to 2023-03-07T12:01:32.020403+00:00, run_after=2023-03-08T12:01:32.020403+00:00
[2023-03-08T12:01:32.052+0000] {processor.py:175} INFO - Processing /home/airflow/.local/lib/python3.7/site-packages/airflow/example_dags/example_short_circuit_decorator.py took 0.167 seconds
[2023-03-08T12:02:02.447+0000] {processor.py:153} INFO - Started process (PID=12933) to work on /home/airflow/.local/lib/python3.7/site-packages/airflow/example_dags/example_short_circuit_decorator.py
[2023-03-08T12:02:02.451+0000] {processor.py:743} INFO - Processing file /home/airflow/.local/lib/python3.7/site-packages/airflow/example_dags/example_short_circuit_decorator.py for tasks to queue
[2023-03-08T12:02:02.454+0000] {logging_mixin.py:137} INFO - [2023-03-08T12:02:02.454+0000] {dagbag.py:538} INFO - Filling up the DagBag from /home/airflow/.local/lib/python3.7/site-packages/airflow/example_dags/example_short_circuit_decorator.py
[2023-03-08T12:02:02.529+0000] {processor.py:753} INFO - DAG(s) dict_keys(['example_short_circuit_decorator']) retrieved from /home/airflow/.local/lib/python3.7/site-packages/airflow/example_dags/example_short_circuit_decorator.py
[2023-03-08T12:02:02.600+0000] {logging_mixin.py:137} INFO - [2023-03-08T12:02:02.599+0000] {dag.py:2690} INFO - Sync 1 DAGs
[2023-03-08T12:02:02.695+0000] {logging_mixin.py:137} INFO - [2023-03-08T12:02:02.695+0000] {dag.py:3441} INFO - Setting next_dagrun for example_short_circuit_decorator to 2023-03-07T12:02:02.694739+00:00, run_after=2023-03-08T12:02:02.694739+00:00
[2023-03-08T12:02:02.796+0000] {processor.py:175} INFO - Processing /home/airflow/.local/lib/python3.7/site-packages/airflow/example_dags/example_short_circuit_decorator.py took 0.367 seconds
[2023-03-08T12:02:33.492+0000] {processor.py:153} INFO - Started process (PID=13000) to work on /home/airflow/.local/lib/python3.7/site-packages/airflow/example_dags/example_short_circuit_decorator.py
[2023-03-08T12:02:33.496+0000] {processor.py:743} INFO - Processing file /home/airflow/.local/lib/python3.7/site-packages/airflow/example_dags/example_short_circuit_decorator.py for tasks to queue
[2023-03-08T12:02:33.499+0000] {logging_mixin.py:137} INFO - [2023-03-08T12:02:33.499+0000] {dagbag.py:538} INFO - Filling up the DagBag from /home/airflow/.local/lib/python3.7/site-packages/airflow/example_dags/example_short_circuit_decorator.py
[2023-03-08T12:02:33.550+0000] {processor.py:753} INFO - DAG(s) dict_keys(['example_short_circuit_decorator']) retrieved from /home/airflow/.local/lib/python3.7/site-packages/airflow/example_dags/example_short_circuit_decorator.py
[2023-03-08T12:02:33.602+0000] {logging_mixin.py:137} INFO - [2023-03-08T12:02:33.601+0000] {dag.py:2690} INFO - Sync 1 DAGs
[2023-03-08T12:02:33.665+0000] {logging_mixin.py:137} INFO - [2023-03-08T12:02:33.662+0000] {dag.py:3441} INFO - Setting next_dagrun for example_short_circuit_decorator to 2023-03-07T12:02:33.661633+00:00, run_after=2023-03-08T12:02:33.661633+00:00
[2023-03-08T12:02:33.723+0000] {processor.py:175} INFO - Processing /home/airflow/.local/lib/python3.7/site-packages/airflow/example_dags/example_short_circuit_decorator.py took 0.250 seconds
[2023-03-08T12:03:03.806+0000] {processor.py:153} INFO - Started process (PID=13060) to work on /home/airflow/.local/lib/python3.7/site-packages/airflow/example_dags/example_short_circuit_decorator.py
[2023-03-08T12:03:03.809+0000] {processor.py:743} INFO - Processing file /home/airflow/.local/lib/python3.7/site-packages/airflow/example_dags/example_short_circuit_decorator.py for tasks to queue
[2023-03-08T12:03:03.813+0000] {logging_mixin.py:137} INFO - [2023-03-08T12:03:03.812+0000] {dagbag.py:538} INFO - Filling up the DagBag from /home/airflow/.local/lib/python3.7/site-packages/airflow/example_dags/example_short_circuit_decorator.py
[2023-03-08T12:03:03.851+0000] {processor.py:753} INFO - DAG(s) dict_keys(['example_short_circuit_decorator']) retrieved from /home/airflow/.local/lib/python3.7/site-packages/airflow/example_dags/example_short_circuit_decorator.py
[2023-03-08T12:03:03.900+0000] {logging_mixin.py:137} INFO - [2023-03-08T12:03:03.900+0000] {dag.py:2690} INFO - Sync 1 DAGs
[2023-03-08T12:03:03.937+0000] {logging_mixin.py:137} INFO - [2023-03-08T12:03:03.936+0000] {dag.py:3441} INFO - Setting next_dagrun for example_short_circuit_decorator to 2023-03-07T12:03:03.936507+00:00, run_after=2023-03-08T12:03:03.936507+00:00
[2023-03-08T12:03:03.969+0000] {processor.py:175} INFO - Processing /home/airflow/.local/lib/python3.7/site-packages/airflow/example_dags/example_short_circuit_decorator.py took 0.172 seconds
[2023-03-08T12:03:34.885+0000] {processor.py:153} INFO - Started process (PID=13119) to work on /home/airflow/.local/lib/python3.7/site-packages/airflow/example_dags/example_short_circuit_decorator.py
[2023-03-08T12:03:34.896+0000] {processor.py:743} INFO - Processing file /home/airflow/.local/lib/python3.7/site-packages/airflow/example_dags/example_short_circuit_decorator.py for tasks to queue
[2023-03-08T12:03:34.902+0000] {logging_mixin.py:137} INFO - [2023-03-08T12:03:34.901+0000] {dagbag.py:538} INFO - Filling up the DagBag from /home/airflow/.local/lib/python3.7/site-packages/airflow/example_dags/example_short_circuit_decorator.py
[2023-03-08T12:03:34.963+0000] {processor.py:753} INFO - DAG(s) dict_keys(['example_short_circuit_decorator']) retrieved from /home/airflow/.local/lib/python3.7/site-packages/airflow/example_dags/example_short_circuit_decorator.py
[2023-03-08T12:03:35.033+0000] {logging_mixin.py:137} INFO - [2023-03-08T12:03:35.033+0000] {dag.py:2690} INFO - Sync 1 DAGs
[2023-03-08T12:03:35.111+0000] {logging_mixin.py:137} INFO - [2023-03-08T12:03:35.110+0000] {dag.py:3441} INFO - Setting next_dagrun for example_short_circuit_decorator to 2023-03-07T12:03:35.110323+00:00, run_after=2023-03-08T12:03:35.110323+00:00
[2023-03-08T12:03:35.170+0000] {processor.py:175} INFO - Processing /home/airflow/.local/lib/python3.7/site-packages/airflow/example_dags/example_short_circuit_decorator.py took 0.309 seconds
[2023-03-08T12:04:05.380+0000] {processor.py:153} INFO - Started process (PID=13186) to work on /home/airflow/.local/lib/python3.7/site-packages/airflow/example_dags/example_short_circuit_decorator.py
[2023-03-08T12:04:05.385+0000] {processor.py:743} INFO - Processing file /home/airflow/.local/lib/python3.7/site-packages/airflow/example_dags/example_short_circuit_decorator.py for tasks to queue
[2023-03-08T12:04:05.392+0000] {logging_mixin.py:137} INFO - [2023-03-08T12:04:05.391+0000] {dagbag.py:538} INFO - Filling up the DagBag from /home/airflow/.local/lib/python3.7/site-packages/airflow/example_dags/example_short_circuit_decorator.py
[2023-03-08T12:04:05.465+0000] {processor.py:753} INFO - DAG(s) dict_keys(['example_short_circuit_decorator']) retrieved from /home/airflow/.local/lib/python3.7/site-packages/airflow/example_dags/example_short_circuit_decorator.py
[2023-03-08T12:04:05.523+0000] {logging_mixin.py:137} INFO - [2023-03-08T12:04:05.523+0000] {dag.py:2690} INFO - Sync 1 DAGs
[2023-03-08T12:04:05.553+0000] {logging_mixin.py:137} INFO - [2023-03-08T12:04:05.553+0000] {dag.py:3441} INFO - Setting next_dagrun for example_short_circuit_decorator to 2023-03-07T12:04:05.553251+00:00, run_after=2023-03-08T12:04:05.553251+00:00
[2023-03-08T12:04:05.592+0000] {processor.py:175} INFO - Processing /home/airflow/.local/lib/python3.7/site-packages/airflow/example_dags/example_short_circuit_decorator.py took 0.235 seconds
[2023-03-08T12:04:35.676+0000] {processor.py:153} INFO - Started process (PID=13245) to work on /home/airflow/.local/lib/python3.7/site-packages/airflow/example_dags/example_short_circuit_decorator.py
[2023-03-08T12:04:35.679+0000] {processor.py:743} INFO - Processing file /home/airflow/.local/lib/python3.7/site-packages/airflow/example_dags/example_short_circuit_decorator.py for tasks to queue
[2023-03-08T12:04:35.682+0000] {logging_mixin.py:137} INFO - [2023-03-08T12:04:35.681+0000] {dagbag.py:538} INFO - Filling up the DagBag from /home/airflow/.local/lib/python3.7/site-packages/airflow/example_dags/example_short_circuit_decorator.py
[2023-03-08T12:04:35.715+0000] {processor.py:753} INFO - DAG(s) dict_keys(['example_short_circuit_decorator']) retrieved from /home/airflow/.local/lib/python3.7/site-packages/airflow/example_dags/example_short_circuit_decorator.py
[2023-03-08T12:04:35.749+0000] {logging_mixin.py:137} INFO - [2023-03-08T12:04:35.749+0000] {dag.py:2690} INFO - Sync 1 DAGs
[2023-03-08T12:04:35.777+0000] {logging_mixin.py:137} INFO - [2023-03-08T12:04:35.777+0000] {dag.py:3441} INFO - Setting next_dagrun for example_short_circuit_decorator to 2023-03-07T12:04:35.777228+00:00, run_after=2023-03-08T12:04:35.777228+00:00
[2023-03-08T12:04:35.805+0000] {processor.py:175} INFO - Processing /home/airflow/.local/lib/python3.7/site-packages/airflow/example_dags/example_short_circuit_decorator.py took 0.133 seconds
[2023-03-08T12:05:06.443+0000] {processor.py:153} INFO - Started process (PID=13313) to work on /home/airflow/.local/lib/python3.7/site-packages/airflow/example_dags/example_short_circuit_decorator.py
[2023-03-08T12:05:06.450+0000] {processor.py:743} INFO - Processing file /home/airflow/.local/lib/python3.7/site-packages/airflow/example_dags/example_short_circuit_decorator.py for tasks to queue
[2023-03-08T12:05:06.452+0000] {logging_mixin.py:137} INFO - [2023-03-08T12:05:06.452+0000] {dagbag.py:538} INFO - Filling up the DagBag from /home/airflow/.local/lib/python3.7/site-packages/airflow/example_dags/example_short_circuit_decorator.py
[2023-03-08T12:05:06.539+0000] {processor.py:753} INFO - DAG(s) dict_keys(['example_short_circuit_decorator']) retrieved from /home/airflow/.local/lib/python3.7/site-packages/airflow/example_dags/example_short_circuit_decorator.py
[2023-03-08T12:05:06.611+0000] {logging_mixin.py:137} INFO - [2023-03-08T12:05:06.610+0000] {dag.py:2690} INFO - Sync 1 DAGs
[2023-03-08T12:05:06.650+0000] {logging_mixin.py:137} INFO - [2023-03-08T12:05:06.650+0000] {dag.py:3441} INFO - Setting next_dagrun for example_short_circuit_decorator to 2023-03-07T12:05:06.650258+00:00, run_after=2023-03-08T12:05:06.650258+00:00
[2023-03-08T12:05:06.684+0000] {processor.py:175} INFO - Processing /home/airflow/.local/lib/python3.7/site-packages/airflow/example_dags/example_short_circuit_decorator.py took 0.249 seconds
[2023-03-08T12:05:37.051+0000] {processor.py:153} INFO - Started process (PID=13371) to work on /home/airflow/.local/lib/python3.7/site-packages/airflow/example_dags/example_short_circuit_decorator.py
[2023-03-08T12:05:37.057+0000] {processor.py:743} INFO - Processing file /home/airflow/.local/lib/python3.7/site-packages/airflow/example_dags/example_short_circuit_decorator.py for tasks to queue
[2023-03-08T12:05:37.060+0000] {logging_mixin.py:137} INFO - [2023-03-08T12:05:37.059+0000] {dagbag.py:538} INFO - Filling up the DagBag from /home/airflow/.local/lib/python3.7/site-packages/airflow/example_dags/example_short_circuit_decorator.py
[2023-03-08T12:05:37.100+0000] {processor.py:753} INFO - DAG(s) dict_keys(['example_short_circuit_decorator']) retrieved from /home/airflow/.local/lib/python3.7/site-packages/airflow/example_dags/example_short_circuit_decorator.py
[2023-03-08T12:05:37.145+0000] {logging_mixin.py:137} INFO - [2023-03-08T12:05:37.144+0000] {dag.py:2690} INFO - Sync 1 DAGs
[2023-03-08T12:05:37.193+0000] {logging_mixin.py:137} INFO - [2023-03-08T12:05:37.193+0000] {dag.py:3441} INFO - Setting next_dagrun for example_short_circuit_decorator to 2023-03-07T12:05:37.192925+00:00, run_after=2023-03-08T12:05:37.192925+00:00
[2023-03-08T12:05:37.225+0000] {processor.py:175} INFO - Processing /home/airflow/.local/lib/python3.7/site-packages/airflow/example_dags/example_short_circuit_decorator.py took 0.184 seconds
[2023-03-08T12:06:08.113+0000] {processor.py:153} INFO - Started process (PID=13430) to work on /home/airflow/.local/lib/python3.7/site-packages/airflow/example_dags/example_short_circuit_decorator.py
[2023-03-08T12:06:08.117+0000] {processor.py:743} INFO - Processing file /home/airflow/.local/lib/python3.7/site-packages/airflow/example_dags/example_short_circuit_decorator.py for tasks to queue
[2023-03-08T12:06:08.121+0000] {logging_mixin.py:137} INFO - [2023-03-08T12:06:08.120+0000] {dagbag.py:538} INFO - Filling up the DagBag from /home/airflow/.local/lib/python3.7/site-packages/airflow/example_dags/example_short_circuit_decorator.py
[2023-03-08T12:06:08.157+0000] {processor.py:753} INFO - DAG(s) dict_keys(['example_short_circuit_decorator']) retrieved from /home/airflow/.local/lib/python3.7/site-packages/airflow/example_dags/example_short_circuit_decorator.py
[2023-03-08T12:06:08.202+0000] {logging_mixin.py:137} INFO - [2023-03-08T12:06:08.201+0000] {dag.py:2690} INFO - Sync 1 DAGs
[2023-03-08T12:06:08.241+0000] {logging_mixin.py:137} INFO - [2023-03-08T12:06:08.241+0000] {dag.py:3441} INFO - Setting next_dagrun for example_short_circuit_decorator to 2023-03-07T12:06:08.239481+00:00, run_after=2023-03-08T12:06:08.239481+00:00
[2023-03-08T12:06:08.274+0000] {processor.py:175} INFO - Processing /home/airflow/.local/lib/python3.7/site-packages/airflow/example_dags/example_short_circuit_decorator.py took 0.171 seconds
[2023-03-08T12:06:38.873+0000] {processor.py:153} INFO - Started process (PID=13495) to work on /home/airflow/.local/lib/python3.7/site-packages/airflow/example_dags/example_short_circuit_decorator.py
[2023-03-08T12:06:38.883+0000] {processor.py:743} INFO - Processing file /home/airflow/.local/lib/python3.7/site-packages/airflow/example_dags/example_short_circuit_decorator.py for tasks to queue
[2023-03-08T12:06:38.888+0000] {logging_mixin.py:137} INFO - [2023-03-08T12:06:38.887+0000] {dagbag.py:538} INFO - Filling up the DagBag from /home/airflow/.local/lib/python3.7/site-packages/airflow/example_dags/example_short_circuit_decorator.py
[2023-03-08T12:06:39.012+0000] {processor.py:753} INFO - DAG(s) dict_keys(['example_short_circuit_decorator']) retrieved from /home/airflow/.local/lib/python3.7/site-packages/airflow/example_dags/example_short_circuit_decorator.py
[2023-03-08T12:06:39.301+0000] {logging_mixin.py:137} INFO - [2023-03-08T12:06:39.300+0000] {dag.py:2690} INFO - Sync 1 DAGs
[2023-03-08T12:06:39.393+0000] {logging_mixin.py:137} INFO - [2023-03-08T12:06:39.393+0000] {dag.py:3441} INFO - Setting next_dagrun for example_short_circuit_decorator to 2023-03-07T12:06:39.392524+00:00, run_after=2023-03-08T12:06:39.392524+00:00
[2023-03-08T12:06:39.465+0000] {processor.py:175} INFO - Processing /home/airflow/.local/lib/python3.7/site-packages/airflow/example_dags/example_short_circuit_decorator.py took 0.609 seconds
[2023-03-08T12:07:10.168+0000] {processor.py:153} INFO - Started process (PID=13554) to work on /home/airflow/.local/lib/python3.7/site-packages/airflow/example_dags/example_short_circuit_decorator.py
[2023-03-08T12:07:10.172+0000] {processor.py:743} INFO - Processing file /home/airflow/.local/lib/python3.7/site-packages/airflow/example_dags/example_short_circuit_decorator.py for tasks to queue
[2023-03-08T12:07:10.177+0000] {logging_mixin.py:137} INFO - [2023-03-08T12:07:10.177+0000] {dagbag.py:538} INFO - Filling up the DagBag from /home/airflow/.local/lib/python3.7/site-packages/airflow/example_dags/example_short_circuit_decorator.py
[2023-03-08T12:07:10.247+0000] {processor.py:753} INFO - DAG(s) dict_keys(['example_short_circuit_decorator']) retrieved from /home/airflow/.local/lib/python3.7/site-packages/airflow/example_dags/example_short_circuit_decorator.py
[2023-03-08T12:07:10.288+0000] {logging_mixin.py:137} INFO - [2023-03-08T12:07:10.288+0000] {dag.py:2690} INFO - Sync 1 DAGs
[2023-03-08T12:07:10.322+0000] {logging_mixin.py:137} INFO - [2023-03-08T12:07:10.322+0000] {dag.py:3441} INFO - Setting next_dagrun for example_short_circuit_decorator to 2023-03-07T12:07:10.322386+00:00, run_after=2023-03-08T12:07:10.322386+00:00
[2023-03-08T12:07:10.359+0000] {processor.py:175} INFO - Processing /home/airflow/.local/lib/python3.7/site-packages/airflow/example_dags/example_short_circuit_decorator.py took 0.199 seconds
[2023-03-08T12:07:40.844+0000] {processor.py:153} INFO - Started process (PID=13613) to work on /home/airflow/.local/lib/python3.7/site-packages/airflow/example_dags/example_short_circuit_decorator.py
[2023-03-08T12:07:40.849+0000] {processor.py:743} INFO - Processing file /home/airflow/.local/lib/python3.7/site-packages/airflow/example_dags/example_short_circuit_decorator.py for tasks to queue
[2023-03-08T12:07:40.853+0000] {logging_mixin.py:137} INFO - [2023-03-08T12:07:40.853+0000] {dagbag.py:538} INFO - Filling up the DagBag from /home/airflow/.local/lib/python3.7/site-packages/airflow/example_dags/example_short_circuit_decorator.py
[2023-03-08T12:07:40.978+0000] {processor.py:753} INFO - DAG(s) dict_keys(['example_short_circuit_decorator']) retrieved from /home/airflow/.local/lib/python3.7/site-packages/airflow/example_dags/example_short_circuit_decorator.py
[2023-03-08T12:07:41.045+0000] {logging_mixin.py:137} INFO - [2023-03-08T12:07:41.045+0000] {dag.py:2690} INFO - Sync 1 DAGs
[2023-03-08T12:07:41.104+0000] {logging_mixin.py:137} INFO - [2023-03-08T12:07:41.104+0000] {dag.py:3441} INFO - Setting next_dagrun for example_short_circuit_decorator to 2023-03-07T12:07:41.103528+00:00, run_after=2023-03-08T12:07:41.103528+00:00
[2023-03-08T12:07:41.152+0000] {processor.py:175} INFO - Processing /home/airflow/.local/lib/python3.7/site-packages/airflow/example_dags/example_short_circuit_decorator.py took 0.313 seconds
[2023-03-08T12:08:11.736+0000] {processor.py:153} INFO - Started process (PID=13671) to work on /home/airflow/.local/lib/python3.7/site-packages/airflow/example_dags/example_short_circuit_decorator.py
[2023-03-08T12:08:11.739+0000] {processor.py:743} INFO - Processing file /home/airflow/.local/lib/python3.7/site-packages/airflow/example_dags/example_short_circuit_decorator.py for tasks to queue
[2023-03-08T12:08:11.743+0000] {logging_mixin.py:137} INFO - [2023-03-08T12:08:11.742+0000] {dagbag.py:538} INFO - Filling up the DagBag from /home/airflow/.local/lib/python3.7/site-packages/airflow/example_dags/example_short_circuit_decorator.py
[2023-03-08T12:08:11.795+0000] {processor.py:753} INFO - DAG(s) dict_keys(['example_short_circuit_decorator']) retrieved from /home/airflow/.local/lib/python3.7/site-packages/airflow/example_dags/example_short_circuit_decorator.py
[2023-03-08T12:08:11.838+0000] {logging_mixin.py:137} INFO - [2023-03-08T12:08:11.837+0000] {dag.py:2690} INFO - Sync 1 DAGs
[2023-03-08T12:08:11.872+0000] {logging_mixin.py:137} INFO - [2023-03-08T12:08:11.872+0000] {dag.py:3441} INFO - Setting next_dagrun for example_short_circuit_decorator to 2023-03-07T12:08:11.872047+00:00, run_after=2023-03-08T12:08:11.872047+00:00
[2023-03-08T12:08:11.906+0000] {processor.py:175} INFO - Processing /home/airflow/.local/lib/python3.7/site-packages/airflow/example_dags/example_short_circuit_decorator.py took 0.188 seconds
[2023-03-08T12:08:42.185+0000] {processor.py:153} INFO - Started process (PID=13730) to work on /home/airflow/.local/lib/python3.7/site-packages/airflow/example_dags/example_short_circuit_decorator.py
[2023-03-08T12:08:42.191+0000] {processor.py:743} INFO - Processing file /home/airflow/.local/lib/python3.7/site-packages/airflow/example_dags/example_short_circuit_decorator.py for tasks to queue
[2023-03-08T12:08:42.195+0000] {logging_mixin.py:137} INFO - [2023-03-08T12:08:42.195+0000] {dagbag.py:538} INFO - Filling up the DagBag from /home/airflow/.local/lib/python3.7/site-packages/airflow/example_dags/example_short_circuit_decorator.py
[2023-03-08T12:08:42.275+0000] {processor.py:753} INFO - DAG(s) dict_keys(['example_short_circuit_decorator']) retrieved from /home/airflow/.local/lib/python3.7/site-packages/airflow/example_dags/example_short_circuit_decorator.py
[2023-03-08T12:08:42.364+0000] {logging_mixin.py:137} INFO - [2023-03-08T12:08:42.364+0000] {dag.py:2690} INFO - Sync 1 DAGs
[2023-03-08T12:08:42.440+0000] {logging_mixin.py:137} INFO - [2023-03-08T12:08:42.439+0000] {dag.py:3441} INFO - Setting next_dagrun for example_short_circuit_decorator to 2023-03-07T12:08:42.439595+00:00, run_after=2023-03-08T12:08:42.439595+00:00
[2023-03-08T12:08:42.502+0000] {processor.py:175} INFO - Processing /home/airflow/.local/lib/python3.7/site-packages/airflow/example_dags/example_short_circuit_decorator.py took 0.328 seconds
[2023-03-08T12:09:12.916+0000] {processor.py:153} INFO - Started process (PID=13799) to work on /home/airflow/.local/lib/python3.7/site-packages/airflow/example_dags/example_short_circuit_decorator.py
[2023-03-08T12:09:12.918+0000] {processor.py:743} INFO - Processing file /home/airflow/.local/lib/python3.7/site-packages/airflow/example_dags/example_short_circuit_decorator.py for tasks to queue
[2023-03-08T12:09:12.921+0000] {logging_mixin.py:137} INFO - [2023-03-08T12:09:12.921+0000] {dagbag.py:538} INFO - Filling up the DagBag from /home/airflow/.local/lib/python3.7/site-packages/airflow/example_dags/example_short_circuit_decorator.py
[2023-03-08T12:09:12.958+0000] {processor.py:753} INFO - DAG(s) dict_keys(['example_short_circuit_decorator']) retrieved from /home/airflow/.local/lib/python3.7/site-packages/airflow/example_dags/example_short_circuit_decorator.py
[2023-03-08T12:09:12.997+0000] {logging_mixin.py:137} INFO - [2023-03-08T12:09:12.997+0000] {dag.py:2690} INFO - Sync 1 DAGs
[2023-03-08T12:09:13.031+0000] {logging_mixin.py:137} INFO - [2023-03-08T12:09:13.031+0000] {dag.py:3441} INFO - Setting next_dagrun for example_short_circuit_decorator to 2023-03-07T12:09:13.031460+00:00, run_after=2023-03-08T12:09:13.031460+00:00
[2023-03-08T12:09:13.064+0000] {processor.py:175} INFO - Processing /home/airflow/.local/lib/python3.7/site-packages/airflow/example_dags/example_short_circuit_decorator.py took 0.155 seconds
[2023-03-08T12:09:43.366+0000] {processor.py:153} INFO - Started process (PID=13857) to work on /home/airflow/.local/lib/python3.7/site-packages/airflow/example_dags/example_short_circuit_decorator.py
[2023-03-08T12:09:43.371+0000] {processor.py:743} INFO - Processing file /home/airflow/.local/lib/python3.7/site-packages/airflow/example_dags/example_short_circuit_decorator.py for tasks to queue
[2023-03-08T12:09:43.387+0000] {logging_mixin.py:137} INFO - [2023-03-08T12:09:43.386+0000] {dagbag.py:538} INFO - Filling up the DagBag from /home/airflow/.local/lib/python3.7/site-packages/airflow/example_dags/example_short_circuit_decorator.py
[2023-03-08T12:09:43.477+0000] {processor.py:753} INFO - DAG(s) dict_keys(['example_short_circuit_decorator']) retrieved from /home/airflow/.local/lib/python3.7/site-packages/airflow/example_dags/example_short_circuit_decorator.py
[2023-03-08T12:09:43.557+0000] {logging_mixin.py:137} INFO - [2023-03-08T12:09:43.556+0000] {dag.py:2690} INFO - Sync 1 DAGs
[2023-03-08T12:09:43.631+0000] {logging_mixin.py:137} INFO - [2023-03-08T12:09:43.630+0000] {dag.py:3441} INFO - Setting next_dagrun for example_short_circuit_decorator to 2023-03-07T12:09:43.630329+00:00, run_after=2023-03-08T12:09:43.630329+00:00
[2023-03-08T12:09:43.687+0000] {processor.py:175} INFO - Processing /home/airflow/.local/lib/python3.7/site-packages/airflow/example_dags/example_short_circuit_decorator.py took 0.342 seconds
[2023-03-08T12:10:13.822+0000] {processor.py:153} INFO - Started process (PID=13916) to work on /home/airflow/.local/lib/python3.7/site-packages/airflow/example_dags/example_short_circuit_decorator.py
[2023-03-08T12:10:13.825+0000] {processor.py:743} INFO - Processing file /home/airflow/.local/lib/python3.7/site-packages/airflow/example_dags/example_short_circuit_decorator.py for tasks to queue
[2023-03-08T12:10:13.828+0000] {logging_mixin.py:137} INFO - [2023-03-08T12:10:13.828+0000] {dagbag.py:538} INFO - Filling up the DagBag from /home/airflow/.local/lib/python3.7/site-packages/airflow/example_dags/example_short_circuit_decorator.py
[2023-03-08T12:10:13.867+0000] {processor.py:753} INFO - DAG(s) dict_keys(['example_short_circuit_decorator']) retrieved from /home/airflow/.local/lib/python3.7/site-packages/airflow/example_dags/example_short_circuit_decorator.py
[2023-03-08T12:10:13.909+0000] {logging_mixin.py:137} INFO - [2023-03-08T12:10:13.908+0000] {dag.py:2690} INFO - Sync 1 DAGs
[2023-03-08T12:10:13.945+0000] {logging_mixin.py:137} INFO - [2023-03-08T12:10:13.944+0000] {dag.py:3441} INFO - Setting next_dagrun for example_short_circuit_decorator to 2023-03-07T12:10:13.944447+00:00, run_after=2023-03-08T12:10:13.944447+00:00
[2023-03-08T12:10:13.991+0000] {processor.py:175} INFO - Processing /home/airflow/.local/lib/python3.7/site-packages/airflow/example_dags/example_short_circuit_decorator.py took 0.176 seconds
[2023-03-08T12:10:44.079+0000] {processor.py:153} INFO - Started process (PID=13985) to work on /home/airflow/.local/lib/python3.7/site-packages/airflow/example_dags/example_short_circuit_decorator.py
[2023-03-08T12:10:44.082+0000] {processor.py:743} INFO - Processing file /home/airflow/.local/lib/python3.7/site-packages/airflow/example_dags/example_short_circuit_decorator.py for tasks to queue
[2023-03-08T12:10:44.085+0000] {logging_mixin.py:137} INFO - [2023-03-08T12:10:44.085+0000] {dagbag.py:538} INFO - Filling up the DagBag from /home/airflow/.local/lib/python3.7/site-packages/airflow/example_dags/example_short_circuit_decorator.py
[2023-03-08T12:10:44.121+0000] {processor.py:753} INFO - DAG(s) dict_keys(['example_short_circuit_decorator']) retrieved from /home/airflow/.local/lib/python3.7/site-packages/airflow/example_dags/example_short_circuit_decorator.py
[2023-03-08T12:10:44.162+0000] {logging_mixin.py:137} INFO - [2023-03-08T12:10:44.161+0000] {dag.py:2690} INFO - Sync 1 DAGs
[2023-03-08T12:10:44.196+0000] {logging_mixin.py:137} INFO - [2023-03-08T12:10:44.196+0000] {dag.py:3441} INFO - Setting next_dagrun for example_short_circuit_decorator to 2023-03-07T12:10:44.196059+00:00, run_after=2023-03-08T12:10:44.196059+00:00
[2023-03-08T12:10:44.226+0000] {processor.py:175} INFO - Processing /home/airflow/.local/lib/python3.7/site-packages/airflow/example_dags/example_short_circuit_decorator.py took 0.155 seconds
[2023-03-08T12:11:14.792+0000] {processor.py:153} INFO - Started process (PID=14043) to work on /home/airflow/.local/lib/python3.7/site-packages/airflow/example_dags/example_short_circuit_decorator.py
[2023-03-08T12:11:14.800+0000] {processor.py:743} INFO - Processing file /home/airflow/.local/lib/python3.7/site-packages/airflow/example_dags/example_short_circuit_decorator.py for tasks to queue
[2023-03-08T12:11:14.804+0000] {logging_mixin.py:137} INFO - [2023-03-08T12:11:14.804+0000] {dagbag.py:538} INFO - Filling up the DagBag from /home/airflow/.local/lib/python3.7/site-packages/airflow/example_dags/example_short_circuit_decorator.py
[2023-03-08T12:11:14.844+0000] {processor.py:753} INFO - DAG(s) dict_keys(['example_short_circuit_decorator']) retrieved from /home/airflow/.local/lib/python3.7/site-packages/airflow/example_dags/example_short_circuit_decorator.py
[2023-03-08T12:11:14.884+0000] {logging_mixin.py:137} INFO - [2023-03-08T12:11:14.884+0000] {dag.py:2690} INFO - Sync 1 DAGs
[2023-03-08T12:11:14.917+0000] {logging_mixin.py:137} INFO - [2023-03-08T12:11:14.917+0000] {dag.py:3441} INFO - Setting next_dagrun for example_short_circuit_decorator to 2023-03-07T12:11:14.916917+00:00, run_after=2023-03-08T12:11:14.916917+00:00
[2023-03-08T12:11:14.947+0000] {processor.py:175} INFO - Processing /home/airflow/.local/lib/python3.7/site-packages/airflow/example_dags/example_short_circuit_decorator.py took 0.165 seconds
[2023-03-08T12:11:46.011+0000] {processor.py:153} INFO - Started process (PID=14112) to work on /home/airflow/.local/lib/python3.7/site-packages/airflow/example_dags/example_short_circuit_decorator.py
[2023-03-08T12:11:46.017+0000] {processor.py:743} INFO - Processing file /home/airflow/.local/lib/python3.7/site-packages/airflow/example_dags/example_short_circuit_decorator.py for tasks to queue
[2023-03-08T12:11:46.021+0000] {logging_mixin.py:137} INFO - [2023-03-08T12:11:46.020+0000] {dagbag.py:538} INFO - Filling up the DagBag from /home/airflow/.local/lib/python3.7/site-packages/airflow/example_dags/example_short_circuit_decorator.py
[2023-03-08T12:11:46.080+0000] {processor.py:753} INFO - DAG(s) dict_keys(['example_short_circuit_decorator']) retrieved from /home/airflow/.local/lib/python3.7/site-packages/airflow/example_dags/example_short_circuit_decorator.py
[2023-03-08T12:11:46.143+0000] {logging_mixin.py:137} INFO - [2023-03-08T12:11:46.143+0000] {dag.py:2690} INFO - Sync 1 DAGs
[2023-03-08T12:11:46.249+0000] {logging_mixin.py:137} INFO - [2023-03-08T12:11:46.249+0000] {dag.py:3441} INFO - Setting next_dagrun for example_short_circuit_decorator to 2023-03-07T12:11:46.249235+00:00, run_after=2023-03-08T12:11:46.249235+00:00
[2023-03-08T12:11:46.349+0000] {processor.py:175} INFO - Processing /home/airflow/.local/lib/python3.7/site-packages/airflow/example_dags/example_short_circuit_decorator.py took 0.349 seconds
[2023-03-08T12:12:17.237+0000] {processor.py:153} INFO - Started process (PID=14171) to work on /home/airflow/.local/lib/python3.7/site-packages/airflow/example_dags/example_short_circuit_decorator.py
[2023-03-08T12:12:17.239+0000] {processor.py:743} INFO - Processing file /home/airflow/.local/lib/python3.7/site-packages/airflow/example_dags/example_short_circuit_decorator.py for tasks to queue
[2023-03-08T12:12:17.243+0000] {logging_mixin.py:137} INFO - [2023-03-08T12:12:17.243+0000] {dagbag.py:538} INFO - Filling up the DagBag from /home/airflow/.local/lib/python3.7/site-packages/airflow/example_dags/example_short_circuit_decorator.py
[2023-03-08T12:12:17.277+0000] {processor.py:753} INFO - DAG(s) dict_keys(['example_short_circuit_decorator']) retrieved from /home/airflow/.local/lib/python3.7/site-packages/airflow/example_dags/example_short_circuit_decorator.py
[2023-03-08T12:12:17.331+0000] {logging_mixin.py:137} INFO - [2023-03-08T12:12:17.331+0000] {dag.py:2690} INFO - Sync 1 DAGs
[2023-03-08T12:12:17.363+0000] {logging_mixin.py:137} INFO - [2023-03-08T12:12:17.363+0000] {dag.py:3441} INFO - Setting next_dagrun for example_short_circuit_decorator to 2023-03-07T12:12:17.363203+00:00, run_after=2023-03-08T12:12:17.363203+00:00
[2023-03-08T12:12:17.393+0000] {processor.py:175} INFO - Processing /home/airflow/.local/lib/python3.7/site-packages/airflow/example_dags/example_short_circuit_decorator.py took 0.166 seconds
[2023-03-08T12:12:47.743+0000] {processor.py:153} INFO - Started process (PID=14229) to work on /home/airflow/.local/lib/python3.7/site-packages/airflow/example_dags/example_short_circuit_decorator.py
[2023-03-08T12:12:47.749+0000] {processor.py:743} INFO - Processing file /home/airflow/.local/lib/python3.7/site-packages/airflow/example_dags/example_short_circuit_decorator.py for tasks to queue
[2023-03-08T12:12:47.751+0000] {logging_mixin.py:137} INFO - [2023-03-08T12:12:47.751+0000] {dagbag.py:538} INFO - Filling up the DagBag from /home/airflow/.local/lib/python3.7/site-packages/airflow/example_dags/example_short_circuit_decorator.py
[2023-03-08T12:12:47.795+0000] {processor.py:753} INFO - DAG(s) dict_keys(['example_short_circuit_decorator']) retrieved from /home/airflow/.local/lib/python3.7/site-packages/airflow/example_dags/example_short_circuit_decorator.py
[2023-03-08T12:12:47.851+0000] {logging_mixin.py:137} INFO - [2023-03-08T12:12:47.851+0000] {dag.py:2690} INFO - Sync 1 DAGs
[2023-03-08T12:12:47.896+0000] {logging_mixin.py:137} INFO - [2023-03-08T12:12:47.896+0000] {dag.py:3441} INFO - Setting next_dagrun for example_short_circuit_decorator to 2023-03-07T12:12:47.896159+00:00, run_after=2023-03-08T12:12:47.896159+00:00
[2023-03-08T12:12:47.934+0000] {processor.py:175} INFO - Processing /home/airflow/.local/lib/python3.7/site-packages/airflow/example_dags/example_short_circuit_decorator.py took 0.200 seconds
[2023-03-08T12:13:18.724+0000] {processor.py:153} INFO - Started process (PID=14297) to work on /home/airflow/.local/lib/python3.7/site-packages/airflow/example_dags/example_short_circuit_decorator.py
[2023-03-08T12:13:18.728+0000] {processor.py:743} INFO - Processing file /home/airflow/.local/lib/python3.7/site-packages/airflow/example_dags/example_short_circuit_decorator.py for tasks to queue
[2023-03-08T12:13:18.731+0000] {logging_mixin.py:137} INFO - [2023-03-08T12:13:18.730+0000] {dagbag.py:538} INFO - Filling up the DagBag from /home/airflow/.local/lib/python3.7/site-packages/airflow/example_dags/example_short_circuit_decorator.py
[2023-03-08T12:13:18.807+0000] {processor.py:753} INFO - DAG(s) dict_keys(['example_short_circuit_decorator']) retrieved from /home/airflow/.local/lib/python3.7/site-packages/airflow/example_dags/example_short_circuit_decorator.py
[2023-03-08T12:13:18.881+0000] {logging_mixin.py:137} INFO - [2023-03-08T12:13:18.880+0000] {dag.py:2690} INFO - Sync 1 DAGs
[2023-03-08T12:13:18.939+0000] {logging_mixin.py:137} INFO - [2023-03-08T12:13:18.939+0000] {dag.py:3441} INFO - Setting next_dagrun for example_short_circuit_decorator to 2023-03-07T12:13:18.938835+00:00, run_after=2023-03-08T12:13:18.938835+00:00
[2023-03-08T12:13:19.003+0000] {processor.py:175} INFO - Processing /home/airflow/.local/lib/python3.7/site-packages/airflow/example_dags/example_short_circuit_decorator.py took 0.302 seconds
[2023-03-08T12:13:49.324+0000] {processor.py:153} INFO - Started process (PID=14357) to work on /home/airflow/.local/lib/python3.7/site-packages/airflow/example_dags/example_short_circuit_decorator.py
[2023-03-08T12:13:49.334+0000] {processor.py:743} INFO - Processing file /home/airflow/.local/lib/python3.7/site-packages/airflow/example_dags/example_short_circuit_decorator.py for tasks to queue
[2023-03-08T12:13:49.372+0000] {logging_mixin.py:137} INFO - [2023-03-08T12:13:49.371+0000] {dagbag.py:538} INFO - Filling up the DagBag from /home/airflow/.local/lib/python3.7/site-packages/airflow/example_dags/example_short_circuit_decorator.py
[2023-03-08T12:13:49.469+0000] {processor.py:753} INFO - DAG(s) dict_keys(['example_short_circuit_decorator']) retrieved from /home/airflow/.local/lib/python3.7/site-packages/airflow/example_dags/example_short_circuit_decorator.py
[2023-03-08T12:13:49.555+0000] {logging_mixin.py:137} INFO - [2023-03-08T12:13:49.554+0000] {dag.py:2690} INFO - Sync 1 DAGs
[2023-03-08T12:13:49.645+0000] {logging_mixin.py:137} INFO - [2023-03-08T12:13:49.645+0000] {dag.py:3441} INFO - Setting next_dagrun for example_short_circuit_decorator to 2023-03-07T12:13:49.644170+00:00, run_after=2023-03-08T12:13:49.644170+00:00
[2023-03-08T12:13:49.703+0000] {processor.py:175} INFO - Processing /home/airflow/.local/lib/python3.7/site-packages/airflow/example_dags/example_short_circuit_decorator.py took 0.399 seconds
[2023-03-08T12:14:20.810+0000] {processor.py:153} INFO - Started process (PID=14415) to work on /home/airflow/.local/lib/python3.7/site-packages/airflow/example_dags/example_short_circuit_decorator.py
[2023-03-08T12:14:20.832+0000] {processor.py:743} INFO - Processing file /home/airflow/.local/lib/python3.7/site-packages/airflow/example_dags/example_short_circuit_decorator.py for tasks to queue
[2023-03-08T12:14:20.844+0000] {logging_mixin.py:137} INFO - [2023-03-08T12:14:20.843+0000] {dagbag.py:538} INFO - Filling up the DagBag from /home/airflow/.local/lib/python3.7/site-packages/airflow/example_dags/example_short_circuit_decorator.py
[2023-03-08T12:14:21.150+0000] {processor.py:753} INFO - DAG(s) dict_keys(['example_short_circuit_decorator']) retrieved from /home/airflow/.local/lib/python3.7/site-packages/airflow/example_dags/example_short_circuit_decorator.py
[2023-03-08T12:14:21.400+0000] {logging_mixin.py:137} INFO - [2023-03-08T12:14:21.399+0000] {dag.py:2690} INFO - Sync 1 DAGs
[2023-03-08T12:14:21.946+0000] {logging_mixin.py:137} INFO - [2023-03-08T12:14:21.945+0000] {dag.py:3441} INFO - Setting next_dagrun for example_short_circuit_decorator to 2023-03-07T12:14:21.944971+00:00, run_after=2023-03-08T12:14:21.944971+00:00
[2023-03-08T12:14:22.097+0000] {processor.py:175} INFO - Processing /home/airflow/.local/lib/python3.7/site-packages/airflow/example_dags/example_short_circuit_decorator.py took 1.312 seconds
[2023-03-08T12:14:52.248+0000] {processor.py:153} INFO - Started process (PID=14474) to work on /home/airflow/.local/lib/python3.7/site-packages/airflow/example_dags/example_short_circuit_decorator.py
[2023-03-08T12:14:52.251+0000] {processor.py:743} INFO - Processing file /home/airflow/.local/lib/python3.7/site-packages/airflow/example_dags/example_short_circuit_decorator.py for tasks to queue
[2023-03-08T12:14:52.253+0000] {logging_mixin.py:137} INFO - [2023-03-08T12:14:52.253+0000] {dagbag.py:538} INFO - Filling up the DagBag from /home/airflow/.local/lib/python3.7/site-packages/airflow/example_dags/example_short_circuit_decorator.py
[2023-03-08T12:14:52.284+0000] {processor.py:753} INFO - DAG(s) dict_keys(['example_short_circuit_decorator']) retrieved from /home/airflow/.local/lib/python3.7/site-packages/airflow/example_dags/example_short_circuit_decorator.py
[2023-03-08T12:14:52.320+0000] {logging_mixin.py:137} INFO - [2023-03-08T12:14:52.320+0000] {dag.py:2690} INFO - Sync 1 DAGs
[2023-03-08T12:14:52.349+0000] {logging_mixin.py:137} INFO - [2023-03-08T12:14:52.349+0000] {dag.py:3441} INFO - Setting next_dagrun for example_short_circuit_decorator to 2023-03-07T12:14:52.348424+00:00, run_after=2023-03-08T12:14:52.348424+00:00
[2023-03-08T12:14:52.375+0000] {processor.py:175} INFO - Processing /home/airflow/.local/lib/python3.7/site-packages/airflow/example_dags/example_short_circuit_decorator.py took 0.133 seconds
[2023-03-08T12:15:22.692+0000] {processor.py:153} INFO - Started process (PID=14543) to work on /home/airflow/.local/lib/python3.7/site-packages/airflow/example_dags/example_short_circuit_decorator.py
[2023-03-08T12:15:22.699+0000] {processor.py:743} INFO - Processing file /home/airflow/.local/lib/python3.7/site-packages/airflow/example_dags/example_short_circuit_decorator.py for tasks to queue
[2023-03-08T12:15:22.704+0000] {logging_mixin.py:137} INFO - [2023-03-08T12:15:22.703+0000] {dagbag.py:538} INFO - Filling up the DagBag from /home/airflow/.local/lib/python3.7/site-packages/airflow/example_dags/example_short_circuit_decorator.py
[2023-03-08T12:15:22.791+0000] {processor.py:753} INFO - DAG(s) dict_keys(['example_short_circuit_decorator']) retrieved from /home/airflow/.local/lib/python3.7/site-packages/airflow/example_dags/example_short_circuit_decorator.py
[2023-03-08T12:15:22.834+0000] {logging_mixin.py:137} INFO - [2023-03-08T12:15:22.834+0000] {dag.py:2690} INFO - Sync 1 DAGs
[2023-03-08T12:15:22.863+0000] {logging_mixin.py:137} INFO - [2023-03-08T12:15:22.863+0000] {dag.py:3441} INFO - Setting next_dagrun for example_short_circuit_decorator to 2023-03-07T12:15:22.863404+00:00, run_after=2023-03-08T12:15:22.863404+00:00
[2023-03-08T12:15:22.890+0000] {processor.py:175} INFO - Processing /home/airflow/.local/lib/python3.7/site-packages/airflow/example_dags/example_short_circuit_decorator.py took 0.207 seconds
[2023-03-08T12:15:52.951+0000] {processor.py:153} INFO - Started process (PID=14602) to work on /home/airflow/.local/lib/python3.7/site-packages/airflow/example_dags/example_short_circuit_decorator.py
[2023-03-08T12:15:52.954+0000] {processor.py:743} INFO - Processing file /home/airflow/.local/lib/python3.7/site-packages/airflow/example_dags/example_short_circuit_decorator.py for tasks to queue
[2023-03-08T12:15:52.956+0000] {logging_mixin.py:137} INFO - [2023-03-08T12:15:52.956+0000] {dagbag.py:538} INFO - Filling up the DagBag from /home/airflow/.local/lib/python3.7/site-packages/airflow/example_dags/example_short_circuit_decorator.py
[2023-03-08T12:15:52.985+0000] {processor.py:753} INFO - DAG(s) dict_keys(['example_short_circuit_decorator']) retrieved from /home/airflow/.local/lib/python3.7/site-packages/airflow/example_dags/example_short_circuit_decorator.py
[2023-03-08T12:15:53.021+0000] {logging_mixin.py:137} INFO - [2023-03-08T12:15:53.020+0000] {dag.py:2690} INFO - Sync 1 DAGs
[2023-03-08T12:15:53.051+0000] {logging_mixin.py:137} INFO - [2023-03-08T12:15:53.051+0000] {dag.py:3441} INFO - Setting next_dagrun for example_short_circuit_decorator to 2023-03-07T12:15:53.051256+00:00, run_after=2023-03-08T12:15:53.051256+00:00
[2023-03-08T12:15:53.083+0000] {processor.py:175} INFO - Processing /home/airflow/.local/lib/python3.7/site-packages/airflow/example_dags/example_short_circuit_decorator.py took 0.138 seconds
[2023-03-08T12:16:23.191+0000] {processor.py:153} INFO - Started process (PID=14661) to work on /home/airflow/.local/lib/python3.7/site-packages/airflow/example_dags/example_short_circuit_decorator.py
[2023-03-08T12:16:23.198+0000] {processor.py:743} INFO - Processing file /home/airflow/.local/lib/python3.7/site-packages/airflow/example_dags/example_short_circuit_decorator.py for tasks to queue
[2023-03-08T12:16:23.200+0000] {logging_mixin.py:137} INFO - [2023-03-08T12:16:23.199+0000] {dagbag.py:538} INFO - Filling up the DagBag from /home/airflow/.local/lib/python3.7/site-packages/airflow/example_dags/example_short_circuit_decorator.py
[2023-03-08T12:16:23.260+0000] {processor.py:753} INFO - DAG(s) dict_keys(['example_short_circuit_decorator']) retrieved from /home/airflow/.local/lib/python3.7/site-packages/airflow/example_dags/example_short_circuit_decorator.py
[2023-03-08T12:16:23.336+0000] {logging_mixin.py:137} INFO - [2023-03-08T12:16:23.335+0000] {dag.py:2690} INFO - Sync 1 DAGs
[2023-03-08T12:16:23.398+0000] {logging_mixin.py:137} INFO - [2023-03-08T12:16:23.398+0000] {dag.py:3441} INFO - Setting next_dagrun for example_short_circuit_decorator to 2023-03-07T12:16:23.397888+00:00, run_after=2023-03-08T12:16:23.397888+00:00
[2023-03-08T12:16:23.452+0000] {processor.py:175} INFO - Processing /home/airflow/.local/lib/python3.7/site-packages/airflow/example_dags/example_short_circuit_decorator.py took 0.266 seconds
[2023-03-08T12:16:54.090+0000] {processor.py:153} INFO - Started process (PID=14729) to work on /home/airflow/.local/lib/python3.7/site-packages/airflow/example_dags/example_short_circuit_decorator.py
[2023-03-08T12:16:54.093+0000] {processor.py:743} INFO - Processing file /home/airflow/.local/lib/python3.7/site-packages/airflow/example_dags/example_short_circuit_decorator.py for tasks to queue
[2023-03-08T12:16:54.096+0000] {logging_mixin.py:137} INFO - [2023-03-08T12:16:54.096+0000] {dagbag.py:538} INFO - Filling up the DagBag from /home/airflow/.local/lib/python3.7/site-packages/airflow/example_dags/example_short_circuit_decorator.py
[2023-03-08T12:16:54.131+0000] {processor.py:753} INFO - DAG(s) dict_keys(['example_short_circuit_decorator']) retrieved from /home/airflow/.local/lib/python3.7/site-packages/airflow/example_dags/example_short_circuit_decorator.py
[2023-03-08T12:16:54.168+0000] {logging_mixin.py:137} INFO - [2023-03-08T12:16:54.167+0000] {dag.py:2690} INFO - Sync 1 DAGs
[2023-03-08T12:16:54.196+0000] {logging_mixin.py:137} INFO - [2023-03-08T12:16:54.196+0000] {dag.py:3441} INFO - Setting next_dagrun for example_short_circuit_decorator to 2023-03-07T12:16:54.196146+00:00, run_after=2023-03-08T12:16:54.196146+00:00
[2023-03-08T12:16:54.223+0000] {processor.py:175} INFO - Processing /home/airflow/.local/lib/python3.7/site-packages/airflow/example_dags/example_short_circuit_decorator.py took 0.142 seconds
[2023-03-08T12:17:24.781+0000] {processor.py:153} INFO - Started process (PID=14787) to work on /home/airflow/.local/lib/python3.7/site-packages/airflow/example_dags/example_short_circuit_decorator.py
[2023-03-08T12:17:24.789+0000] {processor.py:743} INFO - Processing file /home/airflow/.local/lib/python3.7/site-packages/airflow/example_dags/example_short_circuit_decorator.py for tasks to queue
[2023-03-08T12:17:24.794+0000] {logging_mixin.py:137} INFO - [2023-03-08T12:17:24.793+0000] {dagbag.py:538} INFO - Filling up the DagBag from /home/airflow/.local/lib/python3.7/site-packages/airflow/example_dags/example_short_circuit_decorator.py
[2023-03-08T12:17:24.841+0000] {processor.py:753} INFO - DAG(s) dict_keys(['example_short_circuit_decorator']) retrieved from /home/airflow/.local/lib/python3.7/site-packages/airflow/example_dags/example_short_circuit_decorator.py
[2023-03-08T12:17:24.889+0000] {logging_mixin.py:137} INFO - [2023-03-08T12:17:24.889+0000] {dag.py:2690} INFO - Sync 1 DAGs
[2023-03-08T12:17:24.921+0000] {logging_mixin.py:137} INFO - [2023-03-08T12:17:24.921+0000] {dag.py:3441} INFO - Setting next_dagrun for example_short_circuit_decorator to 2023-03-07T12:17:24.921264+00:00, run_after=2023-03-08T12:17:24.921264+00:00
[2023-03-08T12:17:24.950+0000] {processor.py:175} INFO - Processing /home/airflow/.local/lib/python3.7/site-packages/airflow/example_dags/example_short_circuit_decorator.py took 0.184 seconds
[2023-03-08T12:17:55.265+0000] {processor.py:153} INFO - Started process (PID=14853) to work on /home/airflow/.local/lib/python3.7/site-packages/airflow/example_dags/example_short_circuit_decorator.py
[2023-03-08T12:17:55.268+0000] {processor.py:743} INFO - Processing file /home/airflow/.local/lib/python3.7/site-packages/airflow/example_dags/example_short_circuit_decorator.py for tasks to queue
[2023-03-08T12:17:55.273+0000] {logging_mixin.py:137} INFO - [2023-03-08T12:17:55.273+0000] {dagbag.py:538} INFO - Filling up the DagBag from /home/airflow/.local/lib/python3.7/site-packages/airflow/example_dags/example_short_circuit_decorator.py
[2023-03-08T12:17:55.317+0000] {processor.py:753} INFO - DAG(s) dict_keys(['example_short_circuit_decorator']) retrieved from /home/airflow/.local/lib/python3.7/site-packages/airflow/example_dags/example_short_circuit_decorator.py
[2023-03-08T12:17:55.356+0000] {logging_mixin.py:137} INFO - [2023-03-08T12:17:55.356+0000] {dag.py:2690} INFO - Sync 1 DAGs
[2023-03-08T12:17:55.388+0000] {logging_mixin.py:137} INFO - [2023-03-08T12:17:55.388+0000] {dag.py:3441} INFO - Setting next_dagrun for example_short_circuit_decorator to 2023-03-07T12:17:55.388440+00:00, run_after=2023-03-08T12:17:55.388440+00:00
[2023-03-08T12:17:55.421+0000] {processor.py:175} INFO - Processing /home/airflow/.local/lib/python3.7/site-packages/airflow/example_dags/example_short_circuit_decorator.py took 0.168 seconds
