[2023-02-18 08:35:58,570] {taskinstance.py:1032} INFO - Dependencies all met for <TaskInstance: data_ingestion_gcs_dag.download_dataset_task manual__2023-02-18T08:30:41.032620+00:00 [queued]>
[2023-02-18 08:35:58,581] {taskinstance.py:1032} INFO - Dependencies all met for <TaskInstance: data_ingestion_gcs_dag.download_dataset_task manual__2023-02-18T08:30:41.032620+00:00 [queued]>
[2023-02-18 08:35:58,582] {taskinstance.py:1238} INFO - 
--------------------------------------------------------------------------------
[2023-02-18 08:35:58,583] {taskinstance.py:1239} INFO - Starting attempt 1 of 2
[2023-02-18 08:35:58,584] {taskinstance.py:1240} INFO - 
--------------------------------------------------------------------------------
[2023-02-18 08:35:58,596] {taskinstance.py:1259} INFO - Executing <Task(BashOperator): download_dataset_task> on 2023-02-18 08:30:41.032620+00:00
[2023-02-18 08:35:58,604] {standard_task_runner.py:52} INFO - Started process 3077 to run task
[2023-02-18 08:35:58,610] {standard_task_runner.py:76} INFO - Running: ['***', 'tasks', 'run', 'data_ingestion_gcs_dag', 'download_dataset_task', 'manual__2023-02-18T08:30:41.032620+00:00', '--job-id', '7', '--raw', '--subdir', 'DAGS_FOLDER/data_ingestion_gcs_dag.py', '--cfg-path', '/tmp/tmp82eqroa7', '--error-file', '/tmp/tmp798dh4v5']
[2023-02-18 08:35:58,612] {standard_task_runner.py:77} INFO - Job 7: Subtask download_dataset_task
[2023-02-18 08:35:58,674] {logging_mixin.py:109} INFO - Running <TaskInstance: data_ingestion_gcs_dag.download_dataset_task manual__2023-02-18T08:30:41.032620+00:00 [running]> on host 15476612e0ea
[2023-02-18 08:35:58,752] {taskinstance.py:1426} INFO - Exporting the following env vars:
AIRFLOW_CTX_DAG_OWNER=***
AIRFLOW_CTX_DAG_ID=data_ingestion_gcs_dag
AIRFLOW_CTX_TASK_ID=download_dataset_task
AIRFLOW_CTX_EXECUTION_DATE=2023-02-18T08:30:41.032620+00:00
AIRFLOW_CTX_DAG_RUN_ID=manual__2023-02-18T08:30:41.032620+00:00
[2023-02-18 08:35:58,758] {subprocess.py:62} INFO - Tmp dir root location: 
 /tmp
[2023-02-18 08:35:58,759] {subprocess.py:74} INFO - Running command: ['bash', '-c', 'curl -sSL https://s3.amazonaws.com/nyc-tlc/trip+data/yellow_tripdata_2021-01.csv > /opt/***/yellow_tripdata_2021-01.csv']
[2023-02-18 08:35:58,782] {subprocess.py:85} INFO - Output:
[2023-02-18 08:35:59,617] {subprocess.py:93} INFO - Command exited with return code 0
[2023-02-18 08:35:59,653] {taskinstance.py:1277} INFO - Marking task as SUCCESS. dag_id=data_ingestion_gcs_dag, task_id=download_dataset_task, execution_date=20230218T083041, start_date=20230218T083558, end_date=20230218T083559
[2023-02-18 08:35:59,715] {local_task_job.py:154} INFO - Task exited with return code 0
[2023-02-18 08:35:59,765] {local_task_job.py:264} INFO - 1 downstream tasks scheduled from follow-on schedule check
